[0.040s] Invoking command in '/home/ueshiba/ros2_ws/build/iiwa_description': PS1=\[\e]0;\u@\h: \w\a\]\h% /usr/bin/cmake /home/ueshiba/noetic/catkin_ws/src/artros/third_party/iiwa_stack/iiwa_description -DCATKIN_INSTALL_INTO_PREFIX_ROOT=0 -DCMAKE_INSTALL_PREFIX=/home/ueshiba/ros2_ws/install
[0.071s] -- The C compiler identification is GNU 11.4.0
[0.107s] -- The CXX compiler identification is GNU 11.4.0
[0.112s] -- Detecting C compiler ABI info
[0.159s] -- Detecting C compiler ABI info - done
[0.167s] -- Check for working C compiler: /usr/bin/cc - skipped
[0.167s] -- Detecting C compile features
[0.167s] -- Detecting C compile features - done
[0.170s] -- Detecting CXX compiler ABI info
[0.226s] -- Detecting CXX compiler ABI info - done
[0.235s] -- Check for working CXX compiler: /usr/bin/c++ - skipped
[0.235s] -- Detecting CXX compile features
[0.235s] -- Detecting CXX compile features - done
[0.244s] [31mCMake Error at CMakeLists.txt:4 (find_package):
[0.244s]   By not providing "Findcatkin.cmake" in CMAKE_MODULE_PATH this project has
[0.244s]   asked CMake to find a package configuration file provided by "catkin", but
[0.244s]   CMake did not find one.
[0.245s] 
[0.245s]   Could not find a package configuration file provided by "catkin" with any
[0.245s]   of the following names:
[0.245s] 
[0.245s]     catkinConfig.cmake
[0.245s]     catkin-config.cmake
[0.245s] 
[0.245s]   Add the installation prefix of "catkin" to CMAKE_PREFIX_PATH or set
[0.245s]   "catkin_DIR" to a directory containing one of the above files.  If "catkin"
[0.245s]   provides a separate development package or SDK, be sure it has been
[0.245s]   installed.
[0.245s] 
[0.245s] [0m
[0.245s] -- Configuring incomplete, errors occurred!
[0.245s] See also "/home/ueshiba/ros2_ws/build/iiwa_description/CMakeFiles/CMakeOutput.log".
