[0.022s] Invoking command in '/home/ueshiba/ros2_ws/build/realsense2_camera_msgs': CMAKE_PREFIX_PATH=${CMAKE_PREFIX_PATH}:/home/ueshiba/ros2_ws/install/rqt_reconfigure:/opt/ros/rolling PS1=\[\e]0;\u@\h: \w\a\]\h% /usr/bin/cmake /home/ueshiba/ros2_ws/src/artros/third_party/realsense-ros/realsense2_camera_msgs -DAMENT_CMAKE_SYMLINK_INSTALL=1 -DCMAKE_INSTALL_PREFIX=/home/ueshiba/ros2_ws/install/realsense2_camera_msgs
[0.176s] -- The C compiler identification is GNU 11.4.0
[0.176s] -- The CXX compiler identification is GNU 11.4.0
[0.176s] -- Detecting C compiler ABI info
[0.176s] -- Detecting C compiler ABI info - done
[0.176s] -- Check for working C compiler: /usr/bin/cc - skipped
[0.176s] -- Detecting C compile features
[0.176s] -- Detecting C compile features - done
[0.176s] -- Detecting CXX compiler ABI info
[0.194s] -- Detecting CXX compiler ABI info - done
[0.204s] -- Check for working CXX compiler: /usr/bin/c++ - skipped
[0.204s] -- Detecting CXX compile features
[0.204s] -- Detecting CXX compile features - done
[0.209s] -- Found ament_cmake: 2.3.2 (/opt/ros/rolling/share/ament_cmake/cmake)
[0.331s] -- Found Python3: /usr/bin/python3.10 (found version "3.10.12") found components: Interpreter 
[0.373s] -- Override CMake install command with custom implementation using symlinks instead of copying resources
[0.413s] -- Found rosidl_default_generators: 1.6.0 (/opt/ros/rolling/share/rosidl_default_generators/cmake)
[0.422s] -- Using all available rosidl_typesupport_c: rosidl_typesupport_fastrtps_c;rosidl_typesupport_introspection_c
[0.461s] -- Using all available rosidl_typesupport_cpp: rosidl_typesupport_fastrtps_cpp;rosidl_typesupport_introspection_cpp
[0.494s] -- Found rosidl_adapter: 4.5.1 (/opt/ros/rolling/share/rosidl_adapter/cmake)
[0.502s] -- Found builtin_interfaces: 2.0.1 (/opt/ros/rolling/share/builtin_interfaces/cmake)
[0.522s] -- Found std_msgs: 5.3.0 (/opt/ros/rolling/share/std_msgs/cmake)
[0.538s] -- Found sensor_msgs: 5.3.0 (/opt/ros/rolling/share/sensor_msgs/cmake)
[0.873s] -- Found ament_cmake_cppcheck: 0.16.3 (/opt/ros/rolling/share/ament_cmake_cppcheck/cmake)
[0.877s] -- Found ament_cmake_cpplint: 0.16.3 (/opt/ros/rolling/share/ament_cmake_cpplint/cmake)
[0.879s] -- Found ament_cmake_uncrustify: 0.16.3 (/opt/ros/rolling/share/ament_cmake_uncrustify/cmake)
[0.882s] -- Found ament_cmake_ros: 0.12.0 (/opt/ros/rolling/share/ament_cmake_ros/cmake)
[1.057s] -- Using all available rosidl_typesupport_c: rosidl_typesupport_fastrtps_c;rosidl_typesupport_introspection_c
[1.285s] -- Using all available rosidl_typesupport_cpp: rosidl_typesupport_fastrtps_cpp;rosidl_typesupport_introspection_cpp
[1.300s] -- Found PythonInterp: /usr/bin/python3 (found suitable version "3.10.12", minimum required is "3.6") 
[1.302s] -- Found python_cmake_module: 0.11.0 (/opt/ros/rolling/share/python_cmake_module/cmake)
[1.319s] -- Found PythonLibs: /usr/lib/x86_64-linux-gnu/libpython3.10.so (found suitable version "3.10.12", minimum required is "3.5") 
[1.319s] -- Using PYTHON_EXECUTABLE: /usr/bin/python3
[1.319s] -- Using PYTHON_INCLUDE_DIRS: /usr/include/python3.10
[1.319s] -- Using PYTHON_LIBRARIES: /usr/lib/x86_64-linux-gnu/libpython3.10.so
[1.332s] -- Found PythonExtra: .so  
[1.385s] -- Found ament_cmake_flake8: 0.16.3 (/opt/ros/rolling/share/ament_cmake_flake8/cmake)
[1.388s] -- Found ament_cmake_pep257: 0.16.3 (/opt/ros/rolling/share/ament_cmake_pep257/cmake)
[1.396s] -- Configuring done
[1.429s] -- Generating done
[1.430s] -- Build files have been written to: /home/ueshiba/ros2_ws/build/realsense2_camera_msgs
[1.438s] Invoked command in '/home/ueshiba/ros2_ws/build/realsense2_camera_msgs' returned '0': CMAKE_PREFIX_PATH=${CMAKE_PREFIX_PATH}:/home/ueshiba/ros2_ws/install/rqt_reconfigure:/opt/ros/rolling PS1=\[\e]0;\u@\h: \w\a\]\h% /usr/bin/cmake /home/ueshiba/ros2_ws/src/artros/third_party/realsense-ros/realsense2_camera_msgs -DAMENT_CMAKE_SYMLINK_INSTALL=1 -DCMAKE_INSTALL_PREFIX=/home/ueshiba/ros2_ws/install/realsense2_camera_msgs
[1.440s] Invoking command in '/home/ueshiba/ros2_ws/build/realsense2_camera_msgs': CMAKE_PREFIX_PATH=${CMAKE_PREFIX_PATH}:/home/ueshiba/ros2_ws/install/rqt_reconfigure:/opt/ros/rolling PS1=\[\e]0;\u@\h: \w\a\]\h% /usr/bin/cmake --build /home/ueshiba/ros2_ws/build/realsense2_camera_msgs -- -j24 -l24
[1.471s] [  1%] Built target realsense2_camera_msgs__rosidl_generator_type_description
[1.477s] [  1%] Built target ament_cmake_python_symlink_realsense2_camera_msgs
[1.481s] [35m[1mConsolidate compiler generated dependencies of target realsense2_camera_msgs__rosidl_generator_c[0m
[1.484s] [  2%] Built target realsense2_camera_msgs__cpp
[1.493s] [ 25%] Built target realsense2_camera_msgs__rosidl_generator_c
[1.500s] [35m[1mConsolidate compiler generated dependencies of target realsense2_camera_msgs__rosidl_typesupport_cpp[0m
[1.500s] [35m[1mConsolidate compiler generated dependencies of target realsense2_camera_msgs__rosidl_typesupport_fastrtps_c[0m
[1.502s] [35m[1mConsolidate compiler generated dependencies of target realsense2_camera_msgs__rosidl_typesupport_introspection_cpp[0m
[1.503s] [35m[1mConsolidate compiler generated dependencies of target realsense2_camera_msgs__rosidl_typesupport_c[0m
[1.504s] [35m[1mConsolidate compiler generated dependencies of target realsense2_camera_msgs__rosidl_typesupport_introspection_c[0m
[1.504s] [35m[1mConsolidate compiler generated dependencies of target realsense2_camera_msgs__rosidl_typesupport_fastrtps_cpp[0m
[1.511s] [ 35%] Built target realsense2_camera_msgs__rosidl_typesupport_cpp
[1.513s] [ 44%] Built target realsense2_camera_msgs__rosidl_typesupport_fastrtps_c
[1.516s] [ 54%] Built target realsense2_camera_msgs__rosidl_typesupport_c
[1.516s] [ 63%] Built target realsense2_camera_msgs__rosidl_typesupport_introspection_cpp
[1.516s] [ 72%] Built target realsense2_camera_msgs__rosidl_typesupport_introspection_c
[1.520s] [ 82%] Built target realsense2_camera_msgs__rosidl_typesupport_fastrtps_cpp
[1.533s] [ 82%] Built target realsense2_camera_msgs
[1.546s] [ 83%] Built target realsense2_camera_msgs__py
[1.553s] [35m[1mConsolidate compiler generated dependencies of target realsense2_camera_msgs__rosidl_generator_py[0m
[1.565s] [ 91%] Built target realsense2_camera_msgs__rosidl_generator_py
[1.571s] [35m[1mConsolidate compiler generated dependencies of target realsense2_camera_msgs__rosidl_typesupport_fastrtps_c__pyext[0m
[1.572s] [35m[1mConsolidate compiler generated dependencies of target realsense2_camera_msgs__rosidl_typesupport_c__pyext[0m
[1.573s] [35m[1mConsolidate compiler generated dependencies of target realsense2_camera_msgs__rosidl_typesupport_introspection_c__pyext[0m
[1.580s] [ 94%] Built target realsense2_camera_msgs__rosidl_typesupport_c__pyext
[1.581s] [ 97%] Built target realsense2_camera_msgs__rosidl_typesupport_fastrtps_c__pyext
[1.582s] [100%] Built target realsense2_camera_msgs__rosidl_typesupport_introspection_c__pyext
[1.622s] running egg_info
[1.622s] writing realsense2_camera_msgs.egg-info/PKG-INFO
[1.622s] writing dependency_links to realsense2_camera_msgs.egg-info/dependency_links.txt
[1.622s] writing top-level names to realsense2_camera_msgs.egg-info/top_level.txt
[1.623s] reading manifest file 'realsense2_camera_msgs.egg-info/SOURCES.txt'
[1.624s] writing manifest file 'realsense2_camera_msgs.egg-info/SOURCES.txt'
[1.639s] [100%] Built target ament_cmake_python_build_realsense2_camera_msgs_egg
[1.647s] Invoked command in '/home/ueshiba/ros2_ws/build/realsense2_camera_msgs' returned '0': CMAKE_PREFIX_PATH=${CMAKE_PREFIX_PATH}:/home/ueshiba/ros2_ws/install/rqt_reconfigure:/opt/ros/rolling PS1=\[\e]0;\u@\h: \w\a\]\h% /usr/bin/cmake --build /home/ueshiba/ros2_ws/build/realsense2_camera_msgs -- -j24 -l24
[1.783s] Invoking command in '/home/ueshiba/ros2_ws/build/realsense2_camera_msgs': CMAKE_PREFIX_PATH=${CMAKE_PREFIX_PATH}:/home/ueshiba/ros2_ws/install/rqt_reconfigure:/opt/ros/rolling PS1=\[\e]0;\u@\h: \w\a\]\h% /usr/bin/cmake --install /home/ueshiba/ros2_ws/build/realsense2_camera_msgs
[1.787s] -- Install configuration: ""
[1.788s] -- Execute custom install script
[1.788s] -- Up-to-date symlink: /home/ueshiba/ros2_ws/install/realsense2_camera_msgs/share/ament_index/resource_index/rosidl_interfaces/realsense2_camera_msgs
[1.788s] -- Up-to-date symlink: /home/ueshiba/ros2_ws/install/realsense2_camera_msgs/share/realsense2_camera_msgs/msg/IMUInfo.json
[1.788s] -- Up-to-date symlink: /home/ueshiba/ros2_ws/install/realsense2_camera_msgs/share/realsense2_camera_msgs/msg/Extrinsics.json
[1.789s] -- Up-to-date symlink: /home/ueshiba/ros2_ws/install/realsense2_camera_msgs/share/realsense2_camera_msgs/msg/Metadata.json
[1.789s] -- Up-to-date symlink: /home/ueshiba/ros2_ws/install/realsense2_camera_msgs/share/realsense2_camera_msgs/msg/RGBD.json
[1.789s] -- Up-to-date symlink: /home/ueshiba/ros2_ws/install/realsense2_camera_msgs/share/realsense2_camera_msgs/srv/DeviceInfo.json
[1.789s] -- Up-to-date symlink: /home/ueshiba/ros2_ws/install/realsense2_camera_msgs/include/realsense2_camera_msgs/realsense2_camera_msgs/msg/detail/extrinsics__functions.h
[1.789s] -- Up-to-date symlink: /home/ueshiba/ros2_ws/install/realsense2_camera_msgs/include/realsense2_camera_msgs/realsense2_camera_msgs/msg/detail/extrinsics__struct.h
[1.789s] -- Up-to-date symlink: /home/ueshiba/ros2_ws/install/realsense2_camera_msgs/include/realsense2_camera_msgs/realsense2_camera_msgs/msg/detail/extrinsics__type_support.h
[1.789s] -- Up-to-date symlink: /home/ueshiba/ros2_ws/install/realsense2_camera_msgs/include/realsense2_camera_msgs/realsense2_camera_msgs/msg/detail/imu_info__functions.h
[1.789s] -- Up-to-date symlink: /home/ueshiba/ros2_ws/install/realsense2_camera_msgs/include/realsense2_camera_msgs/realsense2_camera_msgs/msg/detail/imu_info__struct.h
[1.789s] -- Up-to-date symlink: /home/ueshiba/ros2_ws/install/realsense2_camera_msgs/include/realsense2_camera_msgs/realsense2_camera_msgs/msg/detail/imu_info__type_support.h
[1.789s] -- Up-to-date symlink: /home/ueshiba/ros2_ws/install/realsense2_camera_msgs/include/realsense2_camera_msgs/realsense2_camera_msgs/msg/detail/metadata__functions.h
[1.789s] -- Up-to-date symlink: /home/ueshiba/ros2_ws/install/realsense2_camera_msgs/include/realsense2_camera_msgs/realsense2_camera_msgs/msg/detail/metadata__struct.h
[1.789s] -- Up-to-date symlink: /home/ueshiba/ros2_ws/install/realsense2_camera_msgs/include/realsense2_camera_msgs/realsense2_camera_msgs/msg/detail/metadata__type_support.h
[1.789s] -- Up-to-date symlink: /home/ueshiba/ros2_ws/install/realsense2_camera_msgs/include/realsense2_camera_msgs/realsense2_camera_msgs/msg/detail/rgbd__functions.h
[1.789s] -- Up-to-date symlink: /home/ueshiba/ros2_ws/install/realsense2_camera_msgs/include/realsense2_camera_msgs/realsense2_camera_msgs/msg/detail/rgbd__struct.h
[1.789s] -- Up-to-date symlink: /home/ueshiba/ros2_ws/install/realsense2_camera_msgs/include/realsense2_camera_msgs/realsense2_camera_msgs/msg/detail/rgbd__type_support.h
[1.789s] -- Up-to-date symlink: /home/ueshiba/ros2_ws/install/realsense2_camera_msgs/include/realsense2_camera_msgs/realsense2_camera_msgs/msg/extrinsics.h
[1.789s] -- Up-to-date symlink: /home/ueshiba/ros2_ws/install/realsense2_camera_msgs/include/realsense2_camera_msgs/realsense2_camera_msgs/msg/imu_info.h
[1.789s] -- Up-to-date symlink: /home/ueshiba/ros2_ws/install/realsense2_camera_msgs/include/realsense2_camera_msgs/realsense2_camera_msgs/msg/metadata.h
[1.789s] -- Up-to-date symlink: /home/ueshiba/ros2_ws/install/realsense2_camera_msgs/include/realsense2_camera_msgs/realsense2_camera_msgs/msg/rgbd.h
[1.790s] -- Up-to-date symlink: /home/ueshiba/ros2_ws/install/realsense2_camera_msgs/include/realsense2_camera_msgs/realsense2_camera_msgs/msg/rosidl_generator_c__visibility_control.h
[1.790s] -- Up-to-date symlink: /home/ueshiba/ros2_ws/install/realsense2_camera_msgs/include/realsense2_camera_msgs/realsense2_camera_msgs/srv/detail/device_info__functions.h
[1.790s] -- Up-to-date symlink: /home/ueshiba/ros2_ws/install/realsense2_camera_msgs/include/realsense2_camera_msgs/realsense2_camera_msgs/srv/detail/device_info__struct.h
[1.790s] -- Up-to-date symlink: /home/ueshiba/ros2_ws/install/realsense2_camera_msgs/include/realsense2_camera_msgs/realsense2_camera_msgs/srv/detail/device_info__type_support.h
[1.790s] -- Up-to-date symlink: /home/ueshiba/ros2_ws/install/realsense2_camera_msgs/include/realsense2_camera_msgs/realsense2_camera_msgs/srv/device_info.h
[1.790s] -- Up-to-date symlink: /home/ueshiba/ros2_ws/install/realsense2_camera_msgs/share/realsense2_camera_msgs/environment/library_path.sh
[1.790s] -- Up-to-date symlink: /home/ueshiba/ros2_ws/install/realsense2_camera_msgs/share/realsense2_camera_msgs/environment/library_path.dsv
[1.790s] -- Up-to-date symlink: /home/ueshiba/ros2_ws/install/realsense2_camera_msgs/include/realsense2_camera_msgs/realsense2_camera_msgs/msg/detail/extrinsics__rosidl_typesupport_fastrtps_c.h
[1.790s] -- Up-to-date symlink: /home/ueshiba/ros2_ws/install/realsense2_camera_msgs/include/realsense2_camera_msgs/realsense2_camera_msgs/msg/detail/imu_info__rosidl_typesupport_fastrtps_c.h
[1.790s] -- Up-to-date symlink: /home/ueshiba/ros2_ws/install/realsense2_camera_msgs/include/realsense2_camera_msgs/realsense2_camera_msgs/msg/detail/metadata__rosidl_typesupport_fastrtps_c.h
[1.790s] -- Up-to-date symlink: /home/ueshiba/ros2_ws/install/realsense2_camera_msgs/include/realsense2_camera_msgs/realsense2_camera_msgs/msg/detail/rgbd__rosidl_typesupport_fastrtps_c.h
[1.790s] -- Up-to-date symlink: /home/ueshiba/ros2_ws/install/realsense2_camera_msgs/include/realsense2_camera_msgs/realsense2_camera_msgs/msg/rosidl_typesupport_fastrtps_c__visibility_control.h
[1.790s] -- Up-to-date symlink: /home/ueshiba/ros2_ws/install/realsense2_camera_msgs/include/realsense2_camera_msgs/realsense2_camera_msgs/srv/detail/device_info__rosidl_typesupport_fastrtps_c.h
[1.790s] -- Up-to-date symlink: /home/ueshiba/ros2_ws/install/realsense2_camera_msgs/include/realsense2_camera_msgs/realsense2_camera_msgs/msg/detail/extrinsics__rosidl_typesupport_introspection_c.h
[1.790s] -- Up-to-date symlink: /home/ueshiba/ros2_ws/install/realsense2_camera_msgs/include/realsense2_camera_msgs/realsense2_camera_msgs/msg/detail/imu_info__rosidl_typesupport_introspection_c.h
[1.791s] -- Up-to-date symlink: /home/ueshiba/ros2_ws/install/realsense2_camera_msgs/include/realsense2_camera_msgs/realsense2_camera_msgs/msg/detail/metadata__rosidl_typesupport_introspection_c.h
[1.791s] -- Up-to-date symlink: /home/ueshiba/ros2_ws/install/realsense2_camera_msgs/include/realsense2_camera_msgs/realsense2_camera_msgs/msg/detail/rgbd__rosidl_typesupport_introspection_c.h
[1.791s] -- Up-to-date symlink: /home/ueshiba/ros2_ws/install/realsense2_camera_msgs/include/realsense2_camera_msgs/realsense2_camera_msgs/msg/rosidl_typesupport_introspection_c__visibility_control.h
[1.791s] -- Up-to-date symlink: /home/ueshiba/ros2_ws/install/realsense2_camera_msgs/include/realsense2_camera_msgs/realsense2_camera_msgs/srv/detail/device_info__rosidl_typesupport_introspection_c.h
[1.791s] -- Up-to-date symlink: /home/ueshiba/ros2_ws/install/realsense2_camera_msgs/include/realsense2_camera_msgs/realsense2_camera_msgs/msg/detail/extrinsics__builder.hpp
[1.791s] -- Up-to-date symlink: /home/ueshiba/ros2_ws/install/realsense2_camera_msgs/include/realsense2_camera_msgs/realsense2_camera_msgs/msg/detail/extrinsics__struct.hpp
[1.791s] -- Up-to-date symlink: /home/ueshiba/ros2_ws/install/realsense2_camera_msgs/include/realsense2_camera_msgs/realsense2_camera_msgs/msg/detail/extrinsics__traits.hpp
[1.791s] -- Up-to-date symlink: /home/ueshiba/ros2_ws/install/realsense2_camera_msgs/include/realsense2_camera_msgs/realsense2_camera_msgs/msg/detail/extrinsics__type_support.hpp
[1.791s] -- Up-to-date symlink: /home/ueshiba/ros2_ws/install/realsense2_camera_msgs/include/realsense2_camera_msgs/realsense2_camera_msgs/msg/detail/imu_info__builder.hpp
[1.791s] -- Up-to-date symlink: /home/ueshiba/ros2_ws/install/realsense2_camera_msgs/include/realsense2_camera_msgs/realsense2_camera_msgs/msg/detail/imu_info__struct.hpp
[1.791s] -- Up-to-date symlink: /home/ueshiba/ros2_ws/install/realsense2_camera_msgs/include/realsense2_camera_msgs/realsense2_camera_msgs/msg/detail/imu_info__traits.hpp
[1.791s] -- Up-to-date symlink: /home/ueshiba/ros2_ws/install/realsense2_camera_msgs/include/realsense2_camera_msgs/realsense2_camera_msgs/msg/detail/imu_info__type_support.hpp
[1.792s] -- Up-to-date symlink: /home/ueshiba/ros2_ws/install/realsense2_camera_msgs/include/realsense2_camera_msgs/realsense2_camera_msgs/msg/detail/metadata__builder.hpp
[1.792s] -- Up-to-date symlink: /home/ueshiba/ros2_ws/install/realsense2_camera_msgs/include/realsense2_camera_msgs/realsense2_camera_msgs/msg/detail/metadata__struct.hpp
[1.792s] -- Up-to-date symlink: /home/ueshiba/ros2_ws/install/realsense2_camera_msgs/include/realsense2_camera_msgs/realsense2_camera_msgs/msg/detail/metadata__traits.hpp
[1.792s] -- Up-to-date symlink: /home/ueshiba/ros2_ws/install/realsense2_camera_msgs/include/realsense2_camera_msgs/realsense2_camera_msgs/msg/detail/metadata__type_support.hpp
[1.792s] -- Up-to-date symlink: /home/ueshiba/ros2_ws/install/realsense2_camera_msgs/include/realsense2_camera_msgs/realsense2_camera_msgs/msg/detail/rgbd__builder.hpp
[1.792s] -- Up-to-date symlink: /home/ueshiba/ros2_ws/install/realsense2_camera_msgs/include/realsense2_camera_msgs/realsense2_camera_msgs/msg/detail/rgbd__struct.hpp
[1.792s] -- Up-to-date symlink: /home/ueshiba/ros2_ws/install/realsense2_camera_msgs/include/realsense2_camera_msgs/realsense2_camera_msgs/msg/detail/rgbd__traits.hpp
[1.792s] -- Up-to-date symlink: /home/ueshiba/ros2_ws/install/realsense2_camera_msgs/include/realsense2_camera_msgs/realsense2_camera_msgs/msg/detail/rgbd__type_support.hpp
[1.792s] -- Up-to-date symlink: /home/ueshiba/ros2_ws/install/realsense2_camera_msgs/include/realsense2_camera_msgs/realsense2_camera_msgs/msg/extrinsics.hpp
[1.792s] -- Up-to-date symlink: /home/ueshiba/ros2_ws/install/realsense2_camera_msgs/include/realsense2_camera_msgs/realsense2_camera_msgs/msg/imu_info.hpp
[1.792s] -- Up-to-date symlink: /home/ueshiba/ros2_ws/install/realsense2_camera_msgs/include/realsense2_camera_msgs/realsense2_camera_msgs/msg/metadata.hpp
[1.792s] -- Up-to-date symlink: /home/ueshiba/ros2_ws/install/realsense2_camera_msgs/include/realsense2_camera_msgs/realsense2_camera_msgs/msg/rgbd.hpp
[1.792s] -- Up-to-date symlink: /home/ueshiba/ros2_ws/install/realsense2_camera_msgs/include/realsense2_camera_msgs/realsense2_camera_msgs/msg/rosidl_generator_cpp__visibility_control.hpp
[1.792s] -- Up-to-date symlink: /home/ueshiba/ros2_ws/install/realsense2_camera_msgs/include/realsense2_camera_msgs/realsense2_camera_msgs/srv/detail/device_info__builder.hpp
[1.792s] -- Up-to-date symlink: /home/ueshiba/ros2_ws/install/realsense2_camera_msgs/include/realsense2_camera_msgs/realsense2_camera_msgs/srv/detail/device_info__struct.hpp
[1.792s] -- Up-to-date symlink: /home/ueshiba/ros2_ws/install/realsense2_camera_msgs/include/realsense2_camera_msgs/realsense2_camera_msgs/srv/detail/device_info__traits.hpp
[1.792s] -- Up-to-date symlink: /home/ueshiba/ros2_ws/install/realsense2_camera_msgs/include/realsense2_camera_msgs/realsense2_camera_msgs/srv/detail/device_info__type_support.hpp
[1.792s] -- Up-to-date symlink: /home/ueshiba/ros2_ws/install/realsense2_camera_msgs/include/realsense2_camera_msgs/realsense2_camera_msgs/srv/device_info.hpp
[1.793s] -- Up-to-date symlink: /home/ueshiba/ros2_ws/install/realsense2_camera_msgs/include/realsense2_camera_msgs/realsense2_camera_msgs/msg/detail/extrinsics__rosidl_typesupport_fastrtps_cpp.hpp
[1.793s] -- Up-to-date symlink: /home/ueshiba/ros2_ws/install/realsense2_camera_msgs/include/realsense2_camera_msgs/realsense2_camera_msgs/msg/detail/imu_info__rosidl_typesupport_fastrtps_cpp.hpp
[1.793s] -- Up-to-date symlink: /home/ueshiba/ros2_ws/install/realsense2_camera_msgs/include/realsense2_camera_msgs/realsense2_camera_msgs/msg/detail/metadata__rosidl_typesupport_fastrtps_cpp.hpp
[1.793s] -- Up-to-date symlink: /home/ueshiba/ros2_ws/install/realsense2_camera_msgs/include/realsense2_camera_msgs/realsense2_camera_msgs/msg/detail/rgbd__rosidl_typesupport_fastrtps_cpp.hpp
[1.793s] -- Up-to-date symlink: /home/ueshiba/ros2_ws/install/realsense2_camera_msgs/include/realsense2_camera_msgs/realsense2_camera_msgs/msg/rosidl_typesupport_fastrtps_cpp__visibility_control.h
[1.793s] -- Up-to-date symlink: /home/ueshiba/ros2_ws/install/realsense2_camera_msgs/include/realsense2_camera_msgs/realsense2_camera_msgs/srv/detail/device_info__rosidl_typesupport_fastrtps_cpp.hpp
[1.793s] -- Up-to-date symlink: /home/ueshiba/ros2_ws/install/realsense2_camera_msgs/include/realsense2_camera_msgs/realsense2_camera_msgs/msg/detail/extrinsics__rosidl_typesupport_introspection_cpp.hpp
[1.793s] -- Up-to-date symlink: /home/ueshiba/ros2_ws/install/realsense2_camera_msgs/include/realsense2_camera_msgs/realsense2_camera_msgs/msg/detail/imu_info__rosidl_typesupport_introspection_cpp.hpp
[1.793s] -- Up-to-date symlink: /home/ueshiba/ros2_ws/install/realsense2_camera_msgs/include/realsense2_camera_msgs/realsense2_camera_msgs/msg/detail/metadata__rosidl_typesupport_introspection_cpp.hpp
[1.793s] -- Up-to-date symlink: /home/ueshiba/ros2_ws/install/realsense2_camera_msgs/include/realsense2_camera_msgs/realsense2_camera_msgs/msg/detail/rgbd__rosidl_typesupport_introspection_cpp.hpp
[1.793s] -- Up-to-date symlink: /home/ueshiba/ros2_ws/install/realsense2_camera_msgs/include/realsense2_camera_msgs/realsense2_camera_msgs/srv/detail/device_info__rosidl_typesupport_introspection_cpp.hpp
[1.793s] -- Up-to-date symlink: /home/ueshiba/ros2_ws/install/realsense2_camera_msgs/share/realsense2_camera_msgs/environment/pythonpath.sh
[1.793s] -- Up-to-date symlink: /home/ueshiba/ros2_ws/install/realsense2_camera_msgs/share/realsense2_camera_msgs/environment/pythonpath.dsv
[1.794s] -- Up-to-date symlink: /home/ueshiba/ros2_ws/install/realsense2_camera_msgs/lib/python3.10/site-packages/realsense2_camera_msgs-4.55.1-py3.10.egg-info/PKG-INFO
[1.795s] -- Up-to-date symlink: /home/ueshiba/ros2_ws/install/realsense2_camera_msgs/lib/python3.10/site-packages/realsense2_camera_msgs-4.55.1-py3.10.egg-info/SOURCES.txt
[1.795s] -- Up-to-date symlink: /home/ueshiba/ros2_ws/install/realsense2_camera_msgs/lib/python3.10/site-packages/realsense2_camera_msgs-4.55.1-py3.10.egg-info/dependency_links.txt
[1.795s] -- Up-to-date symlink: /home/ueshiba/ros2_ws/install/realsense2_camera_msgs/lib/python3.10/site-packages/realsense2_camera_msgs-4.55.1-py3.10.egg-info/top_level.txt
[1.795s] -- Up-to-date symlink: /home/ueshiba/ros2_ws/install/realsense2_camera_msgs/lib/python3.10/site-packages/realsense2_camera_msgs/__init__.py
[1.795s] -- Up-to-date symlink: /home/ueshiba/ros2_ws/install/realsense2_camera_msgs/lib/python3.10/site-packages/realsense2_camera_msgs/_realsense2_camera_msgs_s.ep.rosidl_typesupport_c.c
[1.795s] -- Up-to-date symlink: /home/ueshiba/ros2_ws/install/realsense2_camera_msgs/lib/python3.10/site-packages/realsense2_camera_msgs/_realsense2_camera_msgs_s.ep.rosidl_typesupport_fastrtps_c.c
[1.795s] -- Up-to-date symlink: /home/ueshiba/ros2_ws/install/realsense2_camera_msgs/lib/python3.10/site-packages/realsense2_camera_msgs/_realsense2_camera_msgs_s.ep.rosidl_typesupport_introspection_c.c
[1.795s] -- Up-to-date symlink: /home/ueshiba/ros2_ws/install/realsense2_camera_msgs/lib/python3.10/site-packages/realsense2_camera_msgs/msg/__init__.py
[1.795s] -- Up-to-date symlink: /home/ueshiba/ros2_ws/install/realsense2_camera_msgs/lib/python3.10/site-packages/realsense2_camera_msgs/msg/_extrinsics.py
[1.795s] -- Up-to-date symlink: /home/ueshiba/ros2_ws/install/realsense2_camera_msgs/lib/python3.10/site-packages/realsense2_camera_msgs/msg/_extrinsics_s.c
[1.795s] -- Up-to-date symlink: /home/ueshiba/ros2_ws/install/realsense2_camera_msgs/lib/python3.10/site-packages/realsense2_camera_msgs/msg/_imu_info.py
[1.795s] -- Up-to-date symlink: /home/ueshiba/ros2_ws/install/realsense2_camera_msgs/lib/python3.10/site-packages/realsense2_camera_msgs/msg/_imu_info_s.c
[1.795s] -- Up-to-date symlink: /home/ueshiba/ros2_ws/install/realsense2_camera_msgs/lib/python3.10/site-packages/realsense2_camera_msgs/msg/_metadata.py
[1.795s] -- Up-to-date symlink: /home/ueshiba/ros2_ws/install/realsense2_camera_msgs/lib/python3.10/site-packages/realsense2_camera_msgs/msg/_metadata_s.c
[1.795s] -- Up-to-date symlink: /home/ueshiba/ros2_ws/install/realsense2_camera_msgs/lib/python3.10/site-packages/realsense2_camera_msgs/msg/_rgbd.py
[1.795s] -- Up-to-date symlink: /home/ueshiba/ros2_ws/install/realsense2_camera_msgs/lib/python3.10/site-packages/realsense2_camera_msgs/msg/_rgbd_s.c
[1.795s] -- Up-to-date symlink: /home/ueshiba/ros2_ws/install/realsense2_camera_msgs/lib/python3.10/site-packages/realsense2_camera_msgs/srv/__init__.py
[1.795s] -- Up-to-date symlink: /home/ueshiba/ros2_ws/install/realsense2_camera_msgs/lib/python3.10/site-packages/realsense2_camera_msgs/srv/_device_info.py
[1.795s] -- Up-to-date symlink: /home/ueshiba/ros2_ws/install/realsense2_camera_msgs/lib/python3.10/site-packages/realsense2_camera_msgs/srv/_device_info_s.c
[1.795s] -- Up-to-date symlink: /home/ueshiba/ros2_ws/install/realsense2_camera_msgs/lib/python3.10/site-packages/realsense2_camera_msgs/realsense2_camera_msgs_s__rosidl_typesupport_fastrtps_c.cpython-310-x86_64-linux-gnu.so
[1.795s] -- Up-to-date symlink: /home/ueshiba/ros2_ws/install/realsense2_camera_msgs/lib/python3.10/site-packages/realsense2_camera_msgs/realsense2_camera_msgs_s__rosidl_typesupport_introspection_c.cpython-310-x86_64-linux-gnu.so
[1.795s] -- Up-to-date symlink: /home/ueshiba/ros2_ws/install/realsense2_camera_msgs/lib/python3.10/site-packages/realsense2_camera_msgs/realsense2_camera_msgs_s__rosidl_typesupport_c.cpython-310-x86_64-linux-gnu.so
[1.795s] -- Up-to-date symlink: /home/ueshiba/ros2_ws/install/realsense2_camera_msgs/share/realsense2_camera_msgs/msg/IMUInfo.idl
[1.798s] -- Up-to-date symlink: /home/ueshiba/ros2_ws/install/realsense2_camera_msgs/share/realsense2_camera_msgs/msg/Extrinsics.idl
[1.798s] -- Up-to-date symlink: /home/ueshiba/ros2_ws/install/realsense2_camera_msgs/share/realsense2_camera_msgs/msg/Metadata.idl
[1.798s] -- Up-to-date symlink: /home/ueshiba/ros2_ws/install/realsense2_camera_msgs/share/realsense2_camera_msgs/msg/RGBD.idl
[1.798s] -- Up-to-date symlink: /home/ueshiba/ros2_ws/install/realsense2_camera_msgs/share/realsense2_camera_msgs/srv/DeviceInfo.idl
[1.798s] -- Up-to-date symlink: /home/ueshiba/ros2_ws/install/realsense2_camera_msgs/share/realsense2_camera_msgs/msg/IMUInfo.msg
[1.798s] -- Up-to-date symlink: /home/ueshiba/ros2_ws/install/realsense2_camera_msgs/share/realsense2_camera_msgs/msg/Extrinsics.msg
[1.798s] -- Up-to-date symlink: /home/ueshiba/ros2_ws/install/realsense2_camera_msgs/share/realsense2_camera_msgs/msg/Metadata.msg
[1.798s] -- Up-to-date symlink: /home/ueshiba/ros2_ws/install/realsense2_camera_msgs/share/realsense2_camera_msgs/msg/RGBD.msg
[1.798s] -- Up-to-date symlink: /home/ueshiba/ros2_ws/install/realsense2_camera_msgs/share/realsense2_camera_msgs/srv/DeviceInfo.srv
[1.798s] -- Up-to-date symlink: /home/ueshiba/ros2_ws/install/realsense2_camera_msgs/share/ament_index/resource_index/package_run_dependencies/realsense2_camera_msgs
[1.798s] -- Up-to-date symlink: /home/ueshiba/ros2_ws/install/realsense2_camera_msgs/share/ament_index/resource_index/parent_prefix_path/realsense2_camera_msgs
[1.798s] -- Up-to-date symlink: /home/ueshiba/ros2_ws/install/realsense2_camera_msgs/share/realsense2_camera_msgs/environment/ament_prefix_path.sh
[1.798s] -- Up-to-date symlink: /home/ueshiba/ros2_ws/install/realsense2_camera_msgs/share/realsense2_camera_msgs/environment/ament_prefix_path.dsv
[1.798s] -- Up-to-date symlink: /home/ueshiba/ros2_ws/install/realsense2_camera_msgs/share/realsense2_camera_msgs/environment/path.sh
[1.798s] -- Up-to-date symlink: /home/ueshiba/ros2_ws/install/realsense2_camera_msgs/share/realsense2_camera_msgs/environment/path.dsv
[1.798s] -- Up-to-date symlink: /home/ueshiba/ros2_ws/install/realsense2_camera_msgs/share/realsense2_camera_msgs/local_setup.bash
[1.798s] -- Up-to-date symlink: /home/ueshiba/ros2_ws/install/realsense2_camera_msgs/share/realsense2_camera_msgs/local_setup.sh
[1.798s] -- Up-to-date symlink: /home/ueshiba/ros2_ws/install/realsense2_camera_msgs/share/realsense2_camera_msgs/local_setup.zsh
[1.798s] -- Up-to-date symlink: /home/ueshiba/ros2_ws/install/realsense2_camera_msgs/share/realsense2_camera_msgs/local_setup.dsv
[1.798s] -- Symlinking: /home/ueshiba/ros2_ws/install/realsense2_camera_msgs/share/realsense2_camera_msgs/package.dsv
[1.806s] -- Up-to-date symlink: /home/ueshiba/ros2_ws/install/realsense2_camera_msgs/share/ament_index/resource_index/packages/realsense2_camera_msgs
[1.806s] -- Up-to-date symlink: /home/ueshiba/ros2_ws/install/realsense2_camera_msgs/share/realsense2_camera_msgs/cmake/rosidl_cmake-extras.cmake
[1.806s] -- Up-to-date symlink: /home/ueshiba/ros2_ws/install/realsense2_camera_msgs/share/realsense2_camera_msgs/cmake/ament_cmake_export_dependencies-extras.cmake
[1.806s] -- Up-to-date symlink: /home/ueshiba/ros2_ws/install/realsense2_camera_msgs/share/realsense2_camera_msgs/cmake/ament_cmake_export_include_directories-extras.cmake
[1.806s] -- Up-to-date symlink: /home/ueshiba/ros2_ws/install/realsense2_camera_msgs/share/realsense2_camera_msgs/cmake/ament_cmake_export_libraries-extras.cmake
[1.806s] -- Up-to-date symlink: /home/ueshiba/ros2_ws/install/realsense2_camera_msgs/share/realsense2_camera_msgs/cmake/ament_cmake_export_targets-extras.cmake
[1.807s] -- Up-to-date symlink: /home/ueshiba/ros2_ws/install/realsense2_camera_msgs/share/realsense2_camera_msgs/cmake/rosidl_cmake_export_typesupport_targets-extras.cmake
[1.807s] -- Up-to-date symlink: /home/ueshiba/ros2_ws/install/realsense2_camera_msgs/share/realsense2_camera_msgs/cmake/rosidl_cmake_export_typesupport_libraries-extras.cmake
[1.807s] -- Up-to-date symlink: /home/ueshiba/ros2_ws/install/realsense2_camera_msgs/share/realsense2_camera_msgs/cmake/realsense2_camera_msgsConfig.cmake
[1.807s] -- Up-to-date symlink: /home/ueshiba/ros2_ws/install/realsense2_camera_msgs/share/realsense2_camera_msgs/cmake/realsense2_camera_msgsConfig-version.cmake
[1.807s] -- Up-to-date symlink: /home/ueshiba/ros2_ws/install/realsense2_camera_msgs/share/realsense2_camera_msgs/package.xml
[1.807s] -- Up-to-date: /home/ueshiba/ros2_ws/install/realsense2_camera_msgs/lib/librealsense2_camera_msgs__rosidl_generator_c.so
[1.807s] -- Up-to-date: /home/ueshiba/ros2_ws/install/realsense2_camera_msgs/lib/librealsense2_camera_msgs__rosidl_typesupport_fastrtps_c.so
[1.808s] -- Up-to-date: /home/ueshiba/ros2_ws/install/realsense2_camera_msgs/lib/librealsense2_camera_msgs__rosidl_typesupport_introspection_c.so
[1.808s] -- Up-to-date: /home/ueshiba/ros2_ws/install/realsense2_camera_msgs/lib/librealsense2_camera_msgs__rosidl_typesupport_c.so
[1.808s] -- Up-to-date: /home/ueshiba/ros2_ws/install/realsense2_camera_msgs/lib/librealsense2_camera_msgs__rosidl_typesupport_fastrtps_cpp.so
[1.808s] -- Up-to-date: /home/ueshiba/ros2_ws/install/realsense2_camera_msgs/lib/librealsense2_camera_msgs__rosidl_typesupport_introspection_cpp.so
[1.808s] -- Up-to-date: /home/ueshiba/ros2_ws/install/realsense2_camera_msgs/lib/librealsense2_camera_msgs__rosidl_typesupport_cpp.so
[1.827s] Listing '/home/ueshiba/ros2_ws/install/realsense2_camera_msgs/lib/python3.10/site-packages/realsense2_camera_msgs'...
[1.827s] Compiling '/home/ueshiba/ros2_ws/install/realsense2_camera_msgs/lib/python3.10/site-packages/realsense2_camera_msgs/__init__.py'...
[1.827s] Listing '/home/ueshiba/ros2_ws/install/realsense2_camera_msgs/lib/python3.10/site-packages/realsense2_camera_msgs/msg'...
[1.827s] Listing '/home/ueshiba/ros2_ws/install/realsense2_camera_msgs/lib/python3.10/site-packages/realsense2_camera_msgs/srv'...
[1.829s] -- Up-to-date: /home/ueshiba/ros2_ws/install/realsense2_camera_msgs/lib/librealsense2_camera_msgs__rosidl_generator_py.so
[1.829s] -- Up-to-date: /home/ueshiba/ros2_ws/install/realsense2_camera_msgs/share/realsense2_camera_msgs/cmake/export_realsense2_camera_msgs__rosidl_generator_cExport.cmake
[1.830s] -- Up-to-date: /home/ueshiba/ros2_ws/install/realsense2_camera_msgs/share/realsense2_camera_msgs/cmake/export_realsense2_camera_msgs__rosidl_generator_cExport-noconfig.cmake
[1.830s] -- Up-to-date: /home/ueshiba/ros2_ws/install/realsense2_camera_msgs/share/realsense2_camera_msgs/cmake/export_realsense2_camera_msgs__rosidl_typesupport_fastrtps_cExport.cmake
[1.830s] -- Up-to-date: /home/ueshiba/ros2_ws/install/realsense2_camera_msgs/share/realsense2_camera_msgs/cmake/export_realsense2_camera_msgs__rosidl_typesupport_fastrtps_cExport-noconfig.cmake
[1.830s] -- Up-to-date: /home/ueshiba/ros2_ws/install/realsense2_camera_msgs/share/realsense2_camera_msgs/cmake/realsense2_camera_msgs__rosidl_typesupport_introspection_cExport.cmake
[1.831s] -- Up-to-date: /home/ueshiba/ros2_ws/install/realsense2_camera_msgs/share/realsense2_camera_msgs/cmake/realsense2_camera_msgs__rosidl_typesupport_introspection_cExport-noconfig.cmake
[1.831s] -- Up-to-date: /home/ueshiba/ros2_ws/install/realsense2_camera_msgs/share/realsense2_camera_msgs/cmake/realsense2_camera_msgs__rosidl_typesupport_cExport.cmake
[1.831s] -- Up-to-date: /home/ueshiba/ros2_ws/install/realsense2_camera_msgs/share/realsense2_camera_msgs/cmake/realsense2_camera_msgs__rosidl_typesupport_cExport-noconfig.cmake
[1.831s] -- Up-to-date: /home/ueshiba/ros2_ws/install/realsense2_camera_msgs/share/realsense2_camera_msgs/cmake/export_realsense2_camera_msgs__rosidl_generator_cppExport.cmake
[1.831s] -- Up-to-date: /home/ueshiba/ros2_ws/install/realsense2_camera_msgs/share/realsense2_camera_msgs/cmake/export_realsense2_camera_msgs__rosidl_typesupport_fastrtps_cppExport.cmake
[1.831s] -- Up-to-date: /home/ueshiba/ros2_ws/install/realsense2_camera_msgs/share/realsense2_camera_msgs/cmake/export_realsense2_camera_msgs__rosidl_typesupport_fastrtps_cppExport-noconfig.cmake
[1.831s] -- Up-to-date: /home/ueshiba/ros2_ws/install/realsense2_camera_msgs/share/realsense2_camera_msgs/cmake/realsense2_camera_msgs__rosidl_typesupport_introspection_cppExport.cmake
[1.831s] -- Up-to-date: /home/ueshiba/ros2_ws/install/realsense2_camera_msgs/share/realsense2_camera_msgs/cmake/realsense2_camera_msgs__rosidl_typesupport_introspection_cppExport-noconfig.cmake
[1.831s] -- Up-to-date: /home/ueshiba/ros2_ws/install/realsense2_camera_msgs/share/realsense2_camera_msgs/cmake/realsense2_camera_msgs__rosidl_typesupport_cppExport.cmake
[1.831s] -- Up-to-date: /home/ueshiba/ros2_ws/install/realsense2_camera_msgs/share/realsense2_camera_msgs/cmake/realsense2_camera_msgs__rosidl_typesupport_cppExport-noconfig.cmake
[1.831s] -- Up-to-date: /home/ueshiba/ros2_ws/install/realsense2_camera_msgs/share/realsense2_camera_msgs/cmake/export_realsense2_camera_msgs__rosidl_generator_pyExport.cmake
[1.831s] -- Up-to-date: /home/ueshiba/ros2_ws/install/realsense2_camera_msgs/share/realsense2_camera_msgs/cmake/export_realsense2_camera_msgs__rosidl_generator_pyExport-noconfig.cmake
[1.858s] Invoked command in '/home/ueshiba/ros2_ws/build/realsense2_camera_msgs' returned '0': CMAKE_PREFIX_PATH=${CMAKE_PREFIX_PATH}:/home/ueshiba/ros2_ws/install/rqt_reconfigure:/opt/ros/rolling PS1=\[\e]0;\u@\h: \w\a\]\h% /usr/bin/cmake --install /home/ueshiba/ros2_ws/build/realsense2_camera_msgs
