[0.040s] Invoking command in '/home/ueshiba/ros2_ws/build/ur_dashboard_msgs': PS1=\[\e]0;\u@\h: \w\a\]\h% /usr/bin/cmake /home/ueshiba/noetic/catkin_ws/src/artros/third_party/ur_robot_driver/ur_dashboard_msgs -DCATKIN_INSTALL_INTO_PREFIX_ROOT=0 -DCMAKE_INSTALL_PREFIX=/home/ueshiba/ros2_ws/install
[0.071s] -- The C compiler identification is GNU 11.4.0
[0.117s] -- The CXX compiler identification is GNU 11.4.0
[0.124s] -- Detecting C compiler ABI info
[0.168s] -- Detecting C compiler ABI info - done
[0.178s] -- Check for working C compiler: /usr/bin/cc - skipped
[0.178s] -- Detecting C compile features
[0.179s] -- Detecting C compile features - done
[0.182s] -- Detecting CXX compiler ABI info
[0.246s] -- Detecting CXX compiler ABI info - done
[0.251s] -- Check for working CXX compiler: /usr/bin/c++ - skipped
[0.251s] -- Detecting CXX compile features
[0.251s] -- Detecting CXX compile features - done
[0.257s] -- Configuring incomplete, errors occurred!
[0.257s] See also "/home/ueshiba/ros2_ws/build/ur_dashboard_msgs/CMakeFiles/CMakeOutput.log".
[0.257s] [31mCMake Error at CMakeLists.txt:7 (find_package):
[0.257s]   By not providing "Findcatkin.cmake" in CMAKE_MODULE_PATH this project has
[0.257s]   asked CMake to find a package configuration file provided by "catkin", but
[0.257s]   CMake did not find one.
[0.257s] 
[0.257s]   Could not find a package configuration file provided by "catkin" with any
[0.257s]   of the following names:
[0.257s] 
[0.257s]     catkinConfig.cmake
[0.257s]     catkin-config.cmake
[0.257s] 
[0.257s]   Add the installation prefix of "catkin" to CMAKE_PREFIX_PATH or set
[0.257s]   "catkin_DIR" to a directory containing one of the above files.  If "catkin"
[0.257s]   provides a separate development package or SDK, be sure it has been
[0.257s]   installed.
[0.257s] 
[0.257s] [0m
