[0.036s] Invoking command in '/home/ueshiba/ros2_ws/build/aist_description': PS1=\[\e]0;\u@\h: \w\a\]\h% /usr/bin/cmake /home/ueshiba/noetic/catkin_ws/src/artros/aist_description -DCATKIN_INSTALL_INTO_PREFIX_ROOT=0 -DCMAKE_INSTALL_PREFIX=/home/ueshiba/ros2_ws/install
[0.075s] [0mCMake Deprecation Warning at CMakeLists.txt:1 (cmake_minimum_required):
[0.075s]   Compatibility with CMake < 2.8.12 will be removed from a future version of
[0.075s]   CMake.
[0.075s] 
[0.075s]   Update the VERSION argument <min> value or use a ...<max> suffix to tell
[0.075s]   CMake that the project does not need compatibility with older versions.
[0.075s] 
[0.075s] [0m
[0.079s] -- The C compiler identification is GNU 11.4.0
[0.129s] -- The CXX compiler identification is GNU 11.4.0
[0.136s] -- Detecting C compiler ABI info
[0.189s] -- Detecting C compiler ABI info - done
[0.198s] -- Check for working C compiler: /usr/bin/cc - skipped
[0.198s] -- Detecting C compile features
[0.199s] -- Detecting C compile features - done
[0.202s] -- Detecting CXX compiler ABI info
[0.257s] -- Detecting CXX compiler ABI info - done
[0.266s] -- Check for working CXX compiler: /usr/bin/c++ - skipped
[0.266s] -- Detecting CXX compile features
[0.266s] -- Detecting CXX compile features - done
[0.272s] -- Configuring incomplete, errors occurred!
[0.272s] See also "/home/ueshiba/ros2_ws/build/aist_description/CMakeFiles/CMakeOutput.log".
[0.272s] [31mCMake Error at CMakeLists.txt:4 (find_package):
[0.272s]   By not providing "Findcatkin.cmake" in CMAKE_MODULE_PATH this project has
[0.272s]   asked CMake to find a package configuration file provided by "catkin", but
[0.272s]   CMake did not find one.
[0.272s] 
[0.272s]   Could not find a package configuration file provided by "catkin" with any
[0.273s]   of the following names:
[0.273s] 
[0.273s]     catkinConfig.cmake
[0.273s]     catkin-config.cmake
[0.273s] 
[0.273s]   Add the installation prefix of "catkin" to CMAKE_PREFIX_PATH or set
[0.273s]   "catkin_DIR" to a directory containing one of the above files.  If "catkin"
[0.273s]   provides a separate development package or SDK, be sure it has been
[0.273s]   installed.
[0.273s] 
[0.273s] [0m
