[0.019s] Invoking command in '/home/ueshiba/ros2_ws/build/aruco_msgs': CMAKE_PREFIX_PATH=${CMAKE_PREFIX_PATH}:/home/ueshiba/ros2_ws/install/rqt_reconfigure:/opt/ros/rolling PS1=\[\e]0;\u@\h: \w\a\]\h% /usr/bin/cmake /home/ueshiba/ros2_ws/src/artros/third_party/aruco_ros/aruco_msgs -DAMENT_CMAKE_SYMLINK_INSTALL=1 -DCMAKE_INSTALL_PREFIX=/home/ueshiba/ros2_ws/install/aruco_msgs
[0.170s] -- The C compiler identification is GNU 11.4.0
[0.170s] -- The CXX compiler identification is GNU 11.4.0
[0.170s] -- Detecting C compiler ABI info
[0.170s] -- Detecting C compiler ABI info - done
[0.170s] -- Check for working C compiler: /usr/bin/cc - skipped
[0.170s] -- Detecting C compile features
[0.170s] -- Detecting C compile features - done
[0.170s] -- Detecting CXX compiler ABI info
[0.195s] -- Detecting CXX compiler ABI info - done
[0.202s] -- Check for working CXX compiler: /usr/bin/c++ - skipped
[0.202s] -- Detecting CXX compile features
[0.202s] -- Detecting CXX compile features - done
[0.204s] -- Found ament_cmake: 2.3.2 (/opt/ros/rolling/share/ament_cmake/cmake)
[0.330s] -- Found Python3: /usr/bin/python3.10 (found version "3.10.12") found components: Interpreter 
[0.369s] -- Override CMake install command with custom implementation using symlinks instead of copying resources
[0.413s] -- Found std_msgs: 5.3.0 (/opt/ros/rolling/share/std_msgs/cmake)
[0.459s] -- Found rosidl_generator_c: 4.5.1 (/opt/ros/rolling/share/rosidl_generator_c/cmake)
[0.469s] -- Found rosidl_generator_cpp: 4.5.1 (/opt/ros/rolling/share/rosidl_generator_cpp/cmake)
[0.496s] -- Using all available rosidl_typesupport_c: rosidl_typesupport_fastrtps_c;rosidl_typesupport_introspection_c
[0.522s] -- Using all available rosidl_typesupport_cpp: rosidl_typesupport_fastrtps_cpp;rosidl_typesupport_introspection_cpp
[0.542s] -- Found geometry_msgs: 5.3.0 (/opt/ros/rolling/share/geometry_msgs/cmake)
[0.567s] -- Found rosidl_default_generators: 1.6.0 (/opt/ros/rolling/share/rosidl_default_generators/cmake)
[0.578s] -- Found rosidl_adapter: 4.5.1 (/opt/ros/rolling/share/rosidl_adapter/cmake)
[0.837s] -- Found ament_cmake_ros: 0.12.0 (/opt/ros/rolling/share/ament_cmake_ros/cmake)
[1.128s] -- Using all available rosidl_typesupport_c: rosidl_typesupport_fastrtps_c;rosidl_typesupport_introspection_c
[1.224s] -- Using all available rosidl_typesupport_cpp: rosidl_typesupport_fastrtps_cpp;rosidl_typesupport_introspection_cpp
[1.239s] -- Found PythonInterp: /usr/bin/python3 (found suitable version "3.10.12", minimum required is "3.6") 
[1.240s] -- Found python_cmake_module: 0.11.0 (/opt/ros/rolling/share/python_cmake_module/cmake)
[1.256s] -- Found PythonLibs: /usr/lib/x86_64-linux-gnu/libpython3.10.so (found suitable version "3.10.12", minimum required is "3.5") 
[1.256s] -- Using PYTHON_EXECUTABLE: /usr/bin/python3
[1.256s] -- Using PYTHON_INCLUDE_DIRS: /usr/include/python3.10
[1.256s] -- Using PYTHON_LIBRARIES: /usr/lib/x86_64-linux-gnu/libpython3.10.so
[1.270s] -- Found PythonExtra: .so  
[1.316s] -- Found ament_lint_auto: 0.16.3 (/opt/ros/rolling/share/ament_lint_auto/cmake)
[1.337s] -- Added test 'copyright' to check source files copyright and LICENSE
[1.338s] -- Added test 'lint_cmake' to check CMake code style
[1.339s] -- Added test 'xmllint' to check XML markup files
[1.342s] -- Configuring done
[1.375s] -- Generating done
[1.377s] -- Build files have been written to: /home/ueshiba/ros2_ws/build/aruco_msgs
[1.384s] Invoked command in '/home/ueshiba/ros2_ws/build/aruco_msgs' returned '0': CMAKE_PREFIX_PATH=${CMAKE_PREFIX_PATH}:/home/ueshiba/ros2_ws/install/rqt_reconfigure:/opt/ros/rolling PS1=\[\e]0;\u@\h: \w\a\]\h% /usr/bin/cmake /home/ueshiba/ros2_ws/src/artros/third_party/aruco_ros/aruco_msgs -DAMENT_CMAKE_SYMLINK_INSTALL=1 -DCMAKE_INSTALL_PREFIX=/home/ueshiba/ros2_ws/install/aruco_msgs
[1.385s] Invoking command in '/home/ueshiba/ros2_ws/build/aruco_msgs': CMAKE_PREFIX_PATH=${CMAKE_PREFIX_PATH}:/home/ueshiba/ros2_ws/install/rqt_reconfigure:/opt/ros/rolling PS1=\[\e]0;\u@\h: \w\a\]\h% /usr/bin/cmake --build /home/ueshiba/ros2_ws/build/aruco_msgs -- -j24 -l24
[1.416s] [  2%] Built target aruco_msgs__rosidl_generator_type_description
[1.423s] [  2%] Built target ament_cmake_python_symlink_aruco_msgs
[1.424s] [35m[1mConsolidate compiler generated dependencies of target aruco_msgs__rosidl_generator_c[0m
[1.432s] [  4%] Built target aruco_msgs__cpp
[1.433s] [ 22%] Built target aruco_msgs__rosidl_generator_c
[1.439s] [35m[1mConsolidate compiler generated dependencies of target aruco_msgs__rosidl_typesupport_cpp[0m
[1.439s] [35m[1mConsolidate compiler generated dependencies of target aruco_msgs__rosidl_typesupport_introspection_c[0m
[1.440s] [35m[1mConsolidate compiler generated dependencies of target aruco_msgs__rosidl_typesupport_fastrtps_c[0m
[1.442s] [35m[1mConsolidate compiler generated dependencies of target aruco_msgs__rosidl_typesupport_fastrtps_cpp[0m
[1.443s] [35m[1mConsolidate compiler generated dependencies of target aruco_msgs__rosidl_typesupport_c[0m
[1.443s] [35m[1mConsolidate compiler generated dependencies of target aruco_msgs__rosidl_typesupport_introspection_cpp[0m
[1.447s] [ 36%] Built target aruco_msgs__rosidl_typesupport_cpp
[1.447s] [ 40%] Built target aruco_msgs__rosidl_typesupport_introspection_c
[1.449s] [ 50%] Built target aruco_msgs__rosidl_typesupport_fastrtps_c
[1.452s] [ 59%] Built target aruco_msgs__rosidl_typesupport_c
[1.453s] [ 68%] Built target aruco_msgs__rosidl_typesupport_fastrtps_cpp
[1.454s] [ 77%] Built target aruco_msgs__rosidl_typesupport_introspection_cpp
[1.466s] [ 77%] Built target aruco_msgs
[1.479s] [ 79%] Built target aruco_msgs__py
[1.486s] [35m[1mConsolidate compiler generated dependencies of target aruco_msgs__rosidl_generator_py[0m
[1.495s] [ 86%] Built target aruco_msgs__rosidl_generator_py
[1.502s] [35m[1mConsolidate compiler generated dependencies of target aruco_msgs__rosidl_typesupport_fastrtps_c__pyext[0m
[1.503s] [35m[1mConsolidate compiler generated dependencies of target aruco_msgs__rosidl_typesupport_c__pyext[0m
[1.503s] [35m[1mConsolidate compiler generated dependencies of target aruco_msgs__rosidl_typesupport_introspection_c__pyext[0m
[1.510s] [ 90%] Built target aruco_msgs__rosidl_typesupport_fastrtps_c__pyext
[1.511s] [ 97%] Built target aruco_msgs__rosidl_typesupport_c__pyext
[1.511s] [100%] Built target aruco_msgs__rosidl_typesupport_introspection_c__pyext
[1.567s] running egg_info
[1.567s] writing aruco_msgs.egg-info/PKG-INFO
[1.568s] writing dependency_links to aruco_msgs.egg-info/dependency_links.txt
[1.568s] writing top-level names to aruco_msgs.egg-info/top_level.txt
[1.569s] reading manifest file 'aruco_msgs.egg-info/SOURCES.txt'
[1.569s] writing manifest file 'aruco_msgs.egg-info/SOURCES.txt'
[1.586s] [100%] Built target ament_cmake_python_build_aruco_msgs_egg
[1.595s] Invoked command in '/home/ueshiba/ros2_ws/build/aruco_msgs' returned '0': CMAKE_PREFIX_PATH=${CMAKE_PREFIX_PATH}:/home/ueshiba/ros2_ws/install/rqt_reconfigure:/opt/ros/rolling PS1=\[\e]0;\u@\h: \w\a\]\h% /usr/bin/cmake --build /home/ueshiba/ros2_ws/build/aruco_msgs -- -j24 -l24
[1.654s] Invoking command in '/home/ueshiba/ros2_ws/build/aruco_msgs': CMAKE_PREFIX_PATH=${CMAKE_PREFIX_PATH}:/home/ueshiba/ros2_ws/install/rqt_reconfigure:/opt/ros/rolling PS1=\[\e]0;\u@\h: \w\a\]\h% /usr/bin/cmake --install /home/ueshiba/ros2_ws/build/aruco_msgs
[1.659s] -- Install configuration: ""
[1.659s] -- Execute custom install script
[1.659s] -- Up-to-date symlink: /home/ueshiba/ros2_ws/install/aruco_msgs/share/ament_index/resource_index/rosidl_interfaces/aruco_msgs
[1.660s] -- Up-to-date symlink: /home/ueshiba/ros2_ws/install/aruco_msgs/share/aruco_msgs/msg/Marker.json
[1.660s] -- Up-to-date symlink: /home/ueshiba/ros2_ws/install/aruco_msgs/share/aruco_msgs/msg/MarkerArray.json
[1.660s] -- Up-to-date symlink: /home/ueshiba/ros2_ws/install/aruco_msgs/include/aruco_msgs/aruco_msgs/msg/detail/marker__functions.h
[1.660s] -- Up-to-date symlink: /home/ueshiba/ros2_ws/install/aruco_msgs/include/aruco_msgs/aruco_msgs/msg/detail/marker__struct.h
[1.661s] -- Up-to-date symlink: /home/ueshiba/ros2_ws/install/aruco_msgs/include/aruco_msgs/aruco_msgs/msg/detail/marker__type_support.h
[1.661s] -- Up-to-date symlink: /home/ueshiba/ros2_ws/install/aruco_msgs/include/aruco_msgs/aruco_msgs/msg/detail/marker_array__functions.h
[1.661s] -- Up-to-date symlink: /home/ueshiba/ros2_ws/install/aruco_msgs/include/aruco_msgs/aruco_msgs/msg/detail/marker_array__struct.h
[1.661s] -- Up-to-date symlink: /home/ueshiba/ros2_ws/install/aruco_msgs/include/aruco_msgs/aruco_msgs/msg/detail/marker_array__type_support.h
[1.661s] -- Up-to-date symlink: /home/ueshiba/ros2_ws/install/aruco_msgs/include/aruco_msgs/aruco_msgs/msg/marker.h
[1.661s] -- Up-to-date symlink: /home/ueshiba/ros2_ws/install/aruco_msgs/include/aruco_msgs/aruco_msgs/msg/marker_array.h
[1.661s] -- Up-to-date symlink: /home/ueshiba/ros2_ws/install/aruco_msgs/include/aruco_msgs/aruco_msgs/msg/rosidl_generator_c__visibility_control.h
[1.661s] -- Up-to-date symlink: /home/ueshiba/ros2_ws/install/aruco_msgs/share/aruco_msgs/environment/library_path.sh
[1.661s] -- Up-to-date symlink: /home/ueshiba/ros2_ws/install/aruco_msgs/share/aruco_msgs/environment/library_path.dsv
[1.661s] -- Up-to-date symlink: /home/ueshiba/ros2_ws/install/aruco_msgs/include/aruco_msgs/aruco_msgs/msg/detail/marker__rosidl_typesupport_fastrtps_c.h
[1.661s] -- Up-to-date symlink: /home/ueshiba/ros2_ws/install/aruco_msgs/include/aruco_msgs/aruco_msgs/msg/detail/marker_array__rosidl_typesupport_fastrtps_c.h
[1.661s] -- Up-to-date symlink: /home/ueshiba/ros2_ws/install/aruco_msgs/include/aruco_msgs/aruco_msgs/msg/rosidl_typesupport_fastrtps_c__visibility_control.h
[1.661s] -- Up-to-date symlink: /home/ueshiba/ros2_ws/install/aruco_msgs/include/aruco_msgs/aruco_msgs/msg/detail/marker__builder.hpp
[1.661s] -- Up-to-date symlink: /home/ueshiba/ros2_ws/install/aruco_msgs/include/aruco_msgs/aruco_msgs/msg/detail/marker__struct.hpp
[1.661s] -- Up-to-date symlink: /home/ueshiba/ros2_ws/install/aruco_msgs/include/aruco_msgs/aruco_msgs/msg/detail/marker__traits.hpp
[1.661s] -- Up-to-date symlink: /home/ueshiba/ros2_ws/install/aruco_msgs/include/aruco_msgs/aruco_msgs/msg/detail/marker__type_support.hpp
[1.661s] -- Up-to-date symlink: /home/ueshiba/ros2_ws/install/aruco_msgs/include/aruco_msgs/aruco_msgs/msg/detail/marker_array__builder.hpp
[1.661s] -- Up-to-date symlink: /home/ueshiba/ros2_ws/install/aruco_msgs/include/aruco_msgs/aruco_msgs/msg/detail/marker_array__struct.hpp
[1.661s] -- Up-to-date symlink: /home/ueshiba/ros2_ws/install/aruco_msgs/include/aruco_msgs/aruco_msgs/msg/detail/marker_array__traits.hpp
[1.661s] -- Up-to-date symlink: /home/ueshiba/ros2_ws/install/aruco_msgs/include/aruco_msgs/aruco_msgs/msg/detail/marker_array__type_support.hpp
[1.661s] -- Up-to-date symlink: /home/ueshiba/ros2_ws/install/aruco_msgs/include/aruco_msgs/aruco_msgs/msg/marker.hpp
[1.661s] -- Up-to-date symlink: /home/ueshiba/ros2_ws/install/aruco_msgs/include/aruco_msgs/aruco_msgs/msg/marker_array.hpp
[1.661s] -- Up-to-date symlink: /home/ueshiba/ros2_ws/install/aruco_msgs/include/aruco_msgs/aruco_msgs/msg/rosidl_generator_cpp__visibility_control.hpp
[1.662s] -- Up-to-date symlink: /home/ueshiba/ros2_ws/install/aruco_msgs/include/aruco_msgs/aruco_msgs/msg/detail/marker__rosidl_typesupport_fastrtps_cpp.hpp
[1.662s] -- Up-to-date symlink: /home/ueshiba/ros2_ws/install/aruco_msgs/include/aruco_msgs/aruco_msgs/msg/detail/marker_array__rosidl_typesupport_fastrtps_cpp.hpp
[1.662s] -- Up-to-date symlink: /home/ueshiba/ros2_ws/install/aruco_msgs/include/aruco_msgs/aruco_msgs/msg/rosidl_typesupport_fastrtps_cpp__visibility_control.h
[1.662s] -- Up-to-date symlink: /home/ueshiba/ros2_ws/install/aruco_msgs/include/aruco_msgs/aruco_msgs/msg/detail/marker__rosidl_typesupport_introspection_c.h
[1.662s] -- Up-to-date symlink: /home/ueshiba/ros2_ws/install/aruco_msgs/include/aruco_msgs/aruco_msgs/msg/detail/marker_array__rosidl_typesupport_introspection_c.h
[1.662s] -- Up-to-date symlink: /home/ueshiba/ros2_ws/install/aruco_msgs/include/aruco_msgs/aruco_msgs/msg/rosidl_typesupport_introspection_c__visibility_control.h
[1.662s] -- Up-to-date symlink: /home/ueshiba/ros2_ws/install/aruco_msgs/include/aruco_msgs/aruco_msgs/msg/detail/marker__rosidl_typesupport_introspection_cpp.hpp
[1.662s] -- Up-to-date symlink: /home/ueshiba/ros2_ws/install/aruco_msgs/include/aruco_msgs/aruco_msgs/msg/detail/marker_array__rosidl_typesupport_introspection_cpp.hpp
[1.662s] -- Up-to-date symlink: /home/ueshiba/ros2_ws/install/aruco_msgs/share/aruco_msgs/environment/pythonpath.sh
[1.662s] -- Up-to-date symlink: /home/ueshiba/ros2_ws/install/aruco_msgs/share/aruco_msgs/environment/pythonpath.dsv
[1.662s] -- Up-to-date symlink: /home/ueshiba/ros2_ws/install/aruco_msgs/lib/python3.10/site-packages/aruco_msgs-5.0.5-py3.10.egg-info/PKG-INFO
[1.662s] -- Up-to-date symlink: /home/ueshiba/ros2_ws/install/aruco_msgs/lib/python3.10/site-packages/aruco_msgs-5.0.5-py3.10.egg-info/SOURCES.txt
[1.662s] -- Up-to-date symlink: /home/ueshiba/ros2_ws/install/aruco_msgs/lib/python3.10/site-packages/aruco_msgs-5.0.5-py3.10.egg-info/dependency_links.txt
[1.662s] -- Up-to-date symlink: /home/ueshiba/ros2_ws/install/aruco_msgs/lib/python3.10/site-packages/aruco_msgs-5.0.5-py3.10.egg-info/top_level.txt
[1.663s] -- Up-to-date symlink: /home/ueshiba/ros2_ws/install/aruco_msgs/lib/python3.10/site-packages/aruco_msgs/__init__.py
[1.663s] -- Up-to-date symlink: /home/ueshiba/ros2_ws/install/aruco_msgs/lib/python3.10/site-packages/aruco_msgs/_aruco_msgs_s.ep.rosidl_typesupport_c.c
[1.663s] -- Up-to-date symlink: /home/ueshiba/ros2_ws/install/aruco_msgs/lib/python3.10/site-packages/aruco_msgs/_aruco_msgs_s.ep.rosidl_typesupport_fastrtps_c.c
[1.664s] -- Up-to-date symlink: /home/ueshiba/ros2_ws/install/aruco_msgs/lib/python3.10/site-packages/aruco_msgs/_aruco_msgs_s.ep.rosidl_typesupport_introspection_c.c
[1.664s] -- Up-to-date symlink: /home/ueshiba/ros2_ws/install/aruco_msgs/lib/python3.10/site-packages/aruco_msgs/msg/__init__.py
[1.664s] -- Up-to-date symlink: /home/ueshiba/ros2_ws/install/aruco_msgs/lib/python3.10/site-packages/aruco_msgs/msg/_marker.py
[1.664s] -- Up-to-date symlink: /home/ueshiba/ros2_ws/install/aruco_msgs/lib/python3.10/site-packages/aruco_msgs/msg/_marker_array.py
[1.664s] -- Up-to-date symlink: /home/ueshiba/ros2_ws/install/aruco_msgs/lib/python3.10/site-packages/aruco_msgs/msg/_marker_array_s.c
[1.664s] -- Up-to-date symlink: /home/ueshiba/ros2_ws/install/aruco_msgs/lib/python3.10/site-packages/aruco_msgs/msg/_marker_s.c
[1.665s] -- Up-to-date symlink: /home/ueshiba/ros2_ws/install/aruco_msgs/lib/python3.10/site-packages/aruco_msgs/aruco_msgs_s__rosidl_typesupport_fastrtps_c.cpython-310-x86_64-linux-gnu.so
[1.665s] -- Up-to-date symlink: /home/ueshiba/ros2_ws/install/aruco_msgs/lib/python3.10/site-packages/aruco_msgs/aruco_msgs_s__rosidl_typesupport_introspection_c.cpython-310-x86_64-linux-gnu.so
[1.665s] -- Up-to-date symlink: /home/ueshiba/ros2_ws/install/aruco_msgs/lib/python3.10/site-packages/aruco_msgs/aruco_msgs_s__rosidl_typesupport_c.cpython-310-x86_64-linux-gnu.so
[1.666s] -- Up-to-date symlink: /home/ueshiba/ros2_ws/install/aruco_msgs/share/aruco_msgs/msg/Marker.idl
[1.666s] -- Up-to-date symlink: /home/ueshiba/ros2_ws/install/aruco_msgs/share/aruco_msgs/msg/MarkerArray.idl
[1.666s] -- Up-to-date symlink: /home/ueshiba/ros2_ws/install/aruco_msgs/share/aruco_msgs/msg/Marker.msg
[1.666s] -- Up-to-date symlink: /home/ueshiba/ros2_ws/install/aruco_msgs/share/aruco_msgs/msg/MarkerArray.msg
[1.666s] -- Up-to-date symlink: /home/ueshiba/ros2_ws/install/aruco_msgs/share/ament_index/resource_index/package_run_dependencies/aruco_msgs
[1.667s] -- Up-to-date symlink: /home/ueshiba/ros2_ws/install/aruco_msgs/share/ament_index/resource_index/parent_prefix_path/aruco_msgs
[1.667s] -- Up-to-date symlink: /home/ueshiba/ros2_ws/install/aruco_msgs/share/aruco_msgs/environment/ament_prefix_path.sh
[1.667s] -- Up-to-date symlink: /home/ueshiba/ros2_ws/install/aruco_msgs/share/aruco_msgs/environment/ament_prefix_path.dsv
[1.667s] -- Up-to-date symlink: /home/ueshiba/ros2_ws/install/aruco_msgs/share/aruco_msgs/environment/path.sh
[1.667s] -- Up-to-date symlink: /home/ueshiba/ros2_ws/install/aruco_msgs/share/aruco_msgs/environment/path.dsv
[1.667s] -- Up-to-date symlink: /home/ueshiba/ros2_ws/install/aruco_msgs/share/aruco_msgs/local_setup.bash
[1.667s] -- Up-to-date symlink: /home/ueshiba/ros2_ws/install/aruco_msgs/share/aruco_msgs/local_setup.sh
[1.667s] -- Up-to-date symlink: /home/ueshiba/ros2_ws/install/aruco_msgs/share/aruco_msgs/local_setup.zsh
[1.668s] -- Up-to-date symlink: /home/ueshiba/ros2_ws/install/aruco_msgs/share/aruco_msgs/local_setup.dsv
[1.668s] -- Symlinking: /home/ueshiba/ros2_ws/install/aruco_msgs/share/aruco_msgs/package.dsv
[1.675s] -- Up-to-date symlink: /home/ueshiba/ros2_ws/install/aruco_msgs/share/ament_index/resource_index/packages/aruco_msgs
[1.676s] -- Up-to-date symlink: /home/ueshiba/ros2_ws/install/aruco_msgs/share/aruco_msgs/cmake/rosidl_cmake-extras.cmake
[1.676s] -- Up-to-date symlink: /home/ueshiba/ros2_ws/install/aruco_msgs/share/aruco_msgs/cmake/ament_cmake_export_dependencies-extras.cmake
[1.676s] -- Up-to-date symlink: /home/ueshiba/ros2_ws/install/aruco_msgs/share/aruco_msgs/cmake/ament_cmake_export_include_directories-extras.cmake
[1.676s] -- Up-to-date symlink: /home/ueshiba/ros2_ws/install/aruco_msgs/share/aruco_msgs/cmake/ament_cmake_export_libraries-extras.cmake
[1.676s] -- Up-to-date symlink: /home/ueshiba/ros2_ws/install/aruco_msgs/share/aruco_msgs/cmake/ament_cmake_export_targets-extras.cmake
[1.676s] -- Up-to-date symlink: /home/ueshiba/ros2_ws/install/aruco_msgs/share/aruco_msgs/cmake/rosidl_cmake_export_typesupport_targets-extras.cmake
[1.676s] -- Up-to-date symlink: /home/ueshiba/ros2_ws/install/aruco_msgs/share/aruco_msgs/cmake/rosidl_cmake_export_typesupport_libraries-extras.cmake
[1.676s] -- Up-to-date symlink: /home/ueshiba/ros2_ws/install/aruco_msgs/share/aruco_msgs/cmake/aruco_msgsConfig.cmake
[1.676s] -- Up-to-date symlink: /home/ueshiba/ros2_ws/install/aruco_msgs/share/aruco_msgs/cmake/aruco_msgsConfig-version.cmake
[1.676s] -- Up-to-date symlink: /home/ueshiba/ros2_ws/install/aruco_msgs/share/aruco_msgs/package.xml
[1.676s] -- Up-to-date: /home/ueshiba/ros2_ws/install/aruco_msgs/lib/libaruco_msgs__rosidl_generator_c.so
[1.679s] -- Up-to-date: /home/ueshiba/ros2_ws/install/aruco_msgs/lib/libaruco_msgs__rosidl_typesupport_fastrtps_c.so
[1.679s] -- Up-to-date: /home/ueshiba/ros2_ws/install/aruco_msgs/lib/libaruco_msgs__rosidl_typesupport_fastrtps_cpp.so
[1.679s] -- Up-to-date: /home/ueshiba/ros2_ws/install/aruco_msgs/lib/libaruco_msgs__rosidl_typesupport_introspection_c.so
[1.680s] -- Up-to-date: /home/ueshiba/ros2_ws/install/aruco_msgs/lib/libaruco_msgs__rosidl_typesupport_c.so
[1.680s] -- Up-to-date: /home/ueshiba/ros2_ws/install/aruco_msgs/lib/libaruco_msgs__rosidl_typesupport_introspection_cpp.so
[1.680s] -- Up-to-date: /home/ueshiba/ros2_ws/install/aruco_msgs/lib/libaruco_msgs__rosidl_typesupport_cpp.so
[1.715s] Listing '/home/ueshiba/ros2_ws/install/aruco_msgs/lib/python3.10/site-packages/aruco_msgs'...
[1.715s] Compiling '/home/ueshiba/ros2_ws/install/aruco_msgs/lib/python3.10/site-packages/aruco_msgs/__init__.py'...
[1.715s] Listing '/home/ueshiba/ros2_ws/install/aruco_msgs/lib/python3.10/site-packages/aruco_msgs/msg'...
[1.717s] -- Up-to-date: /home/ueshiba/ros2_ws/install/aruco_msgs/lib/libaruco_msgs__rosidl_generator_py.so
[1.717s] -- Up-to-date: /home/ueshiba/ros2_ws/install/aruco_msgs/share/aruco_msgs/cmake/export_aruco_msgs__rosidl_generator_cExport.cmake
[1.717s] -- Up-to-date: /home/ueshiba/ros2_ws/install/aruco_msgs/share/aruco_msgs/cmake/export_aruco_msgs__rosidl_generator_cExport-noconfig.cmake
[1.717s] -- Up-to-date: /home/ueshiba/ros2_ws/install/aruco_msgs/share/aruco_msgs/cmake/export_aruco_msgs__rosidl_typesupport_fastrtps_cExport.cmake
[1.717s] -- Up-to-date: /home/ueshiba/ros2_ws/install/aruco_msgs/share/aruco_msgs/cmake/export_aruco_msgs__rosidl_typesupport_fastrtps_cExport-noconfig.cmake
[1.717s] -- Up-to-date: /home/ueshiba/ros2_ws/install/aruco_msgs/share/aruco_msgs/cmake/export_aruco_msgs__rosidl_generator_cppExport.cmake
[1.718s] -- Up-to-date: /home/ueshiba/ros2_ws/install/aruco_msgs/share/aruco_msgs/cmake/export_aruco_msgs__rosidl_typesupport_fastrtps_cppExport.cmake
[1.718s] -- Up-to-date: /home/ueshiba/ros2_ws/install/aruco_msgs/share/aruco_msgs/cmake/export_aruco_msgs__rosidl_typesupport_fastrtps_cppExport-noconfig.cmake
[1.718s] -- Up-to-date: /home/ueshiba/ros2_ws/install/aruco_msgs/share/aruco_msgs/cmake/aruco_msgs__rosidl_typesupport_introspection_cExport.cmake
[1.718s] -- Up-to-date: /home/ueshiba/ros2_ws/install/aruco_msgs/share/aruco_msgs/cmake/aruco_msgs__rosidl_typesupport_introspection_cExport-noconfig.cmake
[1.718s] -- Up-to-date: /home/ueshiba/ros2_ws/install/aruco_msgs/share/aruco_msgs/cmake/aruco_msgs__rosidl_typesupport_cExport.cmake
[1.718s] -- Up-to-date: /home/ueshiba/ros2_ws/install/aruco_msgs/share/aruco_msgs/cmake/aruco_msgs__rosidl_typesupport_cExport-noconfig.cmake
[1.718s] -- Up-to-date: /home/ueshiba/ros2_ws/install/aruco_msgs/share/aruco_msgs/cmake/aruco_msgs__rosidl_typesupport_introspection_cppExport.cmake
[1.718s] -- Up-to-date: /home/ueshiba/ros2_ws/install/aruco_msgs/share/aruco_msgs/cmake/aruco_msgs__rosidl_typesupport_introspection_cppExport-noconfig.cmake
[1.718s] -- Up-to-date: /home/ueshiba/ros2_ws/install/aruco_msgs/share/aruco_msgs/cmake/aruco_msgs__rosidl_typesupport_cppExport.cmake
[1.718s] -- Up-to-date: /home/ueshiba/ros2_ws/install/aruco_msgs/share/aruco_msgs/cmake/aruco_msgs__rosidl_typesupport_cppExport-noconfig.cmake
[1.718s] -- Up-to-date: /home/ueshiba/ros2_ws/install/aruco_msgs/share/aruco_msgs/cmake/export_aruco_msgs__rosidl_generator_pyExport.cmake
[1.718s] -- Up-to-date: /home/ueshiba/ros2_ws/install/aruco_msgs/share/aruco_msgs/cmake/export_aruco_msgs__rosidl_generator_pyExport-noconfig.cmake
[1.720s] Invoked command in '/home/ueshiba/ros2_ws/build/aruco_msgs' returned '0': CMAKE_PREFIX_PATH=${CMAKE_PREFIX_PATH}:/home/ueshiba/ros2_ws/install/rqt_reconfigure:/opt/ros/rolling PS1=\[\e]0;\u@\h: \w\a\]\h% /usr/bin/cmake --install /home/ueshiba/ros2_ws/build/aruco_msgs
