[0.028s] Invoking command in '/home/ueshiba/ros2_ws/build/aist_aruco_msgs': CMAKE_PREFIX_PATH=${CMAKE_PREFIX_PATH}:/home/ueshiba/ros2_ws/install/rqt_reconfigure:/opt/ros/rolling PS1=\[\e]0;\u@\h: \w\a\]\h% /usr/bin/cmake --build /home/ueshiba/ros2_ws/build/aist_aruco_msgs -- -j24 -l24
[0.520s] [  1%] Built target aist_aruco_msgs__rosidl_generator_type_description
[0.521s] [  1%] Built target ament_cmake_python_symlink_aist_aruco_msgs
[0.521s] [  3%] Built target aist_aruco_msgs__cpp
[0.521s] [ 24%] Built target aist_aruco_msgs__rosidl_generator_c
[0.521s] [ 25%] [32mBuilding CXX object CMakeFiles/aist_aruco_msgs__rosidl_typesupport_cpp.dir/rosidl_typesupport_cpp/aist_aruco_msgs/msg/point_correspondence__type_support.cpp.o[0m
[0.521s] [ 27%] [32mBuilding CXX object CMakeFiles/aist_aruco_msgs__rosidl_typesupport_cpp.dir/rosidl_typesupport_cpp/aist_aruco_msgs/msg/point_correspondence_array__type_support.cpp.o[0m
[0.521s] [ 29%] [32mBuilding CXX object CMakeFiles/aist_aruco_msgs__rosidl_typesupport_cpp.dir/rosidl_typesupport_cpp/aist_aruco_msgs/msg/point_correspondence_array_array__type_support.cpp.o[0m
[0.521s] [ 31%] [32mBuilding CXX object CMakeFiles/aist_aruco_msgs__rosidl_typesupport_fastrtps_c.dir/rosidl_typesupport_fastrtps_c/aist_aruco_msgs/msg/detail/point_correspondence__type_support_c.cpp.o[0m
[0.521s] [ 33%] [32mBuilding CXX object CMakeFiles/aist_aruco_msgs__rosidl_typesupport_introspection_cpp.dir/rosidl_typesupport_introspection_cpp/aist_aruco_msgs/msg/detail/point_correspondence__type_support.cpp.o[0m
[0.521s] [ 35%] [32mBuilding CXX object CMakeFiles/aist_aruco_msgs__rosidl_typesupport_fastrtps_c.dir/rosidl_typesupport_fastrtps_c/aist_aruco_msgs/msg/detail/point_correspondence_array_array__type_support_c.cpp.o[0m
[0.521s] [ 37%] [32mBuilding CXX object CMakeFiles/aist_aruco_msgs__rosidl_typesupport_fastrtps_c.dir/rosidl_typesupport_fastrtps_c/aist_aruco_msgs/msg/detail/point_correspondence_array__type_support_c.cpp.o[0m
[0.521s] [ 38%] [32mBuilding CXX object CMakeFiles/aist_aruco_msgs__rosidl_typesupport_introspection_cpp.dir/rosidl_typesupport_introspection_cpp/aist_aruco_msgs/msg/detail/point_correspondence_array__type_support.cpp.o[0m
[0.521s] [ 48%] Built target aist_aruco_msgs__rosidl_typesupport_introspection_c
[0.521s] [ 50%] [32mBuilding CXX object CMakeFiles/aist_aruco_msgs__rosidl_typesupport_fastrtps_cpp.dir/rosidl_typesupport_fastrtps_cpp/aist_aruco_msgs/msg/detail/dds_fastrtps/point_correspondence_array__type_support.cpp.o[0m
[0.521s] [ 51%] [32mBuilding CXX object CMakeFiles/aist_aruco_msgs__rosidl_typesupport_introspection_cpp.dir/rosidl_typesupport_introspection_cpp/aist_aruco_msgs/msg/detail/point_correspondence_array_array__type_support.cpp.o[0m
[0.521s] [ 61%] Built target aist_aruco_msgs__rosidl_typesupport_c
[0.521s] [ 62%] [32mBuilding CXX object CMakeFiles/aist_aruco_msgs__rosidl_typesupport_fastrtps_cpp.dir/rosidl_typesupport_fastrtps_cpp/aist_aruco_msgs/msg/detail/dds_fastrtps/point_correspondence__type_support.cpp.o[0m
[0.521s] [ 64%] [32mBuilding CXX object CMakeFiles/aist_aruco_msgs__rosidl_typesupport_fastrtps_cpp.dir/rosidl_typesupport_fastrtps_cpp/aist_aruco_msgs/msg/detail/dds_fastrtps/point_correspondence_array_array__type_support.cpp.o[0m
[1.110s] running egg_info
[1.124s] writing aist_aruco_msgs.egg-info/PKG-INFO
[1.124s] writing dependency_links to aist_aruco_msgs.egg-info/dependency_links.txt
[1.124s] writing top-level names to aist_aruco_msgs.egg-info/top_level.txt
[1.133s] reading manifest file 'aist_aruco_msgs.egg-info/SOURCES.txt'
[1.134s] writing manifest file 'aist_aruco_msgs.egg-info/SOURCES.txt'
[1.249s] [ 64%] Built target ament_cmake_python_build_aist_aruco_msgs_egg
[1.619s] [ 66%] [32m[1mLinking CXX shared library libaist_aruco_msgs__rosidl_typesupport_cpp.so[0m
[1.655s] [ 68%] [32m[1mLinking CXX shared library libaist_aruco_msgs__rosidl_typesupport_fastrtps_c.so[0m
[1.737s] [ 70%] Built target aist_aruco_msgs__rosidl_typesupport_cpp
[1.824s] [ 72%] Built target aist_aruco_msgs__rosidl_typesupport_fastrtps_c
[1.904s] [ 74%] [32m[1mLinking CXX shared library libaist_aruco_msgs__rosidl_typesupport_introspection_cpp.so[0m
[2.034s] [ 75%] Built target aist_aruco_msgs__rosidl_typesupport_introspection_cpp
[2.058s] [ 77%] [32m[1mLinking CXX shared library libaist_aruco_msgs__rosidl_typesupport_fastrtps_cpp.so[0m
[2.209s] [ 79%] Built target aist_aruco_msgs__rosidl_typesupport_fastrtps_cpp
[2.243s] [ 79%] Built target aist_aruco_msgs
[2.273s] [ 81%] Built target aist_aruco_msgs__py
[2.299s] [ 85%] [32mBuilding C object CMakeFiles/aist_aruco_msgs__rosidl_generator_py.dir/rosidl_generator_py/aist_aruco_msgs/msg/_point_correspondence_s.c.o[0m
[2.299s] [ 85%] [32mBuilding C object CMakeFiles/aist_aruco_msgs__rosidl_generator_py.dir/rosidl_generator_py/aist_aruco_msgs/msg/_point_correspondence_array_array_s.c.o[0m
[2.299s] [ 87%] [32mBuilding C object CMakeFiles/aist_aruco_msgs__rosidl_generator_py.dir/rosidl_generator_py/aist_aruco_msgs/msg/_point_correspondence_array_s.c.o[0m
[2.414s] [ 88%] [32m[1mLinking C shared library libaist_aruco_msgs__rosidl_generator_py.so[0m
[2.456s] [ 88%] Built target aist_aruco_msgs__rosidl_generator_py
[2.481s] [ 94%] [32mBuilding C object CMakeFiles/aist_aruco_msgs__rosidl_typesupport_c__pyext.dir/rosidl_generator_py/aist_aruco_msgs/_aist_aruco_msgs_s.ep.rosidl_typesupport_c.c.o[0m
[2.481s] [ 94%] [32mBuilding C object CMakeFiles/aist_aruco_msgs__rosidl_typesupport_fastrtps_c__pyext.dir/rosidl_generator_py/aist_aruco_msgs/_aist_aruco_msgs_s.ep.rosidl_typesupport_fastrtps_c.c.o[0m
[2.481s] [ 94%] [32mBuilding C object CMakeFiles/aist_aruco_msgs__rosidl_typesupport_introspection_c__pyext.dir/rosidl_generator_py/aist_aruco_msgs/_aist_aruco_msgs_s.ep.rosidl_typesupport_introspection_c.c.o[0m
[2.554s] [ 96%] [32m[1mLinking C shared library aist_aruco_msgs_s__rosidl_typesupport_fastrtps_c.cpython-310-x86_64-linux-gnu.so[0m
[2.555s] [ 98%] [32m[1mLinking C shared library aist_aruco_msgs_s__rosidl_typesupport_introspection_c.cpython-310-x86_64-linux-gnu.so[0m
[2.555s] [100%] [32m[1mLinking C shared library aist_aruco_msgs_s__rosidl_typesupport_c.cpython-310-x86_64-linux-gnu.so[0m
[2.582s] [100%] Built target aist_aruco_msgs__rosidl_typesupport_introspection_c__pyext
[2.583s] [100%] Built target aist_aruco_msgs__rosidl_typesupport_fastrtps_c__pyext
[2.587s] [100%] Built target aist_aruco_msgs__rosidl_typesupport_c__pyext
[2.598s] Invoked command in '/home/ueshiba/ros2_ws/build/aist_aruco_msgs' returned '0': CMAKE_PREFIX_PATH=${CMAKE_PREFIX_PATH}:/home/ueshiba/ros2_ws/install/rqt_reconfigure:/opt/ros/rolling PS1=\[\e]0;\u@\h: \w\a\]\h% /usr/bin/cmake --build /home/ueshiba/ros2_ws/build/aist_aruco_msgs -- -j24 -l24
[2.703s] Invoking command in '/home/ueshiba/ros2_ws/build/aist_aruco_msgs': CMAKE_PREFIX_PATH=${CMAKE_PREFIX_PATH}:/home/ueshiba/ros2_ws/install/rqt_reconfigure:/opt/ros/rolling PS1=\[\e]0;\u@\h: \w\a\]\h% /usr/bin/cmake --install /home/ueshiba/ros2_ws/build/aist_aruco_msgs
[2.709s] -- Install configuration: ""
[2.709s] -- Execute custom install script
[2.709s] -- Up-to-date symlink: /home/ueshiba/ros2_ws/install/aist_aruco_msgs/share/ament_index/resource_index/rosidl_interfaces/aist_aruco_msgs
[2.710s] -- Up-to-date symlink: /home/ueshiba/ros2_ws/install/aist_aruco_msgs/share/aist_aruco_msgs/msg/PointCorrespondence.json
[2.710s] -- Up-to-date symlink: /home/ueshiba/ros2_ws/install/aist_aruco_msgs/share/aist_aruco_msgs/msg/PointCorrespondenceArray.json
[2.710s] -- Up-to-date symlink: /home/ueshiba/ros2_ws/install/aist_aruco_msgs/share/aist_aruco_msgs/msg/PointCorrespondenceArrayArray.json
[2.710s] -- Up-to-date symlink: /home/ueshiba/ros2_ws/install/aist_aruco_msgs/include/aist_aruco_msgs/aist_aruco_msgs/msg/detail/point_correspondence__functions.h
[2.711s] -- Up-to-date symlink: /home/ueshiba/ros2_ws/install/aist_aruco_msgs/include/aist_aruco_msgs/aist_aruco_msgs/msg/detail/point_correspondence__struct.h
[2.711s] -- Up-to-date symlink: /home/ueshiba/ros2_ws/install/aist_aruco_msgs/include/aist_aruco_msgs/aist_aruco_msgs/msg/detail/point_correspondence__type_support.h
[2.711s] -- Up-to-date symlink: /home/ueshiba/ros2_ws/install/aist_aruco_msgs/include/aist_aruco_msgs/aist_aruco_msgs/msg/detail/point_correspondence_array__functions.h
[2.711s] -- Up-to-date symlink: /home/ueshiba/ros2_ws/install/aist_aruco_msgs/include/aist_aruco_msgs/aist_aruco_msgs/msg/detail/point_correspondence_array__struct.h
[2.711s] -- Up-to-date symlink: /home/ueshiba/ros2_ws/install/aist_aruco_msgs/include/aist_aruco_msgs/aist_aruco_msgs/msg/detail/point_correspondence_array__type_support.h
[2.712s] -- Up-to-date symlink: /home/ueshiba/ros2_ws/install/aist_aruco_msgs/include/aist_aruco_msgs/aist_aruco_msgs/msg/detail/point_correspondence_array_array__functions.h
[2.712s] -- Up-to-date symlink: /home/ueshiba/ros2_ws/install/aist_aruco_msgs/include/aist_aruco_msgs/aist_aruco_msgs/msg/detail/point_correspondence_array_array__struct.h
[2.712s] -- Up-to-date symlink: /home/ueshiba/ros2_ws/install/aist_aruco_msgs/include/aist_aruco_msgs/aist_aruco_msgs/msg/detail/point_correspondence_array_array__type_support.h
[2.712s] -- Up-to-date symlink: /home/ueshiba/ros2_ws/install/aist_aruco_msgs/include/aist_aruco_msgs/aist_aruco_msgs/msg/point_correspondence.h
[2.712s] -- Up-to-date symlink: /home/ueshiba/ros2_ws/install/aist_aruco_msgs/include/aist_aruco_msgs/aist_aruco_msgs/msg/point_correspondence_array.h
[2.712s] -- Up-to-date symlink: /home/ueshiba/ros2_ws/install/aist_aruco_msgs/include/aist_aruco_msgs/aist_aruco_msgs/msg/point_correspondence_array_array.h
[2.713s] -- Up-to-date symlink: /home/ueshiba/ros2_ws/install/aist_aruco_msgs/include/aist_aruco_msgs/aist_aruco_msgs/msg/rosidl_generator_c__visibility_control.h
[2.713s] -- Up-to-date symlink: /home/ueshiba/ros2_ws/install/aist_aruco_msgs/share/aist_aruco_msgs/environment/library_path.sh
[2.713s] -- Up-to-date symlink: /home/ueshiba/ros2_ws/install/aist_aruco_msgs/share/aist_aruco_msgs/environment/library_path.dsv
[2.713s] -- Up-to-date symlink: /home/ueshiba/ros2_ws/install/aist_aruco_msgs/include/aist_aruco_msgs/aist_aruco_msgs/msg/detail/point_correspondence__rosidl_typesupport_fastrtps_c.h
[2.713s] -- Up-to-date symlink: /home/ueshiba/ros2_ws/install/aist_aruco_msgs/include/aist_aruco_msgs/aist_aruco_msgs/msg/detail/point_correspondence_array__rosidl_typesupport_fastrtps_c.h
[2.713s] -- Up-to-date symlink: /home/ueshiba/ros2_ws/install/aist_aruco_msgs/include/aist_aruco_msgs/aist_aruco_msgs/msg/detail/point_correspondence_array_array__rosidl_typesupport_fastrtps_c.h
[2.714s] -- Up-to-date symlink: /home/ueshiba/ros2_ws/install/aist_aruco_msgs/include/aist_aruco_msgs/aist_aruco_msgs/msg/rosidl_typesupport_fastrtps_c__visibility_control.h
[2.714s] -- Up-to-date symlink: /home/ueshiba/ros2_ws/install/aist_aruco_msgs/include/aist_aruco_msgs/aist_aruco_msgs/msg/detail/point_correspondence__rosidl_typesupport_introspection_c.h
[2.714s] -- Up-to-date symlink: /home/ueshiba/ros2_ws/install/aist_aruco_msgs/include/aist_aruco_msgs/aist_aruco_msgs/msg/detail/point_correspondence_array__rosidl_typesupport_introspection_c.h
[2.715s] -- Up-to-date symlink: /home/ueshiba/ros2_ws/install/aist_aruco_msgs/include/aist_aruco_msgs/aist_aruco_msgs/msg/detail/point_correspondence_array_array__rosidl_typesupport_introspection_c.h
[2.715s] -- Up-to-date symlink: /home/ueshiba/ros2_ws/install/aist_aruco_msgs/include/aist_aruco_msgs/aist_aruco_msgs/msg/rosidl_typesupport_introspection_c__visibility_control.h
[2.716s] -- Up-to-date symlink: /home/ueshiba/ros2_ws/install/aist_aruco_msgs/include/aist_aruco_msgs/aist_aruco_msgs/msg/detail/point_correspondence__builder.hpp
[2.716s] -- Up-to-date symlink: /home/ueshiba/ros2_ws/install/aist_aruco_msgs/include/aist_aruco_msgs/aist_aruco_msgs/msg/detail/point_correspondence__struct.hpp
[2.716s] -- Up-to-date symlink: /home/ueshiba/ros2_ws/install/aist_aruco_msgs/include/aist_aruco_msgs/aist_aruco_msgs/msg/detail/point_correspondence__traits.hpp
[2.716s] -- Up-to-date symlink: /home/ueshiba/ros2_ws/install/aist_aruco_msgs/include/aist_aruco_msgs/aist_aruco_msgs/msg/detail/point_correspondence__type_support.hpp
[2.716s] -- Up-to-date symlink: /home/ueshiba/ros2_ws/install/aist_aruco_msgs/include/aist_aruco_msgs/aist_aruco_msgs/msg/detail/point_correspondence_array__builder.hpp
[2.716s] -- Up-to-date symlink: /home/ueshiba/ros2_ws/install/aist_aruco_msgs/include/aist_aruco_msgs/aist_aruco_msgs/msg/detail/point_correspondence_array__struct.hpp
[2.716s] -- Up-to-date symlink: /home/ueshiba/ros2_ws/install/aist_aruco_msgs/include/aist_aruco_msgs/aist_aruco_msgs/msg/detail/point_correspondence_array__traits.hpp
[2.716s] -- Up-to-date symlink: /home/ueshiba/ros2_ws/install/aist_aruco_msgs/include/aist_aruco_msgs/aist_aruco_msgs/msg/detail/point_correspondence_array__type_support.hpp
[2.716s] -- Up-to-date symlink: /home/ueshiba/ros2_ws/install/aist_aruco_msgs/include/aist_aruco_msgs/aist_aruco_msgs/msg/detail/point_correspondence_array_array__builder.hpp
[2.717s] -- Up-to-date symlink: /home/ueshiba/ros2_ws/install/aist_aruco_msgs/include/aist_aruco_msgs/aist_aruco_msgs/msg/detail/point_correspondence_array_array__struct.hpp
[2.717s] -- Up-to-date symlink: /home/ueshiba/ros2_ws/install/aist_aruco_msgs/include/aist_aruco_msgs/aist_aruco_msgs/msg/detail/point_correspondence_array_array__traits.hpp
[2.717s] -- Up-to-date symlink: /home/ueshiba/ros2_ws/install/aist_aruco_msgs/include/aist_aruco_msgs/aist_aruco_msgs/msg/detail/point_correspondence_array_array__type_support.hpp
[2.717s] -- Up-to-date symlink: /home/ueshiba/ros2_ws/install/aist_aruco_msgs/include/aist_aruco_msgs/aist_aruco_msgs/msg/point_correspondence.hpp
[2.717s] -- Up-to-date symlink: /home/ueshiba/ros2_ws/install/aist_aruco_msgs/include/aist_aruco_msgs/aist_aruco_msgs/msg/point_correspondence_array.hpp
[2.718s] -- Up-to-date symlink: /home/ueshiba/ros2_ws/install/aist_aruco_msgs/include/aist_aruco_msgs/aist_aruco_msgs/msg/point_correspondence_array_array.hpp
[2.718s] -- Up-to-date symlink: /home/ueshiba/ros2_ws/install/aist_aruco_msgs/include/aist_aruco_msgs/aist_aruco_msgs/msg/rosidl_generator_cpp__visibility_control.hpp
[2.718s] -- Up-to-date symlink: /home/ueshiba/ros2_ws/install/aist_aruco_msgs/include/aist_aruco_msgs/aist_aruco_msgs/msg/detail/point_correspondence__rosidl_typesupport_fastrtps_cpp.hpp
[2.718s] -- Up-to-date symlink: /home/ueshiba/ros2_ws/install/aist_aruco_msgs/include/aist_aruco_msgs/aist_aruco_msgs/msg/detail/point_correspondence_array__rosidl_typesupport_fastrtps_cpp.hpp
[2.718s] -- Up-to-date symlink: /home/ueshiba/ros2_ws/install/aist_aruco_msgs/include/aist_aruco_msgs/aist_aruco_msgs/msg/detail/point_correspondence_array_array__rosidl_typesupport_fastrtps_cpp.hpp
[2.718s] -- Up-to-date symlink: /home/ueshiba/ros2_ws/install/aist_aruco_msgs/include/aist_aruco_msgs/aist_aruco_msgs/msg/rosidl_typesupport_fastrtps_cpp__visibility_control.h
[2.718s] -- Up-to-date symlink: /home/ueshiba/ros2_ws/install/aist_aruco_msgs/include/aist_aruco_msgs/aist_aruco_msgs/msg/detail/point_correspondence__rosidl_typesupport_introspection_cpp.hpp
[2.718s] -- Up-to-date symlink: /home/ueshiba/ros2_ws/install/aist_aruco_msgs/include/aist_aruco_msgs/aist_aruco_msgs/msg/detail/point_correspondence_array__rosidl_typesupport_introspection_cpp.hpp
[2.719s] -- Up-to-date symlink: /home/ueshiba/ros2_ws/install/aist_aruco_msgs/include/aist_aruco_msgs/aist_aruco_msgs/msg/detail/point_correspondence_array_array__rosidl_typesupport_introspection_cpp.hpp
[2.719s] -- Up-to-date symlink: /home/ueshiba/ros2_ws/install/aist_aruco_msgs/share/aist_aruco_msgs/environment/pythonpath.sh
[2.719s] -- Up-to-date symlink: /home/ueshiba/ros2_ws/install/aist_aruco_msgs/share/aist_aruco_msgs/environment/pythonpath.dsv
[2.719s] -- Up-to-date symlink: /home/ueshiba/ros2_ws/install/aist_aruco_msgs/lib/python3.10/site-packages/aist_aruco_msgs-0.6.0-py3.10.egg-info/PKG-INFO
[2.719s] -- Up-to-date symlink: /home/ueshiba/ros2_ws/install/aist_aruco_msgs/lib/python3.10/site-packages/aist_aruco_msgs-0.6.0-py3.10.egg-info/SOURCES.txt
[2.719s] -- Up-to-date symlink: /home/ueshiba/ros2_ws/install/aist_aruco_msgs/lib/python3.10/site-packages/aist_aruco_msgs-0.6.0-py3.10.egg-info/dependency_links.txt
[2.719s] -- Up-to-date symlink: /home/ueshiba/ros2_ws/install/aist_aruco_msgs/lib/python3.10/site-packages/aist_aruco_msgs-0.6.0-py3.10.egg-info/top_level.txt
[2.719s] -- Up-to-date symlink: /home/ueshiba/ros2_ws/install/aist_aruco_msgs/lib/python3.10/site-packages/aist_aruco_msgs/__init__.py
[2.720s] -- Up-to-date symlink: /home/ueshiba/ros2_ws/install/aist_aruco_msgs/lib/python3.10/site-packages/aist_aruco_msgs/_aist_aruco_msgs_s.ep.rosidl_typesupport_c.c
[2.720s] -- Up-to-date symlink: /home/ueshiba/ros2_ws/install/aist_aruco_msgs/lib/python3.10/site-packages/aist_aruco_msgs/_aist_aruco_msgs_s.ep.rosidl_typesupport_fastrtps_c.c
[2.720s] -- Up-to-date symlink: /home/ueshiba/ros2_ws/install/aist_aruco_msgs/lib/python3.10/site-packages/aist_aruco_msgs/_aist_aruco_msgs_s.ep.rosidl_typesupport_introspection_c.c
[2.720s] -- Up-to-date symlink: /home/ueshiba/ros2_ws/install/aist_aruco_msgs/lib/python3.10/site-packages/aist_aruco_msgs/msg/__init__.py
[2.720s] -- Up-to-date symlink: /home/ueshiba/ros2_ws/install/aist_aruco_msgs/lib/python3.10/site-packages/aist_aruco_msgs/msg/_point_correspondence.py
[2.720s] -- Up-to-date symlink: /home/ueshiba/ros2_ws/install/aist_aruco_msgs/lib/python3.10/site-packages/aist_aruco_msgs/msg/_point_correspondence_array.py
[2.720s] -- Up-to-date symlink: /home/ueshiba/ros2_ws/install/aist_aruco_msgs/lib/python3.10/site-packages/aist_aruco_msgs/msg/_point_correspondence_array_array.py
[2.720s] -- Up-to-date symlink: /home/ueshiba/ros2_ws/install/aist_aruco_msgs/lib/python3.10/site-packages/aist_aruco_msgs/msg/_point_correspondence_array_array_s.c
[2.720s] -- Up-to-date symlink: /home/ueshiba/ros2_ws/install/aist_aruco_msgs/lib/python3.10/site-packages/aist_aruco_msgs/msg/_point_correspondence_array_s.c
[2.720s] -- Up-to-date symlink: /home/ueshiba/ros2_ws/install/aist_aruco_msgs/lib/python3.10/site-packages/aist_aruco_msgs/msg/_point_correspondence_s.c
[2.721s] -- Up-to-date symlink: /home/ueshiba/ros2_ws/install/aist_aruco_msgs/lib/python3.10/site-packages/aist_aruco_msgs/aist_aruco_msgs_s__rosidl_typesupport_fastrtps_c.cpython-310-x86_64-linux-gnu.so
[2.721s] -- Up-to-date symlink: /home/ueshiba/ros2_ws/install/aist_aruco_msgs/lib/python3.10/site-packages/aist_aruco_msgs/aist_aruco_msgs_s__rosidl_typesupport_introspection_c.cpython-310-x86_64-linux-gnu.so
[2.721s] -- Up-to-date symlink: /home/ueshiba/ros2_ws/install/aist_aruco_msgs/lib/python3.10/site-packages/aist_aruco_msgs/aist_aruco_msgs_s__rosidl_typesupport_c.cpython-310-x86_64-linux-gnu.so
[2.722s] -- Up-to-date symlink: /home/ueshiba/ros2_ws/install/aist_aruco_msgs/share/aist_aruco_msgs/msg/PointCorrespondence.idl
[2.722s] -- Up-to-date symlink: /home/ueshiba/ros2_ws/install/aist_aruco_msgs/share/aist_aruco_msgs/msg/PointCorrespondenceArray.idl
[2.722s] -- Up-to-date symlink: /home/ueshiba/ros2_ws/install/aist_aruco_msgs/share/aist_aruco_msgs/msg/PointCorrespondenceArrayArray.idl
[2.722s] -- Up-to-date symlink: /home/ueshiba/ros2_ws/install/aist_aruco_msgs/share/aist_aruco_msgs/msg/PointCorrespondence.msg
[2.722s] -- Up-to-date symlink: /home/ueshiba/ros2_ws/install/aist_aruco_msgs/share/aist_aruco_msgs/msg/PointCorrespondenceArray.msg
[2.722s] -- Up-to-date symlink: /home/ueshiba/ros2_ws/install/aist_aruco_msgs/share/aist_aruco_msgs/msg/PointCorrespondenceArrayArray.msg
[2.723s] -- Up-to-date symlink: /home/ueshiba/ros2_ws/install/aist_aruco_msgs/share/ament_index/resource_index/package_run_dependencies/aist_aruco_msgs
[2.723s] -- Up-to-date symlink: /home/ueshiba/ros2_ws/install/aist_aruco_msgs/share/ament_index/resource_index/parent_prefix_path/aist_aruco_msgs
[2.723s] -- Up-to-date symlink: /home/ueshiba/ros2_ws/install/aist_aruco_msgs/share/aist_aruco_msgs/environment/ament_prefix_path.sh
[2.724s] -- Up-to-date symlink: /home/ueshiba/ros2_ws/install/aist_aruco_msgs/share/aist_aruco_msgs/environment/ament_prefix_path.dsv
[2.724s] -- Up-to-date symlink: /home/ueshiba/ros2_ws/install/aist_aruco_msgs/share/aist_aruco_msgs/environment/path.sh
[2.724s] -- Up-to-date symlink: /home/ueshiba/ros2_ws/install/aist_aruco_msgs/share/aist_aruco_msgs/environment/path.dsv
[2.724s] -- Up-to-date symlink: /home/ueshiba/ros2_ws/install/aist_aruco_msgs/share/aist_aruco_msgs/local_setup.bash
[2.724s] -- Up-to-date symlink: /home/ueshiba/ros2_ws/install/aist_aruco_msgs/share/aist_aruco_msgs/local_setup.sh
[2.724s] -- Up-to-date symlink: /home/ueshiba/ros2_ws/install/aist_aruco_msgs/share/aist_aruco_msgs/local_setup.zsh
[2.724s] -- Up-to-date symlink: /home/ueshiba/ros2_ws/install/aist_aruco_msgs/share/aist_aruco_msgs/local_setup.dsv
[2.725s] -- Symlinking: /home/ueshiba/ros2_ws/install/aist_aruco_msgs/share/aist_aruco_msgs/package.dsv
[2.730s] -- Up-to-date symlink: /home/ueshiba/ros2_ws/install/aist_aruco_msgs/share/ament_index/resource_index/packages/aist_aruco_msgs
[2.730s] -- Up-to-date symlink: /home/ueshiba/ros2_ws/install/aist_aruco_msgs/share/aist_aruco_msgs/cmake/rosidl_cmake-extras.cmake
[2.730s] -- Up-to-date symlink: /home/ueshiba/ros2_ws/install/aist_aruco_msgs/share/aist_aruco_msgs/cmake/ament_cmake_export_dependencies-extras.cmake
[2.730s] -- Up-to-date symlink: /home/ueshiba/ros2_ws/install/aist_aruco_msgs/share/aist_aruco_msgs/cmake/ament_cmake_export_include_directories-extras.cmake
[2.730s] -- Up-to-date symlink: /home/ueshiba/ros2_ws/install/aist_aruco_msgs/share/aist_aruco_msgs/cmake/ament_cmake_export_libraries-extras.cmake
[2.731s] -- Up-to-date symlink: /home/ueshiba/ros2_ws/install/aist_aruco_msgs/share/aist_aruco_msgs/cmake/ament_cmake_export_targets-extras.cmake
[2.731s] -- Up-to-date symlink: /home/ueshiba/ros2_ws/install/aist_aruco_msgs/share/aist_aruco_msgs/cmake/rosidl_cmake_export_typesupport_targets-extras.cmake
[2.731s] -- Up-to-date symlink: /home/ueshiba/ros2_ws/install/aist_aruco_msgs/share/aist_aruco_msgs/cmake/rosidl_cmake_export_typesupport_libraries-extras.cmake
[2.731s] -- Up-to-date symlink: /home/ueshiba/ros2_ws/install/aist_aruco_msgs/share/aist_aruco_msgs/cmake/aist_aruco_msgsConfig.cmake
[2.731s] -- Up-to-date symlink: /home/ueshiba/ros2_ws/install/aist_aruco_msgs/share/aist_aruco_msgs/cmake/aist_aruco_msgsConfig-version.cmake
[2.731s] -- Up-to-date symlink: /home/ueshiba/ros2_ws/install/aist_aruco_msgs/share/aist_aruco_msgs/package.xml
[2.732s] -- Up-to-date: /home/ueshiba/ros2_ws/install/aist_aruco_msgs/lib/libaist_aruco_msgs__rosidl_generator_c.so
[2.732s] -- Installing: /home/ueshiba/ros2_ws/install/aist_aruco_msgs/lib/libaist_aruco_msgs__rosidl_typesupport_fastrtps_c.so
[2.732s] -- Set runtime path of "/home/ueshiba/ros2_ws/install/aist_aruco_msgs/lib/libaist_aruco_msgs__rosidl_typesupport_fastrtps_c.so" to ""
[2.733s] -- Up-to-date: /home/ueshiba/ros2_ws/install/aist_aruco_msgs/lib/libaist_aruco_msgs__rosidl_typesupport_introspection_c.so
[2.733s] -- Up-to-date: /home/ueshiba/ros2_ws/install/aist_aruco_msgs/lib/libaist_aruco_msgs__rosidl_typesupport_c.so
[2.734s] -- Installing: /home/ueshiba/ros2_ws/install/aist_aruco_msgs/lib/libaist_aruco_msgs__rosidl_typesupport_fastrtps_cpp.so
[2.735s] -- Set runtime path of "/home/ueshiba/ros2_ws/install/aist_aruco_msgs/lib/libaist_aruco_msgs__rosidl_typesupport_fastrtps_cpp.so" to ""
[2.735s] -- Installing: /home/ueshiba/ros2_ws/install/aist_aruco_msgs/lib/libaist_aruco_msgs__rosidl_typesupport_introspection_cpp.so
[2.735s] -- Set runtime path of "/home/ueshiba/ros2_ws/install/aist_aruco_msgs/lib/libaist_aruco_msgs__rosidl_typesupport_introspection_cpp.so" to ""
[2.736s] -- Installing: /home/ueshiba/ros2_ws/install/aist_aruco_msgs/lib/libaist_aruco_msgs__rosidl_typesupport_cpp.so
[2.736s] -- Set runtime path of "/home/ueshiba/ros2_ws/install/aist_aruco_msgs/lib/libaist_aruco_msgs__rosidl_typesupport_cpp.so" to ""
[2.767s] Listing '/home/ueshiba/ros2_ws/install/aist_aruco_msgs/lib/python3.10/site-packages/aist_aruco_msgs'...
[2.767s] Listing '/home/ueshiba/ros2_ws/install/aist_aruco_msgs/lib/python3.10/site-packages/aist_aruco_msgs/msg'...
[2.771s] -- Installing: /home/ueshiba/ros2_ws/install/aist_aruco_msgs/lib/libaist_aruco_msgs__rosidl_generator_py.so
[2.771s] -- Set runtime path of "/home/ueshiba/ros2_ws/install/aist_aruco_msgs/lib/libaist_aruco_msgs__rosidl_generator_py.so" to ""
[2.772s] -- Up-to-date: /home/ueshiba/ros2_ws/install/aist_aruco_msgs/share/aist_aruco_msgs/cmake/export_aist_aruco_msgs__rosidl_generator_cExport.cmake
[2.772s] -- Up-to-date: /home/ueshiba/ros2_ws/install/aist_aruco_msgs/share/aist_aruco_msgs/cmake/export_aist_aruco_msgs__rosidl_generator_cExport-noconfig.cmake
[2.772s] -- Up-to-date: /home/ueshiba/ros2_ws/install/aist_aruco_msgs/share/aist_aruco_msgs/cmake/export_aist_aruco_msgs__rosidl_typesupport_fastrtps_cExport.cmake
[2.772s] -- Up-to-date: /home/ueshiba/ros2_ws/install/aist_aruco_msgs/share/aist_aruco_msgs/cmake/export_aist_aruco_msgs__rosidl_typesupport_fastrtps_cExport-noconfig.cmake
[2.772s] -- Up-to-date: /home/ueshiba/ros2_ws/install/aist_aruco_msgs/share/aist_aruco_msgs/cmake/aist_aruco_msgs__rosidl_typesupport_introspection_cExport.cmake
[2.772s] -- Up-to-date: /home/ueshiba/ros2_ws/install/aist_aruco_msgs/share/aist_aruco_msgs/cmake/aist_aruco_msgs__rosidl_typesupport_introspection_cExport-noconfig.cmake
[2.773s] -- Up-to-date: /home/ueshiba/ros2_ws/install/aist_aruco_msgs/share/aist_aruco_msgs/cmake/aist_aruco_msgs__rosidl_typesupport_cExport.cmake
[2.773s] -- Up-to-date: /home/ueshiba/ros2_ws/install/aist_aruco_msgs/share/aist_aruco_msgs/cmake/aist_aruco_msgs__rosidl_typesupport_cExport-noconfig.cmake
[2.773s] -- Up-to-date: /home/ueshiba/ros2_ws/install/aist_aruco_msgs/share/aist_aruco_msgs/cmake/export_aist_aruco_msgs__rosidl_generator_cppExport.cmake
[2.773s] -- Up-to-date: /home/ueshiba/ros2_ws/install/aist_aruco_msgs/share/aist_aruco_msgs/cmake/export_aist_aruco_msgs__rosidl_typesupport_fastrtps_cppExport.cmake
[2.773s] -- Up-to-date: /home/ueshiba/ros2_ws/install/aist_aruco_msgs/share/aist_aruco_msgs/cmake/export_aist_aruco_msgs__rosidl_typesupport_fastrtps_cppExport-noconfig.cmake
[2.774s] -- Up-to-date: /home/ueshiba/ros2_ws/install/aist_aruco_msgs/share/aist_aruco_msgs/cmake/aist_aruco_msgs__rosidl_typesupport_introspection_cppExport.cmake
[2.774s] -- Up-to-date: /home/ueshiba/ros2_ws/install/aist_aruco_msgs/share/aist_aruco_msgs/cmake/aist_aruco_msgs__rosidl_typesupport_introspection_cppExport-noconfig.cmake
[2.774s] -- Up-to-date: /home/ueshiba/ros2_ws/install/aist_aruco_msgs/share/aist_aruco_msgs/cmake/aist_aruco_msgs__rosidl_typesupport_cppExport.cmake
[2.774s] -- Up-to-date: /home/ueshiba/ros2_ws/install/aist_aruco_msgs/share/aist_aruco_msgs/cmake/aist_aruco_msgs__rosidl_typesupport_cppExport-noconfig.cmake
[2.774s] -- Up-to-date: /home/ueshiba/ros2_ws/install/aist_aruco_msgs/share/aist_aruco_msgs/cmake/export_aist_aruco_msgs__rosidl_generator_pyExport.cmake
[2.774s] -- Up-to-date: /home/ueshiba/ros2_ws/install/aist_aruco_msgs/share/aist_aruco_msgs/cmake/export_aist_aruco_msgs__rosidl_generator_pyExport-noconfig.cmake
[2.777s] Invoked command in '/home/ueshiba/ros2_ws/build/aist_aruco_msgs' returned '0': CMAKE_PREFIX_PATH=${CMAKE_PREFIX_PATH}:/home/ueshiba/ros2_ws/install/rqt_reconfigure:/opt/ros/rolling PS1=\[\e]0;\u@\h: \w\a\]\h% /usr/bin/cmake --install /home/ueshiba/ros2_ws/build/aist_aruco_msgs
