[0.025s] Invoking command in '/home/ueshiba/ros2_ws/build/aruco': CMAKE_PREFIX_PATH=${CMAKE_PREFIX_PATH}:/home/ueshiba/ros2_ws/install/rqt_reconfigure:/opt/ros/rolling PS1=\[\e]0;\u@\h: \w\a\]\h% /usr/bin/cmake --build /home/ueshiba/ros2_ws/build/aruco -- -j24 -l24
[0.235s] [35m[1mConsolidate compiler generated dependencies of target aruco[0m
[0.235s] [100%] Built target aruco
[0.249s] Invoked command in '/home/ueshiba/ros2_ws/build/aruco' returned '0': CMAKE_PREFIX_PATH=${CMAKE_PREFIX_PATH}:/home/ueshiba/ros2_ws/install/rqt_reconfigure:/opt/ros/rolling PS1=\[\e]0;\u@\h: \w\a\]\h% /usr/bin/cmake --build /home/ueshiba/ros2_ws/build/aruco -- -j24 -l24
[0.288s] Invoking command in '/home/ueshiba/ros2_ws/build/aruco': CMAKE_PREFIX_PATH=${CMAKE_PREFIX_PATH}:/home/ueshiba/ros2_ws/install/rqt_reconfigure:/opt/ros/rolling PS1=\[\e]0;\u@\h: \w\a\]\h% /usr/bin/cmake --install /home/ueshiba/ros2_ws/build/aruco
[0.296s] -- Install configuration: ""
[0.297s] -- Execute custom install script
[0.297s] -- Up-to-date symlink: /home/ueshiba/ros2_ws/install/aruco/lib/libaruco.so
[0.298s] -- Up-to-date symlink: /home/ueshiba/ros2_ws/install/aruco/include/aruco/aruco.h
[0.298s] -- Up-to-date symlink: /home/ueshiba/ros2_ws/install/aruco/include/aruco/aruco_cvversioning.h
[0.299s] -- Up-to-date symlink: /home/ueshiba/ros2_ws/install/aruco/include/aruco/aruco_export.h
[0.299s] -- Up-to-date symlink: /home/ueshiba/ros2_ws/install/aruco/include/aruco/cameraparameters.h
[0.299s] -- Up-to-date symlink: /home/ueshiba/ros2_ws/install/aruco/include/aruco/cvdrawingutils.h
[0.299s] -- Up-to-date symlink: /home/ueshiba/ros2_ws/install/aruco/include/aruco/debug.h
[0.300s] -- Up-to-date symlink: /home/ueshiba/ros2_ws/install/aruco/include/aruco/dictionary.h
[0.300s] -- Up-to-date symlink: /home/ueshiba/ros2_ws/install/aruco/include/aruco/dictionary_based.h
[0.301s] -- Up-to-date symlink: /home/ueshiba/ros2_ws/install/aruco/include/aruco/fractaldetector.h
[0.301s] -- Up-to-date symlink: /home/ueshiba/ros2_ws/install/aruco/include/aruco/fractallabelers/fractallabeler.h
[0.301s] -- Up-to-date symlink: /home/ueshiba/ros2_ws/install/aruco/include/aruco/fractallabelers/fractalmarker.h
[0.301s] -- Up-to-date symlink: /home/ueshiba/ros2_ws/install/aruco/include/aruco/fractallabelers/fractalmarkerset.h
[0.301s] -- Up-to-date symlink: /home/ueshiba/ros2_ws/install/aruco/include/aruco/fractallabelers/fractalposetracker.h
[0.301s] -- Up-to-date symlink: /home/ueshiba/ros2_ws/install/aruco/include/aruco/ippe.h
[0.302s] -- Up-to-date symlink: /home/ueshiba/ros2_ws/install/aruco/include/aruco/levmarq.h
[0.302s] -- Up-to-date symlink: /home/ueshiba/ros2_ws/install/aruco/include/aruco/marker.h
[0.303s] -- Up-to-date symlink: /home/ueshiba/ros2_ws/install/aruco/include/aruco/markerdetector.h
[0.303s] -- Up-to-date symlink: /home/ueshiba/ros2_ws/install/aruco/include/aruco/markerdetector_impl.h
[0.303s] -- Up-to-date symlink: /home/ueshiba/ros2_ws/install/aruco/include/aruco/markerlabeler.h
[0.304s] -- Up-to-date symlink: /home/ueshiba/ros2_ws/install/aruco/include/aruco/markermap.h
[0.304s] -- Up-to-date symlink: /home/ueshiba/ros2_ws/install/aruco/include/aruco/picoflann.h
[0.304s] -- Up-to-date symlink: /home/ueshiba/ros2_ws/install/aruco/include/aruco/posetracker.h
[0.304s] -- Up-to-date symlink: /home/ueshiba/ros2_ws/install/aruco/include/aruco/timers.h
[0.304s] -- Up-to-date symlink: /home/ueshiba/ros2_ws/install/aruco/share/aruco/environment/library_path.sh
[0.305s] -- Up-to-date symlink: /home/ueshiba/ros2_ws/install/aruco/share/aruco/environment/library_path.dsv
[0.305s] -- Up-to-date symlink: /home/ueshiba/ros2_ws/install/aruco/share/ament_index/resource_index/package_run_dependencies/aruco
[0.305s] -- Up-to-date symlink: /home/ueshiba/ros2_ws/install/aruco/share/ament_index/resource_index/parent_prefix_path/aruco
[0.305s] -- Up-to-date symlink: /home/ueshiba/ros2_ws/install/aruco/share/aruco/environment/ament_prefix_path.sh
[0.306s] -- Up-to-date symlink: /home/ueshiba/ros2_ws/install/aruco/share/aruco/environment/ament_prefix_path.dsv
[0.306s] -- Up-to-date symlink: /home/ueshiba/ros2_ws/install/aruco/share/aruco/environment/path.sh
[0.306s] -- Up-to-date symlink: /home/ueshiba/ros2_ws/install/aruco/share/aruco/environment/path.dsv
[0.306s] -- Up-to-date symlink: /home/ueshiba/ros2_ws/install/aruco/share/aruco/local_setup.bash
[0.306s] -- Up-to-date symlink: /home/ueshiba/ros2_ws/install/aruco/share/aruco/local_setup.sh
[0.306s] -- Up-to-date symlink: /home/ueshiba/ros2_ws/install/aruco/share/aruco/local_setup.zsh
[0.306s] -- Up-to-date symlink: /home/ueshiba/ros2_ws/install/aruco/share/aruco/local_setup.dsv
[0.307s] -- Symlinking: /home/ueshiba/ros2_ws/install/aruco/share/aruco/package.dsv
[0.309s] -- Up-to-date symlink: /home/ueshiba/ros2_ws/install/aruco/share/ament_index/resource_index/packages/aruco
[0.310s] -- Up-to-date symlink: /home/ueshiba/ros2_ws/install/aruco/share/aruco/cmake/ament_cmake_export_include_directories-extras.cmake
[0.310s] -- Up-to-date symlink: /home/ueshiba/ros2_ws/install/aruco/share/aruco/cmake/ament_cmake_export_libraries-extras.cmake
[0.310s] -- Up-to-date symlink: /home/ueshiba/ros2_ws/install/aruco/share/aruco/cmake/arucoConfig.cmake
[0.310s] -- Up-to-date symlink: /home/ueshiba/ros2_ws/install/aruco/share/aruco/cmake/arucoConfig-version.cmake
[0.310s] -- Up-to-date symlink: /home/ueshiba/ros2_ws/install/aruco/share/aruco/package.xml
[0.324s] Invoked command in '/home/ueshiba/ros2_ws/build/aruco' returned '0': CMAKE_PREFIX_PATH=${CMAKE_PREFIX_PATH}:/home/ueshiba/ros2_ws/install/rqt_reconfigure:/opt/ros/rolling PS1=\[\e]0;\u@\h: \w\a\]\h% /usr/bin/cmake --install /home/ueshiba/ros2_ws/build/aruco
