[0.041s] Invoking command in '/home/ueshiba/ros2_ws/build/aist_iiwa_description': PS1=\[\e]0;\u@\h: \w\a\]\h% /usr/bin/cmake /home/ueshiba/noetic/catkin_ws/src/artros/aist_iiwa/aist_iiwa_description -DCATKIN_INSTALL_INTO_PREFIX_ROOT=0 -DCMAKE_INSTALL_PREFIX=/home/ueshiba/ros2_ws/install
[0.070s] -- The C compiler identification is GNU 11.4.0
[0.116s] -- The CXX compiler identification is GNU 11.4.0
[0.120s] -- Detecting C compiler ABI info
[0.173s] -- Detecting C compiler ABI info - done
[0.179s] -- Check for working C compiler: /usr/bin/cc - skipped
[0.179s] -- Detecting C compile features
[0.179s] -- Detecting C compile features - done
[0.181s] -- Detecting CXX compiler ABI info
[0.240s] -- Detecting CXX compiler ABI info - done
[0.248s] -- Check for working CXX compiler: /usr/bin/c++ - skipped
[0.248s] -- Detecting CXX compile features
[0.248s] -- Detecting CXX compile features - done
[0.253s] -- Configuring incomplete, errors occurred!
[0.253s] See also "/home/ueshiba/ros2_ws/build/aist_iiwa_description/CMakeFiles/CMakeOutput.log".
[0.253s] [31mCMake Error at CMakeLists.txt:4 (find_package):
[0.253s]   By not providing "Findcatkin.cmake" in CMAKE_MODULE_PATH this project has
[0.253s]   asked CMake to find a package configuration file provided by "catkin", but
[0.253s]   CMake did not find one.
[0.253s] 
[0.254s]   Could not find a package configuration file provided by "catkin" with any
[0.254s]   of the following names:
[0.254s] 
[0.254s]     catkinConfig.cmake
[0.254s]     catkin-config.cmake
[0.254s] 
[0.254s]   Add the installation prefix of "catkin" to CMAKE_PREFIX_PATH or set
[0.254s]   "catkin_DIR" to a directory containing one of the above files.  If "catkin"
[0.254s]   provides a separate development package or SDK, be sure it has been
[0.254s]   installed.
[0.254s] 
[0.254s] [0m
