[0.023s] Invoking command in '/home/ueshiba/ros2_ws/build/aist_handeye_calibration': CMAKE_PREFIX_PATH=/home/ueshiba/ros2_ws/install/aist_utility:/home/ueshiba/ros2_ws/install/ddynamic_reconfigure2:/home/ueshiba/ros2_ws/install/aist_msgs:/home/ueshiba/ros2_ws/install/aist_handeye_calibration_msgs:/home/ueshiba/ros2_ws/install/ur_simulation_gz:/home/ueshiba/ros2_ws/install/realsense2_description:/home/ueshiba/ros2_ws/install/realsense2_camera:/home/ueshiba/ros2_ws/install/realsense2_camera_msgs:/home/ueshiba/ros2_ws/install/cu_bridge:/home/ueshiba/ros2_ws/install/aist_handeye_calibration:/home/ueshiba/ros2_ws/install/aist_aruco_ros:/home/ueshiba/ros2_ws/install/aist_phoxi_camera:/home/ueshiba/ros2_ws/install/aist_camera_multiplexer:/home/ueshiba/ros2_ws/install/aruco_ros:/home/ueshiba/ros2_ws/install/aruco_msgs:/home/ueshiba/ros2_ws/install/aruco:/home/ueshiba/ros2_ws/install/aist_description:/home/ueshiba/ros2_ws/install/aist_aruco_msgs:/home/ueshiba/ros2_ws/install/rqt_reconfigure:/opt/ros/rolling LD_LIBRARY_PATH=/home/ueshiba/ros2_ws/install/aist_utility/lib:/home/ueshiba/ros2_ws/install/aist_msgs/lib:/home/ueshiba/ros2_ws/install/aist_handeye_calibration_msgs/lib:/home/ueshiba/ros2_ws/install/realsense2_camera/lib:/home/ueshiba/ros2_ws/install/realsense2_camera_msgs/lib:/home/ueshiba/ros2_ws/install/cu_bridge/lib:/home/ueshiba/ros2_ws/install/aist_handeye_calibration/lib:/home/ueshiba/ros2_ws/install/aist_aruco_ros/lib:/home/ueshiba/ros2_ws/install/aist_phoxi_camera/lib:/home/ueshiba/ros2_ws/install/aist_camera_multiplexer/lib:/home/ueshiba/ros2_ws/install/ddynamic_reconfigure2/lib:/home/ueshiba/ros2_ws/install/aruco_ros/lib:/home/ueshiba/ros2_ws/install/aruco_msgs/lib:/home/ueshiba/ros2_ws/install/aruco/lib:/home/ueshiba/ros2_ws/install/aist_aruco_msgs/lib:/opt/ros/rolling/opt/rviz_ogre_vendor/lib:/opt/ros/rolling/lib/x86_64-linux-gnu:/opt/ros/rolling/lib:/usr/local/lib:/usr/lib64:/usr/local/cuda-12.5/lib64:/opt/Photoneo/PhoXiControl-1.13.4/API/lib PS1=\[\e]0;\u@\h: \w\a\]\h% PYTHONPATH=/home/ueshiba/ros2_ws/install/ddynamic_reconfigure2/lib/python3.10/site-packages:/home/ueshiba/ros2_ws/install/aist_msgs/lib/python3.10/site-packages:/home/ueshiba/ros2_ws/install/aist_handeye_calibration_msgs/lib/python3.10/site-packages:/home/ueshiba/ros2_ws/build/rqt_reconfigure/src:/home/ueshiba/ros2_ws/install/rqt_reconfigure/lib/python3.10/site-packages:/home/ueshiba/ros2_ws/install/realsense2_camera_msgs/lib/python3.10/site-packages:/home/ueshiba/ros2_ws/install/aist_handeye_calibration/lib/python3.10/site-packages:/home/ueshiba/ros2_ws/install/aist_camera_multiplexer/lib/python3.10/site-packages:/home/ueshiba/ros2_ws/install/aruco_msgs/lib/python3.10/site-packages:/home/ueshiba/ros2_ws/install/aist_aruco_msgs/lib/python3.10/site-packages:/opt/ros/rolling/lib/python3.10/site-packages /usr/bin/cmake --build /home/ueshiba/ros2_ws/build/aist_handeye_calibration -- -j24 -l24
[0.081s] [ 25%] [32mBuilding CXX object CMakeFiles/test_calibrator.dir/src/test_calibrator.cpp.o[0m
[0.081s] [ 25%] Built target ament_cmake_python_symlink_aist_handeye_calibration
[0.088s] [ 50%] [32mBuilding CXX object CMakeFiles/aist_handeye_calibration.dir/src/Calibrator.cpp.o[0m
[0.216s] running egg_info
[0.216s] writing aist_handeye_calibration.egg-info/PKG-INFO
[0.216s] writing dependency_links to aist_handeye_calibration.egg-info/dependency_links.txt
[0.216s] writing top-level names to aist_handeye_calibration.egg-info/top_level.txt
[0.217s] reading manifest file 'aist_handeye_calibration.egg-info/SOURCES.txt'
[0.218s] writing manifest file 'aist_handeye_calibration.egg-info/SOURCES.txt'
[0.237s] [ 50%] Built target ament_cmake_python_build_aist_handeye_calibration_egg
[0.938s] /home/ueshiba/ros2_ws/src/artros/aist_handeye_calibration/aist_handeye_calibration/src/test_calibrator.cpp: In instantiation of ‘[01m[Kvoid TU::doJob(const string&, bool) [with T = double; std::string = std::__cxx11::basic_string<char>][m[K’:
[0.938s] [01m[K/home/ueshiba/ros2_ws/src/artros/aist_handeye_calibration/aist_handeye_calibration/src/test_calibrator.cpp:92:19:[m[K   required from here
[0.938s] [01m[K/home/ueshiba/ros2_ws/src/artros/aist_handeye_calibration/aist_handeye_calibration/src/test_calibrator.cpp:49:25:[m[K [01;35m[Kwarning: [m[Kunused variable ‘[01m[Keye_on_hand[m[K’ [[01;35m[K]8;;https://gcc.gnu.org/onlinedocs/gcc/Warning-Options.html#index-Wunused-variable-Wunused-variable]8;;[m[K]
[0.938s]    49 |     const auto          [01;35m[Keye_on_hand[m[K = node["eye_on_hand"].as<bool>();
[0.938s]       |                         [01;35m[K^~~~~~~~~~~[m[K
[12.211s] [ 75%] [32m[1mLinking CXX executable test_calibrator[0m
[18.044s] [ 75%] Built target test_calibrator
[21.328s] [100%] [32m[1mLinking CXX shared library libaist_handeye_calibration.so[0m
[22.711s] [100%] Built target aist_handeye_calibration
[22.723s] Invoked command in '/home/ueshiba/ros2_ws/build/aist_handeye_calibration' returned '0': CMAKE_PREFIX_PATH=/home/ueshiba/ros2_ws/install/aist_utility:/home/ueshiba/ros2_ws/install/ddynamic_reconfigure2:/home/ueshiba/ros2_ws/install/aist_msgs:/home/ueshiba/ros2_ws/install/aist_handeye_calibration_msgs:/home/ueshiba/ros2_ws/install/ur_simulation_gz:/home/ueshiba/ros2_ws/install/realsense2_description:/home/ueshiba/ros2_ws/install/realsense2_camera:/home/ueshiba/ros2_ws/install/realsense2_camera_msgs:/home/ueshiba/ros2_ws/install/cu_bridge:/home/ueshiba/ros2_ws/install/aist_handeye_calibration:/home/ueshiba/ros2_ws/install/aist_aruco_ros:/home/ueshiba/ros2_ws/install/aist_phoxi_camera:/home/ueshiba/ros2_ws/install/aist_camera_multiplexer:/home/ueshiba/ros2_ws/install/aruco_ros:/home/ueshiba/ros2_ws/install/aruco_msgs:/home/ueshiba/ros2_ws/install/aruco:/home/ueshiba/ros2_ws/install/aist_description:/home/ueshiba/ros2_ws/install/aist_aruco_msgs:/home/ueshiba/ros2_ws/install/rqt_reconfigure:/opt/ros/rolling LD_LIBRARY_PATH=/home/ueshiba/ros2_ws/install/aist_utility/lib:/home/ueshiba/ros2_ws/install/aist_msgs/lib:/home/ueshiba/ros2_ws/install/aist_handeye_calibration_msgs/lib:/home/ueshiba/ros2_ws/install/realsense2_camera/lib:/home/ueshiba/ros2_ws/install/realsense2_camera_msgs/lib:/home/ueshiba/ros2_ws/install/cu_bridge/lib:/home/ueshiba/ros2_ws/install/aist_handeye_calibration/lib:/home/ueshiba/ros2_ws/install/aist_aruco_ros/lib:/home/ueshiba/ros2_ws/install/aist_phoxi_camera/lib:/home/ueshiba/ros2_ws/install/aist_camera_multiplexer/lib:/home/ueshiba/ros2_ws/install/ddynamic_reconfigure2/lib:/home/ueshiba/ros2_ws/install/aruco_ros/lib:/home/ueshiba/ros2_ws/install/aruco_msgs/lib:/home/ueshiba/ros2_ws/install/aruco/lib:/home/ueshiba/ros2_ws/install/aist_aruco_msgs/lib:/opt/ros/rolling/opt/rviz_ogre_vendor/lib:/opt/ros/rolling/lib/x86_64-linux-gnu:/opt/ros/rolling/lib:/usr/local/lib:/usr/lib64:/usr/local/cuda-12.5/lib64:/opt/Photoneo/PhoXiControl-1.13.4/API/lib PS1=\[\e]0;\u@\h: \w\a\]\h% PYTHONPATH=/home/ueshiba/ros2_ws/install/ddynamic_reconfigure2/lib/python3.10/site-packages:/home/ueshiba/ros2_ws/install/aist_msgs/lib/python3.10/site-packages:/home/ueshiba/ros2_ws/install/aist_handeye_calibration_msgs/lib/python3.10/site-packages:/home/ueshiba/ros2_ws/build/rqt_reconfigure/src:/home/ueshiba/ros2_ws/install/rqt_reconfigure/lib/python3.10/site-packages:/home/ueshiba/ros2_ws/install/realsense2_camera_msgs/lib/python3.10/site-packages:/home/ueshiba/ros2_ws/install/aist_handeye_calibration/lib/python3.10/site-packages:/home/ueshiba/ros2_ws/install/aist_camera_multiplexer/lib/python3.10/site-packages:/home/ueshiba/ros2_ws/install/aruco_msgs/lib/python3.10/site-packages:/home/ueshiba/ros2_ws/install/aist_aruco_msgs/lib/python3.10/site-packages:/opt/ros/rolling/lib/python3.10/site-packages /usr/bin/cmake --build /home/ueshiba/ros2_ws/build/aist_handeye_calibration -- -j24 -l24
[22.754s] Invoking command in '/home/ueshiba/ros2_ws/build/aist_handeye_calibration': CMAKE_PREFIX_PATH=/home/ueshiba/ros2_ws/install/aist_utility:/home/ueshiba/ros2_ws/install/ddynamic_reconfigure2:/home/ueshiba/ros2_ws/install/aist_msgs:/home/ueshiba/ros2_ws/install/aist_handeye_calibration_msgs:/home/ueshiba/ros2_ws/install/ur_simulation_gz:/home/ueshiba/ros2_ws/install/realsense2_description:/home/ueshiba/ros2_ws/install/realsense2_camera:/home/ueshiba/ros2_ws/install/realsense2_camera_msgs:/home/ueshiba/ros2_ws/install/cu_bridge:/home/ueshiba/ros2_ws/install/aist_handeye_calibration:/home/ueshiba/ros2_ws/install/aist_aruco_ros:/home/ueshiba/ros2_ws/install/aist_phoxi_camera:/home/ueshiba/ros2_ws/install/aist_camera_multiplexer:/home/ueshiba/ros2_ws/install/aruco_ros:/home/ueshiba/ros2_ws/install/aruco_msgs:/home/ueshiba/ros2_ws/install/aruco:/home/ueshiba/ros2_ws/install/aist_description:/home/ueshiba/ros2_ws/install/aist_aruco_msgs:/home/ueshiba/ros2_ws/install/rqt_reconfigure:/opt/ros/rolling LD_LIBRARY_PATH=/home/ueshiba/ros2_ws/install/aist_utility/lib:/home/ueshiba/ros2_ws/install/aist_msgs/lib:/home/ueshiba/ros2_ws/install/aist_handeye_calibration_msgs/lib:/home/ueshiba/ros2_ws/install/realsense2_camera/lib:/home/ueshiba/ros2_ws/install/realsense2_camera_msgs/lib:/home/ueshiba/ros2_ws/install/cu_bridge/lib:/home/ueshiba/ros2_ws/install/aist_handeye_calibration/lib:/home/ueshiba/ros2_ws/install/aist_aruco_ros/lib:/home/ueshiba/ros2_ws/install/aist_phoxi_camera/lib:/home/ueshiba/ros2_ws/install/aist_camera_multiplexer/lib:/home/ueshiba/ros2_ws/install/ddynamic_reconfigure2/lib:/home/ueshiba/ros2_ws/install/aruco_ros/lib:/home/ueshiba/ros2_ws/install/aruco_msgs/lib:/home/ueshiba/ros2_ws/install/aruco/lib:/home/ueshiba/ros2_ws/install/aist_aruco_msgs/lib:/opt/ros/rolling/opt/rviz_ogre_vendor/lib:/opt/ros/rolling/lib/x86_64-linux-gnu:/opt/ros/rolling/lib:/usr/local/lib:/usr/lib64:/usr/local/cuda-12.5/lib64:/opt/Photoneo/PhoXiControl-1.13.4/API/lib PS1=\[\e]0;\u@\h: \w\a\]\h% PYTHONPATH=/home/ueshiba/ros2_ws/install/ddynamic_reconfigure2/lib/python3.10/site-packages:/home/ueshiba/ros2_ws/install/aist_msgs/lib/python3.10/site-packages:/home/ueshiba/ros2_ws/install/aist_handeye_calibration_msgs/lib/python3.10/site-packages:/home/ueshiba/ros2_ws/build/rqt_reconfigure/src:/home/ueshiba/ros2_ws/install/rqt_reconfigure/lib/python3.10/site-packages:/home/ueshiba/ros2_ws/install/realsense2_camera_msgs/lib/python3.10/site-packages:/home/ueshiba/ros2_ws/install/aist_handeye_calibration/lib/python3.10/site-packages:/home/ueshiba/ros2_ws/install/aist_camera_multiplexer/lib/python3.10/site-packages:/home/ueshiba/ros2_ws/install/aruco_msgs/lib/python3.10/site-packages:/home/ueshiba/ros2_ws/install/aist_aruco_msgs/lib/python3.10/site-packages:/opt/ros/rolling/lib/python3.10/site-packages /usr/bin/cmake --install /home/ueshiba/ros2_ws/build/aist_handeye_calibration
[22.760s] -- Install configuration: ""
[22.760s] -- Execute custom install script
[22.761s] -- Up-to-date symlink: /home/ueshiba/ros2_ws/install/aist_handeye_calibration/share/aist_handeye_calibration/environment/pythonpath.sh
[22.761s] -- Up-to-date symlink: /home/ueshiba/ros2_ws/install/aist_handeye_calibration/share/aist_handeye_calibration/environment/pythonpath.dsv
[22.761s] -- Up-to-date symlink: /home/ueshiba/ros2_ws/install/aist_handeye_calibration/lib/python3.10/site-packages/aist_handeye_calibration-1.0.0-py3.10.egg-info/PKG-INFO
[22.761s] -- Up-to-date symlink: /home/ueshiba/ros2_ws/install/aist_handeye_calibration/lib/python3.10/site-packages/aist_handeye_calibration-1.0.0-py3.10.egg-info/SOURCES.txt
[22.761s] -- Up-to-date symlink: /home/ueshiba/ros2_ws/install/aist_handeye_calibration/lib/python3.10/site-packages/aist_handeye_calibration-1.0.0-py3.10.egg-info/dependency_links.txt
[22.761s] -- Up-to-date symlink: /home/ueshiba/ros2_ws/install/aist_handeye_calibration/lib/python3.10/site-packages/aist_handeye_calibration-1.0.0-py3.10.egg-info/top_level.txt
[22.764s] [33mCMake Warning (dev) at ament_cmake_symlink_install/ament_cmake_symlink_install.cmake:62 (file):
[22.764s]   Policy CMP0009 is not set: FILE GLOB_RECURSE calls should not follow
[22.764s]   symlinks by default.  Run "cmake --help-policy CMP0009" for policy details.
[22.764s]   Use the cmake_policy command to set the policy and suppress this warning.
[22.764s] Call Stack (most recent call first):
[22.764s]   ament_cmake_symlink_install/ament_cmake_symlink_install.cmake:323 (ament_cmake_symlink_install_directory)
[22.764s]   cmake_install.cmake:46 (include)
[22.764s] This warning is for project developers.  Use -Wno-dev to suppress it.
[22.764s] [0m
[22.764s] [33mCMake Warning (dev) at ament_cmake_symlink_install/ament_cmake_symlink_install.cmake:73 (file):
[22.764s]   Policy CMP0009 is not set: FILE GLOB_RECURSE calls should not follow
[22.764s]   symlinks by default.  Run "cmake --help-policy CMP0009" for policy details.
[22.764s]   Use the cmake_policy command to set the policy and suppress this warning.
[22.765s] Call Stack (most recent call first):
[22.765s]   ament_cmake_symlink_install/ament_cmake_symlink_install.cmake:323 (ament_cmake_symlink_install_directory)
[22.765s]   cmake_install.cmake:46 (include)
[22.765s] This warning is for project developers.  Use -Wno-dev to suppress it.
[22.765s] [0m
[22.765s] [33mCMake Warning (dev) at ament_cmake_symlink_install/ament_cmake_symlink_install.cmake:73 (file):
[22.765s]   Policy CMP0009 is not set: FILE GLOB_RECURSE calls should not follow
[22.765s]   symlinks by default.  Run "cmake --help-policy CMP0009" for policy details.
[22.765s]   Use the cmake_policy command to set the policy and suppress this warning.
[22.765s] Call Stack (most recent call first):
[22.765s]   ament_cmake_symlink_install/ament_cmake_symlink_install.cmake:323 (ament_cmake_symlink_install_directory)
[22.765s]   cmake_install.cmake:46 (include)
[22.765s] This warning is for project developers.  Use -Wno-dev to suppress it.
[22.765s] [0m
[22.765s] -- Up-to-date symlink: /home/ueshiba/ros2_ws/install/aist_handeye_calibration/lib/python3.10/site-packages/aist_handeye_calibration/__init__.py
[22.765s] -- Up-to-date symlink: /home/ueshiba/ros2_ws/install/aist_handeye_calibration/lib/python3.10/site-packages/aist_handeye_calibration/log/COLCON_IGNORE
[22.765s] -- Up-to-date symlink: /home/ueshiba/ros2_ws/install/aist_handeye_calibration/lib/python3.10/site-packages/aist_handeye_calibration/log/build_2024-06-21_11-17-50/aist_handeye_calibration/command.log
[22.766s] -- Up-to-date symlink: /home/ueshiba/ros2_ws/install/aist_handeye_calibration/lib/python3.10/site-packages/aist_handeye_calibration/log/build_2024-06-21_11-17-50/aist_handeye_calibration/stderr.log
[22.766s] -- Up-to-date symlink: /home/ueshiba/ros2_ws/install/aist_handeye_calibration/lib/python3.10/site-packages/aist_handeye_calibration/log/build_2024-06-21_11-17-50/aist_handeye_calibration/stdout.log
[22.766s] -- Up-to-date symlink: /home/ueshiba/ros2_ws/install/aist_handeye_calibration/lib/python3.10/site-packages/aist_handeye_calibration/log/build_2024-06-21_11-17-50/aist_handeye_calibration/stdout_stderr.log
[22.766s] -- Up-to-date symlink: /home/ueshiba/ros2_ws/install/aist_handeye_calibration/lib/python3.10/site-packages/aist_handeye_calibration/log/build_2024-06-21_11-17-50/aist_handeye_calibration/streams.log
[22.766s] -- Up-to-date symlink: /home/ueshiba/ros2_ws/install/aist_handeye_calibration/lib/python3.10/site-packages/aist_handeye_calibration/log/build_2024-06-21_11-17-50/events.log
[22.766s] -- Up-to-date symlink: /home/ueshiba/ros2_ws/install/aist_handeye_calibration/lib/python3.10/site-packages/aist_handeye_calibration/log/build_2024-06-21_11-17-50/logger_all.log
[22.766s] -- Up-to-date symlink: /home/ueshiba/ros2_ws/install/aist_handeye_calibration/lib/python3.10/site-packages/aist_handeye_calibration/log/build_2024-06-21_11-37-30/aist_aruco_msgs/command.log
[22.766s] -- Up-to-date symlink: /home/ueshiba/ros2_ws/install/aist_handeye_calibration/lib/python3.10/site-packages/aist_handeye_calibration/log/build_2024-06-21_11-37-30/aist_aruco_msgs/stderr.log
[22.766s] -- Up-to-date symlink: /home/ueshiba/ros2_ws/install/aist_handeye_calibration/lib/python3.10/site-packages/aist_handeye_calibration/log/build_2024-06-21_11-37-30/aist_aruco_msgs/stdout.log
[22.767s] -- Up-to-date symlink: /home/ueshiba/ros2_ws/install/aist_handeye_calibration/lib/python3.10/site-packages/aist_handeye_calibration/log/build_2024-06-21_11-37-30/aist_aruco_msgs/stdout_stderr.log
[22.767s] -- Up-to-date symlink: /home/ueshiba/ros2_ws/install/aist_handeye_calibration/lib/python3.10/site-packages/aist_handeye_calibration/log/build_2024-06-21_11-37-30/aist_aruco_msgs/streams.log
[22.767s] -- Up-to-date symlink: /home/ueshiba/ros2_ws/install/aist_handeye_calibration/lib/python3.10/site-packages/aist_handeye_calibration/log/build_2024-06-21_11-37-30/aist_aruco_ros/command.log
[22.767s] -- Up-to-date symlink: /home/ueshiba/ros2_ws/install/aist_handeye_calibration/lib/python3.10/site-packages/aist_handeye_calibration/log/build_2024-06-21_11-37-30/aist_aruco_ros/stderr.log
[22.767s] -- Up-to-date symlink: /home/ueshiba/ros2_ws/install/aist_handeye_calibration/lib/python3.10/site-packages/aist_handeye_calibration/log/build_2024-06-21_11-37-30/aist_aruco_ros/stdout.log
[22.767s] -- Up-to-date symlink: /home/ueshiba/ros2_ws/install/aist_handeye_calibration/lib/python3.10/site-packages/aist_handeye_calibration/log/build_2024-06-21_11-37-30/aist_aruco_ros/stdout_stderr.log
[22.768s] -- Up-to-date symlink: /home/ueshiba/ros2_ws/install/aist_handeye_calibration/lib/python3.10/site-packages/aist_handeye_calibration/log/build_2024-06-21_11-37-30/aist_aruco_ros/streams.log
[22.768s] -- Up-to-date symlink: /home/ueshiba/ros2_ws/install/aist_handeye_calibration/lib/python3.10/site-packages/aist_handeye_calibration/log/build_2024-06-21_11-37-30/aist_handeye_calibration/command.log
[22.768s] -- Up-to-date symlink: /home/ueshiba/ros2_ws/install/aist_handeye_calibration/lib/python3.10/site-packages/aist_handeye_calibration/log/build_2024-06-21_11-37-30/aist_handeye_calibration/stderr.log
[22.768s] -- Up-to-date symlink: /home/ueshiba/ros2_ws/install/aist_handeye_calibration/lib/python3.10/site-packages/aist_handeye_calibration/log/build_2024-06-21_11-37-30/aist_handeye_calibration/stdout.log
[22.768s] -- Up-to-date symlink: /home/ueshiba/ros2_ws/install/aist_handeye_calibration/lib/python3.10/site-packages/aist_handeye_calibration/log/build_2024-06-21_11-37-30/aist_handeye_calibration/stdout_stderr.log
[22.768s] -- Up-to-date symlink: /home/ueshiba/ros2_ws/install/aist_handeye_calibration/lib/python3.10/site-packages/aist_handeye_calibration/log/build_2024-06-21_11-37-30/aist_handeye_calibration/streams.log
[22.768s] -- Up-to-date symlink: /home/ueshiba/ros2_ws/install/aist_handeye_calibration/lib/python3.10/site-packages/aist_handeye_calibration/log/build_2024-06-21_11-37-30/aist_handeye_calibration_msgs/command.log
[22.768s] -- Up-to-date symlink: /home/ueshiba/ros2_ws/install/aist_handeye_calibration/lib/python3.10/site-packages/aist_handeye_calibration/log/build_2024-06-21_11-37-30/aist_handeye_calibration_msgs/stderr.log
[22.769s] -- Up-to-date symlink: /home/ueshiba/ros2_ws/install/aist_handeye_calibration/lib/python3.10/site-packages/aist_handeye_calibration/log/build_2024-06-21_11-37-30/aist_handeye_calibration_msgs/stdout.log
[22.769s] -- Up-to-date symlink: /home/ueshiba/ros2_ws/install/aist_handeye_calibration/lib/python3.10/site-packages/aist_handeye_calibration/log/build_2024-06-21_11-37-30/aist_handeye_calibration_msgs/stdout_stderr.log
[22.769s] -- Up-to-date symlink: /home/ueshiba/ros2_ws/install/aist_handeye_calibration/lib/python3.10/site-packages/aist_handeye_calibration/log/build_2024-06-21_11-37-30/aist_handeye_calibration_msgs/streams.log
[22.769s] -- Up-to-date symlink: /home/ueshiba/ros2_ws/install/aist_handeye_calibration/lib/python3.10/site-packages/aist_handeye_calibration/log/build_2024-06-21_11-37-30/aist_msgs/command.log
[22.769s] -- Up-to-date symlink: /home/ueshiba/ros2_ws/install/aist_handeye_calibration/lib/python3.10/site-packages/aist_handeye_calibration/log/build_2024-06-21_11-37-30/aist_msgs/stderr.log
[22.769s] -- Up-to-date symlink: /home/ueshiba/ros2_ws/install/aist_handeye_calibration/lib/python3.10/site-packages/aist_handeye_calibration/log/build_2024-06-21_11-37-30/aist_msgs/stdout.log
[22.769s] -- Up-to-date symlink: /home/ueshiba/ros2_ws/install/aist_handeye_calibration/lib/python3.10/site-packages/aist_handeye_calibration/log/build_2024-06-21_11-37-30/aist_msgs/stdout_stderr.log
[22.769s] -- Up-to-date symlink: /home/ueshiba/ros2_ws/install/aist_handeye_calibration/lib/python3.10/site-packages/aist_handeye_calibration/log/build_2024-06-21_11-37-30/aist_msgs/streams.log
[22.770s] -- Up-to-date symlink: /home/ueshiba/ros2_ws/install/aist_handeye_calibration/lib/python3.10/site-packages/aist_handeye_calibration/log/build_2024-06-21_11-37-30/aist_phoxi_camera/command.log
[22.770s] -- Up-to-date symlink: /home/ueshiba/ros2_ws/install/aist_handeye_calibration/lib/python3.10/site-packages/aist_handeye_calibration/log/build_2024-06-21_11-37-30/aist_phoxi_camera/stderr.log
[22.770s] -- Up-to-date symlink: /home/ueshiba/ros2_ws/install/aist_handeye_calibration/lib/python3.10/site-packages/aist_handeye_calibration/log/build_2024-06-21_11-37-30/aist_phoxi_camera/stdout.log
[22.770s] -- Up-to-date symlink: /home/ueshiba/ros2_ws/install/aist_handeye_calibration/lib/python3.10/site-packages/aist_handeye_calibration/log/build_2024-06-21_11-37-30/aist_phoxi_camera/stdout_stderr.log
[22.770s] -- Up-to-date symlink: /home/ueshiba/ros2_ws/install/aist_handeye_calibration/lib/python3.10/site-packages/aist_handeye_calibration/log/build_2024-06-21_11-37-30/aist_phoxi_camera/streams.log
[22.770s] -- Up-to-date symlink: /home/ueshiba/ros2_ws/install/aist_handeye_calibration/lib/python3.10/site-packages/aist_handeye_calibration/log/build_2024-06-21_11-37-30/aist_utility/command.log
[22.770s] -- Up-to-date symlink: /home/ueshiba/ros2_ws/install/aist_handeye_calibration/lib/python3.10/site-packages/aist_handeye_calibration/log/build_2024-06-21_11-37-30/aist_utility/stderr.log
[22.770s] -- Up-to-date symlink: /home/ueshiba/ros2_ws/install/aist_handeye_calibration/lib/python3.10/site-packages/aist_handeye_calibration/log/build_2024-06-21_11-37-30/aist_utility/stdout.log
[22.770s] -- Up-to-date symlink: /home/ueshiba/ros2_ws/install/aist_handeye_calibration/lib/python3.10/site-packages/aist_handeye_calibration/log/build_2024-06-21_11-37-30/aist_utility/stdout_stderr.log
[22.771s] -- Up-to-date symlink: /home/ueshiba/ros2_ws/install/aist_handeye_calibration/lib/python3.10/site-packages/aist_handeye_calibration/log/build_2024-06-21_11-37-30/aist_utility/streams.log
[22.771s] -- Up-to-date symlink: /home/ueshiba/ros2_ws/install/aist_handeye_calibration/lib/python3.10/site-packages/aist_handeye_calibration/log/build_2024-06-21_11-37-30/aruco/command.log
[22.771s] -- Up-to-date symlink: /home/ueshiba/ros2_ws/install/aist_handeye_calibration/lib/python3.10/site-packages/aist_handeye_calibration/log/build_2024-06-21_11-37-30/aruco/stderr.log
[22.771s] -- Up-to-date symlink: /home/ueshiba/ros2_ws/install/aist_handeye_calibration/lib/python3.10/site-packages/aist_handeye_calibration/log/build_2024-06-21_11-37-30/aruco/stdout.log
[22.771s] -- Up-to-date symlink: /home/ueshiba/ros2_ws/install/aist_handeye_calibration/lib/python3.10/site-packages/aist_handeye_calibration/log/build_2024-06-21_11-37-30/aruco/stdout_stderr.log
[22.771s] -- Up-to-date symlink: /home/ueshiba/ros2_ws/install/aist_handeye_calibration/lib/python3.10/site-packages/aist_handeye_calibration/log/build_2024-06-21_11-37-30/aruco/streams.log
[22.771s] -- Up-to-date symlink: /home/ueshiba/ros2_ws/install/aist_handeye_calibration/lib/python3.10/site-packages/aist_handeye_calibration/log/build_2024-06-21_11-37-30/aruco_msgs/command.log
[22.771s] -- Up-to-date symlink: /home/ueshiba/ros2_ws/install/aist_handeye_calibration/lib/python3.10/site-packages/aist_handeye_calibration/log/build_2024-06-21_11-37-30/aruco_msgs/stderr.log
[22.772s] -- Up-to-date symlink: /home/ueshiba/ros2_ws/install/aist_handeye_calibration/lib/python3.10/site-packages/aist_handeye_calibration/log/build_2024-06-21_11-37-30/aruco_msgs/stdout.log
[22.772s] -- Up-to-date symlink: /home/ueshiba/ros2_ws/install/aist_handeye_calibration/lib/python3.10/site-packages/aist_handeye_calibration/log/build_2024-06-21_11-37-30/aruco_msgs/stdout_stderr.log
[22.772s] -- Up-to-date symlink: /home/ueshiba/ros2_ws/install/aist_handeye_calibration/lib/python3.10/site-packages/aist_handeye_calibration/log/build_2024-06-21_11-37-30/aruco_msgs/streams.log
[22.772s] -- Up-to-date symlink: /home/ueshiba/ros2_ws/install/aist_handeye_calibration/lib/python3.10/site-packages/aist_handeye_calibration/log/build_2024-06-21_11-37-30/aruco_ros/command.log
[22.772s] -- Up-to-date symlink: /home/ueshiba/ros2_ws/install/aist_handeye_calibration/lib/python3.10/site-packages/aist_handeye_calibration/log/build_2024-06-21_11-37-30/aruco_ros/stderr.log
[22.772s] -- Up-to-date symlink: /home/ueshiba/ros2_ws/install/aist_handeye_calibration/lib/python3.10/site-packages/aist_handeye_calibration/log/build_2024-06-21_11-37-30/aruco_ros/stdout.log
[22.772s] -- Up-to-date symlink: /home/ueshiba/ros2_ws/install/aist_handeye_calibration/lib/python3.10/site-packages/aist_handeye_calibration/log/build_2024-06-21_11-37-30/aruco_ros/stdout_stderr.log
[22.772s] -- Up-to-date symlink: /home/ueshiba/ros2_ws/install/aist_handeye_calibration/lib/python3.10/site-packages/aist_handeye_calibration/log/build_2024-06-21_11-37-30/aruco_ros/streams.log
[22.772s] -- Up-to-date symlink: /home/ueshiba/ros2_ws/install/aist_handeye_calibration/lib/python3.10/site-packages/aist_handeye_calibration/log/build_2024-06-21_11-37-30/cu_bridge/command.log
[22.773s] -- Up-to-date symlink: /home/ueshiba/ros2_ws/install/aist_handeye_calibration/lib/python3.10/site-packages/aist_handeye_calibration/log/build_2024-06-21_11-37-30/cu_bridge/stderr.log
[22.773s] -- Up-to-date symlink: /home/ueshiba/ros2_ws/install/aist_handeye_calibration/lib/python3.10/site-packages/aist_handeye_calibration/log/build_2024-06-21_11-37-30/cu_bridge/stdout.log
[22.773s] -- Up-to-date symlink: /home/ueshiba/ros2_ws/install/aist_handeye_calibration/lib/python3.10/site-packages/aist_handeye_calibration/log/build_2024-06-21_11-37-30/cu_bridge/stdout_stderr.log
[22.773s] -- Up-to-date symlink: /home/ueshiba/ros2_ws/install/aist_handeye_calibration/lib/python3.10/site-packages/aist_handeye_calibration/log/build_2024-06-21_11-37-30/cu_bridge/streams.log
[22.773s] -- Up-to-date symlink: /home/ueshiba/ros2_ws/install/aist_handeye_calibration/lib/python3.10/site-packages/aist_handeye_calibration/log/build_2024-06-21_11-37-30/ddynamic_reconfigure2/command.log
[22.773s] -- Up-to-date symlink: /home/ueshiba/ros2_ws/install/aist_handeye_calibration/lib/python3.10/site-packages/aist_handeye_calibration/log/build_2024-06-21_11-37-30/ddynamic_reconfigure2/stderr.log
[22.773s] -- Up-to-date symlink: /home/ueshiba/ros2_ws/install/aist_handeye_calibration/lib/python3.10/site-packages/aist_handeye_calibration/log/build_2024-06-21_11-37-30/ddynamic_reconfigure2/stdout.log
[22.773s] -- Up-to-date symlink: /home/ueshiba/ros2_ws/install/aist_handeye_calibration/lib/python3.10/site-packages/aist_handeye_calibration/log/build_2024-06-21_11-37-30/ddynamic_reconfigure2/stdout_stderr.log
[22.774s] -- Up-to-date symlink: /home/ueshiba/ros2_ws/install/aist_handeye_calibration/lib/python3.10/site-packages/aist_handeye_calibration/log/build_2024-06-21_11-37-30/ddynamic_reconfigure2/streams.log
[22.774s] -- Up-to-date symlink: /home/ueshiba/ros2_ws/install/aist_handeye_calibration/lib/python3.10/site-packages/aist_handeye_calibration/log/build_2024-06-21_11-37-30/events.log
[22.774s] -- Up-to-date symlink: /home/ueshiba/ros2_ws/install/aist_handeye_calibration/lib/python3.10/site-packages/aist_handeye_calibration/log/build_2024-06-21_11-37-30/logger_all.log
[22.774s] -- Up-to-date symlink: /home/ueshiba/ros2_ws/install/aist_handeye_calibration/lib/python3.10/site-packages/aist_handeye_calibration/log/build_2024-06-21_11-37-30/realsense2_camera/command.log
[22.774s] -- Up-to-date symlink: /home/ueshiba/ros2_ws/install/aist_handeye_calibration/lib/python3.10/site-packages/aist_handeye_calibration/log/build_2024-06-21_11-37-30/realsense2_camera/stderr.log
[22.774s] -- Up-to-date symlink: /home/ueshiba/ros2_ws/install/aist_handeye_calibration/lib/python3.10/site-packages/aist_handeye_calibration/log/build_2024-06-21_11-37-30/realsense2_camera/stdout.log
[22.774s] -- Up-to-date symlink: /home/ueshiba/ros2_ws/install/aist_handeye_calibration/lib/python3.10/site-packages/aist_handeye_calibration/log/build_2024-06-21_11-37-30/realsense2_camera/stdout_stderr.log
[22.774s] -- Up-to-date symlink: /home/ueshiba/ros2_ws/install/aist_handeye_calibration/lib/python3.10/site-packages/aist_handeye_calibration/log/build_2024-06-21_11-37-30/realsense2_camera/streams.log
[22.774s] -- Up-to-date symlink: /home/ueshiba/ros2_ws/install/aist_handeye_calibration/lib/python3.10/site-packages/aist_handeye_calibration/log/build_2024-06-21_11-37-30/realsense2_camera_msgs/command.log
[22.775s] -- Up-to-date symlink: /home/ueshiba/ros2_ws/install/aist_handeye_calibration/lib/python3.10/site-packages/aist_handeye_calibration/log/build_2024-06-21_11-37-30/realsense2_camera_msgs/stderr.log
[22.775s] -- Up-to-date symlink: /home/ueshiba/ros2_ws/install/aist_handeye_calibration/lib/python3.10/site-packages/aist_handeye_calibration/log/build_2024-06-21_11-37-30/realsense2_camera_msgs/stdout.log
[22.775s] -- Up-to-date symlink: /home/ueshiba/ros2_ws/install/aist_handeye_calibration/lib/python3.10/site-packages/aist_handeye_calibration/log/build_2024-06-21_11-37-30/realsense2_camera_msgs/stdout_stderr.log
[22.775s] -- Up-to-date symlink: /home/ueshiba/ros2_ws/install/aist_handeye_calibration/lib/python3.10/site-packages/aist_handeye_calibration/log/build_2024-06-21_11-37-30/realsense2_camera_msgs/streams.log
[22.775s] -- Up-to-date symlink: /home/ueshiba/ros2_ws/install/aist_handeye_calibration/lib/python3.10/site-packages/aist_handeye_calibration/log/build_2024-06-21_11-37-30/realsense2_description/command.log
[22.775s] -- Up-to-date symlink: /home/ueshiba/ros2_ws/install/aist_handeye_calibration/lib/python3.10/site-packages/aist_handeye_calibration/log/build_2024-06-21_11-37-30/realsense2_description/stderr.log
[22.775s] -- Up-to-date symlink: /home/ueshiba/ros2_ws/install/aist_handeye_calibration/lib/python3.10/site-packages/aist_handeye_calibration/log/build_2024-06-21_11-37-30/realsense2_description/stdout.log
[22.775s] -- Up-to-date symlink: /home/ueshiba/ros2_ws/install/aist_handeye_calibration/lib/python3.10/site-packages/aist_handeye_calibration/log/build_2024-06-21_11-37-30/realsense2_description/stdout_stderr.log
[22.775s] -- Up-to-date symlink: /home/ueshiba/ros2_ws/install/aist_handeye_calibration/lib/python3.10/site-packages/aist_handeye_calibration/log/build_2024-06-21_11-37-30/realsense2_description/streams.log
[22.776s] -- Up-to-date symlink: /home/ueshiba/ros2_ws/install/aist_handeye_calibration/lib/python3.10/site-packages/aist_handeye_calibration/log/build_2024-06-21_11-37-30/rqt_reconfigure/command.log
[22.776s] -- Up-to-date symlink: /home/ueshiba/ros2_ws/install/aist_handeye_calibration/lib/python3.10/site-packages/aist_handeye_calibration/log/build_2024-06-21_11-37-30/rqt_reconfigure/stderr.log
[22.776s] -- Up-to-date symlink: /home/ueshiba/ros2_ws/install/aist_handeye_calibration/lib/python3.10/site-packages/aist_handeye_calibration/log/build_2024-06-21_11-37-30/rqt_reconfigure/stdout.log
[22.776s] -- Up-to-date symlink: /home/ueshiba/ros2_ws/install/aist_handeye_calibration/lib/python3.10/site-packages/aist_handeye_calibration/log/build_2024-06-21_11-37-30/rqt_reconfigure/stdout_stderr.log
[22.776s] -- Up-to-date symlink: /home/ueshiba/ros2_ws/install/aist_handeye_calibration/lib/python3.10/site-packages/aist_handeye_calibration/log/build_2024-06-21_11-37-30/rqt_reconfigure/streams.log
[22.776s] -- Up-to-date symlink: /home/ueshiba/ros2_ws/install/aist_handeye_calibration/lib/python3.10/site-packages/aist_handeye_calibration/log/latest/aist_aruco_msgs/command.log
[22.776s] -- Up-to-date symlink: /home/ueshiba/ros2_ws/install/aist_handeye_calibration/lib/python3.10/site-packages/aist_handeye_calibration/log/latest/aist_aruco_msgs/stderr.log
[22.776s] -- Up-to-date symlink: /home/ueshiba/ros2_ws/install/aist_handeye_calibration/lib/python3.10/site-packages/aist_handeye_calibration/log/latest/aist_aruco_msgs/stdout.log
[22.777s] -- Up-to-date symlink: /home/ueshiba/ros2_ws/install/aist_handeye_calibration/lib/python3.10/site-packages/aist_handeye_calibration/log/latest/aist_aruco_msgs/stdout_stderr.log
[22.777s] -- Up-to-date symlink: /home/ueshiba/ros2_ws/install/aist_handeye_calibration/lib/python3.10/site-packages/aist_handeye_calibration/log/latest/aist_aruco_msgs/streams.log
[22.777s] -- Up-to-date symlink: /home/ueshiba/ros2_ws/install/aist_handeye_calibration/lib/python3.10/site-packages/aist_handeye_calibration/log/latest/aist_aruco_ros/command.log
[22.777s] -- Up-to-date symlink: /home/ueshiba/ros2_ws/install/aist_handeye_calibration/lib/python3.10/site-packages/aist_handeye_calibration/log/latest/aist_aruco_ros/stderr.log
[22.777s] -- Up-to-date symlink: /home/ueshiba/ros2_ws/install/aist_handeye_calibration/lib/python3.10/site-packages/aist_handeye_calibration/log/latest/aist_aruco_ros/stdout.log
[22.777s] -- Up-to-date symlink: /home/ueshiba/ros2_ws/install/aist_handeye_calibration/lib/python3.10/site-packages/aist_handeye_calibration/log/latest/aist_aruco_ros/stdout_stderr.log
[22.777s] -- Up-to-date symlink: /home/ueshiba/ros2_ws/install/aist_handeye_calibration/lib/python3.10/site-packages/aist_handeye_calibration/log/latest/aist_aruco_ros/streams.log
[22.777s] -- Up-to-date symlink: /home/ueshiba/ros2_ws/install/aist_handeye_calibration/lib/python3.10/site-packages/aist_handeye_calibration/log/latest/aist_handeye_calibration/command.log
[22.777s] -- Up-to-date symlink: /home/ueshiba/ros2_ws/install/aist_handeye_calibration/lib/python3.10/site-packages/aist_handeye_calibration/log/latest/aist_handeye_calibration/stderr.log
[22.778s] -- Up-to-date symlink: /home/ueshiba/ros2_ws/install/aist_handeye_calibration/lib/python3.10/site-packages/aist_handeye_calibration/log/latest/aist_handeye_calibration/stdout.log
[22.778s] -- Up-to-date symlink: /home/ueshiba/ros2_ws/install/aist_handeye_calibration/lib/python3.10/site-packages/aist_handeye_calibration/log/latest/aist_handeye_calibration/stdout_stderr.log
[22.778s] -- Up-to-date symlink: /home/ueshiba/ros2_ws/install/aist_handeye_calibration/lib/python3.10/site-packages/aist_handeye_calibration/log/latest/aist_handeye_calibration/streams.log
[22.778s] -- Up-to-date symlink: /home/ueshiba/ros2_ws/install/aist_handeye_calibration/lib/python3.10/site-packages/aist_handeye_calibration/log/latest/aist_handeye_calibration_msgs/command.log
[22.778s] -- Up-to-date symlink: /home/ueshiba/ros2_ws/install/aist_handeye_calibration/lib/python3.10/site-packages/aist_handeye_calibration/log/latest/aist_handeye_calibration_msgs/stderr.log
[22.778s] -- Up-to-date symlink: /home/ueshiba/ros2_ws/install/aist_handeye_calibration/lib/python3.10/site-packages/aist_handeye_calibration/log/latest/aist_handeye_calibration_msgs/stdout.log
[22.778s] -- Up-to-date symlink: /home/ueshiba/ros2_ws/install/aist_handeye_calibration/lib/python3.10/site-packages/aist_handeye_calibration/log/latest/aist_handeye_calibration_msgs/stdout_stderr.log
[22.778s] -- Up-to-date symlink: /home/ueshiba/ros2_ws/install/aist_handeye_calibration/lib/python3.10/site-packages/aist_handeye_calibration/log/latest/aist_handeye_calibration_msgs/streams.log
[22.779s] -- Up-to-date symlink: /home/ueshiba/ros2_ws/install/aist_handeye_calibration/lib/python3.10/site-packages/aist_handeye_calibration/log/latest/aist_msgs/command.log
[22.779s] -- Up-to-date symlink: /home/ueshiba/ros2_ws/install/aist_handeye_calibration/lib/python3.10/site-packages/aist_handeye_calibration/log/latest/aist_msgs/stderr.log
[22.779s] -- Up-to-date symlink: /home/ueshiba/ros2_ws/install/aist_handeye_calibration/lib/python3.10/site-packages/aist_handeye_calibration/log/latest/aist_msgs/stdout.log
[22.779s] -- Up-to-date symlink: /home/ueshiba/ros2_ws/install/aist_handeye_calibration/lib/python3.10/site-packages/aist_handeye_calibration/log/latest/aist_msgs/stdout_stderr.log
[22.779s] -- Up-to-date symlink: /home/ueshiba/ros2_ws/install/aist_handeye_calibration/lib/python3.10/site-packages/aist_handeye_calibration/log/latest/aist_msgs/streams.log
[22.779s] -- Up-to-date symlink: /home/ueshiba/ros2_ws/install/aist_handeye_calibration/lib/python3.10/site-packages/aist_handeye_calibration/log/latest/aist_phoxi_camera/command.log
[22.779s] -- Up-to-date symlink: /home/ueshiba/ros2_ws/install/aist_handeye_calibration/lib/python3.10/site-packages/aist_handeye_calibration/log/latest/aist_phoxi_camera/stderr.log
[22.779s] -- Up-to-date symlink: /home/ueshiba/ros2_ws/install/aist_handeye_calibration/lib/python3.10/site-packages/aist_handeye_calibration/log/latest/aist_phoxi_camera/stdout.log
[22.779s] -- Up-to-date symlink: /home/ueshiba/ros2_ws/install/aist_handeye_calibration/lib/python3.10/site-packages/aist_handeye_calibration/log/latest/aist_phoxi_camera/stdout_stderr.log
[22.780s] -- Up-to-date symlink: /home/ueshiba/ros2_ws/install/aist_handeye_calibration/lib/python3.10/site-packages/aist_handeye_calibration/log/latest/aist_phoxi_camera/streams.log
[22.780s] -- Up-to-date symlink: /home/ueshiba/ros2_ws/install/aist_handeye_calibration/lib/python3.10/site-packages/aist_handeye_calibration/log/latest/aist_utility/command.log
[22.780s] -- Up-to-date symlink: /home/ueshiba/ros2_ws/install/aist_handeye_calibration/lib/python3.10/site-packages/aist_handeye_calibration/log/latest/aist_utility/stderr.log
[22.780s] -- Up-to-date symlink: /home/ueshiba/ros2_ws/install/aist_handeye_calibration/lib/python3.10/site-packages/aist_handeye_calibration/log/latest/aist_utility/stdout.log
[22.780s] -- Up-to-date symlink: /home/ueshiba/ros2_ws/install/aist_handeye_calibration/lib/python3.10/site-packages/aist_handeye_calibration/log/latest/aist_utility/stdout_stderr.log
[22.780s] -- Up-to-date symlink: /home/ueshiba/ros2_ws/install/aist_handeye_calibration/lib/python3.10/site-packages/aist_handeye_calibration/log/latest/aist_utility/streams.log
[22.780s] -- Up-to-date symlink: /home/ueshiba/ros2_ws/install/aist_handeye_calibration/lib/python3.10/site-packages/aist_handeye_calibration/log/latest/aruco/command.log
[22.780s] -- Up-to-date symlink: /home/ueshiba/ros2_ws/install/aist_handeye_calibration/lib/python3.10/site-packages/aist_handeye_calibration/log/latest/aruco/stderr.log
[22.781s] -- Up-to-date symlink: /home/ueshiba/ros2_ws/install/aist_handeye_calibration/lib/python3.10/site-packages/aist_handeye_calibration/log/latest/aruco/stdout.log
[22.781s] -- Up-to-date symlink: /home/ueshiba/ros2_ws/install/aist_handeye_calibration/lib/python3.10/site-packages/aist_handeye_calibration/log/latest/aruco/stdout_stderr.log
[22.781s] -- Up-to-date symlink: /home/ueshiba/ros2_ws/install/aist_handeye_calibration/lib/python3.10/site-packages/aist_handeye_calibration/log/latest/aruco/streams.log
[22.781s] -- Up-to-date symlink: /home/ueshiba/ros2_ws/install/aist_handeye_calibration/lib/python3.10/site-packages/aist_handeye_calibration/log/latest/aruco_msgs/command.log
[22.781s] -- Up-to-date symlink: /home/ueshiba/ros2_ws/install/aist_handeye_calibration/lib/python3.10/site-packages/aist_handeye_calibration/log/latest/aruco_msgs/stderr.log
[22.781s] -- Up-to-date symlink: /home/ueshiba/ros2_ws/install/aist_handeye_calibration/lib/python3.10/site-packages/aist_handeye_calibration/log/latest/aruco_msgs/stdout.log
[22.781s] -- Up-to-date symlink: /home/ueshiba/ros2_ws/install/aist_handeye_calibration/lib/python3.10/site-packages/aist_handeye_calibration/log/latest/aruco_msgs/stdout_stderr.log
[22.781s] -- Up-to-date symlink: /home/ueshiba/ros2_ws/install/aist_handeye_calibration/lib/python3.10/site-packages/aist_handeye_calibration/log/latest/aruco_msgs/streams.log
[22.781s] -- Up-to-date symlink: /home/ueshiba/ros2_ws/install/aist_handeye_calibration/lib/python3.10/site-packages/aist_handeye_calibration/log/latest/aruco_ros/command.log
[22.782s] -- Up-to-date symlink: /home/ueshiba/ros2_ws/install/aist_handeye_calibration/lib/python3.10/site-packages/aist_handeye_calibration/log/latest/aruco_ros/stderr.log
[22.782s] -- Up-to-date symlink: /home/ueshiba/ros2_ws/install/aist_handeye_calibration/lib/python3.10/site-packages/aist_handeye_calibration/log/latest/aruco_ros/stdout.log
[22.782s] -- Up-to-date symlink: /home/ueshiba/ros2_ws/install/aist_handeye_calibration/lib/python3.10/site-packages/aist_handeye_calibration/log/latest/aruco_ros/stdout_stderr.log
[22.782s] -- Up-to-date symlink: /home/ueshiba/ros2_ws/install/aist_handeye_calibration/lib/python3.10/site-packages/aist_handeye_calibration/log/latest/aruco_ros/streams.log
[22.782s] -- Up-to-date symlink: /home/ueshiba/ros2_ws/install/aist_handeye_calibration/lib/python3.10/site-packages/aist_handeye_calibration/log/latest/cu_bridge/command.log
[22.782s] -- Up-to-date symlink: /home/ueshiba/ros2_ws/install/aist_handeye_calibration/lib/python3.10/site-packages/aist_handeye_calibration/log/latest/cu_bridge/stderr.log
[22.782s] -- Up-to-date symlink: /home/ueshiba/ros2_ws/install/aist_handeye_calibration/lib/python3.10/site-packages/aist_handeye_calibration/log/latest/cu_bridge/stdout.log
[22.782s] -- Up-to-date symlink: /home/ueshiba/ros2_ws/install/aist_handeye_calibration/lib/python3.10/site-packages/aist_handeye_calibration/log/latest/cu_bridge/stdout_stderr.log
[22.782s] -- Up-to-date symlink: /home/ueshiba/ros2_ws/install/aist_handeye_calibration/lib/python3.10/site-packages/aist_handeye_calibration/log/latest/cu_bridge/streams.log
[22.783s] -- Up-to-date symlink: /home/ueshiba/ros2_ws/install/aist_handeye_calibration/lib/python3.10/site-packages/aist_handeye_calibration/log/latest/ddynamic_reconfigure2/command.log
[22.783s] -- Up-to-date symlink: /home/ueshiba/ros2_ws/install/aist_handeye_calibration/lib/python3.10/site-packages/aist_handeye_calibration/log/latest/ddynamic_reconfigure2/stderr.log
[22.783s] -- Up-to-date symlink: /home/ueshiba/ros2_ws/install/aist_handeye_calibration/lib/python3.10/site-packages/aist_handeye_calibration/log/latest/ddynamic_reconfigure2/stdout.log
[22.783s] -- Up-to-date symlink: /home/ueshiba/ros2_ws/install/aist_handeye_calibration/lib/python3.10/site-packages/aist_handeye_calibration/log/latest/ddynamic_reconfigure2/stdout_stderr.log
[22.783s] -- Up-to-date symlink: /home/ueshiba/ros2_ws/install/aist_handeye_calibration/lib/python3.10/site-packages/aist_handeye_calibration/log/latest/ddynamic_reconfigure2/streams.log
[22.783s] -- Up-to-date symlink: /home/ueshiba/ros2_ws/install/aist_handeye_calibration/lib/python3.10/site-packages/aist_handeye_calibration/log/latest/events.log
[22.783s] -- Up-to-date symlink: /home/ueshiba/ros2_ws/install/aist_handeye_calibration/lib/python3.10/site-packages/aist_handeye_calibration/log/latest/logger_all.log
[22.783s] -- Up-to-date symlink: /home/ueshiba/ros2_ws/install/aist_handeye_calibration/lib/python3.10/site-packages/aist_handeye_calibration/log/latest/realsense2_camera/command.log
[22.784s] -- Up-to-date symlink: /home/ueshiba/ros2_ws/install/aist_handeye_calibration/lib/python3.10/site-packages/aist_handeye_calibration/log/latest/realsense2_camera/stderr.log
[22.784s] -- Up-to-date symlink: /home/ueshiba/ros2_ws/install/aist_handeye_calibration/lib/python3.10/site-packages/aist_handeye_calibration/log/latest/realsense2_camera/stdout.log
[22.784s] -- Up-to-date symlink: /home/ueshiba/ros2_ws/install/aist_handeye_calibration/lib/python3.10/site-packages/aist_handeye_calibration/log/latest/realsense2_camera/stdout_stderr.log
[22.784s] -- Up-to-date symlink: /home/ueshiba/ros2_ws/install/aist_handeye_calibration/lib/python3.10/site-packages/aist_handeye_calibration/log/latest/realsense2_camera/streams.log
[22.784s] -- Up-to-date symlink: /home/ueshiba/ros2_ws/install/aist_handeye_calibration/lib/python3.10/site-packages/aist_handeye_calibration/log/latest/realsense2_camera_msgs/command.log
[22.784s] -- Up-to-date symlink: /home/ueshiba/ros2_ws/install/aist_handeye_calibration/lib/python3.10/site-packages/aist_handeye_calibration/log/latest/realsense2_camera_msgs/stderr.log
[22.784s] -- Up-to-date symlink: /home/ueshiba/ros2_ws/install/aist_handeye_calibration/lib/python3.10/site-packages/aist_handeye_calibration/log/latest/realsense2_camera_msgs/stdout.log
[22.784s] -- Up-to-date symlink: /home/ueshiba/ros2_ws/install/aist_handeye_calibration/lib/python3.10/site-packages/aist_handeye_calibration/log/latest/realsense2_camera_msgs/stdout_stderr.log
[22.784s] -- Up-to-date symlink: /home/ueshiba/ros2_ws/install/aist_handeye_calibration/lib/python3.10/site-packages/aist_handeye_calibration/log/latest/realsense2_camera_msgs/streams.log
[22.785s] -- Up-to-date symlink: /home/ueshiba/ros2_ws/install/aist_handeye_calibration/lib/python3.10/site-packages/aist_handeye_calibration/log/latest/realsense2_description/command.log
[22.785s] -- Up-to-date symlink: /home/ueshiba/ros2_ws/install/aist_handeye_calibration/lib/python3.10/site-packages/aist_handeye_calibration/log/latest/realsense2_description/stderr.log
[22.785s] -- Up-to-date symlink: /home/ueshiba/ros2_ws/install/aist_handeye_calibration/lib/python3.10/site-packages/aist_handeye_calibration/log/latest/realsense2_description/stdout.log
[22.785s] -- Up-to-date symlink: /home/ueshiba/ros2_ws/install/aist_handeye_calibration/lib/python3.10/site-packages/aist_handeye_calibration/log/latest/realsense2_description/stdout_stderr.log
[22.785s] -- Up-to-date symlink: /home/ueshiba/ros2_ws/install/aist_handeye_calibration/lib/python3.10/site-packages/aist_handeye_calibration/log/latest/realsense2_description/streams.log
[22.785s] -- Up-to-date symlink: /home/ueshiba/ros2_ws/install/aist_handeye_calibration/lib/python3.10/site-packages/aist_handeye_calibration/log/latest/rqt_reconfigure/command.log
[22.785s] -- Up-to-date symlink: /home/ueshiba/ros2_ws/install/aist_handeye_calibration/lib/python3.10/site-packages/aist_handeye_calibration/log/latest/rqt_reconfigure/stderr.log
[22.785s] -- Up-to-date symlink: /home/ueshiba/ros2_ws/install/aist_handeye_calibration/lib/python3.10/site-packages/aist_handeye_calibration/log/latest/rqt_reconfigure/stdout.log
[22.786s] -- Up-to-date symlink: /home/ueshiba/ros2_ws/install/aist_handeye_calibration/lib/python3.10/site-packages/aist_handeye_calibration/log/latest/rqt_reconfigure/stdout_stderr.log
[22.786s] -- Up-to-date symlink: /home/ueshiba/ros2_ws/install/aist_handeye_calibration/lib/python3.10/site-packages/aist_handeye_calibration/log/latest/rqt_reconfigure/streams.log
[22.786s] -- Up-to-date symlink: /home/ueshiba/ros2_ws/install/aist_handeye_calibration/lib/python3.10/site-packages/aist_handeye_calibration/log/latest_build/aist_aruco_msgs/command.log
[22.786s] -- Up-to-date symlink: /home/ueshiba/ros2_ws/install/aist_handeye_calibration/lib/python3.10/site-packages/aist_handeye_calibration/log/latest_build/aist_aruco_msgs/stderr.log
[22.786s] -- Up-to-date symlink: /home/ueshiba/ros2_ws/install/aist_handeye_calibration/lib/python3.10/site-packages/aist_handeye_calibration/log/latest_build/aist_aruco_msgs/stdout.log
[22.786s] -- Up-to-date symlink: /home/ueshiba/ros2_ws/install/aist_handeye_calibration/lib/python3.10/site-packages/aist_handeye_calibration/log/latest_build/aist_aruco_msgs/stdout_stderr.log
[22.786s] -- Up-to-date symlink: /home/ueshiba/ros2_ws/install/aist_handeye_calibration/lib/python3.10/site-packages/aist_handeye_calibration/log/latest_build/aist_aruco_msgs/streams.log
[22.786s] -- Up-to-date symlink: /home/ueshiba/ros2_ws/install/aist_handeye_calibration/lib/python3.10/site-packages/aist_handeye_calibration/log/latest_build/aist_aruco_ros/command.log
[22.786s] -- Up-to-date symlink: /home/ueshiba/ros2_ws/install/aist_handeye_calibration/lib/python3.10/site-packages/aist_handeye_calibration/log/latest_build/aist_aruco_ros/stderr.log
[22.786s] -- Up-to-date symlink: /home/ueshiba/ros2_ws/install/aist_handeye_calibration/lib/python3.10/site-packages/aist_handeye_calibration/log/latest_build/aist_aruco_ros/stdout.log
[22.787s] -- Up-to-date symlink: /home/ueshiba/ros2_ws/install/aist_handeye_calibration/lib/python3.10/site-packages/aist_handeye_calibration/log/latest_build/aist_aruco_ros/stdout_stderr.log
[22.787s] -- Up-to-date symlink: /home/ueshiba/ros2_ws/install/aist_handeye_calibration/lib/python3.10/site-packages/aist_handeye_calibration/log/latest_build/aist_aruco_ros/streams.log
[22.787s] -- Up-to-date symlink: /home/ueshiba/ros2_ws/install/aist_handeye_calibration/lib/python3.10/site-packages/aist_handeye_calibration/log/latest_build/aist_handeye_calibration/command.log
[22.787s] -- Up-to-date symlink: /home/ueshiba/ros2_ws/install/aist_handeye_calibration/lib/python3.10/site-packages/aist_handeye_calibration/log/latest_build/aist_handeye_calibration/stderr.log
[22.787s] -- Up-to-date symlink: /home/ueshiba/ros2_ws/install/aist_handeye_calibration/lib/python3.10/site-packages/aist_handeye_calibration/log/latest_build/aist_handeye_calibration/stdout.log
[22.787s] -- Up-to-date symlink: /home/ueshiba/ros2_ws/install/aist_handeye_calibration/lib/python3.10/site-packages/aist_handeye_calibration/log/latest_build/aist_handeye_calibration/stdout_stderr.log
[22.787s] -- Up-to-date symlink: /home/ueshiba/ros2_ws/install/aist_handeye_calibration/lib/python3.10/site-packages/aist_handeye_calibration/log/latest_build/aist_handeye_calibration/streams.log
[22.787s] -- Up-to-date symlink: /home/ueshiba/ros2_ws/install/aist_handeye_calibration/lib/python3.10/site-packages/aist_handeye_calibration/log/latest_build/aist_handeye_calibration_msgs/command.log
[22.787s] -- Up-to-date symlink: /home/ueshiba/ros2_ws/install/aist_handeye_calibration/lib/python3.10/site-packages/aist_handeye_calibration/log/latest_build/aist_handeye_calibration_msgs/stderr.log
[22.787s] -- Up-to-date symlink: /home/ueshiba/ros2_ws/install/aist_handeye_calibration/lib/python3.10/site-packages/aist_handeye_calibration/log/latest_build/aist_handeye_calibration_msgs/stdout.log
[22.787s] -- Up-to-date symlink: /home/ueshiba/ros2_ws/install/aist_handeye_calibration/lib/python3.10/site-packages/aist_handeye_calibration/log/latest_build/aist_handeye_calibration_msgs/stdout_stderr.log
[22.787s] -- Up-to-date symlink: /home/ueshiba/ros2_ws/install/aist_handeye_calibration/lib/python3.10/site-packages/aist_handeye_calibration/log/latest_build/aist_handeye_calibration_msgs/streams.log
[22.787s] -- Up-to-date symlink: /home/ueshiba/ros2_ws/install/aist_handeye_calibration/lib/python3.10/site-packages/aist_handeye_calibration/log/latest_build/aist_msgs/command.log
[22.787s] -- Up-to-date symlink: /home/ueshiba/ros2_ws/install/aist_handeye_calibration/lib/python3.10/site-packages/aist_handeye_calibration/log/latest_build/aist_msgs/stderr.log
[22.787s] -- Up-to-date symlink: /home/ueshiba/ros2_ws/install/aist_handeye_calibration/lib/python3.10/site-packages/aist_handeye_calibration/log/latest_build/aist_msgs/stdout.log
[22.787s] -- Up-to-date symlink: /home/ueshiba/ros2_ws/install/aist_handeye_calibration/lib/python3.10/site-packages/aist_handeye_calibration/log/latest_build/aist_msgs/stdout_stderr.log
[22.787s] -- Up-to-date symlink: /home/ueshiba/ros2_ws/install/aist_handeye_calibration/lib/python3.10/site-packages/aist_handeye_calibration/log/latest_build/aist_msgs/streams.log
[22.788s] -- Up-to-date symlink: /home/ueshiba/ros2_ws/install/aist_handeye_calibration/lib/python3.10/site-packages/aist_handeye_calibration/log/latest_build/aist_phoxi_camera/command.log
[22.788s] -- Up-to-date symlink: /home/ueshiba/ros2_ws/install/aist_handeye_calibration/lib/python3.10/site-packages/aist_handeye_calibration/log/latest_build/aist_phoxi_camera/stderr.log
[22.788s] -- Up-to-date symlink: /home/ueshiba/ros2_ws/install/aist_handeye_calibration/lib/python3.10/site-packages/aist_handeye_calibration/log/latest_build/aist_phoxi_camera/stdout.log
[22.788s] -- Up-to-date symlink: /home/ueshiba/ros2_ws/install/aist_handeye_calibration/lib/python3.10/site-packages/aist_handeye_calibration/log/latest_build/aist_phoxi_camera/stdout_stderr.log
[22.788s] -- Up-to-date symlink: /home/ueshiba/ros2_ws/install/aist_handeye_calibration/lib/python3.10/site-packages/aist_handeye_calibration/log/latest_build/aist_phoxi_camera/streams.log
[22.788s] -- Up-to-date symlink: /home/ueshiba/ros2_ws/install/aist_handeye_calibration/lib/python3.10/site-packages/aist_handeye_calibration/log/latest_build/aist_utility/command.log
[22.788s] -- Up-to-date symlink: /home/ueshiba/ros2_ws/install/aist_handeye_calibration/lib/python3.10/site-packages/aist_handeye_calibration/log/latest_build/aist_utility/stderr.log
[22.788s] -- Up-to-date symlink: /home/ueshiba/ros2_ws/install/aist_handeye_calibration/lib/python3.10/site-packages/aist_handeye_calibration/log/latest_build/aist_utility/stdout.log
[22.788s] -- Up-to-date symlink: /home/ueshiba/ros2_ws/install/aist_handeye_calibration/lib/python3.10/site-packages/aist_handeye_calibration/log/latest_build/aist_utility/stdout_stderr.log
[22.788s] -- Up-to-date symlink: /home/ueshiba/ros2_ws/install/aist_handeye_calibration/lib/python3.10/site-packages/aist_handeye_calibration/log/latest_build/aist_utility/streams.log
[22.788s] -- Up-to-date symlink: /home/ueshiba/ros2_ws/install/aist_handeye_calibration/lib/python3.10/site-packages/aist_handeye_calibration/log/latest_build/aruco/command.log
[22.788s] -- Up-to-date symlink: /home/ueshiba/ros2_ws/install/aist_handeye_calibration/lib/python3.10/site-packages/aist_handeye_calibration/log/latest_build/aruco/stderr.log
[22.788s] -- Up-to-date symlink: /home/ueshiba/ros2_ws/install/aist_handeye_calibration/lib/python3.10/site-packages/aist_handeye_calibration/log/latest_build/aruco/stdout.log
[22.788s] -- Up-to-date symlink: /home/ueshiba/ros2_ws/install/aist_handeye_calibration/lib/python3.10/site-packages/aist_handeye_calibration/log/latest_build/aruco/stdout_stderr.log
[22.788s] -- Up-to-date symlink: /home/ueshiba/ros2_ws/install/aist_handeye_calibration/lib/python3.10/site-packages/aist_handeye_calibration/log/latest_build/aruco/streams.log
[22.788s] -- Up-to-date symlink: /home/ueshiba/ros2_ws/install/aist_handeye_calibration/lib/python3.10/site-packages/aist_handeye_calibration/log/latest_build/aruco_msgs/command.log
[22.788s] -- Up-to-date symlink: /home/ueshiba/ros2_ws/install/aist_handeye_calibration/lib/python3.10/site-packages/aist_handeye_calibration/log/latest_build/aruco_msgs/stderr.log
[22.788s] -- Up-to-date symlink: /home/ueshiba/ros2_ws/install/aist_handeye_calibration/lib/python3.10/site-packages/aist_handeye_calibration/log/latest_build/aruco_msgs/stdout.log
[22.789s] -- Up-to-date symlink: /home/ueshiba/ros2_ws/install/aist_handeye_calibration/lib/python3.10/site-packages/aist_handeye_calibration/log/latest_build/aruco_msgs/stdout_stderr.log
[22.789s] -- Up-to-date symlink: /home/ueshiba/ros2_ws/install/aist_handeye_calibration/lib/python3.10/site-packages/aist_handeye_calibration/log/latest_build/aruco_msgs/streams.log
[22.789s] -- Up-to-date symlink: /home/ueshiba/ros2_ws/install/aist_handeye_calibration/lib/python3.10/site-packages/aist_handeye_calibration/log/latest_build/aruco_ros/command.log
[22.789s] -- Up-to-date symlink: /home/ueshiba/ros2_ws/install/aist_handeye_calibration/lib/python3.10/site-packages/aist_handeye_calibration/log/latest_build/aruco_ros/stderr.log
[22.789s] -- Up-to-date symlink: /home/ueshiba/ros2_ws/install/aist_handeye_calibration/lib/python3.10/site-packages/aist_handeye_calibration/log/latest_build/aruco_ros/stdout.log
[22.789s] -- Up-to-date symlink: /home/ueshiba/ros2_ws/install/aist_handeye_calibration/lib/python3.10/site-packages/aist_handeye_calibration/log/latest_build/aruco_ros/stdout_stderr.log
[22.789s] -- Up-to-date symlink: /home/ueshiba/ros2_ws/install/aist_handeye_calibration/lib/python3.10/site-packages/aist_handeye_calibration/log/latest_build/aruco_ros/streams.log
[22.789s] -- Up-to-date symlink: /home/ueshiba/ros2_ws/install/aist_handeye_calibration/lib/python3.10/site-packages/aist_handeye_calibration/log/latest_build/cu_bridge/command.log
[22.789s] -- Up-to-date symlink: /home/ueshiba/ros2_ws/install/aist_handeye_calibration/lib/python3.10/site-packages/aist_handeye_calibration/log/latest_build/cu_bridge/stderr.log
[22.789s] -- Up-to-date symlink: /home/ueshiba/ros2_ws/install/aist_handeye_calibration/lib/python3.10/site-packages/aist_handeye_calibration/log/latest_build/cu_bridge/stdout.log
[22.789s] -- Up-to-date symlink: /home/ueshiba/ros2_ws/install/aist_handeye_calibration/lib/python3.10/site-packages/aist_handeye_calibration/log/latest_build/cu_bridge/stdout_stderr.log
[22.789s] -- Up-to-date symlink: /home/ueshiba/ros2_ws/install/aist_handeye_calibration/lib/python3.10/site-packages/aist_handeye_calibration/log/latest_build/cu_bridge/streams.log
[22.789s] -- Up-to-date symlink: /home/ueshiba/ros2_ws/install/aist_handeye_calibration/lib/python3.10/site-packages/aist_handeye_calibration/log/latest_build/ddynamic_reconfigure2/command.log
[22.789s] -- Up-to-date symlink: /home/ueshiba/ros2_ws/install/aist_handeye_calibration/lib/python3.10/site-packages/aist_handeye_calibration/log/latest_build/ddynamic_reconfigure2/stderr.log
[22.789s] -- Up-to-date symlink: /home/ueshiba/ros2_ws/install/aist_handeye_calibration/lib/python3.10/site-packages/aist_handeye_calibration/log/latest_build/ddynamic_reconfigure2/stdout.log
[22.789s] -- Up-to-date symlink: /home/ueshiba/ros2_ws/install/aist_handeye_calibration/lib/python3.10/site-packages/aist_handeye_calibration/log/latest_build/ddynamic_reconfigure2/stdout_stderr.log
[22.789s] -- Up-to-date symlink: /home/ueshiba/ros2_ws/install/aist_handeye_calibration/lib/python3.10/site-packages/aist_handeye_calibration/log/latest_build/ddynamic_reconfigure2/streams.log
[22.789s] -- Up-to-date symlink: /home/ueshiba/ros2_ws/install/aist_handeye_calibration/lib/python3.10/site-packages/aist_handeye_calibration/log/latest_build/events.log
[22.790s] -- Up-to-date symlink: /home/ueshiba/ros2_ws/install/aist_handeye_calibration/lib/python3.10/site-packages/aist_handeye_calibration/log/latest_build/logger_all.log
[22.790s] -- Up-to-date symlink: /home/ueshiba/ros2_ws/install/aist_handeye_calibration/lib/python3.10/site-packages/aist_handeye_calibration/log/latest_build/realsense2_camera/command.log
[22.790s] -- Up-to-date symlink: /home/ueshiba/ros2_ws/install/aist_handeye_calibration/lib/python3.10/site-packages/aist_handeye_calibration/log/latest_build/realsense2_camera/stderr.log
[22.790s] -- Up-to-date symlink: /home/ueshiba/ros2_ws/install/aist_handeye_calibration/lib/python3.10/site-packages/aist_handeye_calibration/log/latest_build/realsense2_camera/stdout.log
[22.790s] -- Up-to-date symlink: /home/ueshiba/ros2_ws/install/aist_handeye_calibration/lib/python3.10/site-packages/aist_handeye_calibration/log/latest_build/realsense2_camera/stdout_stderr.log
[22.790s] -- Up-to-date symlink: /home/ueshiba/ros2_ws/install/aist_handeye_calibration/lib/python3.10/site-packages/aist_handeye_calibration/log/latest_build/realsense2_camera/streams.log
[22.790s] -- Up-to-date symlink: /home/ueshiba/ros2_ws/install/aist_handeye_calibration/lib/python3.10/site-packages/aist_handeye_calibration/log/latest_build/realsense2_camera_msgs/command.log
[22.790s] -- Up-to-date symlink: /home/ueshiba/ros2_ws/install/aist_handeye_calibration/lib/python3.10/site-packages/aist_handeye_calibration/log/latest_build/realsense2_camera_msgs/stderr.log
[22.790s] -- Up-to-date symlink: /home/ueshiba/ros2_ws/install/aist_handeye_calibration/lib/python3.10/site-packages/aist_handeye_calibration/log/latest_build/realsense2_camera_msgs/stdout.log
[22.790s] -- Up-to-date symlink: /home/ueshiba/ros2_ws/install/aist_handeye_calibration/lib/python3.10/site-packages/aist_handeye_calibration/log/latest_build/realsense2_camera_msgs/stdout_stderr.log
[22.790s] -- Up-to-date symlink: /home/ueshiba/ros2_ws/install/aist_handeye_calibration/lib/python3.10/site-packages/aist_handeye_calibration/log/latest_build/realsense2_camera_msgs/streams.log
[22.790s] -- Up-to-date symlink: /home/ueshiba/ros2_ws/install/aist_handeye_calibration/lib/python3.10/site-packages/aist_handeye_calibration/log/latest_build/realsense2_description/command.log
[22.790s] -- Up-to-date symlink: /home/ueshiba/ros2_ws/install/aist_handeye_calibration/lib/python3.10/site-packages/aist_handeye_calibration/log/latest_build/realsense2_description/stderr.log
[22.790s] -- Up-to-date symlink: /home/ueshiba/ros2_ws/install/aist_handeye_calibration/lib/python3.10/site-packages/aist_handeye_calibration/log/latest_build/realsense2_description/stdout.log
[22.790s] -- Up-to-date symlink: /home/ueshiba/ros2_ws/install/aist_handeye_calibration/lib/python3.10/site-packages/aist_handeye_calibration/log/latest_build/realsense2_description/stdout_stderr.log
[22.790s] -- Up-to-date symlink: /home/ueshiba/ros2_ws/install/aist_handeye_calibration/lib/python3.10/site-packages/aist_handeye_calibration/log/latest_build/realsense2_description/streams.log
[22.790s] -- Up-to-date symlink: /home/ueshiba/ros2_ws/install/aist_handeye_calibration/lib/python3.10/site-packages/aist_handeye_calibration/log/latest_build/rqt_reconfigure/command.log
[22.790s] -- Up-to-date symlink: /home/ueshiba/ros2_ws/install/aist_handeye_calibration/lib/python3.10/site-packages/aist_handeye_calibration/log/latest_build/rqt_reconfigure/stderr.log
[22.791s] -- Up-to-date symlink: /home/ueshiba/ros2_ws/install/aist_handeye_calibration/lib/python3.10/site-packages/aist_handeye_calibration/log/latest_build/rqt_reconfigure/stdout.log
[22.791s] -- Up-to-date symlink: /home/ueshiba/ros2_ws/install/aist_handeye_calibration/lib/python3.10/site-packages/aist_handeye_calibration/log/latest_build/rqt_reconfigure/stdout_stderr.log
[22.791s] -- Up-to-date symlink: /home/ueshiba/ros2_ws/install/aist_handeye_calibration/lib/python3.10/site-packages/aist_handeye_calibration/log/latest_build/rqt_reconfigure/streams.log
[22.791s] -- Up-to-date symlink: /home/ueshiba/ros2_ws/install/aist_handeye_calibration/lib/aist_handeye_calibration/run_calibration.py
[22.791s] -- Up-to-date symlink: /home/ueshiba/ros2_ws/install/aist_handeye_calibration/lib/aist_handeye_calibration/check_calibration.py
[22.791s] -- Up-to-date symlink: /home/ueshiba/ros2_ws/install/aist_handeye_calibration/lib/aist_handeye_calibration/tool_calibration.py
[22.791s] -- Up-to-date symlink: /home/ueshiba/ros2_ws/install/aist_handeye_calibration/share/aist_handeye_calibration//launch/aist_handeye_calibration.launch
[22.791s] -- Up-to-date symlink: /home/ueshiba/ros2_ws/install/aist_handeye_calibration/share/aist_handeye_calibration//launch/aist_handeye_calibration.rviz
[22.791s] -- Up-to-date symlink: /home/ueshiba/ros2_ws/install/aist_handeye_calibration/share/aist_handeye_calibration//launch/check_calibration.launch
[22.791s] -- Up-to-date symlink: /home/ueshiba/ros2_ws/install/aist_handeye_calibration/share/aist_handeye_calibration//launch/handeye_calibration.launch
[22.792s] -- Up-to-date symlink: /home/ueshiba/ros2_ws/install/aist_handeye_calibration/share/aist_handeye_calibration//launch/include/handeye_calibrator.launch
[22.792s] -- Up-to-date symlink: /home/ueshiba/ros2_ws/install/aist_handeye_calibration/share/aist_handeye_calibration//launch/include/plane_detector.rviz
[22.792s] -- Up-to-date symlink: /home/ueshiba/ros2_ws/install/aist_handeye_calibration/share/aist_handeye_calibration//launch/plane_detector.launch
[22.792s] -- Up-to-date symlink: /home/ueshiba/ros2_ws/install/aist_handeye_calibration/share/aist_handeye_calibration//launch/publish_calibration.launch
[22.792s] -- Up-to-date symlink: /home/ueshiba/ros2_ws/install/aist_handeye_calibration/share/aist_handeye_calibration//launch/run_calibration.launch
[22.792s] -- Up-to-date symlink: /home/ueshiba/ros2_ws/install/aist_handeye_calibration/share/aist_handeye_calibration//launch/test_calibrator.launch
[22.792s] -- Up-to-date symlink: /home/ueshiba/ros2_ws/install/aist_handeye_calibration/share/aist_handeye_calibration//launch/tool_calibration.launch
[22.792s] -- Up-to-date symlink: /home/ueshiba/ros2_ws/install/aist_handeye_calibration/share/ament_index/resource_index/package_run_dependencies/aist_handeye_calibration
[22.792s] -- Up-to-date symlink: /home/ueshiba/ros2_ws/install/aist_handeye_calibration/share/ament_index/resource_index/parent_prefix_path/aist_handeye_calibration
[22.792s] -- Up-to-date symlink: /home/ueshiba/ros2_ws/install/aist_handeye_calibration/share/aist_handeye_calibration/environment/ament_prefix_path.sh
[22.792s] -- Up-to-date symlink: /home/ueshiba/ros2_ws/install/aist_handeye_calibration/share/aist_handeye_calibration/environment/ament_prefix_path.dsv
[22.792s] -- Up-to-date symlink: /home/ueshiba/ros2_ws/install/aist_handeye_calibration/share/aist_handeye_calibration/environment/path.sh
[22.792s] -- Up-to-date symlink: /home/ueshiba/ros2_ws/install/aist_handeye_calibration/share/aist_handeye_calibration/environment/path.dsv
[22.792s] -- Up-to-date symlink: /home/ueshiba/ros2_ws/install/aist_handeye_calibration/share/aist_handeye_calibration/local_setup.bash
[22.793s] -- Up-to-date symlink: /home/ueshiba/ros2_ws/install/aist_handeye_calibration/share/aist_handeye_calibration/local_setup.sh
[22.793s] -- Up-to-date symlink: /home/ueshiba/ros2_ws/install/aist_handeye_calibration/share/aist_handeye_calibration/local_setup.zsh
[22.793s] -- Up-to-date symlink: /home/ueshiba/ros2_ws/install/aist_handeye_calibration/share/aist_handeye_calibration/local_setup.dsv
[22.793s] -- Symlinking: /home/ueshiba/ros2_ws/install/aist_handeye_calibration/share/aist_handeye_calibration/package.dsv
[22.801s] -- Up-to-date symlink: /home/ueshiba/ros2_ws/install/aist_handeye_calibration/share/ament_index/resource_index/packages/aist_handeye_calibration
[22.801s] -- Up-to-date symlink: /home/ueshiba/ros2_ws/install/aist_handeye_calibration/share/ament_index/resource_index/rclcpp_components/aist_handeye_calibration
[22.801s] -- Up-to-date symlink: /home/ueshiba/ros2_ws/install/aist_handeye_calibration/share/aist_handeye_calibration/cmake/aist_handeye_calibrationConfig.cmake
[22.801s] -- Up-to-date symlink: /home/ueshiba/ros2_ws/install/aist_handeye_calibration/share/aist_handeye_calibration/cmake/aist_handeye_calibrationConfig-version.cmake
[22.801s] -- Up-to-date symlink: /home/ueshiba/ros2_ws/install/aist_handeye_calibration/share/aist_handeye_calibration/package.xml
[22.828s] Listing '/home/ueshiba/ros2_ws/install/aist_handeye_calibration/lib/python3.10/site-packages/aist_handeye_calibration'...
[22.828s] Listing '/home/ueshiba/ros2_ws/install/aist_handeye_calibration/lib/python3.10/site-packages/aist_handeye_calibration/log'...
[22.828s] Listing '/home/ueshiba/ros2_ws/install/aist_handeye_calibration/lib/python3.10/site-packages/aist_handeye_calibration/log/build_2024-06-21_11-17-50'...
[22.828s] Listing '/home/ueshiba/ros2_ws/install/aist_handeye_calibration/lib/python3.10/site-packages/aist_handeye_calibration/log/build_2024-06-21_11-17-50/aist_handeye_calibration'...
[22.828s] Listing '/home/ueshiba/ros2_ws/install/aist_handeye_calibration/lib/python3.10/site-packages/aist_handeye_calibration/log/build_2024-06-21_11-37-30'...
[22.828s] Listing '/home/ueshiba/ros2_ws/install/aist_handeye_calibration/lib/python3.10/site-packages/aist_handeye_calibration/log/build_2024-06-21_11-37-30/aist_aruco_msgs'...
[22.828s] Listing '/home/ueshiba/ros2_ws/install/aist_handeye_calibration/lib/python3.10/site-packages/aist_handeye_calibration/log/build_2024-06-21_11-37-30/aist_aruco_ros'...
[22.828s] Listing '/home/ueshiba/ros2_ws/install/aist_handeye_calibration/lib/python3.10/site-packages/aist_handeye_calibration/log/build_2024-06-21_11-37-30/aist_handeye_calibration'...
[22.828s] Listing '/home/ueshiba/ros2_ws/install/aist_handeye_calibration/lib/python3.10/site-packages/aist_handeye_calibration/log/build_2024-06-21_11-37-30/aist_handeye_calibration_msgs'...
[22.828s] Listing '/home/ueshiba/ros2_ws/install/aist_handeye_calibration/lib/python3.10/site-packages/aist_handeye_calibration/log/build_2024-06-21_11-37-30/aist_msgs'...
[22.828s] Listing '/home/ueshiba/ros2_ws/install/aist_handeye_calibration/lib/python3.10/site-packages/aist_handeye_calibration/log/build_2024-06-21_11-37-30/aist_phoxi_camera'...
[22.828s] Listing '/home/ueshiba/ros2_ws/install/aist_handeye_calibration/lib/python3.10/site-packages/aist_handeye_calibration/log/build_2024-06-21_11-37-30/aist_utility'...
[22.828s] Listing '/home/ueshiba/ros2_ws/install/aist_handeye_calibration/lib/python3.10/site-packages/aist_handeye_calibration/log/build_2024-06-21_11-37-30/aruco'...
[22.828s] Listing '/home/ueshiba/ros2_ws/install/aist_handeye_calibration/lib/python3.10/site-packages/aist_handeye_calibration/log/build_2024-06-21_11-37-30/aruco_msgs'...
[22.828s] Listing '/home/ueshiba/ros2_ws/install/aist_handeye_calibration/lib/python3.10/site-packages/aist_handeye_calibration/log/build_2024-06-21_11-37-30/aruco_ros'...
[22.828s] Listing '/home/ueshiba/ros2_ws/install/aist_handeye_calibration/lib/python3.10/site-packages/aist_handeye_calibration/log/build_2024-06-21_11-37-30/cu_bridge'...
[22.828s] Listing '/home/ueshiba/ros2_ws/install/aist_handeye_calibration/lib/python3.10/site-packages/aist_handeye_calibration/log/build_2024-06-21_11-37-30/ddynamic_reconfigure2'...
[22.828s] Listing '/home/ueshiba/ros2_ws/install/aist_handeye_calibration/lib/python3.10/site-packages/aist_handeye_calibration/log/build_2024-06-21_11-37-30/realsense2_camera'...
[22.828s] Listing '/home/ueshiba/ros2_ws/install/aist_handeye_calibration/lib/python3.10/site-packages/aist_handeye_calibration/log/build_2024-06-21_11-37-30/realsense2_camera_msgs'...
[22.828s] Listing '/home/ueshiba/ros2_ws/install/aist_handeye_calibration/lib/python3.10/site-packages/aist_handeye_calibration/log/build_2024-06-21_11-37-30/realsense2_description'...
[22.828s] Listing '/home/ueshiba/ros2_ws/install/aist_handeye_calibration/lib/python3.10/site-packages/aist_handeye_calibration/log/build_2024-06-21_11-37-30/rqt_reconfigure'...
[22.828s] Listing '/home/ueshiba/ros2_ws/install/aist_handeye_calibration/lib/python3.10/site-packages/aist_handeye_calibration/log/latest'...
[22.828s] Listing '/home/ueshiba/ros2_ws/install/aist_handeye_calibration/lib/python3.10/site-packages/aist_handeye_calibration/log/latest/aist_aruco_msgs'...
[22.829s] Listing '/home/ueshiba/ros2_ws/install/aist_handeye_calibration/lib/python3.10/site-packages/aist_handeye_calibration/log/latest/aist_aruco_ros'...
[22.829s] Listing '/home/ueshiba/ros2_ws/install/aist_handeye_calibration/lib/python3.10/site-packages/aist_handeye_calibration/log/latest/aist_handeye_calibration'...
[22.829s] Listing '/home/ueshiba/ros2_ws/install/aist_handeye_calibration/lib/python3.10/site-packages/aist_handeye_calibration/log/latest/aist_handeye_calibration_msgs'...
[22.829s] Listing '/home/ueshiba/ros2_ws/install/aist_handeye_calibration/lib/python3.10/site-packages/aist_handeye_calibration/log/latest/aist_msgs'...
[22.829s] Listing '/home/ueshiba/ros2_ws/install/aist_handeye_calibration/lib/python3.10/site-packages/aist_handeye_calibration/log/latest/aist_phoxi_camera'...
[22.829s] Listing '/home/ueshiba/ros2_ws/install/aist_handeye_calibration/lib/python3.10/site-packages/aist_handeye_calibration/log/latest/aist_utility'...
[22.829s] Listing '/home/ueshiba/ros2_ws/install/aist_handeye_calibration/lib/python3.10/site-packages/aist_handeye_calibration/log/latest/aruco'...
[22.829s] Listing '/home/ueshiba/ros2_ws/install/aist_handeye_calibration/lib/python3.10/site-packages/aist_handeye_calibration/log/latest/aruco_msgs'...
[22.829s] Listing '/home/ueshiba/ros2_ws/install/aist_handeye_calibration/lib/python3.10/site-packages/aist_handeye_calibration/log/latest/aruco_ros'...
[22.829s] Listing '/home/ueshiba/ros2_ws/install/aist_handeye_calibration/lib/python3.10/site-packages/aist_handeye_calibration/log/latest/cu_bridge'...
[22.829s] Listing '/home/ueshiba/ros2_ws/install/aist_handeye_calibration/lib/python3.10/site-packages/aist_handeye_calibration/log/latest/ddynamic_reconfigure2'...
[22.829s] Listing '/home/ueshiba/ros2_ws/install/aist_handeye_calibration/lib/python3.10/site-packages/aist_handeye_calibration/log/latest/realsense2_camera'...
[22.829s] Listing '/home/ueshiba/ros2_ws/install/aist_handeye_calibration/lib/python3.10/site-packages/aist_handeye_calibration/log/latest/realsense2_camera_msgs'...
[22.829s] Listing '/home/ueshiba/ros2_ws/install/aist_handeye_calibration/lib/python3.10/site-packages/aist_handeye_calibration/log/latest/realsense2_description'...
[22.829s] Listing '/home/ueshiba/ros2_ws/install/aist_handeye_calibration/lib/python3.10/site-packages/aist_handeye_calibration/log/latest/rqt_reconfigure'...
[22.829s] Listing '/home/ueshiba/ros2_ws/install/aist_handeye_calibration/lib/python3.10/site-packages/aist_handeye_calibration/log/latest_build'...
[22.829s] Listing '/home/ueshiba/ros2_ws/install/aist_handeye_calibration/lib/python3.10/site-packages/aist_handeye_calibration/log/latest_build/aist_aruco_msgs'...
[22.829s] Listing '/home/ueshiba/ros2_ws/install/aist_handeye_calibration/lib/python3.10/site-packages/aist_handeye_calibration/log/latest_build/aist_aruco_ros'...
[22.829s] Listing '/home/ueshiba/ros2_ws/install/aist_handeye_calibration/lib/python3.10/site-packages/aist_handeye_calibration/log/latest_build/aist_handeye_calibration'...
[22.829s] Listing '/home/ueshiba/ros2_ws/install/aist_handeye_calibration/lib/python3.10/site-packages/aist_handeye_calibration/log/latest_build/aist_handeye_calibration_msgs'...
[22.829s] Listing '/home/ueshiba/ros2_ws/install/aist_handeye_calibration/lib/python3.10/site-packages/aist_handeye_calibration/log/latest_build/aist_msgs'...
[22.829s] Listing '/home/ueshiba/ros2_ws/install/aist_handeye_calibration/lib/python3.10/site-packages/aist_handeye_calibration/log/latest_build/aist_phoxi_camera'...
[22.829s] Listing '/home/ueshiba/ros2_ws/install/aist_handeye_calibration/lib/python3.10/site-packages/aist_handeye_calibration/log/latest_build/aist_utility'...
[22.829s] Listing '/home/ueshiba/ros2_ws/install/aist_handeye_calibration/lib/python3.10/site-packages/aist_handeye_calibration/log/latest_build/aruco'...
[22.829s] Listing '/home/ueshiba/ros2_ws/install/aist_handeye_calibration/lib/python3.10/site-packages/aist_handeye_calibration/log/latest_build/aruco_msgs'...
[22.829s] Listing '/home/ueshiba/ros2_ws/install/aist_handeye_calibration/lib/python3.10/site-packages/aist_handeye_calibration/log/latest_build/aruco_ros'...
[22.829s] Listing '/home/ueshiba/ros2_ws/install/aist_handeye_calibration/lib/python3.10/site-packages/aist_handeye_calibration/log/latest_build/cu_bridge'...
[22.829s] Listing '/home/ueshiba/ros2_ws/install/aist_handeye_calibration/lib/python3.10/site-packages/aist_handeye_calibration/log/latest_build/ddynamic_reconfigure2'...
[22.829s] Listing '/home/ueshiba/ros2_ws/install/aist_handeye_calibration/lib/python3.10/site-packages/aist_handeye_calibration/log/latest_build/realsense2_camera'...
[22.829s] Listing '/home/ueshiba/ros2_ws/install/aist_handeye_calibration/lib/python3.10/site-packages/aist_handeye_calibration/log/latest_build/realsense2_camera_msgs'...
[22.829s] Listing '/home/ueshiba/ros2_ws/install/aist_handeye_calibration/lib/python3.10/site-packages/aist_handeye_calibration/log/latest_build/realsense2_description'...
[22.829s] Listing '/home/ueshiba/ros2_ws/install/aist_handeye_calibration/lib/python3.10/site-packages/aist_handeye_calibration/log/latest_build/rqt_reconfigure'...
[22.831s] -- Installing: /home/ueshiba/ros2_ws/install/aist_handeye_calibration/lib/libaist_handeye_calibration.so
[22.841s] Invoked command in '/home/ueshiba/ros2_ws/build/aist_handeye_calibration' returned '0': CMAKE_PREFIX_PATH=/home/ueshiba/ros2_ws/install/aist_utility:/home/ueshiba/ros2_ws/install/ddynamic_reconfigure2:/home/ueshiba/ros2_ws/install/aist_msgs:/home/ueshiba/ros2_ws/install/aist_handeye_calibration_msgs:/home/ueshiba/ros2_ws/install/ur_simulation_gz:/home/ueshiba/ros2_ws/install/realsense2_description:/home/ueshiba/ros2_ws/install/realsense2_camera:/home/ueshiba/ros2_ws/install/realsense2_camera_msgs:/home/ueshiba/ros2_ws/install/cu_bridge:/home/ueshiba/ros2_ws/install/aist_handeye_calibration:/home/ueshiba/ros2_ws/install/aist_aruco_ros:/home/ueshiba/ros2_ws/install/aist_phoxi_camera:/home/ueshiba/ros2_ws/install/aist_camera_multiplexer:/home/ueshiba/ros2_ws/install/aruco_ros:/home/ueshiba/ros2_ws/install/aruco_msgs:/home/ueshiba/ros2_ws/install/aruco:/home/ueshiba/ros2_ws/install/aist_description:/home/ueshiba/ros2_ws/install/aist_aruco_msgs:/home/ueshiba/ros2_ws/install/rqt_reconfigure:/opt/ros/rolling LD_LIBRARY_PATH=/home/ueshiba/ros2_ws/install/aist_utility/lib:/home/ueshiba/ros2_ws/install/aist_msgs/lib:/home/ueshiba/ros2_ws/install/aist_handeye_calibration_msgs/lib:/home/ueshiba/ros2_ws/install/realsense2_camera/lib:/home/ueshiba/ros2_ws/install/realsense2_camera_msgs/lib:/home/ueshiba/ros2_ws/install/cu_bridge/lib:/home/ueshiba/ros2_ws/install/aist_handeye_calibration/lib:/home/ueshiba/ros2_ws/install/aist_aruco_ros/lib:/home/ueshiba/ros2_ws/install/aist_phoxi_camera/lib:/home/ueshiba/ros2_ws/install/aist_camera_multiplexer/lib:/home/ueshiba/ros2_ws/install/ddynamic_reconfigure2/lib:/home/ueshiba/ros2_ws/install/aruco_ros/lib:/home/ueshiba/ros2_ws/install/aruco_msgs/lib:/home/ueshiba/ros2_ws/install/aruco/lib:/home/ueshiba/ros2_ws/install/aist_aruco_msgs/lib:/opt/ros/rolling/opt/rviz_ogre_vendor/lib:/opt/ros/rolling/lib/x86_64-linux-gnu:/opt/ros/rolling/lib:/usr/local/lib:/usr/lib64:/usr/local/cuda-12.5/lib64:/opt/Photoneo/PhoXiControl-1.13.4/API/lib PS1=\[\e]0;\u@\h: \w\a\]\h% PYTHONPATH=/home/ueshiba/ros2_ws/install/ddynamic_reconfigure2/lib/python3.10/site-packages:/home/ueshiba/ros2_ws/install/aist_msgs/lib/python3.10/site-packages:/home/ueshiba/ros2_ws/install/aist_handeye_calibration_msgs/lib/python3.10/site-packages:/home/ueshiba/ros2_ws/build/rqt_reconfigure/src:/home/ueshiba/ros2_ws/install/rqt_reconfigure/lib/python3.10/site-packages:/home/ueshiba/ros2_ws/install/realsense2_camera_msgs/lib/python3.10/site-packages:/home/ueshiba/ros2_ws/install/aist_handeye_calibration/lib/python3.10/site-packages:/home/ueshiba/ros2_ws/install/aist_camera_multiplexer/lib/python3.10/site-packages:/home/ueshiba/ros2_ws/install/aruco_msgs/lib/python3.10/site-packages:/home/ueshiba/ros2_ws/install/aist_aruco_msgs/lib/python3.10/site-packages:/opt/ros/rolling/lib/python3.10/site-packages /usr/bin/cmake --install /home/ueshiba/ros2_ws/build/aist_handeye_calibration
