[  1%] Built target aist_msgs__rosidl_generator_type_description
[  1%] Built target ament_cmake_python_symlink_aist_msgs
[  1%] Built target aist_msgs__cpp
[ 27%] Built target aist_msgs__rosidl_generator_c
[ 37%] Built target aist_msgs__rosidl_typesupport_cpp
[ 46%] Built target aist_msgs__rosidl_typesupport_introspection_c
[ 55%] Built target aist_msgs__rosidl_typesupport_fastrtps_c
[ 64%] Built target aist_msgs__rosidl_typesupport_c
[ 74%] Built target aist_msgs__rosidl_typesupport_fastrtps_cpp
[ 84%] Built target aist_msgs__rosidl_typesupport_introspection_cpp
[ 84%] Built target aist_msgs
[ 85%] Built target aist_msgs__py
[ 86%] [32mBuilding C object CMakeFiles/aist_msgs__rosidl_generator_py.dir/rosidl_generator_py/aist_msgs/msg/_float32_stamped_s.c.o[0m
[ 86%] [32mBuilding C object CMakeFiles/aist_msgs__rosidl_generator_py.dir/rosidl_generator_py/aist_msgs/msg/_pointing_s.c.o[0m
[ 87%] [32mBuilding C object CMakeFiles/aist_msgs__rosidl_generator_py.dir/rosidl_generator_py/aist_msgs/msg/_display_item_s.c.o[0m
[ 88%] [32mBuilding C object CMakeFiles/aist_msgs__rosidl_generator_py.dir/rosidl_generator_py/aist_msgs/msg/_upset_result_s.c.o[0m
[ 89%] [32mBuilding C object CMakeFiles/aist_msgs__rosidl_generator_py.dir/rosidl_generator_py/aist_msgs/msg/_request_help_s.c.o[0m
[ 90%] [32mBuilding C object CMakeFiles/aist_msgs__rosidl_generator_py.dir/rosidl_generator_py/aist_msgs/action/_pick_or_place_s.c.o[0m
[ 91%] [32mBuilding C object CMakeFiles/aist_msgs__rosidl_generator_py.dir/rosidl_generator_py/aist_msgs/action/_attempt_bin_s.c.o[0m
[ 92%] [32mBuilding C object CMakeFiles/aist_msgs__rosidl_generator_py.dir/rosidl_generator_py/aist_msgs/action/_request_help_s.c.o[0m
[ 92%] [32mBuilding C object CMakeFiles/aist_msgs__rosidl_generator_py.dir/rosidl_generator_py/aist_msgs/action/_repeat_sweep_s.c.o[0m
[ 93%] [32mBuilding C object CMakeFiles/aist_msgs__rosidl_generator_py.dir/rosidl_generator_py/aist_msgs/action/_sweep_s.c.o[0m
running egg_info
writing aist_msgs.egg-info/PKG-INFO
writing dependency_links to aist_msgs.egg-info/dependency_links.txt
writing top-level names to aist_msgs.egg-info/top_level.txt
reading manifest file 'aist_msgs.egg-info/SOURCES.txt'
writing manifest file 'aist_msgs.egg-info/SOURCES.txt'
[ 93%] Built target ament_cmake_python_build_aist_msgs_egg
[ 94%] [32m[1mLinking C shared library libaist_msgs__rosidl_generator_py.so[0m
[ 94%] Built target aist_msgs__rosidl_generator_py
[ 95%] [32mBuilding C object CMakeFiles/aist_msgs__rosidl_typesupport_c__pyext.dir/rosidl_generator_py/aist_msgs/_aist_msgs_s.ep.rosidl_typesupport_c.c.o[0m
[ 96%] [32mBuilding C object CMakeFiles/aist_msgs__rosidl_typesupport_introspection_c__pyext.dir/rosidl_generator_py/aist_msgs/_aist_msgs_s.ep.rosidl_typesupport_introspection_c.c.o[0m
[ 97%] [32mBuilding C object CMakeFiles/aist_msgs__rosidl_typesupport_fastrtps_c__pyext.dir/rosidl_generator_py/aist_msgs/_aist_msgs_s.ep.rosidl_typesupport_fastrtps_c.c.o[0m
[ 98%] [32m[1mLinking C shared library aist_msgs_s__rosidl_typesupport_c.cpython-310-x86_64-linux-gnu.so[0m
[ 99%] [32m[1mLinking C shared library aist_msgs_s__rosidl_typesupport_introspection_c.cpython-310-x86_64-linux-gnu.so[0m
[100%] [32m[1mLinking C shared library aist_msgs_s__rosidl_typesupport_fastrtps_c.cpython-310-x86_64-linux-gnu.so[0m
[100%] Built target aist_msgs__rosidl_typesupport_c__pyext
[100%] Built target aist_msgs__rosidl_typesupport_introspection_c__pyext
[100%] Built target aist_msgs__rosidl_typesupport_fastrtps_c__pyext
-- Install configuration: ""
-- Execute custom install script
-- Up-to-date symlink: /home/ueshiba/ros2_ws/install/aist_msgs/share/ament_index/resource_index/rosidl_interfaces/aist_msgs
-- Up-to-date symlink: /home/ueshiba/ros2_ws/install/aist_msgs/share/aist_msgs/msg/DisplayItem.json
-- Up-to-date symlink: /home/ueshiba/ros2_ws/install/aist_msgs/share/aist_msgs/msg/Float32Stamped.json
-- Up-to-date symlink: /home/ueshiba/ros2_ws/install/aist_msgs/share/aist_msgs/msg/Pointing.json
-- Up-to-date symlink: /home/ueshiba/ros2_ws/install/aist_msgs/share/aist_msgs/msg/RequestHelp.json
-- Up-to-date symlink: /home/ueshiba/ros2_ws/install/aist_msgs/share/aist_msgs/msg/UpsetResult.json
-- Up-to-date symlink: /home/ueshiba/ros2_ws/install/aist_msgs/share/aist_msgs/action/AttemptBin.json
-- Up-to-date symlink: /home/ueshiba/ros2_ws/install/aist_msgs/share/aist_msgs/action/PickOrPlace.json
-- Up-to-date symlink: /home/ueshiba/ros2_ws/install/aist_msgs/share/aist_msgs/action/RepeatSweep.json
-- Up-to-date symlink: /home/ueshiba/ros2_ws/install/aist_msgs/share/aist_msgs/action/RequestHelp.json
-- Up-to-date symlink: /home/ueshiba/ros2_ws/install/aist_msgs/share/aist_msgs/action/Sweep.json
-- Up-to-date symlink: /home/ueshiba/ros2_ws/install/aist_msgs/include/aist_msgs/aist_msgs/action/attempt_bin.h
-- Up-to-date symlink: /home/ueshiba/ros2_ws/install/aist_msgs/include/aist_msgs/aist_msgs/action/detail/attempt_bin__functions.h
-- Up-to-date symlink: /home/ueshiba/ros2_ws/install/aist_msgs/include/aist_msgs/aist_msgs/action/detail/attempt_bin__struct.h
-- Up-to-date symlink: /home/ueshiba/ros2_ws/install/aist_msgs/include/aist_msgs/aist_msgs/action/detail/attempt_bin__type_support.h
-- Up-to-date symlink: /home/ueshiba/ros2_ws/install/aist_msgs/include/aist_msgs/aist_msgs/action/detail/pick_or_place__functions.h
-- Up-to-date symlink: /home/ueshiba/ros2_ws/install/aist_msgs/include/aist_msgs/aist_msgs/action/detail/pick_or_place__struct.h
-- Up-to-date symlink: /home/ueshiba/ros2_ws/install/aist_msgs/include/aist_msgs/aist_msgs/action/detail/pick_or_place__type_support.h
-- Up-to-date symlink: /home/ueshiba/ros2_ws/install/aist_msgs/include/aist_msgs/aist_msgs/action/detail/repeat_sweep__functions.h
-- Up-to-date symlink: /home/ueshiba/ros2_ws/install/aist_msgs/include/aist_msgs/aist_msgs/action/detail/repeat_sweep__struct.h
-- Up-to-date symlink: /home/ueshiba/ros2_ws/install/aist_msgs/include/aist_msgs/aist_msgs/action/detail/repeat_sweep__type_support.h
-- Up-to-date symlink: /home/ueshiba/ros2_ws/install/aist_msgs/include/aist_msgs/aist_msgs/action/detail/request_help__functions.h
-- Up-to-date symlink: /home/ueshiba/ros2_ws/install/aist_msgs/include/aist_msgs/aist_msgs/action/detail/request_help__struct.h
-- Up-to-date symlink: /home/ueshiba/ros2_ws/install/aist_msgs/include/aist_msgs/aist_msgs/action/detail/request_help__type_support.h
-- Up-to-date symlink: /home/ueshiba/ros2_ws/install/aist_msgs/include/aist_msgs/aist_msgs/action/detail/sweep__functions.h
-- Up-to-date symlink: /home/ueshiba/ros2_ws/install/aist_msgs/include/aist_msgs/aist_msgs/action/detail/sweep__struct.h
-- Up-to-date symlink: /home/ueshiba/ros2_ws/install/aist_msgs/include/aist_msgs/aist_msgs/action/detail/sweep__type_support.h
-- Up-to-date symlink: /home/ueshiba/ros2_ws/install/aist_msgs/include/aist_msgs/aist_msgs/action/pick_or_place.h
-- Up-to-date symlink: /home/ueshiba/ros2_ws/install/aist_msgs/include/aist_msgs/aist_msgs/action/repeat_sweep.h
-- Up-to-date symlink: /home/ueshiba/ros2_ws/install/aist_msgs/include/aist_msgs/aist_msgs/action/request_help.h
-- Up-to-date symlink: /home/ueshiba/ros2_ws/install/aist_msgs/include/aist_msgs/aist_msgs/action/sweep.h
-- Up-to-date symlink: /home/ueshiba/ros2_ws/install/aist_msgs/include/aist_msgs/aist_msgs/msg/detail/display_item__functions.h
-- Up-to-date symlink: /home/ueshiba/ros2_ws/install/aist_msgs/include/aist_msgs/aist_msgs/msg/detail/display_item__struct.h
-- Up-to-date symlink: /home/ueshiba/ros2_ws/install/aist_msgs/include/aist_msgs/aist_msgs/msg/detail/display_item__type_support.h
-- Up-to-date symlink: /home/ueshiba/ros2_ws/install/aist_msgs/include/aist_msgs/aist_msgs/msg/detail/float32_stamped__functions.h
-- Up-to-date symlink: /home/ueshiba/ros2_ws/install/aist_msgs/include/aist_msgs/aist_msgs/msg/detail/float32_stamped__struct.h
-- Up-to-date symlink: /home/ueshiba/ros2_ws/install/aist_msgs/include/aist_msgs/aist_msgs/msg/detail/float32_stamped__type_support.h
-- Up-to-date symlink: /home/ueshiba/ros2_ws/install/aist_msgs/include/aist_msgs/aist_msgs/msg/detail/pointing__functions.h
-- Up-to-date symlink: /home/ueshiba/ros2_ws/install/aist_msgs/include/aist_msgs/aist_msgs/msg/detail/pointing__struct.h
-- Up-to-date symlink: /home/ueshiba/ros2_ws/install/aist_msgs/include/aist_msgs/aist_msgs/msg/detail/pointing__type_support.h
-- Up-to-date symlink: /home/ueshiba/ros2_ws/install/aist_msgs/include/aist_msgs/aist_msgs/msg/detail/request_help__functions.h
-- Up-to-date symlink: /home/ueshiba/ros2_ws/install/aist_msgs/include/aist_msgs/aist_msgs/msg/detail/request_help__struct.h
-- Up-to-date symlink: /home/ueshiba/ros2_ws/install/aist_msgs/include/aist_msgs/aist_msgs/msg/detail/request_help__type_support.h
-- Up-to-date symlink: /home/ueshiba/ros2_ws/install/aist_msgs/include/aist_msgs/aist_msgs/msg/detail/upset_result__functions.h
-- Up-to-date symlink: /home/ueshiba/ros2_ws/install/aist_msgs/include/aist_msgs/aist_msgs/msg/detail/upset_result__struct.h
-- Up-to-date symlink: /home/ueshiba/ros2_ws/install/aist_msgs/include/aist_msgs/aist_msgs/msg/detail/upset_result__type_support.h
-- Up-to-date symlink: /home/ueshiba/ros2_ws/install/aist_msgs/include/aist_msgs/aist_msgs/msg/display_item.h
-- Up-to-date symlink: /home/ueshiba/ros2_ws/install/aist_msgs/include/aist_msgs/aist_msgs/msg/float32_stamped.h
-- Up-to-date symlink: /home/ueshiba/ros2_ws/install/aist_msgs/include/aist_msgs/aist_msgs/msg/pointing.h
-- Up-to-date symlink: /home/ueshiba/ros2_ws/install/aist_msgs/include/aist_msgs/aist_msgs/msg/request_help.h
-- Up-to-date symlink: /home/ueshiba/ros2_ws/install/aist_msgs/include/aist_msgs/aist_msgs/msg/rosidl_generator_c__visibility_control.h
-- Up-to-date symlink: /home/ueshiba/ros2_ws/install/aist_msgs/include/aist_msgs/aist_msgs/msg/upset_result.h
-- Up-to-date symlink: /home/ueshiba/ros2_ws/install/aist_msgs/share/aist_msgs/environment/library_path.sh
-- Up-to-date symlink: /home/ueshiba/ros2_ws/install/aist_msgs/share/aist_msgs/environment/library_path.dsv
-- Up-to-date symlink: /home/ueshiba/ros2_ws/install/aist_msgs/include/aist_msgs/aist_msgs/action/detail/attempt_bin__rosidl_typesupport_fastrtps_c.h
-- Up-to-date symlink: /home/ueshiba/ros2_ws/install/aist_msgs/include/aist_msgs/aist_msgs/action/detail/pick_or_place__rosidl_typesupport_fastrtps_c.h
-- Up-to-date symlink: /home/ueshiba/ros2_ws/install/aist_msgs/include/aist_msgs/aist_msgs/action/detail/repeat_sweep__rosidl_typesupport_fastrtps_c.h
-- Up-to-date symlink: /home/ueshiba/ros2_ws/install/aist_msgs/include/aist_msgs/aist_msgs/action/detail/request_help__rosidl_typesupport_fastrtps_c.h
-- Up-to-date symlink: /home/ueshiba/ros2_ws/install/aist_msgs/include/aist_msgs/aist_msgs/action/detail/sweep__rosidl_typesupport_fastrtps_c.h
-- Up-to-date symlink: /home/ueshiba/ros2_ws/install/aist_msgs/include/aist_msgs/aist_msgs/msg/detail/display_item__rosidl_typesupport_fastrtps_c.h
-- Up-to-date symlink: /home/ueshiba/ros2_ws/install/aist_msgs/include/aist_msgs/aist_msgs/msg/detail/float32_stamped__rosidl_typesupport_fastrtps_c.h
-- Up-to-date symlink: /home/ueshiba/ros2_ws/install/aist_msgs/include/aist_msgs/aist_msgs/msg/detail/pointing__rosidl_typesupport_fastrtps_c.h
-- Up-to-date symlink: /home/ueshiba/ros2_ws/install/aist_msgs/include/aist_msgs/aist_msgs/msg/detail/request_help__rosidl_typesupport_fastrtps_c.h
-- Up-to-date symlink: /home/ueshiba/ros2_ws/install/aist_msgs/include/aist_msgs/aist_msgs/msg/detail/upset_result__rosidl_typesupport_fastrtps_c.h
-- Up-to-date symlink: /home/ueshiba/ros2_ws/install/aist_msgs/include/aist_msgs/aist_msgs/msg/rosidl_typesupport_fastrtps_c__visibility_control.h
-- Up-to-date symlink: /home/ueshiba/ros2_ws/install/aist_msgs/include/aist_msgs/aist_msgs/action/detail/attempt_bin__rosidl_typesupport_introspection_c.h
-- Up-to-date symlink: /home/ueshiba/ros2_ws/install/aist_msgs/include/aist_msgs/aist_msgs/action/detail/pick_or_place__rosidl_typesupport_introspection_c.h
-- Up-to-date symlink: /home/ueshiba/ros2_ws/install/aist_msgs/include/aist_msgs/aist_msgs/action/detail/repeat_sweep__rosidl_typesupport_introspection_c.h
-- Up-to-date symlink: /home/ueshiba/ros2_ws/install/aist_msgs/include/aist_msgs/aist_msgs/action/detail/request_help__rosidl_typesupport_introspection_c.h
-- Up-to-date symlink: /home/ueshiba/ros2_ws/install/aist_msgs/include/aist_msgs/aist_msgs/action/detail/sweep__rosidl_typesupport_introspection_c.h
-- Up-to-date symlink: /home/ueshiba/ros2_ws/install/aist_msgs/include/aist_msgs/aist_msgs/msg/detail/display_item__rosidl_typesupport_introspection_c.h
-- Up-to-date symlink: /home/ueshiba/ros2_ws/install/aist_msgs/include/aist_msgs/aist_msgs/msg/detail/float32_stamped__rosidl_typesupport_introspection_c.h
-- Up-to-date symlink: /home/ueshiba/ros2_ws/install/aist_msgs/include/aist_msgs/aist_msgs/msg/detail/pointing__rosidl_typesupport_introspection_c.h
-- Up-to-date symlink: /home/ueshiba/ros2_ws/install/aist_msgs/include/aist_msgs/aist_msgs/msg/detail/request_help__rosidl_typesupport_introspection_c.h
-- Up-to-date symlink: /home/ueshiba/ros2_ws/install/aist_msgs/include/aist_msgs/aist_msgs/msg/detail/upset_result__rosidl_typesupport_introspection_c.h
-- Up-to-date symlink: /home/ueshiba/ros2_ws/install/aist_msgs/include/aist_msgs/aist_msgs/msg/rosidl_typesupport_introspection_c__visibility_control.h
-- Up-to-date symlink: /home/ueshiba/ros2_ws/install/aist_msgs/include/aist_msgs/aist_msgs/action/attempt_bin.hpp
-- Up-to-date symlink: /home/ueshiba/ros2_ws/install/aist_msgs/include/aist_msgs/aist_msgs/action/detail/attempt_bin__builder.hpp
-- Up-to-date symlink: /home/ueshiba/ros2_ws/install/aist_msgs/include/aist_msgs/aist_msgs/action/detail/attempt_bin__struct.hpp
-- Up-to-date symlink: /home/ueshiba/ros2_ws/install/aist_msgs/include/aist_msgs/aist_msgs/action/detail/attempt_bin__traits.hpp
-- Up-to-date symlink: /home/ueshiba/ros2_ws/install/aist_msgs/include/aist_msgs/aist_msgs/action/detail/attempt_bin__type_support.hpp
-- Up-to-date symlink: /home/ueshiba/ros2_ws/install/aist_msgs/include/aist_msgs/aist_msgs/action/detail/pick_or_place__builder.hpp
-- Up-to-date symlink: /home/ueshiba/ros2_ws/install/aist_msgs/include/aist_msgs/aist_msgs/action/detail/pick_or_place__struct.hpp
-- Up-to-date symlink: /home/ueshiba/ros2_ws/install/aist_msgs/include/aist_msgs/aist_msgs/action/detail/pick_or_place__traits.hpp
-- Up-to-date symlink: /home/ueshiba/ros2_ws/install/aist_msgs/include/aist_msgs/aist_msgs/action/detail/pick_or_place__type_support.hpp
-- Up-to-date symlink: /home/ueshiba/ros2_ws/install/aist_msgs/include/aist_msgs/aist_msgs/action/detail/repeat_sweep__builder.hpp
-- Up-to-date symlink: /home/ueshiba/ros2_ws/install/aist_msgs/include/aist_msgs/aist_msgs/action/detail/repeat_sweep__struct.hpp
-- Up-to-date symlink: /home/ueshiba/ros2_ws/install/aist_msgs/include/aist_msgs/aist_msgs/action/detail/repeat_sweep__traits.hpp
-- Up-to-date symlink: /home/ueshiba/ros2_ws/install/aist_msgs/include/aist_msgs/aist_msgs/action/detail/repeat_sweep__type_support.hpp
-- Up-to-date symlink: /home/ueshiba/ros2_ws/install/aist_msgs/include/aist_msgs/aist_msgs/action/detail/request_help__builder.hpp
-- Up-to-date symlink: /home/ueshiba/ros2_ws/install/aist_msgs/include/aist_msgs/aist_msgs/action/detail/request_help__struct.hpp
-- Up-to-date symlink: /home/ueshiba/ros2_ws/install/aist_msgs/include/aist_msgs/aist_msgs/action/detail/request_help__traits.hpp
-- Up-to-date symlink: /home/ueshiba/ros2_ws/install/aist_msgs/include/aist_msgs/aist_msgs/action/detail/request_help__type_support.hpp
-- Up-to-date symlink: /home/ueshiba/ros2_ws/install/aist_msgs/include/aist_msgs/aist_msgs/action/detail/sweep__builder.hpp
-- Up-to-date symlink: /home/ueshiba/ros2_ws/install/aist_msgs/include/aist_msgs/aist_msgs/action/detail/sweep__struct.hpp
-- Up-to-date symlink: /home/ueshiba/ros2_ws/install/aist_msgs/include/aist_msgs/aist_msgs/action/detail/sweep__traits.hpp
-- Up-to-date symlink: /home/ueshiba/ros2_ws/install/aist_msgs/include/aist_msgs/aist_msgs/action/detail/sweep__type_support.hpp
-- Up-to-date symlink: /home/ueshiba/ros2_ws/install/aist_msgs/include/aist_msgs/aist_msgs/action/pick_or_place.hpp
-- Up-to-date symlink: /home/ueshiba/ros2_ws/install/aist_msgs/include/aist_msgs/aist_msgs/action/repeat_sweep.hpp
-- Up-to-date symlink: /home/ueshiba/ros2_ws/install/aist_msgs/include/aist_msgs/aist_msgs/action/request_help.hpp
-- Up-to-date symlink: /home/ueshiba/ros2_ws/install/aist_msgs/include/aist_msgs/aist_msgs/action/sweep.hpp
-- Up-to-date symlink: /home/ueshiba/ros2_ws/install/aist_msgs/include/aist_msgs/aist_msgs/msg/detail/display_item__builder.hpp
-- Up-to-date symlink: /home/ueshiba/ros2_ws/install/aist_msgs/include/aist_msgs/aist_msgs/msg/detail/display_item__struct.hpp
-- Up-to-date symlink: /home/ueshiba/ros2_ws/install/aist_msgs/include/aist_msgs/aist_msgs/msg/detail/display_item__traits.hpp
-- Up-to-date symlink: /home/ueshiba/ros2_ws/install/aist_msgs/include/aist_msgs/aist_msgs/msg/detail/display_item__type_support.hpp
-- Up-to-date symlink: /home/ueshiba/ros2_ws/install/aist_msgs/include/aist_msgs/aist_msgs/msg/detail/float32_stamped__builder.hpp
-- Up-to-date symlink: /home/ueshiba/ros2_ws/install/aist_msgs/include/aist_msgs/aist_msgs/msg/detail/float32_stamped__struct.hpp
-- Up-to-date symlink: /home/ueshiba/ros2_ws/install/aist_msgs/include/aist_msgs/aist_msgs/msg/detail/float32_stamped__traits.hpp
-- Up-to-date symlink: /home/ueshiba/ros2_ws/install/aist_msgs/include/aist_msgs/aist_msgs/msg/detail/float32_stamped__type_support.hpp
-- Up-to-date symlink: /home/ueshiba/ros2_ws/install/aist_msgs/include/aist_msgs/aist_msgs/msg/detail/pointing__builder.hpp
-- Up-to-date symlink: /home/ueshiba/ros2_ws/install/aist_msgs/include/aist_msgs/aist_msgs/msg/detail/pointing__struct.hpp
-- Up-to-date symlink: /home/ueshiba/ros2_ws/install/aist_msgs/include/aist_msgs/aist_msgs/msg/detail/pointing__traits.hpp
-- Up-to-date symlink: /home/ueshiba/ros2_ws/install/aist_msgs/include/aist_msgs/aist_msgs/msg/detail/pointing__type_support.hpp
-- Up-to-date symlink: /home/ueshiba/ros2_ws/install/aist_msgs/include/aist_msgs/aist_msgs/msg/detail/request_help__builder.hpp
-- Up-to-date symlink: /home/ueshiba/ros2_ws/install/aist_msgs/include/aist_msgs/aist_msgs/msg/detail/request_help__struct.hpp
-- Up-to-date symlink: /home/ueshiba/ros2_ws/install/aist_msgs/include/aist_msgs/aist_msgs/msg/detail/request_help__traits.hpp
-- Up-to-date symlink: /home/ueshiba/ros2_ws/install/aist_msgs/include/aist_msgs/aist_msgs/msg/detail/request_help__type_support.hpp
-- Up-to-date symlink: /home/ueshiba/ros2_ws/install/aist_msgs/include/aist_msgs/aist_msgs/msg/detail/upset_result__builder.hpp
-- Up-to-date symlink: /home/ueshiba/ros2_ws/install/aist_msgs/include/aist_msgs/aist_msgs/msg/detail/upset_result__struct.hpp
-- Up-to-date symlink: /home/ueshiba/ros2_ws/install/aist_msgs/include/aist_msgs/aist_msgs/msg/detail/upset_result__traits.hpp
-- Up-to-date symlink: /home/ueshiba/ros2_ws/install/aist_msgs/include/aist_msgs/aist_msgs/msg/detail/upset_result__type_support.hpp
-- Up-to-date symlink: /home/ueshiba/ros2_ws/install/aist_msgs/include/aist_msgs/aist_msgs/msg/display_item.hpp
-- Up-to-date symlink: /home/ueshiba/ros2_ws/install/aist_msgs/include/aist_msgs/aist_msgs/msg/float32_stamped.hpp
-- Up-to-date symlink: /home/ueshiba/ros2_ws/install/aist_msgs/include/aist_msgs/aist_msgs/msg/pointing.hpp
-- Up-to-date symlink: /home/ueshiba/ros2_ws/install/aist_msgs/include/aist_msgs/aist_msgs/msg/request_help.hpp
-- Up-to-date symlink: /home/ueshiba/ros2_ws/install/aist_msgs/include/aist_msgs/aist_msgs/msg/rosidl_generator_cpp__visibility_control.hpp
-- Up-to-date symlink: /home/ueshiba/ros2_ws/install/aist_msgs/include/aist_msgs/aist_msgs/msg/upset_result.hpp
-- Up-to-date symlink: /home/ueshiba/ros2_ws/install/aist_msgs/include/aist_msgs/aist_msgs/action/detail/attempt_bin__rosidl_typesupport_fastrtps_cpp.hpp
-- Up-to-date symlink: /home/ueshiba/ros2_ws/install/aist_msgs/include/aist_msgs/aist_msgs/action/detail/pick_or_place__rosidl_typesupport_fastrtps_cpp.hpp
-- Up-to-date symlink: /home/ueshiba/ros2_ws/install/aist_msgs/include/aist_msgs/aist_msgs/action/detail/repeat_sweep__rosidl_typesupport_fastrtps_cpp.hpp
-- Up-to-date symlink: /home/ueshiba/ros2_ws/install/aist_msgs/include/aist_msgs/aist_msgs/action/detail/request_help__rosidl_typesupport_fastrtps_cpp.hpp
-- Up-to-date symlink: /home/ueshiba/ros2_ws/install/aist_msgs/include/aist_msgs/aist_msgs/action/detail/sweep__rosidl_typesupport_fastrtps_cpp.hpp
-- Up-to-date symlink: /home/ueshiba/ros2_ws/install/aist_msgs/include/aist_msgs/aist_msgs/msg/detail/display_item__rosidl_typesupport_fastrtps_cpp.hpp
-- Up-to-date symlink: /home/ueshiba/ros2_ws/install/aist_msgs/include/aist_msgs/aist_msgs/msg/detail/float32_stamped__rosidl_typesupport_fastrtps_cpp.hpp
-- Up-to-date symlink: /home/ueshiba/ros2_ws/install/aist_msgs/include/aist_msgs/aist_msgs/msg/detail/pointing__rosidl_typesupport_fastrtps_cpp.hpp
-- Up-to-date symlink: /home/ueshiba/ros2_ws/install/aist_msgs/include/aist_msgs/aist_msgs/msg/detail/request_help__rosidl_typesupport_fastrtps_cpp.hpp
-- Up-to-date symlink: /home/ueshiba/ros2_ws/install/aist_msgs/include/aist_msgs/aist_msgs/msg/detail/upset_result__rosidl_typesupport_fastrtps_cpp.hpp
-- Up-to-date symlink: /home/ueshiba/ros2_ws/install/aist_msgs/include/aist_msgs/aist_msgs/msg/rosidl_typesupport_fastrtps_cpp__visibility_control.h
-- Up-to-date symlink: /home/ueshiba/ros2_ws/install/aist_msgs/include/aist_msgs/aist_msgs/action/detail/attempt_bin__rosidl_typesupport_introspection_cpp.hpp
-- Up-to-date symlink: /home/ueshiba/ros2_ws/install/aist_msgs/include/aist_msgs/aist_msgs/action/detail/pick_or_place__rosidl_typesupport_introspection_cpp.hpp
-- Up-to-date symlink: /home/ueshiba/ros2_ws/install/aist_msgs/include/aist_msgs/aist_msgs/action/detail/repeat_sweep__rosidl_typesupport_introspection_cpp.hpp
-- Up-to-date symlink: /home/ueshiba/ros2_ws/install/aist_msgs/include/aist_msgs/aist_msgs/action/detail/request_help__rosidl_typesupport_introspection_cpp.hpp
-- Up-to-date symlink: /home/ueshiba/ros2_ws/install/aist_msgs/include/aist_msgs/aist_msgs/action/detail/sweep__rosidl_typesupport_introspection_cpp.hpp
-- Up-to-date symlink: /home/ueshiba/ros2_ws/install/aist_msgs/include/aist_msgs/aist_msgs/msg/detail/display_item__rosidl_typesupport_introspection_cpp.hpp
-- Up-to-date symlink: /home/ueshiba/ros2_ws/install/aist_msgs/include/aist_msgs/aist_msgs/msg/detail/float32_stamped__rosidl_typesupport_introspection_cpp.hpp
-- Up-to-date symlink: /home/ueshiba/ros2_ws/install/aist_msgs/include/aist_msgs/aist_msgs/msg/detail/pointing__rosidl_typesupport_introspection_cpp.hpp
-- Up-to-date symlink: /home/ueshiba/ros2_ws/install/aist_msgs/include/aist_msgs/aist_msgs/msg/detail/request_help__rosidl_typesupport_introspection_cpp.hpp
-- Up-to-date symlink: /home/ueshiba/ros2_ws/install/aist_msgs/include/aist_msgs/aist_msgs/msg/detail/upset_result__rosidl_typesupport_introspection_cpp.hpp
-- Up-to-date symlink: /home/ueshiba/ros2_ws/install/aist_msgs/share/aist_msgs/environment/pythonpath.sh
-- Up-to-date symlink: /home/ueshiba/ros2_ws/install/aist_msgs/share/aist_msgs/environment/pythonpath.dsv
-- Up-to-date symlink: /home/ueshiba/ros2_ws/install/aist_msgs/lib/python3.10/site-packages/aist_msgs-0.6.0-py3.10.egg-info/PKG-INFO
-- Up-to-date symlink: /home/ueshiba/ros2_ws/install/aist_msgs/lib/python3.10/site-packages/aist_msgs-0.6.0-py3.10.egg-info/SOURCES.txt
-- Up-to-date symlink: /home/ueshiba/ros2_ws/install/aist_msgs/lib/python3.10/site-packages/aist_msgs-0.6.0-py3.10.egg-info/dependency_links.txt
-- Up-to-date symlink: /home/ueshiba/ros2_ws/install/aist_msgs/lib/python3.10/site-packages/aist_msgs-0.6.0-py3.10.egg-info/top_level.txt
-- Up-to-date symlink: /home/ueshiba/ros2_ws/install/aist_msgs/lib/python3.10/site-packages/aist_msgs/__init__.py
-- Up-to-date symlink: /home/ueshiba/ros2_ws/install/aist_msgs/lib/python3.10/site-packages/aist_msgs/_aist_msgs_s.ep.rosidl_typesupport_c.c
-- Up-to-date symlink: /home/ueshiba/ros2_ws/install/aist_msgs/lib/python3.10/site-packages/aist_msgs/_aist_msgs_s.ep.rosidl_typesupport_fastrtps_c.c
-- Up-to-date symlink: /home/ueshiba/ros2_ws/install/aist_msgs/lib/python3.10/site-packages/aist_msgs/_aist_msgs_s.ep.rosidl_typesupport_introspection_c.c
-- Up-to-date symlink: /home/ueshiba/ros2_ws/install/aist_msgs/lib/python3.10/site-packages/aist_msgs/action/__init__.py
-- Up-to-date symlink: /home/ueshiba/ros2_ws/install/aist_msgs/lib/python3.10/site-packages/aist_msgs/action/_attempt_bin.py
-- Up-to-date symlink: /home/ueshiba/ros2_ws/install/aist_msgs/lib/python3.10/site-packages/aist_msgs/action/_attempt_bin_s.c
-- Up-to-date symlink: /home/ueshiba/ros2_ws/install/aist_msgs/lib/python3.10/site-packages/aist_msgs/action/_pick_or_place.py
-- Up-to-date symlink: /home/ueshiba/ros2_ws/install/aist_msgs/lib/python3.10/site-packages/aist_msgs/action/_pick_or_place_s.c
-- Up-to-date symlink: /home/ueshiba/ros2_ws/install/aist_msgs/lib/python3.10/site-packages/aist_msgs/action/_repeat_sweep.py
-- Up-to-date symlink: /home/ueshiba/ros2_ws/install/aist_msgs/lib/python3.10/site-packages/aist_msgs/action/_repeat_sweep_s.c
-- Up-to-date symlink: /home/ueshiba/ros2_ws/install/aist_msgs/lib/python3.10/site-packages/aist_msgs/action/_request_help.py
-- Up-to-date symlink: /home/ueshiba/ros2_ws/install/aist_msgs/lib/python3.10/site-packages/aist_msgs/action/_request_help_s.c
-- Up-to-date symlink: /home/ueshiba/ros2_ws/install/aist_msgs/lib/python3.10/site-packages/aist_msgs/action/_sweep.py
-- Up-to-date symlink: /home/ueshiba/ros2_ws/install/aist_msgs/lib/python3.10/site-packages/aist_msgs/action/_sweep_s.c
-- Up-to-date symlink: /home/ueshiba/ros2_ws/install/aist_msgs/lib/python3.10/site-packages/aist_msgs/msg/__init__.py
-- Up-to-date symlink: /home/ueshiba/ros2_ws/install/aist_msgs/lib/python3.10/site-packages/aist_msgs/msg/_display_item.py
-- Up-to-date symlink: /home/ueshiba/ros2_ws/install/aist_msgs/lib/python3.10/site-packages/aist_msgs/msg/_display_item_s.c
-- Up-to-date symlink: /home/ueshiba/ros2_ws/install/aist_msgs/lib/python3.10/site-packages/aist_msgs/msg/_float32_stamped.py
-- Up-to-date symlink: /home/ueshiba/ros2_ws/install/aist_msgs/lib/python3.10/site-packages/aist_msgs/msg/_float32_stamped_s.c
-- Up-to-date symlink: /home/ueshiba/ros2_ws/install/aist_msgs/lib/python3.10/site-packages/aist_msgs/msg/_pointing.py
-- Up-to-date symlink: /home/ueshiba/ros2_ws/install/aist_msgs/lib/python3.10/site-packages/aist_msgs/msg/_pointing_s.c
-- Up-to-date symlink: /home/ueshiba/ros2_ws/install/aist_msgs/lib/python3.10/site-packages/aist_msgs/msg/_request_help.py
-- Up-to-date symlink: /home/ueshiba/ros2_ws/install/aist_msgs/lib/python3.10/site-packages/aist_msgs/msg/_request_help_s.c
-- Up-to-date symlink: /home/ueshiba/ros2_ws/install/aist_msgs/lib/python3.10/site-packages/aist_msgs/msg/_upset_result.py
-- Up-to-date symlink: /home/ueshiba/ros2_ws/install/aist_msgs/lib/python3.10/site-packages/aist_msgs/msg/_upset_result_s.c
-- Up-to-date symlink: /home/ueshiba/ros2_ws/install/aist_msgs/lib/python3.10/site-packages/aist_msgs/aist_msgs_s__rosidl_typesupport_fastrtps_c.cpython-310-x86_64-linux-gnu.so
-- Up-to-date symlink: /home/ueshiba/ros2_ws/install/aist_msgs/lib/python3.10/site-packages/aist_msgs/aist_msgs_s__rosidl_typesupport_introspection_c.cpython-310-x86_64-linux-gnu.so
-- Up-to-date symlink: /home/ueshiba/ros2_ws/install/aist_msgs/lib/python3.10/site-packages/aist_msgs/aist_msgs_s__rosidl_typesupport_c.cpython-310-x86_64-linux-gnu.so
-- Up-to-date symlink: /home/ueshiba/ros2_ws/install/aist_msgs/share/aist_msgs/msg/DisplayItem.idl
-- Up-to-date symlink: /home/ueshiba/ros2_ws/install/aist_msgs/share/aist_msgs/msg/Float32Stamped.idl
-- Up-to-date symlink: /home/ueshiba/ros2_ws/install/aist_msgs/share/aist_msgs/msg/Pointing.idl
-- Up-to-date symlink: /home/ueshiba/ros2_ws/install/aist_msgs/share/aist_msgs/msg/RequestHelp.idl
-- Up-to-date symlink: /home/ueshiba/ros2_ws/install/aist_msgs/share/aist_msgs/msg/UpsetResult.idl
-- Up-to-date symlink: /home/ueshiba/ros2_ws/install/aist_msgs/share/aist_msgs/action/AttemptBin.idl
-- Up-to-date symlink: /home/ueshiba/ros2_ws/install/aist_msgs/share/aist_msgs/action/PickOrPlace.idl
-- Up-to-date symlink: /home/ueshiba/ros2_ws/install/aist_msgs/share/aist_msgs/action/RepeatSweep.idl
-- Up-to-date symlink: /home/ueshiba/ros2_ws/install/aist_msgs/share/aist_msgs/action/RequestHelp.idl
-- Up-to-date symlink: /home/ueshiba/ros2_ws/install/aist_msgs/share/aist_msgs/action/Sweep.idl
-- Up-to-date symlink: /home/ueshiba/ros2_ws/install/aist_msgs/share/aist_msgs/msg/DisplayItem.msg
-- Up-to-date symlink: /home/ueshiba/ros2_ws/install/aist_msgs/share/aist_msgs/msg/Float32Stamped.msg
-- Up-to-date symlink: /home/ueshiba/ros2_ws/install/aist_msgs/share/aist_msgs/msg/Pointing.msg
-- Up-to-date symlink: /home/ueshiba/ros2_ws/install/aist_msgs/share/aist_msgs/msg/RequestHelp.msg
-- Up-to-date symlink: /home/ueshiba/ros2_ws/install/aist_msgs/share/aist_msgs/msg/UpsetResult.msg
-- Up-to-date symlink: /home/ueshiba/ros2_ws/install/aist_msgs/share/aist_msgs/action/AttemptBin.action
-- Up-to-date symlink: /home/ueshiba/ros2_ws/install/aist_msgs/share/aist_msgs/action/PickOrPlace.action
-- Up-to-date symlink: /home/ueshiba/ros2_ws/install/aist_msgs/share/aist_msgs/action/RepeatSweep.action
-- Up-to-date symlink: /home/ueshiba/ros2_ws/install/aist_msgs/share/aist_msgs/action/RequestHelp.action
-- Up-to-date symlink: /home/ueshiba/ros2_ws/install/aist_msgs/share/aist_msgs/action/Sweep.action
-- Up-to-date symlink: /home/ueshiba/ros2_ws/install/aist_msgs/share/ament_index/resource_index/package_run_dependencies/aist_msgs
-- Up-to-date symlink: /home/ueshiba/ros2_ws/install/aist_msgs/share/ament_index/resource_index/parent_prefix_path/aist_msgs
-- Up-to-date symlink: /home/ueshiba/ros2_ws/install/aist_msgs/share/aist_msgs/environment/ament_prefix_path.sh
-- Up-to-date symlink: /home/ueshiba/ros2_ws/install/aist_msgs/share/aist_msgs/environment/ament_prefix_path.dsv
-- Up-to-date symlink: /home/ueshiba/ros2_ws/install/aist_msgs/share/aist_msgs/environment/path.sh
-- Up-to-date symlink: /home/ueshiba/ros2_ws/install/aist_msgs/share/aist_msgs/environment/path.dsv
-- Up-to-date symlink: /home/ueshiba/ros2_ws/install/aist_msgs/share/aist_msgs/local_setup.bash
-- Up-to-date symlink: /home/ueshiba/ros2_ws/install/aist_msgs/share/aist_msgs/local_setup.sh
-- Up-to-date symlink: /home/ueshiba/ros2_ws/install/aist_msgs/share/aist_msgs/local_setup.zsh
-- Up-to-date symlink: /home/ueshiba/ros2_ws/install/aist_msgs/share/aist_msgs/local_setup.dsv
-- Symlinking: /home/ueshiba/ros2_ws/install/aist_msgs/share/aist_msgs/package.dsv
-- Up-to-date symlink: /home/ueshiba/ros2_ws/install/aist_msgs/share/ament_index/resource_index/packages/aist_msgs
-- Up-to-date symlink: /home/ueshiba/ros2_ws/install/aist_msgs/share/aist_msgs/cmake/rosidl_cmake-extras.cmake
-- Up-to-date symlink: /home/ueshiba/ros2_ws/install/aist_msgs/share/aist_msgs/cmake/ament_cmake_export_dependencies-extras.cmake
-- Up-to-date symlink: /home/ueshiba/ros2_ws/install/aist_msgs/share/aist_msgs/cmake/ament_cmake_export_include_directories-extras.cmake
-- Up-to-date symlink: /home/ueshiba/ros2_ws/install/aist_msgs/share/aist_msgs/cmake/ament_cmake_export_libraries-extras.cmake
-- Up-to-date symlink: /home/ueshiba/ros2_ws/install/aist_msgs/share/aist_msgs/cmake/ament_cmake_export_targets-extras.cmake
-- Up-to-date symlink: /home/ueshiba/ros2_ws/install/aist_msgs/share/aist_msgs/cmake/rosidl_cmake_export_typesupport_targets-extras.cmake
-- Up-to-date symlink: /home/ueshiba/ros2_ws/install/aist_msgs/share/aist_msgs/cmake/rosidl_cmake_export_typesupport_libraries-extras.cmake
-- Up-to-date symlink: /home/ueshiba/ros2_ws/install/aist_msgs/share/aist_msgs/cmake/aist_msgsConfig.cmake
-- Up-to-date symlink: /home/ueshiba/ros2_ws/install/aist_msgs/share/aist_msgs/cmake/aist_msgsConfig-version.cmake
-- Up-to-date symlink: /home/ueshiba/ros2_ws/install/aist_msgs/share/aist_msgs/package.xml
-- Up-to-date: /home/ueshiba/ros2_ws/install/aist_msgs/lib/libaist_msgs__rosidl_generator_c.so
-- Up-to-date: /home/ueshiba/ros2_ws/install/aist_msgs/lib/libaist_msgs__rosidl_typesupport_fastrtps_c.so
-- Up-to-date: /home/ueshiba/ros2_ws/install/aist_msgs/lib/libaist_msgs__rosidl_typesupport_introspection_c.so
-- Up-to-date: /home/ueshiba/ros2_ws/install/aist_msgs/lib/libaist_msgs__rosidl_typesupport_c.so
-- Up-to-date: /home/ueshiba/ros2_ws/install/aist_msgs/lib/libaist_msgs__rosidl_typesupport_fastrtps_cpp.so
-- Up-to-date: /home/ueshiba/ros2_ws/install/aist_msgs/lib/libaist_msgs__rosidl_typesupport_introspection_cpp.so
-- Up-to-date: /home/ueshiba/ros2_ws/install/aist_msgs/lib/libaist_msgs__rosidl_typesupport_cpp.so
Listing '/home/ueshiba/ros2_ws/install/aist_msgs/lib/python3.10/site-packages/aist_msgs'...
Listing '/home/ueshiba/ros2_ws/install/aist_msgs/lib/python3.10/site-packages/aist_msgs/action'...
Listing '/home/ueshiba/ros2_ws/install/aist_msgs/lib/python3.10/site-packages/aist_msgs/msg'...
-- Installing: /home/ueshiba/ros2_ws/install/aist_msgs/lib/libaist_msgs__rosidl_generator_py.so
-- Set runtime path of "/home/ueshiba/ros2_ws/install/aist_msgs/lib/libaist_msgs__rosidl_generator_py.so" to ""
-- Up-to-date: /home/ueshiba/ros2_ws/install/aist_msgs/share/aist_msgs/cmake/export_aist_msgs__rosidl_generator_cExport.cmake
-- Up-to-date: /home/ueshiba/ros2_ws/install/aist_msgs/share/aist_msgs/cmake/export_aist_msgs__rosidl_generator_cExport-noconfig.cmake
-- Up-to-date: /home/ueshiba/ros2_ws/install/aist_msgs/share/aist_msgs/cmake/export_aist_msgs__rosidl_typesupport_fastrtps_cExport.cmake
-- Up-to-date: /home/ueshiba/ros2_ws/install/aist_msgs/share/aist_msgs/cmake/export_aist_msgs__rosidl_typesupport_fastrtps_cExport-noconfig.cmake
-- Up-to-date: /home/ueshiba/ros2_ws/install/aist_msgs/share/aist_msgs/cmake/aist_msgs__rosidl_typesupport_introspection_cExport.cmake
-- Up-to-date: /home/ueshiba/ros2_ws/install/aist_msgs/share/aist_msgs/cmake/aist_msgs__rosidl_typesupport_introspection_cExport-noconfig.cmake
-- Up-to-date: /home/ueshiba/ros2_ws/install/aist_msgs/share/aist_msgs/cmake/aist_msgs__rosidl_typesupport_cExport.cmake
-- Up-to-date: /home/ueshiba/ros2_ws/install/aist_msgs/share/aist_msgs/cmake/aist_msgs__rosidl_typesupport_cExport-noconfig.cmake
-- Up-to-date: /home/ueshiba/ros2_ws/install/aist_msgs/share/aist_msgs/cmake/export_aist_msgs__rosidl_generator_cppExport.cmake
-- Up-to-date: /home/ueshiba/ros2_ws/install/aist_msgs/share/aist_msgs/cmake/export_aist_msgs__rosidl_typesupport_fastrtps_cppExport.cmake
-- Up-to-date: /home/ueshiba/ros2_ws/install/aist_msgs/share/aist_msgs/cmake/export_aist_msgs__rosidl_typesupport_fastrtps_cppExport-noconfig.cmake
-- Up-to-date: /home/ueshiba/ros2_ws/install/aist_msgs/share/aist_msgs/cmake/aist_msgs__rosidl_typesupport_introspection_cppExport.cmake
-- Up-to-date: /home/ueshiba/ros2_ws/install/aist_msgs/share/aist_msgs/cmake/aist_msgs__rosidl_typesupport_introspection_cppExport-noconfig.cmake
-- Up-to-date: /home/ueshiba/ros2_ws/install/aist_msgs/share/aist_msgs/cmake/aist_msgs__rosidl_typesupport_cppExport.cmake
-- Up-to-date: /home/ueshiba/ros2_ws/install/aist_msgs/share/aist_msgs/cmake/aist_msgs__rosidl_typesupport_cppExport-noconfig.cmake
-- Up-to-date: /home/ueshiba/ros2_ws/install/aist_msgs/share/aist_msgs/cmake/export_aist_msgs__rosidl_generator_pyExport.cmake
-- Up-to-date: /home/ueshiba/ros2_ws/install/aist_msgs/share/aist_msgs/cmake/export_aist_msgs__rosidl_generator_pyExport-noconfig.cmake
