[0.028s] Invoking command in '/home/ueshiba/ros2_ws/build/aist_msgs': CMAKE_PREFIX_PATH=${CMAKE_PREFIX_PATH}:/home/ueshiba/ros2_ws/install/rqt_reconfigure:/opt/ros/rolling PS1=\[\e]0;\u@\h: \w\a\]\h% /usr/bin/cmake --build /home/ueshiba/ros2_ws/build/aist_msgs -- -j24 -l24
[0.499s] [  1%] Built target aist_msgs__rosidl_generator_type_description
[0.499s] [  1%] Built target ament_cmake_python_symlink_aist_msgs
[0.499s] [  1%] Built target aist_msgs__cpp
[0.499s] [ 27%] Built target aist_msgs__rosidl_generator_c
[0.499s] [ 37%] Built target aist_msgs__rosidl_typesupport_cpp
[0.499s] [ 46%] Built target aist_msgs__rosidl_typesupport_introspection_c
[0.499s] [ 55%] Built target aist_msgs__rosidl_typesupport_fastrtps_c
[0.499s] [ 64%] Built target aist_msgs__rosidl_typesupport_c
[0.499s] [ 74%] Built target aist_msgs__rosidl_typesupport_fastrtps_cpp
[0.499s] [ 84%] Built target aist_msgs__rosidl_typesupport_introspection_cpp
[0.499s] [ 84%] Built target aist_msgs
[0.504s] [ 85%] Built target aist_msgs__py
[0.589s] [ 86%] [32mBuilding C object CMakeFiles/aist_msgs__rosidl_generator_py.dir/rosidl_generator_py/aist_msgs/msg/_float32_stamped_s.c.o[0m
[0.591s] [ 86%] [32mBuilding C object CMakeFiles/aist_msgs__rosidl_generator_py.dir/rosidl_generator_py/aist_msgs/msg/_pointing_s.c.o[0m
[0.612s] [ 87%] [32mBuilding C object CMakeFiles/aist_msgs__rosidl_generator_py.dir/rosidl_generator_py/aist_msgs/msg/_display_item_s.c.o[0m
[0.612s] [ 88%] [32mBuilding C object CMakeFiles/aist_msgs__rosidl_generator_py.dir/rosidl_generator_py/aist_msgs/msg/_upset_result_s.c.o[0m
[0.621s] [ 89%] [32mBuilding C object CMakeFiles/aist_msgs__rosidl_generator_py.dir/rosidl_generator_py/aist_msgs/msg/_request_help_s.c.o[0m
[0.654s] [ 90%] [32mBuilding C object CMakeFiles/aist_msgs__rosidl_generator_py.dir/rosidl_generator_py/aist_msgs/action/_pick_or_place_s.c.o[0m
[0.661s] [ 91%] [32mBuilding C object CMakeFiles/aist_msgs__rosidl_generator_py.dir/rosidl_generator_py/aist_msgs/action/_attempt_bin_s.c.o[0m
[0.678s] [ 92%] [32mBuilding C object CMakeFiles/aist_msgs__rosidl_generator_py.dir/rosidl_generator_py/aist_msgs/action/_request_help_s.c.o[0m
[0.703s] [ 92%] [32mBuilding C object CMakeFiles/aist_msgs__rosidl_generator_py.dir/rosidl_generator_py/aist_msgs/action/_repeat_sweep_s.c.o[0m
[0.709s] [ 93%] [32mBuilding C object CMakeFiles/aist_msgs__rosidl_generator_py.dir/rosidl_generator_py/aist_msgs/action/_sweep_s.c.o[0m
[0.911s] running egg_info
[0.911s] writing aist_msgs.egg-info/PKG-INFO
[0.911s] writing dependency_links to aist_msgs.egg-info/dependency_links.txt
[0.911s] writing top-level names to aist_msgs.egg-info/top_level.txt
[0.933s] reading manifest file 'aist_msgs.egg-info/SOURCES.txt'
[0.935s] writing manifest file 'aist_msgs.egg-info/SOURCES.txt'
[1.131s] [ 93%] Built target ament_cmake_python_build_aist_msgs_egg
[1.379s] [ 94%] [32m[1mLinking C shared library libaist_msgs__rosidl_generator_py.so[0m
[1.562s] [ 94%] Built target aist_msgs__rosidl_generator_py
[1.611s] [ 95%] [32mBuilding C object CMakeFiles/aist_msgs__rosidl_typesupport_c__pyext.dir/rosidl_generator_py/aist_msgs/_aist_msgs_s.ep.rosidl_typesupport_c.c.o[0m
[1.616s] [ 96%] [32mBuilding C object CMakeFiles/aist_msgs__rosidl_typesupport_introspection_c__pyext.dir/rosidl_generator_py/aist_msgs/_aist_msgs_s.ep.rosidl_typesupport_introspection_c.c.o[0m
[1.627s] [ 97%] [32mBuilding C object CMakeFiles/aist_msgs__rosidl_typesupport_fastrtps_c__pyext.dir/rosidl_generator_py/aist_msgs/_aist_msgs_s.ep.rosidl_typesupport_fastrtps_c.c.o[0m
[2.042s] [ 98%] [32m[1mLinking C shared library aist_msgs_s__rosidl_typesupport_c.cpython-310-x86_64-linux-gnu.so[0m
[2.145s] [ 99%] [32m[1mLinking C shared library aist_msgs_s__rosidl_typesupport_introspection_c.cpython-310-x86_64-linux-gnu.so[0m
[2.167s] [100%] [32m[1mLinking C shared library aist_msgs_s__rosidl_typesupport_fastrtps_c.cpython-310-x86_64-linux-gnu.so[0m
[2.200s] [100%] Built target aist_msgs__rosidl_typesupport_c__pyext
[2.238s] [100%] Built target aist_msgs__rosidl_typesupport_introspection_c__pyext
[2.283s] [100%] Built target aist_msgs__rosidl_typesupport_fastrtps_c__pyext
[2.299s] Invoked command in '/home/ueshiba/ros2_ws/build/aist_msgs' returned '0': CMAKE_PREFIX_PATH=${CMAKE_PREFIX_PATH}:/home/ueshiba/ros2_ws/install/rqt_reconfigure:/opt/ros/rolling PS1=\[\e]0;\u@\h: \w\a\]\h% /usr/bin/cmake --build /home/ueshiba/ros2_ws/build/aist_msgs -- -j24 -l24
[2.616s] Invoking command in '/home/ueshiba/ros2_ws/build/aist_msgs': CMAKE_PREFIX_PATH=${CMAKE_PREFIX_PATH}:/home/ueshiba/ros2_ws/install/rqt_reconfigure:/opt/ros/rolling PS1=\[\e]0;\u@\h: \w\a\]\h% /usr/bin/cmake --install /home/ueshiba/ros2_ws/build/aist_msgs
[2.623s] -- Install configuration: ""
[2.623s] -- Execute custom install script
[2.624s] -- Up-to-date symlink: /home/ueshiba/ros2_ws/install/aist_msgs/share/ament_index/resource_index/rosidl_interfaces/aist_msgs
[2.624s] -- Up-to-date symlink: /home/ueshiba/ros2_ws/install/aist_msgs/share/aist_msgs/msg/DisplayItem.json
[2.624s] -- Up-to-date symlink: /home/ueshiba/ros2_ws/install/aist_msgs/share/aist_msgs/msg/Float32Stamped.json
[2.624s] -- Up-to-date symlink: /home/ueshiba/ros2_ws/install/aist_msgs/share/aist_msgs/msg/Pointing.json
[2.624s] -- Up-to-date symlink: /home/ueshiba/ros2_ws/install/aist_msgs/share/aist_msgs/msg/RequestHelp.json
[2.624s] -- Up-to-date symlink: /home/ueshiba/ros2_ws/install/aist_msgs/share/aist_msgs/msg/UpsetResult.json
[2.625s] -- Up-to-date symlink: /home/ueshiba/ros2_ws/install/aist_msgs/share/aist_msgs/action/AttemptBin.json
[2.625s] -- Up-to-date symlink: /home/ueshiba/ros2_ws/install/aist_msgs/share/aist_msgs/action/PickOrPlace.json
[2.625s] -- Up-to-date symlink: /home/ueshiba/ros2_ws/install/aist_msgs/share/aist_msgs/action/RepeatSweep.json
[2.625s] -- Up-to-date symlink: /home/ueshiba/ros2_ws/install/aist_msgs/share/aist_msgs/action/RequestHelp.json
[2.626s] -- Up-to-date symlink: /home/ueshiba/ros2_ws/install/aist_msgs/share/aist_msgs/action/Sweep.json
[2.627s] -- Up-to-date symlink: /home/ueshiba/ros2_ws/install/aist_msgs/include/aist_msgs/aist_msgs/action/attempt_bin.h
[2.627s] -- Up-to-date symlink: /home/ueshiba/ros2_ws/install/aist_msgs/include/aist_msgs/aist_msgs/action/detail/attempt_bin__functions.h
[2.627s] -- Up-to-date symlink: /home/ueshiba/ros2_ws/install/aist_msgs/include/aist_msgs/aist_msgs/action/detail/attempt_bin__struct.h
[2.627s] -- Up-to-date symlink: /home/ueshiba/ros2_ws/install/aist_msgs/include/aist_msgs/aist_msgs/action/detail/attempt_bin__type_support.h
[2.627s] -- Up-to-date symlink: /home/ueshiba/ros2_ws/install/aist_msgs/include/aist_msgs/aist_msgs/action/detail/pick_or_place__functions.h
[2.628s] -- Up-to-date symlink: /home/ueshiba/ros2_ws/install/aist_msgs/include/aist_msgs/aist_msgs/action/detail/pick_or_place__struct.h
[2.628s] -- Up-to-date symlink: /home/ueshiba/ros2_ws/install/aist_msgs/include/aist_msgs/aist_msgs/action/detail/pick_or_place__type_support.h
[2.628s] -- Up-to-date symlink: /home/ueshiba/ros2_ws/install/aist_msgs/include/aist_msgs/aist_msgs/action/detail/repeat_sweep__functions.h
[2.628s] -- Up-to-date symlink: /home/ueshiba/ros2_ws/install/aist_msgs/include/aist_msgs/aist_msgs/action/detail/repeat_sweep__struct.h
[2.628s] -- Up-to-date symlink: /home/ueshiba/ros2_ws/install/aist_msgs/include/aist_msgs/aist_msgs/action/detail/repeat_sweep__type_support.h
[2.629s] -- Up-to-date symlink: /home/ueshiba/ros2_ws/install/aist_msgs/include/aist_msgs/aist_msgs/action/detail/request_help__functions.h
[2.629s] -- Up-to-date symlink: /home/ueshiba/ros2_ws/install/aist_msgs/include/aist_msgs/aist_msgs/action/detail/request_help__struct.h
[2.629s] -- Up-to-date symlink: /home/ueshiba/ros2_ws/install/aist_msgs/include/aist_msgs/aist_msgs/action/detail/request_help__type_support.h
[2.629s] -- Up-to-date symlink: /home/ueshiba/ros2_ws/install/aist_msgs/include/aist_msgs/aist_msgs/action/detail/sweep__functions.h
[2.629s] -- Up-to-date symlink: /home/ueshiba/ros2_ws/install/aist_msgs/include/aist_msgs/aist_msgs/action/detail/sweep__struct.h
[2.630s] -- Up-to-date symlink: /home/ueshiba/ros2_ws/install/aist_msgs/include/aist_msgs/aist_msgs/action/detail/sweep__type_support.h
[2.630s] -- Up-to-date symlink: /home/ueshiba/ros2_ws/install/aist_msgs/include/aist_msgs/aist_msgs/action/pick_or_place.h
[2.630s] -- Up-to-date symlink: /home/ueshiba/ros2_ws/install/aist_msgs/include/aist_msgs/aist_msgs/action/repeat_sweep.h
[2.630s] -- Up-to-date symlink: /home/ueshiba/ros2_ws/install/aist_msgs/include/aist_msgs/aist_msgs/action/request_help.h
[2.630s] -- Up-to-date symlink: /home/ueshiba/ros2_ws/install/aist_msgs/include/aist_msgs/aist_msgs/action/sweep.h
[2.631s] -- Up-to-date symlink: /home/ueshiba/ros2_ws/install/aist_msgs/include/aist_msgs/aist_msgs/msg/detail/display_item__functions.h
[2.631s] -- Up-to-date symlink: /home/ueshiba/ros2_ws/install/aist_msgs/include/aist_msgs/aist_msgs/msg/detail/display_item__struct.h
[2.631s] -- Up-to-date symlink: /home/ueshiba/ros2_ws/install/aist_msgs/include/aist_msgs/aist_msgs/msg/detail/display_item__type_support.h
[2.631s] -- Up-to-date symlink: /home/ueshiba/ros2_ws/install/aist_msgs/include/aist_msgs/aist_msgs/msg/detail/float32_stamped__functions.h
[2.632s] -- Up-to-date symlink: /home/ueshiba/ros2_ws/install/aist_msgs/include/aist_msgs/aist_msgs/msg/detail/float32_stamped__struct.h
[2.632s] -- Up-to-date symlink: /home/ueshiba/ros2_ws/install/aist_msgs/include/aist_msgs/aist_msgs/msg/detail/float32_stamped__type_support.h
[2.632s] -- Up-to-date symlink: /home/ueshiba/ros2_ws/install/aist_msgs/include/aist_msgs/aist_msgs/msg/detail/pointing__functions.h
[2.632s] -- Up-to-date symlink: /home/ueshiba/ros2_ws/install/aist_msgs/include/aist_msgs/aist_msgs/msg/detail/pointing__struct.h
[2.632s] -- Up-to-date symlink: /home/ueshiba/ros2_ws/install/aist_msgs/include/aist_msgs/aist_msgs/msg/detail/pointing__type_support.h
[2.632s] -- Up-to-date symlink: /home/ueshiba/ros2_ws/install/aist_msgs/include/aist_msgs/aist_msgs/msg/detail/request_help__functions.h
[2.633s] -- Up-to-date symlink: /home/ueshiba/ros2_ws/install/aist_msgs/include/aist_msgs/aist_msgs/msg/detail/request_help__struct.h
[2.633s] -- Up-to-date symlink: /home/ueshiba/ros2_ws/install/aist_msgs/include/aist_msgs/aist_msgs/msg/detail/request_help__type_support.h
[2.633s] -- Up-to-date symlink: /home/ueshiba/ros2_ws/install/aist_msgs/include/aist_msgs/aist_msgs/msg/detail/upset_result__functions.h
[2.633s] -- Up-to-date symlink: /home/ueshiba/ros2_ws/install/aist_msgs/include/aist_msgs/aist_msgs/msg/detail/upset_result__struct.h
[2.633s] -- Up-to-date symlink: /home/ueshiba/ros2_ws/install/aist_msgs/include/aist_msgs/aist_msgs/msg/detail/upset_result__type_support.h
[2.634s] -- Up-to-date symlink: /home/ueshiba/ros2_ws/install/aist_msgs/include/aist_msgs/aist_msgs/msg/display_item.h
[2.634s] -- Up-to-date symlink: /home/ueshiba/ros2_ws/install/aist_msgs/include/aist_msgs/aist_msgs/msg/float32_stamped.h
[2.634s] -- Up-to-date symlink: /home/ueshiba/ros2_ws/install/aist_msgs/include/aist_msgs/aist_msgs/msg/pointing.h
[2.634s] -- Up-to-date symlink: /home/ueshiba/ros2_ws/install/aist_msgs/include/aist_msgs/aist_msgs/msg/request_help.h
[2.634s] -- Up-to-date symlink: /home/ueshiba/ros2_ws/install/aist_msgs/include/aist_msgs/aist_msgs/msg/rosidl_generator_c__visibility_control.h
[2.634s] -- Up-to-date symlink: /home/ueshiba/ros2_ws/install/aist_msgs/include/aist_msgs/aist_msgs/msg/upset_result.h
[2.634s] -- Up-to-date symlink: /home/ueshiba/ros2_ws/install/aist_msgs/share/aist_msgs/environment/library_path.sh
[2.635s] -- Up-to-date symlink: /home/ueshiba/ros2_ws/install/aist_msgs/share/aist_msgs/environment/library_path.dsv
[2.636s] -- Up-to-date symlink: /home/ueshiba/ros2_ws/install/aist_msgs/include/aist_msgs/aist_msgs/action/detail/attempt_bin__rosidl_typesupport_fastrtps_c.h
[2.636s] -- Up-to-date symlink: /home/ueshiba/ros2_ws/install/aist_msgs/include/aist_msgs/aist_msgs/action/detail/pick_or_place__rosidl_typesupport_fastrtps_c.h
[2.636s] -- Up-to-date symlink: /home/ueshiba/ros2_ws/install/aist_msgs/include/aist_msgs/aist_msgs/action/detail/repeat_sweep__rosidl_typesupport_fastrtps_c.h
[2.636s] -- Up-to-date symlink: /home/ueshiba/ros2_ws/install/aist_msgs/include/aist_msgs/aist_msgs/action/detail/request_help__rosidl_typesupport_fastrtps_c.h
[2.637s] -- Up-to-date symlink: /home/ueshiba/ros2_ws/install/aist_msgs/include/aist_msgs/aist_msgs/action/detail/sweep__rosidl_typesupport_fastrtps_c.h
[2.637s] -- Up-to-date symlink: /home/ueshiba/ros2_ws/install/aist_msgs/include/aist_msgs/aist_msgs/msg/detail/display_item__rosidl_typesupport_fastrtps_c.h
[2.637s] -- Up-to-date symlink: /home/ueshiba/ros2_ws/install/aist_msgs/include/aist_msgs/aist_msgs/msg/detail/float32_stamped__rosidl_typesupport_fastrtps_c.h
[2.637s] -- Up-to-date symlink: /home/ueshiba/ros2_ws/install/aist_msgs/include/aist_msgs/aist_msgs/msg/detail/pointing__rosidl_typesupport_fastrtps_c.h
[2.637s] -- Up-to-date symlink: /home/ueshiba/ros2_ws/install/aist_msgs/include/aist_msgs/aist_msgs/msg/detail/request_help__rosidl_typesupport_fastrtps_c.h
[2.637s] -- Up-to-date symlink: /home/ueshiba/ros2_ws/install/aist_msgs/include/aist_msgs/aist_msgs/msg/detail/upset_result__rosidl_typesupport_fastrtps_c.h
[2.638s] -- Up-to-date symlink: /home/ueshiba/ros2_ws/install/aist_msgs/include/aist_msgs/aist_msgs/msg/rosidl_typesupport_fastrtps_c__visibility_control.h
[2.639s] -- Up-to-date symlink: /home/ueshiba/ros2_ws/install/aist_msgs/include/aist_msgs/aist_msgs/action/detail/attempt_bin__rosidl_typesupport_introspection_c.h
[2.639s] -- Up-to-date symlink: /home/ueshiba/ros2_ws/install/aist_msgs/include/aist_msgs/aist_msgs/action/detail/pick_or_place__rosidl_typesupport_introspection_c.h
[2.639s] -- Up-to-date symlink: /home/ueshiba/ros2_ws/install/aist_msgs/include/aist_msgs/aist_msgs/action/detail/repeat_sweep__rosidl_typesupport_introspection_c.h
[2.639s] -- Up-to-date symlink: /home/ueshiba/ros2_ws/install/aist_msgs/include/aist_msgs/aist_msgs/action/detail/request_help__rosidl_typesupport_introspection_c.h
[2.639s] -- Up-to-date symlink: /home/ueshiba/ros2_ws/install/aist_msgs/include/aist_msgs/aist_msgs/action/detail/sweep__rosidl_typesupport_introspection_c.h
[2.639s] -- Up-to-date symlink: /home/ueshiba/ros2_ws/install/aist_msgs/include/aist_msgs/aist_msgs/msg/detail/display_item__rosidl_typesupport_introspection_c.h
[2.639s] -- Up-to-date symlink: /home/ueshiba/ros2_ws/install/aist_msgs/include/aist_msgs/aist_msgs/msg/detail/float32_stamped__rosidl_typesupport_introspection_c.h
[2.639s] -- Up-to-date symlink: /home/ueshiba/ros2_ws/install/aist_msgs/include/aist_msgs/aist_msgs/msg/detail/pointing__rosidl_typesupport_introspection_c.h
[2.640s] -- Up-to-date symlink: /home/ueshiba/ros2_ws/install/aist_msgs/include/aist_msgs/aist_msgs/msg/detail/request_help__rosidl_typesupport_introspection_c.h
[2.640s] -- Up-to-date symlink: /home/ueshiba/ros2_ws/install/aist_msgs/include/aist_msgs/aist_msgs/msg/detail/upset_result__rosidl_typesupport_introspection_c.h
[2.640s] -- Up-to-date symlink: /home/ueshiba/ros2_ws/install/aist_msgs/include/aist_msgs/aist_msgs/msg/rosidl_typesupport_introspection_c__visibility_control.h
[2.641s] -- Up-to-date symlink: /home/ueshiba/ros2_ws/install/aist_msgs/include/aist_msgs/aist_msgs/action/attempt_bin.hpp
[2.642s] -- Up-to-date symlink: /home/ueshiba/ros2_ws/install/aist_msgs/include/aist_msgs/aist_msgs/action/detail/attempt_bin__builder.hpp
[2.642s] -- Up-to-date symlink: /home/ueshiba/ros2_ws/install/aist_msgs/include/aist_msgs/aist_msgs/action/detail/attempt_bin__struct.hpp
[2.642s] -- Up-to-date symlink: /home/ueshiba/ros2_ws/install/aist_msgs/include/aist_msgs/aist_msgs/action/detail/attempt_bin__traits.hpp
[2.642s] -- Up-to-date symlink: /home/ueshiba/ros2_ws/install/aist_msgs/include/aist_msgs/aist_msgs/action/detail/attempt_bin__type_support.hpp
[2.642s] -- Up-to-date symlink: /home/ueshiba/ros2_ws/install/aist_msgs/include/aist_msgs/aist_msgs/action/detail/pick_or_place__builder.hpp
[2.642s] -- Up-to-date symlink: /home/ueshiba/ros2_ws/install/aist_msgs/include/aist_msgs/aist_msgs/action/detail/pick_or_place__struct.hpp
[2.643s] -- Up-to-date symlink: /home/ueshiba/ros2_ws/install/aist_msgs/include/aist_msgs/aist_msgs/action/detail/pick_or_place__traits.hpp
[2.643s] -- Up-to-date symlink: /home/ueshiba/ros2_ws/install/aist_msgs/include/aist_msgs/aist_msgs/action/detail/pick_or_place__type_support.hpp
[2.643s] -- Up-to-date symlink: /home/ueshiba/ros2_ws/install/aist_msgs/include/aist_msgs/aist_msgs/action/detail/repeat_sweep__builder.hpp
[2.643s] -- Up-to-date symlink: /home/ueshiba/ros2_ws/install/aist_msgs/include/aist_msgs/aist_msgs/action/detail/repeat_sweep__struct.hpp
[2.643s] -- Up-to-date symlink: /home/ueshiba/ros2_ws/install/aist_msgs/include/aist_msgs/aist_msgs/action/detail/repeat_sweep__traits.hpp
[2.644s] -- Up-to-date symlink: /home/ueshiba/ros2_ws/install/aist_msgs/include/aist_msgs/aist_msgs/action/detail/repeat_sweep__type_support.hpp
[2.644s] -- Up-to-date symlink: /home/ueshiba/ros2_ws/install/aist_msgs/include/aist_msgs/aist_msgs/action/detail/request_help__builder.hpp
[2.645s] -- Up-to-date symlink: /home/ueshiba/ros2_ws/install/aist_msgs/include/aist_msgs/aist_msgs/action/detail/request_help__struct.hpp
[2.645s] -- Up-to-date symlink: /home/ueshiba/ros2_ws/install/aist_msgs/include/aist_msgs/aist_msgs/action/detail/request_help__traits.hpp
[2.645s] -- Up-to-date symlink: /home/ueshiba/ros2_ws/install/aist_msgs/include/aist_msgs/aist_msgs/action/detail/request_help__type_support.hpp
[2.647s] -- Up-to-date symlink: /home/ueshiba/ros2_ws/install/aist_msgs/include/aist_msgs/aist_msgs/action/detail/sweep__builder.hpp
[2.647s] -- Up-to-date symlink: /home/ueshiba/ros2_ws/install/aist_msgs/include/aist_msgs/aist_msgs/action/detail/sweep__struct.hpp
[2.647s] -- Up-to-date symlink: /home/ueshiba/ros2_ws/install/aist_msgs/include/aist_msgs/aist_msgs/action/detail/sweep__traits.hpp
[2.647s] -- Up-to-date symlink: /home/ueshiba/ros2_ws/install/aist_msgs/include/aist_msgs/aist_msgs/action/detail/sweep__type_support.hpp
[2.647s] -- Up-to-date symlink: /home/ueshiba/ros2_ws/install/aist_msgs/include/aist_msgs/aist_msgs/action/pick_or_place.hpp
[2.647s] -- Up-to-date symlink: /home/ueshiba/ros2_ws/install/aist_msgs/include/aist_msgs/aist_msgs/action/repeat_sweep.hpp
[2.647s] -- Up-to-date symlink: /home/ueshiba/ros2_ws/install/aist_msgs/include/aist_msgs/aist_msgs/action/request_help.hpp
[2.647s] -- Up-to-date symlink: /home/ueshiba/ros2_ws/install/aist_msgs/include/aist_msgs/aist_msgs/action/sweep.hpp
[2.647s] -- Up-to-date symlink: /home/ueshiba/ros2_ws/install/aist_msgs/include/aist_msgs/aist_msgs/msg/detail/display_item__builder.hpp
[2.647s] -- Up-to-date symlink: /home/ueshiba/ros2_ws/install/aist_msgs/include/aist_msgs/aist_msgs/msg/detail/display_item__struct.hpp
[2.647s] -- Up-to-date symlink: /home/ueshiba/ros2_ws/install/aist_msgs/include/aist_msgs/aist_msgs/msg/detail/display_item__traits.hpp
[2.647s] -- Up-to-date symlink: /home/ueshiba/ros2_ws/install/aist_msgs/include/aist_msgs/aist_msgs/msg/detail/display_item__type_support.hpp
[2.647s] -- Up-to-date symlink: /home/ueshiba/ros2_ws/install/aist_msgs/include/aist_msgs/aist_msgs/msg/detail/float32_stamped__builder.hpp
[2.647s] -- Up-to-date symlink: /home/ueshiba/ros2_ws/install/aist_msgs/include/aist_msgs/aist_msgs/msg/detail/float32_stamped__struct.hpp
[2.647s] -- Up-to-date symlink: /home/ueshiba/ros2_ws/install/aist_msgs/include/aist_msgs/aist_msgs/msg/detail/float32_stamped__traits.hpp
[2.648s] -- Up-to-date symlink: /home/ueshiba/ros2_ws/install/aist_msgs/include/aist_msgs/aist_msgs/msg/detail/float32_stamped__type_support.hpp
[2.648s] -- Up-to-date symlink: /home/ueshiba/ros2_ws/install/aist_msgs/include/aist_msgs/aist_msgs/msg/detail/pointing__builder.hpp
[2.648s] -- Up-to-date symlink: /home/ueshiba/ros2_ws/install/aist_msgs/include/aist_msgs/aist_msgs/msg/detail/pointing__struct.hpp
[2.648s] -- Up-to-date symlink: /home/ueshiba/ros2_ws/install/aist_msgs/include/aist_msgs/aist_msgs/msg/detail/pointing__traits.hpp
[2.648s] -- Up-to-date symlink: /home/ueshiba/ros2_ws/install/aist_msgs/include/aist_msgs/aist_msgs/msg/detail/pointing__type_support.hpp
[2.648s] -- Up-to-date symlink: /home/ueshiba/ros2_ws/install/aist_msgs/include/aist_msgs/aist_msgs/msg/detail/request_help__builder.hpp
[2.649s] -- Up-to-date symlink: /home/ueshiba/ros2_ws/install/aist_msgs/include/aist_msgs/aist_msgs/msg/detail/request_help__struct.hpp
[2.649s] -- Up-to-date symlink: /home/ueshiba/ros2_ws/install/aist_msgs/include/aist_msgs/aist_msgs/msg/detail/request_help__traits.hpp
[2.649s] -- Up-to-date symlink: /home/ueshiba/ros2_ws/install/aist_msgs/include/aist_msgs/aist_msgs/msg/detail/request_help__type_support.hpp
[2.649s] -- Up-to-date symlink: /home/ueshiba/ros2_ws/install/aist_msgs/include/aist_msgs/aist_msgs/msg/detail/upset_result__builder.hpp
[2.649s] -- Up-to-date symlink: /home/ueshiba/ros2_ws/install/aist_msgs/include/aist_msgs/aist_msgs/msg/detail/upset_result__struct.hpp
[2.650s] -- Up-to-date symlink: /home/ueshiba/ros2_ws/install/aist_msgs/include/aist_msgs/aist_msgs/msg/detail/upset_result__traits.hpp
[2.650s] -- Up-to-date symlink: /home/ueshiba/ros2_ws/install/aist_msgs/include/aist_msgs/aist_msgs/msg/detail/upset_result__type_support.hpp
[2.650s] -- Up-to-date symlink: /home/ueshiba/ros2_ws/install/aist_msgs/include/aist_msgs/aist_msgs/msg/display_item.hpp
[2.650s] -- Up-to-date symlink: /home/ueshiba/ros2_ws/install/aist_msgs/include/aist_msgs/aist_msgs/msg/float32_stamped.hpp
[2.650s] -- Up-to-date symlink: /home/ueshiba/ros2_ws/install/aist_msgs/include/aist_msgs/aist_msgs/msg/pointing.hpp
[2.651s] -- Up-to-date symlink: /home/ueshiba/ros2_ws/install/aist_msgs/include/aist_msgs/aist_msgs/msg/request_help.hpp
[2.651s] -- Up-to-date symlink: /home/ueshiba/ros2_ws/install/aist_msgs/include/aist_msgs/aist_msgs/msg/rosidl_generator_cpp__visibility_control.hpp
[2.651s] -- Up-to-date symlink: /home/ueshiba/ros2_ws/install/aist_msgs/include/aist_msgs/aist_msgs/msg/upset_result.hpp
[2.653s] -- Up-to-date symlink: /home/ueshiba/ros2_ws/install/aist_msgs/include/aist_msgs/aist_msgs/action/detail/attempt_bin__rosidl_typesupport_fastrtps_cpp.hpp
[2.653s] -- Up-to-date symlink: /home/ueshiba/ros2_ws/install/aist_msgs/include/aist_msgs/aist_msgs/action/detail/pick_or_place__rosidl_typesupport_fastrtps_cpp.hpp
[2.653s] -- Up-to-date symlink: /home/ueshiba/ros2_ws/install/aist_msgs/include/aist_msgs/aist_msgs/action/detail/repeat_sweep__rosidl_typesupport_fastrtps_cpp.hpp
[2.653s] -- Up-to-date symlink: /home/ueshiba/ros2_ws/install/aist_msgs/include/aist_msgs/aist_msgs/action/detail/request_help__rosidl_typesupport_fastrtps_cpp.hpp
[2.653s] -- Up-to-date symlink: /home/ueshiba/ros2_ws/install/aist_msgs/include/aist_msgs/aist_msgs/action/detail/sweep__rosidl_typesupport_fastrtps_cpp.hpp
[2.654s] -- Up-to-date symlink: /home/ueshiba/ros2_ws/install/aist_msgs/include/aist_msgs/aist_msgs/msg/detail/display_item__rosidl_typesupport_fastrtps_cpp.hpp
[2.654s] -- Up-to-date symlink: /home/ueshiba/ros2_ws/install/aist_msgs/include/aist_msgs/aist_msgs/msg/detail/float32_stamped__rosidl_typesupport_fastrtps_cpp.hpp
[2.654s] -- Up-to-date symlink: /home/ueshiba/ros2_ws/install/aist_msgs/include/aist_msgs/aist_msgs/msg/detail/pointing__rosidl_typesupport_fastrtps_cpp.hpp
[2.654s] -- Up-to-date symlink: /home/ueshiba/ros2_ws/install/aist_msgs/include/aist_msgs/aist_msgs/msg/detail/request_help__rosidl_typesupport_fastrtps_cpp.hpp
[2.654s] -- Up-to-date symlink: /home/ueshiba/ros2_ws/install/aist_msgs/include/aist_msgs/aist_msgs/msg/detail/upset_result__rosidl_typesupport_fastrtps_cpp.hpp
[2.654s] -- Up-to-date symlink: /home/ueshiba/ros2_ws/install/aist_msgs/include/aist_msgs/aist_msgs/msg/rosidl_typesupport_fastrtps_cpp__visibility_control.h
[2.655s] -- Up-to-date symlink: /home/ueshiba/ros2_ws/install/aist_msgs/include/aist_msgs/aist_msgs/action/detail/attempt_bin__rosidl_typesupport_introspection_cpp.hpp
[2.655s] -- Up-to-date symlink: /home/ueshiba/ros2_ws/install/aist_msgs/include/aist_msgs/aist_msgs/action/detail/pick_or_place__rosidl_typesupport_introspection_cpp.hpp
[2.655s] -- Up-to-date symlink: /home/ueshiba/ros2_ws/install/aist_msgs/include/aist_msgs/aist_msgs/action/detail/repeat_sweep__rosidl_typesupport_introspection_cpp.hpp
[2.656s] -- Up-to-date symlink: /home/ueshiba/ros2_ws/install/aist_msgs/include/aist_msgs/aist_msgs/action/detail/request_help__rosidl_typesupport_introspection_cpp.hpp
[2.656s] -- Up-to-date symlink: /home/ueshiba/ros2_ws/install/aist_msgs/include/aist_msgs/aist_msgs/action/detail/sweep__rosidl_typesupport_introspection_cpp.hpp
[2.656s] -- Up-to-date symlink: /home/ueshiba/ros2_ws/install/aist_msgs/include/aist_msgs/aist_msgs/msg/detail/display_item__rosidl_typesupport_introspection_cpp.hpp
[2.656s] -- Up-to-date symlink: /home/ueshiba/ros2_ws/install/aist_msgs/include/aist_msgs/aist_msgs/msg/detail/float32_stamped__rosidl_typesupport_introspection_cpp.hpp
[2.656s] -- Up-to-date symlink: /home/ueshiba/ros2_ws/install/aist_msgs/include/aist_msgs/aist_msgs/msg/detail/pointing__rosidl_typesupport_introspection_cpp.hpp
[2.657s] -- Up-to-date symlink: /home/ueshiba/ros2_ws/install/aist_msgs/include/aist_msgs/aist_msgs/msg/detail/request_help__rosidl_typesupport_introspection_cpp.hpp
[2.657s] -- Up-to-date symlink: /home/ueshiba/ros2_ws/install/aist_msgs/include/aist_msgs/aist_msgs/msg/detail/upset_result__rosidl_typesupport_introspection_cpp.hpp
[2.657s] -- Up-to-date symlink: /home/ueshiba/ros2_ws/install/aist_msgs/share/aist_msgs/environment/pythonpath.sh
[2.657s] -- Up-to-date symlink: /home/ueshiba/ros2_ws/install/aist_msgs/share/aist_msgs/environment/pythonpath.dsv
[2.658s] -- Up-to-date symlink: /home/ueshiba/ros2_ws/install/aist_msgs/lib/python3.10/site-packages/aist_msgs-0.6.0-py3.10.egg-info/PKG-INFO
[2.658s] -- Up-to-date symlink: /home/ueshiba/ros2_ws/install/aist_msgs/lib/python3.10/site-packages/aist_msgs-0.6.0-py3.10.egg-info/SOURCES.txt
[2.658s] -- Up-to-date symlink: /home/ueshiba/ros2_ws/install/aist_msgs/lib/python3.10/site-packages/aist_msgs-0.6.0-py3.10.egg-info/dependency_links.txt
[2.658s] -- Up-to-date symlink: /home/ueshiba/ros2_ws/install/aist_msgs/lib/python3.10/site-packages/aist_msgs-0.6.0-py3.10.egg-info/top_level.txt
[2.659s] -- Up-to-date symlink: /home/ueshiba/ros2_ws/install/aist_msgs/lib/python3.10/site-packages/aist_msgs/__init__.py
[2.659s] -- Up-to-date symlink: /home/ueshiba/ros2_ws/install/aist_msgs/lib/python3.10/site-packages/aist_msgs/_aist_msgs_s.ep.rosidl_typesupport_c.c
[2.659s] -- Up-to-date symlink: /home/ueshiba/ros2_ws/install/aist_msgs/lib/python3.10/site-packages/aist_msgs/_aist_msgs_s.ep.rosidl_typesupport_fastrtps_c.c
[2.660s] -- Up-to-date symlink: /home/ueshiba/ros2_ws/install/aist_msgs/lib/python3.10/site-packages/aist_msgs/_aist_msgs_s.ep.rosidl_typesupport_introspection_c.c
[2.660s] -- Up-to-date symlink: /home/ueshiba/ros2_ws/install/aist_msgs/lib/python3.10/site-packages/aist_msgs/action/__init__.py
[2.660s] -- Up-to-date symlink: /home/ueshiba/ros2_ws/install/aist_msgs/lib/python3.10/site-packages/aist_msgs/action/_attempt_bin.py
[2.660s] -- Up-to-date symlink: /home/ueshiba/ros2_ws/install/aist_msgs/lib/python3.10/site-packages/aist_msgs/action/_attempt_bin_s.c
[2.660s] -- Up-to-date symlink: /home/ueshiba/ros2_ws/install/aist_msgs/lib/python3.10/site-packages/aist_msgs/action/_pick_or_place.py
[2.661s] -- Up-to-date symlink: /home/ueshiba/ros2_ws/install/aist_msgs/lib/python3.10/site-packages/aist_msgs/action/_pick_or_place_s.c
[2.661s] -- Up-to-date symlink: /home/ueshiba/ros2_ws/install/aist_msgs/lib/python3.10/site-packages/aist_msgs/action/_repeat_sweep.py
[2.661s] -- Up-to-date symlink: /home/ueshiba/ros2_ws/install/aist_msgs/lib/python3.10/site-packages/aist_msgs/action/_repeat_sweep_s.c
[2.661s] -- Up-to-date symlink: /home/ueshiba/ros2_ws/install/aist_msgs/lib/python3.10/site-packages/aist_msgs/action/_request_help.py
[2.661s] -- Up-to-date symlink: /home/ueshiba/ros2_ws/install/aist_msgs/lib/python3.10/site-packages/aist_msgs/action/_request_help_s.c
[2.662s] -- Up-to-date symlink: /home/ueshiba/ros2_ws/install/aist_msgs/lib/python3.10/site-packages/aist_msgs/action/_sweep.py
[2.662s] -- Up-to-date symlink: /home/ueshiba/ros2_ws/install/aist_msgs/lib/python3.10/site-packages/aist_msgs/action/_sweep_s.c
[2.662s] -- Up-to-date symlink: /home/ueshiba/ros2_ws/install/aist_msgs/lib/python3.10/site-packages/aist_msgs/msg/__init__.py
[2.662s] -- Up-to-date symlink: /home/ueshiba/ros2_ws/install/aist_msgs/lib/python3.10/site-packages/aist_msgs/msg/_display_item.py
[2.663s] -- Up-to-date symlink: /home/ueshiba/ros2_ws/install/aist_msgs/lib/python3.10/site-packages/aist_msgs/msg/_display_item_s.c
[2.663s] -- Up-to-date symlink: /home/ueshiba/ros2_ws/install/aist_msgs/lib/python3.10/site-packages/aist_msgs/msg/_float32_stamped.py
[2.663s] -- Up-to-date symlink: /home/ueshiba/ros2_ws/install/aist_msgs/lib/python3.10/site-packages/aist_msgs/msg/_float32_stamped_s.c
[2.663s] -- Up-to-date symlink: /home/ueshiba/ros2_ws/install/aist_msgs/lib/python3.10/site-packages/aist_msgs/msg/_pointing.py
[2.664s] -- Up-to-date symlink: /home/ueshiba/ros2_ws/install/aist_msgs/lib/python3.10/site-packages/aist_msgs/msg/_pointing_s.c
[2.664s] -- Up-to-date symlink: /home/ueshiba/ros2_ws/install/aist_msgs/lib/python3.10/site-packages/aist_msgs/msg/_request_help.py
[2.664s] -- Up-to-date symlink: /home/ueshiba/ros2_ws/install/aist_msgs/lib/python3.10/site-packages/aist_msgs/msg/_request_help_s.c
[2.664s] -- Up-to-date symlink: /home/ueshiba/ros2_ws/install/aist_msgs/lib/python3.10/site-packages/aist_msgs/msg/_upset_result.py
[2.665s] -- Up-to-date symlink: /home/ueshiba/ros2_ws/install/aist_msgs/lib/python3.10/site-packages/aist_msgs/msg/_upset_result_s.c
[2.665s] -- Up-to-date symlink: /home/ueshiba/ros2_ws/install/aist_msgs/lib/python3.10/site-packages/aist_msgs/aist_msgs_s__rosidl_typesupport_fastrtps_c.cpython-310-x86_64-linux-gnu.so
[2.665s] -- Up-to-date symlink: /home/ueshiba/ros2_ws/install/aist_msgs/lib/python3.10/site-packages/aist_msgs/aist_msgs_s__rosidl_typesupport_introspection_c.cpython-310-x86_64-linux-gnu.so
[2.665s] -- Up-to-date symlink: /home/ueshiba/ros2_ws/install/aist_msgs/lib/python3.10/site-packages/aist_msgs/aist_msgs_s__rosidl_typesupport_c.cpython-310-x86_64-linux-gnu.so
[2.665s] -- Up-to-date symlink: /home/ueshiba/ros2_ws/install/aist_msgs/share/aist_msgs/msg/DisplayItem.idl
[2.665s] -- Up-to-date symlink: /home/ueshiba/ros2_ws/install/aist_msgs/share/aist_msgs/msg/Float32Stamped.idl
[2.665s] -- Up-to-date symlink: /home/ueshiba/ros2_ws/install/aist_msgs/share/aist_msgs/msg/Pointing.idl
[2.665s] -- Up-to-date symlink: /home/ueshiba/ros2_ws/install/aist_msgs/share/aist_msgs/msg/RequestHelp.idl
[2.665s] -- Up-to-date symlink: /home/ueshiba/ros2_ws/install/aist_msgs/share/aist_msgs/msg/UpsetResult.idl
[2.666s] -- Up-to-date symlink: /home/ueshiba/ros2_ws/install/aist_msgs/share/aist_msgs/action/AttemptBin.idl
[2.666s] -- Up-to-date symlink: /home/ueshiba/ros2_ws/install/aist_msgs/share/aist_msgs/action/PickOrPlace.idl
[2.666s] -- Up-to-date symlink: /home/ueshiba/ros2_ws/install/aist_msgs/share/aist_msgs/action/RepeatSweep.idl
[2.666s] -- Up-to-date symlink: /home/ueshiba/ros2_ws/install/aist_msgs/share/aist_msgs/action/RequestHelp.idl
[2.666s] -- Up-to-date symlink: /home/ueshiba/ros2_ws/install/aist_msgs/share/aist_msgs/action/Sweep.idl
[2.666s] -- Up-to-date symlink: /home/ueshiba/ros2_ws/install/aist_msgs/share/aist_msgs/msg/DisplayItem.msg
[2.667s] -- Up-to-date symlink: /home/ueshiba/ros2_ws/install/aist_msgs/share/aist_msgs/msg/Float32Stamped.msg
[2.667s] -- Up-to-date symlink: /home/ueshiba/ros2_ws/install/aist_msgs/share/aist_msgs/msg/Pointing.msg
[2.667s] -- Up-to-date symlink: /home/ueshiba/ros2_ws/install/aist_msgs/share/aist_msgs/msg/RequestHelp.msg
[2.667s] -- Up-to-date symlink: /home/ueshiba/ros2_ws/install/aist_msgs/share/aist_msgs/msg/UpsetResult.msg
[2.667s] -- Up-to-date symlink: /home/ueshiba/ros2_ws/install/aist_msgs/share/aist_msgs/action/AttemptBin.action
[2.667s] -- Up-to-date symlink: /home/ueshiba/ros2_ws/install/aist_msgs/share/aist_msgs/action/PickOrPlace.action
[2.667s] -- Up-to-date symlink: /home/ueshiba/ros2_ws/install/aist_msgs/share/aist_msgs/action/RepeatSweep.action
[2.668s] -- Up-to-date symlink: /home/ueshiba/ros2_ws/install/aist_msgs/share/aist_msgs/action/RequestHelp.action
[2.668s] -- Up-to-date symlink: /home/ueshiba/ros2_ws/install/aist_msgs/share/aist_msgs/action/Sweep.action
[2.668s] -- Up-to-date symlink: /home/ueshiba/ros2_ws/install/aist_msgs/share/ament_index/resource_index/package_run_dependencies/aist_msgs
[2.668s] -- Up-to-date symlink: /home/ueshiba/ros2_ws/install/aist_msgs/share/ament_index/resource_index/parent_prefix_path/aist_msgs
[2.668s] -- Up-to-date symlink: /home/ueshiba/ros2_ws/install/aist_msgs/share/aist_msgs/environment/ament_prefix_path.sh
[2.668s] -- Up-to-date symlink: /home/ueshiba/ros2_ws/install/aist_msgs/share/aist_msgs/environment/ament_prefix_path.dsv
[2.668s] -- Up-to-date symlink: /home/ueshiba/ros2_ws/install/aist_msgs/share/aist_msgs/environment/path.sh
[2.669s] -- Up-to-date symlink: /home/ueshiba/ros2_ws/install/aist_msgs/share/aist_msgs/environment/path.dsv
[2.669s] -- Up-to-date symlink: /home/ueshiba/ros2_ws/install/aist_msgs/share/aist_msgs/local_setup.bash
[2.669s] -- Up-to-date symlink: /home/ueshiba/ros2_ws/install/aist_msgs/share/aist_msgs/local_setup.sh
[2.669s] -- Up-to-date symlink: /home/ueshiba/ros2_ws/install/aist_msgs/share/aist_msgs/local_setup.zsh
[2.669s] -- Up-to-date symlink: /home/ueshiba/ros2_ws/install/aist_msgs/share/aist_msgs/local_setup.dsv
[2.669s] -- Symlinking: /home/ueshiba/ros2_ws/install/aist_msgs/share/aist_msgs/package.dsv
[2.676s] -- Up-to-date symlink: /home/ueshiba/ros2_ws/install/aist_msgs/share/ament_index/resource_index/packages/aist_msgs
[2.677s] -- Up-to-date symlink: /home/ueshiba/ros2_ws/install/aist_msgs/share/aist_msgs/cmake/rosidl_cmake-extras.cmake
[2.677s] -- Up-to-date symlink: /home/ueshiba/ros2_ws/install/aist_msgs/share/aist_msgs/cmake/ament_cmake_export_dependencies-extras.cmake
[2.677s] -- Up-to-date symlink: /home/ueshiba/ros2_ws/install/aist_msgs/share/aist_msgs/cmake/ament_cmake_export_include_directories-extras.cmake
[2.677s] -- Up-to-date symlink: /home/ueshiba/ros2_ws/install/aist_msgs/share/aist_msgs/cmake/ament_cmake_export_libraries-extras.cmake
[2.678s] -- Up-to-date symlink: /home/ueshiba/ros2_ws/install/aist_msgs/share/aist_msgs/cmake/ament_cmake_export_targets-extras.cmake
[2.678s] -- Up-to-date symlink: /home/ueshiba/ros2_ws/install/aist_msgs/share/aist_msgs/cmake/rosidl_cmake_export_typesupport_targets-extras.cmake
[2.678s] -- Up-to-date symlink: /home/ueshiba/ros2_ws/install/aist_msgs/share/aist_msgs/cmake/rosidl_cmake_export_typesupport_libraries-extras.cmake
[2.678s] -- Up-to-date symlink: /home/ueshiba/ros2_ws/install/aist_msgs/share/aist_msgs/cmake/aist_msgsConfig.cmake
[2.679s] -- Up-to-date symlink: /home/ueshiba/ros2_ws/install/aist_msgs/share/aist_msgs/cmake/aist_msgsConfig-version.cmake
[2.679s] -- Up-to-date symlink: /home/ueshiba/ros2_ws/install/aist_msgs/share/aist_msgs/package.xml
[2.679s] -- Up-to-date: /home/ueshiba/ros2_ws/install/aist_msgs/lib/libaist_msgs__rosidl_generator_c.so
[2.680s] -- Up-to-date: /home/ueshiba/ros2_ws/install/aist_msgs/lib/libaist_msgs__rosidl_typesupport_fastrtps_c.so
[2.680s] -- Up-to-date: /home/ueshiba/ros2_ws/install/aist_msgs/lib/libaist_msgs__rosidl_typesupport_introspection_c.so
[2.681s] -- Up-to-date: /home/ueshiba/ros2_ws/install/aist_msgs/lib/libaist_msgs__rosidl_typesupport_c.so
[2.682s] -- Up-to-date: /home/ueshiba/ros2_ws/install/aist_msgs/lib/libaist_msgs__rosidl_typesupport_fastrtps_cpp.so
[2.682s] -- Up-to-date: /home/ueshiba/ros2_ws/install/aist_msgs/lib/libaist_msgs__rosidl_typesupport_introspection_cpp.so
[2.682s] -- Up-to-date: /home/ueshiba/ros2_ws/install/aist_msgs/lib/libaist_msgs__rosidl_typesupport_cpp.so
[2.708s] Listing '/home/ueshiba/ros2_ws/install/aist_msgs/lib/python3.10/site-packages/aist_msgs'...
[2.708s] Listing '/home/ueshiba/ros2_ws/install/aist_msgs/lib/python3.10/site-packages/aist_msgs/action'...
[2.709s] Listing '/home/ueshiba/ros2_ws/install/aist_msgs/lib/python3.10/site-packages/aist_msgs/msg'...
[2.710s] -- Installing: /home/ueshiba/ros2_ws/install/aist_msgs/lib/libaist_msgs__rosidl_generator_py.so
[2.711s] -- Set runtime path of "/home/ueshiba/ros2_ws/install/aist_msgs/lib/libaist_msgs__rosidl_generator_py.so" to ""
[2.711s] -- Up-to-date: /home/ueshiba/ros2_ws/install/aist_msgs/share/aist_msgs/cmake/export_aist_msgs__rosidl_generator_cExport.cmake
[2.711s] -- Up-to-date: /home/ueshiba/ros2_ws/install/aist_msgs/share/aist_msgs/cmake/export_aist_msgs__rosidl_generator_cExport-noconfig.cmake
[2.711s] -- Up-to-date: /home/ueshiba/ros2_ws/install/aist_msgs/share/aist_msgs/cmake/export_aist_msgs__rosidl_typesupport_fastrtps_cExport.cmake
[2.712s] -- Up-to-date: /home/ueshiba/ros2_ws/install/aist_msgs/share/aist_msgs/cmake/export_aist_msgs__rosidl_typesupport_fastrtps_cExport-noconfig.cmake
[2.712s] -- Up-to-date: /home/ueshiba/ros2_ws/install/aist_msgs/share/aist_msgs/cmake/aist_msgs__rosidl_typesupport_introspection_cExport.cmake
[2.712s] -- Up-to-date: /home/ueshiba/ros2_ws/install/aist_msgs/share/aist_msgs/cmake/aist_msgs__rosidl_typesupport_introspection_cExport-noconfig.cmake
[2.712s] -- Up-to-date: /home/ueshiba/ros2_ws/install/aist_msgs/share/aist_msgs/cmake/aist_msgs__rosidl_typesupport_cExport.cmake
[2.712s] -- Up-to-date: /home/ueshiba/ros2_ws/install/aist_msgs/share/aist_msgs/cmake/aist_msgs__rosidl_typesupport_cExport-noconfig.cmake
[2.712s] -- Up-to-date: /home/ueshiba/ros2_ws/install/aist_msgs/share/aist_msgs/cmake/export_aist_msgs__rosidl_generator_cppExport.cmake
[2.712s] -- Up-to-date: /home/ueshiba/ros2_ws/install/aist_msgs/share/aist_msgs/cmake/export_aist_msgs__rosidl_typesupport_fastrtps_cppExport.cmake
[2.712s] -- Up-to-date: /home/ueshiba/ros2_ws/install/aist_msgs/share/aist_msgs/cmake/export_aist_msgs__rosidl_typesupport_fastrtps_cppExport-noconfig.cmake
[2.712s] -- Up-to-date: /home/ueshiba/ros2_ws/install/aist_msgs/share/aist_msgs/cmake/aist_msgs__rosidl_typesupport_introspection_cppExport.cmake
[2.712s] -- Up-to-date: /home/ueshiba/ros2_ws/install/aist_msgs/share/aist_msgs/cmake/aist_msgs__rosidl_typesupport_introspection_cppExport-noconfig.cmake
[2.713s] -- Up-to-date: /home/ueshiba/ros2_ws/install/aist_msgs/share/aist_msgs/cmake/aist_msgs__rosidl_typesupport_cppExport.cmake
[2.713s] -- Up-to-date: /home/ueshiba/ros2_ws/install/aist_msgs/share/aist_msgs/cmake/aist_msgs__rosidl_typesupport_cppExport-noconfig.cmake
[2.713s] -- Up-to-date: /home/ueshiba/ros2_ws/install/aist_msgs/share/aist_msgs/cmake/export_aist_msgs__rosidl_generator_pyExport.cmake
[2.713s] -- Up-to-date: /home/ueshiba/ros2_ws/install/aist_msgs/share/aist_msgs/cmake/export_aist_msgs__rosidl_generator_pyExport-noconfig.cmake
[2.731s] Invoked command in '/home/ueshiba/ros2_ws/build/aist_msgs' returned '0': CMAKE_PREFIX_PATH=${CMAKE_PREFIX_PATH}:/home/ueshiba/ros2_ws/install/rqt_reconfigure:/opt/ros/rolling PS1=\[\e]0;\u@\h: \w\a\]\h% /usr/bin/cmake --install /home/ueshiba/ros2_ws/build/aist_msgs
