[0.027s] Invoking command in '/home/ueshiba/ros2_ws/build/aruco': CMAKE_PREFIX_PATH=${CMAKE_PREFIX_PATH}:/home/ueshiba/ros2_ws/install/rqt_reconfigure:/opt/ros/rolling PS1=\[\e]0;\u@\h: \w\a\]\h% /usr/bin/cmake --build /home/ueshiba/ros2_ws/build/aruco -- -j24 -l24
[0.516s] [  5%] [32mBuilding CXX object CMakeFiles/aruco.dir/src/aruco/cameraparameters.cpp.o[0m
[0.516s] [ 11%] [32mBuilding CXX object CMakeFiles/aruco.dir/src/aruco/debug.cpp.o[0m
[0.516s] [ 16%] [32mBuilding CXX object CMakeFiles/aruco.dir/src/aruco/dictionary_based.cpp.o[0m
[0.516s] [ 22%] [32mBuilding CXX object CMakeFiles/aruco.dir/src/aruco/dictionary.cpp.o[0m
[0.516s] [ 27%] [32mBuilding CXX object CMakeFiles/aruco.dir/src/aruco/ippe.cpp.o[0m
[0.516s] [ 33%] [32mBuilding CXX object CMakeFiles/aruco.dir/src/aruco/cvdrawingutils.cpp.o[0m
[0.516s] [ 38%] [32mBuilding CXX object CMakeFiles/aruco.dir/src/aruco/fractaldetector.cpp.o[0m
[0.516s] [ 50%] [32mBuilding CXX object CMakeFiles/aruco.dir/src/aruco/markerdetector_impl.cpp.o[0m
[0.516s] [ 50%] [32mBuilding CXX object CMakeFiles/aruco.dir/src/aruco/markerdetector.cpp.o[0m
[0.517s] [ 55%] [32mBuilding CXX object CMakeFiles/aruco.dir/src/aruco/marker.cpp.o[0m
[0.517s] [ 61%] [32mBuilding CXX object CMakeFiles/aruco.dir/src/aruco/posetracker.cpp.o[0m
[0.517s] [ 66%] [32mBuilding CXX object CMakeFiles/aruco.dir/src/aruco/markermap.cpp.o[0m
[0.517s] [ 72%] [32mBuilding CXX object CMakeFiles/aruco.dir/src/aruco/markerlabeler.cpp.o[0m
[0.517s] [ 77%] [32mBuilding CXX object CMakeFiles/aruco.dir/src/aruco/fractallabelers/fractallabeler.cpp.o[0m
[0.517s] [ 83%] [32mBuilding CXX object CMakeFiles/aruco.dir/src/aruco/fractallabelers/fractalmarker.cpp.o[0m
[0.517s] [ 88%] [32mBuilding CXX object CMakeFiles/aruco.dir/src/aruco/fractallabelers/fractalmarkerset.cpp.o[0m
[0.517s] [ 94%] [32mBuilding CXX object CMakeFiles/aruco.dir/src/aruco/fractallabelers/fractalposetracker.cpp.o[0m
[5.614s] [100%] [32m[1mLinking CXX shared library libaruco.so[0m
[6.041s] [100%] Built target aruco
[6.052s] Invoked command in '/home/ueshiba/ros2_ws/build/aruco' returned '0': CMAKE_PREFIX_PATH=${CMAKE_PREFIX_PATH}:/home/ueshiba/ros2_ws/install/rqt_reconfigure:/opt/ros/rolling PS1=\[\e]0;\u@\h: \w\a\]\h% /usr/bin/cmake --build /home/ueshiba/ros2_ws/build/aruco -- -j24 -l24
[6.097s] Invoking command in '/home/ueshiba/ros2_ws/build/aruco': CMAKE_PREFIX_PATH=${CMAKE_PREFIX_PATH}:/home/ueshiba/ros2_ws/install/rqt_reconfigure:/opt/ros/rolling PS1=\[\e]0;\u@\h: \w\a\]\h% /usr/bin/cmake --install /home/ueshiba/ros2_ws/build/aruco
[6.105s] -- Install configuration: ""
[6.106s] -- Execute custom install script
[6.106s] -- Up-to-date symlink: /home/ueshiba/ros2_ws/install/aruco/lib/libaruco.so
[6.107s] -- Up-to-date symlink: /home/ueshiba/ros2_ws/install/aruco/include/aruco/aruco.h
[6.107s] -- Up-to-date symlink: /home/ueshiba/ros2_ws/install/aruco/include/aruco/aruco_cvversioning.h
[6.107s] -- Up-to-date symlink: /home/ueshiba/ros2_ws/install/aruco/include/aruco/aruco_export.h
[6.107s] -- Up-to-date symlink: /home/ueshiba/ros2_ws/install/aruco/include/aruco/cameraparameters.h
[6.108s] -- Up-to-date symlink: /home/ueshiba/ros2_ws/install/aruco/include/aruco/cvdrawingutils.h
[6.108s] -- Up-to-date symlink: /home/ueshiba/ros2_ws/install/aruco/include/aruco/debug.h
[6.108s] -- Up-to-date symlink: /home/ueshiba/ros2_ws/install/aruco/include/aruco/dictionary.h
[6.108s] -- Up-to-date symlink: /home/ueshiba/ros2_ws/install/aruco/include/aruco/dictionary_based.h
[6.108s] -- Up-to-date symlink: /home/ueshiba/ros2_ws/install/aruco/include/aruco/fractaldetector.h
[6.109s] -- Up-to-date symlink: /home/ueshiba/ros2_ws/install/aruco/include/aruco/fractallabelers/fractallabeler.h
[6.109s] -- Up-to-date symlink: /home/ueshiba/ros2_ws/install/aruco/include/aruco/fractallabelers/fractalmarker.h
[6.109s] -- Up-to-date symlink: /home/ueshiba/ros2_ws/install/aruco/include/aruco/fractallabelers/fractalmarkerset.h
[6.109s] -- Up-to-date symlink: /home/ueshiba/ros2_ws/install/aruco/include/aruco/fractallabelers/fractalposetracker.h
[6.109s] -- Up-to-date symlink: /home/ueshiba/ros2_ws/install/aruco/include/aruco/ippe.h
[6.109s] -- Up-to-date symlink: /home/ueshiba/ros2_ws/install/aruco/include/aruco/levmarq.h
[6.110s] -- Up-to-date symlink: /home/ueshiba/ros2_ws/install/aruco/include/aruco/marker.h
[6.110s] -- Up-to-date symlink: /home/ueshiba/ros2_ws/install/aruco/include/aruco/markerdetector.h
[6.110s] -- Up-to-date symlink: /home/ueshiba/ros2_ws/install/aruco/include/aruco/markerdetector_impl.h
[6.110s] -- Up-to-date symlink: /home/ueshiba/ros2_ws/install/aruco/include/aruco/markerlabeler.h
[6.110s] -- Up-to-date symlink: /home/ueshiba/ros2_ws/install/aruco/include/aruco/markermap.h
[6.110s] -- Up-to-date symlink: /home/ueshiba/ros2_ws/install/aruco/include/aruco/picoflann.h
[6.111s] -- Up-to-date symlink: /home/ueshiba/ros2_ws/install/aruco/include/aruco/posetracker.h
[6.111s] -- Up-to-date symlink: /home/ueshiba/ros2_ws/install/aruco/include/aruco/timers.h
[6.111s] -- Up-to-date symlink: /home/ueshiba/ros2_ws/install/aruco/share/aruco/environment/library_path.sh
[6.111s] -- Up-to-date symlink: /home/ueshiba/ros2_ws/install/aruco/share/aruco/environment/library_path.dsv
[6.111s] -- Up-to-date symlink: /home/ueshiba/ros2_ws/install/aruco/share/ament_index/resource_index/package_run_dependencies/aruco
[6.112s] -- Up-to-date symlink: /home/ueshiba/ros2_ws/install/aruco/share/ament_index/resource_index/parent_prefix_path/aruco
[6.112s] -- Up-to-date symlink: /home/ueshiba/ros2_ws/install/aruco/share/aruco/environment/ament_prefix_path.sh
[6.112s] -- Up-to-date symlink: /home/ueshiba/ros2_ws/install/aruco/share/aruco/environment/ament_prefix_path.dsv
[6.112s] -- Up-to-date symlink: /home/ueshiba/ros2_ws/install/aruco/share/aruco/environment/path.sh
[6.113s] -- Up-to-date symlink: /home/ueshiba/ros2_ws/install/aruco/share/aruco/environment/path.dsv
[6.113s] -- Up-to-date symlink: /home/ueshiba/ros2_ws/install/aruco/share/aruco/local_setup.bash
[6.113s] -- Up-to-date symlink: /home/ueshiba/ros2_ws/install/aruco/share/aruco/local_setup.sh
[6.114s] -- Up-to-date symlink: /home/ueshiba/ros2_ws/install/aruco/share/aruco/local_setup.zsh
[6.114s] -- Up-to-date symlink: /home/ueshiba/ros2_ws/install/aruco/share/aruco/local_setup.dsv
[6.114s] -- Symlinking: /home/ueshiba/ros2_ws/install/aruco/share/aruco/package.dsv
[6.124s] -- Up-to-date symlink: /home/ueshiba/ros2_ws/install/aruco/share/ament_index/resource_index/packages/aruco
[6.124s] -- Up-to-date symlink: /home/ueshiba/ros2_ws/install/aruco/share/aruco/cmake/ament_cmake_export_include_directories-extras.cmake
[6.124s] -- Up-to-date symlink: /home/ueshiba/ros2_ws/install/aruco/share/aruco/cmake/ament_cmake_export_libraries-extras.cmake
[6.125s] -- Up-to-date symlink: /home/ueshiba/ros2_ws/install/aruco/share/aruco/cmake/arucoConfig.cmake
[6.125s] -- Up-to-date symlink: /home/ueshiba/ros2_ws/install/aruco/share/aruco/cmake/arucoConfig-version.cmake
[6.125s] -- Up-to-date symlink: /home/ueshiba/ros2_ws/install/aruco/share/aruco/package.xml
[6.127s] Invoked command in '/home/ueshiba/ros2_ws/build/aruco' returned '0': CMAKE_PREFIX_PATH=${CMAKE_PREFIX_PATH}:/home/ueshiba/ros2_ws/install/rqt_reconfigure:/opt/ros/rolling PS1=\[\e]0;\u@\h: \w\a\]\h% /usr/bin/cmake --install /home/ueshiba/ros2_ws/build/aruco
