[  1%] Built target aist_handeye_calibration_msgs__rosidl_generator_type_description
[  1%] Built target ament_cmake_python_symlink_aist_handeye_calibration_msgs
[  3%] Built target aist_handeye_calibration_msgs__cpp
[ 24%] Built target aist_handeye_calibration_msgs__rosidl_generator_c
[ 33%] Built target aist_handeye_calibration_msgs__rosidl_typesupport_introspection_c
[ 35%] [32mBuilding CXX object CMakeFiles/aist_handeye_calibration_msgs__rosidl_typesupport_cpp.dir/rosidl_typesupport_cpp/aist_handeye_calibration_msgs/srv/compute_calibration__type_support.cpp.o[0m
[ 37%] [32mBuilding CXX object CMakeFiles/aist_handeye_calibration_msgs__rosidl_typesupport_fastrtps_c.dir/rosidl_typesupport_fastrtps_c/aist_handeye_calibration_msgs/srv/detail/compute_calibration__type_support_c.cpp.o[0m
[ 38%] [32mBuilding CXX object CMakeFiles/aist_handeye_calibration_msgs__rosidl_typesupport_fastrtps_c.dir/rosidl_typesupport_fastrtps_c/aist_handeye_calibration_msgs/srv/detail/get_sample_list__type_support_c.cpp.o[0m
[ 40%] [32mBuilding CXX object CMakeFiles/aist_handeye_calibration_msgs__rosidl_typesupport_fastrtps_c.dir/rosidl_typesupport_fastrtps_c/aist_handeye_calibration_msgs/action/detail/take_sample__type_support_c.cpp.o[0m
[ 42%] [32mBuilding CXX object CMakeFiles/aist_handeye_calibration_msgs__rosidl_typesupport_fastrtps_cpp.dir/rosidl_typesupport_fastrtps_cpp/aist_handeye_calibration_msgs/srv/detail/dds_fastrtps/get_sample_list__type_support.cpp.o[0m
[ 44%] [32mBuilding CXX object CMakeFiles/aist_handeye_calibration_msgs__rosidl_typesupport_introspection_cpp.dir/rosidl_typesupport_introspection_cpp/aist_handeye_calibration_msgs/srv/detail/compute_calibration__type_support.cpp.o[0m
[ 46%] [32mBuilding CXX object CMakeFiles/aist_handeye_calibration_msgs__rosidl_typesupport_fastrtps_cpp.dir/rosidl_typesupport_fastrtps_cpp/aist_handeye_calibration_msgs/srv/detail/dds_fastrtps/compute_calibration__type_support.cpp.o[0m
[ 48%] [32mBuilding CXX object CMakeFiles/aist_handeye_calibration_msgs__rosidl_typesupport_cpp.dir/rosidl_typesupport_cpp/aist_handeye_calibration_msgs/srv/get_sample_list__type_support.cpp.o[0m
[ 50%] [32mBuilding CXX object CMakeFiles/aist_handeye_calibration_msgs__rosidl_typesupport_introspection_cpp.dir/rosidl_typesupport_introspection_cpp/aist_handeye_calibration_msgs/action/detail/take_sample__type_support.cpp.o[0m
[ 51%] [32mBuilding CXX object CMakeFiles/aist_handeye_calibration_msgs__rosidl_typesupport_cpp.dir/rosidl_typesupport_cpp/aist_handeye_calibration_msgs/action/take_sample__type_support.cpp.o[0m
[ 61%] Built target aist_handeye_calibration_msgs__rosidl_typesupport_c
[ 62%] [32mBuilding CXX object CMakeFiles/aist_handeye_calibration_msgs__rosidl_typesupport_introspection_cpp.dir/rosidl_typesupport_introspection_cpp/aist_handeye_calibration_msgs/srv/detail/get_sample_list__type_support.cpp.o[0m
[ 64%] [32mBuilding CXX object CMakeFiles/aist_handeye_calibration_msgs__rosidl_typesupport_fastrtps_cpp.dir/rosidl_typesupport_fastrtps_cpp/aist_handeye_calibration_msgs/action/detail/dds_fastrtps/take_sample__type_support.cpp.o[0m
running egg_info
writing aist_handeye_calibration_msgs.egg-info/PKG-INFO
writing dependency_links to aist_handeye_calibration_msgs.egg-info/dependency_links.txt
writing top-level names to aist_handeye_calibration_msgs.egg-info/top_level.txt
reading manifest file 'aist_handeye_calibration_msgs.egg-info/SOURCES.txt'
writing manifest file 'aist_handeye_calibration_msgs.egg-info/SOURCES.txt'
[ 64%] Built target ament_cmake_python_build_aist_handeye_calibration_msgs_egg
[ 66%] [32m[1mLinking CXX shared library libaist_handeye_calibration_msgs__rosidl_typesupport_fastrtps_c.so[0m
[ 68%] Built target aist_handeye_calibration_msgs__rosidl_typesupport_fastrtps_c
[ 70%] [32m[1mLinking CXX shared library libaist_handeye_calibration_msgs__rosidl_typesupport_cpp.so[0m
[ 72%] [32m[1mLinking CXX shared library libaist_handeye_calibration_msgs__rosidl_typesupport_fastrtps_cpp.so[0m
[ 74%] [32m[1mLinking CXX shared library libaist_handeye_calibration_msgs__rosidl_typesupport_introspection_cpp.so[0m
[ 75%] Built target aist_handeye_calibration_msgs__rosidl_typesupport_cpp
[ 77%] Built target aist_handeye_calibration_msgs__rosidl_typesupport_fastrtps_cpp
[ 79%] Built target aist_handeye_calibration_msgs__rosidl_typesupport_introspection_cpp
[ 79%] Built target aist_handeye_calibration_msgs
[ 81%] Built target aist_handeye_calibration_msgs__py
[ 85%] [32mBuilding C object CMakeFiles/aist_handeye_calibration_msgs__rosidl_generator_py.dir/rosidl_generator_py/aist_handeye_calibration_msgs/action/_take_sample_s.c.o[0m
[ 85%] [32mBuilding C object CMakeFiles/aist_handeye_calibration_msgs__rosidl_generator_py.dir/rosidl_generator_py/aist_handeye_calibration_msgs/srv/_compute_calibration_s.c.o[0m
[ 87%] [32mBuilding C object CMakeFiles/aist_handeye_calibration_msgs__rosidl_generator_py.dir/rosidl_generator_py/aist_handeye_calibration_msgs/srv/_get_sample_list_s.c.o[0m
[ 88%] [32m[1mLinking C shared library libaist_handeye_calibration_msgs__rosidl_generator_py.so[0m
[ 88%] Built target aist_handeye_calibration_msgs__rosidl_generator_py
[ 90%] [32mBuilding C object CMakeFiles/aist_handeye_calibration_msgs__rosidl_typesupport_fastrtps_c__pyext.dir/rosidl_generator_py/aist_handeye_calibration_msgs/_aist_handeye_calibration_msgs_s.ep.rosidl_typesupport_fastrtps_c.c.o[0m
[ 92%] [32mBuilding C object CMakeFiles/aist_handeye_calibration_msgs__rosidl_typesupport_c__pyext.dir/rosidl_generator_py/aist_handeye_calibration_msgs/_aist_handeye_calibration_msgs_s.ep.rosidl_typesupport_c.c.o[0m
[ 94%] [32mBuilding C object CMakeFiles/aist_handeye_calibration_msgs__rosidl_typesupport_introspection_c__pyext.dir/rosidl_generator_py/aist_handeye_calibration_msgs/_aist_handeye_calibration_msgs_s.ep.rosidl_typesupport_introspection_c.c.o[0m
[ 96%] [32m[1mLinking C shared library aist_handeye_calibration_msgs_s__rosidl_typesupport_c.cpython-310-x86_64-linux-gnu.so[0m
[ 98%] [32m[1mLinking C shared library aist_handeye_calibration_msgs_s__rosidl_typesupport_fastrtps_c.cpython-310-x86_64-linux-gnu.so[0m
[100%] [32m[1mLinking C shared library aist_handeye_calibration_msgs_s__rosidl_typesupport_introspection_c.cpython-310-x86_64-linux-gnu.so[0m
[100%] Built target aist_handeye_calibration_msgs__rosidl_typesupport_c__pyext
[100%] Built target aist_handeye_calibration_msgs__rosidl_typesupport_fastrtps_c__pyext
[100%] Built target aist_handeye_calibration_msgs__rosidl_typesupport_introspection_c__pyext
-- Install configuration: ""
-- Execute custom install script
-- Up-to-date symlink: /home/ueshiba/ros2_ws/install/aist_handeye_calibration_msgs/share/ament_index/resource_index/rosidl_interfaces/aist_handeye_calibration_msgs
-- Up-to-date symlink: /home/ueshiba/ros2_ws/install/aist_handeye_calibration_msgs/share/aist_handeye_calibration_msgs/srv/ComputeCalibration.json
-- Up-to-date symlink: /home/ueshiba/ros2_ws/install/aist_handeye_calibration_msgs/share/aist_handeye_calibration_msgs/srv/GetSampleList.json
-- Up-to-date symlink: /home/ueshiba/ros2_ws/install/aist_handeye_calibration_msgs/share/aist_handeye_calibration_msgs/action/TakeSample.json
-- Up-to-date symlink: /home/ueshiba/ros2_ws/install/aist_handeye_calibration_msgs/include/aist_handeye_calibration_msgs/aist_handeye_calibration_msgs/action/detail/take_sample__functions.h
-- Up-to-date symlink: /home/ueshiba/ros2_ws/install/aist_handeye_calibration_msgs/include/aist_handeye_calibration_msgs/aist_handeye_calibration_msgs/action/detail/take_sample__struct.h
-- Up-to-date symlink: /home/ueshiba/ros2_ws/install/aist_handeye_calibration_msgs/include/aist_handeye_calibration_msgs/aist_handeye_calibration_msgs/action/detail/take_sample__type_support.h
-- Up-to-date symlink: /home/ueshiba/ros2_ws/install/aist_handeye_calibration_msgs/include/aist_handeye_calibration_msgs/aist_handeye_calibration_msgs/action/take_sample.h
-- Up-to-date symlink: /home/ueshiba/ros2_ws/install/aist_handeye_calibration_msgs/include/aist_handeye_calibration_msgs/aist_handeye_calibration_msgs/msg/rosidl_generator_c__visibility_control.h
-- Up-to-date symlink: /home/ueshiba/ros2_ws/install/aist_handeye_calibration_msgs/include/aist_handeye_calibration_msgs/aist_handeye_calibration_msgs/srv/compute_calibration.h
-- Up-to-date symlink: /home/ueshiba/ros2_ws/install/aist_handeye_calibration_msgs/include/aist_handeye_calibration_msgs/aist_handeye_calibration_msgs/srv/detail/compute_calibration__functions.h
-- Up-to-date symlink: /home/ueshiba/ros2_ws/install/aist_handeye_calibration_msgs/include/aist_handeye_calibration_msgs/aist_handeye_calibration_msgs/srv/detail/compute_calibration__struct.h
-- Up-to-date symlink: /home/ueshiba/ros2_ws/install/aist_handeye_calibration_msgs/include/aist_handeye_calibration_msgs/aist_handeye_calibration_msgs/srv/detail/compute_calibration__type_support.h
-- Up-to-date symlink: /home/ueshiba/ros2_ws/install/aist_handeye_calibration_msgs/include/aist_handeye_calibration_msgs/aist_handeye_calibration_msgs/srv/detail/get_sample_list__functions.h
-- Up-to-date symlink: /home/ueshiba/ros2_ws/install/aist_handeye_calibration_msgs/include/aist_handeye_calibration_msgs/aist_handeye_calibration_msgs/srv/detail/get_sample_list__struct.h
-- Up-to-date symlink: /home/ueshiba/ros2_ws/install/aist_handeye_calibration_msgs/include/aist_handeye_calibration_msgs/aist_handeye_calibration_msgs/srv/detail/get_sample_list__type_support.h
-- Up-to-date symlink: /home/ueshiba/ros2_ws/install/aist_handeye_calibration_msgs/include/aist_handeye_calibration_msgs/aist_handeye_calibration_msgs/srv/get_sample_list.h
-- Up-to-date symlink: /home/ueshiba/ros2_ws/install/aist_handeye_calibration_msgs/share/aist_handeye_calibration_msgs/environment/library_path.sh
-- Up-to-date symlink: /home/ueshiba/ros2_ws/install/aist_handeye_calibration_msgs/share/aist_handeye_calibration_msgs/environment/library_path.dsv
-- Up-to-date symlink: /home/ueshiba/ros2_ws/install/aist_handeye_calibration_msgs/include/aist_handeye_calibration_msgs/aist_handeye_calibration_msgs/action/detail/take_sample__rosidl_typesupport_fastrtps_c.h
-- Up-to-date symlink: /home/ueshiba/ros2_ws/install/aist_handeye_calibration_msgs/include/aist_handeye_calibration_msgs/aist_handeye_calibration_msgs/msg/rosidl_typesupport_fastrtps_c__visibility_control.h
-- Up-to-date symlink: /home/ueshiba/ros2_ws/install/aist_handeye_calibration_msgs/include/aist_handeye_calibration_msgs/aist_handeye_calibration_msgs/srv/detail/compute_calibration__rosidl_typesupport_fastrtps_c.h
-- Up-to-date symlink: /home/ueshiba/ros2_ws/install/aist_handeye_calibration_msgs/include/aist_handeye_calibration_msgs/aist_handeye_calibration_msgs/srv/detail/get_sample_list__rosidl_typesupport_fastrtps_c.h
-- Up-to-date symlink: /home/ueshiba/ros2_ws/install/aist_handeye_calibration_msgs/include/aist_handeye_calibration_msgs/aist_handeye_calibration_msgs/action/detail/take_sample__rosidl_typesupport_introspection_c.h
-- Up-to-date symlink: /home/ueshiba/ros2_ws/install/aist_handeye_calibration_msgs/include/aist_handeye_calibration_msgs/aist_handeye_calibration_msgs/msg/rosidl_typesupport_introspection_c__visibility_control.h
-- Up-to-date symlink: /home/ueshiba/ros2_ws/install/aist_handeye_calibration_msgs/include/aist_handeye_calibration_msgs/aist_handeye_calibration_msgs/srv/detail/compute_calibration__rosidl_typesupport_introspection_c.h
-- Up-to-date symlink: /home/ueshiba/ros2_ws/install/aist_handeye_calibration_msgs/include/aist_handeye_calibration_msgs/aist_handeye_calibration_msgs/srv/detail/get_sample_list__rosidl_typesupport_introspection_c.h
-- Up-to-date symlink: /home/ueshiba/ros2_ws/install/aist_handeye_calibration_msgs/include/aist_handeye_calibration_msgs/aist_handeye_calibration_msgs/action/detail/take_sample__builder.hpp
-- Up-to-date symlink: /home/ueshiba/ros2_ws/install/aist_handeye_calibration_msgs/include/aist_handeye_calibration_msgs/aist_handeye_calibration_msgs/action/detail/take_sample__struct.hpp
-- Up-to-date symlink: /home/ueshiba/ros2_ws/install/aist_handeye_calibration_msgs/include/aist_handeye_calibration_msgs/aist_handeye_calibration_msgs/action/detail/take_sample__traits.hpp
-- Up-to-date symlink: /home/ueshiba/ros2_ws/install/aist_handeye_calibration_msgs/include/aist_handeye_calibration_msgs/aist_handeye_calibration_msgs/action/detail/take_sample__type_support.hpp
-- Up-to-date symlink: /home/ueshiba/ros2_ws/install/aist_handeye_calibration_msgs/include/aist_handeye_calibration_msgs/aist_handeye_calibration_msgs/action/take_sample.hpp
-- Up-to-date symlink: /home/ueshiba/ros2_ws/install/aist_handeye_calibration_msgs/include/aist_handeye_calibration_msgs/aist_handeye_calibration_msgs/msg/rosidl_generator_cpp__visibility_control.hpp
-- Up-to-date symlink: /home/ueshiba/ros2_ws/install/aist_handeye_calibration_msgs/include/aist_handeye_calibration_msgs/aist_handeye_calibration_msgs/srv/compute_calibration.hpp
-- Up-to-date symlink: /home/ueshiba/ros2_ws/install/aist_handeye_calibration_msgs/include/aist_handeye_calibration_msgs/aist_handeye_calibration_msgs/srv/detail/compute_calibration__builder.hpp
-- Up-to-date symlink: /home/ueshiba/ros2_ws/install/aist_handeye_calibration_msgs/include/aist_handeye_calibration_msgs/aist_handeye_calibration_msgs/srv/detail/compute_calibration__struct.hpp
-- Up-to-date symlink: /home/ueshiba/ros2_ws/install/aist_handeye_calibration_msgs/include/aist_handeye_calibration_msgs/aist_handeye_calibration_msgs/srv/detail/compute_calibration__traits.hpp
-- Up-to-date symlink: /home/ueshiba/ros2_ws/install/aist_handeye_calibration_msgs/include/aist_handeye_calibration_msgs/aist_handeye_calibration_msgs/srv/detail/compute_calibration__type_support.hpp
-- Up-to-date symlink: /home/ueshiba/ros2_ws/install/aist_handeye_calibration_msgs/include/aist_handeye_calibration_msgs/aist_handeye_calibration_msgs/srv/detail/get_sample_list__builder.hpp
-- Up-to-date symlink: /home/ueshiba/ros2_ws/install/aist_handeye_calibration_msgs/include/aist_handeye_calibration_msgs/aist_handeye_calibration_msgs/srv/detail/get_sample_list__struct.hpp
-- Up-to-date symlink: /home/ueshiba/ros2_ws/install/aist_handeye_calibration_msgs/include/aist_handeye_calibration_msgs/aist_handeye_calibration_msgs/srv/detail/get_sample_list__traits.hpp
-- Up-to-date symlink: /home/ueshiba/ros2_ws/install/aist_handeye_calibration_msgs/include/aist_handeye_calibration_msgs/aist_handeye_calibration_msgs/srv/detail/get_sample_list__type_support.hpp
-- Up-to-date symlink: /home/ueshiba/ros2_ws/install/aist_handeye_calibration_msgs/include/aist_handeye_calibration_msgs/aist_handeye_calibration_msgs/srv/get_sample_list.hpp
-- Up-to-date symlink: /home/ueshiba/ros2_ws/install/aist_handeye_calibration_msgs/include/aist_handeye_calibration_msgs/aist_handeye_calibration_msgs/action/detail/take_sample__rosidl_typesupport_fastrtps_cpp.hpp
-- Up-to-date symlink: /home/ueshiba/ros2_ws/install/aist_handeye_calibration_msgs/include/aist_handeye_calibration_msgs/aist_handeye_calibration_msgs/msg/rosidl_typesupport_fastrtps_cpp__visibility_control.h
-- Up-to-date symlink: /home/ueshiba/ros2_ws/install/aist_handeye_calibration_msgs/include/aist_handeye_calibration_msgs/aist_handeye_calibration_msgs/srv/detail/compute_calibration__rosidl_typesupport_fastrtps_cpp.hpp
-- Up-to-date symlink: /home/ueshiba/ros2_ws/install/aist_handeye_calibration_msgs/include/aist_handeye_calibration_msgs/aist_handeye_calibration_msgs/srv/detail/get_sample_list__rosidl_typesupport_fastrtps_cpp.hpp
-- Up-to-date symlink: /home/ueshiba/ros2_ws/install/aist_handeye_calibration_msgs/include/aist_handeye_calibration_msgs/aist_handeye_calibration_msgs/action/detail/take_sample__rosidl_typesupport_introspection_cpp.hpp
-- Up-to-date symlink: /home/ueshiba/ros2_ws/install/aist_handeye_calibration_msgs/include/aist_handeye_calibration_msgs/aist_handeye_calibration_msgs/srv/detail/compute_calibration__rosidl_typesupport_introspection_cpp.hpp
-- Up-to-date symlink: /home/ueshiba/ros2_ws/install/aist_handeye_calibration_msgs/include/aist_handeye_calibration_msgs/aist_handeye_calibration_msgs/srv/detail/get_sample_list__rosidl_typesupport_introspection_cpp.hpp
-- Up-to-date symlink: /home/ueshiba/ros2_ws/install/aist_handeye_calibration_msgs/share/aist_handeye_calibration_msgs/environment/pythonpath.sh
-- Up-to-date symlink: /home/ueshiba/ros2_ws/install/aist_handeye_calibration_msgs/share/aist_handeye_calibration_msgs/environment/pythonpath.dsv
-- Up-to-date symlink: /home/ueshiba/ros2_ws/install/aist_handeye_calibration_msgs/lib/python3.10/site-packages/aist_handeye_calibration_msgs-0.6.0-py3.10.egg-info/PKG-INFO
-- Up-to-date symlink: /home/ueshiba/ros2_ws/install/aist_handeye_calibration_msgs/lib/python3.10/site-packages/aist_handeye_calibration_msgs-0.6.0-py3.10.egg-info/SOURCES.txt
-- Up-to-date symlink: /home/ueshiba/ros2_ws/install/aist_handeye_calibration_msgs/lib/python3.10/site-packages/aist_handeye_calibration_msgs-0.6.0-py3.10.egg-info/dependency_links.txt
-- Up-to-date symlink: /home/ueshiba/ros2_ws/install/aist_handeye_calibration_msgs/lib/python3.10/site-packages/aist_handeye_calibration_msgs-0.6.0-py3.10.egg-info/top_level.txt
-- Up-to-date symlink: /home/ueshiba/ros2_ws/install/aist_handeye_calibration_msgs/lib/python3.10/site-packages/aist_handeye_calibration_msgs/__init__.py
-- Up-to-date symlink: /home/ueshiba/ros2_ws/install/aist_handeye_calibration_msgs/lib/python3.10/site-packages/aist_handeye_calibration_msgs/_aist_handeye_calibration_msgs_s.ep.rosidl_typesupport_c.c
-- Up-to-date symlink: /home/ueshiba/ros2_ws/install/aist_handeye_calibration_msgs/lib/python3.10/site-packages/aist_handeye_calibration_msgs/_aist_handeye_calibration_msgs_s.ep.rosidl_typesupport_fastrtps_c.c
-- Up-to-date symlink: /home/ueshiba/ros2_ws/install/aist_handeye_calibration_msgs/lib/python3.10/site-packages/aist_handeye_calibration_msgs/_aist_handeye_calibration_msgs_s.ep.rosidl_typesupport_introspection_c.c
-- Up-to-date symlink: /home/ueshiba/ros2_ws/install/aist_handeye_calibration_msgs/lib/python3.10/site-packages/aist_handeye_calibration_msgs/action/__init__.py
-- Up-to-date symlink: /home/ueshiba/ros2_ws/install/aist_handeye_calibration_msgs/lib/python3.10/site-packages/aist_handeye_calibration_msgs/action/_take_sample.py
-- Up-to-date symlink: /home/ueshiba/ros2_ws/install/aist_handeye_calibration_msgs/lib/python3.10/site-packages/aist_handeye_calibration_msgs/action/_take_sample_s.c
-- Up-to-date symlink: /home/ueshiba/ros2_ws/install/aist_handeye_calibration_msgs/lib/python3.10/site-packages/aist_handeye_calibration_msgs/srv/__init__.py
-- Up-to-date symlink: /home/ueshiba/ros2_ws/install/aist_handeye_calibration_msgs/lib/python3.10/site-packages/aist_handeye_calibration_msgs/srv/_compute_calibration.py
-- Up-to-date symlink: /home/ueshiba/ros2_ws/install/aist_handeye_calibration_msgs/lib/python3.10/site-packages/aist_handeye_calibration_msgs/srv/_compute_calibration_s.c
-- Up-to-date symlink: /home/ueshiba/ros2_ws/install/aist_handeye_calibration_msgs/lib/python3.10/site-packages/aist_handeye_calibration_msgs/srv/_get_sample_list.py
-- Up-to-date symlink: /home/ueshiba/ros2_ws/install/aist_handeye_calibration_msgs/lib/python3.10/site-packages/aist_handeye_calibration_msgs/srv/_get_sample_list_s.c
-- Up-to-date symlink: /home/ueshiba/ros2_ws/install/aist_handeye_calibration_msgs/lib/python3.10/site-packages/aist_handeye_calibration_msgs/aist_handeye_calibration_msgs_s__rosidl_typesupport_fastrtps_c.cpython-310-x86_64-linux-gnu.so
-- Up-to-date symlink: /home/ueshiba/ros2_ws/install/aist_handeye_calibration_msgs/lib/python3.10/site-packages/aist_handeye_calibration_msgs/aist_handeye_calibration_msgs_s__rosidl_typesupport_introspection_c.cpython-310-x86_64-linux-gnu.so
-- Up-to-date symlink: /home/ueshiba/ros2_ws/install/aist_handeye_calibration_msgs/lib/python3.10/site-packages/aist_handeye_calibration_msgs/aist_handeye_calibration_msgs_s__rosidl_typesupport_c.cpython-310-x86_64-linux-gnu.so
-- Up-to-date symlink: /home/ueshiba/ros2_ws/install/aist_handeye_calibration_msgs/share/aist_handeye_calibration_msgs/srv/ComputeCalibration.idl
-- Up-to-date symlink: /home/ueshiba/ros2_ws/install/aist_handeye_calibration_msgs/share/aist_handeye_calibration_msgs/srv/GetSampleList.idl
-- Up-to-date symlink: /home/ueshiba/ros2_ws/install/aist_handeye_calibration_msgs/share/aist_handeye_calibration_msgs/action/TakeSample.idl
-- Up-to-date symlink: /home/ueshiba/ros2_ws/install/aist_handeye_calibration_msgs/share/aist_handeye_calibration_msgs/srv/ComputeCalibration.srv
-- Up-to-date symlink: /home/ueshiba/ros2_ws/install/aist_handeye_calibration_msgs/share/aist_handeye_calibration_msgs/srv/GetSampleList.srv
-- Up-to-date symlink: /home/ueshiba/ros2_ws/install/aist_handeye_calibration_msgs/share/aist_handeye_calibration_msgs/action/TakeSample.action
-- Up-to-date symlink: /home/ueshiba/ros2_ws/install/aist_handeye_calibration_msgs/share/ament_index/resource_index/package_run_dependencies/aist_handeye_calibration_msgs
-- Up-to-date symlink: /home/ueshiba/ros2_ws/install/aist_handeye_calibration_msgs/share/ament_index/resource_index/parent_prefix_path/aist_handeye_calibration_msgs
-- Up-to-date symlink: /home/ueshiba/ros2_ws/install/aist_handeye_calibration_msgs/share/aist_handeye_calibration_msgs/environment/ament_prefix_path.sh
-- Up-to-date symlink: /home/ueshiba/ros2_ws/install/aist_handeye_calibration_msgs/share/aist_handeye_calibration_msgs/environment/ament_prefix_path.dsv
-- Up-to-date symlink: /home/ueshiba/ros2_ws/install/aist_handeye_calibration_msgs/share/aist_handeye_calibration_msgs/environment/path.sh
-- Up-to-date symlink: /home/ueshiba/ros2_ws/install/aist_handeye_calibration_msgs/share/aist_handeye_calibration_msgs/environment/path.dsv
-- Up-to-date symlink: /home/ueshiba/ros2_ws/install/aist_handeye_calibration_msgs/share/aist_handeye_calibration_msgs/local_setup.bash
-- Up-to-date symlink: /home/ueshiba/ros2_ws/install/aist_handeye_calibration_msgs/share/aist_handeye_calibration_msgs/local_setup.sh
-- Up-to-date symlink: /home/ueshiba/ros2_ws/install/aist_handeye_calibration_msgs/share/aist_handeye_calibration_msgs/local_setup.zsh
-- Up-to-date symlink: /home/ueshiba/ros2_ws/install/aist_handeye_calibration_msgs/share/aist_handeye_calibration_msgs/local_setup.dsv
-- Symlinking: /home/ueshiba/ros2_ws/install/aist_handeye_calibration_msgs/share/aist_handeye_calibration_msgs/package.dsv
-- Up-to-date symlink: /home/ueshiba/ros2_ws/install/aist_handeye_calibration_msgs/share/ament_index/resource_index/packages/aist_handeye_calibration_msgs
-- Up-to-date symlink: /home/ueshiba/ros2_ws/install/aist_handeye_calibration_msgs/share/aist_handeye_calibration_msgs/cmake/rosidl_cmake-extras.cmake
-- Up-to-date symlink: /home/ueshiba/ros2_ws/install/aist_handeye_calibration_msgs/share/aist_handeye_calibration_msgs/cmake/ament_cmake_export_dependencies-extras.cmake
-- Up-to-date symlink: /home/ueshiba/ros2_ws/install/aist_handeye_calibration_msgs/share/aist_handeye_calibration_msgs/cmake/ament_cmake_export_include_directories-extras.cmake
-- Up-to-date symlink: /home/ueshiba/ros2_ws/install/aist_handeye_calibration_msgs/share/aist_handeye_calibration_msgs/cmake/ament_cmake_export_libraries-extras.cmake
-- Up-to-date symlink: /home/ueshiba/ros2_ws/install/aist_handeye_calibration_msgs/share/aist_handeye_calibration_msgs/cmake/ament_cmake_export_targets-extras.cmake
-- Up-to-date symlink: /home/ueshiba/ros2_ws/install/aist_handeye_calibration_msgs/share/aist_handeye_calibration_msgs/cmake/rosidl_cmake_export_typesupport_targets-extras.cmake
-- Up-to-date symlink: /home/ueshiba/ros2_ws/install/aist_handeye_calibration_msgs/share/aist_handeye_calibration_msgs/cmake/rosidl_cmake_export_typesupport_libraries-extras.cmake
-- Up-to-date symlink: /home/ueshiba/ros2_ws/install/aist_handeye_calibration_msgs/share/aist_handeye_calibration_msgs/cmake/aist_handeye_calibration_msgsConfig.cmake
-- Up-to-date symlink: /home/ueshiba/ros2_ws/install/aist_handeye_calibration_msgs/share/aist_handeye_calibration_msgs/cmake/aist_handeye_calibration_msgsConfig-version.cmake
-- Up-to-date symlink: /home/ueshiba/ros2_ws/install/aist_handeye_calibration_msgs/share/aist_handeye_calibration_msgs/package.xml
-- Up-to-date: /home/ueshiba/ros2_ws/install/aist_handeye_calibration_msgs/lib/libaist_handeye_calibration_msgs__rosidl_generator_c.so
-- Installing: /home/ueshiba/ros2_ws/install/aist_handeye_calibration_msgs/lib/libaist_handeye_calibration_msgs__rosidl_typesupport_fastrtps_c.so
-- Set runtime path of "/home/ueshiba/ros2_ws/install/aist_handeye_calibration_msgs/lib/libaist_handeye_calibration_msgs__rosidl_typesupport_fastrtps_c.so" to ""
-- Up-to-date: /home/ueshiba/ros2_ws/install/aist_handeye_calibration_msgs/lib/libaist_handeye_calibration_msgs__rosidl_typesupport_introspection_c.so
-- Up-to-date: /home/ueshiba/ros2_ws/install/aist_handeye_calibration_msgs/lib/libaist_handeye_calibration_msgs__rosidl_typesupport_c.so
-- Installing: /home/ueshiba/ros2_ws/install/aist_handeye_calibration_msgs/lib/libaist_handeye_calibration_msgs__rosidl_typesupport_fastrtps_cpp.so
-- Set runtime path of "/home/ueshiba/ros2_ws/install/aist_handeye_calibration_msgs/lib/libaist_handeye_calibration_msgs__rosidl_typesupport_fastrtps_cpp.so" to ""
-- Installing: /home/ueshiba/ros2_ws/install/aist_handeye_calibration_msgs/lib/libaist_handeye_calibration_msgs__rosidl_typesupport_introspection_cpp.so
-- Set runtime path of "/home/ueshiba/ros2_ws/install/aist_handeye_calibration_msgs/lib/libaist_handeye_calibration_msgs__rosidl_typesupport_introspection_cpp.so" to ""
-- Installing: /home/ueshiba/ros2_ws/install/aist_handeye_calibration_msgs/lib/libaist_handeye_calibration_msgs__rosidl_typesupport_cpp.so
-- Set runtime path of "/home/ueshiba/ros2_ws/install/aist_handeye_calibration_msgs/lib/libaist_handeye_calibration_msgs__rosidl_typesupport_cpp.so" to ""
Listing '/home/ueshiba/ros2_ws/install/aist_handeye_calibration_msgs/lib/python3.10/site-packages/aist_handeye_calibration_msgs'...
Listing '/home/ueshiba/ros2_ws/install/aist_handeye_calibration_msgs/lib/python3.10/site-packages/aist_handeye_calibration_msgs/action'...
Listing '/home/ueshiba/ros2_ws/install/aist_handeye_calibration_msgs/lib/python3.10/site-packages/aist_handeye_calibration_msgs/srv'...
-- Installing: /home/ueshiba/ros2_ws/install/aist_handeye_calibration_msgs/lib/libaist_handeye_calibration_msgs__rosidl_generator_py.so
-- Set runtime path of "/home/ueshiba/ros2_ws/install/aist_handeye_calibration_msgs/lib/libaist_handeye_calibration_msgs__rosidl_generator_py.so" to ""
-- Up-to-date: /home/ueshiba/ros2_ws/install/aist_handeye_calibration_msgs/share/aist_handeye_calibration_msgs/cmake/export_aist_handeye_calibration_msgs__rosidl_generator_cExport.cmake
-- Up-to-date: /home/ueshiba/ros2_ws/install/aist_handeye_calibration_msgs/share/aist_handeye_calibration_msgs/cmake/export_aist_handeye_calibration_msgs__rosidl_generator_cExport-noconfig.cmake
-- Up-to-date: /home/ueshiba/ros2_ws/install/aist_handeye_calibration_msgs/share/aist_handeye_calibration_msgs/cmake/export_aist_handeye_calibration_msgs__rosidl_typesupport_fastrtps_cExport.cmake
-- Up-to-date: /home/ueshiba/ros2_ws/install/aist_handeye_calibration_msgs/share/aist_handeye_calibration_msgs/cmake/export_aist_handeye_calibration_msgs__rosidl_typesupport_fastrtps_cExport-noconfig.cmake
-- Up-to-date: /home/ueshiba/ros2_ws/install/aist_handeye_calibration_msgs/share/aist_handeye_calibration_msgs/cmake/aist_handeye_calibration_msgs__rosidl_typesupport_introspection_cExport.cmake
-- Up-to-date: /home/ueshiba/ros2_ws/install/aist_handeye_calibration_msgs/share/aist_handeye_calibration_msgs/cmake/aist_handeye_calibration_msgs__rosidl_typesupport_introspection_cExport-noconfig.cmake
-- Up-to-date: /home/ueshiba/ros2_ws/install/aist_handeye_calibration_msgs/share/aist_handeye_calibration_msgs/cmake/aist_handeye_calibration_msgs__rosidl_typesupport_cExport.cmake
-- Up-to-date: /home/ueshiba/ros2_ws/install/aist_handeye_calibration_msgs/share/aist_handeye_calibration_msgs/cmake/aist_handeye_calibration_msgs__rosidl_typesupport_cExport-noconfig.cmake
-- Up-to-date: /home/ueshiba/ros2_ws/install/aist_handeye_calibration_msgs/share/aist_handeye_calibration_msgs/cmake/export_aist_handeye_calibration_msgs__rosidl_generator_cppExport.cmake
-- Up-to-date: /home/ueshiba/ros2_ws/install/aist_handeye_calibration_msgs/share/aist_handeye_calibration_msgs/cmake/export_aist_handeye_calibration_msgs__rosidl_typesupport_fastrtps_cppExport.cmake
-- Up-to-date: /home/ueshiba/ros2_ws/install/aist_handeye_calibration_msgs/share/aist_handeye_calibration_msgs/cmake/export_aist_handeye_calibration_msgs__rosidl_typesupport_fastrtps_cppExport-noconfig.cmake
-- Up-to-date: /home/ueshiba/ros2_ws/install/aist_handeye_calibration_msgs/share/aist_handeye_calibration_msgs/cmake/aist_handeye_calibration_msgs__rosidl_typesupport_introspection_cppExport.cmake
-- Up-to-date: /home/ueshiba/ros2_ws/install/aist_handeye_calibration_msgs/share/aist_handeye_calibration_msgs/cmake/aist_handeye_calibration_msgs__rosidl_typesupport_introspection_cppExport-noconfig.cmake
-- Up-to-date: /home/ueshiba/ros2_ws/install/aist_handeye_calibration_msgs/share/aist_handeye_calibration_msgs/cmake/aist_handeye_calibration_msgs__rosidl_typesupport_cppExport.cmake
-- Up-to-date: /home/ueshiba/ros2_ws/install/aist_handeye_calibration_msgs/share/aist_handeye_calibration_msgs/cmake/aist_handeye_calibration_msgs__rosidl_typesupport_cppExport-noconfig.cmake
-- Up-to-date: /home/ueshiba/ros2_ws/install/aist_handeye_calibration_msgs/share/aist_handeye_calibration_msgs/cmake/export_aist_handeye_calibration_msgs__rosidl_generator_pyExport.cmake
-- Up-to-date: /home/ueshiba/ros2_ws/install/aist_handeye_calibration_msgs/share/aist_handeye_calibration_msgs/cmake/export_aist_handeye_calibration_msgs__rosidl_generator_pyExport-noconfig.cmake
