[0.031s] Invoking command in '/home/ueshiba/ros2_ws/build/aist_handeye_calibration_msgs': CMAKE_PREFIX_PATH=${CMAKE_PREFIX_PATH}:/home/ueshiba/ros2_ws/install/rqt_reconfigure:/opt/ros/rolling PS1=\[\e]0;\u@\h: \w\a\]\h% /usr/bin/cmake --build /home/ueshiba/ros2_ws/build/aist_handeye_calibration_msgs -- -j24 -l24
[2.333s] [  1%] Built target aist_handeye_calibration_msgs__rosidl_generator_type_description
[2.333s] [  1%] Built target ament_cmake_python_symlink_aist_handeye_calibration_msgs
[2.333s] [  3%] Built target aist_handeye_calibration_msgs__cpp
[2.334s] [ 24%] Built target aist_handeye_calibration_msgs__rosidl_generator_c
[2.334s] [ 33%] Built target aist_handeye_calibration_msgs__rosidl_typesupport_introspection_c
[2.334s] [ 35%] [32mBuilding CXX object CMakeFiles/aist_handeye_calibration_msgs__rosidl_typesupport_cpp.dir/rosidl_typesupport_cpp/aist_handeye_calibration_msgs/srv/compute_calibration__type_support.cpp.o[0m
[2.334s] [ 37%] [32mBuilding CXX object CMakeFiles/aist_handeye_calibration_msgs__rosidl_typesupport_fastrtps_c.dir/rosidl_typesupport_fastrtps_c/aist_handeye_calibration_msgs/srv/detail/compute_calibration__type_support_c.cpp.o[0m
[2.335s] [ 38%] [32mBuilding CXX object CMakeFiles/aist_handeye_calibration_msgs__rosidl_typesupport_fastrtps_c.dir/rosidl_typesupport_fastrtps_c/aist_handeye_calibration_msgs/srv/detail/get_sample_list__type_support_c.cpp.o[0m
[2.335s] [ 40%] [32mBuilding CXX object CMakeFiles/aist_handeye_calibration_msgs__rosidl_typesupport_fastrtps_c.dir/rosidl_typesupport_fastrtps_c/aist_handeye_calibration_msgs/action/detail/take_sample__type_support_c.cpp.o[0m
[2.335s] [ 42%] [32mBuilding CXX object CMakeFiles/aist_handeye_calibration_msgs__rosidl_typesupport_fastrtps_cpp.dir/rosidl_typesupport_fastrtps_cpp/aist_handeye_calibration_msgs/srv/detail/dds_fastrtps/get_sample_list__type_support.cpp.o[0m
[2.335s] [ 44%] [32mBuilding CXX object CMakeFiles/aist_handeye_calibration_msgs__rosidl_typesupport_introspection_cpp.dir/rosidl_typesupport_introspection_cpp/aist_handeye_calibration_msgs/srv/detail/compute_calibration__type_support.cpp.o[0m
[2.336s] [ 46%] [32mBuilding CXX object CMakeFiles/aist_handeye_calibration_msgs__rosidl_typesupport_fastrtps_cpp.dir/rosidl_typesupport_fastrtps_cpp/aist_handeye_calibration_msgs/srv/detail/dds_fastrtps/compute_calibration__type_support.cpp.o[0m
[2.336s] [ 48%] [32mBuilding CXX object CMakeFiles/aist_handeye_calibration_msgs__rosidl_typesupport_cpp.dir/rosidl_typesupport_cpp/aist_handeye_calibration_msgs/srv/get_sample_list__type_support.cpp.o[0m
[2.336s] [ 50%] [32mBuilding CXX object CMakeFiles/aist_handeye_calibration_msgs__rosidl_typesupport_introspection_cpp.dir/rosidl_typesupport_introspection_cpp/aist_handeye_calibration_msgs/action/detail/take_sample__type_support.cpp.o[0m
[2.336s] [ 51%] [32mBuilding CXX object CMakeFiles/aist_handeye_calibration_msgs__rosidl_typesupport_cpp.dir/rosidl_typesupport_cpp/aist_handeye_calibration_msgs/action/take_sample__type_support.cpp.o[0m
[2.336s] [ 61%] Built target aist_handeye_calibration_msgs__rosidl_typesupport_c
[2.337s] [ 62%] [32mBuilding CXX object CMakeFiles/aist_handeye_calibration_msgs__rosidl_typesupport_introspection_cpp.dir/rosidl_typesupport_introspection_cpp/aist_handeye_calibration_msgs/srv/detail/get_sample_list__type_support.cpp.o[0m
[2.337s] [ 64%] [32mBuilding CXX object CMakeFiles/aist_handeye_calibration_msgs__rosidl_typesupport_fastrtps_cpp.dir/rosidl_typesupport_fastrtps_cpp/aist_handeye_calibration_msgs/action/detail/dds_fastrtps/take_sample__type_support.cpp.o[0m
[2.723s] running egg_info
[2.725s] writing aist_handeye_calibration_msgs.egg-info/PKG-INFO
[2.726s] writing dependency_links to aist_handeye_calibration_msgs.egg-info/dependency_links.txt
[2.726s] writing top-level names to aist_handeye_calibration_msgs.egg-info/top_level.txt
[2.759s] reading manifest file 'aist_handeye_calibration_msgs.egg-info/SOURCES.txt'
[2.786s] writing manifest file 'aist_handeye_calibration_msgs.egg-info/SOURCES.txt'
[3.108s] [ 64%] Built target ament_cmake_python_build_aist_handeye_calibration_msgs_egg
[6.506s] [ 66%] [32m[1mLinking CXX shared library libaist_handeye_calibration_msgs__rosidl_typesupport_fastrtps_c.so[0m
[6.910s] [ 68%] Built target aist_handeye_calibration_msgs__rosidl_typesupport_fastrtps_c
[7.673s] [ 70%] [32m[1mLinking CXX shared library libaist_handeye_calibration_msgs__rosidl_typesupport_cpp.so[0m
[7.743s] [ 72%] [32m[1mLinking CXX shared library libaist_handeye_calibration_msgs__rosidl_typesupport_fastrtps_cpp.so[0m
[8.110s] [ 74%] [32m[1mLinking CXX shared library libaist_handeye_calibration_msgs__rosidl_typesupport_introspection_cpp.so[0m
[8.126s] [ 75%] Built target aist_handeye_calibration_msgs__rosidl_typesupport_cpp
[8.314s] [ 77%] Built target aist_handeye_calibration_msgs__rosidl_typesupport_fastrtps_cpp
[8.582s] [ 79%] Built target aist_handeye_calibration_msgs__rosidl_typesupport_introspection_cpp
[8.693s] [ 79%] Built target aist_handeye_calibration_msgs
[8.766s] [ 81%] Built target aist_handeye_calibration_msgs__py
[8.883s] [ 85%] [32mBuilding C object CMakeFiles/aist_handeye_calibration_msgs__rosidl_generator_py.dir/rosidl_generator_py/aist_handeye_calibration_msgs/action/_take_sample_s.c.o[0m
[8.883s] [ 85%] [32mBuilding C object CMakeFiles/aist_handeye_calibration_msgs__rosidl_generator_py.dir/rosidl_generator_py/aist_handeye_calibration_msgs/srv/_compute_calibration_s.c.o[0m
[8.893s] [ 87%] [32mBuilding C object CMakeFiles/aist_handeye_calibration_msgs__rosidl_generator_py.dir/rosidl_generator_py/aist_handeye_calibration_msgs/srv/_get_sample_list_s.c.o[0m
[9.425s] [ 88%] [32m[1mLinking C shared library libaist_handeye_calibration_msgs__rosidl_generator_py.so[0m
[9.540s] [ 88%] Built target aist_handeye_calibration_msgs__rosidl_generator_py
[9.580s] [ 90%] [32mBuilding C object CMakeFiles/aist_handeye_calibration_msgs__rosidl_typesupport_fastrtps_c__pyext.dir/rosidl_generator_py/aist_handeye_calibration_msgs/_aist_handeye_calibration_msgs_s.ep.rosidl_typesupport_fastrtps_c.c.o[0m
[9.588s] [ 92%] [32mBuilding C object CMakeFiles/aist_handeye_calibration_msgs__rosidl_typesupport_c__pyext.dir/rosidl_generator_py/aist_handeye_calibration_msgs/_aist_handeye_calibration_msgs_s.ep.rosidl_typesupport_c.c.o[0m
[9.589s] [ 94%] [32mBuilding C object CMakeFiles/aist_handeye_calibration_msgs__rosidl_typesupport_introspection_c__pyext.dir/rosidl_generator_py/aist_handeye_calibration_msgs/_aist_handeye_calibration_msgs_s.ep.rosidl_typesupport_introspection_c.c.o[0m
[9.814s] [ 96%] [32m[1mLinking C shared library aist_handeye_calibration_msgs_s__rosidl_typesupport_c.cpython-310-x86_64-linux-gnu.so[0m
[9.833s] [ 98%] [32m[1mLinking C shared library aist_handeye_calibration_msgs_s__rosidl_typesupport_fastrtps_c.cpython-310-x86_64-linux-gnu.so[0m
[9.897s] [100%] [32m[1mLinking C shared library aist_handeye_calibration_msgs_s__rosidl_typesupport_introspection_c.cpython-310-x86_64-linux-gnu.so[0m
[9.903s] [100%] Built target aist_handeye_calibration_msgs__rosidl_typesupport_c__pyext
[9.912s] [100%] Built target aist_handeye_calibration_msgs__rosidl_typesupport_fastrtps_c__pyext
[9.969s] [100%] Built target aist_handeye_calibration_msgs__rosidl_typesupport_introspection_c__pyext
[9.985s] Invoked command in '/home/ueshiba/ros2_ws/build/aist_handeye_calibration_msgs' returned '0': CMAKE_PREFIX_PATH=${CMAKE_PREFIX_PATH}:/home/ueshiba/ros2_ws/install/rqt_reconfigure:/opt/ros/rolling PS1=\[\e]0;\u@\h: \w\a\]\h% /usr/bin/cmake --build /home/ueshiba/ros2_ws/build/aist_handeye_calibration_msgs -- -j24 -l24
[10.271s] Invoking command in '/home/ueshiba/ros2_ws/build/aist_handeye_calibration_msgs': CMAKE_PREFIX_PATH=${CMAKE_PREFIX_PATH}:/home/ueshiba/ros2_ws/install/rqt_reconfigure:/opt/ros/rolling PS1=\[\e]0;\u@\h: \w\a\]\h% /usr/bin/cmake --install /home/ueshiba/ros2_ws/build/aist_handeye_calibration_msgs
[10.283s] -- Install configuration: ""
[10.285s] -- Execute custom install script
[10.285s] -- Up-to-date symlink: /home/ueshiba/ros2_ws/install/aist_handeye_calibration_msgs/share/ament_index/resource_index/rosidl_interfaces/aist_handeye_calibration_msgs
[10.285s] -- Up-to-date symlink: /home/ueshiba/ros2_ws/install/aist_handeye_calibration_msgs/share/aist_handeye_calibration_msgs/srv/ComputeCalibration.json
[10.286s] -- Up-to-date symlink: /home/ueshiba/ros2_ws/install/aist_handeye_calibration_msgs/share/aist_handeye_calibration_msgs/srv/GetSampleList.json
[10.287s] -- Up-to-date symlink: /home/ueshiba/ros2_ws/install/aist_handeye_calibration_msgs/share/aist_handeye_calibration_msgs/action/TakeSample.json
[10.288s] -- Up-to-date symlink: /home/ueshiba/ros2_ws/install/aist_handeye_calibration_msgs/include/aist_handeye_calibration_msgs/aist_handeye_calibration_msgs/action/detail/take_sample__functions.h
[10.289s] -- Up-to-date symlink: /home/ueshiba/ros2_ws/install/aist_handeye_calibration_msgs/include/aist_handeye_calibration_msgs/aist_handeye_calibration_msgs/action/detail/take_sample__struct.h
[10.289s] -- Up-to-date symlink: /home/ueshiba/ros2_ws/install/aist_handeye_calibration_msgs/include/aist_handeye_calibration_msgs/aist_handeye_calibration_msgs/action/detail/take_sample__type_support.h
[10.289s] -- Up-to-date symlink: /home/ueshiba/ros2_ws/install/aist_handeye_calibration_msgs/include/aist_handeye_calibration_msgs/aist_handeye_calibration_msgs/action/take_sample.h
[10.290s] -- Up-to-date symlink: /home/ueshiba/ros2_ws/install/aist_handeye_calibration_msgs/include/aist_handeye_calibration_msgs/aist_handeye_calibration_msgs/msg/rosidl_generator_c__visibility_control.h
[10.290s] -- Up-to-date symlink: /home/ueshiba/ros2_ws/install/aist_handeye_calibration_msgs/include/aist_handeye_calibration_msgs/aist_handeye_calibration_msgs/srv/compute_calibration.h
[10.291s] -- Up-to-date symlink: /home/ueshiba/ros2_ws/install/aist_handeye_calibration_msgs/include/aist_handeye_calibration_msgs/aist_handeye_calibration_msgs/srv/detail/compute_calibration__functions.h
[10.291s] -- Up-to-date symlink: /home/ueshiba/ros2_ws/install/aist_handeye_calibration_msgs/include/aist_handeye_calibration_msgs/aist_handeye_calibration_msgs/srv/detail/compute_calibration__struct.h
[10.291s] -- Up-to-date symlink: /home/ueshiba/ros2_ws/install/aist_handeye_calibration_msgs/include/aist_handeye_calibration_msgs/aist_handeye_calibration_msgs/srv/detail/compute_calibration__type_support.h
[10.291s] -- Up-to-date symlink: /home/ueshiba/ros2_ws/install/aist_handeye_calibration_msgs/include/aist_handeye_calibration_msgs/aist_handeye_calibration_msgs/srv/detail/get_sample_list__functions.h
[10.292s] -- Up-to-date symlink: /home/ueshiba/ros2_ws/install/aist_handeye_calibration_msgs/include/aist_handeye_calibration_msgs/aist_handeye_calibration_msgs/srv/detail/get_sample_list__struct.h
[10.292s] -- Up-to-date symlink: /home/ueshiba/ros2_ws/install/aist_handeye_calibration_msgs/include/aist_handeye_calibration_msgs/aist_handeye_calibration_msgs/srv/detail/get_sample_list__type_support.h
[10.292s] -- Up-to-date symlink: /home/ueshiba/ros2_ws/install/aist_handeye_calibration_msgs/include/aist_handeye_calibration_msgs/aist_handeye_calibration_msgs/srv/get_sample_list.h
[10.292s] -- Up-to-date symlink: /home/ueshiba/ros2_ws/install/aist_handeye_calibration_msgs/share/aist_handeye_calibration_msgs/environment/library_path.sh
[10.293s] -- Up-to-date symlink: /home/ueshiba/ros2_ws/install/aist_handeye_calibration_msgs/share/aist_handeye_calibration_msgs/environment/library_path.dsv
[10.293s] -- Up-to-date symlink: /home/ueshiba/ros2_ws/install/aist_handeye_calibration_msgs/include/aist_handeye_calibration_msgs/aist_handeye_calibration_msgs/action/detail/take_sample__rosidl_typesupport_fastrtps_c.h
[10.293s] -- Up-to-date symlink: /home/ueshiba/ros2_ws/install/aist_handeye_calibration_msgs/include/aist_handeye_calibration_msgs/aist_handeye_calibration_msgs/msg/rosidl_typesupport_fastrtps_c__visibility_control.h
[10.294s] -- Up-to-date symlink: /home/ueshiba/ros2_ws/install/aist_handeye_calibration_msgs/include/aist_handeye_calibration_msgs/aist_handeye_calibration_msgs/srv/detail/compute_calibration__rosidl_typesupport_fastrtps_c.h
[10.294s] -- Up-to-date symlink: /home/ueshiba/ros2_ws/install/aist_handeye_calibration_msgs/include/aist_handeye_calibration_msgs/aist_handeye_calibration_msgs/srv/detail/get_sample_list__rosidl_typesupport_fastrtps_c.h
[10.295s] -- Up-to-date symlink: /home/ueshiba/ros2_ws/install/aist_handeye_calibration_msgs/include/aist_handeye_calibration_msgs/aist_handeye_calibration_msgs/action/detail/take_sample__rosidl_typesupport_introspection_c.h
[10.295s] -- Up-to-date symlink: /home/ueshiba/ros2_ws/install/aist_handeye_calibration_msgs/include/aist_handeye_calibration_msgs/aist_handeye_calibration_msgs/msg/rosidl_typesupport_introspection_c__visibility_control.h
[10.295s] -- Up-to-date symlink: /home/ueshiba/ros2_ws/install/aist_handeye_calibration_msgs/include/aist_handeye_calibration_msgs/aist_handeye_calibration_msgs/srv/detail/compute_calibration__rosidl_typesupport_introspection_c.h
[10.296s] -- Up-to-date symlink: /home/ueshiba/ros2_ws/install/aist_handeye_calibration_msgs/include/aist_handeye_calibration_msgs/aist_handeye_calibration_msgs/srv/detail/get_sample_list__rosidl_typesupport_introspection_c.h
[10.297s] -- Up-to-date symlink: /home/ueshiba/ros2_ws/install/aist_handeye_calibration_msgs/include/aist_handeye_calibration_msgs/aist_handeye_calibration_msgs/action/detail/take_sample__builder.hpp
[10.297s] -- Up-to-date symlink: /home/ueshiba/ros2_ws/install/aist_handeye_calibration_msgs/include/aist_handeye_calibration_msgs/aist_handeye_calibration_msgs/action/detail/take_sample__struct.hpp
[10.298s] -- Up-to-date symlink: /home/ueshiba/ros2_ws/install/aist_handeye_calibration_msgs/include/aist_handeye_calibration_msgs/aist_handeye_calibration_msgs/action/detail/take_sample__traits.hpp
[10.298s] -- Up-to-date symlink: /home/ueshiba/ros2_ws/install/aist_handeye_calibration_msgs/include/aist_handeye_calibration_msgs/aist_handeye_calibration_msgs/action/detail/take_sample__type_support.hpp
[10.298s] -- Up-to-date symlink: /home/ueshiba/ros2_ws/install/aist_handeye_calibration_msgs/include/aist_handeye_calibration_msgs/aist_handeye_calibration_msgs/action/take_sample.hpp
[10.299s] -- Up-to-date symlink: /home/ueshiba/ros2_ws/install/aist_handeye_calibration_msgs/include/aist_handeye_calibration_msgs/aist_handeye_calibration_msgs/msg/rosidl_generator_cpp__visibility_control.hpp
[10.299s] -- Up-to-date symlink: /home/ueshiba/ros2_ws/install/aist_handeye_calibration_msgs/include/aist_handeye_calibration_msgs/aist_handeye_calibration_msgs/srv/compute_calibration.hpp
[10.299s] -- Up-to-date symlink: /home/ueshiba/ros2_ws/install/aist_handeye_calibration_msgs/include/aist_handeye_calibration_msgs/aist_handeye_calibration_msgs/srv/detail/compute_calibration__builder.hpp
[10.300s] -- Up-to-date symlink: /home/ueshiba/ros2_ws/install/aist_handeye_calibration_msgs/include/aist_handeye_calibration_msgs/aist_handeye_calibration_msgs/srv/detail/compute_calibration__struct.hpp
[10.300s] -- Up-to-date symlink: /home/ueshiba/ros2_ws/install/aist_handeye_calibration_msgs/include/aist_handeye_calibration_msgs/aist_handeye_calibration_msgs/srv/detail/compute_calibration__traits.hpp
[10.300s] -- Up-to-date symlink: /home/ueshiba/ros2_ws/install/aist_handeye_calibration_msgs/include/aist_handeye_calibration_msgs/aist_handeye_calibration_msgs/srv/detail/compute_calibration__type_support.hpp
[10.301s] -- Up-to-date symlink: /home/ueshiba/ros2_ws/install/aist_handeye_calibration_msgs/include/aist_handeye_calibration_msgs/aist_handeye_calibration_msgs/srv/detail/get_sample_list__builder.hpp
[10.301s] -- Up-to-date symlink: /home/ueshiba/ros2_ws/install/aist_handeye_calibration_msgs/include/aist_handeye_calibration_msgs/aist_handeye_calibration_msgs/srv/detail/get_sample_list__struct.hpp
[10.302s] -- Up-to-date symlink: /home/ueshiba/ros2_ws/install/aist_handeye_calibration_msgs/include/aist_handeye_calibration_msgs/aist_handeye_calibration_msgs/srv/detail/get_sample_list__traits.hpp
[10.302s] -- Up-to-date symlink: /home/ueshiba/ros2_ws/install/aist_handeye_calibration_msgs/include/aist_handeye_calibration_msgs/aist_handeye_calibration_msgs/srv/detail/get_sample_list__type_support.hpp
[10.302s] -- Up-to-date symlink: /home/ueshiba/ros2_ws/install/aist_handeye_calibration_msgs/include/aist_handeye_calibration_msgs/aist_handeye_calibration_msgs/srv/get_sample_list.hpp
[10.303s] -- Up-to-date symlink: /home/ueshiba/ros2_ws/install/aist_handeye_calibration_msgs/include/aist_handeye_calibration_msgs/aist_handeye_calibration_msgs/action/detail/take_sample__rosidl_typesupport_fastrtps_cpp.hpp
[10.304s] -- Up-to-date symlink: /home/ueshiba/ros2_ws/install/aist_handeye_calibration_msgs/include/aist_handeye_calibration_msgs/aist_handeye_calibration_msgs/msg/rosidl_typesupport_fastrtps_cpp__visibility_control.h
[10.304s] -- Up-to-date symlink: /home/ueshiba/ros2_ws/install/aist_handeye_calibration_msgs/include/aist_handeye_calibration_msgs/aist_handeye_calibration_msgs/srv/detail/compute_calibration__rosidl_typesupport_fastrtps_cpp.hpp
[10.304s] -- Up-to-date symlink: /home/ueshiba/ros2_ws/install/aist_handeye_calibration_msgs/include/aist_handeye_calibration_msgs/aist_handeye_calibration_msgs/srv/detail/get_sample_list__rosidl_typesupport_fastrtps_cpp.hpp
[10.305s] -- Up-to-date symlink: /home/ueshiba/ros2_ws/install/aist_handeye_calibration_msgs/include/aist_handeye_calibration_msgs/aist_handeye_calibration_msgs/action/detail/take_sample__rosidl_typesupport_introspection_cpp.hpp
[10.305s] -- Up-to-date symlink: /home/ueshiba/ros2_ws/install/aist_handeye_calibration_msgs/include/aist_handeye_calibration_msgs/aist_handeye_calibration_msgs/srv/detail/compute_calibration__rosidl_typesupport_introspection_cpp.hpp
[10.306s] -- Up-to-date symlink: /home/ueshiba/ros2_ws/install/aist_handeye_calibration_msgs/include/aist_handeye_calibration_msgs/aist_handeye_calibration_msgs/srv/detail/get_sample_list__rosidl_typesupport_introspection_cpp.hpp
[10.306s] -- Up-to-date symlink: /home/ueshiba/ros2_ws/install/aist_handeye_calibration_msgs/share/aist_handeye_calibration_msgs/environment/pythonpath.sh
[10.307s] -- Up-to-date symlink: /home/ueshiba/ros2_ws/install/aist_handeye_calibration_msgs/share/aist_handeye_calibration_msgs/environment/pythonpath.dsv
[10.307s] -- Up-to-date symlink: /home/ueshiba/ros2_ws/install/aist_handeye_calibration_msgs/lib/python3.10/site-packages/aist_handeye_calibration_msgs-0.6.0-py3.10.egg-info/PKG-INFO
[10.307s] -- Up-to-date symlink: /home/ueshiba/ros2_ws/install/aist_handeye_calibration_msgs/lib/python3.10/site-packages/aist_handeye_calibration_msgs-0.6.0-py3.10.egg-info/SOURCES.txt
[10.308s] -- Up-to-date symlink: /home/ueshiba/ros2_ws/install/aist_handeye_calibration_msgs/lib/python3.10/site-packages/aist_handeye_calibration_msgs-0.6.0-py3.10.egg-info/dependency_links.txt
[10.308s] -- Up-to-date symlink: /home/ueshiba/ros2_ws/install/aist_handeye_calibration_msgs/lib/python3.10/site-packages/aist_handeye_calibration_msgs-0.6.0-py3.10.egg-info/top_level.txt
[10.309s] -- Up-to-date symlink: /home/ueshiba/ros2_ws/install/aist_handeye_calibration_msgs/lib/python3.10/site-packages/aist_handeye_calibration_msgs/__init__.py
[10.310s] -- Up-to-date symlink: /home/ueshiba/ros2_ws/install/aist_handeye_calibration_msgs/lib/python3.10/site-packages/aist_handeye_calibration_msgs/_aist_handeye_calibration_msgs_s.ep.rosidl_typesupport_c.c
[10.310s] -- Up-to-date symlink: /home/ueshiba/ros2_ws/install/aist_handeye_calibration_msgs/lib/python3.10/site-packages/aist_handeye_calibration_msgs/_aist_handeye_calibration_msgs_s.ep.rosidl_typesupport_fastrtps_c.c
[10.310s] -- Up-to-date symlink: /home/ueshiba/ros2_ws/install/aist_handeye_calibration_msgs/lib/python3.10/site-packages/aist_handeye_calibration_msgs/_aist_handeye_calibration_msgs_s.ep.rosidl_typesupport_introspection_c.c
[10.311s] -- Up-to-date symlink: /home/ueshiba/ros2_ws/install/aist_handeye_calibration_msgs/lib/python3.10/site-packages/aist_handeye_calibration_msgs/action/__init__.py
[10.311s] -- Up-to-date symlink: /home/ueshiba/ros2_ws/install/aist_handeye_calibration_msgs/lib/python3.10/site-packages/aist_handeye_calibration_msgs/action/_take_sample.py
[10.311s] -- Up-to-date symlink: /home/ueshiba/ros2_ws/install/aist_handeye_calibration_msgs/lib/python3.10/site-packages/aist_handeye_calibration_msgs/action/_take_sample_s.c
[10.311s] -- Up-to-date symlink: /home/ueshiba/ros2_ws/install/aist_handeye_calibration_msgs/lib/python3.10/site-packages/aist_handeye_calibration_msgs/srv/__init__.py
[10.312s] -- Up-to-date symlink: /home/ueshiba/ros2_ws/install/aist_handeye_calibration_msgs/lib/python3.10/site-packages/aist_handeye_calibration_msgs/srv/_compute_calibration.py
[10.312s] -- Up-to-date symlink: /home/ueshiba/ros2_ws/install/aist_handeye_calibration_msgs/lib/python3.10/site-packages/aist_handeye_calibration_msgs/srv/_compute_calibration_s.c
[10.313s] -- Up-to-date symlink: /home/ueshiba/ros2_ws/install/aist_handeye_calibration_msgs/lib/python3.10/site-packages/aist_handeye_calibration_msgs/srv/_get_sample_list.py
[10.313s] -- Up-to-date symlink: /home/ueshiba/ros2_ws/install/aist_handeye_calibration_msgs/lib/python3.10/site-packages/aist_handeye_calibration_msgs/srv/_get_sample_list_s.c
[10.314s] -- Up-to-date symlink: /home/ueshiba/ros2_ws/install/aist_handeye_calibration_msgs/lib/python3.10/site-packages/aist_handeye_calibration_msgs/aist_handeye_calibration_msgs_s__rosidl_typesupport_fastrtps_c.cpython-310-x86_64-linux-gnu.so
[10.315s] -- Up-to-date symlink: /home/ueshiba/ros2_ws/install/aist_handeye_calibration_msgs/lib/python3.10/site-packages/aist_handeye_calibration_msgs/aist_handeye_calibration_msgs_s__rosidl_typesupport_introspection_c.cpython-310-x86_64-linux-gnu.so
[10.315s] -- Up-to-date symlink: /home/ueshiba/ros2_ws/install/aist_handeye_calibration_msgs/lib/python3.10/site-packages/aist_handeye_calibration_msgs/aist_handeye_calibration_msgs_s__rosidl_typesupport_c.cpython-310-x86_64-linux-gnu.so
[10.316s] -- Up-to-date symlink: /home/ueshiba/ros2_ws/install/aist_handeye_calibration_msgs/share/aist_handeye_calibration_msgs/srv/ComputeCalibration.idl
[10.317s] -- Up-to-date symlink: /home/ueshiba/ros2_ws/install/aist_handeye_calibration_msgs/share/aist_handeye_calibration_msgs/srv/GetSampleList.idl
[10.317s] -- Up-to-date symlink: /home/ueshiba/ros2_ws/install/aist_handeye_calibration_msgs/share/aist_handeye_calibration_msgs/action/TakeSample.idl
[10.318s] -- Up-to-date symlink: /home/ueshiba/ros2_ws/install/aist_handeye_calibration_msgs/share/aist_handeye_calibration_msgs/srv/ComputeCalibration.srv
[10.319s] -- Up-to-date symlink: /home/ueshiba/ros2_ws/install/aist_handeye_calibration_msgs/share/aist_handeye_calibration_msgs/srv/GetSampleList.srv
[10.319s] -- Up-to-date symlink: /home/ueshiba/ros2_ws/install/aist_handeye_calibration_msgs/share/aist_handeye_calibration_msgs/action/TakeSample.action
[10.320s] -- Up-to-date symlink: /home/ueshiba/ros2_ws/install/aist_handeye_calibration_msgs/share/ament_index/resource_index/package_run_dependencies/aist_handeye_calibration_msgs
[10.320s] -- Up-to-date symlink: /home/ueshiba/ros2_ws/install/aist_handeye_calibration_msgs/share/ament_index/resource_index/parent_prefix_path/aist_handeye_calibration_msgs
[10.321s] -- Up-to-date symlink: /home/ueshiba/ros2_ws/install/aist_handeye_calibration_msgs/share/aist_handeye_calibration_msgs/environment/ament_prefix_path.sh
[10.321s] -- Up-to-date symlink: /home/ueshiba/ros2_ws/install/aist_handeye_calibration_msgs/share/aist_handeye_calibration_msgs/environment/ament_prefix_path.dsv
[10.322s] -- Up-to-date symlink: /home/ueshiba/ros2_ws/install/aist_handeye_calibration_msgs/share/aist_handeye_calibration_msgs/environment/path.sh
[10.322s] -- Up-to-date symlink: /home/ueshiba/ros2_ws/install/aist_handeye_calibration_msgs/share/aist_handeye_calibration_msgs/environment/path.dsv
[10.322s] -- Up-to-date symlink: /home/ueshiba/ros2_ws/install/aist_handeye_calibration_msgs/share/aist_handeye_calibration_msgs/local_setup.bash
[10.323s] -- Up-to-date symlink: /home/ueshiba/ros2_ws/install/aist_handeye_calibration_msgs/share/aist_handeye_calibration_msgs/local_setup.sh
[10.324s] -- Up-to-date symlink: /home/ueshiba/ros2_ws/install/aist_handeye_calibration_msgs/share/aist_handeye_calibration_msgs/local_setup.zsh
[10.324s] -- Up-to-date symlink: /home/ueshiba/ros2_ws/install/aist_handeye_calibration_msgs/share/aist_handeye_calibration_msgs/local_setup.dsv
[10.325s] -- Symlinking: /home/ueshiba/ros2_ws/install/aist_handeye_calibration_msgs/share/aist_handeye_calibration_msgs/package.dsv
[10.345s] -- Up-to-date symlink: /home/ueshiba/ros2_ws/install/aist_handeye_calibration_msgs/share/ament_index/resource_index/packages/aist_handeye_calibration_msgs
[10.345s] -- Up-to-date symlink: /home/ueshiba/ros2_ws/install/aist_handeye_calibration_msgs/share/aist_handeye_calibration_msgs/cmake/rosidl_cmake-extras.cmake
[10.345s] -- Up-to-date symlink: /home/ueshiba/ros2_ws/install/aist_handeye_calibration_msgs/share/aist_handeye_calibration_msgs/cmake/ament_cmake_export_dependencies-extras.cmake
[10.346s] -- Up-to-date symlink: /home/ueshiba/ros2_ws/install/aist_handeye_calibration_msgs/share/aist_handeye_calibration_msgs/cmake/ament_cmake_export_include_directories-extras.cmake
[10.346s] -- Up-to-date symlink: /home/ueshiba/ros2_ws/install/aist_handeye_calibration_msgs/share/aist_handeye_calibration_msgs/cmake/ament_cmake_export_libraries-extras.cmake
[10.347s] -- Up-to-date symlink: /home/ueshiba/ros2_ws/install/aist_handeye_calibration_msgs/share/aist_handeye_calibration_msgs/cmake/ament_cmake_export_targets-extras.cmake
[10.347s] -- Up-to-date symlink: /home/ueshiba/ros2_ws/install/aist_handeye_calibration_msgs/share/aist_handeye_calibration_msgs/cmake/rosidl_cmake_export_typesupport_targets-extras.cmake
[10.348s] -- Up-to-date symlink: /home/ueshiba/ros2_ws/install/aist_handeye_calibration_msgs/share/aist_handeye_calibration_msgs/cmake/rosidl_cmake_export_typesupport_libraries-extras.cmake
[10.348s] -- Up-to-date symlink: /home/ueshiba/ros2_ws/install/aist_handeye_calibration_msgs/share/aist_handeye_calibration_msgs/cmake/aist_handeye_calibration_msgsConfig.cmake
[10.349s] -- Up-to-date symlink: /home/ueshiba/ros2_ws/install/aist_handeye_calibration_msgs/share/aist_handeye_calibration_msgs/cmake/aist_handeye_calibration_msgsConfig-version.cmake
[10.349s] -- Up-to-date symlink: /home/ueshiba/ros2_ws/install/aist_handeye_calibration_msgs/share/aist_handeye_calibration_msgs/package.xml
[10.350s] -- Up-to-date: /home/ueshiba/ros2_ws/install/aist_handeye_calibration_msgs/lib/libaist_handeye_calibration_msgs__rosidl_generator_c.so
[10.351s] -- Installing: /home/ueshiba/ros2_ws/install/aist_handeye_calibration_msgs/lib/libaist_handeye_calibration_msgs__rosidl_typesupport_fastrtps_c.so
[10.351s] -- Set runtime path of "/home/ueshiba/ros2_ws/install/aist_handeye_calibration_msgs/lib/libaist_handeye_calibration_msgs__rosidl_typesupport_fastrtps_c.so" to ""
[10.352s] -- Up-to-date: /home/ueshiba/ros2_ws/install/aist_handeye_calibration_msgs/lib/libaist_handeye_calibration_msgs__rosidl_typesupport_introspection_c.so
[10.353s] -- Up-to-date: /home/ueshiba/ros2_ws/install/aist_handeye_calibration_msgs/lib/libaist_handeye_calibration_msgs__rosidl_typesupport_c.so
[10.354s] -- Installing: /home/ueshiba/ros2_ws/install/aist_handeye_calibration_msgs/lib/libaist_handeye_calibration_msgs__rosidl_typesupport_fastrtps_cpp.so
[10.356s] -- Set runtime path of "/home/ueshiba/ros2_ws/install/aist_handeye_calibration_msgs/lib/libaist_handeye_calibration_msgs__rosidl_typesupport_fastrtps_cpp.so" to ""
[10.356s] -- Installing: /home/ueshiba/ros2_ws/install/aist_handeye_calibration_msgs/lib/libaist_handeye_calibration_msgs__rosidl_typesupport_introspection_cpp.so
[10.358s] -- Set runtime path of "/home/ueshiba/ros2_ws/install/aist_handeye_calibration_msgs/lib/libaist_handeye_calibration_msgs__rosidl_typesupport_introspection_cpp.so" to ""
[10.359s] -- Installing: /home/ueshiba/ros2_ws/install/aist_handeye_calibration_msgs/lib/libaist_handeye_calibration_msgs__rosidl_typesupport_cpp.so
[10.360s] -- Set runtime path of "/home/ueshiba/ros2_ws/install/aist_handeye_calibration_msgs/lib/libaist_handeye_calibration_msgs__rosidl_typesupport_cpp.so" to ""
[10.421s] Listing '/home/ueshiba/ros2_ws/install/aist_handeye_calibration_msgs/lib/python3.10/site-packages/aist_handeye_calibration_msgs'...
[10.421s] Listing '/home/ueshiba/ros2_ws/install/aist_handeye_calibration_msgs/lib/python3.10/site-packages/aist_handeye_calibration_msgs/action'...
[10.422s] Listing '/home/ueshiba/ros2_ws/install/aist_handeye_calibration_msgs/lib/python3.10/site-packages/aist_handeye_calibration_msgs/srv'...
[10.430s] -- Installing: /home/ueshiba/ros2_ws/install/aist_handeye_calibration_msgs/lib/libaist_handeye_calibration_msgs__rosidl_generator_py.so
[10.431s] -- Set runtime path of "/home/ueshiba/ros2_ws/install/aist_handeye_calibration_msgs/lib/libaist_handeye_calibration_msgs__rosidl_generator_py.so" to ""
[10.431s] -- Up-to-date: /home/ueshiba/ros2_ws/install/aist_handeye_calibration_msgs/share/aist_handeye_calibration_msgs/cmake/export_aist_handeye_calibration_msgs__rosidl_generator_cExport.cmake
[10.431s] -- Up-to-date: /home/ueshiba/ros2_ws/install/aist_handeye_calibration_msgs/share/aist_handeye_calibration_msgs/cmake/export_aist_handeye_calibration_msgs__rosidl_generator_cExport-noconfig.cmake
[10.432s] -- Up-to-date: /home/ueshiba/ros2_ws/install/aist_handeye_calibration_msgs/share/aist_handeye_calibration_msgs/cmake/export_aist_handeye_calibration_msgs__rosidl_typesupport_fastrtps_cExport.cmake
[10.432s] -- Up-to-date: /home/ueshiba/ros2_ws/install/aist_handeye_calibration_msgs/share/aist_handeye_calibration_msgs/cmake/export_aist_handeye_calibration_msgs__rosidl_typesupport_fastrtps_cExport-noconfig.cmake
[10.432s] -- Up-to-date: /home/ueshiba/ros2_ws/install/aist_handeye_calibration_msgs/share/aist_handeye_calibration_msgs/cmake/aist_handeye_calibration_msgs__rosidl_typesupport_introspection_cExport.cmake
[10.432s] -- Up-to-date: /home/ueshiba/ros2_ws/install/aist_handeye_calibration_msgs/share/aist_handeye_calibration_msgs/cmake/aist_handeye_calibration_msgs__rosidl_typesupport_introspection_cExport-noconfig.cmake
[10.433s] -- Up-to-date: /home/ueshiba/ros2_ws/install/aist_handeye_calibration_msgs/share/aist_handeye_calibration_msgs/cmake/aist_handeye_calibration_msgs__rosidl_typesupport_cExport.cmake
[10.433s] -- Up-to-date: /home/ueshiba/ros2_ws/install/aist_handeye_calibration_msgs/share/aist_handeye_calibration_msgs/cmake/aist_handeye_calibration_msgs__rosidl_typesupport_cExport-noconfig.cmake
[10.433s] -- Up-to-date: /home/ueshiba/ros2_ws/install/aist_handeye_calibration_msgs/share/aist_handeye_calibration_msgs/cmake/export_aist_handeye_calibration_msgs__rosidl_generator_cppExport.cmake
[10.433s] -- Up-to-date: /home/ueshiba/ros2_ws/install/aist_handeye_calibration_msgs/share/aist_handeye_calibration_msgs/cmake/export_aist_handeye_calibration_msgs__rosidl_typesupport_fastrtps_cppExport.cmake
[10.434s] -- Up-to-date: /home/ueshiba/ros2_ws/install/aist_handeye_calibration_msgs/share/aist_handeye_calibration_msgs/cmake/export_aist_handeye_calibration_msgs__rosidl_typesupport_fastrtps_cppExport-noconfig.cmake
[10.434s] -- Up-to-date: /home/ueshiba/ros2_ws/install/aist_handeye_calibration_msgs/share/aist_handeye_calibration_msgs/cmake/aist_handeye_calibration_msgs__rosidl_typesupport_introspection_cppExport.cmake
[10.434s] -- Up-to-date: /home/ueshiba/ros2_ws/install/aist_handeye_calibration_msgs/share/aist_handeye_calibration_msgs/cmake/aist_handeye_calibration_msgs__rosidl_typesupport_introspection_cppExport-noconfig.cmake
[10.434s] -- Up-to-date: /home/ueshiba/ros2_ws/install/aist_handeye_calibration_msgs/share/aist_handeye_calibration_msgs/cmake/aist_handeye_calibration_msgs__rosidl_typesupport_cppExport.cmake
[10.435s] -- Up-to-date: /home/ueshiba/ros2_ws/install/aist_handeye_calibration_msgs/share/aist_handeye_calibration_msgs/cmake/aist_handeye_calibration_msgs__rosidl_typesupport_cppExport-noconfig.cmake
[10.435s] -- Up-to-date: /home/ueshiba/ros2_ws/install/aist_handeye_calibration_msgs/share/aist_handeye_calibration_msgs/cmake/export_aist_handeye_calibration_msgs__rosidl_generator_pyExport.cmake
[10.435s] -- Up-to-date: /home/ueshiba/ros2_ws/install/aist_handeye_calibration_msgs/share/aist_handeye_calibration_msgs/cmake/export_aist_handeye_calibration_msgs__rosidl_generator_pyExport-noconfig.cmake
[10.439s] Invoked command in '/home/ueshiba/ros2_ws/build/aist_handeye_calibration_msgs' returned '0': CMAKE_PREFIX_PATH=${CMAKE_PREFIX_PATH}:/home/ueshiba/ros2_ws/install/rqt_reconfigure:/opt/ros/rolling PS1=\[\e]0;\u@\h: \w\a\]\h% /usr/bin/cmake --install /home/ueshiba/ros2_ws/build/aist_handeye_calibration_msgs
