[0.021s] Invoking command in '/home/ueshiba/ros2_ws/build/aist_aruco_msgs': CMAKE_PREFIX_PATH=${CMAKE_PREFIX_PATH}:/home/ueshiba/ros2_ws/install/rqt_reconfigure:/opt/ros/rolling PS1=\[\e]0;\u@\h: \w\a\]\h% /usr/bin/cmake /home/ueshiba/ros2_ws/src/artros/aist_aruco_ros/aist_aruco_msgs -DAMENT_CMAKE_SYMLINK_INSTALL=1 -DCMAKE_INSTALL_PREFIX=/home/ueshiba/ros2_ws/install/aist_aruco_msgs
[0.174s] -- The C compiler identification is GNU 11.4.0
[0.174s] -- The CXX compiler identification is GNU 11.4.0
[0.174s] -- Detecting C compiler ABI info
[0.174s] -- Detecting C compiler ABI info - done
[0.174s] -- Check for working C compiler: /usr/bin/cc - skipped
[0.174s] -- Detecting C compile features
[0.174s] -- Detecting C compile features - done
[0.174s] -- Detecting CXX compiler ABI info
[0.198s] -- Detecting CXX compiler ABI info - done
[0.207s] -- Check for working CXX compiler: /usr/bin/c++ - skipped
[0.207s] -- Detecting CXX compile features
[0.208s] -- Detecting CXX compile features - done
[0.212s] -- Found ament_cmake: 2.3.2 (/opt/ros/rolling/share/ament_cmake/cmake)
[0.349s] -- Found Python3: /usr/bin/python3.10 (found version "3.10.12") found components: Interpreter 
[0.396s] -- Override CMake install command with custom implementation using symlinks instead of copying resources
[0.436s] -- Found rosidl_default_generators: 1.6.0 (/opt/ros/rolling/share/rosidl_default_generators/cmake)
[0.441s] -- Using all available rosidl_typesupport_c: rosidl_typesupport_fastrtps_c;rosidl_typesupport_introspection_c
[0.479s] -- Using all available rosidl_typesupport_cpp: rosidl_typesupport_fastrtps_cpp;rosidl_typesupport_introspection_cpp
[0.526s] -- Found rosidl_adapter: 4.5.1 (/opt/ros/rolling/share/rosidl_adapter/cmake)
[0.534s] -- Found rosidl_default_runtime: 1.6.0 (/opt/ros/rolling/share/rosidl_default_runtime/cmake)
[0.535s] -- Found std_msgs: 5.3.0 (/opt/ros/rolling/share/std_msgs/cmake)
[0.557s] -- Found geometry_msgs: 5.3.0 (/opt/ros/rolling/share/geometry_msgs/cmake)
[0.806s] -- Found ament_cmake_ros: 0.12.0 (/opt/ros/rolling/share/ament_cmake_ros/cmake)
[0.968s] -- Using all available rosidl_typesupport_c: rosidl_typesupport_fastrtps_c;rosidl_typesupport_introspection_c
[1.163s] -- Using all available rosidl_typesupport_cpp: rosidl_typesupport_fastrtps_cpp;rosidl_typesupport_introspection_cpp
[1.178s] -- Found PythonInterp: /usr/bin/python3 (found suitable version "3.10.12", minimum required is "3.6") 
[1.180s] -- Found python_cmake_module: 0.11.0 (/opt/ros/rolling/share/python_cmake_module/cmake)
[1.198s] -- Found PythonLibs: /usr/lib/x86_64-linux-gnu/libpython3.10.so (found suitable version "3.10.12", minimum required is "3.5") 
[1.198s] -- Using PYTHON_EXECUTABLE: /usr/bin/python3
[1.198s] -- Using PYTHON_INCLUDE_DIRS: /usr/include/python3.10
[1.198s] -- Using PYTHON_LIBRARIES: /usr/lib/x86_64-linux-gnu/libpython3.10.so
[1.211s] -- Found PythonExtra: .so  
[1.257s] -- Configuring done
[1.280s] -- Generating done
[1.282s] -- Build files have been written to: /home/ueshiba/ros2_ws/build/aist_aruco_msgs
[1.288s] Invoked command in '/home/ueshiba/ros2_ws/build/aist_aruco_msgs' returned '0': CMAKE_PREFIX_PATH=${CMAKE_PREFIX_PATH}:/home/ueshiba/ros2_ws/install/rqt_reconfigure:/opt/ros/rolling PS1=\[\e]0;\u@\h: \w\a\]\h% /usr/bin/cmake /home/ueshiba/ros2_ws/src/artros/aist_aruco_ros/aist_aruco_msgs -DAMENT_CMAKE_SYMLINK_INSTALL=1 -DCMAKE_INSTALL_PREFIX=/home/ueshiba/ros2_ws/install/aist_aruco_msgs
[1.289s] Invoking command in '/home/ueshiba/ros2_ws/build/aist_aruco_msgs': CMAKE_PREFIX_PATH=${CMAKE_PREFIX_PATH}:/home/ueshiba/ros2_ws/install/rqt_reconfigure:/opt/ros/rolling PS1=\[\e]0;\u@\h: \w\a\]\h% /usr/bin/cmake --build /home/ueshiba/ros2_ws/build/aist_aruco_msgs -- -j24 -l24
[1.319s] [  1%] Built target aist_aruco_msgs__rosidl_generator_type_description
[1.325s] [  1%] Built target ament_cmake_python_symlink_aist_aruco_msgs
[1.327s] [35m[1mConsolidate compiler generated dependencies of target aist_aruco_msgs__rosidl_generator_c[0m
[1.332s] [  3%] Built target aist_aruco_msgs__cpp
[1.336s] [ 24%] Built target aist_aruco_msgs__rosidl_generator_c
[1.344s] [35m[1mConsolidate compiler generated dependencies of target aist_aruco_msgs__rosidl_typesupport_c[0m
[1.344s] [35m[1mConsolidate compiler generated dependencies of target aist_aruco_msgs__rosidl_typesupport_fastrtps_c[0m
[1.345s] [35m[1mConsolidate compiler generated dependencies of target aist_aruco_msgs__rosidl_typesupport_fastrtps_cpp[0m
[1.345s] [35m[1mConsolidate compiler generated dependencies of target aist_aruco_msgs__rosidl_typesupport_introspection_c[0m
[1.346s] [35m[1mConsolidate compiler generated dependencies of target aist_aruco_msgs__rosidl_typesupport_introspection_cpp[0m
[1.346s] [35m[1mConsolidate compiler generated dependencies of target aist_aruco_msgs__rosidl_typesupport_cpp[0m
[1.352s] [ 33%] Built target aist_aruco_msgs__rosidl_typesupport_c
[1.352s] [ 42%] Built target aist_aruco_msgs__rosidl_typesupport_introspection_c
[1.355s] [ 51%] Built target aist_aruco_msgs__rosidl_typesupport_fastrtps_c
[1.356s] [ 61%] Built target aist_aruco_msgs__rosidl_typesupport_fastrtps_cpp
[1.358s] [ 70%] Built target aist_aruco_msgs__rosidl_typesupport_introspection_cpp
[1.359s] [ 79%] Built target aist_aruco_msgs__rosidl_typesupport_cpp
[1.373s] [ 79%] Built target aist_aruco_msgs
[1.387s] [ 81%] Built target aist_aruco_msgs__py
[1.395s] [35m[1mConsolidate compiler generated dependencies of target aist_aruco_msgs__rosidl_generator_py[0m
[1.404s] [ 88%] Built target aist_aruco_msgs__rosidl_generator_py
[1.411s] [35m[1mConsolidate compiler generated dependencies of target aist_aruco_msgs__rosidl_typesupport_fastrtps_c__pyext[0m
[1.411s] [35m[1mConsolidate compiler generated dependencies of target aist_aruco_msgs__rosidl_typesupport_c__pyext[0m
[1.411s] [35m[1mConsolidate compiler generated dependencies of target aist_aruco_msgs__rosidl_typesupport_introspection_c__pyext[0m
[1.419s] [ 92%] Built target aist_aruco_msgs__rosidl_typesupport_fastrtps_c__pyext
[1.421s] [ 96%] Built target aist_aruco_msgs__rosidl_typesupport_introspection_c__pyext
[1.421s] [100%] Built target aist_aruco_msgs__rosidl_typesupport_c__pyext
[1.462s] running egg_info
[1.463s] writing aist_aruco_msgs.egg-info/PKG-INFO
[1.463s] writing dependency_links to aist_aruco_msgs.egg-info/dependency_links.txt
[1.463s] writing top-level names to aist_aruco_msgs.egg-info/top_level.txt
[1.464s] reading manifest file 'aist_aruco_msgs.egg-info/SOURCES.txt'
[1.465s] writing manifest file 'aist_aruco_msgs.egg-info/SOURCES.txt'
[1.482s] [100%] Built target ament_cmake_python_build_aist_aruco_msgs_egg
[1.491s] Invoked command in '/home/ueshiba/ros2_ws/build/aist_aruco_msgs' returned '0': CMAKE_PREFIX_PATH=${CMAKE_PREFIX_PATH}:/home/ueshiba/ros2_ws/install/rqt_reconfigure:/opt/ros/rolling PS1=\[\e]0;\u@\h: \w\a\]\h% /usr/bin/cmake --build /home/ueshiba/ros2_ws/build/aist_aruco_msgs -- -j24 -l24
[1.588s] Invoking command in '/home/ueshiba/ros2_ws/build/aist_aruco_msgs': CMAKE_PREFIX_PATH=${CMAKE_PREFIX_PATH}:/home/ueshiba/ros2_ws/install/rqt_reconfigure:/opt/ros/rolling PS1=\[\e]0;\u@\h: \w\a\]\h% /usr/bin/cmake --install /home/ueshiba/ros2_ws/build/aist_aruco_msgs
[1.592s] -- Install configuration: ""
[1.593s] -- Execute custom install script
[1.593s] -- Up-to-date symlink: /home/ueshiba/ros2_ws/install/aist_aruco_msgs/share/ament_index/resource_index/rosidl_interfaces/aist_aruco_msgs
[1.593s] -- Up-to-date symlink: /home/ueshiba/ros2_ws/install/aist_aruco_msgs/share/aist_aruco_msgs/msg/PointCorrespondence.json
[1.593s] -- Up-to-date symlink: /home/ueshiba/ros2_ws/install/aist_aruco_msgs/share/aist_aruco_msgs/msg/PointCorrespondenceArray.json
[1.593s] -- Up-to-date symlink: /home/ueshiba/ros2_ws/install/aist_aruco_msgs/share/aist_aruco_msgs/msg/PointCorrespondenceArrayArray.json
[1.593s] -- Up-to-date symlink: /home/ueshiba/ros2_ws/install/aist_aruco_msgs/include/aist_aruco_msgs/aist_aruco_msgs/msg/detail/point_correspondence__functions.h
[1.594s] -- Up-to-date symlink: /home/ueshiba/ros2_ws/install/aist_aruco_msgs/include/aist_aruco_msgs/aist_aruco_msgs/msg/detail/point_correspondence__struct.h
[1.594s] -- Up-to-date symlink: /home/ueshiba/ros2_ws/install/aist_aruco_msgs/include/aist_aruco_msgs/aist_aruco_msgs/msg/detail/point_correspondence__type_support.h
[1.594s] -- Up-to-date symlink: /home/ueshiba/ros2_ws/install/aist_aruco_msgs/include/aist_aruco_msgs/aist_aruco_msgs/msg/detail/point_correspondence_array__functions.h
[1.594s] -- Up-to-date symlink: /home/ueshiba/ros2_ws/install/aist_aruco_msgs/include/aist_aruco_msgs/aist_aruco_msgs/msg/detail/point_correspondence_array__struct.h
[1.594s] -- Up-to-date symlink: /home/ueshiba/ros2_ws/install/aist_aruco_msgs/include/aist_aruco_msgs/aist_aruco_msgs/msg/detail/point_correspondence_array__type_support.h
[1.594s] -- Up-to-date symlink: /home/ueshiba/ros2_ws/install/aist_aruco_msgs/include/aist_aruco_msgs/aist_aruco_msgs/msg/detail/point_correspondence_array_array__functions.h
[1.594s] -- Up-to-date symlink: /home/ueshiba/ros2_ws/install/aist_aruco_msgs/include/aist_aruco_msgs/aist_aruco_msgs/msg/detail/point_correspondence_array_array__struct.h
[1.594s] -- Up-to-date symlink: /home/ueshiba/ros2_ws/install/aist_aruco_msgs/include/aist_aruco_msgs/aist_aruco_msgs/msg/detail/point_correspondence_array_array__type_support.h
[1.594s] -- Up-to-date symlink: /home/ueshiba/ros2_ws/install/aist_aruco_msgs/include/aist_aruco_msgs/aist_aruco_msgs/msg/point_correspondence.h
[1.594s] -- Up-to-date symlink: /home/ueshiba/ros2_ws/install/aist_aruco_msgs/include/aist_aruco_msgs/aist_aruco_msgs/msg/point_correspondence_array.h
[1.594s] -- Up-to-date symlink: /home/ueshiba/ros2_ws/install/aist_aruco_msgs/include/aist_aruco_msgs/aist_aruco_msgs/msg/point_correspondence_array_array.h
[1.594s] -- Up-to-date symlink: /home/ueshiba/ros2_ws/install/aist_aruco_msgs/include/aist_aruco_msgs/aist_aruco_msgs/msg/rosidl_generator_c__visibility_control.h
[1.594s] -- Up-to-date symlink: /home/ueshiba/ros2_ws/install/aist_aruco_msgs/share/aist_aruco_msgs/environment/library_path.sh
[1.594s] -- Up-to-date symlink: /home/ueshiba/ros2_ws/install/aist_aruco_msgs/share/aist_aruco_msgs/environment/library_path.dsv
[1.594s] -- Up-to-date symlink: /home/ueshiba/ros2_ws/install/aist_aruco_msgs/include/aist_aruco_msgs/aist_aruco_msgs/msg/detail/point_correspondence__rosidl_typesupport_fastrtps_c.h
[1.594s] -- Up-to-date symlink: /home/ueshiba/ros2_ws/install/aist_aruco_msgs/include/aist_aruco_msgs/aist_aruco_msgs/msg/detail/point_correspondence_array__rosidl_typesupport_fastrtps_c.h
[1.594s] -- Up-to-date symlink: /home/ueshiba/ros2_ws/install/aist_aruco_msgs/include/aist_aruco_msgs/aist_aruco_msgs/msg/detail/point_correspondence_array_array__rosidl_typesupport_fastrtps_c.h
[1.594s] -- Up-to-date symlink: /home/ueshiba/ros2_ws/install/aist_aruco_msgs/include/aist_aruco_msgs/aist_aruco_msgs/msg/rosidl_typesupport_fastrtps_c__visibility_control.h
[1.594s] -- Up-to-date symlink: /home/ueshiba/ros2_ws/install/aist_aruco_msgs/include/aist_aruco_msgs/aist_aruco_msgs/msg/detail/point_correspondence__rosidl_typesupport_introspection_c.h
[1.594s] -- Up-to-date symlink: /home/ueshiba/ros2_ws/install/aist_aruco_msgs/include/aist_aruco_msgs/aist_aruco_msgs/msg/detail/point_correspondence_array__rosidl_typesupport_introspection_c.h
[1.594s] -- Up-to-date symlink: /home/ueshiba/ros2_ws/install/aist_aruco_msgs/include/aist_aruco_msgs/aist_aruco_msgs/msg/detail/point_correspondence_array_array__rosidl_typesupport_introspection_c.h
[1.595s] -- Up-to-date symlink: /home/ueshiba/ros2_ws/install/aist_aruco_msgs/include/aist_aruco_msgs/aist_aruco_msgs/msg/rosidl_typesupport_introspection_c__visibility_control.h
[1.595s] -- Up-to-date symlink: /home/ueshiba/ros2_ws/install/aist_aruco_msgs/include/aist_aruco_msgs/aist_aruco_msgs/msg/detail/point_correspondence__builder.hpp
[1.595s] -- Up-to-date symlink: /home/ueshiba/ros2_ws/install/aist_aruco_msgs/include/aist_aruco_msgs/aist_aruco_msgs/msg/detail/point_correspondence__struct.hpp
[1.595s] -- Up-to-date symlink: /home/ueshiba/ros2_ws/install/aist_aruco_msgs/include/aist_aruco_msgs/aist_aruco_msgs/msg/detail/point_correspondence__traits.hpp
[1.595s] -- Up-to-date symlink: /home/ueshiba/ros2_ws/install/aist_aruco_msgs/include/aist_aruco_msgs/aist_aruco_msgs/msg/detail/point_correspondence__type_support.hpp
[1.595s] -- Up-to-date symlink: /home/ueshiba/ros2_ws/install/aist_aruco_msgs/include/aist_aruco_msgs/aist_aruco_msgs/msg/detail/point_correspondence_array__builder.hpp
[1.595s] -- Up-to-date symlink: /home/ueshiba/ros2_ws/install/aist_aruco_msgs/include/aist_aruco_msgs/aist_aruco_msgs/msg/detail/point_correspondence_array__struct.hpp
[1.595s] -- Up-to-date symlink: /home/ueshiba/ros2_ws/install/aist_aruco_msgs/include/aist_aruco_msgs/aist_aruco_msgs/msg/detail/point_correspondence_array__traits.hpp
[1.595s] -- Up-to-date symlink: /home/ueshiba/ros2_ws/install/aist_aruco_msgs/include/aist_aruco_msgs/aist_aruco_msgs/msg/detail/point_correspondence_array__type_support.hpp
[1.595s] -- Up-to-date symlink: /home/ueshiba/ros2_ws/install/aist_aruco_msgs/include/aist_aruco_msgs/aist_aruco_msgs/msg/detail/point_correspondence_array_array__builder.hpp
[1.595s] -- Up-to-date symlink: /home/ueshiba/ros2_ws/install/aist_aruco_msgs/include/aist_aruco_msgs/aist_aruco_msgs/msg/detail/point_correspondence_array_array__struct.hpp
[1.595s] -- Up-to-date symlink: /home/ueshiba/ros2_ws/install/aist_aruco_msgs/include/aist_aruco_msgs/aist_aruco_msgs/msg/detail/point_correspondence_array_array__traits.hpp
[1.595s] -- Up-to-date symlink: /home/ueshiba/ros2_ws/install/aist_aruco_msgs/include/aist_aruco_msgs/aist_aruco_msgs/msg/detail/point_correspondence_array_array__type_support.hpp
[1.595s] -- Up-to-date symlink: /home/ueshiba/ros2_ws/install/aist_aruco_msgs/include/aist_aruco_msgs/aist_aruco_msgs/msg/point_correspondence.hpp
[1.595s] -- Up-to-date symlink: /home/ueshiba/ros2_ws/install/aist_aruco_msgs/include/aist_aruco_msgs/aist_aruco_msgs/msg/point_correspondence_array.hpp
[1.595s] -- Up-to-date symlink: /home/ueshiba/ros2_ws/install/aist_aruco_msgs/include/aist_aruco_msgs/aist_aruco_msgs/msg/point_correspondence_array_array.hpp
[1.595s] -- Up-to-date symlink: /home/ueshiba/ros2_ws/install/aist_aruco_msgs/include/aist_aruco_msgs/aist_aruco_msgs/msg/rosidl_generator_cpp__visibility_control.hpp
[1.596s] -- Up-to-date symlink: /home/ueshiba/ros2_ws/install/aist_aruco_msgs/include/aist_aruco_msgs/aist_aruco_msgs/msg/detail/point_correspondence__rosidl_typesupport_fastrtps_cpp.hpp
[1.596s] -- Up-to-date symlink: /home/ueshiba/ros2_ws/install/aist_aruco_msgs/include/aist_aruco_msgs/aist_aruco_msgs/msg/detail/point_correspondence_array__rosidl_typesupport_fastrtps_cpp.hpp
[1.596s] -- Up-to-date symlink: /home/ueshiba/ros2_ws/install/aist_aruco_msgs/include/aist_aruco_msgs/aist_aruco_msgs/msg/detail/point_correspondence_array_array__rosidl_typesupport_fastrtps_cpp.hpp
[1.596s] -- Up-to-date symlink: /home/ueshiba/ros2_ws/install/aist_aruco_msgs/include/aist_aruco_msgs/aist_aruco_msgs/msg/rosidl_typesupport_fastrtps_cpp__visibility_control.h
[1.596s] -- Up-to-date symlink: /home/ueshiba/ros2_ws/install/aist_aruco_msgs/include/aist_aruco_msgs/aist_aruco_msgs/msg/detail/point_correspondence__rosidl_typesupport_introspection_cpp.hpp
[1.596s] -- Up-to-date symlink: /home/ueshiba/ros2_ws/install/aist_aruco_msgs/include/aist_aruco_msgs/aist_aruco_msgs/msg/detail/point_correspondence_array__rosidl_typesupport_introspection_cpp.hpp
[1.596s] -- Up-to-date symlink: /home/ueshiba/ros2_ws/install/aist_aruco_msgs/include/aist_aruco_msgs/aist_aruco_msgs/msg/detail/point_correspondence_array_array__rosidl_typesupport_introspection_cpp.hpp
[1.596s] -- Up-to-date symlink: /home/ueshiba/ros2_ws/install/aist_aruco_msgs/share/aist_aruco_msgs/environment/pythonpath.sh
[1.596s] -- Up-to-date symlink: /home/ueshiba/ros2_ws/install/aist_aruco_msgs/share/aist_aruco_msgs/environment/pythonpath.dsv
[1.597s] -- Up-to-date symlink: /home/ueshiba/ros2_ws/install/aist_aruco_msgs/lib/python3.10/site-packages/aist_aruco_msgs-0.6.0-py3.10.egg-info/PKG-INFO
[1.597s] -- Up-to-date symlink: /home/ueshiba/ros2_ws/install/aist_aruco_msgs/lib/python3.10/site-packages/aist_aruco_msgs-0.6.0-py3.10.egg-info/SOURCES.txt
[1.597s] -- Up-to-date symlink: /home/ueshiba/ros2_ws/install/aist_aruco_msgs/lib/python3.10/site-packages/aist_aruco_msgs-0.6.0-py3.10.egg-info/dependency_links.txt
[1.597s] -- Up-to-date symlink: /home/ueshiba/ros2_ws/install/aist_aruco_msgs/lib/python3.10/site-packages/aist_aruco_msgs-0.6.0-py3.10.egg-info/top_level.txt
[1.598s] -- Up-to-date symlink: /home/ueshiba/ros2_ws/install/aist_aruco_msgs/lib/python3.10/site-packages/aist_aruco_msgs/__init__.py
[1.598s] -- Up-to-date symlink: /home/ueshiba/ros2_ws/install/aist_aruco_msgs/lib/python3.10/site-packages/aist_aruco_msgs/_aist_aruco_msgs_s.ep.rosidl_typesupport_c.c
[1.598s] -- Up-to-date symlink: /home/ueshiba/ros2_ws/install/aist_aruco_msgs/lib/python3.10/site-packages/aist_aruco_msgs/_aist_aruco_msgs_s.ep.rosidl_typesupport_fastrtps_c.c
[1.598s] -- Up-to-date symlink: /home/ueshiba/ros2_ws/install/aist_aruco_msgs/lib/python3.10/site-packages/aist_aruco_msgs/_aist_aruco_msgs_s.ep.rosidl_typesupport_introspection_c.c
[1.598s] -- Up-to-date symlink: /home/ueshiba/ros2_ws/install/aist_aruco_msgs/lib/python3.10/site-packages/aist_aruco_msgs/msg/__init__.py
[1.599s] -- Up-to-date symlink: /home/ueshiba/ros2_ws/install/aist_aruco_msgs/lib/python3.10/site-packages/aist_aruco_msgs/msg/_point_correspondence.py
[1.599s] -- Up-to-date symlink: /home/ueshiba/ros2_ws/install/aist_aruco_msgs/lib/python3.10/site-packages/aist_aruco_msgs/msg/_point_correspondence_array.py
[1.599s] -- Up-to-date symlink: /home/ueshiba/ros2_ws/install/aist_aruco_msgs/lib/python3.10/site-packages/aist_aruco_msgs/msg/_point_correspondence_array_array.py
[1.599s] -- Up-to-date symlink: /home/ueshiba/ros2_ws/install/aist_aruco_msgs/lib/python3.10/site-packages/aist_aruco_msgs/msg/_point_correspondence_array_array_s.c
[1.599s] -- Up-to-date symlink: /home/ueshiba/ros2_ws/install/aist_aruco_msgs/lib/python3.10/site-packages/aist_aruco_msgs/msg/_point_correspondence_array_s.c
[1.599s] -- Up-to-date symlink: /home/ueshiba/ros2_ws/install/aist_aruco_msgs/lib/python3.10/site-packages/aist_aruco_msgs/msg/_point_correspondence_s.c
[1.599s] -- Up-to-date symlink: /home/ueshiba/ros2_ws/install/aist_aruco_msgs/lib/python3.10/site-packages/aist_aruco_msgs/aist_aruco_msgs_s__rosidl_typesupport_fastrtps_c.cpython-310-x86_64-linux-gnu.so
[1.599s] -- Up-to-date symlink: /home/ueshiba/ros2_ws/install/aist_aruco_msgs/lib/python3.10/site-packages/aist_aruco_msgs/aist_aruco_msgs_s__rosidl_typesupport_introspection_c.cpython-310-x86_64-linux-gnu.so
[1.599s] -- Up-to-date symlink: /home/ueshiba/ros2_ws/install/aist_aruco_msgs/lib/python3.10/site-packages/aist_aruco_msgs/aist_aruco_msgs_s__rosidl_typesupport_c.cpython-310-x86_64-linux-gnu.so
[1.599s] -- Up-to-date symlink: /home/ueshiba/ros2_ws/install/aist_aruco_msgs/share/aist_aruco_msgs/msg/PointCorrespondence.idl
[1.599s] -- Up-to-date symlink: /home/ueshiba/ros2_ws/install/aist_aruco_msgs/share/aist_aruco_msgs/msg/PointCorrespondenceArray.idl
[1.599s] -- Up-to-date symlink: /home/ueshiba/ros2_ws/install/aist_aruco_msgs/share/aist_aruco_msgs/msg/PointCorrespondenceArrayArray.idl
[1.599s] -- Up-to-date symlink: /home/ueshiba/ros2_ws/install/aist_aruco_msgs/share/aist_aruco_msgs/msg/PointCorrespondence.msg
[1.600s] -- Up-to-date symlink: /home/ueshiba/ros2_ws/install/aist_aruco_msgs/share/aist_aruco_msgs/msg/PointCorrespondenceArray.msg
[1.600s] -- Up-to-date symlink: /home/ueshiba/ros2_ws/install/aist_aruco_msgs/share/aist_aruco_msgs/msg/PointCorrespondenceArrayArray.msg
[1.600s] -- Up-to-date symlink: /home/ueshiba/ros2_ws/install/aist_aruco_msgs/share/ament_index/resource_index/package_run_dependencies/aist_aruco_msgs
[1.600s] -- Up-to-date symlink: /home/ueshiba/ros2_ws/install/aist_aruco_msgs/share/ament_index/resource_index/parent_prefix_path/aist_aruco_msgs
[1.600s] -- Up-to-date symlink: /home/ueshiba/ros2_ws/install/aist_aruco_msgs/share/aist_aruco_msgs/environment/ament_prefix_path.sh
[1.600s] -- Up-to-date symlink: /home/ueshiba/ros2_ws/install/aist_aruco_msgs/share/aist_aruco_msgs/environment/ament_prefix_path.dsv
[1.600s] -- Up-to-date symlink: /home/ueshiba/ros2_ws/install/aist_aruco_msgs/share/aist_aruco_msgs/environment/path.sh
[1.600s] -- Up-to-date symlink: /home/ueshiba/ros2_ws/install/aist_aruco_msgs/share/aist_aruco_msgs/environment/path.dsv
[1.600s] -- Up-to-date symlink: /home/ueshiba/ros2_ws/install/aist_aruco_msgs/share/aist_aruco_msgs/local_setup.bash
[1.600s] -- Up-to-date symlink: /home/ueshiba/ros2_ws/install/aist_aruco_msgs/share/aist_aruco_msgs/local_setup.sh
[1.600s] -- Up-to-date symlink: /home/ueshiba/ros2_ws/install/aist_aruco_msgs/share/aist_aruco_msgs/local_setup.zsh
[1.600s] -- Up-to-date symlink: /home/ueshiba/ros2_ws/install/aist_aruco_msgs/share/aist_aruco_msgs/local_setup.dsv
[1.600s] -- Symlinking: /home/ueshiba/ros2_ws/install/aist_aruco_msgs/share/aist_aruco_msgs/package.dsv
[1.604s] -- Up-to-date symlink: /home/ueshiba/ros2_ws/install/aist_aruco_msgs/share/ament_index/resource_index/packages/aist_aruco_msgs
[1.604s] -- Up-to-date symlink: /home/ueshiba/ros2_ws/install/aist_aruco_msgs/share/aist_aruco_msgs/cmake/rosidl_cmake-extras.cmake
[1.604s] -- Up-to-date symlink: /home/ueshiba/ros2_ws/install/aist_aruco_msgs/share/aist_aruco_msgs/cmake/ament_cmake_export_dependencies-extras.cmake
[1.604s] -- Up-to-date symlink: /home/ueshiba/ros2_ws/install/aist_aruco_msgs/share/aist_aruco_msgs/cmake/ament_cmake_export_include_directories-extras.cmake
[1.604s] -- Up-to-date symlink: /home/ueshiba/ros2_ws/install/aist_aruco_msgs/share/aist_aruco_msgs/cmake/ament_cmake_export_libraries-extras.cmake
[1.604s] -- Up-to-date symlink: /home/ueshiba/ros2_ws/install/aist_aruco_msgs/share/aist_aruco_msgs/cmake/ament_cmake_export_targets-extras.cmake
[1.604s] -- Up-to-date symlink: /home/ueshiba/ros2_ws/install/aist_aruco_msgs/share/aist_aruco_msgs/cmake/rosidl_cmake_export_typesupport_targets-extras.cmake
[1.604s] -- Up-to-date symlink: /home/ueshiba/ros2_ws/install/aist_aruco_msgs/share/aist_aruco_msgs/cmake/rosidl_cmake_export_typesupport_libraries-extras.cmake
[1.604s] -- Up-to-date symlink: /home/ueshiba/ros2_ws/install/aist_aruco_msgs/share/aist_aruco_msgs/cmake/aist_aruco_msgsConfig.cmake
[1.605s] -- Up-to-date symlink: /home/ueshiba/ros2_ws/install/aist_aruco_msgs/share/aist_aruco_msgs/cmake/aist_aruco_msgsConfig-version.cmake
[1.605s] -- Up-to-date symlink: /home/ueshiba/ros2_ws/install/aist_aruco_msgs/share/aist_aruco_msgs/package.xml
[1.605s] -- Up-to-date: /home/ueshiba/ros2_ws/install/aist_aruco_msgs/lib/libaist_aruco_msgs__rosidl_generator_c.so
[1.605s] -- Up-to-date: /home/ueshiba/ros2_ws/install/aist_aruco_msgs/lib/libaist_aruco_msgs__rosidl_typesupport_fastrtps_c.so
[1.605s] -- Up-to-date: /home/ueshiba/ros2_ws/install/aist_aruco_msgs/lib/libaist_aruco_msgs__rosidl_typesupport_introspection_c.so
[1.606s] -- Up-to-date: /home/ueshiba/ros2_ws/install/aist_aruco_msgs/lib/libaist_aruco_msgs__rosidl_typesupport_c.so
[1.606s] -- Up-to-date: /home/ueshiba/ros2_ws/install/aist_aruco_msgs/lib/libaist_aruco_msgs__rosidl_typesupport_fastrtps_cpp.so
[1.606s] -- Up-to-date: /home/ueshiba/ros2_ws/install/aist_aruco_msgs/lib/libaist_aruco_msgs__rosidl_typesupport_introspection_cpp.so
[1.606s] -- Up-to-date: /home/ueshiba/ros2_ws/install/aist_aruco_msgs/lib/libaist_aruco_msgs__rosidl_typesupport_cpp.so
[1.628s] Listing '/home/ueshiba/ros2_ws/install/aist_aruco_msgs/lib/python3.10/site-packages/aist_aruco_msgs'...
[1.628s] Compiling '/home/ueshiba/ros2_ws/install/aist_aruco_msgs/lib/python3.10/site-packages/aist_aruco_msgs/__init__.py'...
[1.628s] Listing '/home/ueshiba/ros2_ws/install/aist_aruco_msgs/lib/python3.10/site-packages/aist_aruco_msgs/msg'...
[1.632s] -- Up-to-date: /home/ueshiba/ros2_ws/install/aist_aruco_msgs/lib/libaist_aruco_msgs__rosidl_generator_py.so
[1.632s] -- Up-to-date: /home/ueshiba/ros2_ws/install/aist_aruco_msgs/share/aist_aruco_msgs/cmake/export_aist_aruco_msgs__rosidl_generator_cExport.cmake
[1.632s] -- Up-to-date: /home/ueshiba/ros2_ws/install/aist_aruco_msgs/share/aist_aruco_msgs/cmake/export_aist_aruco_msgs__rosidl_generator_cExport-noconfig.cmake
[1.633s] -- Up-to-date: /home/ueshiba/ros2_ws/install/aist_aruco_msgs/share/aist_aruco_msgs/cmake/export_aist_aruco_msgs__rosidl_typesupport_fastrtps_cExport.cmake
[1.633s] -- Up-to-date: /home/ueshiba/ros2_ws/install/aist_aruco_msgs/share/aist_aruco_msgs/cmake/export_aist_aruco_msgs__rosidl_typesupport_fastrtps_cExport-noconfig.cmake
[1.633s] -- Up-to-date: /home/ueshiba/ros2_ws/install/aist_aruco_msgs/share/aist_aruco_msgs/cmake/aist_aruco_msgs__rosidl_typesupport_introspection_cExport.cmake
[1.633s] -- Up-to-date: /home/ueshiba/ros2_ws/install/aist_aruco_msgs/share/aist_aruco_msgs/cmake/aist_aruco_msgs__rosidl_typesupport_introspection_cExport-noconfig.cmake
[1.633s] -- Up-to-date: /home/ueshiba/ros2_ws/install/aist_aruco_msgs/share/aist_aruco_msgs/cmake/aist_aruco_msgs__rosidl_typesupport_cExport.cmake
[1.633s] -- Up-to-date: /home/ueshiba/ros2_ws/install/aist_aruco_msgs/share/aist_aruco_msgs/cmake/aist_aruco_msgs__rosidl_typesupport_cExport-noconfig.cmake
[1.633s] -- Up-to-date: /home/ueshiba/ros2_ws/install/aist_aruco_msgs/share/aist_aruco_msgs/cmake/export_aist_aruco_msgs__rosidl_generator_cppExport.cmake
[1.633s] -- Up-to-date: /home/ueshiba/ros2_ws/install/aist_aruco_msgs/share/aist_aruco_msgs/cmake/export_aist_aruco_msgs__rosidl_typesupport_fastrtps_cppExport.cmake
[1.633s] -- Up-to-date: /home/ueshiba/ros2_ws/install/aist_aruco_msgs/share/aist_aruco_msgs/cmake/export_aist_aruco_msgs__rosidl_typesupport_fastrtps_cppExport-noconfig.cmake
[1.633s] -- Up-to-date: /home/ueshiba/ros2_ws/install/aist_aruco_msgs/share/aist_aruco_msgs/cmake/aist_aruco_msgs__rosidl_typesupport_introspection_cppExport.cmake
[1.634s] -- Up-to-date: /home/ueshiba/ros2_ws/install/aist_aruco_msgs/share/aist_aruco_msgs/cmake/aist_aruco_msgs__rosidl_typesupport_introspection_cppExport-noconfig.cmake
[1.634s] -- Up-to-date: /home/ueshiba/ros2_ws/install/aist_aruco_msgs/share/aist_aruco_msgs/cmake/aist_aruco_msgs__rosidl_typesupport_cppExport.cmake
[1.634s] -- Up-to-date: /home/ueshiba/ros2_ws/install/aist_aruco_msgs/share/aist_aruco_msgs/cmake/aist_aruco_msgs__rosidl_typesupport_cppExport-noconfig.cmake
[1.634s] -- Up-to-date: /home/ueshiba/ros2_ws/install/aist_aruco_msgs/share/aist_aruco_msgs/cmake/export_aist_aruco_msgs__rosidl_generator_pyExport.cmake
[1.634s] -- Up-to-date: /home/ueshiba/ros2_ws/install/aist_aruco_msgs/share/aist_aruco_msgs/cmake/export_aist_aruco_msgs__rosidl_generator_pyExport-noconfig.cmake
[1.634s] Invoked command in '/home/ueshiba/ros2_ws/build/aist_aruco_msgs' returned '0': CMAKE_PREFIX_PATH=${CMAKE_PREFIX_PATH}:/home/ueshiba/ros2_ws/install/rqt_reconfigure:/opt/ros/rolling PS1=\[\e]0;\u@\h: \w\a\]\h% /usr/bin/cmake --install /home/ueshiba/ros2_ws/build/aist_aruco_msgs
