[0.165s] Invoking command in '/home/ueshiba/ros2_ws/build/ur_simulation_gz': CMAKE_PREFIX_PATH=${CMAKE_PREFIX_PATH}:/home/ueshiba/ros2_ws/install/rqt_reconfigure:/opt/ros/rolling PS1=\[\e]0;\u@\h: \w\a\]\h% /usr/bin/cmake /home/ueshiba/ros2_ws/src/artros/third_party/ur_simulation_gz/ur_simulation_gz -DAMENT_CMAKE_SYMLINK_INSTALL=1 -DCMAKE_INSTALL_PREFIX=/home/ueshiba/ros2_ws/install/ur_simulation_gz
[0.202s] -- The C compiler identification is GNU 11.4.0
[0.235s] -- The CXX compiler identification is GNU 11.4.0
[0.240s] -- Detecting C compiler ABI info
[0.282s] -- Detecting C compiler ABI info - done
[0.291s] -- Check for working C compiler: /usr/bin/cc - skipped
[0.291s] -- Detecting C compile features
[0.292s] -- Detecting C compile features - done
[0.294s] -- Detecting CXX compiler ABI info
[0.346s] -- Detecting CXX compiler ABI info - done
[0.355s] -- Check for working CXX compiler: /usr/bin/c++ - skipped
[0.356s] -- Detecting CXX compile features
[0.356s] -- Detecting CXX compile features - done
[0.360s] -- Found ament_cmake: 2.3.2 (/opt/ros/rolling/share/ament_cmake/cmake)
[0.488s] -- Found Python3: /usr/bin/python3.10 (found version "3.10.12") found components: Interpreter 
[0.524s] -- Override CMake install command with custom implementation using symlinks instead of copying resources
[0.565s] -- Found ament_cmake_pytest: 2.3.2 (/opt/ros/rolling/share/ament_cmake_pytest/cmake)
[0.876s] -- Configuring done
[0.879s] -- Generating done
[0.880s] -- Build files have been written to: /home/ueshiba/ros2_ws/build/ur_simulation_gz
[0.884s] Invoked command in '/home/ueshiba/ros2_ws/build/ur_simulation_gz' returned '0': CMAKE_PREFIX_PATH=${CMAKE_PREFIX_PATH}:/home/ueshiba/ros2_ws/install/rqt_reconfigure:/opt/ros/rolling PS1=\[\e]0;\u@\h: \w\a\]\h% /usr/bin/cmake /home/ueshiba/ros2_ws/src/artros/third_party/ur_simulation_gz/ur_simulation_gz -DAMENT_CMAKE_SYMLINK_INSTALL=1 -DCMAKE_INSTALL_PREFIX=/home/ueshiba/ros2_ws/install/ur_simulation_gz
[0.885s] Invoking command in '/home/ueshiba/ros2_ws/build/ur_simulation_gz': CMAKE_PREFIX_PATH=${CMAKE_PREFIX_PATH}:/home/ueshiba/ros2_ws/install/rqt_reconfigure:/opt/ros/rolling PS1=\[\e]0;\u@\h: \w\a\]\h% /usr/bin/cmake --build /home/ueshiba/ros2_ws/build/ur_simulation_gz -- -j24 -l24
[0.911s] Invoked command in '/home/ueshiba/ros2_ws/build/ur_simulation_gz' returned '0': CMAKE_PREFIX_PATH=${CMAKE_PREFIX_PATH}:/home/ueshiba/ros2_ws/install/rqt_reconfigure:/opt/ros/rolling PS1=\[\e]0;\u@\h: \w\a\]\h% /usr/bin/cmake --build /home/ueshiba/ros2_ws/build/ur_simulation_gz -- -j24 -l24
[0.926s] Invoking command in '/home/ueshiba/ros2_ws/build/ur_simulation_gz': CMAKE_PREFIX_PATH=${CMAKE_PREFIX_PATH}:/home/ueshiba/ros2_ws/install/rqt_reconfigure:/opt/ros/rolling PS1=\[\e]0;\u@\h: \w\a\]\h% /usr/bin/cmake --install /home/ueshiba/ros2_ws/build/ur_simulation_gz
[0.932s] -- Install configuration: ""
[0.932s] -- Execute custom install script
[0.932s] -- Up-to-date symlink: /home/ueshiba/ros2_ws/install/ur_simulation_gz/share/ur_simulation_gz/config/ur_controllers.yaml
[0.932s] -- Up-to-date symlink: /home/ueshiba/ros2_ws/install/ur_simulation_gz/share/ur_simulation_gz/launch/ur_sim_control.launch.py
[0.932s] -- Up-to-date symlink: /home/ueshiba/ros2_ws/install/ur_simulation_gz/share/ur_simulation_gz/launch/ur_sim_moveit.launch.py
[0.932s] -- Up-to-date symlink: /home/ueshiba/ros2_ws/install/ur_simulation_gz/share/ur_simulation_gz/urdf/ur_gz.ros2_control.xacro
[0.933s] -- Up-to-date symlink: /home/ueshiba/ros2_ws/install/ur_simulation_gz/share/ur_simulation_gz/urdf/ur_gz.urdf.xacro
[0.933s] -- Up-to-date symlink: /home/ueshiba/ros2_ws/install/ur_simulation_gz/share/ament_index/resource_index/package_run_dependencies/ur_simulation_gz
[0.933s] -- Up-to-date symlink: /home/ueshiba/ros2_ws/install/ur_simulation_gz/share/ament_index/resource_index/parent_prefix_path/ur_simulation_gz
[0.933s] -- Up-to-date symlink: /home/ueshiba/ros2_ws/install/ur_simulation_gz/share/ur_simulation_gz/environment/ament_prefix_path.sh
[0.933s] -- Up-to-date symlink: /home/ueshiba/ros2_ws/install/ur_simulation_gz/share/ur_simulation_gz/environment/ament_prefix_path.dsv
[0.933s] -- Up-to-date symlink: /home/ueshiba/ros2_ws/install/ur_simulation_gz/share/ur_simulation_gz/environment/path.sh
[0.933s] -- Up-to-date symlink: /home/ueshiba/ros2_ws/install/ur_simulation_gz/share/ur_simulation_gz/environment/path.dsv
[0.933s] -- Up-to-date symlink: /home/ueshiba/ros2_ws/install/ur_simulation_gz/share/ur_simulation_gz/local_setup.bash
[0.933s] -- Up-to-date symlink: /home/ueshiba/ros2_ws/install/ur_simulation_gz/share/ur_simulation_gz/local_setup.sh
[0.933s] -- Up-to-date symlink: /home/ueshiba/ros2_ws/install/ur_simulation_gz/share/ur_simulation_gz/local_setup.zsh
[0.933s] -- Up-to-date symlink: /home/ueshiba/ros2_ws/install/ur_simulation_gz/share/ur_simulation_gz/local_setup.dsv
[0.933s] -- Symlinking: /home/ueshiba/ros2_ws/install/ur_simulation_gz/share/ur_simulation_gz/package.dsv
[0.939s] -- Up-to-date symlink: /home/ueshiba/ros2_ws/install/ur_simulation_gz/share/ament_index/resource_index/packages/ur_simulation_gz
[0.939s] -- Up-to-date symlink: /home/ueshiba/ros2_ws/install/ur_simulation_gz/share/ur_simulation_gz/cmake/ur_simulation_gzConfig.cmake
[0.939s] -- Up-to-date symlink: /home/ueshiba/ros2_ws/install/ur_simulation_gz/share/ur_simulation_gz/cmake/ur_simulation_gzConfig-version.cmake
[0.939s] -- Up-to-date symlink: /home/ueshiba/ros2_ws/install/ur_simulation_gz/share/ur_simulation_gz/package.xml
[0.941s] Invoked command in '/home/ueshiba/ros2_ws/build/ur_simulation_gz' returned '0': CMAKE_PREFIX_PATH=${CMAKE_PREFIX_PATH}:/home/ueshiba/ros2_ws/install/rqt_reconfigure:/opt/ros/rolling PS1=\[\e]0;\u@\h: \w\a\]\h% /usr/bin/cmake --install /home/ueshiba/ros2_ws/build/ur_simulation_gz
