[0.024s] Invoking command in '/home/ueshiba/ros2_ws/build/cu_bridge': CMAKE_PREFIX_PATH=/home/ueshiba/ros2_ws/install/aist_utility:/home/ueshiba/ros2_ws/install/ddynamic_reconfigure2:/home/ueshiba/ros2_ws/install/aist_msgs:/home/ueshiba/ros2_ws/install/ur_simulation_gz:/home/ueshiba/ros2_ws/install/realsense2_description:/home/ueshiba/ros2_ws/install/realsense2_camera:/home/ueshiba/ros2_ws/install/realsense2_camera_msgs:/home/ueshiba/ros2_ws/install/cu_bridge:/home/ueshiba/ros2_ws/install/aist_handeye_calibration:/home/ueshiba/ros2_ws/install/aist_aruco_ros:/home/ueshiba/ros2_ws/install/aist_phoxi_camera:/home/ueshiba/ros2_ws/install/aist_camera_multiplexer:/home/ueshiba/ros2_ws/install/aruco_ros:/home/ueshiba/ros2_ws/install/aruco_msgs:/home/ueshiba/ros2_ws/install/aruco:/home/ueshiba/ros2_ws/install/aist_handeye_calibration_msgs:/home/ueshiba/ros2_ws/install/aist_description:/home/ueshiba/ros2_ws/install/aist_aruco_msgs:/home/ueshiba/ros2_ws/install/rqt_reconfigure:/opt/ros/rolling LD_LIBRARY_PATH=/home/ueshiba/ros2_ws/install/aist_utility/lib:/home/ueshiba/ros2_ws/install/aist_msgs/lib:/home/ueshiba/ros2_ws/install/realsense2_camera/lib:/home/ueshiba/ros2_ws/install/realsense2_camera_msgs/lib:/home/ueshiba/ros2_ws/install/cu_bridge/lib:/home/ueshiba/ros2_ws/install/aist_handeye_calibration/lib:/home/ueshiba/ros2_ws/install/aist_aruco_ros/lib:/home/ueshiba/ros2_ws/install/aist_phoxi_camera/lib:/home/ueshiba/ros2_ws/install/aist_camera_multiplexer/lib:/home/ueshiba/ros2_ws/install/ddynamic_reconfigure2/lib:/home/ueshiba/ros2_ws/install/aruco_ros/lib:/home/ueshiba/ros2_ws/install/aruco_msgs/lib:/home/ueshiba/ros2_ws/install/aruco/lib:/home/ueshiba/ros2_ws/install/aist_handeye_calibration_msgs/lib:/home/ueshiba/ros2_ws/install/aist_aruco_msgs/lib:/opt/ros/rolling/opt/rviz_ogre_vendor/lib:/opt/ros/rolling/lib/x86_64-linux-gnu:/opt/ros/rolling/lib:/usr/local/lib:/usr/lib64:/usr/local/cuda-12.5/lib64:/opt/Photoneo/PhoXiControl-1.13.4/API/lib PS1=\[\e]0;\u@\h: \w\a\]\h% PYTHONPATH=/home/ueshiba/ros2_ws/install/ddynamic_reconfigure2/lib/python3.10/site-packages:/home/ueshiba/ros2_ws/install/aist_msgs/lib/python3.10/site-packages:/home/ueshiba/ros2_ws/build/rqt_reconfigure/src:/home/ueshiba/ros2_ws/install/rqt_reconfigure/lib/python3.10/site-packages:/home/ueshiba/ros2_ws/install/realsense2_camera_msgs/lib/python3.10/site-packages:/home/ueshiba/ros2_ws/install/aist_handeye_calibration/lib/python3.10/site-packages:/home/ueshiba/ros2_ws/install/aist_camera_multiplexer/lib/python3.10/site-packages:/home/ueshiba/ros2_ws/install/aruco_msgs/lib/python3.10/site-packages:/home/ueshiba/ros2_ws/install/aist_handeye_calibration_msgs/lib/python3.10/site-packages:/home/ueshiba/ros2_ws/install/aist_aruco_msgs/lib/python3.10/site-packages:/opt/ros/rolling/lib/python3.10/site-packages /usr/bin/cmake --build /home/ueshiba/ros2_ws/build/cu_bridge -- -j24 -l24
[0.116s] [ 20%] [34m[1mBuilding NVCC (Device) object CMakeFiles/cu_bridge.dir/src/cu_bridge_generated_undistort_test.cu.o[0m
[0.118s] [ 40%] [34m[1mBuilding NVCC (Device) object CMakeFiles/cu_bridge.dir/src/cu_bridge_generated_gauss_test.cu.o[0m
[0.120s] [ 60%] [34m[1mBuilding NVCC (Device) object CMakeFiles/cu_bridge.dir/src/cu_bridge_generated_normal_test.cu.o[0m
[0.122s] [ 80%] [34m[1mBuilding NVCC (Device) object CMakeFiles/cu_bridge.dir/src/cu_bridge_generated_recover_test.cu.o[0m
[2.523s] /opt/ros/rolling/include/rclcpp/rclcpp/logger.hpp(107): warning #970-D: the qualifier on this friend declaration is ignored
[2.523s]     friend Logger rclcpp::get_logger(const std::string & name);
[2.523s]                   ^
[2.523s] 
[2.524s] Remark: The warnings can be suppressed with "-diag-suppress <warning-number>"
[2.524s] 
[2.553s] /opt/ros/rolling/include/rclcpp/rclcpp/network_flow_endpoint.hpp(92): warning #970-D: the qualifier on this friend declaration is ignored
[2.553s]     friend bool rclcpp::operator==(
[2.554s]                 ^
[2.554s] 
[2.554s] /opt/ros/rolling/include/rclcpp/rclcpp/network_flow_endpoint.hpp(95): warning #970-D: the qualifier on this friend declaration is ignored
[2.554s]     friend bool rclcpp::operator!=(
[2.554s]                 ^
[2.554s] 
[2.554s] /opt/ros/rolling/include/rclcpp/rclcpp/network_flow_endpoint.hpp(100): warning #970-D: the qualifier on this friend declaration is ignored
[2.554s]     friend std::ostream & rclcpp::operator<<(
[2.554s]                           ^
[2.554s] 
[2.716s] /opt/ros/rolling/include/rclcpp/rclcpp/logger.hpp(107): warning #970-D: the qualifier on this friend declaration is ignored
[2.716s]     friend Logger rclcpp::get_logger(const std::string & name);
[2.716s]                   ^
[2.716s] 
[2.716s] Remark: The warnings can be suppressed with "-diag-suppress <warning-number>"
[2.716s] 
[2.747s] /opt/ros/rolling/include/rclcpp/rclcpp/network_flow_endpoint.hpp(92): warning #970-D: the qualifier on this friend declaration is ignored
[2.747s]     friend bool rclcpp::operator==(
[2.747s]                 ^
[2.747s] 
[2.747s] /opt/ros/rolling/include/rclcpp/rclcpp/network_flow_endpoint.hpp(95): warning #970-D: the qualifier on this friend declaration is ignored
[2.747s]     friend bool rclcpp::operator!=(
[2.747s]                 ^
[2.747s] 
[2.748s] /opt/ros/rolling/include/rclcpp/rclcpp/network_flow_endpoint.hpp(100): warning #970-D: the qualifier on this friend declaration is ignored
[2.748s]     friend std::ostream & rclcpp::operator<<(
[2.748s]                           ^
[2.748s] 
[2.779s] /opt/ros/rolling/include/rclcpp/rclcpp/logger.hpp(107): warning #970-D: the qualifier on this friend declaration is ignored
[2.779s]     friend Logger rclcpp::get_logger(const std::string & name);
[2.779s]                   ^
[2.779s] 
[2.779s] Remark: The warnings can be suppressed with "-diag-suppress <warning-number>"
[2.779s] 
[2.810s] /opt/ros/rolling/include/rclcpp/rclcpp/network_flow_endpoint.hpp(92): warning #970-D: the qualifier on this friend declaration is ignored
[2.810s]     friend bool rclcpp::operator==(
[2.810s]                 ^
[2.811s] 
[2.811s] /opt/ros/rolling/include/rclcpp/rclcpp/network_flow_endpoint.hpp(95): warning #970-D: the qualifier on this friend declaration is ignored
[2.811s]     friend bool rclcpp::operator!=(
[2.811s]                 ^
[2.811s] 
[2.811s] /opt/ros/rolling/include/rclcpp/rclcpp/network_flow_endpoint.hpp(100): warning #970-D: the qualifier on this friend declaration is ignored
[2.811s]     friend std::ostream & rclcpp::operator<<(
[2.811s]                           ^
[2.811s] 
[2.856s] /opt/ros/rolling/include/rclcpp/rclcpp/logger.hpp(107): warning #970-D: the qualifier on this friend declaration is ignored
[2.856s]     friend Logger rclcpp::get_logger(const std::string & name);
[2.856s]                   ^
[2.856s] 
[2.856s] Remark: The warnings can be suppressed with "-diag-suppress <warning-number>"
[2.856s] 
[2.887s] /opt/ros/rolling/include/rclcpp/rclcpp/network_flow_endpoint.hpp(92): warning #970-D: the qualifier on this friend declaration is ignored
[2.887s]     friend bool rclcpp::operator==(
[2.887s]                 ^
[2.887s] 
[2.887s] /opt/ros/rolling/include/rclcpp/rclcpp/network_flow_endpoint.hpp(95): warning #970-D: the qualifier on this friend declaration is ignored
[2.887s]     friend bool rclcpp::operator!=(
[2.887s]                 ^
[2.887s] 
[2.887s] /opt/ros/rolling/include/rclcpp/rclcpp/network_flow_endpoint.hpp(100): warning #970-D: the qualifier on this friend declaration is ignored
[2.888s]     friend std::ostream & rclcpp::operator<<(
[2.888s]                           ^
[2.888s] 
[3.536s] /opt/ros/rolling/include/rclcpp/rclcpp/executors.hpp(67): warning #737-D: using-declaration ignored -- it refers to the current namespace
[3.536s]   using rclcpp::executors::MultiThreadedExecutor;
[3.536s]         ^
[3.536s] 
[3.536s] /opt/ros/rolling/include/rclcpp/rclcpp/executors.hpp(68): warning #737-D: using-declaration ignored -- it refers to the current namespace
[3.536s]   using rclcpp::executors::SingleThreadedExecutor;
[3.536s]         ^
[3.536s] 
[3.583s] /opt/ros/rolling/include/rclcpp/rclcpp/executors.hpp(67): warning #737-D: using-declaration ignored -- it refers to the current namespace
[3.583s]   using rclcpp::executors::MultiThreadedExecutor;
[3.583s]         ^
[3.583s] 
[3.583s] /opt/ros/rolling/include/rclcpp/rclcpp/executors.hpp(68): warning #737-D: using-declaration ignored -- it refers to the current namespace
[3.583s]   using rclcpp::executors::SingleThreadedExecutor;
[3.583s]         ^
[3.584s] 
[4.234s] /opt/ros/rolling/include/rclcpp/rclcpp/executors.hpp(67): warning #737-D: using-declaration ignored -- it refers to the current namespace
[4.234s]   using rclcpp::executors::MultiThreadedExecutor;
[4.234s]         ^
[4.234s] 
[4.234s] /opt/ros/rolling/include/rclcpp/rclcpp/executors.hpp(68): warning #737-D: using-declaration ignored -- it refers to the current namespace
[4.235s]   using rclcpp::executors::SingleThreadedExecutor;
[4.235s]         ^
[4.235s] 
[6.245s] /opt/ros/rolling/include/rclcpp/rclcpp/logger.hpp(107): warning #970-D: the qualifier on this friend declaration is ignored
[6.245s]     friend Logger rclcpp::get_logger(const std::string & name);
[6.245s]                   ^
[6.245s] 
[6.245s] Remark: The warnings can be suppressed with "-diag-suppress <warning-number>"
[6.245s] 
[6.262s] /opt/ros/rolling/include/rclcpp/rclcpp/network_flow_endpoint.hpp(92): warning #970-D: the qualifier on this friend declaration is ignored
[6.262s]     friend bool rclcpp::operator==(
[6.262s]                 ^
[6.262s] 
[6.262s] /opt/ros/rolling/include/rclcpp/rclcpp/network_flow_endpoint.hpp(95): warning #970-D: the qualifier on this friend declaration is ignored
[6.262s]     friend bool rclcpp::operator!=(
[6.262s]                 ^
[6.262s] 
[6.262s] /opt/ros/rolling/include/rclcpp/rclcpp/network_flow_endpoint.hpp(100): warning #970-D: the qualifier on this friend declaration is ignored
[6.262s]     friend std::ostream & rclcpp::operator<<(
[6.262s]                           ^
[6.262s] 
[9.585s] /opt/ros/rolling/include/rclcpp/rclcpp/logger.hpp(107): warning #970-D: the qualifier on this friend declaration is ignored
[9.585s]     friend Logger rclcpp::get_logger(const std::string & name);
[9.586s]                   ^
[9.586s] 
[9.586s] Remark: The warnings can be suppressed with "-diag-suppress <warning-number>"
[9.586s] 
[9.603s] /opt/ros/rolling/include/rclcpp/rclcpp/network_flow_endpoint.hpp(92): warning #970-D: the qualifier on this friend declaration is ignored
[9.603s]     friend bool rclcpp::operator==(
[9.603s]                 ^
[9.603s] 
[9.603s] /opt/ros/rolling/include/rclcpp/rclcpp/network_flow_endpoint.hpp(95): warning #970-D: the qualifier on this friend declaration is ignored
[9.603s]     friend bool rclcpp::operator!=(
[9.603s]                 ^
[9.603s] 
[9.603s] /opt/ros/rolling/include/rclcpp/rclcpp/network_flow_endpoint.hpp(100): warning #970-D: the qualifier on this friend declaration is ignored
[9.603s]     friend std::ostream & rclcpp::operator<<(
[9.603s]                           ^
[9.603s] 
[9.800s] /opt/ros/rolling/include/rclcpp/rclcpp/logger.hpp(107): warning #970-D: the qualifier on this friend declaration is ignored
[9.800s]     friend Logger rclcpp::get_logger(const std::string & name);
[9.800s]                   ^
[9.800s] 
[9.800s] Remark: The warnings can be suppressed with "-diag-suppress <warning-number>"
[9.800s] 
[9.816s] /opt/ros/rolling/include/rclcpp/rclcpp/network_flow_endpoint.hpp(92): warning #970-D: the qualifier on this friend declaration is ignored
[9.816s]     friend bool rclcpp::operator==(
[9.816s]                 ^
[9.816s] 
[9.816s] /opt/ros/rolling/include/rclcpp/rclcpp/network_flow_endpoint.hpp(95): warning #970-D: the qualifier on this friend declaration is ignored
[9.816s]     friend bool rclcpp::operator!=(
[9.816s]                 ^
[9.816s] 
[9.816s] /opt/ros/rolling/include/rclcpp/rclcpp/network_flow_endpoint.hpp(100): warning #970-D: the qualifier on this friend declaration is ignored
[9.816s]     friend std::ostream & rclcpp::operator<<(
[9.816s]                           ^
[9.816s] 
[10.139s] /opt/ros/rolling/include/rclcpp/rclcpp/executors.hpp(67): warning #737-D: using-declaration ignored -- it refers to the current namespace
[10.139s]   using rclcpp::executors::MultiThreadedExecutor;
[10.139s]         ^
[10.139s] 
[10.139s] /opt/ros/rolling/include/rclcpp/rclcpp/executors.hpp(68): warning #737-D: using-declaration ignored -- it refers to the current namespace
[10.139s]   using rclcpp::executors::SingleThreadedExecutor;
[10.139s]         ^
[10.139s] 
[10.508s] /opt/ros/rolling/include/rclcpp/rclcpp/logger.hpp(107): warning #970-D: the qualifier on this friend declaration is ignored
[10.508s]     friend Logger rclcpp::get_logger(const std::string & name);
[10.508s]                   ^
[10.508s] 
[10.508s] Remark: The warnings can be suppressed with "-diag-suppress <warning-number>"
[10.508s] 
[10.524s] /opt/ros/rolling/include/rclcpp/rclcpp/network_flow_endpoint.hpp(92): warning #970-D: the qualifier on this friend declaration is ignored
[10.524s]     friend bool rclcpp::operator==(
[10.524s]                 ^
[10.524s] 
[10.524s] /opt/ros/rolling/include/rclcpp/rclcpp/network_flow_endpoint.hpp(95): warning #970-D: the qualifier on this friend declaration is ignored
[10.524s]     friend bool rclcpp::operator!=(
[10.524s]                 ^
[10.524s] 
[10.525s] /opt/ros/rolling/include/rclcpp/rclcpp/network_flow_endpoint.hpp(100): warning #970-D: the qualifier on this friend declaration is ignored
[10.525s]     friend std::ostream & rclcpp::operator<<(
[10.525s]                           ^
[10.525s] 
[10.801s] /opt/ros/rolling/include/rclcpp/rclcpp/executors.hpp(67): warning #737-D: using-declaration ignored -- it refers to the current namespace
[10.801s]   using rclcpp::executors::MultiThreadedExecutor;
[10.801s]         ^
[10.801s] 
[10.801s] /opt/ros/rolling/include/rclcpp/rclcpp/executors.hpp(68): warning #737-D: using-declaration ignored -- it refers to the current namespace
[10.801s]   using rclcpp::executors::SingleThreadedExecutor;
[10.801s]         ^
[10.801s] 
[11.006s] /opt/ros/rolling/include/rclcpp/rclcpp/executors.hpp(67): warning #737-D: using-declaration ignored -- it refers to the current namespace
[11.006s]   using rclcpp::executors::MultiThreadedExecutor;
[11.006s]         ^
[11.006s] 
[11.006s] /opt/ros/rolling/include/rclcpp/rclcpp/executors.hpp(68): warning #737-D: using-declaration ignored -- it refers to the current namespace
[11.006s]   using rclcpp::executors::SingleThreadedExecutor;
[11.006s]         ^
[11.006s] 
[28.589s] [100%] [32m[1mLinking CXX shared library libcu_bridge.so[0m
[29.388s] [100%] Built target cu_bridge
[29.398s] Invoked command in '/home/ueshiba/ros2_ws/build/cu_bridge' returned '0': CMAKE_PREFIX_PATH=/home/ueshiba/ros2_ws/install/aist_utility:/home/ueshiba/ros2_ws/install/ddynamic_reconfigure2:/home/ueshiba/ros2_ws/install/aist_msgs:/home/ueshiba/ros2_ws/install/ur_simulation_gz:/home/ueshiba/ros2_ws/install/realsense2_description:/home/ueshiba/ros2_ws/install/realsense2_camera:/home/ueshiba/ros2_ws/install/realsense2_camera_msgs:/home/ueshiba/ros2_ws/install/cu_bridge:/home/ueshiba/ros2_ws/install/aist_handeye_calibration:/home/ueshiba/ros2_ws/install/aist_aruco_ros:/home/ueshiba/ros2_ws/install/aist_phoxi_camera:/home/ueshiba/ros2_ws/install/aist_camera_multiplexer:/home/ueshiba/ros2_ws/install/aruco_ros:/home/ueshiba/ros2_ws/install/aruco_msgs:/home/ueshiba/ros2_ws/install/aruco:/home/ueshiba/ros2_ws/install/aist_handeye_calibration_msgs:/home/ueshiba/ros2_ws/install/aist_description:/home/ueshiba/ros2_ws/install/aist_aruco_msgs:/home/ueshiba/ros2_ws/install/rqt_reconfigure:/opt/ros/rolling LD_LIBRARY_PATH=/home/ueshiba/ros2_ws/install/aist_utility/lib:/home/ueshiba/ros2_ws/install/aist_msgs/lib:/home/ueshiba/ros2_ws/install/realsense2_camera/lib:/home/ueshiba/ros2_ws/install/realsense2_camera_msgs/lib:/home/ueshiba/ros2_ws/install/cu_bridge/lib:/home/ueshiba/ros2_ws/install/aist_handeye_calibration/lib:/home/ueshiba/ros2_ws/install/aist_aruco_ros/lib:/home/ueshiba/ros2_ws/install/aist_phoxi_camera/lib:/home/ueshiba/ros2_ws/install/aist_camera_multiplexer/lib:/home/ueshiba/ros2_ws/install/ddynamic_reconfigure2/lib:/home/ueshiba/ros2_ws/install/aruco_ros/lib:/home/ueshiba/ros2_ws/install/aruco_msgs/lib:/home/ueshiba/ros2_ws/install/aruco/lib:/home/ueshiba/ros2_ws/install/aist_handeye_calibration_msgs/lib:/home/ueshiba/ros2_ws/install/aist_aruco_msgs/lib:/opt/ros/rolling/opt/rviz_ogre_vendor/lib:/opt/ros/rolling/lib/x86_64-linux-gnu:/opt/ros/rolling/lib:/usr/local/lib:/usr/lib64:/usr/local/cuda-12.5/lib64:/opt/Photoneo/PhoXiControl-1.13.4/API/lib PS1=\[\e]0;\u@\h: \w\a\]\h% PYTHONPATH=/home/ueshiba/ros2_ws/install/ddynamic_reconfigure2/lib/python3.10/site-packages:/home/ueshiba/ros2_ws/install/aist_msgs/lib/python3.10/site-packages:/home/ueshiba/ros2_ws/build/rqt_reconfigure/src:/home/ueshiba/ros2_ws/install/rqt_reconfigure/lib/python3.10/site-packages:/home/ueshiba/ros2_ws/install/realsense2_camera_msgs/lib/python3.10/site-packages:/home/ueshiba/ros2_ws/install/aist_handeye_calibration/lib/python3.10/site-packages:/home/ueshiba/ros2_ws/install/aist_camera_multiplexer/lib/python3.10/site-packages:/home/ueshiba/ros2_ws/install/aruco_msgs/lib/python3.10/site-packages:/home/ueshiba/ros2_ws/install/aist_handeye_calibration_msgs/lib/python3.10/site-packages:/home/ueshiba/ros2_ws/install/aist_aruco_msgs/lib/python3.10/site-packages:/opt/ros/rolling/lib/python3.10/site-packages /usr/bin/cmake --build /home/ueshiba/ros2_ws/build/cu_bridge -- -j24 -l24
[29.440s] Invoking command in '/home/ueshiba/ros2_ws/build/cu_bridge': CMAKE_PREFIX_PATH=/home/ueshiba/ros2_ws/install/aist_utility:/home/ueshiba/ros2_ws/install/ddynamic_reconfigure2:/home/ueshiba/ros2_ws/install/aist_msgs:/home/ueshiba/ros2_ws/install/ur_simulation_gz:/home/ueshiba/ros2_ws/install/realsense2_description:/home/ueshiba/ros2_ws/install/realsense2_camera:/home/ueshiba/ros2_ws/install/realsense2_camera_msgs:/home/ueshiba/ros2_ws/install/cu_bridge:/home/ueshiba/ros2_ws/install/aist_handeye_calibration:/home/ueshiba/ros2_ws/install/aist_aruco_ros:/home/ueshiba/ros2_ws/install/aist_phoxi_camera:/home/ueshiba/ros2_ws/install/aist_camera_multiplexer:/home/ueshiba/ros2_ws/install/aruco_ros:/home/ueshiba/ros2_ws/install/aruco_msgs:/home/ueshiba/ros2_ws/install/aruco:/home/ueshiba/ros2_ws/install/aist_handeye_calibration_msgs:/home/ueshiba/ros2_ws/install/aist_description:/home/ueshiba/ros2_ws/install/aist_aruco_msgs:/home/ueshiba/ros2_ws/install/rqt_reconfigure:/opt/ros/rolling LD_LIBRARY_PATH=/home/ueshiba/ros2_ws/install/aist_utility/lib:/home/ueshiba/ros2_ws/install/aist_msgs/lib:/home/ueshiba/ros2_ws/install/realsense2_camera/lib:/home/ueshiba/ros2_ws/install/realsense2_camera_msgs/lib:/home/ueshiba/ros2_ws/install/cu_bridge/lib:/home/ueshiba/ros2_ws/install/aist_handeye_calibration/lib:/home/ueshiba/ros2_ws/install/aist_aruco_ros/lib:/home/ueshiba/ros2_ws/install/aist_phoxi_camera/lib:/home/ueshiba/ros2_ws/install/aist_camera_multiplexer/lib:/home/ueshiba/ros2_ws/install/ddynamic_reconfigure2/lib:/home/ueshiba/ros2_ws/install/aruco_ros/lib:/home/ueshiba/ros2_ws/install/aruco_msgs/lib:/home/ueshiba/ros2_ws/install/aruco/lib:/home/ueshiba/ros2_ws/install/aist_handeye_calibration_msgs/lib:/home/ueshiba/ros2_ws/install/aist_aruco_msgs/lib:/opt/ros/rolling/opt/rviz_ogre_vendor/lib:/opt/ros/rolling/lib/x86_64-linux-gnu:/opt/ros/rolling/lib:/usr/local/lib:/usr/lib64:/usr/local/cuda-12.5/lib64:/opt/Photoneo/PhoXiControl-1.13.4/API/lib PS1=\[\e]0;\u@\h: \w\a\]\h% PYTHONPATH=/home/ueshiba/ros2_ws/install/ddynamic_reconfigure2/lib/python3.10/site-packages:/home/ueshiba/ros2_ws/install/aist_msgs/lib/python3.10/site-packages:/home/ueshiba/ros2_ws/build/rqt_reconfigure/src:/home/ueshiba/ros2_ws/install/rqt_reconfigure/lib/python3.10/site-packages:/home/ueshiba/ros2_ws/install/realsense2_camera_msgs/lib/python3.10/site-packages:/home/ueshiba/ros2_ws/install/aist_handeye_calibration/lib/python3.10/site-packages:/home/ueshiba/ros2_ws/install/aist_camera_multiplexer/lib/python3.10/site-packages:/home/ueshiba/ros2_ws/install/aruco_msgs/lib/python3.10/site-packages:/home/ueshiba/ros2_ws/install/aist_handeye_calibration_msgs/lib/python3.10/site-packages:/home/ueshiba/ros2_ws/install/aist_aruco_msgs/lib/python3.10/site-packages:/opt/ros/rolling/lib/python3.10/site-packages /usr/bin/cmake --install /home/ueshiba/ros2_ws/build/cu_bridge
[29.452s] -- Install configuration: "Release"
[29.453s] -- Execute custom install script
[29.453s] -- Up-to-date symlink: /home/ueshiba/ros2_ws/install/cu_bridge/include/cu_bridge/cu_bridge.hpp
[29.454s] -- Up-to-date symlink: /home/ueshiba/ros2_ws/install/cu_bridge/share/cu_bridge//launch/phoxi.rviz
[29.454s] -- Up-to-date symlink: /home/ueshiba/ros2_ws/install/cu_bridge/share/cu_bridge//launch/realsense.rviz
[29.454s] -- Up-to-date symlink: /home/ueshiba/ros2_ws/install/cu_bridge/share/cu_bridge//launch/test.launch.py
[29.454s] -- Up-to-date symlink: /home/ueshiba/ros2_ws/install/cu_bridge/share/cu_bridge/environment/library_path.sh
[29.455s] -- Up-to-date symlink: /home/ueshiba/ros2_ws/install/cu_bridge/share/cu_bridge/environment/library_path.dsv
[29.455s] -- Up-to-date symlink: /home/ueshiba/ros2_ws/install/cu_bridge/share/ament_index/resource_index/package_run_dependencies/cu_bridge
[29.455s] -- Up-to-date symlink: /home/ueshiba/ros2_ws/install/cu_bridge/share/ament_index/resource_index/parent_prefix_path/cu_bridge
[29.455s] -- Up-to-date symlink: /home/ueshiba/ros2_ws/install/cu_bridge/share/cu_bridge/environment/ament_prefix_path.sh
[29.455s] -- Up-to-date symlink: /home/ueshiba/ros2_ws/install/cu_bridge/share/cu_bridge/environment/ament_prefix_path.dsv
[29.456s] -- Up-to-date symlink: /home/ueshiba/ros2_ws/install/cu_bridge/share/cu_bridge/environment/path.sh
[29.456s] -- Up-to-date symlink: /home/ueshiba/ros2_ws/install/cu_bridge/share/cu_bridge/environment/path.dsv
[29.457s] -- Up-to-date symlink: /home/ueshiba/ros2_ws/install/cu_bridge/share/cu_bridge/local_setup.bash
[29.457s] -- Up-to-date symlink: /home/ueshiba/ros2_ws/install/cu_bridge/share/cu_bridge/local_setup.sh
[29.457s] -- Up-to-date symlink: /home/ueshiba/ros2_ws/install/cu_bridge/share/cu_bridge/local_setup.zsh
[29.457s] -- Up-to-date symlink: /home/ueshiba/ros2_ws/install/cu_bridge/share/cu_bridge/local_setup.dsv
[29.457s] -- Symlinking: /home/ueshiba/ros2_ws/install/cu_bridge/share/cu_bridge/package.dsv
[29.470s] -- Up-to-date symlink: /home/ueshiba/ros2_ws/install/cu_bridge/share/ament_index/resource_index/packages/cu_bridge
[29.471s] -- Up-to-date symlink: /home/ueshiba/ros2_ws/install/cu_bridge/share/ament_index/resource_index/rclcpp_components/cu_bridge
[29.471s] -- Up-to-date symlink: /home/ueshiba/ros2_ws/install/cu_bridge/share/cu_bridge/cmake/ament_cmake_export_libraries-extras.cmake
[29.471s] -- Up-to-date symlink: /home/ueshiba/ros2_ws/install/cu_bridge/share/cu_bridge/cmake/cu_bridgeConfig.cmake
[29.471s] -- Up-to-date symlink: /home/ueshiba/ros2_ws/install/cu_bridge/share/cu_bridge/cmake/cu_bridgeConfig-version.cmake
[29.471s] -- Up-to-date symlink: /home/ueshiba/ros2_ws/install/cu_bridge/share/cu_bridge/package.xml
[29.472s] -- Installing: /home/ueshiba/ros2_ws/install/cu_bridge/lib/libcu_bridge.so
[29.476s] Invoked command in '/home/ueshiba/ros2_ws/build/cu_bridge' returned '0': CMAKE_PREFIX_PATH=/home/ueshiba/ros2_ws/install/aist_utility:/home/ueshiba/ros2_ws/install/ddynamic_reconfigure2:/home/ueshiba/ros2_ws/install/aist_msgs:/home/ueshiba/ros2_ws/install/ur_simulation_gz:/home/ueshiba/ros2_ws/install/realsense2_description:/home/ueshiba/ros2_ws/install/realsense2_camera:/home/ueshiba/ros2_ws/install/realsense2_camera_msgs:/home/ueshiba/ros2_ws/install/cu_bridge:/home/ueshiba/ros2_ws/install/aist_handeye_calibration:/home/ueshiba/ros2_ws/install/aist_aruco_ros:/home/ueshiba/ros2_ws/install/aist_phoxi_camera:/home/ueshiba/ros2_ws/install/aist_camera_multiplexer:/home/ueshiba/ros2_ws/install/aruco_ros:/home/ueshiba/ros2_ws/install/aruco_msgs:/home/ueshiba/ros2_ws/install/aruco:/home/ueshiba/ros2_ws/install/aist_handeye_calibration_msgs:/home/ueshiba/ros2_ws/install/aist_description:/home/ueshiba/ros2_ws/install/aist_aruco_msgs:/home/ueshiba/ros2_ws/install/rqt_reconfigure:/opt/ros/rolling LD_LIBRARY_PATH=/home/ueshiba/ros2_ws/install/aist_utility/lib:/home/ueshiba/ros2_ws/install/aist_msgs/lib:/home/ueshiba/ros2_ws/install/realsense2_camera/lib:/home/ueshiba/ros2_ws/install/realsense2_camera_msgs/lib:/home/ueshiba/ros2_ws/install/cu_bridge/lib:/home/ueshiba/ros2_ws/install/aist_handeye_calibration/lib:/home/ueshiba/ros2_ws/install/aist_aruco_ros/lib:/home/ueshiba/ros2_ws/install/aist_phoxi_camera/lib:/home/ueshiba/ros2_ws/install/aist_camera_multiplexer/lib:/home/ueshiba/ros2_ws/install/ddynamic_reconfigure2/lib:/home/ueshiba/ros2_ws/install/aruco_ros/lib:/home/ueshiba/ros2_ws/install/aruco_msgs/lib:/home/ueshiba/ros2_ws/install/aruco/lib:/home/ueshiba/ros2_ws/install/aist_handeye_calibration_msgs/lib:/home/ueshiba/ros2_ws/install/aist_aruco_msgs/lib:/opt/ros/rolling/opt/rviz_ogre_vendor/lib:/opt/ros/rolling/lib/x86_64-linux-gnu:/opt/ros/rolling/lib:/usr/local/lib:/usr/lib64:/usr/local/cuda-12.5/lib64:/opt/Photoneo/PhoXiControl-1.13.4/API/lib PS1=\[\e]0;\u@\h: \w\a\]\h% PYTHONPATH=/home/ueshiba/ros2_ws/install/ddynamic_reconfigure2/lib/python3.10/site-packages:/home/ueshiba/ros2_ws/install/aist_msgs/lib/python3.10/site-packages:/home/ueshiba/ros2_ws/build/rqt_reconfigure/src:/home/ueshiba/ros2_ws/install/rqt_reconfigure/lib/python3.10/site-packages:/home/ueshiba/ros2_ws/install/realsense2_camera_msgs/lib/python3.10/site-packages:/home/ueshiba/ros2_ws/install/aist_handeye_calibration/lib/python3.10/site-packages:/home/ueshiba/ros2_ws/install/aist_camera_multiplexer/lib/python3.10/site-packages:/home/ueshiba/ros2_ws/install/aruco_msgs/lib/python3.10/site-packages:/home/ueshiba/ros2_ws/install/aist_handeye_calibration_msgs/lib/python3.10/site-packages:/home/ueshiba/ros2_ws/install/aist_aruco_msgs/lib/python3.10/site-packages:/opt/ros/rolling/lib/python3.10/site-packages /usr/bin/cmake --install /home/ueshiba/ros2_ws/build/cu_bridge
