[0.042s] Invoking command in '/home/ueshiba/ros2_ws/build/aist_iiwa_moveit_config': PS1=\[\e]0;\u@\h: \w\a\]\h% /usr/bin/cmake /home/ueshiba/noetic/catkin_ws/src/artros/aist_iiwa/aist_iiwa_moveit_config -DCATKIN_INSTALL_INTO_PREFIX_ROOT=0 -DCMAKE_INSTALL_PREFIX=/home/ueshiba/ros2_ws/install
[0.062s] [0mCMake Deprecation Warning at CMakeLists.txt:1 (cmake_minimum_required):
[0.062s]   Compatibility with CMake < 2.8.12 will be removed from a future version of
[0.062s]   CMake.
[0.062s] 
[0.062s]   Update the VERSION argument <min> value or use a ...<max> suffix to tell
[0.062s]   CMake that the project does not need compatibility with older versions.
[0.062s] 
[0.062s] [0m
[0.073s] -- The C compiler identification is GNU 11.4.0
[0.121s] -- The CXX compiler identification is GNU 11.4.0
[0.129s] -- Detecting C compiler ABI info
[0.175s] -- Detecting C compiler ABI info - done
[0.184s] -- Check for working C compiler: /usr/bin/cc - skipped
[0.184s] -- Detecting C compile features
[0.184s] -- Detecting C compile features - done
[0.188s] -- Detecting CXX compiler ABI info
[0.248s] -- Detecting CXX compiler ABI info - done
[0.253s] -- Check for working CXX compiler: /usr/bin/c++ - skipped
[0.253s] -- Detecting CXX compile features
[0.253s] -- Detecting CXX compile features - done
[0.260s] [31mCMake Error at CMakeLists.txt:4 (find_package):
[0.260s]   By not providing "Findcatkin.cmake" in CMAKE_MODULE_PATH this project has
[0.260s]   asked CMake to find a package configuration file provided by "catkin", but
[0.261s]   CMake did not find one.
[0.261s] 
[0.261s]   Could not find a package configuration file provided by "catkin" with any
[0.261s]   of the following names:
[0.261s] 
[0.261s]     catkinConfig.cmake
[0.261s]     catkin-config.cmake
[0.261s] 
[0.261s]   Add the installation prefix of "catkin" to CMAKE_PREFIX_PATH or set
[0.261s]   "catkin_DIR" to a directory containing one of the above files.  If "catkin"
[0.261s]   provides a separate development package or SDK, be sure it has been
[0.261s]   installed.
[0.261s] 
[0.261s] [0m
[0.261s] -- Configuring incomplete, errors occurred!
[0.261s] See also "/home/ueshiba/ros2_ws/build/aist_iiwa_moveit_config/CMakeFiles/CMakeOutput.log".
