[0.026s] Invoking command in '/home/ueshiba/ros2_ws/build/aist_msgs': CMAKE_PREFIX_PATH=${CMAKE_PREFIX_PATH}:/home/ueshiba/ros2_ws/install/rqt_reconfigure:/opt/ros/rolling PS1=\[\e]0;\u@\h: \w\a\]\h% /usr/bin/cmake --build /home/ueshiba/ros2_ws/build/aist_msgs -- -j24 -l24
[0.232s] [  1%] Built target aist_msgs__rosidl_generator_type_description
[0.233s] [  1%] Built target ament_cmake_python_symlink_aist_msgs
[0.233s] [  1%] Built target aist_msgs__cpp
[0.234s] [ 27%] Built target aist_msgs__rosidl_generator_c
[0.234s] [35m[1mConsolidate compiler generated dependencies of target aist_msgs__rosidl_typesupport_cpp[0m
[0.234s] [35m[1mConsolidate compiler generated dependencies of target aist_msgs__rosidl_typesupport_fastrtps_c[0m
[0.234s] [35m[1mConsolidate compiler generated dependencies of target aist_msgs__rosidl_typesupport_fastrtps_cpp[0m
[0.234s] [35m[1mConsolidate compiler generated dependencies of target aist_msgs__rosidl_typesupport_introspection_cpp[0m
[0.234s] [ 37%] Built target aist_msgs__rosidl_typesupport_cpp
[0.234s] [ 46%] Built target aist_msgs__rosidl_typesupport_c
[0.234s] [ 55%] Built target aist_msgs__rosidl_typesupport_fastrtps_c
[0.235s] [ 65%] Built target aist_msgs__rosidl_typesupport_fastrtps_cpp
[0.235s] [ 74%] Built target aist_msgs__rosidl_typesupport_introspection_c
[0.235s] [ 84%] Built target aist_msgs__rosidl_typesupport_introspection_cpp
[0.235s] [ 84%] Built target aist_msgs
[0.236s] [ 85%] Built target aist_msgs__py
[0.236s] [35m[1mConsolidate compiler generated dependencies of target aist_msgs__rosidl_generator_py[0m
[0.236s] [ 94%] Built target aist_msgs__rosidl_generator_py
[0.236s] [35m[1mConsolidate compiler generated dependencies of target aist_msgs__rosidl_typesupport_c__pyext[0m
[0.237s] [35m[1mConsolidate compiler generated dependencies of target aist_msgs__rosidl_typesupport_introspection_c__pyext[0m
[0.237s] [35m[1mConsolidate compiler generated dependencies of target aist_msgs__rosidl_typesupport_fastrtps_c__pyext[0m
[0.249s] [ 96%] Built target aist_msgs__rosidl_typesupport_c__pyext
[0.249s] [ 98%] Built target aist_msgs__rosidl_typesupport_introspection_c__pyext
[0.250s] [100%] Built target aist_msgs__rosidl_typesupport_fastrtps_c__pyext
[0.250s] running egg_info
[0.250s] writing aist_msgs.egg-info/PKG-INFO
[0.250s] writing dependency_links to aist_msgs.egg-info/dependency_links.txt
[0.250s] writing top-level names to aist_msgs.egg-info/top_level.txt
[0.251s] reading manifest file 'aist_msgs.egg-info/SOURCES.txt'
[0.251s] writing manifest file 'aist_msgs.egg-info/SOURCES.txt'
[0.259s] [100%] Built target ament_cmake_python_build_aist_msgs_egg
[0.268s] Invoked command in '/home/ueshiba/ros2_ws/build/aist_msgs' returned '0': CMAKE_PREFIX_PATH=${CMAKE_PREFIX_PATH}:/home/ueshiba/ros2_ws/install/rqt_reconfigure:/opt/ros/rolling PS1=\[\e]0;\u@\h: \w\a\]\h% /usr/bin/cmake --build /home/ueshiba/ros2_ws/build/aist_msgs -- -j24 -l24
[0.464s] Invoking command in '/home/ueshiba/ros2_ws/build/aist_msgs': CMAKE_PREFIX_PATH=${CMAKE_PREFIX_PATH}:/home/ueshiba/ros2_ws/install/rqt_reconfigure:/opt/ros/rolling PS1=\[\e]0;\u@\h: \w\a\]\h% /usr/bin/cmake --install /home/ueshiba/ros2_ws/build/aist_msgs
[0.468s] -- Install configuration: ""
[0.469s] -- Execute custom install script
[0.469s] -- Up-to-date symlink: /home/ueshiba/ros2_ws/install/aist_msgs/share/ament_index/resource_index/rosidl_interfaces/aist_msgs
[0.469s] -- Up-to-date symlink: /home/ueshiba/ros2_ws/install/aist_msgs/share/aist_msgs/msg/DisplayItem.json
[0.470s] -- Up-to-date symlink: /home/ueshiba/ros2_ws/install/aist_msgs/share/aist_msgs/msg/Float32Stamped.json
[0.470s] -- Up-to-date symlink: /home/ueshiba/ros2_ws/install/aist_msgs/share/aist_msgs/msg/Pointing.json
[0.470s] -- Up-to-date symlink: /home/ueshiba/ros2_ws/install/aist_msgs/share/aist_msgs/msg/RequestHelp.json
[0.470s] -- Up-to-date symlink: /home/ueshiba/ros2_ws/install/aist_msgs/share/aist_msgs/msg/UpsetResult.json
[0.470s] -- Up-to-date symlink: /home/ueshiba/ros2_ws/install/aist_msgs/share/aist_msgs/action/AttemptBin.json
[0.471s] -- Up-to-date symlink: /home/ueshiba/ros2_ws/install/aist_msgs/share/aist_msgs/action/PickOrPlace.json
[0.471s] -- Up-to-date symlink: /home/ueshiba/ros2_ws/install/aist_msgs/share/aist_msgs/action/RepeatSweep.json
[0.471s] -- Up-to-date symlink: /home/ueshiba/ros2_ws/install/aist_msgs/share/aist_msgs/action/RequestHelp.json
[0.471s] -- Up-to-date symlink: /home/ueshiba/ros2_ws/install/aist_msgs/share/aist_msgs/action/Sweep.json
[0.472s] -- Up-to-date symlink: /home/ueshiba/ros2_ws/install/aist_msgs/include/aist_msgs/aist_msgs/action/attempt_bin.h
[0.473s] -- Up-to-date symlink: /home/ueshiba/ros2_ws/install/aist_msgs/include/aist_msgs/aist_msgs/action/detail/attempt_bin__functions.h
[0.473s] -- Up-to-date symlink: /home/ueshiba/ros2_ws/install/aist_msgs/include/aist_msgs/aist_msgs/action/detail/attempt_bin__struct.h
[0.473s] -- Up-to-date symlink: /home/ueshiba/ros2_ws/install/aist_msgs/include/aist_msgs/aist_msgs/action/detail/attempt_bin__type_support.h
[0.473s] -- Up-to-date symlink: /home/ueshiba/ros2_ws/install/aist_msgs/include/aist_msgs/aist_msgs/action/detail/pick_or_place__functions.h
[0.473s] -- Up-to-date symlink: /home/ueshiba/ros2_ws/install/aist_msgs/include/aist_msgs/aist_msgs/action/detail/pick_or_place__struct.h
[0.474s] -- Up-to-date symlink: /home/ueshiba/ros2_ws/install/aist_msgs/include/aist_msgs/aist_msgs/action/detail/pick_or_place__type_support.h
[0.474s] -- Up-to-date symlink: /home/ueshiba/ros2_ws/install/aist_msgs/include/aist_msgs/aist_msgs/action/detail/repeat_sweep__functions.h
[0.474s] -- Up-to-date symlink: /home/ueshiba/ros2_ws/install/aist_msgs/include/aist_msgs/aist_msgs/action/detail/repeat_sweep__struct.h
[0.474s] -- Up-to-date symlink: /home/ueshiba/ros2_ws/install/aist_msgs/include/aist_msgs/aist_msgs/action/detail/repeat_sweep__type_support.h
[0.474s] -- Up-to-date symlink: /home/ueshiba/ros2_ws/install/aist_msgs/include/aist_msgs/aist_msgs/action/detail/request_help__functions.h
[0.475s] -- Up-to-date symlink: /home/ueshiba/ros2_ws/install/aist_msgs/include/aist_msgs/aist_msgs/action/detail/request_help__struct.h
[0.475s] -- Up-to-date symlink: /home/ueshiba/ros2_ws/install/aist_msgs/include/aist_msgs/aist_msgs/action/detail/request_help__type_support.h
[0.475s] -- Up-to-date symlink: /home/ueshiba/ros2_ws/install/aist_msgs/include/aist_msgs/aist_msgs/action/detail/sweep__functions.h
[0.475s] -- Up-to-date symlink: /home/ueshiba/ros2_ws/install/aist_msgs/include/aist_msgs/aist_msgs/action/detail/sweep__struct.h
[0.475s] -- Up-to-date symlink: /home/ueshiba/ros2_ws/install/aist_msgs/include/aist_msgs/aist_msgs/action/detail/sweep__type_support.h
[0.475s] -- Up-to-date symlink: /home/ueshiba/ros2_ws/install/aist_msgs/include/aist_msgs/aist_msgs/action/pick_or_place.h
[0.475s] -- Up-to-date symlink: /home/ueshiba/ros2_ws/install/aist_msgs/include/aist_msgs/aist_msgs/action/repeat_sweep.h
[0.475s] -- Up-to-date symlink: /home/ueshiba/ros2_ws/install/aist_msgs/include/aist_msgs/aist_msgs/action/request_help.h
[0.475s] -- Up-to-date symlink: /home/ueshiba/ros2_ws/install/aist_msgs/include/aist_msgs/aist_msgs/action/sweep.h
[0.475s] -- Up-to-date symlink: /home/ueshiba/ros2_ws/install/aist_msgs/include/aist_msgs/aist_msgs/msg/detail/display_item__functions.h
[0.475s] -- Up-to-date symlink: /home/ueshiba/ros2_ws/install/aist_msgs/include/aist_msgs/aist_msgs/msg/detail/display_item__struct.h
[0.475s] -- Up-to-date symlink: /home/ueshiba/ros2_ws/install/aist_msgs/include/aist_msgs/aist_msgs/msg/detail/display_item__type_support.h
[0.475s] -- Up-to-date symlink: /home/ueshiba/ros2_ws/install/aist_msgs/include/aist_msgs/aist_msgs/msg/detail/float32_stamped__functions.h
[0.475s] -- Up-to-date symlink: /home/ueshiba/ros2_ws/install/aist_msgs/include/aist_msgs/aist_msgs/msg/detail/float32_stamped__struct.h
[0.476s] -- Up-to-date symlink: /home/ueshiba/ros2_ws/install/aist_msgs/include/aist_msgs/aist_msgs/msg/detail/float32_stamped__type_support.h
[0.476s] -- Up-to-date symlink: /home/ueshiba/ros2_ws/install/aist_msgs/include/aist_msgs/aist_msgs/msg/detail/pointing__functions.h
[0.476s] -- Up-to-date symlink: /home/ueshiba/ros2_ws/install/aist_msgs/include/aist_msgs/aist_msgs/msg/detail/pointing__struct.h
[0.476s] -- Up-to-date symlink: /home/ueshiba/ros2_ws/install/aist_msgs/include/aist_msgs/aist_msgs/msg/detail/pointing__type_support.h
[0.476s] -- Up-to-date symlink: /home/ueshiba/ros2_ws/install/aist_msgs/include/aist_msgs/aist_msgs/msg/detail/request_help__functions.h
[0.476s] -- Up-to-date symlink: /home/ueshiba/ros2_ws/install/aist_msgs/include/aist_msgs/aist_msgs/msg/detail/request_help__struct.h
[0.476s] -- Up-to-date symlink: /home/ueshiba/ros2_ws/install/aist_msgs/include/aist_msgs/aist_msgs/msg/detail/request_help__type_support.h
[0.476s] -- Up-to-date symlink: /home/ueshiba/ros2_ws/install/aist_msgs/include/aist_msgs/aist_msgs/msg/detail/upset_result__functions.h
[0.476s] -- Up-to-date symlink: /home/ueshiba/ros2_ws/install/aist_msgs/include/aist_msgs/aist_msgs/msg/detail/upset_result__struct.h
[0.477s] -- Up-to-date symlink: /home/ueshiba/ros2_ws/install/aist_msgs/include/aist_msgs/aist_msgs/msg/detail/upset_result__type_support.h
[0.477s] -- Up-to-date symlink: /home/ueshiba/ros2_ws/install/aist_msgs/include/aist_msgs/aist_msgs/msg/display_item.h
[0.477s] -- Up-to-date symlink: /home/ueshiba/ros2_ws/install/aist_msgs/include/aist_msgs/aist_msgs/msg/float32_stamped.h
[0.477s] -- Up-to-date symlink: /home/ueshiba/ros2_ws/install/aist_msgs/include/aist_msgs/aist_msgs/msg/pointing.h
[0.477s] -- Up-to-date symlink: /home/ueshiba/ros2_ws/install/aist_msgs/include/aist_msgs/aist_msgs/msg/request_help.h
[0.477s] -- Up-to-date symlink: /home/ueshiba/ros2_ws/install/aist_msgs/include/aist_msgs/aist_msgs/msg/rosidl_generator_c__visibility_control.h
[0.478s] -- Up-to-date symlink: /home/ueshiba/ros2_ws/install/aist_msgs/include/aist_msgs/aist_msgs/msg/upset_result.h
[0.478s] -- Up-to-date symlink: /home/ueshiba/ros2_ws/install/aist_msgs/share/aist_msgs/environment/library_path.sh
[0.478s] -- Up-to-date symlink: /home/ueshiba/ros2_ws/install/aist_msgs/share/aist_msgs/environment/library_path.dsv
[0.479s] -- Up-to-date symlink: /home/ueshiba/ros2_ws/install/aist_msgs/include/aist_msgs/aist_msgs/action/detail/attempt_bin__rosidl_typesupport_fastrtps_c.h
[0.479s] -- Up-to-date symlink: /home/ueshiba/ros2_ws/install/aist_msgs/include/aist_msgs/aist_msgs/action/detail/pick_or_place__rosidl_typesupport_fastrtps_c.h
[0.479s] -- Up-to-date symlink: /home/ueshiba/ros2_ws/install/aist_msgs/include/aist_msgs/aist_msgs/action/detail/repeat_sweep__rosidl_typesupport_fastrtps_c.h
[0.479s] -- Up-to-date symlink: /home/ueshiba/ros2_ws/install/aist_msgs/include/aist_msgs/aist_msgs/action/detail/request_help__rosidl_typesupport_fastrtps_c.h
[0.479s] -- Up-to-date symlink: /home/ueshiba/ros2_ws/install/aist_msgs/include/aist_msgs/aist_msgs/action/detail/sweep__rosidl_typesupport_fastrtps_c.h
[0.479s] -- Up-to-date symlink: /home/ueshiba/ros2_ws/install/aist_msgs/include/aist_msgs/aist_msgs/msg/detail/display_item__rosidl_typesupport_fastrtps_c.h
[0.479s] -- Up-to-date symlink: /home/ueshiba/ros2_ws/install/aist_msgs/include/aist_msgs/aist_msgs/msg/detail/float32_stamped__rosidl_typesupport_fastrtps_c.h
[0.479s] -- Up-to-date symlink: /home/ueshiba/ros2_ws/install/aist_msgs/include/aist_msgs/aist_msgs/msg/detail/pointing__rosidl_typesupport_fastrtps_c.h
[0.480s] -- Up-to-date symlink: /home/ueshiba/ros2_ws/install/aist_msgs/include/aist_msgs/aist_msgs/msg/detail/request_help__rosidl_typesupport_fastrtps_c.h
[0.480s] -- Up-to-date symlink: /home/ueshiba/ros2_ws/install/aist_msgs/include/aist_msgs/aist_msgs/msg/detail/upset_result__rosidl_typesupport_fastrtps_c.h
[0.480s] -- Up-to-date symlink: /home/ueshiba/ros2_ws/install/aist_msgs/include/aist_msgs/aist_msgs/msg/rosidl_typesupport_fastrtps_c__visibility_control.h
[0.480s] -- Up-to-date symlink: /home/ueshiba/ros2_ws/install/aist_msgs/include/aist_msgs/aist_msgs/action/detail/attempt_bin__rosidl_typesupport_introspection_c.h
[0.480s] -- Up-to-date symlink: /home/ueshiba/ros2_ws/install/aist_msgs/include/aist_msgs/aist_msgs/action/detail/pick_or_place__rosidl_typesupport_introspection_c.h
[0.480s] -- Up-to-date symlink: /home/ueshiba/ros2_ws/install/aist_msgs/include/aist_msgs/aist_msgs/action/detail/repeat_sweep__rosidl_typesupport_introspection_c.h
[0.480s] -- Up-to-date symlink: /home/ueshiba/ros2_ws/install/aist_msgs/include/aist_msgs/aist_msgs/action/detail/request_help__rosidl_typesupport_introspection_c.h
[0.480s] -- Up-to-date symlink: /home/ueshiba/ros2_ws/install/aist_msgs/include/aist_msgs/aist_msgs/action/detail/sweep__rosidl_typesupport_introspection_c.h
[0.481s] -- Up-to-date symlink: /home/ueshiba/ros2_ws/install/aist_msgs/include/aist_msgs/aist_msgs/msg/detail/display_item__rosidl_typesupport_introspection_c.h
[0.481s] -- Up-to-date symlink: /home/ueshiba/ros2_ws/install/aist_msgs/include/aist_msgs/aist_msgs/msg/detail/float32_stamped__rosidl_typesupport_introspection_c.h
[0.481s] -- Up-to-date symlink: /home/ueshiba/ros2_ws/install/aist_msgs/include/aist_msgs/aist_msgs/msg/detail/pointing__rosidl_typesupport_introspection_c.h
[0.481s] -- Up-to-date symlink: /home/ueshiba/ros2_ws/install/aist_msgs/include/aist_msgs/aist_msgs/msg/detail/request_help__rosidl_typesupport_introspection_c.h
[0.481s] -- Up-to-date symlink: /home/ueshiba/ros2_ws/install/aist_msgs/include/aist_msgs/aist_msgs/msg/detail/upset_result__rosidl_typesupport_introspection_c.h
[0.481s] -- Up-to-date symlink: /home/ueshiba/ros2_ws/install/aist_msgs/include/aist_msgs/aist_msgs/msg/rosidl_typesupport_introspection_c__visibility_control.h
[0.482s] -- Up-to-date symlink: /home/ueshiba/ros2_ws/install/aist_msgs/include/aist_msgs/aist_msgs/action/attempt_bin.hpp
[0.482s] -- Up-to-date symlink: /home/ueshiba/ros2_ws/install/aist_msgs/include/aist_msgs/aist_msgs/action/detail/attempt_bin__builder.hpp
[0.483s] -- Up-to-date symlink: /home/ueshiba/ros2_ws/install/aist_msgs/include/aist_msgs/aist_msgs/action/detail/attempt_bin__struct.hpp
[0.483s] -- Up-to-date symlink: /home/ueshiba/ros2_ws/install/aist_msgs/include/aist_msgs/aist_msgs/action/detail/attempt_bin__traits.hpp
[0.483s] -- Up-to-date symlink: /home/ueshiba/ros2_ws/install/aist_msgs/include/aist_msgs/aist_msgs/action/detail/attempt_bin__type_support.hpp
[0.483s] -- Up-to-date symlink: /home/ueshiba/ros2_ws/install/aist_msgs/include/aist_msgs/aist_msgs/action/detail/pick_or_place__builder.hpp
[0.483s] -- Up-to-date symlink: /home/ueshiba/ros2_ws/install/aist_msgs/include/aist_msgs/aist_msgs/action/detail/pick_or_place__struct.hpp
[0.483s] -- Up-to-date symlink: /home/ueshiba/ros2_ws/install/aist_msgs/include/aist_msgs/aist_msgs/action/detail/pick_or_place__traits.hpp
[0.484s] -- Up-to-date symlink: /home/ueshiba/ros2_ws/install/aist_msgs/include/aist_msgs/aist_msgs/action/detail/pick_or_place__type_support.hpp
[0.484s] -- Up-to-date symlink: /home/ueshiba/ros2_ws/install/aist_msgs/include/aist_msgs/aist_msgs/action/detail/repeat_sweep__builder.hpp
[0.484s] -- Up-to-date symlink: /home/ueshiba/ros2_ws/install/aist_msgs/include/aist_msgs/aist_msgs/action/detail/repeat_sweep__struct.hpp
[0.484s] -- Up-to-date symlink: /home/ueshiba/ros2_ws/install/aist_msgs/include/aist_msgs/aist_msgs/action/detail/repeat_sweep__traits.hpp
[0.484s] -- Up-to-date symlink: /home/ueshiba/ros2_ws/install/aist_msgs/include/aist_msgs/aist_msgs/action/detail/repeat_sweep__type_support.hpp
[0.484s] -- Up-to-date symlink: /home/ueshiba/ros2_ws/install/aist_msgs/include/aist_msgs/aist_msgs/action/detail/request_help__builder.hpp
[0.484s] -- Up-to-date symlink: /home/ueshiba/ros2_ws/install/aist_msgs/include/aist_msgs/aist_msgs/action/detail/request_help__struct.hpp
[0.484s] -- Up-to-date symlink: /home/ueshiba/ros2_ws/install/aist_msgs/include/aist_msgs/aist_msgs/action/detail/request_help__traits.hpp
[0.484s] -- Up-to-date symlink: /home/ueshiba/ros2_ws/install/aist_msgs/include/aist_msgs/aist_msgs/action/detail/request_help__type_support.hpp
[0.484s] -- Up-to-date symlink: /home/ueshiba/ros2_ws/install/aist_msgs/include/aist_msgs/aist_msgs/action/detail/sweep__builder.hpp
[0.484s] -- Up-to-date symlink: /home/ueshiba/ros2_ws/install/aist_msgs/include/aist_msgs/aist_msgs/action/detail/sweep__struct.hpp
[0.484s] -- Up-to-date symlink: /home/ueshiba/ros2_ws/install/aist_msgs/include/aist_msgs/aist_msgs/action/detail/sweep__traits.hpp
[0.485s] -- Up-to-date symlink: /home/ueshiba/ros2_ws/install/aist_msgs/include/aist_msgs/aist_msgs/action/detail/sweep__type_support.hpp
[0.485s] -- Up-to-date symlink: /home/ueshiba/ros2_ws/install/aist_msgs/include/aist_msgs/aist_msgs/action/pick_or_place.hpp
[0.485s] -- Up-to-date symlink: /home/ueshiba/ros2_ws/install/aist_msgs/include/aist_msgs/aist_msgs/action/repeat_sweep.hpp
[0.485s] -- Up-to-date symlink: /home/ueshiba/ros2_ws/install/aist_msgs/include/aist_msgs/aist_msgs/action/request_help.hpp
[0.486s] -- Up-to-date symlink: /home/ueshiba/ros2_ws/install/aist_msgs/include/aist_msgs/aist_msgs/action/sweep.hpp
[0.487s] -- Up-to-date symlink: /home/ueshiba/ros2_ws/install/aist_msgs/include/aist_msgs/aist_msgs/msg/detail/display_item__builder.hpp
[0.487s] -- Up-to-date symlink: /home/ueshiba/ros2_ws/install/aist_msgs/include/aist_msgs/aist_msgs/msg/detail/display_item__struct.hpp
[0.487s] -- Up-to-date symlink: /home/ueshiba/ros2_ws/install/aist_msgs/include/aist_msgs/aist_msgs/msg/detail/display_item__traits.hpp
[0.487s] -- Up-to-date symlink: /home/ueshiba/ros2_ws/install/aist_msgs/include/aist_msgs/aist_msgs/msg/detail/display_item__type_support.hpp
[0.487s] -- Up-to-date symlink: /home/ueshiba/ros2_ws/install/aist_msgs/include/aist_msgs/aist_msgs/msg/detail/float32_stamped__builder.hpp
[0.488s] -- Up-to-date symlink: /home/ueshiba/ros2_ws/install/aist_msgs/include/aist_msgs/aist_msgs/msg/detail/float32_stamped__struct.hpp
[0.488s] -- Up-to-date symlink: /home/ueshiba/ros2_ws/install/aist_msgs/include/aist_msgs/aist_msgs/msg/detail/float32_stamped__traits.hpp
[0.488s] -- Up-to-date symlink: /home/ueshiba/ros2_ws/install/aist_msgs/include/aist_msgs/aist_msgs/msg/detail/float32_stamped__type_support.hpp
[0.488s] -- Up-to-date symlink: /home/ueshiba/ros2_ws/install/aist_msgs/include/aist_msgs/aist_msgs/msg/detail/pointing__builder.hpp
[0.488s] -- Up-to-date symlink: /home/ueshiba/ros2_ws/install/aist_msgs/include/aist_msgs/aist_msgs/msg/detail/pointing__struct.hpp
[0.488s] -- Up-to-date symlink: /home/ueshiba/ros2_ws/install/aist_msgs/include/aist_msgs/aist_msgs/msg/detail/pointing__traits.hpp
[0.488s] -- Up-to-date symlink: /home/ueshiba/ros2_ws/install/aist_msgs/include/aist_msgs/aist_msgs/msg/detail/pointing__type_support.hpp
[0.488s] -- Up-to-date symlink: /home/ueshiba/ros2_ws/install/aist_msgs/include/aist_msgs/aist_msgs/msg/detail/request_help__builder.hpp
[0.489s] -- Up-to-date symlink: /home/ueshiba/ros2_ws/install/aist_msgs/include/aist_msgs/aist_msgs/msg/detail/request_help__struct.hpp
[0.489s] -- Up-to-date symlink: /home/ueshiba/ros2_ws/install/aist_msgs/include/aist_msgs/aist_msgs/msg/detail/request_help__traits.hpp
[0.489s] -- Up-to-date symlink: /home/ueshiba/ros2_ws/install/aist_msgs/include/aist_msgs/aist_msgs/msg/detail/request_help__type_support.hpp
[0.489s] -- Up-to-date symlink: /home/ueshiba/ros2_ws/install/aist_msgs/include/aist_msgs/aist_msgs/msg/detail/upset_result__builder.hpp
[0.489s] -- Up-to-date symlink: /home/ueshiba/ros2_ws/install/aist_msgs/include/aist_msgs/aist_msgs/msg/detail/upset_result__struct.hpp
[0.489s] -- Up-to-date symlink: /home/ueshiba/ros2_ws/install/aist_msgs/include/aist_msgs/aist_msgs/msg/detail/upset_result__traits.hpp
[0.490s] -- Up-to-date symlink: /home/ueshiba/ros2_ws/install/aist_msgs/include/aist_msgs/aist_msgs/msg/detail/upset_result__type_support.hpp
[0.490s] -- Up-to-date symlink: /home/ueshiba/ros2_ws/install/aist_msgs/include/aist_msgs/aist_msgs/msg/display_item.hpp
[0.490s] -- Up-to-date symlink: /home/ueshiba/ros2_ws/install/aist_msgs/include/aist_msgs/aist_msgs/msg/float32_stamped.hpp
[0.490s] -- Up-to-date symlink: /home/ueshiba/ros2_ws/install/aist_msgs/include/aist_msgs/aist_msgs/msg/pointing.hpp
[0.490s] -- Up-to-date symlink: /home/ueshiba/ros2_ws/install/aist_msgs/include/aist_msgs/aist_msgs/msg/request_help.hpp
[0.490s] -- Up-to-date symlink: /home/ueshiba/ros2_ws/install/aist_msgs/include/aist_msgs/aist_msgs/msg/rosidl_generator_cpp__visibility_control.hpp
[0.491s] -- Up-to-date symlink: /home/ueshiba/ros2_ws/install/aist_msgs/include/aist_msgs/aist_msgs/msg/upset_result.hpp
[0.491s] -- Up-to-date symlink: /home/ueshiba/ros2_ws/install/aist_msgs/include/aist_msgs/aist_msgs/action/detail/attempt_bin__rosidl_typesupport_fastrtps_cpp.hpp
[0.491s] -- Up-to-date symlink: /home/ueshiba/ros2_ws/install/aist_msgs/include/aist_msgs/aist_msgs/action/detail/pick_or_place__rosidl_typesupport_fastrtps_cpp.hpp
[0.491s] -- Up-to-date symlink: /home/ueshiba/ros2_ws/install/aist_msgs/include/aist_msgs/aist_msgs/action/detail/repeat_sweep__rosidl_typesupport_fastrtps_cpp.hpp
[0.491s] -- Up-to-date symlink: /home/ueshiba/ros2_ws/install/aist_msgs/include/aist_msgs/aist_msgs/action/detail/request_help__rosidl_typesupport_fastrtps_cpp.hpp
[0.491s] -- Up-to-date symlink: /home/ueshiba/ros2_ws/install/aist_msgs/include/aist_msgs/aist_msgs/action/detail/sweep__rosidl_typesupport_fastrtps_cpp.hpp
[0.492s] -- Up-to-date symlink: /home/ueshiba/ros2_ws/install/aist_msgs/include/aist_msgs/aist_msgs/msg/detail/display_item__rosidl_typesupport_fastrtps_cpp.hpp
[0.492s] -- Up-to-date symlink: /home/ueshiba/ros2_ws/install/aist_msgs/include/aist_msgs/aist_msgs/msg/detail/float32_stamped__rosidl_typesupport_fastrtps_cpp.hpp
[0.492s] -- Up-to-date symlink: /home/ueshiba/ros2_ws/install/aist_msgs/include/aist_msgs/aist_msgs/msg/detail/pointing__rosidl_typesupport_fastrtps_cpp.hpp
[0.492s] -- Up-to-date symlink: /home/ueshiba/ros2_ws/install/aist_msgs/include/aist_msgs/aist_msgs/msg/detail/request_help__rosidl_typesupport_fastrtps_cpp.hpp
[0.492s] -- Up-to-date symlink: /home/ueshiba/ros2_ws/install/aist_msgs/include/aist_msgs/aist_msgs/msg/detail/upset_result__rosidl_typesupport_fastrtps_cpp.hpp
[0.492s] -- Up-to-date symlink: /home/ueshiba/ros2_ws/install/aist_msgs/include/aist_msgs/aist_msgs/msg/rosidl_typesupport_fastrtps_cpp__visibility_control.h
[0.493s] -- Up-to-date symlink: /home/ueshiba/ros2_ws/install/aist_msgs/include/aist_msgs/aist_msgs/action/detail/attempt_bin__rosidl_typesupport_introspection_cpp.hpp
[0.493s] -- Up-to-date symlink: /home/ueshiba/ros2_ws/install/aist_msgs/include/aist_msgs/aist_msgs/action/detail/pick_or_place__rosidl_typesupport_introspection_cpp.hpp
[0.493s] -- Up-to-date symlink: /home/ueshiba/ros2_ws/install/aist_msgs/include/aist_msgs/aist_msgs/action/detail/repeat_sweep__rosidl_typesupport_introspection_cpp.hpp
[0.493s] -- Up-to-date symlink: /home/ueshiba/ros2_ws/install/aist_msgs/include/aist_msgs/aist_msgs/action/detail/request_help__rosidl_typesupport_introspection_cpp.hpp
[0.494s] -- Up-to-date symlink: /home/ueshiba/ros2_ws/install/aist_msgs/include/aist_msgs/aist_msgs/action/detail/sweep__rosidl_typesupport_introspection_cpp.hpp
[0.494s] -- Up-to-date symlink: /home/ueshiba/ros2_ws/install/aist_msgs/include/aist_msgs/aist_msgs/msg/detail/display_item__rosidl_typesupport_introspection_cpp.hpp
[0.494s] -- Up-to-date symlink: /home/ueshiba/ros2_ws/install/aist_msgs/include/aist_msgs/aist_msgs/msg/detail/float32_stamped__rosidl_typesupport_introspection_cpp.hpp
[0.494s] -- Up-to-date symlink: /home/ueshiba/ros2_ws/install/aist_msgs/include/aist_msgs/aist_msgs/msg/detail/pointing__rosidl_typesupport_introspection_cpp.hpp
[0.494s] -- Up-to-date symlink: /home/ueshiba/ros2_ws/install/aist_msgs/include/aist_msgs/aist_msgs/msg/detail/request_help__rosidl_typesupport_introspection_cpp.hpp
[0.494s] -- Up-to-date symlink: /home/ueshiba/ros2_ws/install/aist_msgs/include/aist_msgs/aist_msgs/msg/detail/upset_result__rosidl_typesupport_introspection_cpp.hpp
[0.495s] -- Up-to-date symlink: /home/ueshiba/ros2_ws/install/aist_msgs/share/aist_msgs/environment/pythonpath.sh
[0.495s] -- Up-to-date symlink: /home/ueshiba/ros2_ws/install/aist_msgs/share/aist_msgs/environment/pythonpath.dsv
[0.495s] -- Up-to-date symlink: /home/ueshiba/ros2_ws/install/aist_msgs/lib/python3.10/site-packages/aist_msgs-0.6.0-py3.10.egg-info/PKG-INFO
[0.495s] -- Up-to-date symlink: /home/ueshiba/ros2_ws/install/aist_msgs/lib/python3.10/site-packages/aist_msgs-0.6.0-py3.10.egg-info/SOURCES.txt
[0.496s] -- Up-to-date symlink: /home/ueshiba/ros2_ws/install/aist_msgs/lib/python3.10/site-packages/aist_msgs-0.6.0-py3.10.egg-info/dependency_links.txt
[0.496s] -- Up-to-date symlink: /home/ueshiba/ros2_ws/install/aist_msgs/lib/python3.10/site-packages/aist_msgs-0.6.0-py3.10.egg-info/top_level.txt
[0.496s] -- Up-to-date symlink: /home/ueshiba/ros2_ws/install/aist_msgs/lib/python3.10/site-packages/aist_msgs/__init__.py
[0.496s] -- Up-to-date symlink: /home/ueshiba/ros2_ws/install/aist_msgs/lib/python3.10/site-packages/aist_msgs/_aist_msgs_s.ep.rosidl_typesupport_c.c
[0.496s] -- Up-to-date symlink: /home/ueshiba/ros2_ws/install/aist_msgs/lib/python3.10/site-packages/aist_msgs/_aist_msgs_s.ep.rosidl_typesupport_fastrtps_c.c
[0.497s] -- Up-to-date symlink: /home/ueshiba/ros2_ws/install/aist_msgs/lib/python3.10/site-packages/aist_msgs/_aist_msgs_s.ep.rosidl_typesupport_introspection_c.c
[0.497s] -- Up-to-date symlink: /home/ueshiba/ros2_ws/install/aist_msgs/lib/python3.10/site-packages/aist_msgs/action/__init__.py
[0.497s] -- Up-to-date symlink: /home/ueshiba/ros2_ws/install/aist_msgs/lib/python3.10/site-packages/aist_msgs/action/_attempt_bin.py
[0.497s] -- Up-to-date symlink: /home/ueshiba/ros2_ws/install/aist_msgs/lib/python3.10/site-packages/aist_msgs/action/_attempt_bin_s.c
[0.497s] -- Up-to-date symlink: /home/ueshiba/ros2_ws/install/aist_msgs/lib/python3.10/site-packages/aist_msgs/action/_pick_or_place.py
[0.497s] -- Up-to-date symlink: /home/ueshiba/ros2_ws/install/aist_msgs/lib/python3.10/site-packages/aist_msgs/action/_pick_or_place_s.c
[0.498s] -- Up-to-date symlink: /home/ueshiba/ros2_ws/install/aist_msgs/lib/python3.10/site-packages/aist_msgs/action/_repeat_sweep.py
[0.498s] -- Up-to-date symlink: /home/ueshiba/ros2_ws/install/aist_msgs/lib/python3.10/site-packages/aist_msgs/action/_repeat_sweep_s.c
[0.498s] -- Up-to-date symlink: /home/ueshiba/ros2_ws/install/aist_msgs/lib/python3.10/site-packages/aist_msgs/action/_request_help.py
[0.498s] -- Up-to-date symlink: /home/ueshiba/ros2_ws/install/aist_msgs/lib/python3.10/site-packages/aist_msgs/action/_request_help_s.c
[0.498s] -- Up-to-date symlink: /home/ueshiba/ros2_ws/install/aist_msgs/lib/python3.10/site-packages/aist_msgs/action/_sweep.py
[0.498s] -- Up-to-date symlink: /home/ueshiba/ros2_ws/install/aist_msgs/lib/python3.10/site-packages/aist_msgs/action/_sweep_s.c
[0.498s] -- Up-to-date symlink: /home/ueshiba/ros2_ws/install/aist_msgs/lib/python3.10/site-packages/aist_msgs/msg/__init__.py
[0.498s] -- Up-to-date symlink: /home/ueshiba/ros2_ws/install/aist_msgs/lib/python3.10/site-packages/aist_msgs/msg/_display_item.py
[0.499s] -- Up-to-date symlink: /home/ueshiba/ros2_ws/install/aist_msgs/lib/python3.10/site-packages/aist_msgs/msg/_display_item_s.c
[0.499s] -- Up-to-date symlink: /home/ueshiba/ros2_ws/install/aist_msgs/lib/python3.10/site-packages/aist_msgs/msg/_float32_stamped.py
[0.499s] -- Up-to-date symlink: /home/ueshiba/ros2_ws/install/aist_msgs/lib/python3.10/site-packages/aist_msgs/msg/_float32_stamped_s.c
[0.499s] -- Up-to-date symlink: /home/ueshiba/ros2_ws/install/aist_msgs/lib/python3.10/site-packages/aist_msgs/msg/_pointing.py
[0.499s] -- Up-to-date symlink: /home/ueshiba/ros2_ws/install/aist_msgs/lib/python3.10/site-packages/aist_msgs/msg/_pointing_s.c
[0.499s] -- Up-to-date symlink: /home/ueshiba/ros2_ws/install/aist_msgs/lib/python3.10/site-packages/aist_msgs/msg/_request_help.py
[0.499s] -- Up-to-date symlink: /home/ueshiba/ros2_ws/install/aist_msgs/lib/python3.10/site-packages/aist_msgs/msg/_request_help_s.c
[0.499s] -- Up-to-date symlink: /home/ueshiba/ros2_ws/install/aist_msgs/lib/python3.10/site-packages/aist_msgs/msg/_upset_result.py
[0.500s] -- Up-to-date symlink: /home/ueshiba/ros2_ws/install/aist_msgs/lib/python3.10/site-packages/aist_msgs/msg/_upset_result_s.c
[0.500s] -- Up-to-date symlink: /home/ueshiba/ros2_ws/install/aist_msgs/lib/python3.10/site-packages/aist_msgs/aist_msgs_s__rosidl_typesupport_fastrtps_c.cpython-310-x86_64-linux-gnu.so
[0.501s] -- Up-to-date symlink: /home/ueshiba/ros2_ws/install/aist_msgs/lib/python3.10/site-packages/aist_msgs/aist_msgs_s__rosidl_typesupport_introspection_c.cpython-310-x86_64-linux-gnu.so
[0.501s] -- Up-to-date symlink: /home/ueshiba/ros2_ws/install/aist_msgs/lib/python3.10/site-packages/aist_msgs/aist_msgs_s__rosidl_typesupport_c.cpython-310-x86_64-linux-gnu.so
[0.501s] -- Up-to-date symlink: /home/ueshiba/ros2_ws/install/aist_msgs/share/aist_msgs/msg/DisplayItem.idl
[0.501s] -- Up-to-date symlink: /home/ueshiba/ros2_ws/install/aist_msgs/share/aist_msgs/msg/Float32Stamped.idl
[0.501s] -- Up-to-date symlink: /home/ueshiba/ros2_ws/install/aist_msgs/share/aist_msgs/msg/Pointing.idl
[0.501s] -- Up-to-date symlink: /home/ueshiba/ros2_ws/install/aist_msgs/share/aist_msgs/msg/RequestHelp.idl
[0.501s] -- Up-to-date symlink: /home/ueshiba/ros2_ws/install/aist_msgs/share/aist_msgs/msg/UpsetResult.idl
[0.501s] -- Up-to-date symlink: /home/ueshiba/ros2_ws/install/aist_msgs/share/aist_msgs/action/AttemptBin.idl
[0.502s] -- Up-to-date symlink: /home/ueshiba/ros2_ws/install/aist_msgs/share/aist_msgs/action/PickOrPlace.idl
[0.502s] -- Up-to-date symlink: /home/ueshiba/ros2_ws/install/aist_msgs/share/aist_msgs/action/RepeatSweep.idl
[0.502s] -- Up-to-date symlink: /home/ueshiba/ros2_ws/install/aist_msgs/share/aist_msgs/action/RequestHelp.idl
[0.502s] -- Up-to-date symlink: /home/ueshiba/ros2_ws/install/aist_msgs/share/aist_msgs/action/Sweep.idl
[0.503s] -- Up-to-date symlink: /home/ueshiba/ros2_ws/install/aist_msgs/share/aist_msgs/msg/DisplayItem.msg
[0.503s] -- Up-to-date symlink: /home/ueshiba/ros2_ws/install/aist_msgs/share/aist_msgs/msg/Float32Stamped.msg
[0.503s] -- Up-to-date symlink: /home/ueshiba/ros2_ws/install/aist_msgs/share/aist_msgs/msg/Pointing.msg
[0.503s] -- Up-to-date symlink: /home/ueshiba/ros2_ws/install/aist_msgs/share/aist_msgs/msg/RequestHelp.msg
[0.503s] -- Up-to-date symlink: /home/ueshiba/ros2_ws/install/aist_msgs/share/aist_msgs/msg/UpsetResult.msg
[0.503s] -- Up-to-date symlink: /home/ueshiba/ros2_ws/install/aist_msgs/share/aist_msgs/action/AttemptBin.action
[0.503s] -- Up-to-date symlink: /home/ueshiba/ros2_ws/install/aist_msgs/share/aist_msgs/action/PickOrPlace.action
[0.503s] -- Up-to-date symlink: /home/ueshiba/ros2_ws/install/aist_msgs/share/aist_msgs/action/RepeatSweep.action
[0.503s] -- Up-to-date symlink: /home/ueshiba/ros2_ws/install/aist_msgs/share/aist_msgs/action/RequestHelp.action
[0.503s] -- Up-to-date symlink: /home/ueshiba/ros2_ws/install/aist_msgs/share/aist_msgs/action/Sweep.action
[0.503s] -- Up-to-date symlink: /home/ueshiba/ros2_ws/install/aist_msgs/share/ament_index/resource_index/package_run_dependencies/aist_msgs
[0.504s] -- Up-to-date symlink: /home/ueshiba/ros2_ws/install/aist_msgs/share/ament_index/resource_index/parent_prefix_path/aist_msgs
[0.504s] -- Up-to-date symlink: /home/ueshiba/ros2_ws/install/aist_msgs/share/aist_msgs/environment/ament_prefix_path.sh
[0.504s] -- Up-to-date symlink: /home/ueshiba/ros2_ws/install/aist_msgs/share/aist_msgs/environment/ament_prefix_path.dsv
[0.504s] -- Up-to-date symlink: /home/ueshiba/ros2_ws/install/aist_msgs/share/aist_msgs/environment/path.sh
[0.504s] -- Up-to-date symlink: /home/ueshiba/ros2_ws/install/aist_msgs/share/aist_msgs/environment/path.dsv
[0.504s] -- Up-to-date symlink: /home/ueshiba/ros2_ws/install/aist_msgs/share/aist_msgs/local_setup.bash
[0.505s] -- Up-to-date symlink: /home/ueshiba/ros2_ws/install/aist_msgs/share/aist_msgs/local_setup.sh
[0.505s] -- Up-to-date symlink: /home/ueshiba/ros2_ws/install/aist_msgs/share/aist_msgs/local_setup.zsh
[0.505s] -- Up-to-date symlink: /home/ueshiba/ros2_ws/install/aist_msgs/share/aist_msgs/local_setup.dsv
[0.505s] -- Symlinking: /home/ueshiba/ros2_ws/install/aist_msgs/share/aist_msgs/package.dsv
[0.512s] -- Up-to-date symlink: /home/ueshiba/ros2_ws/install/aist_msgs/share/ament_index/resource_index/packages/aist_msgs
[0.512s] -- Up-to-date symlink: /home/ueshiba/ros2_ws/install/aist_msgs/share/aist_msgs/cmake/rosidl_cmake-extras.cmake
[0.512s] -- Up-to-date symlink: /home/ueshiba/ros2_ws/install/aist_msgs/share/aist_msgs/cmake/ament_cmake_export_dependencies-extras.cmake
[0.513s] -- Up-to-date symlink: /home/ueshiba/ros2_ws/install/aist_msgs/share/aist_msgs/cmake/ament_cmake_export_include_directories-extras.cmake
[0.514s] -- Up-to-date symlink: /home/ueshiba/ros2_ws/install/aist_msgs/share/aist_msgs/cmake/ament_cmake_export_libraries-extras.cmake
[0.514s] -- Up-to-date symlink: /home/ueshiba/ros2_ws/install/aist_msgs/share/aist_msgs/cmake/ament_cmake_export_targets-extras.cmake
[0.514s] -- Up-to-date symlink: /home/ueshiba/ros2_ws/install/aist_msgs/share/aist_msgs/cmake/rosidl_cmake_export_typesupport_targets-extras.cmake
[0.514s] -- Up-to-date symlink: /home/ueshiba/ros2_ws/install/aist_msgs/share/aist_msgs/cmake/rosidl_cmake_export_typesupport_libraries-extras.cmake
[0.514s] -- Up-to-date symlink: /home/ueshiba/ros2_ws/install/aist_msgs/share/aist_msgs/cmake/aist_msgsConfig.cmake
[0.514s] -- Up-to-date symlink: /home/ueshiba/ros2_ws/install/aist_msgs/share/aist_msgs/cmake/aist_msgsConfig-version.cmake
[0.514s] -- Up-to-date symlink: /home/ueshiba/ros2_ws/install/aist_msgs/share/aist_msgs/package.xml
[0.514s] -- Up-to-date: /home/ueshiba/ros2_ws/install/aist_msgs/lib/libaist_msgs__rosidl_generator_c.so
[0.515s] -- Up-to-date: /home/ueshiba/ros2_ws/install/aist_msgs/lib/libaist_msgs__rosidl_typesupport_fastrtps_c.so
[0.515s] -- Up-to-date: /home/ueshiba/ros2_ws/install/aist_msgs/lib/libaist_msgs__rosidl_typesupport_introspection_c.so
[0.515s] -- Up-to-date: /home/ueshiba/ros2_ws/install/aist_msgs/lib/libaist_msgs__rosidl_typesupport_c.so
[0.515s] -- Up-to-date: /home/ueshiba/ros2_ws/install/aist_msgs/lib/libaist_msgs__rosidl_typesupport_fastrtps_cpp.so
[0.516s] -- Up-to-date: /home/ueshiba/ros2_ws/install/aist_msgs/lib/libaist_msgs__rosidl_typesupport_introspection_cpp.so
[0.516s] -- Up-to-date: /home/ueshiba/ros2_ws/install/aist_msgs/lib/libaist_msgs__rosidl_typesupport_cpp.so
[0.540s] Listing '/home/ueshiba/ros2_ws/install/aist_msgs/lib/python3.10/site-packages/aist_msgs'...
[0.540s] Listing '/home/ueshiba/ros2_ws/install/aist_msgs/lib/python3.10/site-packages/aist_msgs/action'...
[0.540s] Listing '/home/ueshiba/ros2_ws/install/aist_msgs/lib/python3.10/site-packages/aist_msgs/msg'...
[0.540s] -- Up-to-date: /home/ueshiba/ros2_ws/install/aist_msgs/lib/libaist_msgs__rosidl_generator_py.so
[0.541s] -- Up-to-date: /home/ueshiba/ros2_ws/install/aist_msgs/share/aist_msgs/cmake/export_aist_msgs__rosidl_generator_cExport.cmake
[0.541s] -- Up-to-date: /home/ueshiba/ros2_ws/install/aist_msgs/share/aist_msgs/cmake/export_aist_msgs__rosidl_generator_cExport-noconfig.cmake
[0.541s] -- Up-to-date: /home/ueshiba/ros2_ws/install/aist_msgs/share/aist_msgs/cmake/export_aist_msgs__rosidl_typesupport_fastrtps_cExport.cmake
[0.541s] -- Up-to-date: /home/ueshiba/ros2_ws/install/aist_msgs/share/aist_msgs/cmake/export_aist_msgs__rosidl_typesupport_fastrtps_cExport-noconfig.cmake
[0.543s] -- Up-to-date: /home/ueshiba/ros2_ws/install/aist_msgs/share/aist_msgs/cmake/aist_msgs__rosidl_typesupport_introspection_cExport.cmake
[0.543s] -- Up-to-date: /home/ueshiba/ros2_ws/install/aist_msgs/share/aist_msgs/cmake/aist_msgs__rosidl_typesupport_introspection_cExport-noconfig.cmake
[0.543s] -- Up-to-date: /home/ueshiba/ros2_ws/install/aist_msgs/share/aist_msgs/cmake/aist_msgs__rosidl_typesupport_cExport.cmake
[0.543s] -- Up-to-date: /home/ueshiba/ros2_ws/install/aist_msgs/share/aist_msgs/cmake/aist_msgs__rosidl_typesupport_cExport-noconfig.cmake
[0.543s] -- Up-to-date: /home/ueshiba/ros2_ws/install/aist_msgs/share/aist_msgs/cmake/export_aist_msgs__rosidl_generator_cppExport.cmake
[0.543s] -- Up-to-date: /home/ueshiba/ros2_ws/install/aist_msgs/share/aist_msgs/cmake/export_aist_msgs__rosidl_typesupport_fastrtps_cppExport.cmake
[0.543s] -- Up-to-date: /home/ueshiba/ros2_ws/install/aist_msgs/share/aist_msgs/cmake/export_aist_msgs__rosidl_typesupport_fastrtps_cppExport-noconfig.cmake
[0.543s] -- Up-to-date: /home/ueshiba/ros2_ws/install/aist_msgs/share/aist_msgs/cmake/aist_msgs__rosidl_typesupport_introspection_cppExport.cmake
[0.543s] -- Up-to-date: /home/ueshiba/ros2_ws/install/aist_msgs/share/aist_msgs/cmake/aist_msgs__rosidl_typesupport_introspection_cppExport-noconfig.cmake
[0.543s] -- Up-to-date: /home/ueshiba/ros2_ws/install/aist_msgs/share/aist_msgs/cmake/aist_msgs__rosidl_typesupport_cppExport.cmake
[0.544s] -- Up-to-date: /home/ueshiba/ros2_ws/install/aist_msgs/share/aist_msgs/cmake/aist_msgs__rosidl_typesupport_cppExport-noconfig.cmake
[0.544s] -- Up-to-date: /home/ueshiba/ros2_ws/install/aist_msgs/share/aist_msgs/cmake/export_aist_msgs__rosidl_generator_pyExport.cmake
[0.544s] -- Up-to-date: /home/ueshiba/ros2_ws/install/aist_msgs/share/aist_msgs/cmake/export_aist_msgs__rosidl_generator_pyExport-noconfig.cmake
[0.546s] Invoked command in '/home/ueshiba/ros2_ws/build/aist_msgs' returned '0': CMAKE_PREFIX_PATH=${CMAKE_PREFIX_PATH}:/home/ueshiba/ros2_ws/install/rqt_reconfigure:/opt/ros/rolling PS1=\[\e]0;\u@\h: \w\a\]\h% /usr/bin/cmake --install /home/ueshiba/ros2_ws/build/aist_msgs
