[0.565s] Invoking command in '/home/ueshiba/ros2_ws/build/ur_simulation_gz': CMAKE_PREFIX_PATH=${CMAKE_PREFIX_PATH}:/home/ueshiba/ros2_ws/install/rqt_reconfigure:/opt/ros/rolling PS1=\[\e]0;\u@\h: \w\a\]\h% /usr/bin/cmake --build /home/ueshiba/ros2_ws/build/ur_simulation_gz -- -j24 -l24
[0.768s] Invoked command in '/home/ueshiba/ros2_ws/build/ur_simulation_gz' returned '0': CMAKE_PREFIX_PATH=${CMAKE_PREFIX_PATH}:/home/ueshiba/ros2_ws/install/rqt_reconfigure:/opt/ros/rolling PS1=\[\e]0;\u@\h: \w\a\]\h% /usr/bin/cmake --build /home/ueshiba/ros2_ws/build/ur_simulation_gz -- -j24 -l24
[0.876s] Invoking command in '/home/ueshiba/ros2_ws/build/ur_simulation_gz': CMAKE_PREFIX_PATH=${CMAKE_PREFIX_PATH}:/home/ueshiba/ros2_ws/install/rqt_reconfigure:/opt/ros/rolling PS1=\[\e]0;\u@\h: \w\a\]\h% /usr/bin/cmake --install /home/ueshiba/ros2_ws/build/ur_simulation_gz
[0.894s] -- Install configuration: ""
[0.895s] -- Execute custom install script
[0.897s] -- Up-to-date symlink: /home/ueshiba/ros2_ws/install/ur_simulation_gz/share/ur_simulation_gz/config/ur_controllers.yaml
[0.898s] -- Up-to-date symlink: /home/ueshiba/ros2_ws/install/ur_simulation_gz/share/ur_simulation_gz/launch/ur_sim_control.launch.py
[0.898s] -- Up-to-date symlink: /home/ueshiba/ros2_ws/install/ur_simulation_gz/share/ur_simulation_gz/launch/ur_sim_moveit.launch.py
[0.900s] -- Up-to-date symlink: /home/ueshiba/ros2_ws/install/ur_simulation_gz/share/ur_simulation_gz/urdf/ur_gz.ros2_control.xacro
[0.902s] -- Up-to-date symlink: /home/ueshiba/ros2_ws/install/ur_simulation_gz/share/ur_simulation_gz/urdf/ur_gz.urdf.xacro
[0.903s] -- Up-to-date symlink: /home/ueshiba/ros2_ws/install/ur_simulation_gz/share/ament_index/resource_index/package_run_dependencies/ur_simulation_gz
[0.904s] -- Up-to-date symlink: /home/ueshiba/ros2_ws/install/ur_simulation_gz/share/ament_index/resource_index/parent_prefix_path/ur_simulation_gz
[0.906s] -- Up-to-date symlink: /home/ueshiba/ros2_ws/install/ur_simulation_gz/share/ur_simulation_gz/environment/ament_prefix_path.sh
[0.908s] -- Up-to-date symlink: /home/ueshiba/ros2_ws/install/ur_simulation_gz/share/ur_simulation_gz/environment/ament_prefix_path.dsv
[0.912s] -- Up-to-date symlink: /home/ueshiba/ros2_ws/install/ur_simulation_gz/share/ur_simulation_gz/environment/path.sh
[0.913s] -- Up-to-date symlink: /home/ueshiba/ros2_ws/install/ur_simulation_gz/share/ur_simulation_gz/environment/path.dsv
[0.913s] -- Up-to-date symlink: /home/ueshiba/ros2_ws/install/ur_simulation_gz/share/ur_simulation_gz/local_setup.bash
[0.913s] -- Up-to-date symlink: /home/ueshiba/ros2_ws/install/ur_simulation_gz/share/ur_simulation_gz/local_setup.sh
[0.913s] -- Up-to-date symlink: /home/ueshiba/ros2_ws/install/ur_simulation_gz/share/ur_simulation_gz/local_setup.zsh
[0.913s] -- Up-to-date symlink: /home/ueshiba/ros2_ws/install/ur_simulation_gz/share/ur_simulation_gz/local_setup.dsv
[0.913s] -- Symlinking: /home/ueshiba/ros2_ws/install/ur_simulation_gz/share/ur_simulation_gz/package.dsv
[0.933s] -- Up-to-date symlink: /home/ueshiba/ros2_ws/install/ur_simulation_gz/share/ament_index/resource_index/packages/ur_simulation_gz
[0.933s] -- Up-to-date symlink: /home/ueshiba/ros2_ws/install/ur_simulation_gz/share/ur_simulation_gz/cmake/ur_simulation_gzConfig.cmake
[0.933s] -- Up-to-date symlink: /home/ueshiba/ros2_ws/install/ur_simulation_gz/share/ur_simulation_gz/cmake/ur_simulation_gzConfig-version.cmake
[0.934s] -- Up-to-date symlink: /home/ueshiba/ros2_ws/install/ur_simulation_gz/share/ur_simulation_gz/package.xml
[0.937s] Invoked command in '/home/ueshiba/ros2_ws/build/ur_simulation_gz' returned '0': CMAKE_PREFIX_PATH=${CMAKE_PREFIX_PATH}:/home/ueshiba/ros2_ws/install/rqt_reconfigure:/opt/ros/rolling PS1=\[\e]0;\u@\h: \w\a\]\h% /usr/bin/cmake --install /home/ueshiba/ros2_ws/build/ur_simulation_gz
