[0.028s] Invoking command in '/home/ueshiba/ros2_ws/build/aruco_msgs': CMAKE_PREFIX_PATH=${CMAKE_PREFIX_PATH}:/home/ueshiba/ros2_ws/install/rqt_reconfigure:/opt/ros/rolling PS1=\[\e]0;\u@\h: \w\a\]\h% /usr/bin/cmake --build /home/ueshiba/ros2_ws/build/aruco_msgs -- -j24 -l24
[0.531s] [  2%] Built target aruco_msgs__rosidl_generator_type_description
[0.531s] [  2%] Built target ament_cmake_python_symlink_aruco_msgs
[0.532s] [  4%] Built target aruco_msgs__cpp
[0.532s] [ 22%] Built target aruco_msgs__rosidl_generator_c
[0.532s] [ 25%] [32mBuilding CXX object CMakeFiles/aruco_msgs__rosidl_typesupport_fastrtps_c.dir/rosidl_typesupport_fastrtps_c/aruco_msgs/msg/detail/marker__type_support_c.cpp.o[0m
[0.532s] [ 27%] [32mBuilding CXX object CMakeFiles/aruco_msgs__rosidl_typesupport_fastrtps_c.dir/rosidl_typesupport_fastrtps_c/aruco_msgs/msg/detail/marker_array__type_support_c.cpp.o[0m
[0.532s] [ 29%] [32mBuilding CXX object CMakeFiles/aruco_msgs__rosidl_typesupport_cpp.dir/rosidl_typesupport_cpp/aruco_msgs/msg/marker_array__type_support.cpp.o[0m
[0.532s] [ 38%] Built target aruco_msgs__rosidl_typesupport_introspection_c
[0.532s] [ 40%] [32mBuilding CXX object CMakeFiles/aruco_msgs__rosidl_typesupport_introspection_cpp.dir/rosidl_typesupport_introspection_cpp/aruco_msgs/msg/detail/marker_array__type_support.cpp.o[0m
[0.532s] [ 45%] [32mBuilding CXX object CMakeFiles/aruco_msgs__rosidl_typesupport_cpp.dir/rosidl_typesupport_cpp/aruco_msgs/msg/marker__type_support.cpp.o[0m
[0.532s] [ 45%] [32mBuilding CXX object CMakeFiles/aruco_msgs__rosidl_typesupport_fastrtps_cpp.dir/rosidl_typesupport_fastrtps_cpp/aruco_msgs/msg/detail/dds_fastrtps/marker_array__type_support.cpp.o[0m
[0.532s] [ 47%] [32mBuilding CXX object CMakeFiles/aruco_msgs__rosidl_typesupport_fastrtps_cpp.dir/rosidl_typesupport_fastrtps_cpp/aruco_msgs/msg/detail/dds_fastrtps/marker__type_support.cpp.o[0m
[0.532s] [ 56%] Built target aruco_msgs__rosidl_typesupport_c
[0.532s] [ 59%] [32mBuilding CXX object CMakeFiles/aruco_msgs__rosidl_typesupport_introspection_cpp.dir/rosidl_typesupport_introspection_cpp/aruco_msgs/msg/detail/marker__type_support.cpp.o[0m
[1.046s] running egg_info
[1.047s] writing aruco_msgs.egg-info/PKG-INFO
[1.047s] writing dependency_links to aruco_msgs.egg-info/dependency_links.txt
[1.047s] writing top-level names to aruco_msgs.egg-info/top_level.txt
[1.073s] reading manifest file 'aruco_msgs.egg-info/SOURCES.txt'
[1.084s] writing manifest file 'aruco_msgs.egg-info/SOURCES.txt'
[1.256s] [ 59%] Built target ament_cmake_python_build_aruco_msgs_egg
[1.681s] [ 61%] [32m[1mLinking CXX shared library libaruco_msgs__rosidl_typesupport_cpp.so[0m
[1.687s] [ 63%] [32m[1mLinking CXX shared library libaruco_msgs__rosidl_typesupport_fastrtps_c.so[0m
[1.798s] [ 65%] Built target aruco_msgs__rosidl_typesupport_cpp
[1.837s] [ 68%] [32m[1mLinking CXX shared library libaruco_msgs__rosidl_typesupport_introspection_cpp.so[0m
[1.920s] [ 70%] [32m[1mLinking CXX shared library libaruco_msgs__rosidl_typesupport_fastrtps_cpp.so[0m
[1.994s] [ 72%] Built target aruco_msgs__rosidl_typesupport_introspection_cpp
[2.029s] [ 75%] Built target aruco_msgs__rosidl_typesupport_fastrtps_c
[2.116s] [ 77%] Built target aruco_msgs__rosidl_typesupport_fastrtps_cpp
[2.147s] [ 77%] Built target aruco_msgs
[2.183s] [ 79%] Built target aruco_msgs__py
[2.220s] [ 84%] [32mBuilding C object CMakeFiles/aruco_msgs__rosidl_generator_py.dir/rosidl_generator_py/aruco_msgs/msg/_marker_array_s.c.o[0m
[2.220s] [ 84%] [32mBuilding C object CMakeFiles/aruco_msgs__rosidl_generator_py.dir/rosidl_generator_py/aruco_msgs/msg/_marker_s.c.o[0m
[2.339s] [ 86%] [32m[1mLinking C shared library libaruco_msgs__rosidl_generator_py.so[0m
[2.398s] [ 86%] Built target aruco_msgs__rosidl_generator_py
[2.423s] [ 88%] [32mBuilding C object CMakeFiles/aruco_msgs__rosidl_typesupport_c__pyext.dir/rosidl_generator_py/aruco_msgs/_aruco_msgs_s.ep.rosidl_typesupport_c.c.o[0m
[2.424s] [ 90%] [32mBuilding C object CMakeFiles/aruco_msgs__rosidl_typesupport_introspection_c__pyext.dir/rosidl_generator_py/aruco_msgs/_aruco_msgs_s.ep.rosidl_typesupport_introspection_c.c.o[0m
[2.424s] [ 93%] [32mBuilding C object CMakeFiles/aruco_msgs__rosidl_typesupport_fastrtps_c__pyext.dir/rosidl_generator_py/aruco_msgs/_aruco_msgs_s.ep.rosidl_typesupport_fastrtps_c.c.o[0m
[2.501s] [ 95%] [32m[1mLinking C shared library aruco_msgs_s__rosidl_typesupport_fastrtps_c.cpython-310-x86_64-linux-gnu.so[0m
[2.510s] [ 97%] [32m[1mLinking C shared library aruco_msgs_s__rosidl_typesupport_introspection_c.cpython-310-x86_64-linux-gnu.so[0m
[2.528s] [100%] [32m[1mLinking C shared library aruco_msgs_s__rosidl_typesupport_c.cpython-310-x86_64-linux-gnu.so[0m
[2.534s] [100%] Built target aruco_msgs__rosidl_typesupport_fastrtps_c__pyext
[2.541s] [100%] Built target aruco_msgs__rosidl_typesupport_introspection_c__pyext
[2.558s] [100%] Built target aruco_msgs__rosidl_typesupport_c__pyext
[2.569s] Invoked command in '/home/ueshiba/ros2_ws/build/aruco_msgs' returned '0': CMAKE_PREFIX_PATH=${CMAKE_PREFIX_PATH}:/home/ueshiba/ros2_ws/install/rqt_reconfigure:/opt/ros/rolling PS1=\[\e]0;\u@\h: \w\a\]\h% /usr/bin/cmake --build /home/ueshiba/ros2_ws/build/aruco_msgs -- -j24 -l24
[2.634s] Invoking command in '/home/ueshiba/ros2_ws/build/aruco_msgs': CMAKE_PREFIX_PATH=${CMAKE_PREFIX_PATH}:/home/ueshiba/ros2_ws/install/rqt_reconfigure:/opt/ros/rolling PS1=\[\e]0;\u@\h: \w\a\]\h% /usr/bin/cmake --install /home/ueshiba/ros2_ws/build/aruco_msgs
[2.639s] -- Install configuration: ""
[2.640s] -- Execute custom install script
[2.640s] -- Up-to-date symlink: /home/ueshiba/ros2_ws/install/aruco_msgs/share/ament_index/resource_index/rosidl_interfaces/aruco_msgs
[2.641s] -- Up-to-date symlink: /home/ueshiba/ros2_ws/install/aruco_msgs/share/aruco_msgs/msg/Marker.json
[2.641s] -- Up-to-date symlink: /home/ueshiba/ros2_ws/install/aruco_msgs/share/aruco_msgs/msg/MarkerArray.json
[2.641s] -- Up-to-date symlink: /home/ueshiba/ros2_ws/install/aruco_msgs/include/aruco_msgs/aruco_msgs/msg/detail/marker__functions.h
[2.642s] -- Up-to-date symlink: /home/ueshiba/ros2_ws/install/aruco_msgs/include/aruco_msgs/aruco_msgs/msg/detail/marker__struct.h
[2.642s] -- Up-to-date symlink: /home/ueshiba/ros2_ws/install/aruco_msgs/include/aruco_msgs/aruco_msgs/msg/detail/marker__type_support.h
[2.642s] -- Up-to-date symlink: /home/ueshiba/ros2_ws/install/aruco_msgs/include/aruco_msgs/aruco_msgs/msg/detail/marker_array__functions.h
[2.642s] -- Up-to-date symlink: /home/ueshiba/ros2_ws/install/aruco_msgs/include/aruco_msgs/aruco_msgs/msg/detail/marker_array__struct.h
[2.643s] -- Up-to-date symlink: /home/ueshiba/ros2_ws/install/aruco_msgs/include/aruco_msgs/aruco_msgs/msg/detail/marker_array__type_support.h
[2.643s] -- Up-to-date symlink: /home/ueshiba/ros2_ws/install/aruco_msgs/include/aruco_msgs/aruco_msgs/msg/marker.h
[2.643s] -- Up-to-date symlink: /home/ueshiba/ros2_ws/install/aruco_msgs/include/aruco_msgs/aruco_msgs/msg/marker_array.h
[2.643s] -- Up-to-date symlink: /home/ueshiba/ros2_ws/install/aruco_msgs/include/aruco_msgs/aruco_msgs/msg/rosidl_generator_c__visibility_control.h
[2.643s] -- Up-to-date symlink: /home/ueshiba/ros2_ws/install/aruco_msgs/share/aruco_msgs/environment/library_path.sh
[2.644s] -- Up-to-date symlink: /home/ueshiba/ros2_ws/install/aruco_msgs/share/aruco_msgs/environment/library_path.dsv
[2.644s] -- Up-to-date symlink: /home/ueshiba/ros2_ws/install/aruco_msgs/include/aruco_msgs/aruco_msgs/msg/detail/marker__rosidl_typesupport_fastrtps_c.h
[2.645s] -- Up-to-date symlink: /home/ueshiba/ros2_ws/install/aruco_msgs/include/aruco_msgs/aruco_msgs/msg/detail/marker_array__rosidl_typesupport_fastrtps_c.h
[2.645s] -- Up-to-date symlink: /home/ueshiba/ros2_ws/install/aruco_msgs/include/aruco_msgs/aruco_msgs/msg/rosidl_typesupport_fastrtps_c__visibility_control.h
[2.645s] -- Up-to-date symlink: /home/ueshiba/ros2_ws/install/aruco_msgs/include/aruco_msgs/aruco_msgs/msg/detail/marker__builder.hpp
[2.645s] -- Up-to-date symlink: /home/ueshiba/ros2_ws/install/aruco_msgs/include/aruco_msgs/aruco_msgs/msg/detail/marker__struct.hpp
[2.646s] -- Up-to-date symlink: /home/ueshiba/ros2_ws/install/aruco_msgs/include/aruco_msgs/aruco_msgs/msg/detail/marker__traits.hpp
[2.646s] -- Up-to-date symlink: /home/ueshiba/ros2_ws/install/aruco_msgs/include/aruco_msgs/aruco_msgs/msg/detail/marker__type_support.hpp
[2.646s] -- Up-to-date symlink: /home/ueshiba/ros2_ws/install/aruco_msgs/include/aruco_msgs/aruco_msgs/msg/detail/marker_array__builder.hpp
[2.646s] -- Up-to-date symlink: /home/ueshiba/ros2_ws/install/aruco_msgs/include/aruco_msgs/aruco_msgs/msg/detail/marker_array__struct.hpp
[2.646s] -- Up-to-date symlink: /home/ueshiba/ros2_ws/install/aruco_msgs/include/aruco_msgs/aruco_msgs/msg/detail/marker_array__traits.hpp
[2.646s] -- Up-to-date symlink: /home/ueshiba/ros2_ws/install/aruco_msgs/include/aruco_msgs/aruco_msgs/msg/detail/marker_array__type_support.hpp
[2.646s] -- Up-to-date symlink: /home/ueshiba/ros2_ws/install/aruco_msgs/include/aruco_msgs/aruco_msgs/msg/marker.hpp
[2.646s] -- Up-to-date symlink: /home/ueshiba/ros2_ws/install/aruco_msgs/include/aruco_msgs/aruco_msgs/msg/marker_array.hpp
[2.647s] -- Up-to-date symlink: /home/ueshiba/ros2_ws/install/aruco_msgs/include/aruco_msgs/aruco_msgs/msg/rosidl_generator_cpp__visibility_control.hpp
[2.647s] -- Up-to-date symlink: /home/ueshiba/ros2_ws/install/aruco_msgs/include/aruco_msgs/aruco_msgs/msg/detail/marker__rosidl_typesupport_fastrtps_cpp.hpp
[2.648s] -- Up-to-date symlink: /home/ueshiba/ros2_ws/install/aruco_msgs/include/aruco_msgs/aruco_msgs/msg/detail/marker_array__rosidl_typesupport_fastrtps_cpp.hpp
[2.648s] -- Up-to-date symlink: /home/ueshiba/ros2_ws/install/aruco_msgs/include/aruco_msgs/aruco_msgs/msg/rosidl_typesupport_fastrtps_cpp__visibility_control.h
[2.648s] -- Up-to-date symlink: /home/ueshiba/ros2_ws/install/aruco_msgs/include/aruco_msgs/aruco_msgs/msg/detail/marker__rosidl_typesupport_introspection_c.h
[2.648s] -- Up-to-date symlink: /home/ueshiba/ros2_ws/install/aruco_msgs/include/aruco_msgs/aruco_msgs/msg/detail/marker_array__rosidl_typesupport_introspection_c.h
[2.649s] -- Up-to-date symlink: /home/ueshiba/ros2_ws/install/aruco_msgs/include/aruco_msgs/aruco_msgs/msg/rosidl_typesupport_introspection_c__visibility_control.h
[2.649s] -- Up-to-date symlink: /home/ueshiba/ros2_ws/install/aruco_msgs/include/aruco_msgs/aruco_msgs/msg/detail/marker__rosidl_typesupport_introspection_cpp.hpp
[2.650s] -- Up-to-date symlink: /home/ueshiba/ros2_ws/install/aruco_msgs/include/aruco_msgs/aruco_msgs/msg/detail/marker_array__rosidl_typesupport_introspection_cpp.hpp
[2.650s] -- Up-to-date symlink: /home/ueshiba/ros2_ws/install/aruco_msgs/share/aruco_msgs/environment/pythonpath.sh
[2.650s] -- Up-to-date symlink: /home/ueshiba/ros2_ws/install/aruco_msgs/share/aruco_msgs/environment/pythonpath.dsv
[2.650s] -- Up-to-date symlink: /home/ueshiba/ros2_ws/install/aruco_msgs/lib/python3.10/site-packages/aruco_msgs-5.0.5-py3.10.egg-info/PKG-INFO
[2.651s] -- Up-to-date symlink: /home/ueshiba/ros2_ws/install/aruco_msgs/lib/python3.10/site-packages/aruco_msgs-5.0.5-py3.10.egg-info/SOURCES.txt
[2.651s] -- Up-to-date symlink: /home/ueshiba/ros2_ws/install/aruco_msgs/lib/python3.10/site-packages/aruco_msgs-5.0.5-py3.10.egg-info/dependency_links.txt
[2.651s] -- Up-to-date symlink: /home/ueshiba/ros2_ws/install/aruco_msgs/lib/python3.10/site-packages/aruco_msgs-5.0.5-py3.10.egg-info/top_level.txt
[2.651s] -- Up-to-date symlink: /home/ueshiba/ros2_ws/install/aruco_msgs/lib/python3.10/site-packages/aruco_msgs/__init__.py
[2.652s] -- Up-to-date symlink: /home/ueshiba/ros2_ws/install/aruco_msgs/lib/python3.10/site-packages/aruco_msgs/_aruco_msgs_s.ep.rosidl_typesupport_c.c
[2.652s] -- Up-to-date symlink: /home/ueshiba/ros2_ws/install/aruco_msgs/lib/python3.10/site-packages/aruco_msgs/_aruco_msgs_s.ep.rosidl_typesupport_fastrtps_c.c
[2.652s] -- Up-to-date symlink: /home/ueshiba/ros2_ws/install/aruco_msgs/lib/python3.10/site-packages/aruco_msgs/_aruco_msgs_s.ep.rosidl_typesupport_introspection_c.c
[2.652s] -- Up-to-date symlink: /home/ueshiba/ros2_ws/install/aruco_msgs/lib/python3.10/site-packages/aruco_msgs/msg/__init__.py
[2.652s] -- Up-to-date symlink: /home/ueshiba/ros2_ws/install/aruco_msgs/lib/python3.10/site-packages/aruco_msgs/msg/_marker.py
[2.652s] -- Up-to-date symlink: /home/ueshiba/ros2_ws/install/aruco_msgs/lib/python3.10/site-packages/aruco_msgs/msg/_marker_array.py
[2.652s] -- Up-to-date symlink: /home/ueshiba/ros2_ws/install/aruco_msgs/lib/python3.10/site-packages/aruco_msgs/msg/_marker_array_s.c
[2.652s] -- Up-to-date symlink: /home/ueshiba/ros2_ws/install/aruco_msgs/lib/python3.10/site-packages/aruco_msgs/msg/_marker_s.c
[2.653s] -- Up-to-date symlink: /home/ueshiba/ros2_ws/install/aruco_msgs/lib/python3.10/site-packages/aruco_msgs/aruco_msgs_s__rosidl_typesupport_fastrtps_c.cpython-310-x86_64-linux-gnu.so
[2.653s] -- Up-to-date symlink: /home/ueshiba/ros2_ws/install/aruco_msgs/lib/python3.10/site-packages/aruco_msgs/aruco_msgs_s__rosidl_typesupport_introspection_c.cpython-310-x86_64-linux-gnu.so
[2.653s] -- Up-to-date symlink: /home/ueshiba/ros2_ws/install/aruco_msgs/lib/python3.10/site-packages/aruco_msgs/aruco_msgs_s__rosidl_typesupport_c.cpython-310-x86_64-linux-gnu.so
[2.654s] -- Up-to-date symlink: /home/ueshiba/ros2_ws/install/aruco_msgs/share/aruco_msgs/msg/Marker.idl
[2.654s] -- Up-to-date symlink: /home/ueshiba/ros2_ws/install/aruco_msgs/share/aruco_msgs/msg/MarkerArray.idl
[2.654s] -- Up-to-date symlink: /home/ueshiba/ros2_ws/install/aruco_msgs/share/aruco_msgs/msg/Marker.msg
[2.655s] -- Up-to-date symlink: /home/ueshiba/ros2_ws/install/aruco_msgs/share/aruco_msgs/msg/MarkerArray.msg
[2.655s] -- Up-to-date symlink: /home/ueshiba/ros2_ws/install/aruco_msgs/share/ament_index/resource_index/package_run_dependencies/aruco_msgs
[2.655s] -- Up-to-date symlink: /home/ueshiba/ros2_ws/install/aruco_msgs/share/ament_index/resource_index/parent_prefix_path/aruco_msgs
[2.655s] -- Up-to-date symlink: /home/ueshiba/ros2_ws/install/aruco_msgs/share/aruco_msgs/environment/ament_prefix_path.sh
[2.655s] -- Up-to-date symlink: /home/ueshiba/ros2_ws/install/aruco_msgs/share/aruco_msgs/environment/ament_prefix_path.dsv
[2.656s] -- Up-to-date symlink: /home/ueshiba/ros2_ws/install/aruco_msgs/share/aruco_msgs/environment/path.sh
[2.656s] -- Up-to-date symlink: /home/ueshiba/ros2_ws/install/aruco_msgs/share/aruco_msgs/environment/path.dsv
[2.656s] -- Up-to-date symlink: /home/ueshiba/ros2_ws/install/aruco_msgs/share/aruco_msgs/local_setup.bash
[2.656s] -- Up-to-date symlink: /home/ueshiba/ros2_ws/install/aruco_msgs/share/aruco_msgs/local_setup.sh
[2.657s] -- Up-to-date symlink: /home/ueshiba/ros2_ws/install/aruco_msgs/share/aruco_msgs/local_setup.zsh
[2.657s] -- Up-to-date symlink: /home/ueshiba/ros2_ws/install/aruco_msgs/share/aruco_msgs/local_setup.dsv
[2.657s] -- Symlinking: /home/ueshiba/ros2_ws/install/aruco_msgs/share/aruco_msgs/package.dsv
[2.663s] -- Up-to-date symlink: /home/ueshiba/ros2_ws/install/aruco_msgs/share/ament_index/resource_index/packages/aruco_msgs
[2.664s] -- Up-to-date symlink: /home/ueshiba/ros2_ws/install/aruco_msgs/share/aruco_msgs/cmake/rosidl_cmake-extras.cmake
[2.664s] -- Up-to-date symlink: /home/ueshiba/ros2_ws/install/aruco_msgs/share/aruco_msgs/cmake/ament_cmake_export_dependencies-extras.cmake
[2.664s] -- Up-to-date symlink: /home/ueshiba/ros2_ws/install/aruco_msgs/share/aruco_msgs/cmake/ament_cmake_export_include_directories-extras.cmake
[2.665s] -- Up-to-date symlink: /home/ueshiba/ros2_ws/install/aruco_msgs/share/aruco_msgs/cmake/ament_cmake_export_libraries-extras.cmake
[2.665s] -- Up-to-date symlink: /home/ueshiba/ros2_ws/install/aruco_msgs/share/aruco_msgs/cmake/ament_cmake_export_targets-extras.cmake
[2.665s] -- Up-to-date symlink: /home/ueshiba/ros2_ws/install/aruco_msgs/share/aruco_msgs/cmake/rosidl_cmake_export_typesupport_targets-extras.cmake
[2.666s] -- Up-to-date symlink: /home/ueshiba/ros2_ws/install/aruco_msgs/share/aruco_msgs/cmake/rosidl_cmake_export_typesupport_libraries-extras.cmake
[2.666s] -- Up-to-date symlink: /home/ueshiba/ros2_ws/install/aruco_msgs/share/aruco_msgs/cmake/aruco_msgsConfig.cmake
[2.666s] -- Up-to-date symlink: /home/ueshiba/ros2_ws/install/aruco_msgs/share/aruco_msgs/cmake/aruco_msgsConfig-version.cmake
[2.666s] -- Up-to-date symlink: /home/ueshiba/ros2_ws/install/aruco_msgs/share/aruco_msgs/package.xml
[2.667s] -- Up-to-date: /home/ueshiba/ros2_ws/install/aruco_msgs/lib/libaruco_msgs__rosidl_generator_c.so
[2.667s] -- Installing: /home/ueshiba/ros2_ws/install/aruco_msgs/lib/libaruco_msgs__rosidl_typesupport_fastrtps_c.so
[2.667s] -- Set runtime path of "/home/ueshiba/ros2_ws/install/aruco_msgs/lib/libaruco_msgs__rosidl_typesupport_fastrtps_c.so" to ""
[2.668s] -- Installing: /home/ueshiba/ros2_ws/install/aruco_msgs/lib/libaruco_msgs__rosidl_typesupport_fastrtps_cpp.so
[2.668s] -- Set runtime path of "/home/ueshiba/ros2_ws/install/aruco_msgs/lib/libaruco_msgs__rosidl_typesupport_fastrtps_cpp.so" to ""
[2.668s] -- Up-to-date: /home/ueshiba/ros2_ws/install/aruco_msgs/lib/libaruco_msgs__rosidl_typesupport_introspection_c.so
[2.668s] -- Up-to-date: /home/ueshiba/ros2_ws/install/aruco_msgs/lib/libaruco_msgs__rosidl_typesupport_c.so
[2.669s] -- Installing: /home/ueshiba/ros2_ws/install/aruco_msgs/lib/libaruco_msgs__rosidl_typesupport_introspection_cpp.so
[2.669s] -- Set runtime path of "/home/ueshiba/ros2_ws/install/aruco_msgs/lib/libaruco_msgs__rosidl_typesupport_introspection_cpp.so" to ""
[2.669s] -- Installing: /home/ueshiba/ros2_ws/install/aruco_msgs/lib/libaruco_msgs__rosidl_typesupport_cpp.so
[2.669s] -- Set runtime path of "/home/ueshiba/ros2_ws/install/aruco_msgs/lib/libaruco_msgs__rosidl_typesupport_cpp.so" to ""
[2.690s] Listing '/home/ueshiba/ros2_ws/install/aruco_msgs/lib/python3.10/site-packages/aruco_msgs'...
[2.690s] Listing '/home/ueshiba/ros2_ws/install/aruco_msgs/lib/python3.10/site-packages/aruco_msgs/msg'...
[2.693s] -- Installing: /home/ueshiba/ros2_ws/install/aruco_msgs/lib/libaruco_msgs__rosidl_generator_py.so
[2.694s] -- Set runtime path of "/home/ueshiba/ros2_ws/install/aruco_msgs/lib/libaruco_msgs__rosidl_generator_py.so" to ""
[2.694s] -- Up-to-date: /home/ueshiba/ros2_ws/install/aruco_msgs/share/aruco_msgs/cmake/export_aruco_msgs__rosidl_generator_cExport.cmake
[2.694s] -- Up-to-date: /home/ueshiba/ros2_ws/install/aruco_msgs/share/aruco_msgs/cmake/export_aruco_msgs__rosidl_generator_cExport-noconfig.cmake
[2.695s] -- Up-to-date: /home/ueshiba/ros2_ws/install/aruco_msgs/share/aruco_msgs/cmake/export_aruco_msgs__rosidl_typesupport_fastrtps_cExport.cmake
[2.695s] -- Up-to-date: /home/ueshiba/ros2_ws/install/aruco_msgs/share/aruco_msgs/cmake/export_aruco_msgs__rosidl_typesupport_fastrtps_cExport-noconfig.cmake
[2.696s] -- Up-to-date: /home/ueshiba/ros2_ws/install/aruco_msgs/share/aruco_msgs/cmake/export_aruco_msgs__rosidl_generator_cppExport.cmake
[2.696s] -- Up-to-date: /home/ueshiba/ros2_ws/install/aruco_msgs/share/aruco_msgs/cmake/export_aruco_msgs__rosidl_typesupport_fastrtps_cppExport.cmake
[2.696s] -- Up-to-date: /home/ueshiba/ros2_ws/install/aruco_msgs/share/aruco_msgs/cmake/export_aruco_msgs__rosidl_typesupport_fastrtps_cppExport-noconfig.cmake
[2.696s] -- Up-to-date: /home/ueshiba/ros2_ws/install/aruco_msgs/share/aruco_msgs/cmake/aruco_msgs__rosidl_typesupport_introspection_cExport.cmake
[2.696s] -- Up-to-date: /home/ueshiba/ros2_ws/install/aruco_msgs/share/aruco_msgs/cmake/aruco_msgs__rosidl_typesupport_introspection_cExport-noconfig.cmake
[2.696s] -- Up-to-date: /home/ueshiba/ros2_ws/install/aruco_msgs/share/aruco_msgs/cmake/aruco_msgs__rosidl_typesupport_cExport.cmake
[2.696s] -- Up-to-date: /home/ueshiba/ros2_ws/install/aruco_msgs/share/aruco_msgs/cmake/aruco_msgs__rosidl_typesupport_cExport-noconfig.cmake
[2.697s] -- Up-to-date: /home/ueshiba/ros2_ws/install/aruco_msgs/share/aruco_msgs/cmake/aruco_msgs__rosidl_typesupport_introspection_cppExport.cmake
[2.697s] -- Up-to-date: /home/ueshiba/ros2_ws/install/aruco_msgs/share/aruco_msgs/cmake/aruco_msgs__rosidl_typesupport_introspection_cppExport-noconfig.cmake
[2.697s] -- Up-to-date: /home/ueshiba/ros2_ws/install/aruco_msgs/share/aruco_msgs/cmake/aruco_msgs__rosidl_typesupport_cppExport.cmake
[2.697s] -- Up-to-date: /home/ueshiba/ros2_ws/install/aruco_msgs/share/aruco_msgs/cmake/aruco_msgs__rosidl_typesupport_cppExport-noconfig.cmake
[2.697s] -- Up-to-date: /home/ueshiba/ros2_ws/install/aruco_msgs/share/aruco_msgs/cmake/export_aruco_msgs__rosidl_generator_pyExport.cmake
[2.697s] -- Up-to-date: /home/ueshiba/ros2_ws/install/aruco_msgs/share/aruco_msgs/cmake/export_aruco_msgs__rosidl_generator_pyExport-noconfig.cmake
[2.699s] Invoked command in '/home/ueshiba/ros2_ws/build/aruco_msgs' returned '0': CMAKE_PREFIX_PATH=${CMAKE_PREFIX_PATH}:/home/ueshiba/ros2_ws/install/rqt_reconfigure:/opt/ros/rolling PS1=\[\e]0;\u@\h: \w\a\]\h% /usr/bin/cmake --install /home/ueshiba/ros2_ws/build/aruco_msgs
