[0.024s] Invoking command in '/home/ueshiba/ros2_ws/build/aruco_msgs': CMAKE_PREFIX_PATH=${CMAKE_PREFIX_PATH}:/home/ueshiba/ros2_ws/install/rqt_reconfigure:/opt/ros/rolling PS1=\[\e]0;\u@\h: \w\a\]\h% /usr/bin/cmake --build /home/ueshiba/ros2_ws/build/aruco_msgs -- -j24 -l24
[0.236s] [  2%] Built target aruco_msgs__rosidl_generator_type_description
[0.236s] [  2%] Built target ament_cmake_python_symlink_aruco_msgs
[0.237s] [  4%] Built target aruco_msgs__cpp
[0.237s] [ 22%] Built target aruco_msgs__rosidl_generator_c
[0.237s] [35m[1mConsolidate compiler generated dependencies of target aruco_msgs__rosidl_typesupport_cpp[0m
[0.237s] [35m[1mConsolidate compiler generated dependencies of target aruco_msgs__rosidl_typesupport_fastrtps_c[0m
[0.237s] [35m[1mConsolidate compiler generated dependencies of target aruco_msgs__rosidl_typesupport_fastrtps_cpp[0m
[0.237s] [35m[1mConsolidate compiler generated dependencies of target aruco_msgs__rosidl_typesupport_introspection_cpp[0m
[0.237s] [ 31%] Built target aruco_msgs__rosidl_typesupport_introspection_c
[0.237s] [ 40%] Built target aruco_msgs__rosidl_typesupport_c
[0.237s] [ 50%] Built target aruco_msgs__rosidl_typesupport_fastrtps_c
[0.237s] [ 59%] Built target aruco_msgs__rosidl_typesupport_cpp
[0.237s] [ 68%] Built target aruco_msgs__rosidl_typesupport_fastrtps_cpp
[0.237s] [ 77%] Built target aruco_msgs__rosidl_typesupport_introspection_cpp
[0.237s] [ 77%] Built target aruco_msgs
[0.237s] [ 79%] Built target aruco_msgs__py
[0.237s] [35m[1mConsolidate compiler generated dependencies of target aruco_msgs__rosidl_generator_py[0m
[0.238s] [ 86%] Built target aruco_msgs__rosidl_generator_py
[0.238s] [35m[1mConsolidate compiler generated dependencies of target aruco_msgs__rosidl_typesupport_fastrtps_c__pyext[0m
[0.238s] [35m[1mConsolidate compiler generated dependencies of target aruco_msgs__rosidl_typesupport_introspection_c__pyext[0m
[0.238s] [35m[1mConsolidate compiler generated dependencies of target aruco_msgs__rosidl_typesupport_c__pyext[0m
[0.238s] [ 90%] Built target aruco_msgs__rosidl_typesupport_fastrtps_c__pyext
[0.238s] [ 95%] Built target aruco_msgs__rosidl_typesupport_introspection_c__pyext
[0.238s] [100%] Built target aruco_msgs__rosidl_typesupport_c__pyext
[0.240s] running egg_info
[0.240s] writing aruco_msgs.egg-info/PKG-INFO
[0.240s] writing dependency_links to aruco_msgs.egg-info/dependency_links.txt
[0.241s] writing top-level names to aruco_msgs.egg-info/top_level.txt
[0.241s] reading manifest file 'aruco_msgs.egg-info/SOURCES.txt'
[0.241s] writing manifest file 'aruco_msgs.egg-info/SOURCES.txt'
[0.260s] [100%] Built target ament_cmake_python_build_aruco_msgs_egg
[0.268s] Invoked command in '/home/ueshiba/ros2_ws/build/aruco_msgs' returned '0': CMAKE_PREFIX_PATH=${CMAKE_PREFIX_PATH}:/home/ueshiba/ros2_ws/install/rqt_reconfigure:/opt/ros/rolling PS1=\[\e]0;\u@\h: \w\a\]\h% /usr/bin/cmake --build /home/ueshiba/ros2_ws/build/aruco_msgs -- -j24 -l24
[0.344s] Invoking command in '/home/ueshiba/ros2_ws/build/aruco_msgs': CMAKE_PREFIX_PATH=${CMAKE_PREFIX_PATH}:/home/ueshiba/ros2_ws/install/rqt_reconfigure:/opt/ros/rolling PS1=\[\e]0;\u@\h: \w\a\]\h% /usr/bin/cmake --install /home/ueshiba/ros2_ws/build/aruco_msgs
[0.348s] -- Install configuration: ""
[0.349s] -- Execute custom install script
[0.349s] -- Up-to-date symlink: /home/ueshiba/ros2_ws/install/aruco_msgs/share/ament_index/resource_index/rosidl_interfaces/aruco_msgs
[0.349s] -- Up-to-date symlink: /home/ueshiba/ros2_ws/install/aruco_msgs/share/aruco_msgs/msg/Marker.json
[0.350s] -- Up-to-date symlink: /home/ueshiba/ros2_ws/install/aruco_msgs/share/aruco_msgs/msg/MarkerArray.json
[0.350s] -- Up-to-date symlink: /home/ueshiba/ros2_ws/install/aruco_msgs/include/aruco_msgs/aruco_msgs/msg/detail/marker__functions.h
[0.350s] -- Up-to-date symlink: /home/ueshiba/ros2_ws/install/aruco_msgs/include/aruco_msgs/aruco_msgs/msg/detail/marker__struct.h
[0.350s] -- Up-to-date symlink: /home/ueshiba/ros2_ws/install/aruco_msgs/include/aruco_msgs/aruco_msgs/msg/detail/marker__type_support.h
[0.350s] -- Up-to-date symlink: /home/ueshiba/ros2_ws/install/aruco_msgs/include/aruco_msgs/aruco_msgs/msg/detail/marker_array__functions.h
[0.351s] -- Up-to-date symlink: /home/ueshiba/ros2_ws/install/aruco_msgs/include/aruco_msgs/aruco_msgs/msg/detail/marker_array__struct.h
[0.351s] -- Up-to-date symlink: /home/ueshiba/ros2_ws/install/aruco_msgs/include/aruco_msgs/aruco_msgs/msg/detail/marker_array__type_support.h
[0.352s] -- Up-to-date symlink: /home/ueshiba/ros2_ws/install/aruco_msgs/include/aruco_msgs/aruco_msgs/msg/marker.h
[0.352s] -- Up-to-date symlink: /home/ueshiba/ros2_ws/install/aruco_msgs/include/aruco_msgs/aruco_msgs/msg/marker_array.h
[0.352s] -- Up-to-date symlink: /home/ueshiba/ros2_ws/install/aruco_msgs/include/aruco_msgs/aruco_msgs/msg/rosidl_generator_c__visibility_control.h
[0.353s] -- Up-to-date symlink: /home/ueshiba/ros2_ws/install/aruco_msgs/share/aruco_msgs/environment/library_path.sh
[0.353s] -- Up-to-date symlink: /home/ueshiba/ros2_ws/install/aruco_msgs/share/aruco_msgs/environment/library_path.dsv
[0.353s] -- Up-to-date symlink: /home/ueshiba/ros2_ws/install/aruco_msgs/include/aruco_msgs/aruco_msgs/msg/detail/marker__rosidl_typesupport_fastrtps_c.h
[0.353s] -- Up-to-date symlink: /home/ueshiba/ros2_ws/install/aruco_msgs/include/aruco_msgs/aruco_msgs/msg/detail/marker_array__rosidl_typesupport_fastrtps_c.h
[0.353s] -- Up-to-date symlink: /home/ueshiba/ros2_ws/install/aruco_msgs/include/aruco_msgs/aruco_msgs/msg/rosidl_typesupport_fastrtps_c__visibility_control.h
[0.354s] -- Up-to-date symlink: /home/ueshiba/ros2_ws/install/aruco_msgs/include/aruco_msgs/aruco_msgs/msg/detail/marker__builder.hpp
[0.354s] -- Up-to-date symlink: /home/ueshiba/ros2_ws/install/aruco_msgs/include/aruco_msgs/aruco_msgs/msg/detail/marker__struct.hpp
[0.354s] -- Up-to-date symlink: /home/ueshiba/ros2_ws/install/aruco_msgs/include/aruco_msgs/aruco_msgs/msg/detail/marker__traits.hpp
[0.354s] -- Up-to-date symlink: /home/ueshiba/ros2_ws/install/aruco_msgs/include/aruco_msgs/aruco_msgs/msg/detail/marker__type_support.hpp
[0.354s] -- Up-to-date symlink: /home/ueshiba/ros2_ws/install/aruco_msgs/include/aruco_msgs/aruco_msgs/msg/detail/marker_array__builder.hpp
[0.354s] -- Up-to-date symlink: /home/ueshiba/ros2_ws/install/aruco_msgs/include/aruco_msgs/aruco_msgs/msg/detail/marker_array__struct.hpp
[0.355s] -- Up-to-date symlink: /home/ueshiba/ros2_ws/install/aruco_msgs/include/aruco_msgs/aruco_msgs/msg/detail/marker_array__traits.hpp
[0.355s] -- Up-to-date symlink: /home/ueshiba/ros2_ws/install/aruco_msgs/include/aruco_msgs/aruco_msgs/msg/detail/marker_array__type_support.hpp
[0.355s] -- Up-to-date symlink: /home/ueshiba/ros2_ws/install/aruco_msgs/include/aruco_msgs/aruco_msgs/msg/marker.hpp
[0.356s] -- Up-to-date symlink: /home/ueshiba/ros2_ws/install/aruco_msgs/include/aruco_msgs/aruco_msgs/msg/marker_array.hpp
[0.357s] -- Up-to-date symlink: /home/ueshiba/ros2_ws/install/aruco_msgs/include/aruco_msgs/aruco_msgs/msg/rosidl_generator_cpp__visibility_control.hpp
[0.357s] -- Up-to-date symlink: /home/ueshiba/ros2_ws/install/aruco_msgs/include/aruco_msgs/aruco_msgs/msg/detail/marker__rosidl_typesupport_fastrtps_cpp.hpp
[0.358s] -- Up-to-date symlink: /home/ueshiba/ros2_ws/install/aruco_msgs/include/aruco_msgs/aruco_msgs/msg/detail/marker_array__rosidl_typesupport_fastrtps_cpp.hpp
[0.358s] -- Up-to-date symlink: /home/ueshiba/ros2_ws/install/aruco_msgs/include/aruco_msgs/aruco_msgs/msg/rosidl_typesupport_fastrtps_cpp__visibility_control.h
[0.358s] -- Up-to-date symlink: /home/ueshiba/ros2_ws/install/aruco_msgs/include/aruco_msgs/aruco_msgs/msg/detail/marker__rosidl_typesupport_introspection_c.h
[0.358s] -- Up-to-date symlink: /home/ueshiba/ros2_ws/install/aruco_msgs/include/aruco_msgs/aruco_msgs/msg/detail/marker_array__rosidl_typesupport_introspection_c.h
[0.358s] -- Up-to-date symlink: /home/ueshiba/ros2_ws/install/aruco_msgs/include/aruco_msgs/aruco_msgs/msg/rosidl_typesupport_introspection_c__visibility_control.h
[0.358s] -- Up-to-date symlink: /home/ueshiba/ros2_ws/install/aruco_msgs/include/aruco_msgs/aruco_msgs/msg/detail/marker__rosidl_typesupport_introspection_cpp.hpp
[0.359s] -- Up-to-date symlink: /home/ueshiba/ros2_ws/install/aruco_msgs/include/aruco_msgs/aruco_msgs/msg/detail/marker_array__rosidl_typesupport_introspection_cpp.hpp
[0.359s] -- Up-to-date symlink: /home/ueshiba/ros2_ws/install/aruco_msgs/share/aruco_msgs/environment/pythonpath.sh
[0.359s] -- Up-to-date symlink: /home/ueshiba/ros2_ws/install/aruco_msgs/share/aruco_msgs/environment/pythonpath.dsv
[0.360s] -- Up-to-date symlink: /home/ueshiba/ros2_ws/install/aruco_msgs/lib/python3.10/site-packages/aruco_msgs-5.0.5-py3.10.egg-info/PKG-INFO
[0.360s] -- Up-to-date symlink: /home/ueshiba/ros2_ws/install/aruco_msgs/lib/python3.10/site-packages/aruco_msgs-5.0.5-py3.10.egg-info/SOURCES.txt
[0.360s] -- Up-to-date symlink: /home/ueshiba/ros2_ws/install/aruco_msgs/lib/python3.10/site-packages/aruco_msgs-5.0.5-py3.10.egg-info/dependency_links.txt
[0.360s] -- Up-to-date symlink: /home/ueshiba/ros2_ws/install/aruco_msgs/lib/python3.10/site-packages/aruco_msgs-5.0.5-py3.10.egg-info/top_level.txt
[0.361s] -- Up-to-date symlink: /home/ueshiba/ros2_ws/install/aruco_msgs/lib/python3.10/site-packages/aruco_msgs/__init__.py
[0.361s] -- Up-to-date symlink: /home/ueshiba/ros2_ws/install/aruco_msgs/lib/python3.10/site-packages/aruco_msgs/_aruco_msgs_s.ep.rosidl_typesupport_c.c
[0.361s] -- Up-to-date symlink: /home/ueshiba/ros2_ws/install/aruco_msgs/lib/python3.10/site-packages/aruco_msgs/_aruco_msgs_s.ep.rosidl_typesupport_fastrtps_c.c
[0.361s] -- Up-to-date symlink: /home/ueshiba/ros2_ws/install/aruco_msgs/lib/python3.10/site-packages/aruco_msgs/_aruco_msgs_s.ep.rosidl_typesupport_introspection_c.c
[0.361s] -- Up-to-date symlink: /home/ueshiba/ros2_ws/install/aruco_msgs/lib/python3.10/site-packages/aruco_msgs/msg/__init__.py
[0.362s] -- Up-to-date symlink: /home/ueshiba/ros2_ws/install/aruco_msgs/lib/python3.10/site-packages/aruco_msgs/msg/_marker.py
[0.362s] -- Up-to-date symlink: /home/ueshiba/ros2_ws/install/aruco_msgs/lib/python3.10/site-packages/aruco_msgs/msg/_marker_array.py
[0.362s] -- Up-to-date symlink: /home/ueshiba/ros2_ws/install/aruco_msgs/lib/python3.10/site-packages/aruco_msgs/msg/_marker_array_s.c
[0.362s] -- Up-to-date symlink: /home/ueshiba/ros2_ws/install/aruco_msgs/lib/python3.10/site-packages/aruco_msgs/msg/_marker_s.c
[0.362s] -- Up-to-date symlink: /home/ueshiba/ros2_ws/install/aruco_msgs/lib/python3.10/site-packages/aruco_msgs/aruco_msgs_s__rosidl_typesupport_fastrtps_c.cpython-310-x86_64-linux-gnu.so
[0.362s] -- Up-to-date symlink: /home/ueshiba/ros2_ws/install/aruco_msgs/lib/python3.10/site-packages/aruco_msgs/aruco_msgs_s__rosidl_typesupport_introspection_c.cpython-310-x86_64-linux-gnu.so
[0.364s] -- Up-to-date symlink: /home/ueshiba/ros2_ws/install/aruco_msgs/lib/python3.10/site-packages/aruco_msgs/aruco_msgs_s__rosidl_typesupport_c.cpython-310-x86_64-linux-gnu.so
[0.364s] -- Up-to-date symlink: /home/ueshiba/ros2_ws/install/aruco_msgs/share/aruco_msgs/msg/Marker.idl
[0.364s] -- Up-to-date symlink: /home/ueshiba/ros2_ws/install/aruco_msgs/share/aruco_msgs/msg/MarkerArray.idl
[0.364s] -- Up-to-date symlink: /home/ueshiba/ros2_ws/install/aruco_msgs/share/aruco_msgs/msg/Marker.msg
[0.365s] -- Up-to-date symlink: /home/ueshiba/ros2_ws/install/aruco_msgs/share/aruco_msgs/msg/MarkerArray.msg
[0.365s] -- Up-to-date symlink: /home/ueshiba/ros2_ws/install/aruco_msgs/share/ament_index/resource_index/package_run_dependencies/aruco_msgs
[0.365s] -- Up-to-date symlink: /home/ueshiba/ros2_ws/install/aruco_msgs/share/ament_index/resource_index/parent_prefix_path/aruco_msgs
[0.365s] -- Up-to-date symlink: /home/ueshiba/ros2_ws/install/aruco_msgs/share/aruco_msgs/environment/ament_prefix_path.sh
[0.365s] -- Up-to-date symlink: /home/ueshiba/ros2_ws/install/aruco_msgs/share/aruco_msgs/environment/ament_prefix_path.dsv
[0.365s] -- Up-to-date symlink: /home/ueshiba/ros2_ws/install/aruco_msgs/share/aruco_msgs/environment/path.sh
[0.365s] -- Up-to-date symlink: /home/ueshiba/ros2_ws/install/aruco_msgs/share/aruco_msgs/environment/path.dsv
[0.365s] -- Up-to-date symlink: /home/ueshiba/ros2_ws/install/aruco_msgs/share/aruco_msgs/local_setup.bash
[0.365s] -- Up-to-date symlink: /home/ueshiba/ros2_ws/install/aruco_msgs/share/aruco_msgs/local_setup.sh
[0.365s] -- Up-to-date symlink: /home/ueshiba/ros2_ws/install/aruco_msgs/share/aruco_msgs/local_setup.zsh
[0.365s] -- Up-to-date symlink: /home/ueshiba/ros2_ws/install/aruco_msgs/share/aruco_msgs/local_setup.dsv
[0.365s] -- Symlinking: /home/ueshiba/ros2_ws/install/aruco_msgs/share/aruco_msgs/package.dsv
[0.369s] -- Up-to-date symlink: /home/ueshiba/ros2_ws/install/aruco_msgs/share/ament_index/resource_index/packages/aruco_msgs
[0.370s] -- Up-to-date symlink: /home/ueshiba/ros2_ws/install/aruco_msgs/share/aruco_msgs/cmake/rosidl_cmake-extras.cmake
[0.370s] -- Up-to-date symlink: /home/ueshiba/ros2_ws/install/aruco_msgs/share/aruco_msgs/cmake/ament_cmake_export_dependencies-extras.cmake
[0.370s] -- Up-to-date symlink: /home/ueshiba/ros2_ws/install/aruco_msgs/share/aruco_msgs/cmake/ament_cmake_export_include_directories-extras.cmake
[0.371s] -- Up-to-date symlink: /home/ueshiba/ros2_ws/install/aruco_msgs/share/aruco_msgs/cmake/ament_cmake_export_libraries-extras.cmake
[0.371s] -- Up-to-date symlink: /home/ueshiba/ros2_ws/install/aruco_msgs/share/aruco_msgs/cmake/ament_cmake_export_targets-extras.cmake
[0.372s] -- Up-to-date symlink: /home/ueshiba/ros2_ws/install/aruco_msgs/share/aruco_msgs/cmake/rosidl_cmake_export_typesupport_targets-extras.cmake
[0.372s] -- Up-to-date symlink: /home/ueshiba/ros2_ws/install/aruco_msgs/share/aruco_msgs/cmake/rosidl_cmake_export_typesupport_libraries-extras.cmake
[0.372s] -- Up-to-date symlink: /home/ueshiba/ros2_ws/install/aruco_msgs/share/aruco_msgs/cmake/aruco_msgsConfig.cmake
[0.374s] -- Up-to-date symlink: /home/ueshiba/ros2_ws/install/aruco_msgs/share/aruco_msgs/cmake/aruco_msgsConfig-version.cmake
[0.374s] -- Up-to-date symlink: /home/ueshiba/ros2_ws/install/aruco_msgs/share/aruco_msgs/package.xml
[0.375s] -- Up-to-date: /home/ueshiba/ros2_ws/install/aruco_msgs/lib/libaruco_msgs__rosidl_generator_c.so
[0.375s] -- Up-to-date: /home/ueshiba/ros2_ws/install/aruco_msgs/lib/libaruco_msgs__rosidl_typesupport_fastrtps_c.so
[0.375s] -- Up-to-date: /home/ueshiba/ros2_ws/install/aruco_msgs/lib/libaruco_msgs__rosidl_typesupport_fastrtps_cpp.so
[0.376s] -- Up-to-date: /home/ueshiba/ros2_ws/install/aruco_msgs/lib/libaruco_msgs__rosidl_typesupport_introspection_c.so
[0.376s] -- Up-to-date: /home/ueshiba/ros2_ws/install/aruco_msgs/lib/libaruco_msgs__rosidl_typesupport_c.so
[0.376s] -- Up-to-date: /home/ueshiba/ros2_ws/install/aruco_msgs/lib/libaruco_msgs__rosidl_typesupport_introspection_cpp.so
[0.376s] -- Up-to-date: /home/ueshiba/ros2_ws/install/aruco_msgs/lib/libaruco_msgs__rosidl_typesupport_cpp.so
[0.391s] Listing '/home/ueshiba/ros2_ws/install/aruco_msgs/lib/python3.10/site-packages/aruco_msgs'...
[0.391s] Listing '/home/ueshiba/ros2_ws/install/aruco_msgs/lib/python3.10/site-packages/aruco_msgs/msg'...
[0.394s] -- Up-to-date: /home/ueshiba/ros2_ws/install/aruco_msgs/lib/libaruco_msgs__rosidl_generator_py.so
[0.394s] -- Up-to-date: /home/ueshiba/ros2_ws/install/aruco_msgs/share/aruco_msgs/cmake/export_aruco_msgs__rosidl_generator_cExport.cmake
[0.394s] -- Up-to-date: /home/ueshiba/ros2_ws/install/aruco_msgs/share/aruco_msgs/cmake/export_aruco_msgs__rosidl_generator_cExport-noconfig.cmake
[0.394s] -- Up-to-date: /home/ueshiba/ros2_ws/install/aruco_msgs/share/aruco_msgs/cmake/export_aruco_msgs__rosidl_typesupport_fastrtps_cExport.cmake
[0.395s] -- Up-to-date: /home/ueshiba/ros2_ws/install/aruco_msgs/share/aruco_msgs/cmake/export_aruco_msgs__rosidl_typesupport_fastrtps_cExport-noconfig.cmake
[0.395s] -- Up-to-date: /home/ueshiba/ros2_ws/install/aruco_msgs/share/aruco_msgs/cmake/export_aruco_msgs__rosidl_generator_cppExport.cmake
[0.395s] -- Up-to-date: /home/ueshiba/ros2_ws/install/aruco_msgs/share/aruco_msgs/cmake/export_aruco_msgs__rosidl_typesupport_fastrtps_cppExport.cmake
[0.395s] -- Up-to-date: /home/ueshiba/ros2_ws/install/aruco_msgs/share/aruco_msgs/cmake/export_aruco_msgs__rosidl_typesupport_fastrtps_cppExport-noconfig.cmake
[0.395s] -- Up-to-date: /home/ueshiba/ros2_ws/install/aruco_msgs/share/aruco_msgs/cmake/aruco_msgs__rosidl_typesupport_introspection_cExport.cmake
[0.395s] -- Up-to-date: /home/ueshiba/ros2_ws/install/aruco_msgs/share/aruco_msgs/cmake/aruco_msgs__rosidl_typesupport_introspection_cExport-noconfig.cmake
[0.395s] -- Up-to-date: /home/ueshiba/ros2_ws/install/aruco_msgs/share/aruco_msgs/cmake/aruco_msgs__rosidl_typesupport_cExport.cmake
[0.395s] -- Up-to-date: /home/ueshiba/ros2_ws/install/aruco_msgs/share/aruco_msgs/cmake/aruco_msgs__rosidl_typesupport_cExport-noconfig.cmake
[0.395s] -- Up-to-date: /home/ueshiba/ros2_ws/install/aruco_msgs/share/aruco_msgs/cmake/aruco_msgs__rosidl_typesupport_introspection_cppExport.cmake
[0.395s] -- Up-to-date: /home/ueshiba/ros2_ws/install/aruco_msgs/share/aruco_msgs/cmake/aruco_msgs__rosidl_typesupport_introspection_cppExport-noconfig.cmake
[0.395s] -- Up-to-date: /home/ueshiba/ros2_ws/install/aruco_msgs/share/aruco_msgs/cmake/aruco_msgs__rosidl_typesupport_cppExport.cmake
[0.395s] -- Up-to-date: /home/ueshiba/ros2_ws/install/aruco_msgs/share/aruco_msgs/cmake/aruco_msgs__rosidl_typesupport_cppExport-noconfig.cmake
[0.396s] -- Up-to-date: /home/ueshiba/ros2_ws/install/aruco_msgs/share/aruco_msgs/cmake/export_aruco_msgs__rosidl_generator_pyExport.cmake
[0.396s] -- Up-to-date: /home/ueshiba/ros2_ws/install/aruco_msgs/share/aruco_msgs/cmake/export_aruco_msgs__rosidl_generator_pyExport-noconfig.cmake
[0.408s] Invoked command in '/home/ueshiba/ros2_ws/build/aruco_msgs' returned '0': CMAKE_PREFIX_PATH=${CMAKE_PREFIX_PATH}:/home/ueshiba/ros2_ws/install/rqt_reconfigure:/opt/ros/rolling PS1=\[\e]0;\u@\h: \w\a\]\h% /usr/bin/cmake --install /home/ueshiba/ros2_ws/build/aruco_msgs
