[0.042s] Invoking command in '/home/ueshiba/ros2_ws/build/aist_iiwa_pick_place': PS1=\[\e]0;\u@\h: \w\a\]\h% /usr/bin/cmake /home/ueshiba/noetic/catkin_ws/src/artros/aist_iiwa/aist_iiwa_pick_place -DCATKIN_INSTALL_INTO_PREFIX_ROOT=0 -DCMAKE_INSTALL_PREFIX=/home/ueshiba/ros2_ws/install
[0.060s] [0mCMake Deprecation Warning at CMakeLists.txt:1 (cmake_minimum_required):
[0.060s]   Compatibility with CMake < 2.8.12 will be removed from a future version of
[0.060s]   CMake.
[0.061s] 
[0.061s]   Update the VERSION argument <min> value or use a ...<max> suffix to tell
[0.061s]   CMake that the project does not need compatibility with older versions.
[0.061s] 
[0.061s] [0m
[0.074s] -- The C compiler identification is GNU 11.4.0
[0.110s] -- The CXX compiler identification is GNU 11.4.0
[0.117s] -- Detecting C compiler ABI info
[0.163s] -- Detecting C compiler ABI info - done
[0.171s] -- Check for working C compiler: /usr/bin/cc - skipped
[0.171s] -- Detecting C compile features
[0.172s] -- Detecting C compile features - done
[0.175s] -- Detecting CXX compiler ABI info
[0.231s] -- Detecting CXX compiler ABI info - done
[0.240s] -- Check for working CXX compiler: /usr/bin/c++ - skipped
[0.240s] -- Detecting CXX compile features
[0.240s] -- Detecting CXX compile features - done
[0.247s] [31mCMake Error at CMakeLists.txt:4 (find_package):
[0.247s]   By not providing "Findcatkin.cmake" in CMAKE_MODULE_PATH this project has
[0.247s]   asked CMake to find a package configuration file provided by "catkin", but
[0.247s]   CMake did not find one.
[0.247s] 
[0.247s]   Could not find a package configuration file provided by "catkin" with any
[0.247s]   of the following names:
[0.247s] 
[0.247s]     catkinConfig.cmake
[0.247s]     catkin-config.cmake
[0.247s] 
[0.247s]   Add the installation prefix of "catkin" to CMAKE_PREFIX_PATH or set
[0.247s]   "catkin_DIR" to a directory containing one of the above files.  If "catkin"
[0.247s]   provides a separate development package or SDK, be sure it has been
[0.247s]   installed.
[0.247s] 
[0.247s] [0m
[0.247s] -- Configuring incomplete, errors occurred!
[0.247s] See also "/home/ueshiba/ros2_ws/build/aist_iiwa_pick_place/CMakeFiles/CMakeOutput.log".
