[0.231s] Invoking command in '/home/ueshiba/ros2_ws/build/ur_simulation_gz': CMAKE_PREFIX_PATH=${CMAKE_PREFIX_PATH}:/home/ueshiba/ros2_ws/install/rqt_reconfigure:/opt/ros/rolling PS1=\[\e]0;\u@\h: \w\a\]\h% /usr/bin/cmake --build /home/ueshiba/ros2_ws/build/ur_simulation_gz -- -j24 -l24
[0.248s] Invoked command in '/home/ueshiba/ros2_ws/build/ur_simulation_gz' returned '0': CMAKE_PREFIX_PATH=${CMAKE_PREFIX_PATH}:/home/ueshiba/ros2_ws/install/rqt_reconfigure:/opt/ros/rolling PS1=\[\e]0;\u@\h: \w\a\]\h% /usr/bin/cmake --build /home/ueshiba/ros2_ws/build/ur_simulation_gz -- -j24 -l24
[0.267s] Invoking command in '/home/ueshiba/ros2_ws/build/ur_simulation_gz': CMAKE_PREFIX_PATH=${CMAKE_PREFIX_PATH}:/home/ueshiba/ros2_ws/install/rqt_reconfigure:/opt/ros/rolling PS1=\[\e]0;\u@\h: \w\a\]\h% /usr/bin/cmake --install /home/ueshiba/ros2_ws/build/ur_simulation_gz
[0.273s] -- Install configuration: ""
[0.273s] -- Execute custom install script
[0.274s] -- Up-to-date symlink: /home/ueshiba/ros2_ws/install/ur_simulation_gz/share/ur_simulation_gz/config/ur_controllers.yaml
[0.274s] -- Up-to-date symlink: /home/ueshiba/ros2_ws/install/ur_simulation_gz/share/ur_simulation_gz/launch/ur_sim_control.launch.py
[0.274s] -- Up-to-date symlink: /home/ueshiba/ros2_ws/install/ur_simulation_gz/share/ur_simulation_gz/launch/ur_sim_moveit.launch.py
[0.275s] -- Up-to-date symlink: /home/ueshiba/ros2_ws/install/ur_simulation_gz/share/ur_simulation_gz/urdf/ur_gz.ros2_control.xacro
[0.275s] -- Up-to-date symlink: /home/ueshiba/ros2_ws/install/ur_simulation_gz/share/ur_simulation_gz/urdf/ur_gz.urdf.xacro
[0.275s] -- Up-to-date symlink: /home/ueshiba/ros2_ws/install/ur_simulation_gz/share/ament_index/resource_index/package_run_dependencies/ur_simulation_gz
[0.276s] -- Up-to-date symlink: /home/ueshiba/ros2_ws/install/ur_simulation_gz/share/ament_index/resource_index/parent_prefix_path/ur_simulation_gz
[0.276s] -- Up-to-date symlink: /home/ueshiba/ros2_ws/install/ur_simulation_gz/share/ur_simulation_gz/environment/ament_prefix_path.sh
[0.276s] -- Up-to-date symlink: /home/ueshiba/ros2_ws/install/ur_simulation_gz/share/ur_simulation_gz/environment/ament_prefix_path.dsv
[0.277s] -- Up-to-date symlink: /home/ueshiba/ros2_ws/install/ur_simulation_gz/share/ur_simulation_gz/environment/path.sh
[0.277s] -- Up-to-date symlink: /home/ueshiba/ros2_ws/install/ur_simulation_gz/share/ur_simulation_gz/environment/path.dsv
[0.277s] -- Up-to-date symlink: /home/ueshiba/ros2_ws/install/ur_simulation_gz/share/ur_simulation_gz/local_setup.bash
[0.277s] -- Up-to-date symlink: /home/ueshiba/ros2_ws/install/ur_simulation_gz/share/ur_simulation_gz/local_setup.sh
[0.277s] -- Up-to-date symlink: /home/ueshiba/ros2_ws/install/ur_simulation_gz/share/ur_simulation_gz/local_setup.zsh
[0.277s] -- Up-to-date symlink: /home/ueshiba/ros2_ws/install/ur_simulation_gz/share/ur_simulation_gz/local_setup.dsv
[0.277s] -- Symlinking: /home/ueshiba/ros2_ws/install/ur_simulation_gz/share/ur_simulation_gz/package.dsv
[0.287s] -- Up-to-date symlink: /home/ueshiba/ros2_ws/install/ur_simulation_gz/share/ament_index/resource_index/packages/ur_simulation_gz
[0.287s] -- Up-to-date symlink: /home/ueshiba/ros2_ws/install/ur_simulation_gz/share/ur_simulation_gz/cmake/ur_simulation_gzConfig.cmake
[0.287s] -- Up-to-date symlink: /home/ueshiba/ros2_ws/install/ur_simulation_gz/share/ur_simulation_gz/cmake/ur_simulation_gzConfig-version.cmake
[0.288s] -- Up-to-date symlink: /home/ueshiba/ros2_ws/install/ur_simulation_gz/share/ur_simulation_gz/package.xml
[0.291s] Invoked command in '/home/ueshiba/ros2_ws/build/ur_simulation_gz' returned '0': CMAKE_PREFIX_PATH=${CMAKE_PREFIX_PATH}:/home/ueshiba/ros2_ws/install/rqt_reconfigure:/opt/ros/rolling PS1=\[\e]0;\u@\h: \w\a\]\h% /usr/bin/cmake --install /home/ueshiba/ros2_ws/build/ur_simulation_gz
