-- The C compiler identification is GNU 11.4.0
-- The CXX compiler identification is GNU 11.4.0
-- Detecting C compiler ABI info
-- Detecting C compiler ABI info - done
-- Check for working C compiler: /usr/bin/cc - skipped
-- Detecting C compile features
-- Detecting C compile features - done
-- Detecting CXX compiler ABI info
-- Detecting CXX compiler ABI info - done
-- Check for working CXX compiler: /usr/bin/c++ - skipped
-- Detecting CXX compile features
-- Detecting CXX compile features - done
-- Found ament_cmake: 2.3.2 (/opt/ros/rolling/share/ament_cmake/cmake)
-- Found Python3: /usr/bin/python3.10 (found version "3.10.12") found components: Interpreter 
-- Override CMake install command with custom implementation using symlinks instead of copying resources
-- Found rosidl_default_generators: 1.6.0 (/opt/ros/rolling/share/rosidl_default_generators/cmake)
-- Using all available rosidl_typesupport_c: rosidl_typesupport_fastrtps_c;rosidl_typesupport_introspection_c
-- Using all available rosidl_typesupport_cpp: rosidl_typesupport_fastrtps_cpp;rosidl_typesupport_introspection_cpp
-- Found rosidl_adapter: 4.5.1 (/opt/ros/rolling/share/rosidl_adapter/cmake)
-- Found rosidl_default_runtime: 1.6.0 (/opt/ros/rolling/share/rosidl_default_runtime/cmake)
-- Found std_msgs: 5.3.0 (/opt/ros/rolling/share/std_msgs/cmake)
-- Found geometry_msgs: 5.3.0 (/opt/ros/rolling/share/geometry_msgs/cmake)
-- Found sensor_msgs: 5.3.0 (/opt/ros/rolling/share/sensor_msgs/cmake)
-- Found visualization_msgs: 5.3.0 (/opt/ros/rolling/share/visualization_msgs/cmake)
-- Found action_msgs: 2.0.1 (/opt/ros/rolling/share/action_msgs/cmake)
-- Found moveit_msgs: 2.4.0 (/opt/ros/rolling/share/moveit_msgs/cmake)
-- Found ament_cmake_ros: 0.12.0 (/opt/ros/rolling/share/ament_cmake_ros/cmake)
-- Using all available rosidl_typesupport_c: rosidl_typesupport_fastrtps_c;rosidl_typesupport_introspection_c
-- Using all available rosidl_typesupport_cpp: rosidl_typesupport_fastrtps_cpp;rosidl_typesupport_introspection_cpp
-- Found PythonInterp: /usr/bin/python3 (found suitable version "3.10.12", minimum required is "3.6") 
-- Found python_cmake_module: 0.11.0 (/opt/ros/rolling/share/python_cmake_module/cmake)
-- Found PythonLibs: /usr/lib/x86_64-linux-gnu/libpython3.10.so (found suitable version "3.10.12", minimum required is "3.5") 
-- Using PYTHON_EXECUTABLE: /usr/bin/python3
-- Using PYTHON_INCLUDE_DIRS: /usr/include/python3.10
-- Using PYTHON_LIBRARIES: /usr/lib/x86_64-linux-gnu/libpython3.10.so
-- Found PythonExtra: .so  
-- Configuring done
-- Generating done
-- Build files have been written to: /home/ueshiba/ros2_ws/build/aist_msgs
[  1%] Built target aist_msgs__rosidl_generator_type_description
[  1%] Built target ament_cmake_python_symlink_aist_msgs
[35m[1mConsolidate compiler generated dependencies of target aist_msgs__rosidl_generator_c[0m
[  1%] Built target aist_msgs__cpp
[ 27%] Built target aist_msgs__rosidl_generator_c
[35m[1mConsolidate compiler generated dependencies of target aist_msgs__rosidl_typesupport_cpp[0m
[35m[1mConsolidate compiler generated dependencies of target aist_msgs__rosidl_typesupport_fastrtps_c[0m
[35m[1mConsolidate compiler generated dependencies of target aist_msgs__rosidl_typesupport_introspection_c[0m
[35m[1mConsolidate compiler generated dependencies of target aist_msgs__rosidl_typesupport_fastrtps_cpp[0m
[35m[1mConsolidate compiler generated dependencies of target aist_msgs__rosidl_typesupport_c[0m
[35m[1mConsolidate compiler generated dependencies of target aist_msgs__rosidl_typesupport_introspection_cpp[0m
[ 36%] Built target aist_msgs__rosidl_typesupport_introspection_c
[ 46%] Built target aist_msgs__rosidl_typesupport_cpp
[ 55%] Built target aist_msgs__rosidl_typesupport_fastrtps_c
[ 64%] Built target aist_msgs__rosidl_typesupport_c
[ 74%] Built target aist_msgs__rosidl_typesupport_fastrtps_cpp
[ 84%] Built target aist_msgs__rosidl_typesupport_introspection_cpp
[ 84%] Built target aist_msgs
[ 85%] Built target aist_msgs__py
[35m[1mConsolidate compiler generated dependencies of target aist_msgs__rosidl_generator_py[0m
[ 94%] Built target aist_msgs__rosidl_generator_py
[35m[1mConsolidate compiler generated dependencies of target aist_msgs__rosidl_typesupport_fastrtps_c__pyext[0m
[35m[1mConsolidate compiler generated dependencies of target aist_msgs__rosidl_typesupport_introspection_c__pyext[0m
[35m[1mConsolidate compiler generated dependencies of target aist_msgs__rosidl_typesupport_c__pyext[0m
[ 99%] Built target aist_msgs__rosidl_typesupport_fastrtps_c__pyext
[100%] Built target aist_msgs__rosidl_typesupport_introspection_c__pyext
[ 99%] Built target aist_msgs__rosidl_typesupport_c__pyext
running egg_info
writing aist_msgs.egg-info/PKG-INFO
writing dependency_links to aist_msgs.egg-info/dependency_links.txt
writing top-level names to aist_msgs.egg-info/top_level.txt
reading manifest file 'aist_msgs.egg-info/SOURCES.txt'
writing manifest file 'aist_msgs.egg-info/SOURCES.txt'
[100%] Built target ament_cmake_python_build_aist_msgs_egg
-- Install configuration: ""
-- Execute custom install script
-- Up-to-date symlink: /home/ueshiba/ros2_ws/install/aist_msgs/share/ament_index/resource_index/rosidl_interfaces/aist_msgs
-- Up-to-date symlink: /home/ueshiba/ros2_ws/install/aist_msgs/share/aist_msgs/msg/DisplayItem.json
-- Up-to-date symlink: /home/ueshiba/ros2_ws/install/aist_msgs/share/aist_msgs/msg/Float32Stamped.json
-- Up-to-date symlink: /home/ueshiba/ros2_ws/install/aist_msgs/share/aist_msgs/msg/Pointing.json
-- Up-to-date symlink: /home/ueshiba/ros2_ws/install/aist_msgs/share/aist_msgs/msg/RequestHelp.json
-- Up-to-date symlink: /home/ueshiba/ros2_ws/install/aist_msgs/share/aist_msgs/msg/UpsetResult.json
-- Up-to-date symlink: /home/ueshiba/ros2_ws/install/aist_msgs/share/aist_msgs/action/AttemptBin.json
-- Up-to-date symlink: /home/ueshiba/ros2_ws/install/aist_msgs/share/aist_msgs/action/PickOrPlace.json
-- Up-to-date symlink: /home/ueshiba/ros2_ws/install/aist_msgs/share/aist_msgs/action/RepeatSweep.json
-- Up-to-date symlink: /home/ueshiba/ros2_ws/install/aist_msgs/share/aist_msgs/action/RequestHelp.json
-- Up-to-date symlink: /home/ueshiba/ros2_ws/install/aist_msgs/share/aist_msgs/action/Sweep.json
-- Up-to-date symlink: /home/ueshiba/ros2_ws/install/aist_msgs/include/aist_msgs/aist_msgs/action/attempt_bin.h
-- Up-to-date symlink: /home/ueshiba/ros2_ws/install/aist_msgs/include/aist_msgs/aist_msgs/action/detail/attempt_bin__functions.h
-- Up-to-date symlink: /home/ueshiba/ros2_ws/install/aist_msgs/include/aist_msgs/aist_msgs/action/detail/attempt_bin__struct.h
-- Up-to-date symlink: /home/ueshiba/ros2_ws/install/aist_msgs/include/aist_msgs/aist_msgs/action/detail/attempt_bin__type_support.h
-- Up-to-date symlink: /home/ueshiba/ros2_ws/install/aist_msgs/include/aist_msgs/aist_msgs/action/detail/pick_or_place__functions.h
-- Up-to-date symlink: /home/ueshiba/ros2_ws/install/aist_msgs/include/aist_msgs/aist_msgs/action/detail/pick_or_place__struct.h
-- Up-to-date symlink: /home/ueshiba/ros2_ws/install/aist_msgs/include/aist_msgs/aist_msgs/action/detail/pick_or_place__type_support.h
-- Up-to-date symlink: /home/ueshiba/ros2_ws/install/aist_msgs/include/aist_msgs/aist_msgs/action/detail/repeat_sweep__functions.h
-- Up-to-date symlink: /home/ueshiba/ros2_ws/install/aist_msgs/include/aist_msgs/aist_msgs/action/detail/repeat_sweep__struct.h
-- Up-to-date symlink: /home/ueshiba/ros2_ws/install/aist_msgs/include/aist_msgs/aist_msgs/action/detail/repeat_sweep__type_support.h
-- Up-to-date symlink: /home/ueshiba/ros2_ws/install/aist_msgs/include/aist_msgs/aist_msgs/action/detail/request_help__functions.h
-- Up-to-date symlink: /home/ueshiba/ros2_ws/install/aist_msgs/include/aist_msgs/aist_msgs/action/detail/request_help__struct.h
-- Up-to-date symlink: /home/ueshiba/ros2_ws/install/aist_msgs/include/aist_msgs/aist_msgs/action/detail/request_help__type_support.h
-- Up-to-date symlink: /home/ueshiba/ros2_ws/install/aist_msgs/include/aist_msgs/aist_msgs/action/detail/sweep__functions.h
-- Up-to-date symlink: /home/ueshiba/ros2_ws/install/aist_msgs/include/aist_msgs/aist_msgs/action/detail/sweep__struct.h
-- Up-to-date symlink: /home/ueshiba/ros2_ws/install/aist_msgs/include/aist_msgs/aist_msgs/action/detail/sweep__type_support.h
-- Up-to-date symlink: /home/ueshiba/ros2_ws/install/aist_msgs/include/aist_msgs/aist_msgs/action/pick_or_place.h
-- Up-to-date symlink: /home/ueshiba/ros2_ws/install/aist_msgs/include/aist_msgs/aist_msgs/action/repeat_sweep.h
-- Up-to-date symlink: /home/ueshiba/ros2_ws/install/aist_msgs/include/aist_msgs/aist_msgs/action/request_help.h
-- Up-to-date symlink: /home/ueshiba/ros2_ws/install/aist_msgs/include/aist_msgs/aist_msgs/action/sweep.h
-- Up-to-date symlink: /home/ueshiba/ros2_ws/install/aist_msgs/include/aist_msgs/aist_msgs/msg/detail/display_item__functions.h
-- Up-to-date symlink: /home/ueshiba/ros2_ws/install/aist_msgs/include/aist_msgs/aist_msgs/msg/detail/display_item__struct.h
-- Up-to-date symlink: /home/ueshiba/ros2_ws/install/aist_msgs/include/aist_msgs/aist_msgs/msg/detail/display_item__type_support.h
-- Up-to-date symlink: /home/ueshiba/ros2_ws/install/aist_msgs/include/aist_msgs/aist_msgs/msg/detail/float32_stamped__functions.h
-- Up-to-date symlink: /home/ueshiba/ros2_ws/install/aist_msgs/include/aist_msgs/aist_msgs/msg/detail/float32_stamped__struct.h
-- Up-to-date symlink: /home/ueshiba/ros2_ws/install/aist_msgs/include/aist_msgs/aist_msgs/msg/detail/float32_stamped__type_support.h
-- Up-to-date symlink: /home/ueshiba/ros2_ws/install/aist_msgs/include/aist_msgs/aist_msgs/msg/detail/pointing__functions.h
-- Up-to-date symlink: /home/ueshiba/ros2_ws/install/aist_msgs/include/aist_msgs/aist_msgs/msg/detail/pointing__struct.h
-- Up-to-date symlink: /home/ueshiba/ros2_ws/install/aist_msgs/include/aist_msgs/aist_msgs/msg/detail/pointing__type_support.h
-- Up-to-date symlink: /home/ueshiba/ros2_ws/install/aist_msgs/include/aist_msgs/aist_msgs/msg/detail/request_help__functions.h
-- Up-to-date symlink: /home/ueshiba/ros2_ws/install/aist_msgs/include/aist_msgs/aist_msgs/msg/detail/request_help__struct.h
-- Up-to-date symlink: /home/ueshiba/ros2_ws/install/aist_msgs/include/aist_msgs/aist_msgs/msg/detail/request_help__type_support.h
-- Up-to-date symlink: /home/ueshiba/ros2_ws/install/aist_msgs/include/aist_msgs/aist_msgs/msg/detail/upset_result__functions.h
-- Up-to-date symlink: /home/ueshiba/ros2_ws/install/aist_msgs/include/aist_msgs/aist_msgs/msg/detail/upset_result__struct.h
-- Up-to-date symlink: /home/ueshiba/ros2_ws/install/aist_msgs/include/aist_msgs/aist_msgs/msg/detail/upset_result__type_support.h
-- Up-to-date symlink: /home/ueshiba/ros2_ws/install/aist_msgs/include/aist_msgs/aist_msgs/msg/display_item.h
-- Up-to-date symlink: /home/ueshiba/ros2_ws/install/aist_msgs/include/aist_msgs/aist_msgs/msg/float32_stamped.h
-- Up-to-date symlink: /home/ueshiba/ros2_ws/install/aist_msgs/include/aist_msgs/aist_msgs/msg/pointing.h
-- Up-to-date symlink: /home/ueshiba/ros2_ws/install/aist_msgs/include/aist_msgs/aist_msgs/msg/request_help.h
-- Up-to-date symlink: /home/ueshiba/ros2_ws/install/aist_msgs/include/aist_msgs/aist_msgs/msg/rosidl_generator_c__visibility_control.h
-- Up-to-date symlink: /home/ueshiba/ros2_ws/install/aist_msgs/include/aist_msgs/aist_msgs/msg/upset_result.h
-- Up-to-date symlink: /home/ueshiba/ros2_ws/install/aist_msgs/share/aist_msgs/environment/library_path.sh
-- Up-to-date symlink: /home/ueshiba/ros2_ws/install/aist_msgs/share/aist_msgs/environment/library_path.dsv
-- Up-to-date symlink: /home/ueshiba/ros2_ws/install/aist_msgs/include/aist_msgs/aist_msgs/action/detail/attempt_bin__rosidl_typesupport_fastrtps_c.h
-- Up-to-date symlink: /home/ueshiba/ros2_ws/install/aist_msgs/include/aist_msgs/aist_msgs/action/detail/pick_or_place__rosidl_typesupport_fastrtps_c.h
-- Up-to-date symlink: /home/ueshiba/ros2_ws/install/aist_msgs/include/aist_msgs/aist_msgs/action/detail/repeat_sweep__rosidl_typesupport_fastrtps_c.h
-- Up-to-date symlink: /home/ueshiba/ros2_ws/install/aist_msgs/include/aist_msgs/aist_msgs/action/detail/request_help__rosidl_typesupport_fastrtps_c.h
-- Up-to-date symlink: /home/ueshiba/ros2_ws/install/aist_msgs/include/aist_msgs/aist_msgs/action/detail/sweep__rosidl_typesupport_fastrtps_c.h
-- Up-to-date symlink: /home/ueshiba/ros2_ws/install/aist_msgs/include/aist_msgs/aist_msgs/msg/detail/display_item__rosidl_typesupport_fastrtps_c.h
-- Up-to-date symlink: /home/ueshiba/ros2_ws/install/aist_msgs/include/aist_msgs/aist_msgs/msg/detail/float32_stamped__rosidl_typesupport_fastrtps_c.h
-- Up-to-date symlink: /home/ueshiba/ros2_ws/install/aist_msgs/include/aist_msgs/aist_msgs/msg/detail/pointing__rosidl_typesupport_fastrtps_c.h
-- Up-to-date symlink: /home/ueshiba/ros2_ws/install/aist_msgs/include/aist_msgs/aist_msgs/msg/detail/request_help__rosidl_typesupport_fastrtps_c.h
-- Up-to-date symlink: /home/ueshiba/ros2_ws/install/aist_msgs/include/aist_msgs/aist_msgs/msg/detail/upset_result__rosidl_typesupport_fastrtps_c.h
-- Up-to-date symlink: /home/ueshiba/ros2_ws/install/aist_msgs/include/aist_msgs/aist_msgs/msg/rosidl_typesupport_fastrtps_c__visibility_control.h
-- Up-to-date symlink: /home/ueshiba/ros2_ws/install/aist_msgs/include/aist_msgs/aist_msgs/action/detail/attempt_bin__rosidl_typesupport_introspection_c.h
-- Up-to-date symlink: /home/ueshiba/ros2_ws/install/aist_msgs/include/aist_msgs/aist_msgs/action/detail/pick_or_place__rosidl_typesupport_introspection_c.h
-- Up-to-date symlink: /home/ueshiba/ros2_ws/install/aist_msgs/include/aist_msgs/aist_msgs/action/detail/repeat_sweep__rosidl_typesupport_introspection_c.h
-- Up-to-date symlink: /home/ueshiba/ros2_ws/install/aist_msgs/include/aist_msgs/aist_msgs/action/detail/request_help__rosidl_typesupport_introspection_c.h
-- Up-to-date symlink: /home/ueshiba/ros2_ws/install/aist_msgs/include/aist_msgs/aist_msgs/action/detail/sweep__rosidl_typesupport_introspection_c.h
-- Up-to-date symlink: /home/ueshiba/ros2_ws/install/aist_msgs/include/aist_msgs/aist_msgs/msg/detail/display_item__rosidl_typesupport_introspection_c.h
-- Up-to-date symlink: /home/ueshiba/ros2_ws/install/aist_msgs/include/aist_msgs/aist_msgs/msg/detail/float32_stamped__rosidl_typesupport_introspection_c.h
-- Up-to-date symlink: /home/ueshiba/ros2_ws/install/aist_msgs/include/aist_msgs/aist_msgs/msg/detail/pointing__rosidl_typesupport_introspection_c.h
-- Up-to-date symlink: /home/ueshiba/ros2_ws/install/aist_msgs/include/aist_msgs/aist_msgs/msg/detail/request_help__rosidl_typesupport_introspection_c.h
-- Up-to-date symlink: /home/ueshiba/ros2_ws/install/aist_msgs/include/aist_msgs/aist_msgs/msg/detail/upset_result__rosidl_typesupport_introspection_c.h
-- Up-to-date symlink: /home/ueshiba/ros2_ws/install/aist_msgs/include/aist_msgs/aist_msgs/msg/rosidl_typesupport_introspection_c__visibility_control.h
-- Up-to-date symlink: /home/ueshiba/ros2_ws/install/aist_msgs/include/aist_msgs/aist_msgs/action/attempt_bin.hpp
-- Up-to-date symlink: /home/ueshiba/ros2_ws/install/aist_msgs/include/aist_msgs/aist_msgs/action/detail/attempt_bin__builder.hpp
-- Up-to-date symlink: /home/ueshiba/ros2_ws/install/aist_msgs/include/aist_msgs/aist_msgs/action/detail/attempt_bin__struct.hpp
-- Up-to-date symlink: /home/ueshiba/ros2_ws/install/aist_msgs/include/aist_msgs/aist_msgs/action/detail/attempt_bin__traits.hpp
-- Up-to-date symlink: /home/ueshiba/ros2_ws/install/aist_msgs/include/aist_msgs/aist_msgs/action/detail/attempt_bin__type_support.hpp
-- Up-to-date symlink: /home/ueshiba/ros2_ws/install/aist_msgs/include/aist_msgs/aist_msgs/action/detail/pick_or_place__builder.hpp
-- Up-to-date symlink: /home/ueshiba/ros2_ws/install/aist_msgs/include/aist_msgs/aist_msgs/action/detail/pick_or_place__struct.hpp
-- Up-to-date symlink: /home/ueshiba/ros2_ws/install/aist_msgs/include/aist_msgs/aist_msgs/action/detail/pick_or_place__traits.hpp
-- Up-to-date symlink: /home/ueshiba/ros2_ws/install/aist_msgs/include/aist_msgs/aist_msgs/action/detail/pick_or_place__type_support.hpp
-- Up-to-date symlink: /home/ueshiba/ros2_ws/install/aist_msgs/include/aist_msgs/aist_msgs/action/detail/repeat_sweep__builder.hpp
-- Up-to-date symlink: /home/ueshiba/ros2_ws/install/aist_msgs/include/aist_msgs/aist_msgs/action/detail/repeat_sweep__struct.hpp
-- Up-to-date symlink: /home/ueshiba/ros2_ws/install/aist_msgs/include/aist_msgs/aist_msgs/action/detail/repeat_sweep__traits.hpp
-- Up-to-date symlink: /home/ueshiba/ros2_ws/install/aist_msgs/include/aist_msgs/aist_msgs/action/detail/repeat_sweep__type_support.hpp
-- Up-to-date symlink: /home/ueshiba/ros2_ws/install/aist_msgs/include/aist_msgs/aist_msgs/action/detail/request_help__builder.hpp
-- Up-to-date symlink: /home/ueshiba/ros2_ws/install/aist_msgs/include/aist_msgs/aist_msgs/action/detail/request_help__struct.hpp
-- Up-to-date symlink: /home/ueshiba/ros2_ws/install/aist_msgs/include/aist_msgs/aist_msgs/action/detail/request_help__traits.hpp
-- Up-to-date symlink: /home/ueshiba/ros2_ws/install/aist_msgs/include/aist_msgs/aist_msgs/action/detail/request_help__type_support.hpp
-- Up-to-date symlink: /home/ueshiba/ros2_ws/install/aist_msgs/include/aist_msgs/aist_msgs/action/detail/sweep__builder.hpp
-- Up-to-date symlink: /home/ueshiba/ros2_ws/install/aist_msgs/include/aist_msgs/aist_msgs/action/detail/sweep__struct.hpp
-- Up-to-date symlink: /home/ueshiba/ros2_ws/install/aist_msgs/include/aist_msgs/aist_msgs/action/detail/sweep__traits.hpp
-- Up-to-date symlink: /home/ueshiba/ros2_ws/install/aist_msgs/include/aist_msgs/aist_msgs/action/detail/sweep__type_support.hpp
-- Up-to-date symlink: /home/ueshiba/ros2_ws/install/aist_msgs/include/aist_msgs/aist_msgs/action/pick_or_place.hpp
-- Up-to-date symlink: /home/ueshiba/ros2_ws/install/aist_msgs/include/aist_msgs/aist_msgs/action/repeat_sweep.hpp
-- Up-to-date symlink: /home/ueshiba/ros2_ws/install/aist_msgs/include/aist_msgs/aist_msgs/action/request_help.hpp
-- Up-to-date symlink: /home/ueshiba/ros2_ws/install/aist_msgs/include/aist_msgs/aist_msgs/action/sweep.hpp
-- Up-to-date symlink: /home/ueshiba/ros2_ws/install/aist_msgs/include/aist_msgs/aist_msgs/msg/detail/display_item__builder.hpp
-- Up-to-date symlink: /home/ueshiba/ros2_ws/install/aist_msgs/include/aist_msgs/aist_msgs/msg/detail/display_item__struct.hpp
-- Up-to-date symlink: /home/ueshiba/ros2_ws/install/aist_msgs/include/aist_msgs/aist_msgs/msg/detail/display_item__traits.hpp
-- Up-to-date symlink: /home/ueshiba/ros2_ws/install/aist_msgs/include/aist_msgs/aist_msgs/msg/detail/display_item__type_support.hpp
-- Up-to-date symlink: /home/ueshiba/ros2_ws/install/aist_msgs/include/aist_msgs/aist_msgs/msg/detail/float32_stamped__builder.hpp
-- Up-to-date symlink: /home/ueshiba/ros2_ws/install/aist_msgs/include/aist_msgs/aist_msgs/msg/detail/float32_stamped__struct.hpp
-- Up-to-date symlink: /home/ueshiba/ros2_ws/install/aist_msgs/include/aist_msgs/aist_msgs/msg/detail/float32_stamped__traits.hpp
-- Up-to-date symlink: /home/ueshiba/ros2_ws/install/aist_msgs/include/aist_msgs/aist_msgs/msg/detail/float32_stamped__type_support.hpp
-- Up-to-date symlink: /home/ueshiba/ros2_ws/install/aist_msgs/include/aist_msgs/aist_msgs/msg/detail/pointing__builder.hpp
-- Up-to-date symlink: /home/ueshiba/ros2_ws/install/aist_msgs/include/aist_msgs/aist_msgs/msg/detail/pointing__struct.hpp
-- Up-to-date symlink: /home/ueshiba/ros2_ws/install/aist_msgs/include/aist_msgs/aist_msgs/msg/detail/pointing__traits.hpp
-- Up-to-date symlink: /home/ueshiba/ros2_ws/install/aist_msgs/include/aist_msgs/aist_msgs/msg/detail/pointing__type_support.hpp
-- Up-to-date symlink: /home/ueshiba/ros2_ws/install/aist_msgs/include/aist_msgs/aist_msgs/msg/detail/request_help__builder.hpp
-- Up-to-date symlink: /home/ueshiba/ros2_ws/install/aist_msgs/include/aist_msgs/aist_msgs/msg/detail/request_help__struct.hpp
-- Up-to-date symlink: /home/ueshiba/ros2_ws/install/aist_msgs/include/aist_msgs/aist_msgs/msg/detail/request_help__traits.hpp
-- Up-to-date symlink: /home/ueshiba/ros2_ws/install/aist_msgs/include/aist_msgs/aist_msgs/msg/detail/request_help__type_support.hpp
-- Up-to-date symlink: /home/ueshiba/ros2_ws/install/aist_msgs/include/aist_msgs/aist_msgs/msg/detail/upset_result__builder.hpp
-- Up-to-date symlink: /home/ueshiba/ros2_ws/install/aist_msgs/include/aist_msgs/aist_msgs/msg/detail/upset_result__struct.hpp
-- Up-to-date symlink: /home/ueshiba/ros2_ws/install/aist_msgs/include/aist_msgs/aist_msgs/msg/detail/upset_result__traits.hpp
-- Up-to-date symlink: /home/ueshiba/ros2_ws/install/aist_msgs/include/aist_msgs/aist_msgs/msg/detail/upset_result__type_support.hpp
-- Up-to-date symlink: /home/ueshiba/ros2_ws/install/aist_msgs/include/aist_msgs/aist_msgs/msg/display_item.hpp
-- Up-to-date symlink: /home/ueshiba/ros2_ws/install/aist_msgs/include/aist_msgs/aist_msgs/msg/float32_stamped.hpp
-- Up-to-date symlink: /home/ueshiba/ros2_ws/install/aist_msgs/include/aist_msgs/aist_msgs/msg/pointing.hpp
-- Up-to-date symlink: /home/ueshiba/ros2_ws/install/aist_msgs/include/aist_msgs/aist_msgs/msg/request_help.hpp
-- Up-to-date symlink: /home/ueshiba/ros2_ws/install/aist_msgs/include/aist_msgs/aist_msgs/msg/rosidl_generator_cpp__visibility_control.hpp
-- Up-to-date symlink: /home/ueshiba/ros2_ws/install/aist_msgs/include/aist_msgs/aist_msgs/msg/upset_result.hpp
-- Up-to-date symlink: /home/ueshiba/ros2_ws/install/aist_msgs/include/aist_msgs/aist_msgs/action/detail/attempt_bin__rosidl_typesupport_fastrtps_cpp.hpp
-- Up-to-date symlink: /home/ueshiba/ros2_ws/install/aist_msgs/include/aist_msgs/aist_msgs/action/detail/pick_or_place__rosidl_typesupport_fastrtps_cpp.hpp
-- Up-to-date symlink: /home/ueshiba/ros2_ws/install/aist_msgs/include/aist_msgs/aist_msgs/action/detail/repeat_sweep__rosidl_typesupport_fastrtps_cpp.hpp
-- Up-to-date symlink: /home/ueshiba/ros2_ws/install/aist_msgs/include/aist_msgs/aist_msgs/action/detail/request_help__rosidl_typesupport_fastrtps_cpp.hpp
-- Up-to-date symlink: /home/ueshiba/ros2_ws/install/aist_msgs/include/aist_msgs/aist_msgs/action/detail/sweep__rosidl_typesupport_fastrtps_cpp.hpp
-- Up-to-date symlink: /home/ueshiba/ros2_ws/install/aist_msgs/include/aist_msgs/aist_msgs/msg/detail/display_item__rosidl_typesupport_fastrtps_cpp.hpp
-- Up-to-date symlink: /home/ueshiba/ros2_ws/install/aist_msgs/include/aist_msgs/aist_msgs/msg/detail/float32_stamped__rosidl_typesupport_fastrtps_cpp.hpp
-- Up-to-date symlink: /home/ueshiba/ros2_ws/install/aist_msgs/include/aist_msgs/aist_msgs/msg/detail/pointing__rosidl_typesupport_fastrtps_cpp.hpp
-- Up-to-date symlink: /home/ueshiba/ros2_ws/install/aist_msgs/include/aist_msgs/aist_msgs/msg/detail/request_help__rosidl_typesupport_fastrtps_cpp.hpp
-- Up-to-date symlink: /home/ueshiba/ros2_ws/install/aist_msgs/include/aist_msgs/aist_msgs/msg/detail/upset_result__rosidl_typesupport_fastrtps_cpp.hpp
-- Up-to-date symlink: /home/ueshiba/ros2_ws/install/aist_msgs/include/aist_msgs/aist_msgs/msg/rosidl_typesupport_fastrtps_cpp__visibility_control.h
-- Up-to-date symlink: /home/ueshiba/ros2_ws/install/aist_msgs/include/aist_msgs/aist_msgs/action/detail/attempt_bin__rosidl_typesupport_introspection_cpp.hpp
-- Up-to-date symlink: /home/ueshiba/ros2_ws/install/aist_msgs/include/aist_msgs/aist_msgs/action/detail/pick_or_place__rosidl_typesupport_introspection_cpp.hpp
-- Up-to-date symlink: /home/ueshiba/ros2_ws/install/aist_msgs/include/aist_msgs/aist_msgs/action/detail/repeat_sweep__rosidl_typesupport_introspection_cpp.hpp
-- Up-to-date symlink: /home/ueshiba/ros2_ws/install/aist_msgs/include/aist_msgs/aist_msgs/action/detail/request_help__rosidl_typesupport_introspection_cpp.hpp
-- Up-to-date symlink: /home/ueshiba/ros2_ws/install/aist_msgs/include/aist_msgs/aist_msgs/action/detail/sweep__rosidl_typesupport_introspection_cpp.hpp
-- Up-to-date symlink: /home/ueshiba/ros2_ws/install/aist_msgs/include/aist_msgs/aist_msgs/msg/detail/display_item__rosidl_typesupport_introspection_cpp.hpp
-- Up-to-date symlink: /home/ueshiba/ros2_ws/install/aist_msgs/include/aist_msgs/aist_msgs/msg/detail/float32_stamped__rosidl_typesupport_introspection_cpp.hpp
-- Up-to-date symlink: /home/ueshiba/ros2_ws/install/aist_msgs/include/aist_msgs/aist_msgs/msg/detail/pointing__rosidl_typesupport_introspection_cpp.hpp
-- Up-to-date symlink: /home/ueshiba/ros2_ws/install/aist_msgs/include/aist_msgs/aist_msgs/msg/detail/request_help__rosidl_typesupport_introspection_cpp.hpp
-- Up-to-date symlink: /home/ueshiba/ros2_ws/install/aist_msgs/include/aist_msgs/aist_msgs/msg/detail/upset_result__rosidl_typesupport_introspection_cpp.hpp
-- Up-to-date symlink: /home/ueshiba/ros2_ws/install/aist_msgs/share/aist_msgs/environment/pythonpath.sh
-- Up-to-date symlink: /home/ueshiba/ros2_ws/install/aist_msgs/share/aist_msgs/environment/pythonpath.dsv
-- Up-to-date symlink: /home/ueshiba/ros2_ws/install/aist_msgs/lib/python3.10/site-packages/aist_msgs-0.6.0-py3.10.egg-info/PKG-INFO
-- Up-to-date symlink: /home/ueshiba/ros2_ws/install/aist_msgs/lib/python3.10/site-packages/aist_msgs-0.6.0-py3.10.egg-info/SOURCES.txt
-- Up-to-date symlink: /home/ueshiba/ros2_ws/install/aist_msgs/lib/python3.10/site-packages/aist_msgs-0.6.0-py3.10.egg-info/dependency_links.txt
-- Up-to-date symlink: /home/ueshiba/ros2_ws/install/aist_msgs/lib/python3.10/site-packages/aist_msgs-0.6.0-py3.10.egg-info/top_level.txt
-- Up-to-date symlink: /home/ueshiba/ros2_ws/install/aist_msgs/lib/python3.10/site-packages/aist_msgs/__init__.py
-- Up-to-date symlink: /home/ueshiba/ros2_ws/install/aist_msgs/lib/python3.10/site-packages/aist_msgs/_aist_msgs_s.ep.rosidl_typesupport_c.c
-- Up-to-date symlink: /home/ueshiba/ros2_ws/install/aist_msgs/lib/python3.10/site-packages/aist_msgs/_aist_msgs_s.ep.rosidl_typesupport_fastrtps_c.c
-- Up-to-date symlink: /home/ueshiba/ros2_ws/install/aist_msgs/lib/python3.10/site-packages/aist_msgs/_aist_msgs_s.ep.rosidl_typesupport_introspection_c.c
-- Up-to-date symlink: /home/ueshiba/ros2_ws/install/aist_msgs/lib/python3.10/site-packages/aist_msgs/action/__init__.py
-- Up-to-date symlink: /home/ueshiba/ros2_ws/install/aist_msgs/lib/python3.10/site-packages/aist_msgs/action/_attempt_bin.py
-- Up-to-date symlink: /home/ueshiba/ros2_ws/install/aist_msgs/lib/python3.10/site-packages/aist_msgs/action/_attempt_bin_s.c
-- Up-to-date symlink: /home/ueshiba/ros2_ws/install/aist_msgs/lib/python3.10/site-packages/aist_msgs/action/_pick_or_place.py
-- Up-to-date symlink: /home/ueshiba/ros2_ws/install/aist_msgs/lib/python3.10/site-packages/aist_msgs/action/_pick_or_place_s.c
-- Up-to-date symlink: /home/ueshiba/ros2_ws/install/aist_msgs/lib/python3.10/site-packages/aist_msgs/action/_repeat_sweep.py
-- Up-to-date symlink: /home/ueshiba/ros2_ws/install/aist_msgs/lib/python3.10/site-packages/aist_msgs/action/_repeat_sweep_s.c
-- Up-to-date symlink: /home/ueshiba/ros2_ws/install/aist_msgs/lib/python3.10/site-packages/aist_msgs/action/_request_help.py
-- Up-to-date symlink: /home/ueshiba/ros2_ws/install/aist_msgs/lib/python3.10/site-packages/aist_msgs/action/_request_help_s.c
-- Up-to-date symlink: /home/ueshiba/ros2_ws/install/aist_msgs/lib/python3.10/site-packages/aist_msgs/action/_sweep.py
-- Up-to-date symlink: /home/ueshiba/ros2_ws/install/aist_msgs/lib/python3.10/site-packages/aist_msgs/action/_sweep_s.c
-- Up-to-date symlink: /home/ueshiba/ros2_ws/install/aist_msgs/lib/python3.10/site-packages/aist_msgs/msg/__init__.py
-- Up-to-date symlink: /home/ueshiba/ros2_ws/install/aist_msgs/lib/python3.10/site-packages/aist_msgs/msg/_display_item.py
-- Up-to-date symlink: /home/ueshiba/ros2_ws/install/aist_msgs/lib/python3.10/site-packages/aist_msgs/msg/_display_item_s.c
-- Up-to-date symlink: /home/ueshiba/ros2_ws/install/aist_msgs/lib/python3.10/site-packages/aist_msgs/msg/_float32_stamped.py
-- Up-to-date symlink: /home/ueshiba/ros2_ws/install/aist_msgs/lib/python3.10/site-packages/aist_msgs/msg/_float32_stamped_s.c
-- Up-to-date symlink: /home/ueshiba/ros2_ws/install/aist_msgs/lib/python3.10/site-packages/aist_msgs/msg/_pointing.py
-- Up-to-date symlink: /home/ueshiba/ros2_ws/install/aist_msgs/lib/python3.10/site-packages/aist_msgs/msg/_pointing_s.c
-- Up-to-date symlink: /home/ueshiba/ros2_ws/install/aist_msgs/lib/python3.10/site-packages/aist_msgs/msg/_request_help.py
-- Up-to-date symlink: /home/ueshiba/ros2_ws/install/aist_msgs/lib/python3.10/site-packages/aist_msgs/msg/_request_help_s.c
-- Up-to-date symlink: /home/ueshiba/ros2_ws/install/aist_msgs/lib/python3.10/site-packages/aist_msgs/msg/_upset_result.py
-- Up-to-date symlink: /home/ueshiba/ros2_ws/install/aist_msgs/lib/python3.10/site-packages/aist_msgs/msg/_upset_result_s.c
-- Up-to-date symlink: /home/ueshiba/ros2_ws/install/aist_msgs/lib/python3.10/site-packages/aist_msgs/aist_msgs_s__rosidl_typesupport_fastrtps_c.cpython-310-x86_64-linux-gnu.so
-- Up-to-date symlink: /home/ueshiba/ros2_ws/install/aist_msgs/lib/python3.10/site-packages/aist_msgs/aist_msgs_s__rosidl_typesupport_introspection_c.cpython-310-x86_64-linux-gnu.so
-- Up-to-date symlink: /home/ueshiba/ros2_ws/install/aist_msgs/lib/python3.10/site-packages/aist_msgs/aist_msgs_s__rosidl_typesupport_c.cpython-310-x86_64-linux-gnu.so
-- Up-to-date symlink: /home/ueshiba/ros2_ws/install/aist_msgs/share/aist_msgs/msg/DisplayItem.idl
-- Up-to-date symlink: /home/ueshiba/ros2_ws/install/aist_msgs/share/aist_msgs/msg/Float32Stamped.idl
-- Up-to-date symlink: /home/ueshiba/ros2_ws/install/aist_msgs/share/aist_msgs/msg/Pointing.idl
-- Up-to-date symlink: /home/ueshiba/ros2_ws/install/aist_msgs/share/aist_msgs/msg/RequestHelp.idl
-- Up-to-date symlink: /home/ueshiba/ros2_ws/install/aist_msgs/share/aist_msgs/msg/UpsetResult.idl
-- Up-to-date symlink: /home/ueshiba/ros2_ws/install/aist_msgs/share/aist_msgs/action/AttemptBin.idl
-- Up-to-date symlink: /home/ueshiba/ros2_ws/install/aist_msgs/share/aist_msgs/action/PickOrPlace.idl
-- Up-to-date symlink: /home/ueshiba/ros2_ws/install/aist_msgs/share/aist_msgs/action/RepeatSweep.idl
-- Up-to-date symlink: /home/ueshiba/ros2_ws/install/aist_msgs/share/aist_msgs/action/RequestHelp.idl
-- Up-to-date symlink: /home/ueshiba/ros2_ws/install/aist_msgs/share/aist_msgs/action/Sweep.idl
-- Up-to-date symlink: /home/ueshiba/ros2_ws/install/aist_msgs/share/aist_msgs/msg/DisplayItem.msg
-- Up-to-date symlink: /home/ueshiba/ros2_ws/install/aist_msgs/share/aist_msgs/msg/Float32Stamped.msg
-- Up-to-date symlink: /home/ueshiba/ros2_ws/install/aist_msgs/share/aist_msgs/msg/Pointing.msg
-- Up-to-date symlink: /home/ueshiba/ros2_ws/install/aist_msgs/share/aist_msgs/msg/RequestHelp.msg
-- Up-to-date symlink: /home/ueshiba/ros2_ws/install/aist_msgs/share/aist_msgs/msg/UpsetResult.msg
-- Up-to-date symlink: /home/ueshiba/ros2_ws/install/aist_msgs/share/aist_msgs/action/AttemptBin.action
-- Up-to-date symlink: /home/ueshiba/ros2_ws/install/aist_msgs/share/aist_msgs/action/PickOrPlace.action
-- Up-to-date symlink: /home/ueshiba/ros2_ws/install/aist_msgs/share/aist_msgs/action/RepeatSweep.action
-- Up-to-date symlink: /home/ueshiba/ros2_ws/install/aist_msgs/share/aist_msgs/action/RequestHelp.action
-- Up-to-date symlink: /home/ueshiba/ros2_ws/install/aist_msgs/share/aist_msgs/action/Sweep.action
-- Up-to-date symlink: /home/ueshiba/ros2_ws/install/aist_msgs/share/ament_index/resource_index/package_run_dependencies/aist_msgs
-- Up-to-date symlink: /home/ueshiba/ros2_ws/install/aist_msgs/share/ament_index/resource_index/parent_prefix_path/aist_msgs
-- Up-to-date symlink: /home/ueshiba/ros2_ws/install/aist_msgs/share/aist_msgs/environment/ament_prefix_path.sh
-- Up-to-date symlink: /home/ueshiba/ros2_ws/install/aist_msgs/share/aist_msgs/environment/ament_prefix_path.dsv
-- Up-to-date symlink: /home/ueshiba/ros2_ws/install/aist_msgs/share/aist_msgs/environment/path.sh
-- Up-to-date symlink: /home/ueshiba/ros2_ws/install/aist_msgs/share/aist_msgs/environment/path.dsv
-- Up-to-date symlink: /home/ueshiba/ros2_ws/install/aist_msgs/share/aist_msgs/local_setup.bash
-- Up-to-date symlink: /home/ueshiba/ros2_ws/install/aist_msgs/share/aist_msgs/local_setup.sh
-- Up-to-date symlink: /home/ueshiba/ros2_ws/install/aist_msgs/share/aist_msgs/local_setup.zsh
-- Up-to-date symlink: /home/ueshiba/ros2_ws/install/aist_msgs/share/aist_msgs/local_setup.dsv
-- Symlinking: /home/ueshiba/ros2_ws/install/aist_msgs/share/aist_msgs/package.dsv
-- Up-to-date symlink: /home/ueshiba/ros2_ws/install/aist_msgs/share/ament_index/resource_index/packages/aist_msgs
-- Up-to-date symlink: /home/ueshiba/ros2_ws/install/aist_msgs/share/aist_msgs/cmake/rosidl_cmake-extras.cmake
-- Up-to-date symlink: /home/ueshiba/ros2_ws/install/aist_msgs/share/aist_msgs/cmake/ament_cmake_export_dependencies-extras.cmake
-- Up-to-date symlink: /home/ueshiba/ros2_ws/install/aist_msgs/share/aist_msgs/cmake/ament_cmake_export_include_directories-extras.cmake
-- Up-to-date symlink: /home/ueshiba/ros2_ws/install/aist_msgs/share/aist_msgs/cmake/ament_cmake_export_libraries-extras.cmake
-- Up-to-date symlink: /home/ueshiba/ros2_ws/install/aist_msgs/share/aist_msgs/cmake/ament_cmake_export_targets-extras.cmake
-- Up-to-date symlink: /home/ueshiba/ros2_ws/install/aist_msgs/share/aist_msgs/cmake/rosidl_cmake_export_typesupport_targets-extras.cmake
-- Up-to-date symlink: /home/ueshiba/ros2_ws/install/aist_msgs/share/aist_msgs/cmake/rosidl_cmake_export_typesupport_libraries-extras.cmake
-- Up-to-date symlink: /home/ueshiba/ros2_ws/install/aist_msgs/share/aist_msgs/cmake/aist_msgsConfig.cmake
-- Up-to-date symlink: /home/ueshiba/ros2_ws/install/aist_msgs/share/aist_msgs/cmake/aist_msgsConfig-version.cmake
-- Up-to-date symlink: /home/ueshiba/ros2_ws/install/aist_msgs/share/aist_msgs/package.xml
-- Up-to-date: /home/ueshiba/ros2_ws/install/aist_msgs/lib/libaist_msgs__rosidl_generator_c.so
-- Up-to-date: /home/ueshiba/ros2_ws/install/aist_msgs/lib/libaist_msgs__rosidl_typesupport_fastrtps_c.so
-- Up-to-date: /home/ueshiba/ros2_ws/install/aist_msgs/lib/libaist_msgs__rosidl_typesupport_introspection_c.so
-- Up-to-date: /home/ueshiba/ros2_ws/install/aist_msgs/lib/libaist_msgs__rosidl_typesupport_c.so
-- Up-to-date: /home/ueshiba/ros2_ws/install/aist_msgs/lib/libaist_msgs__rosidl_typesupport_fastrtps_cpp.so
-- Up-to-date: /home/ueshiba/ros2_ws/install/aist_msgs/lib/libaist_msgs__rosidl_typesupport_introspection_cpp.so
-- Up-to-date: /home/ueshiba/ros2_ws/install/aist_msgs/lib/libaist_msgs__rosidl_typesupport_cpp.so
Listing '/home/ueshiba/ros2_ws/install/aist_msgs/lib/python3.10/site-packages/aist_msgs'...
Compiling '/home/ueshiba/ros2_ws/install/aist_msgs/lib/python3.10/site-packages/aist_msgs/__init__.py'...
Listing '/home/ueshiba/ros2_ws/install/aist_msgs/lib/python3.10/site-packages/aist_msgs/action'...
Listing '/home/ueshiba/ros2_ws/install/aist_msgs/lib/python3.10/site-packages/aist_msgs/msg'...
-- Up-to-date: /home/ueshiba/ros2_ws/install/aist_msgs/lib/libaist_msgs__rosidl_generator_py.so
-- Up-to-date: /home/ueshiba/ros2_ws/install/aist_msgs/share/aist_msgs/cmake/export_aist_msgs__rosidl_generator_cExport.cmake
-- Up-to-date: /home/ueshiba/ros2_ws/install/aist_msgs/share/aist_msgs/cmake/export_aist_msgs__rosidl_generator_cExport-noconfig.cmake
-- Up-to-date: /home/ueshiba/ros2_ws/install/aist_msgs/share/aist_msgs/cmake/export_aist_msgs__rosidl_typesupport_fastrtps_cExport.cmake
-- Up-to-date: /home/ueshiba/ros2_ws/install/aist_msgs/share/aist_msgs/cmake/export_aist_msgs__rosidl_typesupport_fastrtps_cExport-noconfig.cmake
-- Up-to-date: /home/ueshiba/ros2_ws/install/aist_msgs/share/aist_msgs/cmake/aist_msgs__rosidl_typesupport_introspection_cExport.cmake
-- Up-to-date: /home/ueshiba/ros2_ws/install/aist_msgs/share/aist_msgs/cmake/aist_msgs__rosidl_typesupport_introspection_cExport-noconfig.cmake
-- Up-to-date: /home/ueshiba/ros2_ws/install/aist_msgs/share/aist_msgs/cmake/aist_msgs__rosidl_typesupport_cExport.cmake
-- Up-to-date: /home/ueshiba/ros2_ws/install/aist_msgs/share/aist_msgs/cmake/aist_msgs__rosidl_typesupport_cExport-noconfig.cmake
-- Up-to-date: /home/ueshiba/ros2_ws/install/aist_msgs/share/aist_msgs/cmake/export_aist_msgs__rosidl_generator_cppExport.cmake
-- Up-to-date: /home/ueshiba/ros2_ws/install/aist_msgs/share/aist_msgs/cmake/export_aist_msgs__rosidl_typesupport_fastrtps_cppExport.cmake
-- Up-to-date: /home/ueshiba/ros2_ws/install/aist_msgs/share/aist_msgs/cmake/export_aist_msgs__rosidl_typesupport_fastrtps_cppExport-noconfig.cmake
-- Up-to-date: /home/ueshiba/ros2_ws/install/aist_msgs/share/aist_msgs/cmake/aist_msgs__rosidl_typesupport_introspection_cppExport.cmake
-- Up-to-date: /home/ueshiba/ros2_ws/install/aist_msgs/share/aist_msgs/cmake/aist_msgs__rosidl_typesupport_introspection_cppExport-noconfig.cmake
-- Up-to-date: /home/ueshiba/ros2_ws/install/aist_msgs/share/aist_msgs/cmake/aist_msgs__rosidl_typesupport_cppExport.cmake
-- Up-to-date: /home/ueshiba/ros2_ws/install/aist_msgs/share/aist_msgs/cmake/aist_msgs__rosidl_typesupport_cppExport-noconfig.cmake
-- Up-to-date: /home/ueshiba/ros2_ws/install/aist_msgs/share/aist_msgs/cmake/export_aist_msgs__rosidl_generator_pyExport.cmake
-- Up-to-date: /home/ueshiba/ros2_ws/install/aist_msgs/share/aist_msgs/cmake/export_aist_msgs__rosidl_generator_pyExport-noconfig.cmake
