[0.025s] Invoking command in '/home/ueshiba/ros2_ws/build/aist_msgs': CMAKE_PREFIX_PATH=${CMAKE_PREFIX_PATH}:/home/ueshiba/ros2_ws/install/rqt_reconfigure:/opt/ros/rolling PS1=\[\e]0;\u@\h: \w\a\]\h% /usr/bin/cmake /home/ueshiba/ros2_ws/src/artros/aist_msgs -DAMENT_CMAKE_SYMLINK_INSTALL=1 -DCMAKE_INSTALL_PREFIX=/home/ueshiba/ros2_ws/install/aist_msgs
[0.177s] -- The C compiler identification is GNU 11.4.0
[0.178s] -- The CXX compiler identification is GNU 11.4.0
[0.178s] -- Detecting C compiler ABI info
[0.178s] -- Detecting C compiler ABI info - done
[0.178s] -- Check for working C compiler: /usr/bin/cc - skipped
[0.178s] -- Detecting C compile features
[0.179s] -- Detecting C compile features - done
[0.179s] -- Detecting CXX compiler ABI info
[0.204s] -- Detecting CXX compiler ABI info - done
[0.211s] -- Check for working CXX compiler: /usr/bin/c++ - skipped
[0.211s] -- Detecting CXX compile features
[0.211s] -- Detecting CXX compile features - done
[0.214s] -- Found ament_cmake: 2.3.2 (/opt/ros/rolling/share/ament_cmake/cmake)
[0.329s] -- Found Python3: /usr/bin/python3.10 (found version "3.10.12") found components: Interpreter 
[0.379s] -- Override CMake install command with custom implementation using symlinks instead of copying resources
[0.414s] -- Found rosidl_default_generators: 1.6.0 (/opt/ros/rolling/share/rosidl_default_generators/cmake)
[0.419s] -- Using all available rosidl_typesupport_c: rosidl_typesupport_fastrtps_c;rosidl_typesupport_introspection_c
[0.461s] -- Using all available rosidl_typesupport_cpp: rosidl_typesupport_fastrtps_cpp;rosidl_typesupport_introspection_cpp
[0.499s] -- Found rosidl_adapter: 4.5.1 (/opt/ros/rolling/share/rosidl_adapter/cmake)
[0.507s] -- Found rosidl_default_runtime: 1.6.0 (/opt/ros/rolling/share/rosidl_default_runtime/cmake)
[0.517s] -- Found std_msgs: 5.3.0 (/opt/ros/rolling/share/std_msgs/cmake)
[0.543s] -- Found geometry_msgs: 5.3.0 (/opt/ros/rolling/share/geometry_msgs/cmake)
[0.572s] -- Found sensor_msgs: 5.3.0 (/opt/ros/rolling/share/sensor_msgs/cmake)
[0.637s] -- Found visualization_msgs: 5.3.0 (/opt/ros/rolling/share/visualization_msgs/cmake)
[0.733s] -- Found action_msgs: 2.0.1 (/opt/ros/rolling/share/action_msgs/cmake)
[0.789s] -- Found moveit_msgs: 2.4.0 (/opt/ros/rolling/share/moveit_msgs/cmake)
[1.727s] -- Found ament_cmake_ros: 0.12.0 (/opt/ros/rolling/share/ament_cmake_ros/cmake)
[1.951s] -- Using all available rosidl_typesupport_c: rosidl_typesupport_fastrtps_c;rosidl_typesupport_introspection_c
[2.273s] -- Using all available rosidl_typesupport_cpp: rosidl_typesupport_fastrtps_cpp;rosidl_typesupport_introspection_cpp
[2.287s] -- Found PythonInterp: /usr/bin/python3 (found suitable version "3.10.12", minimum required is "3.6") 
[2.289s] -- Found python_cmake_module: 0.11.0 (/opt/ros/rolling/share/python_cmake_module/cmake)
[2.305s] -- Found PythonLibs: /usr/lib/x86_64-linux-gnu/libpython3.10.so (found suitable version "3.10.12", minimum required is "3.5") 
[2.305s] -- Using PYTHON_EXECUTABLE: /usr/bin/python3
[2.305s] -- Using PYTHON_INCLUDE_DIRS: /usr/include/python3.10
[2.305s] -- Using PYTHON_LIBRARIES: /usr/lib/x86_64-linux-gnu/libpython3.10.so
[2.318s] -- Found PythonExtra: .so  
[2.408s] -- Configuring done
[2.451s] -- Generating done
[2.452s] -- Build files have been written to: /home/ueshiba/ros2_ws/build/aist_msgs
[2.459s] Invoked command in '/home/ueshiba/ros2_ws/build/aist_msgs' returned '0': CMAKE_PREFIX_PATH=${CMAKE_PREFIX_PATH}:/home/ueshiba/ros2_ws/install/rqt_reconfigure:/opt/ros/rolling PS1=\[\e]0;\u@\h: \w\a\]\h% /usr/bin/cmake /home/ueshiba/ros2_ws/src/artros/aist_msgs -DAMENT_CMAKE_SYMLINK_INSTALL=1 -DCMAKE_INSTALL_PREFIX=/home/ueshiba/ros2_ws/install/aist_msgs
[2.460s] Invoking command in '/home/ueshiba/ros2_ws/build/aist_msgs': CMAKE_PREFIX_PATH=${CMAKE_PREFIX_PATH}:/home/ueshiba/ros2_ws/install/rqt_reconfigure:/opt/ros/rolling PS1=\[\e]0;\u@\h: \w\a\]\h% /usr/bin/cmake --build /home/ueshiba/ros2_ws/build/aist_msgs -- -j24 -l24
[2.491s] [  1%] Built target aist_msgs__rosidl_generator_type_description
[2.496s] [  1%] Built target ament_cmake_python_symlink_aist_msgs
[2.505s] [35m[1mConsolidate compiler generated dependencies of target aist_msgs__rosidl_generator_c[0m
[2.505s] [  1%] Built target aist_msgs__cpp
[2.518s] [ 27%] Built target aist_msgs__rosidl_generator_c
[2.527s] [35m[1mConsolidate compiler generated dependencies of target aist_msgs__rosidl_typesupport_cpp[0m
[2.527s] [35m[1mConsolidate compiler generated dependencies of target aist_msgs__rosidl_typesupport_fastrtps_c[0m
[2.527s] [35m[1mConsolidate compiler generated dependencies of target aist_msgs__rosidl_typesupport_introspection_c[0m
[2.531s] [35m[1mConsolidate compiler generated dependencies of target aist_msgs__rosidl_typesupport_fastrtps_cpp[0m
[2.532s] [35m[1mConsolidate compiler generated dependencies of target aist_msgs__rosidl_typesupport_c[0m
[2.532s] [35m[1mConsolidate compiler generated dependencies of target aist_msgs__rosidl_typesupport_introspection_cpp[0m
[2.538s] [ 36%] Built target aist_msgs__rosidl_typesupport_introspection_c
[2.540s] [ 46%] Built target aist_msgs__rosidl_typesupport_cpp
[2.542s] [ 55%] Built target aist_msgs__rosidl_typesupport_fastrtps_c
[2.543s] [ 64%] Built target aist_msgs__rosidl_typesupport_c
[2.546s] [ 74%] Built target aist_msgs__rosidl_typesupport_fastrtps_cpp
[2.550s] [ 84%] Built target aist_msgs__rosidl_typesupport_introspection_cpp
[2.563s] [ 84%] Built target aist_msgs
[2.577s] [ 85%] Built target aist_msgs__py
[2.585s] [35m[1mConsolidate compiler generated dependencies of target aist_msgs__rosidl_generator_py[0m
[2.597s] [ 94%] Built target aist_msgs__rosidl_generator_py
[2.605s] [35m[1mConsolidate compiler generated dependencies of target aist_msgs__rosidl_typesupport_fastrtps_c__pyext[0m
[2.605s] [35m[1mConsolidate compiler generated dependencies of target aist_msgs__rosidl_typesupport_introspection_c__pyext[0m
[2.605s] [35m[1mConsolidate compiler generated dependencies of target aist_msgs__rosidl_typesupport_c__pyext[0m
[2.613s] [ 99%] Built target aist_msgs__rosidl_typesupport_fastrtps_c__pyext
[2.613s] [100%] Built target aist_msgs__rosidl_typesupport_introspection_c__pyext
[2.613s] [ 99%] Built target aist_msgs__rosidl_typesupport_c__pyext
[2.629s] running egg_info
[2.629s] writing aist_msgs.egg-info/PKG-INFO
[2.630s] writing dependency_links to aist_msgs.egg-info/dependency_links.txt
[2.630s] writing top-level names to aist_msgs.egg-info/top_level.txt
[2.631s] reading manifest file 'aist_msgs.egg-info/SOURCES.txt'
[2.631s] writing manifest file 'aist_msgs.egg-info/SOURCES.txt'
[2.647s] [100%] Built target ament_cmake_python_build_aist_msgs_egg
[2.655s] Invoked command in '/home/ueshiba/ros2_ws/build/aist_msgs' returned '0': CMAKE_PREFIX_PATH=${CMAKE_PREFIX_PATH}:/home/ueshiba/ros2_ws/install/rqt_reconfigure:/opt/ros/rolling PS1=\[\e]0;\u@\h: \w\a\]\h% /usr/bin/cmake --build /home/ueshiba/ros2_ws/build/aist_msgs -- -j24 -l24
[2.864s] Invoking command in '/home/ueshiba/ros2_ws/build/aist_msgs': CMAKE_PREFIX_PATH=${CMAKE_PREFIX_PATH}:/home/ueshiba/ros2_ws/install/rqt_reconfigure:/opt/ros/rolling PS1=\[\e]0;\u@\h: \w\a\]\h% /usr/bin/cmake --install /home/ueshiba/ros2_ws/build/aist_msgs
[2.868s] -- Install configuration: ""
[2.869s] -- Execute custom install script
[2.869s] -- Up-to-date symlink: /home/ueshiba/ros2_ws/install/aist_msgs/share/ament_index/resource_index/rosidl_interfaces/aist_msgs
[2.869s] -- Up-to-date symlink: /home/ueshiba/ros2_ws/install/aist_msgs/share/aist_msgs/msg/DisplayItem.json
[2.869s] -- Up-to-date symlink: /home/ueshiba/ros2_ws/install/aist_msgs/share/aist_msgs/msg/Float32Stamped.json
[2.869s] -- Up-to-date symlink: /home/ueshiba/ros2_ws/install/aist_msgs/share/aist_msgs/msg/Pointing.json
[2.869s] -- Up-to-date symlink: /home/ueshiba/ros2_ws/install/aist_msgs/share/aist_msgs/msg/RequestHelp.json
[2.869s] -- Up-to-date symlink: /home/ueshiba/ros2_ws/install/aist_msgs/share/aist_msgs/msg/UpsetResult.json
[2.869s] -- Up-to-date symlink: /home/ueshiba/ros2_ws/install/aist_msgs/share/aist_msgs/action/AttemptBin.json
[2.870s] -- Up-to-date symlink: /home/ueshiba/ros2_ws/install/aist_msgs/share/aist_msgs/action/PickOrPlace.json
[2.870s] -- Up-to-date symlink: /home/ueshiba/ros2_ws/install/aist_msgs/share/aist_msgs/action/RepeatSweep.json
[2.870s] -- Up-to-date symlink: /home/ueshiba/ros2_ws/install/aist_msgs/share/aist_msgs/action/RequestHelp.json
[2.870s] -- Up-to-date symlink: /home/ueshiba/ros2_ws/install/aist_msgs/share/aist_msgs/action/Sweep.json
[2.870s] -- Up-to-date symlink: /home/ueshiba/ros2_ws/install/aist_msgs/include/aist_msgs/aist_msgs/action/attempt_bin.h
[2.870s] -- Up-to-date symlink: /home/ueshiba/ros2_ws/install/aist_msgs/include/aist_msgs/aist_msgs/action/detail/attempt_bin__functions.h
[2.870s] -- Up-to-date symlink: /home/ueshiba/ros2_ws/install/aist_msgs/include/aist_msgs/aist_msgs/action/detail/attempt_bin__struct.h
[2.870s] -- Up-to-date symlink: /home/ueshiba/ros2_ws/install/aist_msgs/include/aist_msgs/aist_msgs/action/detail/attempt_bin__type_support.h
[2.870s] -- Up-to-date symlink: /home/ueshiba/ros2_ws/install/aist_msgs/include/aist_msgs/aist_msgs/action/detail/pick_or_place__functions.h
[2.870s] -- Up-to-date symlink: /home/ueshiba/ros2_ws/install/aist_msgs/include/aist_msgs/aist_msgs/action/detail/pick_or_place__struct.h
[2.870s] -- Up-to-date symlink: /home/ueshiba/ros2_ws/install/aist_msgs/include/aist_msgs/aist_msgs/action/detail/pick_or_place__type_support.h
[2.870s] -- Up-to-date symlink: /home/ueshiba/ros2_ws/install/aist_msgs/include/aist_msgs/aist_msgs/action/detail/repeat_sweep__functions.h
[2.870s] -- Up-to-date symlink: /home/ueshiba/ros2_ws/install/aist_msgs/include/aist_msgs/aist_msgs/action/detail/repeat_sweep__struct.h
[2.871s] -- Up-to-date symlink: /home/ueshiba/ros2_ws/install/aist_msgs/include/aist_msgs/aist_msgs/action/detail/repeat_sweep__type_support.h
[2.871s] -- Up-to-date symlink: /home/ueshiba/ros2_ws/install/aist_msgs/include/aist_msgs/aist_msgs/action/detail/request_help__functions.h
[2.871s] -- Up-to-date symlink: /home/ueshiba/ros2_ws/install/aist_msgs/include/aist_msgs/aist_msgs/action/detail/request_help__struct.h
[2.871s] -- Up-to-date symlink: /home/ueshiba/ros2_ws/install/aist_msgs/include/aist_msgs/aist_msgs/action/detail/request_help__type_support.h
[2.871s] -- Up-to-date symlink: /home/ueshiba/ros2_ws/install/aist_msgs/include/aist_msgs/aist_msgs/action/detail/sweep__functions.h
[2.871s] -- Up-to-date symlink: /home/ueshiba/ros2_ws/install/aist_msgs/include/aist_msgs/aist_msgs/action/detail/sweep__struct.h
[2.871s] -- Up-to-date symlink: /home/ueshiba/ros2_ws/install/aist_msgs/include/aist_msgs/aist_msgs/action/detail/sweep__type_support.h
[2.871s] -- Up-to-date symlink: /home/ueshiba/ros2_ws/install/aist_msgs/include/aist_msgs/aist_msgs/action/pick_or_place.h
[2.871s] -- Up-to-date symlink: /home/ueshiba/ros2_ws/install/aist_msgs/include/aist_msgs/aist_msgs/action/repeat_sweep.h
[2.871s] -- Up-to-date symlink: /home/ueshiba/ros2_ws/install/aist_msgs/include/aist_msgs/aist_msgs/action/request_help.h
[2.871s] -- Up-to-date symlink: /home/ueshiba/ros2_ws/install/aist_msgs/include/aist_msgs/aist_msgs/action/sweep.h
[2.871s] -- Up-to-date symlink: /home/ueshiba/ros2_ws/install/aist_msgs/include/aist_msgs/aist_msgs/msg/detail/display_item__functions.h
[2.871s] -- Up-to-date symlink: /home/ueshiba/ros2_ws/install/aist_msgs/include/aist_msgs/aist_msgs/msg/detail/display_item__struct.h
[2.871s] -- Up-to-date symlink: /home/ueshiba/ros2_ws/install/aist_msgs/include/aist_msgs/aist_msgs/msg/detail/display_item__type_support.h
[2.871s] -- Up-to-date symlink: /home/ueshiba/ros2_ws/install/aist_msgs/include/aist_msgs/aist_msgs/msg/detail/float32_stamped__functions.h
[2.871s] -- Up-to-date symlink: /home/ueshiba/ros2_ws/install/aist_msgs/include/aist_msgs/aist_msgs/msg/detail/float32_stamped__struct.h
[2.871s] -- Up-to-date symlink: /home/ueshiba/ros2_ws/install/aist_msgs/include/aist_msgs/aist_msgs/msg/detail/float32_stamped__type_support.h
[2.872s] -- Up-to-date symlink: /home/ueshiba/ros2_ws/install/aist_msgs/include/aist_msgs/aist_msgs/msg/detail/pointing__functions.h
[2.872s] -- Up-to-date symlink: /home/ueshiba/ros2_ws/install/aist_msgs/include/aist_msgs/aist_msgs/msg/detail/pointing__struct.h
[2.872s] -- Up-to-date symlink: /home/ueshiba/ros2_ws/install/aist_msgs/include/aist_msgs/aist_msgs/msg/detail/pointing__type_support.h
[2.872s] -- Up-to-date symlink: /home/ueshiba/ros2_ws/install/aist_msgs/include/aist_msgs/aist_msgs/msg/detail/request_help__functions.h
[2.872s] -- Up-to-date symlink: /home/ueshiba/ros2_ws/install/aist_msgs/include/aist_msgs/aist_msgs/msg/detail/request_help__struct.h
[2.872s] -- Up-to-date symlink: /home/ueshiba/ros2_ws/install/aist_msgs/include/aist_msgs/aist_msgs/msg/detail/request_help__type_support.h
[2.872s] -- Up-to-date symlink: /home/ueshiba/ros2_ws/install/aist_msgs/include/aist_msgs/aist_msgs/msg/detail/upset_result__functions.h
[2.872s] -- Up-to-date symlink: /home/ueshiba/ros2_ws/install/aist_msgs/include/aist_msgs/aist_msgs/msg/detail/upset_result__struct.h
[2.872s] -- Up-to-date symlink: /home/ueshiba/ros2_ws/install/aist_msgs/include/aist_msgs/aist_msgs/msg/detail/upset_result__type_support.h
[2.872s] -- Up-to-date symlink: /home/ueshiba/ros2_ws/install/aist_msgs/include/aist_msgs/aist_msgs/msg/display_item.h
[2.872s] -- Up-to-date symlink: /home/ueshiba/ros2_ws/install/aist_msgs/include/aist_msgs/aist_msgs/msg/float32_stamped.h
[2.872s] -- Up-to-date symlink: /home/ueshiba/ros2_ws/install/aist_msgs/include/aist_msgs/aist_msgs/msg/pointing.h
[2.872s] -- Up-to-date symlink: /home/ueshiba/ros2_ws/install/aist_msgs/include/aist_msgs/aist_msgs/msg/request_help.h
[2.872s] -- Up-to-date symlink: /home/ueshiba/ros2_ws/install/aist_msgs/include/aist_msgs/aist_msgs/msg/rosidl_generator_c__visibility_control.h
[2.872s] -- Up-to-date symlink: /home/ueshiba/ros2_ws/install/aist_msgs/include/aist_msgs/aist_msgs/msg/upset_result.h
[2.873s] -- Up-to-date symlink: /home/ueshiba/ros2_ws/install/aist_msgs/share/aist_msgs/environment/library_path.sh
[2.873s] -- Up-to-date symlink: /home/ueshiba/ros2_ws/install/aist_msgs/share/aist_msgs/environment/library_path.dsv
[2.873s] -- Up-to-date symlink: /home/ueshiba/ros2_ws/install/aist_msgs/include/aist_msgs/aist_msgs/action/detail/attempt_bin__rosidl_typesupport_fastrtps_c.h
[2.873s] -- Up-to-date symlink: /home/ueshiba/ros2_ws/install/aist_msgs/include/aist_msgs/aist_msgs/action/detail/pick_or_place__rosidl_typesupport_fastrtps_c.h
[2.873s] -- Up-to-date symlink: /home/ueshiba/ros2_ws/install/aist_msgs/include/aist_msgs/aist_msgs/action/detail/repeat_sweep__rosidl_typesupport_fastrtps_c.h
[2.873s] -- Up-to-date symlink: /home/ueshiba/ros2_ws/install/aist_msgs/include/aist_msgs/aist_msgs/action/detail/request_help__rosidl_typesupport_fastrtps_c.h
[2.873s] -- Up-to-date symlink: /home/ueshiba/ros2_ws/install/aist_msgs/include/aist_msgs/aist_msgs/action/detail/sweep__rosidl_typesupport_fastrtps_c.h
[2.873s] -- Up-to-date symlink: /home/ueshiba/ros2_ws/install/aist_msgs/include/aist_msgs/aist_msgs/msg/detail/display_item__rosidl_typesupport_fastrtps_c.h
[2.873s] -- Up-to-date symlink: /home/ueshiba/ros2_ws/install/aist_msgs/include/aist_msgs/aist_msgs/msg/detail/float32_stamped__rosidl_typesupport_fastrtps_c.h
[2.873s] -- Up-to-date symlink: /home/ueshiba/ros2_ws/install/aist_msgs/include/aist_msgs/aist_msgs/msg/detail/pointing__rosidl_typesupport_fastrtps_c.h
[2.873s] -- Up-to-date symlink: /home/ueshiba/ros2_ws/install/aist_msgs/include/aist_msgs/aist_msgs/msg/detail/request_help__rosidl_typesupport_fastrtps_c.h
[2.873s] -- Up-to-date symlink: /home/ueshiba/ros2_ws/install/aist_msgs/include/aist_msgs/aist_msgs/msg/detail/upset_result__rosidl_typesupport_fastrtps_c.h
[2.873s] -- Up-to-date symlink: /home/ueshiba/ros2_ws/install/aist_msgs/include/aist_msgs/aist_msgs/msg/rosidl_typesupport_fastrtps_c__visibility_control.h
[2.873s] -- Up-to-date symlink: /home/ueshiba/ros2_ws/install/aist_msgs/include/aist_msgs/aist_msgs/action/detail/attempt_bin__rosidl_typesupport_introspection_c.h
[2.874s] -- Up-to-date symlink: /home/ueshiba/ros2_ws/install/aist_msgs/include/aist_msgs/aist_msgs/action/detail/pick_or_place__rosidl_typesupport_introspection_c.h
[2.874s] -- Up-to-date symlink: /home/ueshiba/ros2_ws/install/aist_msgs/include/aist_msgs/aist_msgs/action/detail/repeat_sweep__rosidl_typesupport_introspection_c.h
[2.874s] -- Up-to-date symlink: /home/ueshiba/ros2_ws/install/aist_msgs/include/aist_msgs/aist_msgs/action/detail/request_help__rosidl_typesupport_introspection_c.h
[2.874s] -- Up-to-date symlink: /home/ueshiba/ros2_ws/install/aist_msgs/include/aist_msgs/aist_msgs/action/detail/sweep__rosidl_typesupport_introspection_c.h
[2.874s] -- Up-to-date symlink: /home/ueshiba/ros2_ws/install/aist_msgs/include/aist_msgs/aist_msgs/msg/detail/display_item__rosidl_typesupport_introspection_c.h
[2.874s] -- Up-to-date symlink: /home/ueshiba/ros2_ws/install/aist_msgs/include/aist_msgs/aist_msgs/msg/detail/float32_stamped__rosidl_typesupport_introspection_c.h
[2.874s] -- Up-to-date symlink: /home/ueshiba/ros2_ws/install/aist_msgs/include/aist_msgs/aist_msgs/msg/detail/pointing__rosidl_typesupport_introspection_c.h
[2.874s] -- Up-to-date symlink: /home/ueshiba/ros2_ws/install/aist_msgs/include/aist_msgs/aist_msgs/msg/detail/request_help__rosidl_typesupport_introspection_c.h
[2.874s] -- Up-to-date symlink: /home/ueshiba/ros2_ws/install/aist_msgs/include/aist_msgs/aist_msgs/msg/detail/upset_result__rosidl_typesupport_introspection_c.h
[2.874s] -- Up-to-date symlink: /home/ueshiba/ros2_ws/install/aist_msgs/include/aist_msgs/aist_msgs/msg/rosidl_typesupport_introspection_c__visibility_control.h
[2.874s] -- Up-to-date symlink: /home/ueshiba/ros2_ws/install/aist_msgs/include/aist_msgs/aist_msgs/action/attempt_bin.hpp
[2.874s] -- Up-to-date symlink: /home/ueshiba/ros2_ws/install/aist_msgs/include/aist_msgs/aist_msgs/action/detail/attempt_bin__builder.hpp
[2.874s] -- Up-to-date symlink: /home/ueshiba/ros2_ws/install/aist_msgs/include/aist_msgs/aist_msgs/action/detail/attempt_bin__struct.hpp
[2.875s] -- Up-to-date symlink: /home/ueshiba/ros2_ws/install/aist_msgs/include/aist_msgs/aist_msgs/action/detail/attempt_bin__traits.hpp
[2.875s] -- Up-to-date symlink: /home/ueshiba/ros2_ws/install/aist_msgs/include/aist_msgs/aist_msgs/action/detail/attempt_bin__type_support.hpp
[2.875s] -- Up-to-date symlink: /home/ueshiba/ros2_ws/install/aist_msgs/include/aist_msgs/aist_msgs/action/detail/pick_or_place__builder.hpp
[2.875s] -- Up-to-date symlink: /home/ueshiba/ros2_ws/install/aist_msgs/include/aist_msgs/aist_msgs/action/detail/pick_or_place__struct.hpp
[2.875s] -- Up-to-date symlink: /home/ueshiba/ros2_ws/install/aist_msgs/include/aist_msgs/aist_msgs/action/detail/pick_or_place__traits.hpp
[2.875s] -- Up-to-date symlink: /home/ueshiba/ros2_ws/install/aist_msgs/include/aist_msgs/aist_msgs/action/detail/pick_or_place__type_support.hpp
[2.875s] -- Up-to-date symlink: /home/ueshiba/ros2_ws/install/aist_msgs/include/aist_msgs/aist_msgs/action/detail/repeat_sweep__builder.hpp
[2.875s] -- Up-to-date symlink: /home/ueshiba/ros2_ws/install/aist_msgs/include/aist_msgs/aist_msgs/action/detail/repeat_sweep__struct.hpp
[2.875s] -- Up-to-date symlink: /home/ueshiba/ros2_ws/install/aist_msgs/include/aist_msgs/aist_msgs/action/detail/repeat_sweep__traits.hpp
[2.875s] -- Up-to-date symlink: /home/ueshiba/ros2_ws/install/aist_msgs/include/aist_msgs/aist_msgs/action/detail/repeat_sweep__type_support.hpp
[2.875s] -- Up-to-date symlink: /home/ueshiba/ros2_ws/install/aist_msgs/include/aist_msgs/aist_msgs/action/detail/request_help__builder.hpp
[2.875s] -- Up-to-date symlink: /home/ueshiba/ros2_ws/install/aist_msgs/include/aist_msgs/aist_msgs/action/detail/request_help__struct.hpp
[2.875s] -- Up-to-date symlink: /home/ueshiba/ros2_ws/install/aist_msgs/include/aist_msgs/aist_msgs/action/detail/request_help__traits.hpp
[2.875s] -- Up-to-date symlink: /home/ueshiba/ros2_ws/install/aist_msgs/include/aist_msgs/aist_msgs/action/detail/request_help__type_support.hpp
[2.875s] -- Up-to-date symlink: /home/ueshiba/ros2_ws/install/aist_msgs/include/aist_msgs/aist_msgs/action/detail/sweep__builder.hpp
[2.875s] -- Up-to-date symlink: /home/ueshiba/ros2_ws/install/aist_msgs/include/aist_msgs/aist_msgs/action/detail/sweep__struct.hpp
[2.876s] -- Up-to-date symlink: /home/ueshiba/ros2_ws/install/aist_msgs/include/aist_msgs/aist_msgs/action/detail/sweep__traits.hpp
[2.876s] -- Up-to-date symlink: /home/ueshiba/ros2_ws/install/aist_msgs/include/aist_msgs/aist_msgs/action/detail/sweep__type_support.hpp
[2.876s] -- Up-to-date symlink: /home/ueshiba/ros2_ws/install/aist_msgs/include/aist_msgs/aist_msgs/action/pick_or_place.hpp
[2.876s] -- Up-to-date symlink: /home/ueshiba/ros2_ws/install/aist_msgs/include/aist_msgs/aist_msgs/action/repeat_sweep.hpp
[2.876s] -- Up-to-date symlink: /home/ueshiba/ros2_ws/install/aist_msgs/include/aist_msgs/aist_msgs/action/request_help.hpp
[2.876s] -- Up-to-date symlink: /home/ueshiba/ros2_ws/install/aist_msgs/include/aist_msgs/aist_msgs/action/sweep.hpp
[2.876s] -- Up-to-date symlink: /home/ueshiba/ros2_ws/install/aist_msgs/include/aist_msgs/aist_msgs/msg/detail/display_item__builder.hpp
[2.876s] -- Up-to-date symlink: /home/ueshiba/ros2_ws/install/aist_msgs/include/aist_msgs/aist_msgs/msg/detail/display_item__struct.hpp
[2.876s] -- Up-to-date symlink: /home/ueshiba/ros2_ws/install/aist_msgs/include/aist_msgs/aist_msgs/msg/detail/display_item__traits.hpp
[2.876s] -- Up-to-date symlink: /home/ueshiba/ros2_ws/install/aist_msgs/include/aist_msgs/aist_msgs/msg/detail/display_item__type_support.hpp
[2.876s] -- Up-to-date symlink: /home/ueshiba/ros2_ws/install/aist_msgs/include/aist_msgs/aist_msgs/msg/detail/float32_stamped__builder.hpp
[2.876s] -- Up-to-date symlink: /home/ueshiba/ros2_ws/install/aist_msgs/include/aist_msgs/aist_msgs/msg/detail/float32_stamped__struct.hpp
[2.876s] -- Up-to-date symlink: /home/ueshiba/ros2_ws/install/aist_msgs/include/aist_msgs/aist_msgs/msg/detail/float32_stamped__traits.hpp
[2.876s] -- Up-to-date symlink: /home/ueshiba/ros2_ws/install/aist_msgs/include/aist_msgs/aist_msgs/msg/detail/float32_stamped__type_support.hpp
[2.877s] -- Up-to-date symlink: /home/ueshiba/ros2_ws/install/aist_msgs/include/aist_msgs/aist_msgs/msg/detail/pointing__builder.hpp
[2.877s] -- Up-to-date symlink: /home/ueshiba/ros2_ws/install/aist_msgs/include/aist_msgs/aist_msgs/msg/detail/pointing__struct.hpp
[2.877s] -- Up-to-date symlink: /home/ueshiba/ros2_ws/install/aist_msgs/include/aist_msgs/aist_msgs/msg/detail/pointing__traits.hpp
[2.877s] -- Up-to-date symlink: /home/ueshiba/ros2_ws/install/aist_msgs/include/aist_msgs/aist_msgs/msg/detail/pointing__type_support.hpp
[2.877s] -- Up-to-date symlink: /home/ueshiba/ros2_ws/install/aist_msgs/include/aist_msgs/aist_msgs/msg/detail/request_help__builder.hpp
[2.877s] -- Up-to-date symlink: /home/ueshiba/ros2_ws/install/aist_msgs/include/aist_msgs/aist_msgs/msg/detail/request_help__struct.hpp
[2.877s] -- Up-to-date symlink: /home/ueshiba/ros2_ws/install/aist_msgs/include/aist_msgs/aist_msgs/msg/detail/request_help__traits.hpp
[2.877s] -- Up-to-date symlink: /home/ueshiba/ros2_ws/install/aist_msgs/include/aist_msgs/aist_msgs/msg/detail/request_help__type_support.hpp
[2.877s] -- Up-to-date symlink: /home/ueshiba/ros2_ws/install/aist_msgs/include/aist_msgs/aist_msgs/msg/detail/upset_result__builder.hpp
[2.877s] -- Up-to-date symlink: /home/ueshiba/ros2_ws/install/aist_msgs/include/aist_msgs/aist_msgs/msg/detail/upset_result__struct.hpp
[2.877s] -- Up-to-date symlink: /home/ueshiba/ros2_ws/install/aist_msgs/include/aist_msgs/aist_msgs/msg/detail/upset_result__traits.hpp
[2.877s] -- Up-to-date symlink: /home/ueshiba/ros2_ws/install/aist_msgs/include/aist_msgs/aist_msgs/msg/detail/upset_result__type_support.hpp
[2.877s] -- Up-to-date symlink: /home/ueshiba/ros2_ws/install/aist_msgs/include/aist_msgs/aist_msgs/msg/display_item.hpp
[2.877s] -- Up-to-date symlink: /home/ueshiba/ros2_ws/install/aist_msgs/include/aist_msgs/aist_msgs/msg/float32_stamped.hpp
[2.877s] -- Up-to-date symlink: /home/ueshiba/ros2_ws/install/aist_msgs/include/aist_msgs/aist_msgs/msg/pointing.hpp
[2.877s] -- Up-to-date symlink: /home/ueshiba/ros2_ws/install/aist_msgs/include/aist_msgs/aist_msgs/msg/request_help.hpp
[2.877s] -- Up-to-date symlink: /home/ueshiba/ros2_ws/install/aist_msgs/include/aist_msgs/aist_msgs/msg/rosidl_generator_cpp__visibility_control.hpp
[2.877s] -- Up-to-date symlink: /home/ueshiba/ros2_ws/install/aist_msgs/include/aist_msgs/aist_msgs/msg/upset_result.hpp
[2.877s] -- Up-to-date symlink: /home/ueshiba/ros2_ws/install/aist_msgs/include/aist_msgs/aist_msgs/action/detail/attempt_bin__rosidl_typesupport_fastrtps_cpp.hpp
[2.877s] -- Up-to-date symlink: /home/ueshiba/ros2_ws/install/aist_msgs/include/aist_msgs/aist_msgs/action/detail/pick_or_place__rosidl_typesupport_fastrtps_cpp.hpp
[2.877s] -- Up-to-date symlink: /home/ueshiba/ros2_ws/install/aist_msgs/include/aist_msgs/aist_msgs/action/detail/repeat_sweep__rosidl_typesupport_fastrtps_cpp.hpp
[2.877s] -- Up-to-date symlink: /home/ueshiba/ros2_ws/install/aist_msgs/include/aist_msgs/aist_msgs/action/detail/request_help__rosidl_typesupport_fastrtps_cpp.hpp
[2.877s] -- Up-to-date symlink: /home/ueshiba/ros2_ws/install/aist_msgs/include/aist_msgs/aist_msgs/action/detail/sweep__rosidl_typesupport_fastrtps_cpp.hpp
[2.877s] -- Up-to-date symlink: /home/ueshiba/ros2_ws/install/aist_msgs/include/aist_msgs/aist_msgs/msg/detail/display_item__rosidl_typesupport_fastrtps_cpp.hpp
[2.877s] -- Up-to-date symlink: /home/ueshiba/ros2_ws/install/aist_msgs/include/aist_msgs/aist_msgs/msg/detail/float32_stamped__rosidl_typesupport_fastrtps_cpp.hpp
[2.877s] -- Up-to-date symlink: /home/ueshiba/ros2_ws/install/aist_msgs/include/aist_msgs/aist_msgs/msg/detail/pointing__rosidl_typesupport_fastrtps_cpp.hpp
[2.877s] -- Up-to-date symlink: /home/ueshiba/ros2_ws/install/aist_msgs/include/aist_msgs/aist_msgs/msg/detail/request_help__rosidl_typesupport_fastrtps_cpp.hpp
[2.877s] -- Up-to-date symlink: /home/ueshiba/ros2_ws/install/aist_msgs/include/aist_msgs/aist_msgs/msg/detail/upset_result__rosidl_typesupport_fastrtps_cpp.hpp
[2.877s] -- Up-to-date symlink: /home/ueshiba/ros2_ws/install/aist_msgs/include/aist_msgs/aist_msgs/msg/rosidl_typesupport_fastrtps_cpp__visibility_control.h
[2.877s] -- Up-to-date symlink: /home/ueshiba/ros2_ws/install/aist_msgs/include/aist_msgs/aist_msgs/action/detail/attempt_bin__rosidl_typesupport_introspection_cpp.hpp
[2.877s] -- Up-to-date symlink: /home/ueshiba/ros2_ws/install/aist_msgs/include/aist_msgs/aist_msgs/action/detail/pick_or_place__rosidl_typesupport_introspection_cpp.hpp
[2.877s] -- Up-to-date symlink: /home/ueshiba/ros2_ws/install/aist_msgs/include/aist_msgs/aist_msgs/action/detail/repeat_sweep__rosidl_typesupport_introspection_cpp.hpp
[2.877s] -- Up-to-date symlink: /home/ueshiba/ros2_ws/install/aist_msgs/include/aist_msgs/aist_msgs/action/detail/request_help__rosidl_typesupport_introspection_cpp.hpp
[2.877s] -- Up-to-date symlink: /home/ueshiba/ros2_ws/install/aist_msgs/include/aist_msgs/aist_msgs/action/detail/sweep__rosidl_typesupport_introspection_cpp.hpp
[2.877s] -- Up-to-date symlink: /home/ueshiba/ros2_ws/install/aist_msgs/include/aist_msgs/aist_msgs/msg/detail/display_item__rosidl_typesupport_introspection_cpp.hpp
[2.877s] -- Up-to-date symlink: /home/ueshiba/ros2_ws/install/aist_msgs/include/aist_msgs/aist_msgs/msg/detail/float32_stamped__rosidl_typesupport_introspection_cpp.hpp
[2.877s] -- Up-to-date symlink: /home/ueshiba/ros2_ws/install/aist_msgs/include/aist_msgs/aist_msgs/msg/detail/pointing__rosidl_typesupport_introspection_cpp.hpp
[2.878s] -- Up-to-date symlink: /home/ueshiba/ros2_ws/install/aist_msgs/include/aist_msgs/aist_msgs/msg/detail/request_help__rosidl_typesupport_introspection_cpp.hpp
[2.878s] -- Up-to-date symlink: /home/ueshiba/ros2_ws/install/aist_msgs/include/aist_msgs/aist_msgs/msg/detail/upset_result__rosidl_typesupport_introspection_cpp.hpp
[2.878s] -- Up-to-date symlink: /home/ueshiba/ros2_ws/install/aist_msgs/share/aist_msgs/environment/pythonpath.sh
[2.878s] -- Up-to-date symlink: /home/ueshiba/ros2_ws/install/aist_msgs/share/aist_msgs/environment/pythonpath.dsv
[2.878s] -- Up-to-date symlink: /home/ueshiba/ros2_ws/install/aist_msgs/lib/python3.10/site-packages/aist_msgs-0.6.0-py3.10.egg-info/PKG-INFO
[2.878s] -- Up-to-date symlink: /home/ueshiba/ros2_ws/install/aist_msgs/lib/python3.10/site-packages/aist_msgs-0.6.0-py3.10.egg-info/SOURCES.txt
[2.878s] -- Up-to-date symlink: /home/ueshiba/ros2_ws/install/aist_msgs/lib/python3.10/site-packages/aist_msgs-0.6.0-py3.10.egg-info/dependency_links.txt
[2.878s] -- Up-to-date symlink: /home/ueshiba/ros2_ws/install/aist_msgs/lib/python3.10/site-packages/aist_msgs-0.6.0-py3.10.egg-info/top_level.txt
[2.878s] -- Up-to-date symlink: /home/ueshiba/ros2_ws/install/aist_msgs/lib/python3.10/site-packages/aist_msgs/__init__.py
[2.878s] -- Up-to-date symlink: /home/ueshiba/ros2_ws/install/aist_msgs/lib/python3.10/site-packages/aist_msgs/_aist_msgs_s.ep.rosidl_typesupport_c.c
[2.878s] -- Up-to-date symlink: /home/ueshiba/ros2_ws/install/aist_msgs/lib/python3.10/site-packages/aist_msgs/_aist_msgs_s.ep.rosidl_typesupport_fastrtps_c.c
[2.878s] -- Up-to-date symlink: /home/ueshiba/ros2_ws/install/aist_msgs/lib/python3.10/site-packages/aist_msgs/_aist_msgs_s.ep.rosidl_typesupport_introspection_c.c
[2.878s] -- Up-to-date symlink: /home/ueshiba/ros2_ws/install/aist_msgs/lib/python3.10/site-packages/aist_msgs/action/__init__.py
[2.878s] -- Up-to-date symlink: /home/ueshiba/ros2_ws/install/aist_msgs/lib/python3.10/site-packages/aist_msgs/action/_attempt_bin.py
[2.878s] -- Up-to-date symlink: /home/ueshiba/ros2_ws/install/aist_msgs/lib/python3.10/site-packages/aist_msgs/action/_attempt_bin_s.c
[2.878s] -- Up-to-date symlink: /home/ueshiba/ros2_ws/install/aist_msgs/lib/python3.10/site-packages/aist_msgs/action/_pick_or_place.py
[2.878s] -- Up-to-date symlink: /home/ueshiba/ros2_ws/install/aist_msgs/lib/python3.10/site-packages/aist_msgs/action/_pick_or_place_s.c
[2.878s] -- Up-to-date symlink: /home/ueshiba/ros2_ws/install/aist_msgs/lib/python3.10/site-packages/aist_msgs/action/_repeat_sweep.py
[2.878s] -- Up-to-date symlink: /home/ueshiba/ros2_ws/install/aist_msgs/lib/python3.10/site-packages/aist_msgs/action/_repeat_sweep_s.c
[2.878s] -- Up-to-date symlink: /home/ueshiba/ros2_ws/install/aist_msgs/lib/python3.10/site-packages/aist_msgs/action/_request_help.py
[2.878s] -- Up-to-date symlink: /home/ueshiba/ros2_ws/install/aist_msgs/lib/python3.10/site-packages/aist_msgs/action/_request_help_s.c
[2.878s] -- Up-to-date symlink: /home/ueshiba/ros2_ws/install/aist_msgs/lib/python3.10/site-packages/aist_msgs/action/_sweep.py
[2.878s] -- Up-to-date symlink: /home/ueshiba/ros2_ws/install/aist_msgs/lib/python3.10/site-packages/aist_msgs/action/_sweep_s.c
[2.878s] -- Up-to-date symlink: /home/ueshiba/ros2_ws/install/aist_msgs/lib/python3.10/site-packages/aist_msgs/msg/__init__.py
[2.878s] -- Up-to-date symlink: /home/ueshiba/ros2_ws/install/aist_msgs/lib/python3.10/site-packages/aist_msgs/msg/_display_item.py
[2.878s] -- Up-to-date symlink: /home/ueshiba/ros2_ws/install/aist_msgs/lib/python3.10/site-packages/aist_msgs/msg/_display_item_s.c
[2.878s] -- Up-to-date symlink: /home/ueshiba/ros2_ws/install/aist_msgs/lib/python3.10/site-packages/aist_msgs/msg/_float32_stamped.py
[2.878s] -- Up-to-date symlink: /home/ueshiba/ros2_ws/install/aist_msgs/lib/python3.10/site-packages/aist_msgs/msg/_float32_stamped_s.c
[2.878s] -- Up-to-date symlink: /home/ueshiba/ros2_ws/install/aist_msgs/lib/python3.10/site-packages/aist_msgs/msg/_pointing.py
[2.878s] -- Up-to-date symlink: /home/ueshiba/ros2_ws/install/aist_msgs/lib/python3.10/site-packages/aist_msgs/msg/_pointing_s.c
[2.878s] -- Up-to-date symlink: /home/ueshiba/ros2_ws/install/aist_msgs/lib/python3.10/site-packages/aist_msgs/msg/_request_help.py
[2.878s] -- Up-to-date symlink: /home/ueshiba/ros2_ws/install/aist_msgs/lib/python3.10/site-packages/aist_msgs/msg/_request_help_s.c
[2.878s] -- Up-to-date symlink: /home/ueshiba/ros2_ws/install/aist_msgs/lib/python3.10/site-packages/aist_msgs/msg/_upset_result.py
[2.878s] -- Up-to-date symlink: /home/ueshiba/ros2_ws/install/aist_msgs/lib/python3.10/site-packages/aist_msgs/msg/_upset_result_s.c
[2.878s] -- Up-to-date symlink: /home/ueshiba/ros2_ws/install/aist_msgs/lib/python3.10/site-packages/aist_msgs/aist_msgs_s__rosidl_typesupport_fastrtps_c.cpython-310-x86_64-linux-gnu.so
[2.878s] -- Up-to-date symlink: /home/ueshiba/ros2_ws/install/aist_msgs/lib/python3.10/site-packages/aist_msgs/aist_msgs_s__rosidl_typesupport_introspection_c.cpython-310-x86_64-linux-gnu.so
[2.879s] -- Up-to-date symlink: /home/ueshiba/ros2_ws/install/aist_msgs/lib/python3.10/site-packages/aist_msgs/aist_msgs_s__rosidl_typesupport_c.cpython-310-x86_64-linux-gnu.so
[2.879s] -- Up-to-date symlink: /home/ueshiba/ros2_ws/install/aist_msgs/share/aist_msgs/msg/DisplayItem.idl
[2.879s] -- Up-to-date symlink: /home/ueshiba/ros2_ws/install/aist_msgs/share/aist_msgs/msg/Float32Stamped.idl
[2.879s] -- Up-to-date symlink: /home/ueshiba/ros2_ws/install/aist_msgs/share/aist_msgs/msg/Pointing.idl
[2.879s] -- Up-to-date symlink: /home/ueshiba/ros2_ws/install/aist_msgs/share/aist_msgs/msg/RequestHelp.idl
[2.879s] -- Up-to-date symlink: /home/ueshiba/ros2_ws/install/aist_msgs/share/aist_msgs/msg/UpsetResult.idl
[2.879s] -- Up-to-date symlink: /home/ueshiba/ros2_ws/install/aist_msgs/share/aist_msgs/action/AttemptBin.idl
[2.879s] -- Up-to-date symlink: /home/ueshiba/ros2_ws/install/aist_msgs/share/aist_msgs/action/PickOrPlace.idl
[2.879s] -- Up-to-date symlink: /home/ueshiba/ros2_ws/install/aist_msgs/share/aist_msgs/action/RepeatSweep.idl
[2.879s] -- Up-to-date symlink: /home/ueshiba/ros2_ws/install/aist_msgs/share/aist_msgs/action/RequestHelp.idl
[2.879s] -- Up-to-date symlink: /home/ueshiba/ros2_ws/install/aist_msgs/share/aist_msgs/action/Sweep.idl
[2.879s] -- Up-to-date symlink: /home/ueshiba/ros2_ws/install/aist_msgs/share/aist_msgs/msg/DisplayItem.msg
[2.879s] -- Up-to-date symlink: /home/ueshiba/ros2_ws/install/aist_msgs/share/aist_msgs/msg/Float32Stamped.msg
[2.879s] -- Up-to-date symlink: /home/ueshiba/ros2_ws/install/aist_msgs/share/aist_msgs/msg/Pointing.msg
[2.879s] -- Up-to-date symlink: /home/ueshiba/ros2_ws/install/aist_msgs/share/aist_msgs/msg/RequestHelp.msg
[2.879s] -- Up-to-date symlink: /home/ueshiba/ros2_ws/install/aist_msgs/share/aist_msgs/msg/UpsetResult.msg
[2.879s] -- Up-to-date symlink: /home/ueshiba/ros2_ws/install/aist_msgs/share/aist_msgs/action/AttemptBin.action
[2.879s] -- Up-to-date symlink: /home/ueshiba/ros2_ws/install/aist_msgs/share/aist_msgs/action/PickOrPlace.action
[2.879s] -- Up-to-date symlink: /home/ueshiba/ros2_ws/install/aist_msgs/share/aist_msgs/action/RepeatSweep.action
[2.879s] -- Up-to-date symlink: /home/ueshiba/ros2_ws/install/aist_msgs/share/aist_msgs/action/RequestHelp.action
[2.879s] -- Up-to-date symlink: /home/ueshiba/ros2_ws/install/aist_msgs/share/aist_msgs/action/Sweep.action
[2.879s] -- Up-to-date symlink: /home/ueshiba/ros2_ws/install/aist_msgs/share/ament_index/resource_index/package_run_dependencies/aist_msgs
[2.879s] -- Up-to-date symlink: /home/ueshiba/ros2_ws/install/aist_msgs/share/ament_index/resource_index/parent_prefix_path/aist_msgs
[2.879s] -- Up-to-date symlink: /home/ueshiba/ros2_ws/install/aist_msgs/share/aist_msgs/environment/ament_prefix_path.sh
[2.879s] -- Up-to-date symlink: /home/ueshiba/ros2_ws/install/aist_msgs/share/aist_msgs/environment/ament_prefix_path.dsv
[2.879s] -- Up-to-date symlink: /home/ueshiba/ros2_ws/install/aist_msgs/share/aist_msgs/environment/path.sh
[2.879s] -- Up-to-date symlink: /home/ueshiba/ros2_ws/install/aist_msgs/share/aist_msgs/environment/path.dsv
[2.880s] -- Up-to-date symlink: /home/ueshiba/ros2_ws/install/aist_msgs/share/aist_msgs/local_setup.bash
[2.880s] -- Up-to-date symlink: /home/ueshiba/ros2_ws/install/aist_msgs/share/aist_msgs/local_setup.sh
[2.880s] -- Up-to-date symlink: /home/ueshiba/ros2_ws/install/aist_msgs/share/aist_msgs/local_setup.zsh
[2.880s] -- Up-to-date symlink: /home/ueshiba/ros2_ws/install/aist_msgs/share/aist_msgs/local_setup.dsv
[2.880s] -- Symlinking: /home/ueshiba/ros2_ws/install/aist_msgs/share/aist_msgs/package.dsv
[2.885s] -- Up-to-date symlink: /home/ueshiba/ros2_ws/install/aist_msgs/share/ament_index/resource_index/packages/aist_msgs
[2.885s] -- Up-to-date symlink: /home/ueshiba/ros2_ws/install/aist_msgs/share/aist_msgs/cmake/rosidl_cmake-extras.cmake
[2.885s] -- Up-to-date symlink: /home/ueshiba/ros2_ws/install/aist_msgs/share/aist_msgs/cmake/ament_cmake_export_dependencies-extras.cmake
[2.885s] -- Up-to-date symlink: /home/ueshiba/ros2_ws/install/aist_msgs/share/aist_msgs/cmake/ament_cmake_export_include_directories-extras.cmake
[2.885s] -- Up-to-date symlink: /home/ueshiba/ros2_ws/install/aist_msgs/share/aist_msgs/cmake/ament_cmake_export_libraries-extras.cmake
[2.885s] -- Up-to-date symlink: /home/ueshiba/ros2_ws/install/aist_msgs/share/aist_msgs/cmake/ament_cmake_export_targets-extras.cmake
[2.885s] -- Up-to-date symlink: /home/ueshiba/ros2_ws/install/aist_msgs/share/aist_msgs/cmake/rosidl_cmake_export_typesupport_targets-extras.cmake
[2.885s] -- Up-to-date symlink: /home/ueshiba/ros2_ws/install/aist_msgs/share/aist_msgs/cmake/rosidl_cmake_export_typesupport_libraries-extras.cmake
[2.886s] -- Up-to-date symlink: /home/ueshiba/ros2_ws/install/aist_msgs/share/aist_msgs/cmake/aist_msgsConfig.cmake
[2.886s] -- Up-to-date symlink: /home/ueshiba/ros2_ws/install/aist_msgs/share/aist_msgs/cmake/aist_msgsConfig-version.cmake
[2.886s] -- Up-to-date symlink: /home/ueshiba/ros2_ws/install/aist_msgs/share/aist_msgs/package.xml
[2.886s] -- Up-to-date: /home/ueshiba/ros2_ws/install/aist_msgs/lib/libaist_msgs__rosidl_generator_c.so
[2.886s] -- Up-to-date: /home/ueshiba/ros2_ws/install/aist_msgs/lib/libaist_msgs__rosidl_typesupport_fastrtps_c.so
[2.886s] -- Up-to-date: /home/ueshiba/ros2_ws/install/aist_msgs/lib/libaist_msgs__rosidl_typesupport_introspection_c.so
[2.886s] -- Up-to-date: /home/ueshiba/ros2_ws/install/aist_msgs/lib/libaist_msgs__rosidl_typesupport_c.so
[2.886s] -- Up-to-date: /home/ueshiba/ros2_ws/install/aist_msgs/lib/libaist_msgs__rosidl_typesupport_fastrtps_cpp.so
[2.886s] -- Up-to-date: /home/ueshiba/ros2_ws/install/aist_msgs/lib/libaist_msgs__rosidl_typesupport_introspection_cpp.so
[2.886s] -- Up-to-date: /home/ueshiba/ros2_ws/install/aist_msgs/lib/libaist_msgs__rosidl_typesupport_cpp.so
[2.906s] Listing '/home/ueshiba/ros2_ws/install/aist_msgs/lib/python3.10/site-packages/aist_msgs'...
[2.906s] Compiling '/home/ueshiba/ros2_ws/install/aist_msgs/lib/python3.10/site-packages/aist_msgs/__init__.py'...
[2.906s] Listing '/home/ueshiba/ros2_ws/install/aist_msgs/lib/python3.10/site-packages/aist_msgs/action'...
[2.906s] Listing '/home/ueshiba/ros2_ws/install/aist_msgs/lib/python3.10/site-packages/aist_msgs/msg'...
[2.908s] -- Up-to-date: /home/ueshiba/ros2_ws/install/aist_msgs/lib/libaist_msgs__rosidl_generator_py.so
[2.909s] -- Up-to-date: /home/ueshiba/ros2_ws/install/aist_msgs/share/aist_msgs/cmake/export_aist_msgs__rosidl_generator_cExport.cmake
[2.909s] -- Up-to-date: /home/ueshiba/ros2_ws/install/aist_msgs/share/aist_msgs/cmake/export_aist_msgs__rosidl_generator_cExport-noconfig.cmake
[2.909s] -- Up-to-date: /home/ueshiba/ros2_ws/install/aist_msgs/share/aist_msgs/cmake/export_aist_msgs__rosidl_typesupport_fastrtps_cExport.cmake
[2.909s] -- Up-to-date: /home/ueshiba/ros2_ws/install/aist_msgs/share/aist_msgs/cmake/export_aist_msgs__rosidl_typesupport_fastrtps_cExport-noconfig.cmake
[2.909s] -- Up-to-date: /home/ueshiba/ros2_ws/install/aist_msgs/share/aist_msgs/cmake/aist_msgs__rosidl_typesupport_introspection_cExport.cmake
[2.909s] -- Up-to-date: /home/ueshiba/ros2_ws/install/aist_msgs/share/aist_msgs/cmake/aist_msgs__rosidl_typesupport_introspection_cExport-noconfig.cmake
[2.909s] -- Up-to-date: /home/ueshiba/ros2_ws/install/aist_msgs/share/aist_msgs/cmake/aist_msgs__rosidl_typesupport_cExport.cmake
[2.909s] -- Up-to-date: /home/ueshiba/ros2_ws/install/aist_msgs/share/aist_msgs/cmake/aist_msgs__rosidl_typesupport_cExport-noconfig.cmake
[2.909s] -- Up-to-date: /home/ueshiba/ros2_ws/install/aist_msgs/share/aist_msgs/cmake/export_aist_msgs__rosidl_generator_cppExport.cmake
[2.909s] -- Up-to-date: /home/ueshiba/ros2_ws/install/aist_msgs/share/aist_msgs/cmake/export_aist_msgs__rosidl_typesupport_fastrtps_cppExport.cmake
[2.909s] -- Up-to-date: /home/ueshiba/ros2_ws/install/aist_msgs/share/aist_msgs/cmake/export_aist_msgs__rosidl_typesupport_fastrtps_cppExport-noconfig.cmake
[2.909s] -- Up-to-date: /home/ueshiba/ros2_ws/install/aist_msgs/share/aist_msgs/cmake/aist_msgs__rosidl_typesupport_introspection_cppExport.cmake
[2.909s] -- Up-to-date: /home/ueshiba/ros2_ws/install/aist_msgs/share/aist_msgs/cmake/aist_msgs__rosidl_typesupport_introspection_cppExport-noconfig.cmake
[2.909s] -- Up-to-date: /home/ueshiba/ros2_ws/install/aist_msgs/share/aist_msgs/cmake/aist_msgs__rosidl_typesupport_cppExport.cmake
[2.909s] -- Up-to-date: /home/ueshiba/ros2_ws/install/aist_msgs/share/aist_msgs/cmake/aist_msgs__rosidl_typesupport_cppExport-noconfig.cmake
[2.909s] -- Up-to-date: /home/ueshiba/ros2_ws/install/aist_msgs/share/aist_msgs/cmake/export_aist_msgs__rosidl_generator_pyExport.cmake
[2.909s] -- Up-to-date: /home/ueshiba/ros2_ws/install/aist_msgs/share/aist_msgs/cmake/export_aist_msgs__rosidl_generator_pyExport-noconfig.cmake
[2.911s] Invoked command in '/home/ueshiba/ros2_ws/build/aist_msgs' returned '0': CMAKE_PREFIX_PATH=${CMAKE_PREFIX_PATH}:/home/ueshiba/ros2_ws/install/rqt_reconfigure:/opt/ros/rolling PS1=\[\e]0;\u@\h: \w\a\]\h% /usr/bin/cmake --install /home/ueshiba/ros2_ws/build/aist_msgs
