[0.022s] Invoking command in '/home/ueshiba/ros2_ws/build/aist_handeye_calibration': CMAKE_PREFIX_PATH=/home/ueshiba/ros2_ws/install/aist_utility:/home/ueshiba/ros2_ws/install/ddynamic_reconfigure2:/home/ueshiba/ros2_ws/install/aist_msgs:/home/ueshiba/ros2_ws/install/aist_handeye_calibration_msgs:/home/ueshiba/ros2_ws/install/ur_simulation_gz:/home/ueshiba/ros2_ws/install/realsense2_description:/home/ueshiba/ros2_ws/install/realsense2_camera:/home/ueshiba/ros2_ws/install/realsense2_camera_msgs:/home/ueshiba/ros2_ws/install/cu_bridge:/home/ueshiba/ros2_ws/install/aist_handeye_calibration:/home/ueshiba/ros2_ws/install/aist_aruco_ros:/home/ueshiba/ros2_ws/install/aist_phoxi_camera:/home/ueshiba/ros2_ws/install/aist_camera_multiplexer:/home/ueshiba/ros2_ws/install/aruco_ros:/home/ueshiba/ros2_ws/install/aruco_msgs:/home/ueshiba/ros2_ws/install/aruco:/home/ueshiba/ros2_ws/install/aist_description:/home/ueshiba/ros2_ws/install/aist_aruco_msgs:/home/ueshiba/ros2_ws/install/rqt_reconfigure:/opt/ros/rolling LD_LIBRARY_PATH=/home/ueshiba/ros2_ws/install/aist_utility/lib:/home/ueshiba/ros2_ws/install/aist_msgs/lib:/home/ueshiba/ros2_ws/install/aist_handeye_calibration_msgs/lib:/home/ueshiba/ros2_ws/install/realsense2_camera/lib:/home/ueshiba/ros2_ws/install/realsense2_camera_msgs/lib:/home/ueshiba/ros2_ws/install/cu_bridge/lib:/home/ueshiba/ros2_ws/install/aist_handeye_calibration/lib:/home/ueshiba/ros2_ws/install/aist_aruco_ros/lib:/home/ueshiba/ros2_ws/install/aist_phoxi_camera/lib:/home/ueshiba/ros2_ws/install/aist_camera_multiplexer/lib:/home/ueshiba/ros2_ws/install/ddynamic_reconfigure2/lib:/home/ueshiba/ros2_ws/install/aruco_ros/lib:/home/ueshiba/ros2_ws/install/aruco_msgs/lib:/home/ueshiba/ros2_ws/install/aruco/lib:/home/ueshiba/ros2_ws/install/aist_aruco_msgs/lib:/opt/ros/rolling/opt/rviz_ogre_vendor/lib:/opt/ros/rolling/lib/x86_64-linux-gnu:/opt/ros/rolling/lib:/usr/local/lib:/usr/lib64:/usr/local/cuda/lib64:/opt/Photoneo/PhoXiControl-1.13.1/API/lib PS1=\[\e]0;\u@\h: \w\a\]\h% PYTHONPATH=/home/ueshiba/ros2_ws/install/ddynamic_reconfigure2/lib/python3.10/site-packages:/home/ueshiba/ros2_ws/install/aist_msgs/lib/python3.10/site-packages:/home/ueshiba/ros2_ws/install/aist_handeye_calibration_msgs/lib/python3.10/site-packages:/home/ueshiba/ros2_ws/build/rqt_reconfigure/src:/home/ueshiba/ros2_ws/install/rqt_reconfigure/lib/python3.10/site-packages:/home/ueshiba/ros2_ws/install/realsense2_camera_msgs/lib/python3.10/site-packages:/home/ueshiba/ros2_ws/install/aist_handeye_calibration/lib/python3.10/site-packages:/home/ueshiba/ros2_ws/install/aist_camera_multiplexer/lib/python3.10/site-packages:/home/ueshiba/ros2_ws/install/aruco_msgs/lib/python3.10/site-packages:/home/ueshiba/ros2_ws/install/aist_aruco_msgs/lib/python3.10/site-packages:/opt/ros/rolling/lib/python3.10/site-packages /usr/bin/cmake --build /home/ueshiba/ros2_ws/build/aist_handeye_calibration -- -j24 -l24
[0.070s] [ 25%] [32mBuilding CXX object CMakeFiles/test_calibrator.dir/src/test_calibrator.cpp.o[0m
[0.070s] [ 25%] Built target ament_cmake_python_symlink_aist_handeye_calibration
[0.074s] [ 50%] [32mBuilding CXX object CMakeFiles/aist_handeye_calibration.dir/src/Calibrator.cpp.o[0m
[0.294s] running egg_info
[0.295s] writing aist_handeye_calibration.egg-info/PKG-INFO
[0.295s] writing dependency_links to aist_handeye_calibration.egg-info/dependency_links.txt
[0.295s] writing top-level names to aist_handeye_calibration.egg-info/top_level.txt
[0.297s] reading manifest file 'aist_handeye_calibration.egg-info/SOURCES.txt'
[0.298s] writing manifest file 'aist_handeye_calibration.egg-info/SOURCES.txt'
[0.327s] [ 50%] Built target ament_cmake_python_build_aist_handeye_calibration_egg
[1.429s] /home/ueshiba/ros2_ws/src/artros/aist_handeye_calibration/aist_handeye_calibration/src/test_calibrator.cpp: In instantiation of ‘[01m[Kvoid TU::doJob(const string&, bool) [with T = double; std::string = std::__cxx11::basic_string<char>][m[K’:
[1.429s] [01m[K/home/ueshiba/ros2_ws/src/artros/aist_handeye_calibration/aist_handeye_calibration/src/test_calibrator.cpp:92:19:[m[K   required from here
[1.429s] [01m[K/home/ueshiba/ros2_ws/src/artros/aist_handeye_calibration/aist_handeye_calibration/src/test_calibrator.cpp:49:25:[m[K [01;35m[Kwarning: [m[Kunused variable ‘[01m[Keye_on_hand[m[K’ [[01;35m[K]8;;https://gcc.gnu.org/onlinedocs/gcc/Warning-Options.html#index-Wunused-variable-Wunused-variable]8;;[m[K]
[1.429s]    49 |     const auto          [01;35m[Keye_on_hand[m[K = node["eye_on_hand"].as<bool>();
[1.429s]       |                         [01;35m[K^~~~~~~~~~~[m[K
[15.442s] [ 75%] [32m[1mLinking CXX executable test_calibrator[0m
[23.151s] [ 75%] Built target test_calibrator
[25.697s] [100%] [32m[1mLinking CXX shared library libaist_handeye_calibration.so[0m
[27.153s] [100%] Built target aist_handeye_calibration
[27.164s] Invoked command in '/home/ueshiba/ros2_ws/build/aist_handeye_calibration' returned '0': CMAKE_PREFIX_PATH=/home/ueshiba/ros2_ws/install/aist_utility:/home/ueshiba/ros2_ws/install/ddynamic_reconfigure2:/home/ueshiba/ros2_ws/install/aist_msgs:/home/ueshiba/ros2_ws/install/aist_handeye_calibration_msgs:/home/ueshiba/ros2_ws/install/ur_simulation_gz:/home/ueshiba/ros2_ws/install/realsense2_description:/home/ueshiba/ros2_ws/install/realsense2_camera:/home/ueshiba/ros2_ws/install/realsense2_camera_msgs:/home/ueshiba/ros2_ws/install/cu_bridge:/home/ueshiba/ros2_ws/install/aist_handeye_calibration:/home/ueshiba/ros2_ws/install/aist_aruco_ros:/home/ueshiba/ros2_ws/install/aist_phoxi_camera:/home/ueshiba/ros2_ws/install/aist_camera_multiplexer:/home/ueshiba/ros2_ws/install/aruco_ros:/home/ueshiba/ros2_ws/install/aruco_msgs:/home/ueshiba/ros2_ws/install/aruco:/home/ueshiba/ros2_ws/install/aist_description:/home/ueshiba/ros2_ws/install/aist_aruco_msgs:/home/ueshiba/ros2_ws/install/rqt_reconfigure:/opt/ros/rolling LD_LIBRARY_PATH=/home/ueshiba/ros2_ws/install/aist_utility/lib:/home/ueshiba/ros2_ws/install/aist_msgs/lib:/home/ueshiba/ros2_ws/install/aist_handeye_calibration_msgs/lib:/home/ueshiba/ros2_ws/install/realsense2_camera/lib:/home/ueshiba/ros2_ws/install/realsense2_camera_msgs/lib:/home/ueshiba/ros2_ws/install/cu_bridge/lib:/home/ueshiba/ros2_ws/install/aist_handeye_calibration/lib:/home/ueshiba/ros2_ws/install/aist_aruco_ros/lib:/home/ueshiba/ros2_ws/install/aist_phoxi_camera/lib:/home/ueshiba/ros2_ws/install/aist_camera_multiplexer/lib:/home/ueshiba/ros2_ws/install/ddynamic_reconfigure2/lib:/home/ueshiba/ros2_ws/install/aruco_ros/lib:/home/ueshiba/ros2_ws/install/aruco_msgs/lib:/home/ueshiba/ros2_ws/install/aruco/lib:/home/ueshiba/ros2_ws/install/aist_aruco_msgs/lib:/opt/ros/rolling/opt/rviz_ogre_vendor/lib:/opt/ros/rolling/lib/x86_64-linux-gnu:/opt/ros/rolling/lib:/usr/local/lib:/usr/lib64:/usr/local/cuda/lib64:/opt/Photoneo/PhoXiControl-1.13.1/API/lib PS1=\[\e]0;\u@\h: \w\a\]\h% PYTHONPATH=/home/ueshiba/ros2_ws/install/ddynamic_reconfigure2/lib/python3.10/site-packages:/home/ueshiba/ros2_ws/install/aist_msgs/lib/python3.10/site-packages:/home/ueshiba/ros2_ws/install/aist_handeye_calibration_msgs/lib/python3.10/site-packages:/home/ueshiba/ros2_ws/build/rqt_reconfigure/src:/home/ueshiba/ros2_ws/install/rqt_reconfigure/lib/python3.10/site-packages:/home/ueshiba/ros2_ws/install/realsense2_camera_msgs/lib/python3.10/site-packages:/home/ueshiba/ros2_ws/install/aist_handeye_calibration/lib/python3.10/site-packages:/home/ueshiba/ros2_ws/install/aist_camera_multiplexer/lib/python3.10/site-packages:/home/ueshiba/ros2_ws/install/aruco_msgs/lib/python3.10/site-packages:/home/ueshiba/ros2_ws/install/aist_aruco_msgs/lib/python3.10/site-packages:/opt/ros/rolling/lib/python3.10/site-packages /usr/bin/cmake --build /home/ueshiba/ros2_ws/build/aist_handeye_calibration -- -j24 -l24
[27.194s] Invoking command in '/home/ueshiba/ros2_ws/build/aist_handeye_calibration': CMAKE_PREFIX_PATH=/home/ueshiba/ros2_ws/install/aist_utility:/home/ueshiba/ros2_ws/install/ddynamic_reconfigure2:/home/ueshiba/ros2_ws/install/aist_msgs:/home/ueshiba/ros2_ws/install/aist_handeye_calibration_msgs:/home/ueshiba/ros2_ws/install/ur_simulation_gz:/home/ueshiba/ros2_ws/install/realsense2_description:/home/ueshiba/ros2_ws/install/realsense2_camera:/home/ueshiba/ros2_ws/install/realsense2_camera_msgs:/home/ueshiba/ros2_ws/install/cu_bridge:/home/ueshiba/ros2_ws/install/aist_handeye_calibration:/home/ueshiba/ros2_ws/install/aist_aruco_ros:/home/ueshiba/ros2_ws/install/aist_phoxi_camera:/home/ueshiba/ros2_ws/install/aist_camera_multiplexer:/home/ueshiba/ros2_ws/install/aruco_ros:/home/ueshiba/ros2_ws/install/aruco_msgs:/home/ueshiba/ros2_ws/install/aruco:/home/ueshiba/ros2_ws/install/aist_description:/home/ueshiba/ros2_ws/install/aist_aruco_msgs:/home/ueshiba/ros2_ws/install/rqt_reconfigure:/opt/ros/rolling LD_LIBRARY_PATH=/home/ueshiba/ros2_ws/install/aist_utility/lib:/home/ueshiba/ros2_ws/install/aist_msgs/lib:/home/ueshiba/ros2_ws/install/aist_handeye_calibration_msgs/lib:/home/ueshiba/ros2_ws/install/realsense2_camera/lib:/home/ueshiba/ros2_ws/install/realsense2_camera_msgs/lib:/home/ueshiba/ros2_ws/install/cu_bridge/lib:/home/ueshiba/ros2_ws/install/aist_handeye_calibration/lib:/home/ueshiba/ros2_ws/install/aist_aruco_ros/lib:/home/ueshiba/ros2_ws/install/aist_phoxi_camera/lib:/home/ueshiba/ros2_ws/install/aist_camera_multiplexer/lib:/home/ueshiba/ros2_ws/install/ddynamic_reconfigure2/lib:/home/ueshiba/ros2_ws/install/aruco_ros/lib:/home/ueshiba/ros2_ws/install/aruco_msgs/lib:/home/ueshiba/ros2_ws/install/aruco/lib:/home/ueshiba/ros2_ws/install/aist_aruco_msgs/lib:/opt/ros/rolling/opt/rviz_ogre_vendor/lib:/opt/ros/rolling/lib/x86_64-linux-gnu:/opt/ros/rolling/lib:/usr/local/lib:/usr/lib64:/usr/local/cuda/lib64:/opt/Photoneo/PhoXiControl-1.13.1/API/lib PS1=\[\e]0;\u@\h: \w\a\]\h% PYTHONPATH=/home/ueshiba/ros2_ws/install/ddynamic_reconfigure2/lib/python3.10/site-packages:/home/ueshiba/ros2_ws/install/aist_msgs/lib/python3.10/site-packages:/home/ueshiba/ros2_ws/install/aist_handeye_calibration_msgs/lib/python3.10/site-packages:/home/ueshiba/ros2_ws/build/rqt_reconfigure/src:/home/ueshiba/ros2_ws/install/rqt_reconfigure/lib/python3.10/site-packages:/home/ueshiba/ros2_ws/install/realsense2_camera_msgs/lib/python3.10/site-packages:/home/ueshiba/ros2_ws/install/aist_handeye_calibration/lib/python3.10/site-packages:/home/ueshiba/ros2_ws/install/aist_camera_multiplexer/lib/python3.10/site-packages:/home/ueshiba/ros2_ws/install/aruco_msgs/lib/python3.10/site-packages:/home/ueshiba/ros2_ws/install/aist_aruco_msgs/lib/python3.10/site-packages:/opt/ros/rolling/lib/python3.10/site-packages /usr/bin/cmake --install /home/ueshiba/ros2_ws/build/aist_handeye_calibration
[27.207s] -- Install configuration: ""
[27.208s] -- Execute custom install script
[27.209s] -- Up-to-date symlink: /home/ueshiba/ros2_ws/install/aist_handeye_calibration/share/aist_handeye_calibration/environment/pythonpath.sh
[27.209s] -- Up-to-date symlink: /home/ueshiba/ros2_ws/install/aist_handeye_calibration/share/aist_handeye_calibration/environment/pythonpath.dsv
[27.209s] -- Up-to-date symlink: /home/ueshiba/ros2_ws/install/aist_handeye_calibration/lib/python3.10/site-packages/aist_handeye_calibration-1.0.0-py3.10.egg-info/PKG-INFO
[27.210s] -- Up-to-date symlink: /home/ueshiba/ros2_ws/install/aist_handeye_calibration/lib/python3.10/site-packages/aist_handeye_calibration-1.0.0-py3.10.egg-info/SOURCES.txt
[27.210s] -- Up-to-date symlink: /home/ueshiba/ros2_ws/install/aist_handeye_calibration/lib/python3.10/site-packages/aist_handeye_calibration-1.0.0-py3.10.egg-info/dependency_links.txt
[27.210s] -- Up-to-date symlink: /home/ueshiba/ros2_ws/install/aist_handeye_calibration/lib/python3.10/site-packages/aist_handeye_calibration-1.0.0-py3.10.egg-info/top_level.txt
[27.215s] [33mCMake Warning (dev) at ament_cmake_symlink_install/ament_cmake_symlink_install.cmake:62 (file):
[27.215s]   Policy CMP0009 is not set: FILE GLOB_RECURSE calls should not follow
[27.215s]   symlinks by default.  Run "cmake --help-policy CMP0009" for policy details.
[27.215s]   Use the cmake_policy command to set the policy and suppress this warning.
[27.215s] Call Stack (most recent call first):
[27.215s]   ament_cmake_symlink_install/ament_cmake_symlink_install.cmake:323 (ament_cmake_symlink_install_directory)
[27.215s]   cmake_install.cmake:46 (include)
[27.215s] This warning is for project developers.  Use -Wno-dev to suppress it.
[27.215s] [0m
[27.217s] [33mCMake Warning (dev) at ament_cmake_symlink_install/ament_cmake_symlink_install.cmake:73 (file):
[27.217s]   Policy CMP0009 is not set: FILE GLOB_RECURSE calls should not follow
[27.217s]   symlinks by default.  Run "cmake --help-policy CMP0009" for policy details.
[27.217s]   Use the cmake_policy command to set the policy and suppress this warning.
[27.217s] Call Stack (most recent call first):
[27.217s]   ament_cmake_symlink_install/ament_cmake_symlink_install.cmake:323 (ament_cmake_symlink_install_directory)
[27.217s]   cmake_install.cmake:46 (include)
[27.217s] This warning is for project developers.  Use -Wno-dev to suppress it.
[27.217s] [0m
[27.218s] [33mCMake Warning (dev) at ament_cmake_symlink_install/ament_cmake_symlink_install.cmake:73 (file):
[27.218s]   Policy CMP0009 is not set: FILE GLOB_RECURSE calls should not follow
[27.218s]   symlinks by default.  Run "cmake --help-policy CMP0009" for policy details.
[27.218s]   Use the cmake_policy command to set the policy and suppress this warning.
[27.218s] Call Stack (most recent call first):
[27.218s]   ament_cmake_symlink_install/ament_cmake_symlink_install.cmake:323 (ament_cmake_symlink_install_directory)
[27.218s]   cmake_install.cmake:46 (include)
[27.218s] This warning is for project developers.  Use -Wno-dev to suppress it.
[27.218s] [0m
[27.219s] -- Up-to-date symlink: /home/ueshiba/ros2_ws/install/aist_handeye_calibration/lib/python3.10/site-packages/aist_handeye_calibration/__init__.py
[27.219s] -- Up-to-date symlink: /home/ueshiba/ros2_ws/install/aist_handeye_calibration/lib/python3.10/site-packages/aist_handeye_calibration/log/COLCON_IGNORE
[27.219s] -- Up-to-date symlink: /home/ueshiba/ros2_ws/install/aist_handeye_calibration/lib/python3.10/site-packages/aist_handeye_calibration/log/build_2024-06-21_11-17-50/aist_handeye_calibration/command.log
[27.219s] -- Up-to-date symlink: /home/ueshiba/ros2_ws/install/aist_handeye_calibration/lib/python3.10/site-packages/aist_handeye_calibration/log/build_2024-06-21_11-17-50/aist_handeye_calibration/stderr.log
[27.220s] -- Up-to-date symlink: /home/ueshiba/ros2_ws/install/aist_handeye_calibration/lib/python3.10/site-packages/aist_handeye_calibration/log/build_2024-06-21_11-17-50/aist_handeye_calibration/stdout.log
[27.220s] -- Up-to-date symlink: /home/ueshiba/ros2_ws/install/aist_handeye_calibration/lib/python3.10/site-packages/aist_handeye_calibration/log/build_2024-06-21_11-17-50/aist_handeye_calibration/stdout_stderr.log
[27.220s] -- Up-to-date symlink: /home/ueshiba/ros2_ws/install/aist_handeye_calibration/lib/python3.10/site-packages/aist_handeye_calibration/log/build_2024-06-21_11-17-50/aist_handeye_calibration/streams.log
[27.220s] -- Up-to-date symlink: /home/ueshiba/ros2_ws/install/aist_handeye_calibration/lib/python3.10/site-packages/aist_handeye_calibration/log/build_2024-06-21_11-17-50/events.log
[27.220s] -- Up-to-date symlink: /home/ueshiba/ros2_ws/install/aist_handeye_calibration/lib/python3.10/site-packages/aist_handeye_calibration/log/build_2024-06-21_11-17-50/logger_all.log
[27.221s] -- Up-to-date symlink: /home/ueshiba/ros2_ws/install/aist_handeye_calibration/lib/python3.10/site-packages/aist_handeye_calibration/log/build_2024-06-21_11-37-30/aist_aruco_msgs/command.log
[27.221s] -- Up-to-date symlink: /home/ueshiba/ros2_ws/install/aist_handeye_calibration/lib/python3.10/site-packages/aist_handeye_calibration/log/build_2024-06-21_11-37-30/aist_aruco_msgs/stderr.log
[27.221s] -- Up-to-date symlink: /home/ueshiba/ros2_ws/install/aist_handeye_calibration/lib/python3.10/site-packages/aist_handeye_calibration/log/build_2024-06-21_11-37-30/aist_aruco_msgs/stdout.log
[27.221s] -- Up-to-date symlink: /home/ueshiba/ros2_ws/install/aist_handeye_calibration/lib/python3.10/site-packages/aist_handeye_calibration/log/build_2024-06-21_11-37-30/aist_aruco_msgs/stdout_stderr.log
[27.221s] -- Up-to-date symlink: /home/ueshiba/ros2_ws/install/aist_handeye_calibration/lib/python3.10/site-packages/aist_handeye_calibration/log/build_2024-06-21_11-37-30/aist_aruco_msgs/streams.log
[27.222s] -- Up-to-date symlink: /home/ueshiba/ros2_ws/install/aist_handeye_calibration/lib/python3.10/site-packages/aist_handeye_calibration/log/build_2024-06-21_11-37-30/aist_aruco_ros/command.log
[27.222s] -- Up-to-date symlink: /home/ueshiba/ros2_ws/install/aist_handeye_calibration/lib/python3.10/site-packages/aist_handeye_calibration/log/build_2024-06-21_11-37-30/aist_aruco_ros/stderr.log
[27.223s] -- Up-to-date symlink: /home/ueshiba/ros2_ws/install/aist_handeye_calibration/lib/python3.10/site-packages/aist_handeye_calibration/log/build_2024-06-21_11-37-30/aist_aruco_ros/stdout.log
[27.223s] -- Up-to-date symlink: /home/ueshiba/ros2_ws/install/aist_handeye_calibration/lib/python3.10/site-packages/aist_handeye_calibration/log/build_2024-06-21_11-37-30/aist_aruco_ros/stdout_stderr.log
[27.223s] -- Up-to-date symlink: /home/ueshiba/ros2_ws/install/aist_handeye_calibration/lib/python3.10/site-packages/aist_handeye_calibration/log/build_2024-06-21_11-37-30/aist_aruco_ros/streams.log
[27.223s] -- Up-to-date symlink: /home/ueshiba/ros2_ws/install/aist_handeye_calibration/lib/python3.10/site-packages/aist_handeye_calibration/log/build_2024-06-21_11-37-30/aist_handeye_calibration/command.log
[27.224s] -- Up-to-date symlink: /home/ueshiba/ros2_ws/install/aist_handeye_calibration/lib/python3.10/site-packages/aist_handeye_calibration/log/build_2024-06-21_11-37-30/aist_handeye_calibration/stderr.log
[27.224s] -- Up-to-date symlink: /home/ueshiba/ros2_ws/install/aist_handeye_calibration/lib/python3.10/site-packages/aist_handeye_calibration/log/build_2024-06-21_11-37-30/aist_handeye_calibration/stdout.log
[27.224s] -- Up-to-date symlink: /home/ueshiba/ros2_ws/install/aist_handeye_calibration/lib/python3.10/site-packages/aist_handeye_calibration/log/build_2024-06-21_11-37-30/aist_handeye_calibration/stdout_stderr.log
[27.224s] -- Up-to-date symlink: /home/ueshiba/ros2_ws/install/aist_handeye_calibration/lib/python3.10/site-packages/aist_handeye_calibration/log/build_2024-06-21_11-37-30/aist_handeye_calibration/streams.log
[27.224s] -- Up-to-date symlink: /home/ueshiba/ros2_ws/install/aist_handeye_calibration/lib/python3.10/site-packages/aist_handeye_calibration/log/build_2024-06-21_11-37-30/aist_handeye_calibration_msgs/command.log
[27.225s] -- Up-to-date symlink: /home/ueshiba/ros2_ws/install/aist_handeye_calibration/lib/python3.10/site-packages/aist_handeye_calibration/log/build_2024-06-21_11-37-30/aist_handeye_calibration_msgs/stderr.log
[27.225s] -- Up-to-date symlink: /home/ueshiba/ros2_ws/install/aist_handeye_calibration/lib/python3.10/site-packages/aist_handeye_calibration/log/build_2024-06-21_11-37-30/aist_handeye_calibration_msgs/stdout.log
[27.225s] -- Up-to-date symlink: /home/ueshiba/ros2_ws/install/aist_handeye_calibration/lib/python3.10/site-packages/aist_handeye_calibration/log/build_2024-06-21_11-37-30/aist_handeye_calibration_msgs/stdout_stderr.log
[27.225s] -- Up-to-date symlink: /home/ueshiba/ros2_ws/install/aist_handeye_calibration/lib/python3.10/site-packages/aist_handeye_calibration/log/build_2024-06-21_11-37-30/aist_handeye_calibration_msgs/streams.log
[27.225s] -- Up-to-date symlink: /home/ueshiba/ros2_ws/install/aist_handeye_calibration/lib/python3.10/site-packages/aist_handeye_calibration/log/build_2024-06-21_11-37-30/aist_msgs/command.log
[27.226s] -- Up-to-date symlink: /home/ueshiba/ros2_ws/install/aist_handeye_calibration/lib/python3.10/site-packages/aist_handeye_calibration/log/build_2024-06-21_11-37-30/aist_msgs/stderr.log
[27.226s] -- Up-to-date symlink: /home/ueshiba/ros2_ws/install/aist_handeye_calibration/lib/python3.10/site-packages/aist_handeye_calibration/log/build_2024-06-21_11-37-30/aist_msgs/stdout.log
[27.226s] -- Up-to-date symlink: /home/ueshiba/ros2_ws/install/aist_handeye_calibration/lib/python3.10/site-packages/aist_handeye_calibration/log/build_2024-06-21_11-37-30/aist_msgs/stdout_stderr.log
[27.226s] -- Up-to-date symlink: /home/ueshiba/ros2_ws/install/aist_handeye_calibration/lib/python3.10/site-packages/aist_handeye_calibration/log/build_2024-06-21_11-37-30/aist_msgs/streams.log
[27.227s] -- Up-to-date symlink: /home/ueshiba/ros2_ws/install/aist_handeye_calibration/lib/python3.10/site-packages/aist_handeye_calibration/log/build_2024-06-21_11-37-30/aist_phoxi_camera/command.log
[27.227s] -- Up-to-date symlink: /home/ueshiba/ros2_ws/install/aist_handeye_calibration/lib/python3.10/site-packages/aist_handeye_calibration/log/build_2024-06-21_11-37-30/aist_phoxi_camera/stderr.log
[27.227s] -- Up-to-date symlink: /home/ueshiba/ros2_ws/install/aist_handeye_calibration/lib/python3.10/site-packages/aist_handeye_calibration/log/build_2024-06-21_11-37-30/aist_phoxi_camera/stdout.log
[27.227s] -- Up-to-date symlink: /home/ueshiba/ros2_ws/install/aist_handeye_calibration/lib/python3.10/site-packages/aist_handeye_calibration/log/build_2024-06-21_11-37-30/aist_phoxi_camera/stdout_stderr.log
[27.228s] -- Up-to-date symlink: /home/ueshiba/ros2_ws/install/aist_handeye_calibration/lib/python3.10/site-packages/aist_handeye_calibration/log/build_2024-06-21_11-37-30/aist_phoxi_camera/streams.log
[27.228s] -- Up-to-date symlink: /home/ueshiba/ros2_ws/install/aist_handeye_calibration/lib/python3.10/site-packages/aist_handeye_calibration/log/build_2024-06-21_11-37-30/aist_utility/command.log
[27.228s] -- Up-to-date symlink: /home/ueshiba/ros2_ws/install/aist_handeye_calibration/lib/python3.10/site-packages/aist_handeye_calibration/log/build_2024-06-21_11-37-30/aist_utility/stderr.log
[27.228s] -- Up-to-date symlink: /home/ueshiba/ros2_ws/install/aist_handeye_calibration/lib/python3.10/site-packages/aist_handeye_calibration/log/build_2024-06-21_11-37-30/aist_utility/stdout.log
[27.228s] -- Up-to-date symlink: /home/ueshiba/ros2_ws/install/aist_handeye_calibration/lib/python3.10/site-packages/aist_handeye_calibration/log/build_2024-06-21_11-37-30/aist_utility/stdout_stderr.log
[27.229s] -- Up-to-date symlink: /home/ueshiba/ros2_ws/install/aist_handeye_calibration/lib/python3.10/site-packages/aist_handeye_calibration/log/build_2024-06-21_11-37-30/aist_utility/streams.log
[27.229s] -- Up-to-date symlink: /home/ueshiba/ros2_ws/install/aist_handeye_calibration/lib/python3.10/site-packages/aist_handeye_calibration/log/build_2024-06-21_11-37-30/aruco/command.log
[27.229s] -- Up-to-date symlink: /home/ueshiba/ros2_ws/install/aist_handeye_calibration/lib/python3.10/site-packages/aist_handeye_calibration/log/build_2024-06-21_11-37-30/aruco/stderr.log
[27.229s] -- Up-to-date symlink: /home/ueshiba/ros2_ws/install/aist_handeye_calibration/lib/python3.10/site-packages/aist_handeye_calibration/log/build_2024-06-21_11-37-30/aruco/stdout.log
[27.230s] -- Up-to-date symlink: /home/ueshiba/ros2_ws/install/aist_handeye_calibration/lib/python3.10/site-packages/aist_handeye_calibration/log/build_2024-06-21_11-37-30/aruco/stdout_stderr.log
[27.230s] -- Up-to-date symlink: /home/ueshiba/ros2_ws/install/aist_handeye_calibration/lib/python3.10/site-packages/aist_handeye_calibration/log/build_2024-06-21_11-37-30/aruco/streams.log
[27.230s] -- Up-to-date symlink: /home/ueshiba/ros2_ws/install/aist_handeye_calibration/lib/python3.10/site-packages/aist_handeye_calibration/log/build_2024-06-21_11-37-30/aruco_msgs/command.log
[27.231s] -- Up-to-date symlink: /home/ueshiba/ros2_ws/install/aist_handeye_calibration/lib/python3.10/site-packages/aist_handeye_calibration/log/build_2024-06-21_11-37-30/aruco_msgs/stderr.log
[27.231s] -- Up-to-date symlink: /home/ueshiba/ros2_ws/install/aist_handeye_calibration/lib/python3.10/site-packages/aist_handeye_calibration/log/build_2024-06-21_11-37-30/aruco_msgs/stdout.log
[27.231s] -- Up-to-date symlink: /home/ueshiba/ros2_ws/install/aist_handeye_calibration/lib/python3.10/site-packages/aist_handeye_calibration/log/build_2024-06-21_11-37-30/aruco_msgs/stdout_stderr.log
[27.232s] -- Up-to-date symlink: /home/ueshiba/ros2_ws/install/aist_handeye_calibration/lib/python3.10/site-packages/aist_handeye_calibration/log/build_2024-06-21_11-37-30/aruco_msgs/streams.log
[27.232s] -- Up-to-date symlink: /home/ueshiba/ros2_ws/install/aist_handeye_calibration/lib/python3.10/site-packages/aist_handeye_calibration/log/build_2024-06-21_11-37-30/aruco_ros/command.log
[27.232s] -- Up-to-date symlink: /home/ueshiba/ros2_ws/install/aist_handeye_calibration/lib/python3.10/site-packages/aist_handeye_calibration/log/build_2024-06-21_11-37-30/aruco_ros/stderr.log
[27.233s] -- Up-to-date symlink: /home/ueshiba/ros2_ws/install/aist_handeye_calibration/lib/python3.10/site-packages/aist_handeye_calibration/log/build_2024-06-21_11-37-30/aruco_ros/stdout.log
[27.233s] -- Up-to-date symlink: /home/ueshiba/ros2_ws/install/aist_handeye_calibration/lib/python3.10/site-packages/aist_handeye_calibration/log/build_2024-06-21_11-37-30/aruco_ros/stdout_stderr.log
[27.233s] -- Up-to-date symlink: /home/ueshiba/ros2_ws/install/aist_handeye_calibration/lib/python3.10/site-packages/aist_handeye_calibration/log/build_2024-06-21_11-37-30/aruco_ros/streams.log
[27.234s] -- Up-to-date symlink: /home/ueshiba/ros2_ws/install/aist_handeye_calibration/lib/python3.10/site-packages/aist_handeye_calibration/log/build_2024-06-21_11-37-30/cu_bridge/command.log
[27.234s] -- Up-to-date symlink: /home/ueshiba/ros2_ws/install/aist_handeye_calibration/lib/python3.10/site-packages/aist_handeye_calibration/log/build_2024-06-21_11-37-30/cu_bridge/stderr.log
[27.234s] -- Up-to-date symlink: /home/ueshiba/ros2_ws/install/aist_handeye_calibration/lib/python3.10/site-packages/aist_handeye_calibration/log/build_2024-06-21_11-37-30/cu_bridge/stdout.log
[27.234s] -- Up-to-date symlink: /home/ueshiba/ros2_ws/install/aist_handeye_calibration/lib/python3.10/site-packages/aist_handeye_calibration/log/build_2024-06-21_11-37-30/cu_bridge/stdout_stderr.log
[27.235s] -- Up-to-date symlink: /home/ueshiba/ros2_ws/install/aist_handeye_calibration/lib/python3.10/site-packages/aist_handeye_calibration/log/build_2024-06-21_11-37-30/cu_bridge/streams.log
[27.235s] -- Up-to-date symlink: /home/ueshiba/ros2_ws/install/aist_handeye_calibration/lib/python3.10/site-packages/aist_handeye_calibration/log/build_2024-06-21_11-37-30/ddynamic_reconfigure2/command.log
[27.235s] -- Up-to-date symlink: /home/ueshiba/ros2_ws/install/aist_handeye_calibration/lib/python3.10/site-packages/aist_handeye_calibration/log/build_2024-06-21_11-37-30/ddynamic_reconfigure2/stderr.log
[27.236s] -- Up-to-date symlink: /home/ueshiba/ros2_ws/install/aist_handeye_calibration/lib/python3.10/site-packages/aist_handeye_calibration/log/build_2024-06-21_11-37-30/ddynamic_reconfigure2/stdout.log
[27.236s] -- Up-to-date symlink: /home/ueshiba/ros2_ws/install/aist_handeye_calibration/lib/python3.10/site-packages/aist_handeye_calibration/log/build_2024-06-21_11-37-30/ddynamic_reconfigure2/stdout_stderr.log
[27.236s] -- Up-to-date symlink: /home/ueshiba/ros2_ws/install/aist_handeye_calibration/lib/python3.10/site-packages/aist_handeye_calibration/log/build_2024-06-21_11-37-30/ddynamic_reconfigure2/streams.log
[27.236s] -- Up-to-date symlink: /home/ueshiba/ros2_ws/install/aist_handeye_calibration/lib/python3.10/site-packages/aist_handeye_calibration/log/build_2024-06-21_11-37-30/events.log
[27.237s] -- Up-to-date symlink: /home/ueshiba/ros2_ws/install/aist_handeye_calibration/lib/python3.10/site-packages/aist_handeye_calibration/log/build_2024-06-21_11-37-30/logger_all.log
[27.237s] -- Up-to-date symlink: /home/ueshiba/ros2_ws/install/aist_handeye_calibration/lib/python3.10/site-packages/aist_handeye_calibration/log/build_2024-06-21_11-37-30/realsense2_camera/command.log
[27.237s] -- Up-to-date symlink: /home/ueshiba/ros2_ws/install/aist_handeye_calibration/lib/python3.10/site-packages/aist_handeye_calibration/log/build_2024-06-21_11-37-30/realsense2_camera/stderr.log
[27.237s] -- Up-to-date symlink: /home/ueshiba/ros2_ws/install/aist_handeye_calibration/lib/python3.10/site-packages/aist_handeye_calibration/log/build_2024-06-21_11-37-30/realsense2_camera/stdout.log
[27.238s] -- Up-to-date symlink: /home/ueshiba/ros2_ws/install/aist_handeye_calibration/lib/python3.10/site-packages/aist_handeye_calibration/log/build_2024-06-21_11-37-30/realsense2_camera/stdout_stderr.log
[27.238s] -- Up-to-date symlink: /home/ueshiba/ros2_ws/install/aist_handeye_calibration/lib/python3.10/site-packages/aist_handeye_calibration/log/build_2024-06-21_11-37-30/realsense2_camera/streams.log
[27.238s] -- Up-to-date symlink: /home/ueshiba/ros2_ws/install/aist_handeye_calibration/lib/python3.10/site-packages/aist_handeye_calibration/log/build_2024-06-21_11-37-30/realsense2_camera_msgs/command.log
[27.239s] -- Up-to-date symlink: /home/ueshiba/ros2_ws/install/aist_handeye_calibration/lib/python3.10/site-packages/aist_handeye_calibration/log/build_2024-06-21_11-37-30/realsense2_camera_msgs/stderr.log
[27.239s] -- Up-to-date symlink: /home/ueshiba/ros2_ws/install/aist_handeye_calibration/lib/python3.10/site-packages/aist_handeye_calibration/log/build_2024-06-21_11-37-30/realsense2_camera_msgs/stdout.log
[27.239s] -- Up-to-date symlink: /home/ueshiba/ros2_ws/install/aist_handeye_calibration/lib/python3.10/site-packages/aist_handeye_calibration/log/build_2024-06-21_11-37-30/realsense2_camera_msgs/stdout_stderr.log
[27.239s] -- Up-to-date symlink: /home/ueshiba/ros2_ws/install/aist_handeye_calibration/lib/python3.10/site-packages/aist_handeye_calibration/log/build_2024-06-21_11-37-30/realsense2_camera_msgs/streams.log
[27.240s] -- Up-to-date symlink: /home/ueshiba/ros2_ws/install/aist_handeye_calibration/lib/python3.10/site-packages/aist_handeye_calibration/log/build_2024-06-21_11-37-30/realsense2_description/command.log
[27.240s] -- Up-to-date symlink: /home/ueshiba/ros2_ws/install/aist_handeye_calibration/lib/python3.10/site-packages/aist_handeye_calibration/log/build_2024-06-21_11-37-30/realsense2_description/stderr.log
[27.240s] -- Up-to-date symlink: /home/ueshiba/ros2_ws/install/aist_handeye_calibration/lib/python3.10/site-packages/aist_handeye_calibration/log/build_2024-06-21_11-37-30/realsense2_description/stdout.log
[27.241s] -- Up-to-date symlink: /home/ueshiba/ros2_ws/install/aist_handeye_calibration/lib/python3.10/site-packages/aist_handeye_calibration/log/build_2024-06-21_11-37-30/realsense2_description/stdout_stderr.log
[27.241s] -- Up-to-date symlink: /home/ueshiba/ros2_ws/install/aist_handeye_calibration/lib/python3.10/site-packages/aist_handeye_calibration/log/build_2024-06-21_11-37-30/realsense2_description/streams.log
[27.241s] -- Up-to-date symlink: /home/ueshiba/ros2_ws/install/aist_handeye_calibration/lib/python3.10/site-packages/aist_handeye_calibration/log/build_2024-06-21_11-37-30/rqt_reconfigure/command.log
[27.241s] -- Up-to-date symlink: /home/ueshiba/ros2_ws/install/aist_handeye_calibration/lib/python3.10/site-packages/aist_handeye_calibration/log/build_2024-06-21_11-37-30/rqt_reconfigure/stderr.log
[27.242s] -- Up-to-date symlink: /home/ueshiba/ros2_ws/install/aist_handeye_calibration/lib/python3.10/site-packages/aist_handeye_calibration/log/build_2024-06-21_11-37-30/rqt_reconfigure/stdout.log
[27.242s] -- Up-to-date symlink: /home/ueshiba/ros2_ws/install/aist_handeye_calibration/lib/python3.10/site-packages/aist_handeye_calibration/log/build_2024-06-21_11-37-30/rqt_reconfigure/stdout_stderr.log
[27.242s] -- Up-to-date symlink: /home/ueshiba/ros2_ws/install/aist_handeye_calibration/lib/python3.10/site-packages/aist_handeye_calibration/log/build_2024-06-21_11-37-30/rqt_reconfigure/streams.log
[27.243s] -- Up-to-date symlink: /home/ueshiba/ros2_ws/install/aist_handeye_calibration/lib/python3.10/site-packages/aist_handeye_calibration/log/latest/aist_aruco_msgs/command.log
[27.244s] -- Up-to-date symlink: /home/ueshiba/ros2_ws/install/aist_handeye_calibration/lib/python3.10/site-packages/aist_handeye_calibration/log/latest/aist_aruco_msgs/stderr.log
[27.244s] -- Up-to-date symlink: /home/ueshiba/ros2_ws/install/aist_handeye_calibration/lib/python3.10/site-packages/aist_handeye_calibration/log/latest/aist_aruco_msgs/stdout.log
[27.244s] -- Up-to-date symlink: /home/ueshiba/ros2_ws/install/aist_handeye_calibration/lib/python3.10/site-packages/aist_handeye_calibration/log/latest/aist_aruco_msgs/stdout_stderr.log
[27.245s] -- Up-to-date symlink: /home/ueshiba/ros2_ws/install/aist_handeye_calibration/lib/python3.10/site-packages/aist_handeye_calibration/log/latest/aist_aruco_msgs/streams.log
[27.245s] -- Up-to-date symlink: /home/ueshiba/ros2_ws/install/aist_handeye_calibration/lib/python3.10/site-packages/aist_handeye_calibration/log/latest/aist_aruco_ros/command.log
[27.246s] -- Up-to-date symlink: /home/ueshiba/ros2_ws/install/aist_handeye_calibration/lib/python3.10/site-packages/aist_handeye_calibration/log/latest/aist_aruco_ros/stderr.log
[27.246s] -- Up-to-date symlink: /home/ueshiba/ros2_ws/install/aist_handeye_calibration/lib/python3.10/site-packages/aist_handeye_calibration/log/latest/aist_aruco_ros/stdout.log
[27.246s] -- Up-to-date symlink: /home/ueshiba/ros2_ws/install/aist_handeye_calibration/lib/python3.10/site-packages/aist_handeye_calibration/log/latest/aist_aruco_ros/stdout_stderr.log
[27.247s] -- Up-to-date symlink: /home/ueshiba/ros2_ws/install/aist_handeye_calibration/lib/python3.10/site-packages/aist_handeye_calibration/log/latest/aist_aruco_ros/streams.log
[27.247s] -- Up-to-date symlink: /home/ueshiba/ros2_ws/install/aist_handeye_calibration/lib/python3.10/site-packages/aist_handeye_calibration/log/latest/aist_handeye_calibration/command.log
[27.248s] -- Up-to-date symlink: /home/ueshiba/ros2_ws/install/aist_handeye_calibration/lib/python3.10/site-packages/aist_handeye_calibration/log/latest/aist_handeye_calibration/stderr.log
[27.248s] -- Up-to-date symlink: /home/ueshiba/ros2_ws/install/aist_handeye_calibration/lib/python3.10/site-packages/aist_handeye_calibration/log/latest/aist_handeye_calibration/stdout.log
[27.248s] -- Up-to-date symlink: /home/ueshiba/ros2_ws/install/aist_handeye_calibration/lib/python3.10/site-packages/aist_handeye_calibration/log/latest/aist_handeye_calibration/stdout_stderr.log
[27.249s] -- Up-to-date symlink: /home/ueshiba/ros2_ws/install/aist_handeye_calibration/lib/python3.10/site-packages/aist_handeye_calibration/log/latest/aist_handeye_calibration/streams.log
[27.249s] -- Up-to-date symlink: /home/ueshiba/ros2_ws/install/aist_handeye_calibration/lib/python3.10/site-packages/aist_handeye_calibration/log/latest/aist_handeye_calibration_msgs/command.log
[27.249s] -- Up-to-date symlink: /home/ueshiba/ros2_ws/install/aist_handeye_calibration/lib/python3.10/site-packages/aist_handeye_calibration/log/latest/aist_handeye_calibration_msgs/stderr.log
[27.250s] -- Up-to-date symlink: /home/ueshiba/ros2_ws/install/aist_handeye_calibration/lib/python3.10/site-packages/aist_handeye_calibration/log/latest/aist_handeye_calibration_msgs/stdout.log
[27.250s] -- Up-to-date symlink: /home/ueshiba/ros2_ws/install/aist_handeye_calibration/lib/python3.10/site-packages/aist_handeye_calibration/log/latest/aist_handeye_calibration_msgs/stdout_stderr.log
[27.250s] -- Up-to-date symlink: /home/ueshiba/ros2_ws/install/aist_handeye_calibration/lib/python3.10/site-packages/aist_handeye_calibration/log/latest/aist_handeye_calibration_msgs/streams.log
[27.250s] -- Up-to-date symlink: /home/ueshiba/ros2_ws/install/aist_handeye_calibration/lib/python3.10/site-packages/aist_handeye_calibration/log/latest/aist_msgs/command.log
[27.251s] -- Up-to-date symlink: /home/ueshiba/ros2_ws/install/aist_handeye_calibration/lib/python3.10/site-packages/aist_handeye_calibration/log/latest/aist_msgs/stderr.log
[27.251s] -- Up-to-date symlink: /home/ueshiba/ros2_ws/install/aist_handeye_calibration/lib/python3.10/site-packages/aist_handeye_calibration/log/latest/aist_msgs/stdout.log
[27.251s] -- Up-to-date symlink: /home/ueshiba/ros2_ws/install/aist_handeye_calibration/lib/python3.10/site-packages/aist_handeye_calibration/log/latest/aist_msgs/stdout_stderr.log
[27.252s] -- Up-to-date symlink: /home/ueshiba/ros2_ws/install/aist_handeye_calibration/lib/python3.10/site-packages/aist_handeye_calibration/log/latest/aist_msgs/streams.log
[27.252s] -- Up-to-date symlink: /home/ueshiba/ros2_ws/install/aist_handeye_calibration/lib/python3.10/site-packages/aist_handeye_calibration/log/latest/aist_phoxi_camera/command.log
[27.252s] -- Up-to-date symlink: /home/ueshiba/ros2_ws/install/aist_handeye_calibration/lib/python3.10/site-packages/aist_handeye_calibration/log/latest/aist_phoxi_camera/stderr.log
[27.252s] -- Up-to-date symlink: /home/ueshiba/ros2_ws/install/aist_handeye_calibration/lib/python3.10/site-packages/aist_handeye_calibration/log/latest/aist_phoxi_camera/stdout.log
[27.253s] -- Up-to-date symlink: /home/ueshiba/ros2_ws/install/aist_handeye_calibration/lib/python3.10/site-packages/aist_handeye_calibration/log/latest/aist_phoxi_camera/stdout_stderr.log
[27.253s] -- Up-to-date symlink: /home/ueshiba/ros2_ws/install/aist_handeye_calibration/lib/python3.10/site-packages/aist_handeye_calibration/log/latest/aist_phoxi_camera/streams.log
[27.253s] -- Up-to-date symlink: /home/ueshiba/ros2_ws/install/aist_handeye_calibration/lib/python3.10/site-packages/aist_handeye_calibration/log/latest/aist_utility/command.log
[27.253s] -- Up-to-date symlink: /home/ueshiba/ros2_ws/install/aist_handeye_calibration/lib/python3.10/site-packages/aist_handeye_calibration/log/latest/aist_utility/stderr.log
[27.254s] -- Up-to-date symlink: /home/ueshiba/ros2_ws/install/aist_handeye_calibration/lib/python3.10/site-packages/aist_handeye_calibration/log/latest/aist_utility/stdout.log
[27.254s] -- Up-to-date symlink: /home/ueshiba/ros2_ws/install/aist_handeye_calibration/lib/python3.10/site-packages/aist_handeye_calibration/log/latest/aist_utility/stdout_stderr.log
[27.254s] -- Up-to-date symlink: /home/ueshiba/ros2_ws/install/aist_handeye_calibration/lib/python3.10/site-packages/aist_handeye_calibration/log/latest/aist_utility/streams.log
[27.254s] -- Up-to-date symlink: /home/ueshiba/ros2_ws/install/aist_handeye_calibration/lib/python3.10/site-packages/aist_handeye_calibration/log/latest/aruco/command.log
[27.255s] -- Up-to-date symlink: /home/ueshiba/ros2_ws/install/aist_handeye_calibration/lib/python3.10/site-packages/aist_handeye_calibration/log/latest/aruco/stderr.log
[27.255s] -- Up-to-date symlink: /home/ueshiba/ros2_ws/install/aist_handeye_calibration/lib/python3.10/site-packages/aist_handeye_calibration/log/latest/aruco/stdout.log
[27.255s] -- Up-to-date symlink: /home/ueshiba/ros2_ws/install/aist_handeye_calibration/lib/python3.10/site-packages/aist_handeye_calibration/log/latest/aruco/stdout_stderr.log
[27.255s] -- Up-to-date symlink: /home/ueshiba/ros2_ws/install/aist_handeye_calibration/lib/python3.10/site-packages/aist_handeye_calibration/log/latest/aruco/streams.log
[27.255s] -- Up-to-date symlink: /home/ueshiba/ros2_ws/install/aist_handeye_calibration/lib/python3.10/site-packages/aist_handeye_calibration/log/latest/aruco_msgs/command.log
[27.256s] -- Up-to-date symlink: /home/ueshiba/ros2_ws/install/aist_handeye_calibration/lib/python3.10/site-packages/aist_handeye_calibration/log/latest/aruco_msgs/stderr.log
[27.256s] -- Up-to-date symlink: /home/ueshiba/ros2_ws/install/aist_handeye_calibration/lib/python3.10/site-packages/aist_handeye_calibration/log/latest/aruco_msgs/stdout.log
[27.256s] -- Up-to-date symlink: /home/ueshiba/ros2_ws/install/aist_handeye_calibration/lib/python3.10/site-packages/aist_handeye_calibration/log/latest/aruco_msgs/stdout_stderr.log
[27.256s] -- Up-to-date symlink: /home/ueshiba/ros2_ws/install/aist_handeye_calibration/lib/python3.10/site-packages/aist_handeye_calibration/log/latest/aruco_msgs/streams.log
[27.256s] -- Up-to-date symlink: /home/ueshiba/ros2_ws/install/aist_handeye_calibration/lib/python3.10/site-packages/aist_handeye_calibration/log/latest/aruco_ros/command.log
[27.257s] -- Up-to-date symlink: /home/ueshiba/ros2_ws/install/aist_handeye_calibration/lib/python3.10/site-packages/aist_handeye_calibration/log/latest/aruco_ros/stderr.log
[27.257s] -- Up-to-date symlink: /home/ueshiba/ros2_ws/install/aist_handeye_calibration/lib/python3.10/site-packages/aist_handeye_calibration/log/latest/aruco_ros/stdout.log
[27.257s] -- Up-to-date symlink: /home/ueshiba/ros2_ws/install/aist_handeye_calibration/lib/python3.10/site-packages/aist_handeye_calibration/log/latest/aruco_ros/stdout_stderr.log
[27.257s] -- Up-to-date symlink: /home/ueshiba/ros2_ws/install/aist_handeye_calibration/lib/python3.10/site-packages/aist_handeye_calibration/log/latest/aruco_ros/streams.log
[27.257s] -- Up-to-date symlink: /home/ueshiba/ros2_ws/install/aist_handeye_calibration/lib/python3.10/site-packages/aist_handeye_calibration/log/latest/cu_bridge/command.log
[27.258s] -- Up-to-date symlink: /home/ueshiba/ros2_ws/install/aist_handeye_calibration/lib/python3.10/site-packages/aist_handeye_calibration/log/latest/cu_bridge/stderr.log
[27.258s] -- Up-to-date symlink: /home/ueshiba/ros2_ws/install/aist_handeye_calibration/lib/python3.10/site-packages/aist_handeye_calibration/log/latest/cu_bridge/stdout.log
[27.258s] -- Up-to-date symlink: /home/ueshiba/ros2_ws/install/aist_handeye_calibration/lib/python3.10/site-packages/aist_handeye_calibration/log/latest/cu_bridge/stdout_stderr.log
[27.258s] -- Up-to-date symlink: /home/ueshiba/ros2_ws/install/aist_handeye_calibration/lib/python3.10/site-packages/aist_handeye_calibration/log/latest/cu_bridge/streams.log
[27.258s] -- Up-to-date symlink: /home/ueshiba/ros2_ws/install/aist_handeye_calibration/lib/python3.10/site-packages/aist_handeye_calibration/log/latest/ddynamic_reconfigure2/command.log
[27.258s] -- Up-to-date symlink: /home/ueshiba/ros2_ws/install/aist_handeye_calibration/lib/python3.10/site-packages/aist_handeye_calibration/log/latest/ddynamic_reconfigure2/stderr.log
[27.259s] -- Up-to-date symlink: /home/ueshiba/ros2_ws/install/aist_handeye_calibration/lib/python3.10/site-packages/aist_handeye_calibration/log/latest/ddynamic_reconfigure2/stdout.log
[27.259s] -- Up-to-date symlink: /home/ueshiba/ros2_ws/install/aist_handeye_calibration/lib/python3.10/site-packages/aist_handeye_calibration/log/latest/ddynamic_reconfigure2/stdout_stderr.log
[27.259s] -- Up-to-date symlink: /home/ueshiba/ros2_ws/install/aist_handeye_calibration/lib/python3.10/site-packages/aist_handeye_calibration/log/latest/ddynamic_reconfigure2/streams.log
[27.259s] -- Up-to-date symlink: /home/ueshiba/ros2_ws/install/aist_handeye_calibration/lib/python3.10/site-packages/aist_handeye_calibration/log/latest/events.log
[27.259s] -- Up-to-date symlink: /home/ueshiba/ros2_ws/install/aist_handeye_calibration/lib/python3.10/site-packages/aist_handeye_calibration/log/latest/logger_all.log
[27.260s] -- Up-to-date symlink: /home/ueshiba/ros2_ws/install/aist_handeye_calibration/lib/python3.10/site-packages/aist_handeye_calibration/log/latest/realsense2_camera/command.log
[27.260s] -- Up-to-date symlink: /home/ueshiba/ros2_ws/install/aist_handeye_calibration/lib/python3.10/site-packages/aist_handeye_calibration/log/latest/realsense2_camera/stderr.log
[27.260s] -- Up-to-date symlink: /home/ueshiba/ros2_ws/install/aist_handeye_calibration/lib/python3.10/site-packages/aist_handeye_calibration/log/latest/realsense2_camera/stdout.log
[27.260s] -- Up-to-date symlink: /home/ueshiba/ros2_ws/install/aist_handeye_calibration/lib/python3.10/site-packages/aist_handeye_calibration/log/latest/realsense2_camera/stdout_stderr.log
[27.260s] -- Up-to-date symlink: /home/ueshiba/ros2_ws/install/aist_handeye_calibration/lib/python3.10/site-packages/aist_handeye_calibration/log/latest/realsense2_camera/streams.log
[27.260s] -- Up-to-date symlink: /home/ueshiba/ros2_ws/install/aist_handeye_calibration/lib/python3.10/site-packages/aist_handeye_calibration/log/latest/realsense2_camera_msgs/command.log
[27.261s] -- Up-to-date symlink: /home/ueshiba/ros2_ws/install/aist_handeye_calibration/lib/python3.10/site-packages/aist_handeye_calibration/log/latest/realsense2_camera_msgs/stderr.log
[27.261s] -- Up-to-date symlink: /home/ueshiba/ros2_ws/install/aist_handeye_calibration/lib/python3.10/site-packages/aist_handeye_calibration/log/latest/realsense2_camera_msgs/stdout.log
[27.261s] -- Up-to-date symlink: /home/ueshiba/ros2_ws/install/aist_handeye_calibration/lib/python3.10/site-packages/aist_handeye_calibration/log/latest/realsense2_camera_msgs/stdout_stderr.log
[27.261s] -- Up-to-date symlink: /home/ueshiba/ros2_ws/install/aist_handeye_calibration/lib/python3.10/site-packages/aist_handeye_calibration/log/latest/realsense2_camera_msgs/streams.log
[27.261s] -- Up-to-date symlink: /home/ueshiba/ros2_ws/install/aist_handeye_calibration/lib/python3.10/site-packages/aist_handeye_calibration/log/latest/realsense2_description/command.log
[27.262s] -- Up-to-date symlink: /home/ueshiba/ros2_ws/install/aist_handeye_calibration/lib/python3.10/site-packages/aist_handeye_calibration/log/latest/realsense2_description/stderr.log
[27.262s] -- Up-to-date symlink: /home/ueshiba/ros2_ws/install/aist_handeye_calibration/lib/python3.10/site-packages/aist_handeye_calibration/log/latest/realsense2_description/stdout.log
[27.262s] -- Up-to-date symlink: /home/ueshiba/ros2_ws/install/aist_handeye_calibration/lib/python3.10/site-packages/aist_handeye_calibration/log/latest/realsense2_description/stdout_stderr.log
[27.262s] -- Up-to-date symlink: /home/ueshiba/ros2_ws/install/aist_handeye_calibration/lib/python3.10/site-packages/aist_handeye_calibration/log/latest/realsense2_description/streams.log
[27.262s] -- Up-to-date symlink: /home/ueshiba/ros2_ws/install/aist_handeye_calibration/lib/python3.10/site-packages/aist_handeye_calibration/log/latest/rqt_reconfigure/command.log
[27.262s] -- Up-to-date symlink: /home/ueshiba/ros2_ws/install/aist_handeye_calibration/lib/python3.10/site-packages/aist_handeye_calibration/log/latest/rqt_reconfigure/stderr.log
[27.263s] -- Up-to-date symlink: /home/ueshiba/ros2_ws/install/aist_handeye_calibration/lib/python3.10/site-packages/aist_handeye_calibration/log/latest/rqt_reconfigure/stdout.log
[27.263s] -- Up-to-date symlink: /home/ueshiba/ros2_ws/install/aist_handeye_calibration/lib/python3.10/site-packages/aist_handeye_calibration/log/latest/rqt_reconfigure/stdout_stderr.log
[27.263s] -- Up-to-date symlink: /home/ueshiba/ros2_ws/install/aist_handeye_calibration/lib/python3.10/site-packages/aist_handeye_calibration/log/latest/rqt_reconfigure/streams.log
[27.263s] -- Up-to-date symlink: /home/ueshiba/ros2_ws/install/aist_handeye_calibration/lib/python3.10/site-packages/aist_handeye_calibration/log/latest_build/aist_aruco_msgs/command.log
[27.263s] -- Up-to-date symlink: /home/ueshiba/ros2_ws/install/aist_handeye_calibration/lib/python3.10/site-packages/aist_handeye_calibration/log/latest_build/aist_aruco_msgs/stderr.log
[27.263s] -- Up-to-date symlink: /home/ueshiba/ros2_ws/install/aist_handeye_calibration/lib/python3.10/site-packages/aist_handeye_calibration/log/latest_build/aist_aruco_msgs/stdout.log
[27.263s] -- Up-to-date symlink: /home/ueshiba/ros2_ws/install/aist_handeye_calibration/lib/python3.10/site-packages/aist_handeye_calibration/log/latest_build/aist_aruco_msgs/stdout_stderr.log
[27.264s] -- Up-to-date symlink: /home/ueshiba/ros2_ws/install/aist_handeye_calibration/lib/python3.10/site-packages/aist_handeye_calibration/log/latest_build/aist_aruco_msgs/streams.log
[27.264s] -- Up-to-date symlink: /home/ueshiba/ros2_ws/install/aist_handeye_calibration/lib/python3.10/site-packages/aist_handeye_calibration/log/latest_build/aist_aruco_ros/command.log
[27.264s] -- Up-to-date symlink: /home/ueshiba/ros2_ws/install/aist_handeye_calibration/lib/python3.10/site-packages/aist_handeye_calibration/log/latest_build/aist_aruco_ros/stderr.log
[27.264s] -- Up-to-date symlink: /home/ueshiba/ros2_ws/install/aist_handeye_calibration/lib/python3.10/site-packages/aist_handeye_calibration/log/latest_build/aist_aruco_ros/stdout.log
[27.264s] -- Up-to-date symlink: /home/ueshiba/ros2_ws/install/aist_handeye_calibration/lib/python3.10/site-packages/aist_handeye_calibration/log/latest_build/aist_aruco_ros/stdout_stderr.log
[27.264s] -- Up-to-date symlink: /home/ueshiba/ros2_ws/install/aist_handeye_calibration/lib/python3.10/site-packages/aist_handeye_calibration/log/latest_build/aist_aruco_ros/streams.log
[27.264s] -- Up-to-date symlink: /home/ueshiba/ros2_ws/install/aist_handeye_calibration/lib/python3.10/site-packages/aist_handeye_calibration/log/latest_build/aist_handeye_calibration/command.log
[27.265s] -- Up-to-date symlink: /home/ueshiba/ros2_ws/install/aist_handeye_calibration/lib/python3.10/site-packages/aist_handeye_calibration/log/latest_build/aist_handeye_calibration/stderr.log
[27.265s] -- Up-to-date symlink: /home/ueshiba/ros2_ws/install/aist_handeye_calibration/lib/python3.10/site-packages/aist_handeye_calibration/log/latest_build/aist_handeye_calibration/stdout.log
[27.265s] -- Up-to-date symlink: /home/ueshiba/ros2_ws/install/aist_handeye_calibration/lib/python3.10/site-packages/aist_handeye_calibration/log/latest_build/aist_handeye_calibration/stdout_stderr.log
[27.265s] -- Up-to-date symlink: /home/ueshiba/ros2_ws/install/aist_handeye_calibration/lib/python3.10/site-packages/aist_handeye_calibration/log/latest_build/aist_handeye_calibration/streams.log
[27.265s] -- Up-to-date symlink: /home/ueshiba/ros2_ws/install/aist_handeye_calibration/lib/python3.10/site-packages/aist_handeye_calibration/log/latest_build/aist_handeye_calibration_msgs/command.log
[27.265s] -- Up-to-date symlink: /home/ueshiba/ros2_ws/install/aist_handeye_calibration/lib/python3.10/site-packages/aist_handeye_calibration/log/latest_build/aist_handeye_calibration_msgs/stderr.log
[27.265s] -- Up-to-date symlink: /home/ueshiba/ros2_ws/install/aist_handeye_calibration/lib/python3.10/site-packages/aist_handeye_calibration/log/latest_build/aist_handeye_calibration_msgs/stdout.log
[27.265s] -- Up-to-date symlink: /home/ueshiba/ros2_ws/install/aist_handeye_calibration/lib/python3.10/site-packages/aist_handeye_calibration/log/latest_build/aist_handeye_calibration_msgs/stdout_stderr.log
[27.266s] -- Up-to-date symlink: /home/ueshiba/ros2_ws/install/aist_handeye_calibration/lib/python3.10/site-packages/aist_handeye_calibration/log/latest_build/aist_handeye_calibration_msgs/streams.log
[27.266s] -- Up-to-date symlink: /home/ueshiba/ros2_ws/install/aist_handeye_calibration/lib/python3.10/site-packages/aist_handeye_calibration/log/latest_build/aist_msgs/command.log
[27.266s] -- Up-to-date symlink: /home/ueshiba/ros2_ws/install/aist_handeye_calibration/lib/python3.10/site-packages/aist_handeye_calibration/log/latest_build/aist_msgs/stderr.log
[27.266s] -- Up-to-date symlink: /home/ueshiba/ros2_ws/install/aist_handeye_calibration/lib/python3.10/site-packages/aist_handeye_calibration/log/latest_build/aist_msgs/stdout.log
[27.266s] -- Up-to-date symlink: /home/ueshiba/ros2_ws/install/aist_handeye_calibration/lib/python3.10/site-packages/aist_handeye_calibration/log/latest_build/aist_msgs/stdout_stderr.log
[27.266s] -- Up-to-date symlink: /home/ueshiba/ros2_ws/install/aist_handeye_calibration/lib/python3.10/site-packages/aist_handeye_calibration/log/latest_build/aist_msgs/streams.log
[27.266s] -- Up-to-date symlink: /home/ueshiba/ros2_ws/install/aist_handeye_calibration/lib/python3.10/site-packages/aist_handeye_calibration/log/latest_build/aist_phoxi_camera/command.log
[27.266s] -- Up-to-date symlink: /home/ueshiba/ros2_ws/install/aist_handeye_calibration/lib/python3.10/site-packages/aist_handeye_calibration/log/latest_build/aist_phoxi_camera/stderr.log
[27.266s] -- Up-to-date symlink: /home/ueshiba/ros2_ws/install/aist_handeye_calibration/lib/python3.10/site-packages/aist_handeye_calibration/log/latest_build/aist_phoxi_camera/stdout.log
[27.267s] -- Up-to-date symlink: /home/ueshiba/ros2_ws/install/aist_handeye_calibration/lib/python3.10/site-packages/aist_handeye_calibration/log/latest_build/aist_phoxi_camera/stdout_stderr.log
[27.267s] -- Up-to-date symlink: /home/ueshiba/ros2_ws/install/aist_handeye_calibration/lib/python3.10/site-packages/aist_handeye_calibration/log/latest_build/aist_phoxi_camera/streams.log
[27.267s] -- Up-to-date symlink: /home/ueshiba/ros2_ws/install/aist_handeye_calibration/lib/python3.10/site-packages/aist_handeye_calibration/log/latest_build/aist_utility/command.log
[27.267s] -- Up-to-date symlink: /home/ueshiba/ros2_ws/install/aist_handeye_calibration/lib/python3.10/site-packages/aist_handeye_calibration/log/latest_build/aist_utility/stderr.log
[27.267s] -- Up-to-date symlink: /home/ueshiba/ros2_ws/install/aist_handeye_calibration/lib/python3.10/site-packages/aist_handeye_calibration/log/latest_build/aist_utility/stdout.log
[27.267s] -- Up-to-date symlink: /home/ueshiba/ros2_ws/install/aist_handeye_calibration/lib/python3.10/site-packages/aist_handeye_calibration/log/latest_build/aist_utility/stdout_stderr.log
[27.267s] -- Up-to-date symlink: /home/ueshiba/ros2_ws/install/aist_handeye_calibration/lib/python3.10/site-packages/aist_handeye_calibration/log/latest_build/aist_utility/streams.log
[27.267s] -- Up-to-date symlink: /home/ueshiba/ros2_ws/install/aist_handeye_calibration/lib/python3.10/site-packages/aist_handeye_calibration/log/latest_build/aruco/command.log
[27.267s] -- Up-to-date symlink: /home/ueshiba/ros2_ws/install/aist_handeye_calibration/lib/python3.10/site-packages/aist_handeye_calibration/log/latest_build/aruco/stderr.log
[27.267s] -- Up-to-date symlink: /home/ueshiba/ros2_ws/install/aist_handeye_calibration/lib/python3.10/site-packages/aist_handeye_calibration/log/latest_build/aruco/stdout.log
[27.267s] -- Up-to-date symlink: /home/ueshiba/ros2_ws/install/aist_handeye_calibration/lib/python3.10/site-packages/aist_handeye_calibration/log/latest_build/aruco/stdout_stderr.log
[27.268s] -- Up-to-date symlink: /home/ueshiba/ros2_ws/install/aist_handeye_calibration/lib/python3.10/site-packages/aist_handeye_calibration/log/latest_build/aruco/streams.log
[27.268s] -- Up-to-date symlink: /home/ueshiba/ros2_ws/install/aist_handeye_calibration/lib/python3.10/site-packages/aist_handeye_calibration/log/latest_build/aruco_msgs/command.log
[27.268s] -- Up-to-date symlink: /home/ueshiba/ros2_ws/install/aist_handeye_calibration/lib/python3.10/site-packages/aist_handeye_calibration/log/latest_build/aruco_msgs/stderr.log
[27.268s] -- Up-to-date symlink: /home/ueshiba/ros2_ws/install/aist_handeye_calibration/lib/python3.10/site-packages/aist_handeye_calibration/log/latest_build/aruco_msgs/stdout.log
[27.268s] -- Up-to-date symlink: /home/ueshiba/ros2_ws/install/aist_handeye_calibration/lib/python3.10/site-packages/aist_handeye_calibration/log/latest_build/aruco_msgs/stdout_stderr.log
[27.268s] -- Up-to-date symlink: /home/ueshiba/ros2_ws/install/aist_handeye_calibration/lib/python3.10/site-packages/aist_handeye_calibration/log/latest_build/aruco_msgs/streams.log
[27.268s] -- Up-to-date symlink: /home/ueshiba/ros2_ws/install/aist_handeye_calibration/lib/python3.10/site-packages/aist_handeye_calibration/log/latest_build/aruco_ros/command.log
[27.268s] -- Up-to-date symlink: /home/ueshiba/ros2_ws/install/aist_handeye_calibration/lib/python3.10/site-packages/aist_handeye_calibration/log/latest_build/aruco_ros/stderr.log
[27.268s] -- Up-to-date symlink: /home/ueshiba/ros2_ws/install/aist_handeye_calibration/lib/python3.10/site-packages/aist_handeye_calibration/log/latest_build/aruco_ros/stdout.log
[27.268s] -- Up-to-date symlink: /home/ueshiba/ros2_ws/install/aist_handeye_calibration/lib/python3.10/site-packages/aist_handeye_calibration/log/latest_build/aruco_ros/stdout_stderr.log
[27.268s] -- Up-to-date symlink: /home/ueshiba/ros2_ws/install/aist_handeye_calibration/lib/python3.10/site-packages/aist_handeye_calibration/log/latest_build/aruco_ros/streams.log
[27.269s] -- Up-to-date symlink: /home/ueshiba/ros2_ws/install/aist_handeye_calibration/lib/python3.10/site-packages/aist_handeye_calibration/log/latest_build/cu_bridge/command.log
[27.269s] -- Up-to-date symlink: /home/ueshiba/ros2_ws/install/aist_handeye_calibration/lib/python3.10/site-packages/aist_handeye_calibration/log/latest_build/cu_bridge/stderr.log
[27.269s] -- Up-to-date symlink: /home/ueshiba/ros2_ws/install/aist_handeye_calibration/lib/python3.10/site-packages/aist_handeye_calibration/log/latest_build/cu_bridge/stdout.log
[27.269s] -- Up-to-date symlink: /home/ueshiba/ros2_ws/install/aist_handeye_calibration/lib/python3.10/site-packages/aist_handeye_calibration/log/latest_build/cu_bridge/stdout_stderr.log
[27.269s] -- Up-to-date symlink: /home/ueshiba/ros2_ws/install/aist_handeye_calibration/lib/python3.10/site-packages/aist_handeye_calibration/log/latest_build/cu_bridge/streams.log
[27.269s] -- Up-to-date symlink: /home/ueshiba/ros2_ws/install/aist_handeye_calibration/lib/python3.10/site-packages/aist_handeye_calibration/log/latest_build/ddynamic_reconfigure2/command.log
[27.269s] -- Up-to-date symlink: /home/ueshiba/ros2_ws/install/aist_handeye_calibration/lib/python3.10/site-packages/aist_handeye_calibration/log/latest_build/ddynamic_reconfigure2/stderr.log
[27.269s] -- Up-to-date symlink: /home/ueshiba/ros2_ws/install/aist_handeye_calibration/lib/python3.10/site-packages/aist_handeye_calibration/log/latest_build/ddynamic_reconfigure2/stdout.log
[27.269s] -- Up-to-date symlink: /home/ueshiba/ros2_ws/install/aist_handeye_calibration/lib/python3.10/site-packages/aist_handeye_calibration/log/latest_build/ddynamic_reconfigure2/stdout_stderr.log
[27.269s] -- Up-to-date symlink: /home/ueshiba/ros2_ws/install/aist_handeye_calibration/lib/python3.10/site-packages/aist_handeye_calibration/log/latest_build/ddynamic_reconfigure2/streams.log
[27.269s] -- Up-to-date symlink: /home/ueshiba/ros2_ws/install/aist_handeye_calibration/lib/python3.10/site-packages/aist_handeye_calibration/log/latest_build/events.log
[27.269s] -- Up-to-date symlink: /home/ueshiba/ros2_ws/install/aist_handeye_calibration/lib/python3.10/site-packages/aist_handeye_calibration/log/latest_build/logger_all.log
[27.269s] -- Up-to-date symlink: /home/ueshiba/ros2_ws/install/aist_handeye_calibration/lib/python3.10/site-packages/aist_handeye_calibration/log/latest_build/realsense2_camera/command.log
[27.270s] -- Up-to-date symlink: /home/ueshiba/ros2_ws/install/aist_handeye_calibration/lib/python3.10/site-packages/aist_handeye_calibration/log/latest_build/realsense2_camera/stderr.log
[27.270s] -- Up-to-date symlink: /home/ueshiba/ros2_ws/install/aist_handeye_calibration/lib/python3.10/site-packages/aist_handeye_calibration/log/latest_build/realsense2_camera/stdout.log
[27.270s] -- Up-to-date symlink: /home/ueshiba/ros2_ws/install/aist_handeye_calibration/lib/python3.10/site-packages/aist_handeye_calibration/log/latest_build/realsense2_camera/stdout_stderr.log
[27.270s] -- Up-to-date symlink: /home/ueshiba/ros2_ws/install/aist_handeye_calibration/lib/python3.10/site-packages/aist_handeye_calibration/log/latest_build/realsense2_camera/streams.log
[27.270s] -- Up-to-date symlink: /home/ueshiba/ros2_ws/install/aist_handeye_calibration/lib/python3.10/site-packages/aist_handeye_calibration/log/latest_build/realsense2_camera_msgs/command.log
[27.270s] -- Up-to-date symlink: /home/ueshiba/ros2_ws/install/aist_handeye_calibration/lib/python3.10/site-packages/aist_handeye_calibration/log/latest_build/realsense2_camera_msgs/stderr.log
[27.270s] -- Up-to-date symlink: /home/ueshiba/ros2_ws/install/aist_handeye_calibration/lib/python3.10/site-packages/aist_handeye_calibration/log/latest_build/realsense2_camera_msgs/stdout.log
[27.270s] -- Up-to-date symlink: /home/ueshiba/ros2_ws/install/aist_handeye_calibration/lib/python3.10/site-packages/aist_handeye_calibration/log/latest_build/realsense2_camera_msgs/stdout_stderr.log
[27.270s] -- Up-to-date symlink: /home/ueshiba/ros2_ws/install/aist_handeye_calibration/lib/python3.10/site-packages/aist_handeye_calibration/log/latest_build/realsense2_camera_msgs/streams.log
[27.270s] -- Up-to-date symlink: /home/ueshiba/ros2_ws/install/aist_handeye_calibration/lib/python3.10/site-packages/aist_handeye_calibration/log/latest_build/realsense2_description/command.log
[27.270s] -- Up-to-date symlink: /home/ueshiba/ros2_ws/install/aist_handeye_calibration/lib/python3.10/site-packages/aist_handeye_calibration/log/latest_build/realsense2_description/stderr.log
[27.270s] -- Up-to-date symlink: /home/ueshiba/ros2_ws/install/aist_handeye_calibration/lib/python3.10/site-packages/aist_handeye_calibration/log/latest_build/realsense2_description/stdout.log
[27.270s] -- Up-to-date symlink: /home/ueshiba/ros2_ws/install/aist_handeye_calibration/lib/python3.10/site-packages/aist_handeye_calibration/log/latest_build/realsense2_description/stdout_stderr.log
[27.270s] -- Up-to-date symlink: /home/ueshiba/ros2_ws/install/aist_handeye_calibration/lib/python3.10/site-packages/aist_handeye_calibration/log/latest_build/realsense2_description/streams.log
[27.270s] -- Up-to-date symlink: /home/ueshiba/ros2_ws/install/aist_handeye_calibration/lib/python3.10/site-packages/aist_handeye_calibration/log/latest_build/rqt_reconfigure/command.log
[27.271s] -- Up-to-date symlink: /home/ueshiba/ros2_ws/install/aist_handeye_calibration/lib/python3.10/site-packages/aist_handeye_calibration/log/latest_build/rqt_reconfigure/stderr.log
[27.271s] -- Up-to-date symlink: /home/ueshiba/ros2_ws/install/aist_handeye_calibration/lib/python3.10/site-packages/aist_handeye_calibration/log/latest_build/rqt_reconfigure/stdout.log
[27.271s] -- Up-to-date symlink: /home/ueshiba/ros2_ws/install/aist_handeye_calibration/lib/python3.10/site-packages/aist_handeye_calibration/log/latest_build/rqt_reconfigure/stdout_stderr.log
[27.271s] -- Up-to-date symlink: /home/ueshiba/ros2_ws/install/aist_handeye_calibration/lib/python3.10/site-packages/aist_handeye_calibration/log/latest_build/rqt_reconfigure/streams.log
[27.271s] -- Up-to-date symlink: /home/ueshiba/ros2_ws/install/aist_handeye_calibration/lib/aist_handeye_calibration/run_calibration.py
[27.271s] -- Up-to-date symlink: /home/ueshiba/ros2_ws/install/aist_handeye_calibration/lib/aist_handeye_calibration/check_calibration.py
[27.271s] -- Up-to-date symlink: /home/ueshiba/ros2_ws/install/aist_handeye_calibration/lib/aist_handeye_calibration/tool_calibration.py
[27.271s] -- Up-to-date symlink: /home/ueshiba/ros2_ws/install/aist_handeye_calibration/share/aist_handeye_calibration//launch/aist_handeye_calibration.launch
[27.271s] -- Up-to-date symlink: /home/ueshiba/ros2_ws/install/aist_handeye_calibration/share/aist_handeye_calibration//launch/aist_handeye_calibration.rviz
[27.272s] -- Up-to-date symlink: /home/ueshiba/ros2_ws/install/aist_handeye_calibration/share/aist_handeye_calibration//launch/check_calibration.launch
[27.272s] -- Up-to-date symlink: /home/ueshiba/ros2_ws/install/aist_handeye_calibration/share/aist_handeye_calibration//launch/handeye_calibration.launch
[27.272s] -- Up-to-date symlink: /home/ueshiba/ros2_ws/install/aist_handeye_calibration/share/aist_handeye_calibration//launch/include/handeye_calibrator.launch
[27.272s] -- Up-to-date symlink: /home/ueshiba/ros2_ws/install/aist_handeye_calibration/share/aist_handeye_calibration//launch/include/plane_detector.rviz
[27.272s] -- Up-to-date symlink: /home/ueshiba/ros2_ws/install/aist_handeye_calibration/share/aist_handeye_calibration//launch/plane_detector.launch
[27.272s] -- Up-to-date symlink: /home/ueshiba/ros2_ws/install/aist_handeye_calibration/share/aist_handeye_calibration//launch/publish_calibration.launch
[27.272s] -- Up-to-date symlink: /home/ueshiba/ros2_ws/install/aist_handeye_calibration/share/aist_handeye_calibration//launch/run_calibration.launch
[27.272s] -- Up-to-date symlink: /home/ueshiba/ros2_ws/install/aist_handeye_calibration/share/aist_handeye_calibration//launch/test_calibrator.launch
[27.272s] -- Up-to-date symlink: /home/ueshiba/ros2_ws/install/aist_handeye_calibration/share/aist_handeye_calibration//launch/tool_calibration.launch
[27.272s] -- Up-to-date symlink: /home/ueshiba/ros2_ws/install/aist_handeye_calibration/share/ament_index/resource_index/package_run_dependencies/aist_handeye_calibration
[27.272s] -- Up-to-date symlink: /home/ueshiba/ros2_ws/install/aist_handeye_calibration/share/ament_index/resource_index/parent_prefix_path/aist_handeye_calibration
[27.272s] -- Up-to-date symlink: /home/ueshiba/ros2_ws/install/aist_handeye_calibration/share/aist_handeye_calibration/environment/ament_prefix_path.sh
[27.272s] -- Up-to-date symlink: /home/ueshiba/ros2_ws/install/aist_handeye_calibration/share/aist_handeye_calibration/environment/ament_prefix_path.dsv
[27.272s] -- Up-to-date symlink: /home/ueshiba/ros2_ws/install/aist_handeye_calibration/share/aist_handeye_calibration/environment/path.sh
[27.272s] -- Up-to-date symlink: /home/ueshiba/ros2_ws/install/aist_handeye_calibration/share/aist_handeye_calibration/environment/path.dsv
[27.272s] -- Up-to-date symlink: /home/ueshiba/ros2_ws/install/aist_handeye_calibration/share/aist_handeye_calibration/local_setup.bash
[27.273s] -- Up-to-date symlink: /home/ueshiba/ros2_ws/install/aist_handeye_calibration/share/aist_handeye_calibration/local_setup.sh
[27.273s] -- Up-to-date symlink: /home/ueshiba/ros2_ws/install/aist_handeye_calibration/share/aist_handeye_calibration/local_setup.zsh
[27.273s] -- Up-to-date symlink: /home/ueshiba/ros2_ws/install/aist_handeye_calibration/share/aist_handeye_calibration/local_setup.dsv
[27.273s] -- Symlinking: /home/ueshiba/ros2_ws/install/aist_handeye_calibration/share/aist_handeye_calibration/package.dsv
[27.281s] -- Up-to-date symlink: /home/ueshiba/ros2_ws/install/aist_handeye_calibration/share/ament_index/resource_index/packages/aist_handeye_calibration
[27.281s] -- Up-to-date symlink: /home/ueshiba/ros2_ws/install/aist_handeye_calibration/share/ament_index/resource_index/rclcpp_components/aist_handeye_calibration
[27.281s] -- Up-to-date symlink: /home/ueshiba/ros2_ws/install/aist_handeye_calibration/share/aist_handeye_calibration/cmake/aist_handeye_calibrationConfig.cmake
[27.281s] -- Up-to-date symlink: /home/ueshiba/ros2_ws/install/aist_handeye_calibration/share/aist_handeye_calibration/cmake/aist_handeye_calibrationConfig-version.cmake
[27.281s] -- Up-to-date symlink: /home/ueshiba/ros2_ws/install/aist_handeye_calibration/share/aist_handeye_calibration/package.xml
[27.308s] Listing '/home/ueshiba/ros2_ws/install/aist_handeye_calibration/lib/python3.10/site-packages/aist_handeye_calibration'...
[27.308s] Listing '/home/ueshiba/ros2_ws/install/aist_handeye_calibration/lib/python3.10/site-packages/aist_handeye_calibration/log'...
[27.308s] Listing '/home/ueshiba/ros2_ws/install/aist_handeye_calibration/lib/python3.10/site-packages/aist_handeye_calibration/log/build_2024-06-21_11-17-50'...
[27.308s] Listing '/home/ueshiba/ros2_ws/install/aist_handeye_calibration/lib/python3.10/site-packages/aist_handeye_calibration/log/build_2024-06-21_11-17-50/aist_handeye_calibration'...
[27.308s] Listing '/home/ueshiba/ros2_ws/install/aist_handeye_calibration/lib/python3.10/site-packages/aist_handeye_calibration/log/build_2024-06-21_11-37-30'...
[27.308s] Listing '/home/ueshiba/ros2_ws/install/aist_handeye_calibration/lib/python3.10/site-packages/aist_handeye_calibration/log/build_2024-06-21_11-37-30/aist_aruco_msgs'...
[27.308s] Listing '/home/ueshiba/ros2_ws/install/aist_handeye_calibration/lib/python3.10/site-packages/aist_handeye_calibration/log/build_2024-06-21_11-37-30/aist_aruco_ros'...
[27.308s] Listing '/home/ueshiba/ros2_ws/install/aist_handeye_calibration/lib/python3.10/site-packages/aist_handeye_calibration/log/build_2024-06-21_11-37-30/aist_handeye_calibration'...
[27.308s] Listing '/home/ueshiba/ros2_ws/install/aist_handeye_calibration/lib/python3.10/site-packages/aist_handeye_calibration/log/build_2024-06-21_11-37-30/aist_handeye_calibration_msgs'...
[27.308s] Listing '/home/ueshiba/ros2_ws/install/aist_handeye_calibration/lib/python3.10/site-packages/aist_handeye_calibration/log/build_2024-06-21_11-37-30/aist_msgs'...
[27.308s] Listing '/home/ueshiba/ros2_ws/install/aist_handeye_calibration/lib/python3.10/site-packages/aist_handeye_calibration/log/build_2024-06-21_11-37-30/aist_phoxi_camera'...
[27.308s] Listing '/home/ueshiba/ros2_ws/install/aist_handeye_calibration/lib/python3.10/site-packages/aist_handeye_calibration/log/build_2024-06-21_11-37-30/aist_utility'...
[27.309s] Listing '/home/ueshiba/ros2_ws/install/aist_handeye_calibration/lib/python3.10/site-packages/aist_handeye_calibration/log/build_2024-06-21_11-37-30/aruco'...
[27.309s] Listing '/home/ueshiba/ros2_ws/install/aist_handeye_calibration/lib/python3.10/site-packages/aist_handeye_calibration/log/build_2024-06-21_11-37-30/aruco_msgs'...
[27.309s] Listing '/home/ueshiba/ros2_ws/install/aist_handeye_calibration/lib/python3.10/site-packages/aist_handeye_calibration/log/build_2024-06-21_11-37-30/aruco_ros'...
[27.309s] Listing '/home/ueshiba/ros2_ws/install/aist_handeye_calibration/lib/python3.10/site-packages/aist_handeye_calibration/log/build_2024-06-21_11-37-30/cu_bridge'...
[27.309s] Listing '/home/ueshiba/ros2_ws/install/aist_handeye_calibration/lib/python3.10/site-packages/aist_handeye_calibration/log/build_2024-06-21_11-37-30/ddynamic_reconfigure2'...
[27.309s] Listing '/home/ueshiba/ros2_ws/install/aist_handeye_calibration/lib/python3.10/site-packages/aist_handeye_calibration/log/build_2024-06-21_11-37-30/realsense2_camera'...
[27.309s] Listing '/home/ueshiba/ros2_ws/install/aist_handeye_calibration/lib/python3.10/site-packages/aist_handeye_calibration/log/build_2024-06-21_11-37-30/realsense2_camera_msgs'...
[27.309s] Listing '/home/ueshiba/ros2_ws/install/aist_handeye_calibration/lib/python3.10/site-packages/aist_handeye_calibration/log/build_2024-06-21_11-37-30/realsense2_description'...
[27.309s] Listing '/home/ueshiba/ros2_ws/install/aist_handeye_calibration/lib/python3.10/site-packages/aist_handeye_calibration/log/build_2024-06-21_11-37-30/rqt_reconfigure'...
[27.309s] Listing '/home/ueshiba/ros2_ws/install/aist_handeye_calibration/lib/python3.10/site-packages/aist_handeye_calibration/log/latest'...
[27.309s] Listing '/home/ueshiba/ros2_ws/install/aist_handeye_calibration/lib/python3.10/site-packages/aist_handeye_calibration/log/latest/aist_aruco_msgs'...
[27.309s] Listing '/home/ueshiba/ros2_ws/install/aist_handeye_calibration/lib/python3.10/site-packages/aist_handeye_calibration/log/latest/aist_aruco_ros'...
[27.309s] Listing '/home/ueshiba/ros2_ws/install/aist_handeye_calibration/lib/python3.10/site-packages/aist_handeye_calibration/log/latest/aist_handeye_calibration'...
[27.309s] Listing '/home/ueshiba/ros2_ws/install/aist_handeye_calibration/lib/python3.10/site-packages/aist_handeye_calibration/log/latest/aist_handeye_calibration_msgs'...
[27.309s] Listing '/home/ueshiba/ros2_ws/install/aist_handeye_calibration/lib/python3.10/site-packages/aist_handeye_calibration/log/latest/aist_msgs'...
[27.309s] Listing '/home/ueshiba/ros2_ws/install/aist_handeye_calibration/lib/python3.10/site-packages/aist_handeye_calibration/log/latest/aist_phoxi_camera'...
[27.309s] Listing '/home/ueshiba/ros2_ws/install/aist_handeye_calibration/lib/python3.10/site-packages/aist_handeye_calibration/log/latest/aist_utility'...
[27.309s] Listing '/home/ueshiba/ros2_ws/install/aist_handeye_calibration/lib/python3.10/site-packages/aist_handeye_calibration/log/latest/aruco'...
[27.309s] Listing '/home/ueshiba/ros2_ws/install/aist_handeye_calibration/lib/python3.10/site-packages/aist_handeye_calibration/log/latest/aruco_msgs'...
[27.309s] Listing '/home/ueshiba/ros2_ws/install/aist_handeye_calibration/lib/python3.10/site-packages/aist_handeye_calibration/log/latest/aruco_ros'...
[27.309s] Listing '/home/ueshiba/ros2_ws/install/aist_handeye_calibration/lib/python3.10/site-packages/aist_handeye_calibration/log/latest/cu_bridge'...
[27.309s] Listing '/home/ueshiba/ros2_ws/install/aist_handeye_calibration/lib/python3.10/site-packages/aist_handeye_calibration/log/latest/ddynamic_reconfigure2'...
[27.309s] Listing '/home/ueshiba/ros2_ws/install/aist_handeye_calibration/lib/python3.10/site-packages/aist_handeye_calibration/log/latest/realsense2_camera'...
[27.309s] Listing '/home/ueshiba/ros2_ws/install/aist_handeye_calibration/lib/python3.10/site-packages/aist_handeye_calibration/log/latest/realsense2_camera_msgs'...
[27.309s] Listing '/home/ueshiba/ros2_ws/install/aist_handeye_calibration/lib/python3.10/site-packages/aist_handeye_calibration/log/latest/realsense2_description'...
[27.309s] Listing '/home/ueshiba/ros2_ws/install/aist_handeye_calibration/lib/python3.10/site-packages/aist_handeye_calibration/log/latest/rqt_reconfigure'...
[27.309s] Listing '/home/ueshiba/ros2_ws/install/aist_handeye_calibration/lib/python3.10/site-packages/aist_handeye_calibration/log/latest_build'...
[27.309s] Listing '/home/ueshiba/ros2_ws/install/aist_handeye_calibration/lib/python3.10/site-packages/aist_handeye_calibration/log/latest_build/aist_aruco_msgs'...
[27.309s] Listing '/home/ueshiba/ros2_ws/install/aist_handeye_calibration/lib/python3.10/site-packages/aist_handeye_calibration/log/latest_build/aist_aruco_ros'...
[27.309s] Listing '/home/ueshiba/ros2_ws/install/aist_handeye_calibration/lib/python3.10/site-packages/aist_handeye_calibration/log/latest_build/aist_handeye_calibration'...
[27.309s] Listing '/home/ueshiba/ros2_ws/install/aist_handeye_calibration/lib/python3.10/site-packages/aist_handeye_calibration/log/latest_build/aist_handeye_calibration_msgs'...
[27.309s] Listing '/home/ueshiba/ros2_ws/install/aist_handeye_calibration/lib/python3.10/site-packages/aist_handeye_calibration/log/latest_build/aist_msgs'...
[27.309s] Listing '/home/ueshiba/ros2_ws/install/aist_handeye_calibration/lib/python3.10/site-packages/aist_handeye_calibration/log/latest_build/aist_phoxi_camera'...
[27.310s] Listing '/home/ueshiba/ros2_ws/install/aist_handeye_calibration/lib/python3.10/site-packages/aist_handeye_calibration/log/latest_build/aist_utility'...
[27.310s] Listing '/home/ueshiba/ros2_ws/install/aist_handeye_calibration/lib/python3.10/site-packages/aist_handeye_calibration/log/latest_build/aruco'...
[27.310s] Listing '/home/ueshiba/ros2_ws/install/aist_handeye_calibration/lib/python3.10/site-packages/aist_handeye_calibration/log/latest_build/aruco_msgs'...
[27.310s] Listing '/home/ueshiba/ros2_ws/install/aist_handeye_calibration/lib/python3.10/site-packages/aist_handeye_calibration/log/latest_build/aruco_ros'...
[27.310s] Listing '/home/ueshiba/ros2_ws/install/aist_handeye_calibration/lib/python3.10/site-packages/aist_handeye_calibration/log/latest_build/cu_bridge'...
[27.310s] Listing '/home/ueshiba/ros2_ws/install/aist_handeye_calibration/lib/python3.10/site-packages/aist_handeye_calibration/log/latest_build/ddynamic_reconfigure2'...
[27.310s] Listing '/home/ueshiba/ros2_ws/install/aist_handeye_calibration/lib/python3.10/site-packages/aist_handeye_calibration/log/latest_build/realsense2_camera'...
[27.310s] Listing '/home/ueshiba/ros2_ws/install/aist_handeye_calibration/lib/python3.10/site-packages/aist_handeye_calibration/log/latest_build/realsense2_camera_msgs'...
[27.310s] Listing '/home/ueshiba/ros2_ws/install/aist_handeye_calibration/lib/python3.10/site-packages/aist_handeye_calibration/log/latest_build/realsense2_description'...
[27.310s] Listing '/home/ueshiba/ros2_ws/install/aist_handeye_calibration/lib/python3.10/site-packages/aist_handeye_calibration/log/latest_build/rqt_reconfigure'...
[27.312s] -- Installing: /home/ueshiba/ros2_ws/install/aist_handeye_calibration/lib/libaist_handeye_calibration.so
[27.324s] Invoked command in '/home/ueshiba/ros2_ws/build/aist_handeye_calibration' returned '0': CMAKE_PREFIX_PATH=/home/ueshiba/ros2_ws/install/aist_utility:/home/ueshiba/ros2_ws/install/ddynamic_reconfigure2:/home/ueshiba/ros2_ws/install/aist_msgs:/home/ueshiba/ros2_ws/install/aist_handeye_calibration_msgs:/home/ueshiba/ros2_ws/install/ur_simulation_gz:/home/ueshiba/ros2_ws/install/realsense2_description:/home/ueshiba/ros2_ws/install/realsense2_camera:/home/ueshiba/ros2_ws/install/realsense2_camera_msgs:/home/ueshiba/ros2_ws/install/cu_bridge:/home/ueshiba/ros2_ws/install/aist_handeye_calibration:/home/ueshiba/ros2_ws/install/aist_aruco_ros:/home/ueshiba/ros2_ws/install/aist_phoxi_camera:/home/ueshiba/ros2_ws/install/aist_camera_multiplexer:/home/ueshiba/ros2_ws/install/aruco_ros:/home/ueshiba/ros2_ws/install/aruco_msgs:/home/ueshiba/ros2_ws/install/aruco:/home/ueshiba/ros2_ws/install/aist_description:/home/ueshiba/ros2_ws/install/aist_aruco_msgs:/home/ueshiba/ros2_ws/install/rqt_reconfigure:/opt/ros/rolling LD_LIBRARY_PATH=/home/ueshiba/ros2_ws/install/aist_utility/lib:/home/ueshiba/ros2_ws/install/aist_msgs/lib:/home/ueshiba/ros2_ws/install/aist_handeye_calibration_msgs/lib:/home/ueshiba/ros2_ws/install/realsense2_camera/lib:/home/ueshiba/ros2_ws/install/realsense2_camera_msgs/lib:/home/ueshiba/ros2_ws/install/cu_bridge/lib:/home/ueshiba/ros2_ws/install/aist_handeye_calibration/lib:/home/ueshiba/ros2_ws/install/aist_aruco_ros/lib:/home/ueshiba/ros2_ws/install/aist_phoxi_camera/lib:/home/ueshiba/ros2_ws/install/aist_camera_multiplexer/lib:/home/ueshiba/ros2_ws/install/ddynamic_reconfigure2/lib:/home/ueshiba/ros2_ws/install/aruco_ros/lib:/home/ueshiba/ros2_ws/install/aruco_msgs/lib:/home/ueshiba/ros2_ws/install/aruco/lib:/home/ueshiba/ros2_ws/install/aist_aruco_msgs/lib:/opt/ros/rolling/opt/rviz_ogre_vendor/lib:/opt/ros/rolling/lib/x86_64-linux-gnu:/opt/ros/rolling/lib:/usr/local/lib:/usr/lib64:/usr/local/cuda/lib64:/opt/Photoneo/PhoXiControl-1.13.1/API/lib PS1=\[\e]0;\u@\h: \w\a\]\h% PYTHONPATH=/home/ueshiba/ros2_ws/install/ddynamic_reconfigure2/lib/python3.10/site-packages:/home/ueshiba/ros2_ws/install/aist_msgs/lib/python3.10/site-packages:/home/ueshiba/ros2_ws/install/aist_handeye_calibration_msgs/lib/python3.10/site-packages:/home/ueshiba/ros2_ws/build/rqt_reconfigure/src:/home/ueshiba/ros2_ws/install/rqt_reconfigure/lib/python3.10/site-packages:/home/ueshiba/ros2_ws/install/realsense2_camera_msgs/lib/python3.10/site-packages:/home/ueshiba/ros2_ws/install/aist_handeye_calibration/lib/python3.10/site-packages:/home/ueshiba/ros2_ws/install/aist_camera_multiplexer/lib/python3.10/site-packages:/home/ueshiba/ros2_ws/install/aruco_msgs/lib/python3.10/site-packages:/home/ueshiba/ros2_ws/install/aist_aruco_msgs/lib/python3.10/site-packages:/opt/ros/rolling/lib/python3.10/site-packages /usr/bin/cmake --install /home/ueshiba/ros2_ws/build/aist_handeye_calibration
