[0.013s] Invoking command in '/home/ueshiba/ros2_ws/build/aist_camera_multiplexer': CMAKE_PREFIX_PATH=/home/ueshiba/ros2_ws/install/ddynamic_reconfigure2:/home/ueshiba/ros2_ws/install/ur_simulation_gz:/home/ueshiba/ros2_ws/install/realsense2_description:/home/ueshiba/ros2_ws/install/realsense2_camera:/home/ueshiba/ros2_ws/install/realsense2_camera_msgs:/home/ueshiba/ros2_ws/install/cu_bridge:/home/ueshiba/ros2_ws/install/aist_handeye_calibration:/home/ueshiba/ros2_ws/install/aist_aruco_ros:/home/ueshiba/ros2_ws/install/aist_utility:/home/ueshiba/ros2_ws/install/aist_phoxi_camera:/home/ueshiba/ros2_ws/install/aist_camera_multiplexer:/home/ueshiba/ros2_ws/install/aruco_ros:/home/ueshiba/ros2_ws/install/aruco_msgs:/home/ueshiba/ros2_ws/install/aruco:/home/ueshiba/ros2_ws/install/aist_msgs:/home/ueshiba/ros2_ws/install/aist_handeye_calibration_msgs:/home/ueshiba/ros2_ws/install/aist_description:/home/ueshiba/ros2_ws/install/aist_aruco_msgs:/home/ueshiba/ros2_ws/install/rqt_reconfigure:/opt/ros/rolling PS1=\[\e]0;\u@\h: \w\a\]\h% PYTHONPATH=/home/ueshiba/ros2_ws/install/ddynamic_reconfigure2/lib/python3.10/site-packages:/home/ueshiba/ros2_ws/build/rqt_reconfigure/src:/home/ueshiba/ros2_ws/install/rqt_reconfigure/lib/python3.10/site-packages:/home/ueshiba/ros2_ws/install/realsense2_camera_msgs/lib/python3.10/site-packages:/home/ueshiba/ros2_ws/install/aist_handeye_calibration/lib/python3.10/site-packages:/home/ueshiba/ros2_ws/install/aist_camera_multiplexer/lib/python3.10/site-packages:/home/ueshiba/ros2_ws/install/aruco_msgs/lib/python3.10/site-packages:/home/ueshiba/ros2_ws/install/aist_msgs/lib/python3.10/site-packages:/home/ueshiba/ros2_ws/install/aist_handeye_calibration_msgs/lib/python3.10/site-packages:/home/ueshiba/ros2_ws/install/aist_aruco_msgs/lib/python3.10/site-packages:/opt/ros/rolling/lib/python3.10/site-packages /usr/bin/cmake --build /home/ueshiba/ros2_ws/build/aist_camera_multiplexer -- -j24 -l24
[0.069s] [ 25%] [32mBuilding CXX object CMakeFiles/aist_camera_multiplexer.dir/src/Multiplexer.cpp.o[0m
[0.072s] [ 50%] [32mBuilding CXX object CMakeFiles/aist_camera_multiplexer_node.dir/rclcpp_components/node_main_aist_camera_multiplexer_node.cpp.o[0m
[0.072s] [ 50%] Built target ament_cmake_python_symlink_aist_camera_multiplexer
[0.355s] running egg_info
[0.356s] writing aist_camera_multiplexer.egg-info/PKG-INFO
[0.356s] writing dependency_links to aist_camera_multiplexer.egg-info/dependency_links.txt
[0.356s] writing top-level names to aist_camera_multiplexer.egg-info/top_level.txt
[0.360s] reading manifest file 'aist_camera_multiplexer.egg-info/SOURCES.txt'
[0.364s] writing manifest file 'aist_camera_multiplexer.egg-info/SOURCES.txt'
[0.404s] [ 50%] Built target ament_cmake_python_build_aist_camera_multiplexer_egg
[4.120s] [ 75%] [32m[1mLinking CXX executable aist_camera_multiplexer_node[0m
[4.216s] [ 75%] Built target aist_camera_multiplexer_node
[10.761s] [100%] [32m[1mLinking CXX shared library libaist_camera_multiplexer.so[0m
[11.185s] [100%] Built target aist_camera_multiplexer
[11.195s] Invoked command in '/home/ueshiba/ros2_ws/build/aist_camera_multiplexer' returned '0': CMAKE_PREFIX_PATH=/home/ueshiba/ros2_ws/install/ddynamic_reconfigure2:/home/ueshiba/ros2_ws/install/ur_simulation_gz:/home/ueshiba/ros2_ws/install/realsense2_description:/home/ueshiba/ros2_ws/install/realsense2_camera:/home/ueshiba/ros2_ws/install/realsense2_camera_msgs:/home/ueshiba/ros2_ws/install/cu_bridge:/home/ueshiba/ros2_ws/install/aist_handeye_calibration:/home/ueshiba/ros2_ws/install/aist_aruco_ros:/home/ueshiba/ros2_ws/install/aist_utility:/home/ueshiba/ros2_ws/install/aist_phoxi_camera:/home/ueshiba/ros2_ws/install/aist_camera_multiplexer:/home/ueshiba/ros2_ws/install/aruco_ros:/home/ueshiba/ros2_ws/install/aruco_msgs:/home/ueshiba/ros2_ws/install/aruco:/home/ueshiba/ros2_ws/install/aist_msgs:/home/ueshiba/ros2_ws/install/aist_handeye_calibration_msgs:/home/ueshiba/ros2_ws/install/aist_description:/home/ueshiba/ros2_ws/install/aist_aruco_msgs:/home/ueshiba/ros2_ws/install/rqt_reconfigure:/opt/ros/rolling PS1=\[\e]0;\u@\h: \w\a\]\h% PYTHONPATH=/home/ueshiba/ros2_ws/install/ddynamic_reconfigure2/lib/python3.10/site-packages:/home/ueshiba/ros2_ws/build/rqt_reconfigure/src:/home/ueshiba/ros2_ws/install/rqt_reconfigure/lib/python3.10/site-packages:/home/ueshiba/ros2_ws/install/realsense2_camera_msgs/lib/python3.10/site-packages:/home/ueshiba/ros2_ws/install/aist_handeye_calibration/lib/python3.10/site-packages:/home/ueshiba/ros2_ws/install/aist_camera_multiplexer/lib/python3.10/site-packages:/home/ueshiba/ros2_ws/install/aruco_msgs/lib/python3.10/site-packages:/home/ueshiba/ros2_ws/install/aist_msgs/lib/python3.10/site-packages:/home/ueshiba/ros2_ws/install/aist_handeye_calibration_msgs/lib/python3.10/site-packages:/home/ueshiba/ros2_ws/install/aist_aruco_msgs/lib/python3.10/site-packages:/opt/ros/rolling/lib/python3.10/site-packages /usr/bin/cmake --build /home/ueshiba/ros2_ws/build/aist_camera_multiplexer -- -j24 -l24
[11.229s] Invoking command in '/home/ueshiba/ros2_ws/build/aist_camera_multiplexer': CMAKE_PREFIX_PATH=/home/ueshiba/ros2_ws/install/ddynamic_reconfigure2:/home/ueshiba/ros2_ws/install/ur_simulation_gz:/home/ueshiba/ros2_ws/install/realsense2_description:/home/ueshiba/ros2_ws/install/realsense2_camera:/home/ueshiba/ros2_ws/install/realsense2_camera_msgs:/home/ueshiba/ros2_ws/install/cu_bridge:/home/ueshiba/ros2_ws/install/aist_handeye_calibration:/home/ueshiba/ros2_ws/install/aist_aruco_ros:/home/ueshiba/ros2_ws/install/aist_utility:/home/ueshiba/ros2_ws/install/aist_phoxi_camera:/home/ueshiba/ros2_ws/install/aist_camera_multiplexer:/home/ueshiba/ros2_ws/install/aruco_ros:/home/ueshiba/ros2_ws/install/aruco_msgs:/home/ueshiba/ros2_ws/install/aruco:/home/ueshiba/ros2_ws/install/aist_msgs:/home/ueshiba/ros2_ws/install/aist_handeye_calibration_msgs:/home/ueshiba/ros2_ws/install/aist_description:/home/ueshiba/ros2_ws/install/aist_aruco_msgs:/home/ueshiba/ros2_ws/install/rqt_reconfigure:/opt/ros/rolling PS1=\[\e]0;\u@\h: \w\a\]\h% PYTHONPATH=/home/ueshiba/ros2_ws/install/ddynamic_reconfigure2/lib/python3.10/site-packages:/home/ueshiba/ros2_ws/build/rqt_reconfigure/src:/home/ueshiba/ros2_ws/install/rqt_reconfigure/lib/python3.10/site-packages:/home/ueshiba/ros2_ws/install/realsense2_camera_msgs/lib/python3.10/site-packages:/home/ueshiba/ros2_ws/install/aist_handeye_calibration/lib/python3.10/site-packages:/home/ueshiba/ros2_ws/install/aist_camera_multiplexer/lib/python3.10/site-packages:/home/ueshiba/ros2_ws/install/aruco_msgs/lib/python3.10/site-packages:/home/ueshiba/ros2_ws/install/aist_msgs/lib/python3.10/site-packages:/home/ueshiba/ros2_ws/install/aist_handeye_calibration_msgs/lib/python3.10/site-packages:/home/ueshiba/ros2_ws/install/aist_aruco_msgs/lib/python3.10/site-packages:/opt/ros/rolling/lib/python3.10/site-packages /usr/bin/cmake --install /home/ueshiba/ros2_ws/build/aist_camera_multiplexer
[11.234s] -- Install configuration: ""
[11.235s] -- Execute custom install script
[11.235s] -- Up-to-date symlink: /home/ueshiba/ros2_ws/install/aist_camera_multiplexer/lib/aist_camera_multiplexer/aist_camera_multiplexer_node
[11.235s] -- Up-to-date symlink: /home/ueshiba/ros2_ws/install/aist_camera_multiplexer/lib/libaist_camera_multiplexer.so
[11.236s] -- Up-to-date symlink: /home/ueshiba/ros2_ws/install/aist_camera_multiplexer/share/aist_camera_multiplexer//launch/realsense.launch
[11.236s] -- Up-to-date symlink: /home/ueshiba/ros2_ws/install/aist_camera_multiplexer/share/aist_camera_multiplexer//launch/test.rviz
[11.236s] -- Up-to-date symlink: /home/ueshiba/ros2_ws/install/aist_camera_multiplexer/share/aist_camera_multiplexer/environment/pythonpath.sh
[11.236s] -- Up-to-date symlink: /home/ueshiba/ros2_ws/install/aist_camera_multiplexer/share/aist_camera_multiplexer/environment/pythonpath.dsv
[11.236s] -- Up-to-date symlink: /home/ueshiba/ros2_ws/install/aist_camera_multiplexer/lib/python3.10/site-packages/aist_camera_multiplexer-1.0.0-py3.10.egg-info/PKG-INFO
[11.236s] -- Up-to-date symlink: /home/ueshiba/ros2_ws/install/aist_camera_multiplexer/lib/python3.10/site-packages/aist_camera_multiplexer-1.0.0-py3.10.egg-info/SOURCES.txt
[11.237s] -- Up-to-date symlink: /home/ueshiba/ros2_ws/install/aist_camera_multiplexer/lib/python3.10/site-packages/aist_camera_multiplexer-1.0.0-py3.10.egg-info/dependency_links.txt
[11.237s] -- Up-to-date symlink: /home/ueshiba/ros2_ws/install/aist_camera_multiplexer/lib/python3.10/site-packages/aist_camera_multiplexer-1.0.0-py3.10.egg-info/top_level.txt
[11.237s] -- Up-to-date symlink: /home/ueshiba/ros2_ws/install/aist_camera_multiplexer/lib/python3.10/site-packages/aist_camera_multiplexer/__init__.py
[11.237s] -- Up-to-date symlink: /home/ueshiba/ros2_ws/install/aist_camera_multiplexer/lib/aist_camera_multiplexer/drealsense.py
[11.237s] -- Up-to-date symlink: /home/ueshiba/ros2_ws/install/aist_camera_multiplexer/lib/aist_camera_multiplexer/select_camera.py
[11.237s] -- Up-to-date symlink: /home/ueshiba/ros2_ws/install/aist_camera_multiplexer/lib/aist_camera_multiplexer/select_realsense_camera.py
[11.237s] -- Up-to-date symlink: /home/ueshiba/ros2_ws/install/aist_camera_multiplexer/share/aist_camera_multiplexer/environment/library_path.sh
[11.238s] -- Up-to-date symlink: /home/ueshiba/ros2_ws/install/aist_camera_multiplexer/share/aist_camera_multiplexer/environment/library_path.dsv
[11.238s] -- Up-to-date symlink: /home/ueshiba/ros2_ws/install/aist_camera_multiplexer/share/ament_index/resource_index/package_run_dependencies/aist_camera_multiplexer
[11.238s] -- Up-to-date symlink: /home/ueshiba/ros2_ws/install/aist_camera_multiplexer/share/ament_index/resource_index/parent_prefix_path/aist_camera_multiplexer
[11.238s] -- Up-to-date symlink: /home/ueshiba/ros2_ws/install/aist_camera_multiplexer/share/aist_camera_multiplexer/environment/ament_prefix_path.sh
[11.238s] -- Up-to-date symlink: /home/ueshiba/ros2_ws/install/aist_camera_multiplexer/share/aist_camera_multiplexer/environment/ament_prefix_path.dsv
[11.238s] -- Up-to-date symlink: /home/ueshiba/ros2_ws/install/aist_camera_multiplexer/share/aist_camera_multiplexer/environment/path.sh
[11.239s] -- Up-to-date symlink: /home/ueshiba/ros2_ws/install/aist_camera_multiplexer/share/aist_camera_multiplexer/environment/path.dsv
[11.239s] -- Up-to-date symlink: /home/ueshiba/ros2_ws/install/aist_camera_multiplexer/share/aist_camera_multiplexer/local_setup.bash
[11.239s] -- Up-to-date symlink: /home/ueshiba/ros2_ws/install/aist_camera_multiplexer/share/aist_camera_multiplexer/local_setup.sh
[11.239s] -- Up-to-date symlink: /home/ueshiba/ros2_ws/install/aist_camera_multiplexer/share/aist_camera_multiplexer/local_setup.zsh
[11.239s] -- Up-to-date symlink: /home/ueshiba/ros2_ws/install/aist_camera_multiplexer/share/aist_camera_multiplexer/local_setup.dsv
[11.239s] -- Symlinking: /home/ueshiba/ros2_ws/install/aist_camera_multiplexer/share/aist_camera_multiplexer/package.dsv
[11.246s] -- Up-to-date symlink: /home/ueshiba/ros2_ws/install/aist_camera_multiplexer/share/ament_index/resource_index/packages/aist_camera_multiplexer
[11.247s] -- Up-to-date symlink: /home/ueshiba/ros2_ws/install/aist_camera_multiplexer/share/ament_index/resource_index/rclcpp_components/aist_camera_multiplexer
[11.247s] -- Up-to-date symlink: /home/ueshiba/ros2_ws/install/aist_camera_multiplexer/share/aist_camera_multiplexer/cmake/ament_cmake_export_libraries-extras.cmake
[11.247s] -- Up-to-date symlink: /home/ueshiba/ros2_ws/install/aist_camera_multiplexer/share/aist_camera_multiplexer/cmake/aist_camera_multiplexerConfig.cmake
[11.247s] -- Up-to-date symlink: /home/ueshiba/ros2_ws/install/aist_camera_multiplexer/share/aist_camera_multiplexer/cmake/aist_camera_multiplexerConfig-version.cmake
[11.247s] -- Up-to-date symlink: /home/ueshiba/ros2_ws/install/aist_camera_multiplexer/share/aist_camera_multiplexer/package.xml
[11.268s] Listing '/home/ueshiba/ros2_ws/install/aist_camera_multiplexer/lib/python3.10/site-packages/aist_camera_multiplexer'...
[11.272s] Invoked command in '/home/ueshiba/ros2_ws/build/aist_camera_multiplexer' returned '0': CMAKE_PREFIX_PATH=/home/ueshiba/ros2_ws/install/ddynamic_reconfigure2:/home/ueshiba/ros2_ws/install/ur_simulation_gz:/home/ueshiba/ros2_ws/install/realsense2_description:/home/ueshiba/ros2_ws/install/realsense2_camera:/home/ueshiba/ros2_ws/install/realsense2_camera_msgs:/home/ueshiba/ros2_ws/install/cu_bridge:/home/ueshiba/ros2_ws/install/aist_handeye_calibration:/home/ueshiba/ros2_ws/install/aist_aruco_ros:/home/ueshiba/ros2_ws/install/aist_utility:/home/ueshiba/ros2_ws/install/aist_phoxi_camera:/home/ueshiba/ros2_ws/install/aist_camera_multiplexer:/home/ueshiba/ros2_ws/install/aruco_ros:/home/ueshiba/ros2_ws/install/aruco_msgs:/home/ueshiba/ros2_ws/install/aruco:/home/ueshiba/ros2_ws/install/aist_msgs:/home/ueshiba/ros2_ws/install/aist_handeye_calibration_msgs:/home/ueshiba/ros2_ws/install/aist_description:/home/ueshiba/ros2_ws/install/aist_aruco_msgs:/home/ueshiba/ros2_ws/install/rqt_reconfigure:/opt/ros/rolling PS1=\[\e]0;\u@\h: \w\a\]\h% PYTHONPATH=/home/ueshiba/ros2_ws/install/ddynamic_reconfigure2/lib/python3.10/site-packages:/home/ueshiba/ros2_ws/build/rqt_reconfigure/src:/home/ueshiba/ros2_ws/install/rqt_reconfigure/lib/python3.10/site-packages:/home/ueshiba/ros2_ws/install/realsense2_camera_msgs/lib/python3.10/site-packages:/home/ueshiba/ros2_ws/install/aist_handeye_calibration/lib/python3.10/site-packages:/home/ueshiba/ros2_ws/install/aist_camera_multiplexer/lib/python3.10/site-packages:/home/ueshiba/ros2_ws/install/aruco_msgs/lib/python3.10/site-packages:/home/ueshiba/ros2_ws/install/aist_msgs/lib/python3.10/site-packages:/home/ueshiba/ros2_ws/install/aist_handeye_calibration_msgs/lib/python3.10/site-packages:/home/ueshiba/ros2_ws/install/aist_aruco_msgs/lib/python3.10/site-packages:/opt/ros/rolling/lib/python3.10/site-packages /usr/bin/cmake --install /home/ueshiba/ros2_ws/build/aist_camera_multiplexer
