[0.043s] Invoking command in '/home/ueshiba/ros2_ws/build/aist_visualization': PS1=\[\e]0;\u@\h: \w\a\]\h% /usr/bin/cmake /home/ueshiba/noetic/catkin_ws/src/artros/aist_visualization -DCATKIN_INSTALL_INTO_PREFIX_ROOT=0 -DCMAKE_INSTALL_PREFIX=/home/ueshiba/ros2_ws/install
[0.236s] -- The C compiler identification is GNU 11.4.0
[0.236s] -- The CXX compiler identification is GNU 11.4.0
[0.237s] -- Detecting C compiler ABI info
[0.237s] -- Detecting C compiler ABI info - done
[0.237s] -- Check for working C compiler: /usr/bin/cc - skipped
[0.237s] -- Detecting C compile features
[0.237s] -- Detecting C compile features - done
[0.237s] -- Detecting CXX compiler ABI info
[0.237s] [0mCMake Deprecation Warning at CMakeLists.txt:1 (cmake_minimum_required):
[0.237s]   Compatibility with CMake < 2.8.12 will be removed from a future version of
[0.237s]   CMake.
[0.238s] 
[0.238s]   Update the VERSION argument <min> value or use a ...<max> suffix to tell
[0.238s]   CMake that the project does not need compatibility with older versions.
[0.238s] 
[0.238s] [0m
[0.247s] -- Detecting CXX compiler ABI info - done
[0.252s] -- Check for working CXX compiler: /usr/bin/c++ - skipped
[0.252s] -- Detecting CXX compile features
[0.253s] -- Detecting CXX compile features - done
[0.259s] [31mCMake Error at CMakeLists.txt:7 (find_package):
[0.259s]   By not providing "Findcatkin.cmake" in CMAKE_MODULE_PATH this project has
[0.259s]   asked CMake to find a package configuration file provided by "catkin", but
[0.259s]   CMake did not find one.
[0.259s] 
[0.259s]   Could not find a package configuration file provided by "catkin" with any
[0.259s]   of the following names:
[0.259s] 
[0.259s]     catkinConfig.cmake
[0.259s]     catkin-config.cmake
[0.259s] 
[0.259s]   Add the installation prefix of "catkin" to CMAKE_PREFIX_PATH or set
[0.259s]   "catkin_DIR" to a directory containing one of the above files.  If "catkin"
[0.259s]   provides a separate development package or SDK, be sure it has been
[0.259s]   installed.
[0.259s] 
[0.259s] [0m
[0.259s] -- Configuring incomplete, errors occurred!
[0.259s] See also "/home/ueshiba/ros2_ws/build/aist_visualization/CMakeFiles/CMakeOutput.log".
