[0.021s] Invoking command in '/home/ueshiba/ros2_ws/build/aist_aruco_ros': CMAKE_PREFIX_PATH=/home/ueshiba/ros2_ws/install/aist_utility:/home/ueshiba/ros2_ws/install/ddynamic_reconfigure2:/home/ueshiba/ros2_ws/install/aruco:/home/ueshiba/ros2_ws/install/aist_msgs:/home/ueshiba/ros2_ws/install/aist_aruco_msgs:/home/ueshiba/ros2_ws/install/ur_simulation_gz:/home/ueshiba/ros2_ws/install/realsense2_description:/home/ueshiba/ros2_ws/install/realsense2_camera:/home/ueshiba/ros2_ws/install/realsense2_camera_msgs:/home/ueshiba/ros2_ws/install/cu_bridge:/home/ueshiba/ros2_ws/install/aist_handeye_calibration:/home/ueshiba/ros2_ws/install/aist_aruco_ros:/home/ueshiba/ros2_ws/install/aist_phoxi_camera:/home/ueshiba/ros2_ws/install/aist_camera_multiplexer:/home/ueshiba/ros2_ws/install/aruco_ros:/home/ueshiba/ros2_ws/install/aruco_msgs:/home/ueshiba/ros2_ws/install/aist_handeye_calibration_msgs:/home/ueshiba/ros2_ws/install/aist_description:/home/ueshiba/ros2_ws/install/rqt_reconfigure:/opt/ros/rolling LD_LIBRARY_PATH=/home/ueshiba/ros2_ws/install/aist_utility/lib:/home/ueshiba/ros2_ws/install/aruco/lib:/home/ueshiba/ros2_ws/install/aist_msgs/lib:/home/ueshiba/ros2_ws/install/aist_aruco_msgs/lib:/home/ueshiba/ros2_ws/install/realsense2_camera/lib:/home/ueshiba/ros2_ws/install/realsense2_camera_msgs/lib:/home/ueshiba/ros2_ws/install/cu_bridge/lib:/home/ueshiba/ros2_ws/install/aist_handeye_calibration/lib:/home/ueshiba/ros2_ws/install/aist_aruco_ros/lib:/home/ueshiba/ros2_ws/install/aist_phoxi_camera/lib:/home/ueshiba/ros2_ws/install/aist_camera_multiplexer/lib:/home/ueshiba/ros2_ws/install/ddynamic_reconfigure2/lib:/home/ueshiba/ros2_ws/install/aruco_ros/lib:/home/ueshiba/ros2_ws/install/aruco_msgs/lib:/home/ueshiba/ros2_ws/install/aist_handeye_calibration_msgs/lib:/opt/ros/rolling/opt/rviz_ogre_vendor/lib:/opt/ros/rolling/lib/x86_64-linux-gnu:/opt/ros/rolling/lib:/usr/local/lib:/usr/lib64:/usr/local/cuda/lib64:/opt/Photoneo/PhoXiControl-1.13.1/API/lib PS1=\[\e]0;\u@\h: \w\a\]\h% PYTHONPATH=/home/ueshiba/ros2_ws/install/ddynamic_reconfigure2/lib/python3.10/site-packages:/home/ueshiba/ros2_ws/install/aist_msgs/lib/python3.10/site-packages:/home/ueshiba/ros2_ws/install/aist_aruco_msgs/lib/python3.10/site-packages:/home/ueshiba/ros2_ws/build/rqt_reconfigure/src:/home/ueshiba/ros2_ws/install/rqt_reconfigure/lib/python3.10/site-packages:/home/ueshiba/ros2_ws/install/realsense2_camera_msgs/lib/python3.10/site-packages:/home/ueshiba/ros2_ws/install/aist_handeye_calibration/lib/python3.10/site-packages:/home/ueshiba/ros2_ws/install/aist_camera_multiplexer/lib/python3.10/site-packages:/home/ueshiba/ros2_ws/install/aruco_msgs/lib/python3.10/site-packages:/home/ueshiba/ros2_ws/install/aist_handeye_calibration_msgs/lib/python3.10/site-packages:/opt/ros/rolling/lib/python3.10/site-packages /usr/bin/cmake --build /home/ueshiba/ros2_ws/build/aist_aruco_ros -- -j24 -l24
[0.075s] [ 33%] [32mBuilding CXX object CMakeFiles/aist_aruco_ros.dir/src/Detector3D.cpp.o[0m
[0.076s] [ 66%] [32mBuilding CXX object CMakeFiles/aist_aruco_ros.dir/src/MultiDetector.cpp.o[0m
[18.652s] [100%] [32m[1mLinking CXX shared library libaist_aruco_ros.so[0m
[21.325s] [100%] Built target aist_aruco_ros
[21.336s] Invoked command in '/home/ueshiba/ros2_ws/build/aist_aruco_ros' returned '0': CMAKE_PREFIX_PATH=/home/ueshiba/ros2_ws/install/aist_utility:/home/ueshiba/ros2_ws/install/ddynamic_reconfigure2:/home/ueshiba/ros2_ws/install/aruco:/home/ueshiba/ros2_ws/install/aist_msgs:/home/ueshiba/ros2_ws/install/aist_aruco_msgs:/home/ueshiba/ros2_ws/install/ur_simulation_gz:/home/ueshiba/ros2_ws/install/realsense2_description:/home/ueshiba/ros2_ws/install/realsense2_camera:/home/ueshiba/ros2_ws/install/realsense2_camera_msgs:/home/ueshiba/ros2_ws/install/cu_bridge:/home/ueshiba/ros2_ws/install/aist_handeye_calibration:/home/ueshiba/ros2_ws/install/aist_aruco_ros:/home/ueshiba/ros2_ws/install/aist_phoxi_camera:/home/ueshiba/ros2_ws/install/aist_camera_multiplexer:/home/ueshiba/ros2_ws/install/aruco_ros:/home/ueshiba/ros2_ws/install/aruco_msgs:/home/ueshiba/ros2_ws/install/aist_handeye_calibration_msgs:/home/ueshiba/ros2_ws/install/aist_description:/home/ueshiba/ros2_ws/install/rqt_reconfigure:/opt/ros/rolling LD_LIBRARY_PATH=/home/ueshiba/ros2_ws/install/aist_utility/lib:/home/ueshiba/ros2_ws/install/aruco/lib:/home/ueshiba/ros2_ws/install/aist_msgs/lib:/home/ueshiba/ros2_ws/install/aist_aruco_msgs/lib:/home/ueshiba/ros2_ws/install/realsense2_camera/lib:/home/ueshiba/ros2_ws/install/realsense2_camera_msgs/lib:/home/ueshiba/ros2_ws/install/cu_bridge/lib:/home/ueshiba/ros2_ws/install/aist_handeye_calibration/lib:/home/ueshiba/ros2_ws/install/aist_aruco_ros/lib:/home/ueshiba/ros2_ws/install/aist_phoxi_camera/lib:/home/ueshiba/ros2_ws/install/aist_camera_multiplexer/lib:/home/ueshiba/ros2_ws/install/ddynamic_reconfigure2/lib:/home/ueshiba/ros2_ws/install/aruco_ros/lib:/home/ueshiba/ros2_ws/install/aruco_msgs/lib:/home/ueshiba/ros2_ws/install/aist_handeye_calibration_msgs/lib:/opt/ros/rolling/opt/rviz_ogre_vendor/lib:/opt/ros/rolling/lib/x86_64-linux-gnu:/opt/ros/rolling/lib:/usr/local/lib:/usr/lib64:/usr/local/cuda/lib64:/opt/Photoneo/PhoXiControl-1.13.1/API/lib PS1=\[\e]0;\u@\h: \w\a\]\h% PYTHONPATH=/home/ueshiba/ros2_ws/install/ddynamic_reconfigure2/lib/python3.10/site-packages:/home/ueshiba/ros2_ws/install/aist_msgs/lib/python3.10/site-packages:/home/ueshiba/ros2_ws/install/aist_aruco_msgs/lib/python3.10/site-packages:/home/ueshiba/ros2_ws/build/rqt_reconfigure/src:/home/ueshiba/ros2_ws/install/rqt_reconfigure/lib/python3.10/site-packages:/home/ueshiba/ros2_ws/install/realsense2_camera_msgs/lib/python3.10/site-packages:/home/ueshiba/ros2_ws/install/aist_handeye_calibration/lib/python3.10/site-packages:/home/ueshiba/ros2_ws/install/aist_camera_multiplexer/lib/python3.10/site-packages:/home/ueshiba/ros2_ws/install/aruco_msgs/lib/python3.10/site-packages:/home/ueshiba/ros2_ws/install/aist_handeye_calibration_msgs/lib/python3.10/site-packages:/opt/ros/rolling/lib/python3.10/site-packages /usr/bin/cmake --build /home/ueshiba/ros2_ws/build/aist_aruco_ros -- -j24 -l24
[21.363s] Invoking command in '/home/ueshiba/ros2_ws/build/aist_aruco_ros': CMAKE_PREFIX_PATH=/home/ueshiba/ros2_ws/install/aist_utility:/home/ueshiba/ros2_ws/install/ddynamic_reconfigure2:/home/ueshiba/ros2_ws/install/aruco:/home/ueshiba/ros2_ws/install/aist_msgs:/home/ueshiba/ros2_ws/install/aist_aruco_msgs:/home/ueshiba/ros2_ws/install/ur_simulation_gz:/home/ueshiba/ros2_ws/install/realsense2_description:/home/ueshiba/ros2_ws/install/realsense2_camera:/home/ueshiba/ros2_ws/install/realsense2_camera_msgs:/home/ueshiba/ros2_ws/install/cu_bridge:/home/ueshiba/ros2_ws/install/aist_handeye_calibration:/home/ueshiba/ros2_ws/install/aist_aruco_ros:/home/ueshiba/ros2_ws/install/aist_phoxi_camera:/home/ueshiba/ros2_ws/install/aist_camera_multiplexer:/home/ueshiba/ros2_ws/install/aruco_ros:/home/ueshiba/ros2_ws/install/aruco_msgs:/home/ueshiba/ros2_ws/install/aist_handeye_calibration_msgs:/home/ueshiba/ros2_ws/install/aist_description:/home/ueshiba/ros2_ws/install/rqt_reconfigure:/opt/ros/rolling LD_LIBRARY_PATH=/home/ueshiba/ros2_ws/install/aist_utility/lib:/home/ueshiba/ros2_ws/install/aruco/lib:/home/ueshiba/ros2_ws/install/aist_msgs/lib:/home/ueshiba/ros2_ws/install/aist_aruco_msgs/lib:/home/ueshiba/ros2_ws/install/realsense2_camera/lib:/home/ueshiba/ros2_ws/install/realsense2_camera_msgs/lib:/home/ueshiba/ros2_ws/install/cu_bridge/lib:/home/ueshiba/ros2_ws/install/aist_handeye_calibration/lib:/home/ueshiba/ros2_ws/install/aist_aruco_ros/lib:/home/ueshiba/ros2_ws/install/aist_phoxi_camera/lib:/home/ueshiba/ros2_ws/install/aist_camera_multiplexer/lib:/home/ueshiba/ros2_ws/install/ddynamic_reconfigure2/lib:/home/ueshiba/ros2_ws/install/aruco_ros/lib:/home/ueshiba/ros2_ws/install/aruco_msgs/lib:/home/ueshiba/ros2_ws/install/aist_handeye_calibration_msgs/lib:/opt/ros/rolling/opt/rviz_ogre_vendor/lib:/opt/ros/rolling/lib/x86_64-linux-gnu:/opt/ros/rolling/lib:/usr/local/lib:/usr/lib64:/usr/local/cuda/lib64:/opt/Photoneo/PhoXiControl-1.13.1/API/lib PS1=\[\e]0;\u@\h: \w\a\]\h% PYTHONPATH=/home/ueshiba/ros2_ws/install/ddynamic_reconfigure2/lib/python3.10/site-packages:/home/ueshiba/ros2_ws/install/aist_msgs/lib/python3.10/site-packages:/home/ueshiba/ros2_ws/install/aist_aruco_msgs/lib/python3.10/site-packages:/home/ueshiba/ros2_ws/build/rqt_reconfigure/src:/home/ueshiba/ros2_ws/install/rqt_reconfigure/lib/python3.10/site-packages:/home/ueshiba/ros2_ws/install/realsense2_camera_msgs/lib/python3.10/site-packages:/home/ueshiba/ros2_ws/install/aist_handeye_calibration/lib/python3.10/site-packages:/home/ueshiba/ros2_ws/install/aist_camera_multiplexer/lib/python3.10/site-packages:/home/ueshiba/ros2_ws/install/aruco_msgs/lib/python3.10/site-packages:/home/ueshiba/ros2_ws/install/aist_handeye_calibration_msgs/lib/python3.10/site-packages:/opt/ros/rolling/lib/python3.10/site-packages /usr/bin/cmake --install /home/ueshiba/ros2_ws/build/aist_aruco_ros
[21.370s] -- Install configuration: ""
[21.370s] -- Execute custom install script
[21.379s] [33mCMake Warning (dev) at ament_cmake_symlink_install/ament_cmake_symlink_install.cmake:62 (file):
[21.379s]   Policy CMP0009 is not set: FILE GLOB_RECURSE calls should not follow
[21.379s]   symlinks by default.  Run "cmake --help-policy CMP0009" for policy details.
[21.379s]   Use the cmake_policy command to set the policy and suppress this warning.
[21.379s] Call Stack (most recent call first):
[21.379s]   ament_cmake_symlink_install/ament_cmake_symlink_install.cmake:314 (ament_cmake_symlink_install_directory)
[21.379s]   cmake_install.cmake:46 (include)
[21.379s] This warning is for project developers.  Use -Wno-dev to suppress it.
[21.379s] [0m
[21.381s] -- Up-to-date symlink: /home/ueshiba/ros2_ws/install/aist_aruco_ros/share/aist_aruco_ros//launch/detector_3d.launch.py
[21.381s] -- Up-to-date symlink: /home/ueshiba/ros2_ws/install/aist_aruco_ros/share/aist_aruco_ros//launch/log/COLCON_IGNORE
[21.381s] -- Up-to-date symlink: /home/ueshiba/ros2_ws/install/aist_aruco_ros/share/aist_aruco_ros//launch/log/build_2024-06-15_09-26-29/aist_aruco_msgs/command.log
[21.382s] -- Up-to-date symlink: /home/ueshiba/ros2_ws/install/aist_aruco_ros/share/aist_aruco_ros//launch/log/build_2024-06-15_09-26-29/aist_aruco_msgs/stderr.log
[21.382s] -- Up-to-date symlink: /home/ueshiba/ros2_ws/install/aist_aruco_ros/share/aist_aruco_ros//launch/log/build_2024-06-15_09-26-29/aist_aruco_msgs/stdout.log
[21.382s] -- Up-to-date symlink: /home/ueshiba/ros2_ws/install/aist_aruco_ros/share/aist_aruco_ros//launch/log/build_2024-06-15_09-26-29/aist_aruco_msgs/stdout_stderr.log
[21.382s] -- Up-to-date symlink: /home/ueshiba/ros2_ws/install/aist_aruco_ros/share/aist_aruco_ros//launch/log/build_2024-06-15_09-26-29/aist_aruco_msgs/streams.log
[21.382s] -- Up-to-date symlink: /home/ueshiba/ros2_ws/install/aist_aruco_ros/share/aist_aruco_ros//launch/log/build_2024-06-15_09-26-29/aist_aruco_ros/command.log
[21.382s] -- Up-to-date symlink: /home/ueshiba/ros2_ws/install/aist_aruco_ros/share/aist_aruco_ros//launch/log/build_2024-06-15_09-26-29/aist_aruco_ros/stderr.log
[21.382s] -- Up-to-date symlink: /home/ueshiba/ros2_ws/install/aist_aruco_ros/share/aist_aruco_ros//launch/log/build_2024-06-15_09-26-29/aist_aruco_ros/stdout.log
[21.382s] -- Up-to-date symlink: /home/ueshiba/ros2_ws/install/aist_aruco_ros/share/aist_aruco_ros//launch/log/build_2024-06-15_09-26-29/aist_aruco_ros/stdout_stderr.log
[21.382s] -- Up-to-date symlink: /home/ueshiba/ros2_ws/install/aist_aruco_ros/share/aist_aruco_ros//launch/log/build_2024-06-15_09-26-29/aist_aruco_ros/streams.log
[21.383s] -- Up-to-date symlink: /home/ueshiba/ros2_ws/install/aist_aruco_ros/share/aist_aruco_ros//launch/log/build_2024-06-15_09-26-29/aist_msgs/command.log
[21.383s] -- Up-to-date symlink: /home/ueshiba/ros2_ws/install/aist_aruco_ros/share/aist_aruco_ros//launch/log/build_2024-06-15_09-26-29/aist_msgs/stderr.log
[21.383s] -- Up-to-date symlink: /home/ueshiba/ros2_ws/install/aist_aruco_ros/share/aist_aruco_ros//launch/log/build_2024-06-15_09-26-29/aist_msgs/stdout.log
[21.383s] -- Up-to-date symlink: /home/ueshiba/ros2_ws/install/aist_aruco_ros/share/aist_aruco_ros//launch/log/build_2024-06-15_09-26-29/aist_msgs/stdout_stderr.log
[21.383s] -- Up-to-date symlink: /home/ueshiba/ros2_ws/install/aist_aruco_ros/share/aist_aruco_ros//launch/log/build_2024-06-15_09-26-29/aist_msgs/streams.log
[21.383s] -- Up-to-date symlink: /home/ueshiba/ros2_ws/install/aist_aruco_ros/share/aist_aruco_ros//launch/log/build_2024-06-15_09-26-29/aist_phoxi_camera/command.log
[21.384s] -- Up-to-date symlink: /home/ueshiba/ros2_ws/install/aist_aruco_ros/share/aist_aruco_ros//launch/log/build_2024-06-15_09-26-29/aist_phoxi_camera/stderr.log
[21.384s] -- Up-to-date symlink: /home/ueshiba/ros2_ws/install/aist_aruco_ros/share/aist_aruco_ros//launch/log/build_2024-06-15_09-26-29/aist_phoxi_camera/stdout.log
[21.384s] -- Up-to-date symlink: /home/ueshiba/ros2_ws/install/aist_aruco_ros/share/aist_aruco_ros//launch/log/build_2024-06-15_09-26-29/aist_phoxi_camera/stdout_stderr.log
[21.384s] -- Up-to-date symlink: /home/ueshiba/ros2_ws/install/aist_aruco_ros/share/aist_aruco_ros//launch/log/build_2024-06-15_09-26-29/aist_phoxi_camera/streams.log
[21.384s] -- Up-to-date symlink: /home/ueshiba/ros2_ws/install/aist_aruco_ros/share/aist_aruco_ros//launch/log/build_2024-06-15_09-26-29/aist_utility/command.log
[21.384s] -- Up-to-date symlink: /home/ueshiba/ros2_ws/install/aist_aruco_ros/share/aist_aruco_ros//launch/log/build_2024-06-15_09-26-29/aist_utility/stderr.log
[21.385s] -- Up-to-date symlink: /home/ueshiba/ros2_ws/install/aist_aruco_ros/share/aist_aruco_ros//launch/log/build_2024-06-15_09-26-29/aist_utility/stdout.log
[21.385s] -- Up-to-date symlink: /home/ueshiba/ros2_ws/install/aist_aruco_ros/share/aist_aruco_ros//launch/log/build_2024-06-15_09-26-29/aist_utility/stdout_stderr.log
[21.385s] -- Up-to-date symlink: /home/ueshiba/ros2_ws/install/aist_aruco_ros/share/aist_aruco_ros//launch/log/build_2024-06-15_09-26-29/aist_utility/streams.log
[21.385s] -- Up-to-date symlink: /home/ueshiba/ros2_ws/install/aist_aruco_ros/share/aist_aruco_ros//launch/log/build_2024-06-15_09-26-29/cu_bridge/command.log
[21.385s] -- Up-to-date symlink: /home/ueshiba/ros2_ws/install/aist_aruco_ros/share/aist_aruco_ros//launch/log/build_2024-06-15_09-26-29/cu_bridge/stderr.log
[21.385s] -- Up-to-date symlink: /home/ueshiba/ros2_ws/install/aist_aruco_ros/share/aist_aruco_ros//launch/log/build_2024-06-15_09-26-29/cu_bridge/stdout.log
[21.385s] -- Up-to-date symlink: /home/ueshiba/ros2_ws/install/aist_aruco_ros/share/aist_aruco_ros//launch/log/build_2024-06-15_09-26-29/cu_bridge/stdout_stderr.log
[21.386s] -- Up-to-date symlink: /home/ueshiba/ros2_ws/install/aist_aruco_ros/share/aist_aruco_ros//launch/log/build_2024-06-15_09-26-29/cu_bridge/streams.log
[21.386s] -- Up-to-date symlink: /home/ueshiba/ros2_ws/install/aist_aruco_ros/share/aist_aruco_ros//launch/log/build_2024-06-15_09-26-29/ddynamic_reconfigure2/command.log
[21.386s] -- Up-to-date symlink: /home/ueshiba/ros2_ws/install/aist_aruco_ros/share/aist_aruco_ros//launch/log/build_2024-06-15_09-26-29/ddynamic_reconfigure2/stderr.log
[21.386s] -- Up-to-date symlink: /home/ueshiba/ros2_ws/install/aist_aruco_ros/share/aist_aruco_ros//launch/log/build_2024-06-15_09-26-29/ddynamic_reconfigure2/stdout.log
[21.386s] -- Up-to-date symlink: /home/ueshiba/ros2_ws/install/aist_aruco_ros/share/aist_aruco_ros//launch/log/build_2024-06-15_09-26-29/ddynamic_reconfigure2/stdout_stderr.log
[21.386s] -- Up-to-date symlink: /home/ueshiba/ros2_ws/install/aist_aruco_ros/share/aist_aruco_ros//launch/log/build_2024-06-15_09-26-29/ddynamic_reconfigure2/streams.log
[21.387s] -- Up-to-date symlink: /home/ueshiba/ros2_ws/install/aist_aruco_ros/share/aist_aruco_ros//launch/log/build_2024-06-15_09-26-29/events.log
[21.387s] -- Up-to-date symlink: /home/ueshiba/ros2_ws/install/aist_aruco_ros/share/aist_aruco_ros//launch/log/build_2024-06-15_09-26-29/logger_all.log
[21.387s] -- Up-to-date symlink: /home/ueshiba/ros2_ws/install/aist_aruco_ros/share/aist_aruco_ros//launch/log/build_2024-06-15_09-26-29/realsense2_camera/command.log
[21.387s] -- Up-to-date symlink: /home/ueshiba/ros2_ws/install/aist_aruco_ros/share/aist_aruco_ros//launch/log/build_2024-06-15_09-26-29/realsense2_camera/stderr.log
[21.387s] -- Up-to-date symlink: /home/ueshiba/ros2_ws/install/aist_aruco_ros/share/aist_aruco_ros//launch/log/build_2024-06-15_09-26-29/realsense2_camera/stdout.log
[21.387s] -- Up-to-date symlink: /home/ueshiba/ros2_ws/install/aist_aruco_ros/share/aist_aruco_ros//launch/log/build_2024-06-15_09-26-29/realsense2_camera/stdout_stderr.log
[21.387s] -- Up-to-date symlink: /home/ueshiba/ros2_ws/install/aist_aruco_ros/share/aist_aruco_ros//launch/log/build_2024-06-15_09-26-29/realsense2_camera/streams.log
[21.388s] -- Up-to-date symlink: /home/ueshiba/ros2_ws/install/aist_aruco_ros/share/aist_aruco_ros//launch/log/build_2024-06-15_09-26-29/realsense2_camera_msgs/command.log
[21.388s] -- Up-to-date symlink: /home/ueshiba/ros2_ws/install/aist_aruco_ros/share/aist_aruco_ros//launch/log/build_2024-06-15_09-26-29/realsense2_camera_msgs/stderr.log
[21.388s] -- Up-to-date symlink: /home/ueshiba/ros2_ws/install/aist_aruco_ros/share/aist_aruco_ros//launch/log/build_2024-06-15_09-26-29/realsense2_camera_msgs/stdout.log
[21.388s] -- Up-to-date symlink: /home/ueshiba/ros2_ws/install/aist_aruco_ros/share/aist_aruco_ros//launch/log/build_2024-06-15_09-26-29/realsense2_camera_msgs/stdout_stderr.log
[21.388s] -- Up-to-date symlink: /home/ueshiba/ros2_ws/install/aist_aruco_ros/share/aist_aruco_ros//launch/log/build_2024-06-15_09-26-29/realsense2_camera_msgs/streams.log
[21.388s] -- Up-to-date symlink: /home/ueshiba/ros2_ws/install/aist_aruco_ros/share/aist_aruco_ros//launch/log/build_2024-06-15_09-26-29/realsense2_description/command.log
[21.389s] -- Up-to-date symlink: /home/ueshiba/ros2_ws/install/aist_aruco_ros/share/aist_aruco_ros//launch/log/build_2024-06-15_09-26-29/realsense2_description/stderr.log
[21.389s] -- Up-to-date symlink: /home/ueshiba/ros2_ws/install/aist_aruco_ros/share/aist_aruco_ros//launch/log/build_2024-06-15_09-26-29/realsense2_description/stdout.log
[21.389s] -- Up-to-date symlink: /home/ueshiba/ros2_ws/install/aist_aruco_ros/share/aist_aruco_ros//launch/log/build_2024-06-15_09-26-29/realsense2_description/stdout_stderr.log
[21.389s] -- Up-to-date symlink: /home/ueshiba/ros2_ws/install/aist_aruco_ros/share/aist_aruco_ros//launch/log/build_2024-06-15_09-26-29/realsense2_description/streams.log
[21.389s] -- Up-to-date symlink: /home/ueshiba/ros2_ws/install/aist_aruco_ros/share/aist_aruco_ros//launch/log/build_2024-06-15_09-26-29/rqt_reconfigure/command.log
[21.389s] -- Up-to-date symlink: /home/ueshiba/ros2_ws/install/aist_aruco_ros/share/aist_aruco_ros//launch/log/build_2024-06-15_09-26-29/rqt_reconfigure/stderr.log
[21.389s] -- Up-to-date symlink: /home/ueshiba/ros2_ws/install/aist_aruco_ros/share/aist_aruco_ros//launch/log/build_2024-06-15_09-26-29/rqt_reconfigure/stdout.log
[21.390s] -- Up-to-date symlink: /home/ueshiba/ros2_ws/install/aist_aruco_ros/share/aist_aruco_ros//launch/log/build_2024-06-15_09-26-29/rqt_reconfigure/stdout_stderr.log
[21.390s] -- Up-to-date symlink: /home/ueshiba/ros2_ws/install/aist_aruco_ros/share/aist_aruco_ros//launch/log/build_2024-06-15_09-26-29/rqt_reconfigure/streams.log
[21.390s] -- Up-to-date symlink: /home/ueshiba/ros2_ws/install/aist_aruco_ros/share/aist_aruco_ros//launch/log/build_2024-06-15_09-26-29/rviz2/command.log
[21.390s] -- Up-to-date symlink: /home/ueshiba/ros2_ws/install/aist_aruco_ros/share/aist_aruco_ros//launch/log/build_2024-06-15_09-26-29/rviz2/stderr.log
[21.390s] -- Up-to-date symlink: /home/ueshiba/ros2_ws/install/aist_aruco_ros/share/aist_aruco_ros//launch/log/build_2024-06-15_09-26-29/rviz2/stdout.log
[21.390s] -- Up-to-date symlink: /home/ueshiba/ros2_ws/install/aist_aruco_ros/share/aist_aruco_ros//launch/log/build_2024-06-15_09-26-29/rviz2/stdout_stderr.log
[21.391s] -- Up-to-date symlink: /home/ueshiba/ros2_ws/install/aist_aruco_ros/share/aist_aruco_ros//launch/log/build_2024-06-15_09-26-29/rviz2/streams.log
[21.391s] -- Up-to-date symlink: /home/ueshiba/ros2_ws/install/aist_aruco_ros/share/aist_aruco_ros//launch/log/build_2024-06-15_09-26-29/rviz_assimp_vendor/command.log
[21.391s] -- Up-to-date symlink: /home/ueshiba/ros2_ws/install/aist_aruco_ros/share/aist_aruco_ros//launch/log/build_2024-06-15_09-26-29/rviz_assimp_vendor/stderr.log
[21.391s] -- Up-to-date symlink: /home/ueshiba/ros2_ws/install/aist_aruco_ros/share/aist_aruco_ros//launch/log/build_2024-06-15_09-26-29/rviz_assimp_vendor/stdout.log
[21.391s] -- Up-to-date symlink: /home/ueshiba/ros2_ws/install/aist_aruco_ros/share/aist_aruco_ros//launch/log/build_2024-06-15_09-26-29/rviz_assimp_vendor/stdout_stderr.log
[21.391s] -- Up-to-date symlink: /home/ueshiba/ros2_ws/install/aist_aruco_ros/share/aist_aruco_ros//launch/log/build_2024-06-15_09-26-29/rviz_assimp_vendor/streams.log
[21.392s] -- Up-to-date symlink: /home/ueshiba/ros2_ws/install/aist_aruco_ros/share/aist_aruco_ros//launch/log/build_2024-06-15_09-26-29/rviz_common/command.log
[21.392s] -- Up-to-date symlink: /home/ueshiba/ros2_ws/install/aist_aruco_ros/share/aist_aruco_ros//launch/log/build_2024-06-15_09-26-29/rviz_common/stderr.log
[21.392s] -- Up-to-date symlink: /home/ueshiba/ros2_ws/install/aist_aruco_ros/share/aist_aruco_ros//launch/log/build_2024-06-15_09-26-29/rviz_common/stdout.log
[21.392s] -- Up-to-date symlink: /home/ueshiba/ros2_ws/install/aist_aruco_ros/share/aist_aruco_ros//launch/log/build_2024-06-15_09-26-29/rviz_common/stdout_stderr.log
[21.392s] -- Up-to-date symlink: /home/ueshiba/ros2_ws/install/aist_aruco_ros/share/aist_aruco_ros//launch/log/build_2024-06-15_09-26-29/rviz_common/streams.log
[21.392s] -- Up-to-date symlink: /home/ueshiba/ros2_ws/install/aist_aruco_ros/share/aist_aruco_ros//launch/log/build_2024-06-15_09-26-29/rviz_default_plugins/command.log
[21.392s] -- Up-to-date symlink: /home/ueshiba/ros2_ws/install/aist_aruco_ros/share/aist_aruco_ros//launch/log/build_2024-06-15_09-26-29/rviz_default_plugins/stderr.log
[21.393s] -- Up-to-date symlink: /home/ueshiba/ros2_ws/install/aist_aruco_ros/share/aist_aruco_ros//launch/log/build_2024-06-15_09-26-29/rviz_default_plugins/stdout.log
[21.393s] -- Up-to-date symlink: /home/ueshiba/ros2_ws/install/aist_aruco_ros/share/aist_aruco_ros//launch/log/build_2024-06-15_09-26-29/rviz_default_plugins/stdout_stderr.log
[21.393s] -- Up-to-date symlink: /home/ueshiba/ros2_ws/install/aist_aruco_ros/share/aist_aruco_ros//launch/log/build_2024-06-15_09-26-29/rviz_default_plugins/streams.log
[21.393s] -- Up-to-date symlink: /home/ueshiba/ros2_ws/install/aist_aruco_ros/share/aist_aruco_ros//launch/log/build_2024-06-15_09-26-29/rviz_ogre_vendor/command.log
[21.393s] -- Up-to-date symlink: /home/ueshiba/ros2_ws/install/aist_aruco_ros/share/aist_aruco_ros//launch/log/build_2024-06-15_09-26-29/rviz_ogre_vendor/stderr.log
[21.393s] -- Up-to-date symlink: /home/ueshiba/ros2_ws/install/aist_aruco_ros/share/aist_aruco_ros//launch/log/build_2024-06-15_09-26-29/rviz_ogre_vendor/stdout.log
[21.393s] -- Up-to-date symlink: /home/ueshiba/ros2_ws/install/aist_aruco_ros/share/aist_aruco_ros//launch/log/build_2024-06-15_09-26-29/rviz_ogre_vendor/stdout_stderr.log
[21.394s] -- Up-to-date symlink: /home/ueshiba/ros2_ws/install/aist_aruco_ros/share/aist_aruco_ros//launch/log/build_2024-06-15_09-26-29/rviz_ogre_vendor/streams.log
[21.394s] -- Up-to-date symlink: /home/ueshiba/ros2_ws/install/aist_aruco_ros/share/aist_aruco_ros//launch/log/build_2024-06-15_09-26-29/rviz_rendering/command.log
[21.394s] -- Up-to-date symlink: /home/ueshiba/ros2_ws/install/aist_aruco_ros/share/aist_aruco_ros//launch/log/build_2024-06-15_09-26-29/rviz_rendering/stderr.log
[21.394s] -- Up-to-date symlink: /home/ueshiba/ros2_ws/install/aist_aruco_ros/share/aist_aruco_ros//launch/log/build_2024-06-15_09-26-29/rviz_rendering/stdout.log
[21.394s] -- Up-to-date symlink: /home/ueshiba/ros2_ws/install/aist_aruco_ros/share/aist_aruco_ros//launch/log/build_2024-06-15_09-26-29/rviz_rendering/stdout_stderr.log
[21.394s] -- Up-to-date symlink: /home/ueshiba/ros2_ws/install/aist_aruco_ros/share/aist_aruco_ros//launch/log/build_2024-06-15_09-26-29/rviz_rendering/streams.log
[21.395s] -- Up-to-date symlink: /home/ueshiba/ros2_ws/install/aist_aruco_ros/share/aist_aruco_ros//launch/log/build_2024-06-15_09-26-29/rviz_rendering_tests/command.log
[21.395s] -- Up-to-date symlink: /home/ueshiba/ros2_ws/install/aist_aruco_ros/share/aist_aruco_ros//launch/log/build_2024-06-15_09-26-29/rviz_rendering_tests/stderr.log
[21.395s] -- Up-to-date symlink: /home/ueshiba/ros2_ws/install/aist_aruco_ros/share/aist_aruco_ros//launch/log/build_2024-06-15_09-26-29/rviz_rendering_tests/stdout.log
[21.395s] -- Up-to-date symlink: /home/ueshiba/ros2_ws/install/aist_aruco_ros/share/aist_aruco_ros//launch/log/build_2024-06-15_09-26-29/rviz_rendering_tests/stdout_stderr.log
[21.395s] -- Up-to-date symlink: /home/ueshiba/ros2_ws/install/aist_aruco_ros/share/aist_aruco_ros//launch/log/build_2024-06-15_09-26-29/rviz_rendering_tests/streams.log
[21.395s] -- Up-to-date symlink: /home/ueshiba/ros2_ws/install/aist_aruco_ros/share/aist_aruco_ros//launch/log/build_2024-06-15_09-26-29/rviz_visual_testing_framework/command.log
[21.396s] -- Up-to-date symlink: /home/ueshiba/ros2_ws/install/aist_aruco_ros/share/aist_aruco_ros//launch/log/build_2024-06-15_09-26-29/rviz_visual_testing_framework/stderr.log
[21.396s] -- Up-to-date symlink: /home/ueshiba/ros2_ws/install/aist_aruco_ros/share/aist_aruco_ros//launch/log/build_2024-06-15_09-26-29/rviz_visual_testing_framework/stdout.log
[21.396s] -- Up-to-date symlink: /home/ueshiba/ros2_ws/install/aist_aruco_ros/share/aist_aruco_ros//launch/log/build_2024-06-15_09-26-29/rviz_visual_testing_framework/stdout_stderr.log
[21.396s] -- Up-to-date symlink: /home/ueshiba/ros2_ws/install/aist_aruco_ros/share/aist_aruco_ros//launch/log/build_2024-06-15_09-26-29/rviz_visual_testing_framework/streams.log
[21.396s] -- Up-to-date symlink: /home/ueshiba/ros2_ws/install/aist_aruco_ros/share/aist_aruco_ros//launch/log/build_2024-06-15_09-27-44/aist_aruco_msgs/command.log
[21.396s] -- Up-to-date symlink: /home/ueshiba/ros2_ws/install/aist_aruco_ros/share/aist_aruco_ros//launch/log/build_2024-06-15_09-27-44/aist_aruco_msgs/stderr.log
[21.396s] -- Up-to-date symlink: /home/ueshiba/ros2_ws/install/aist_aruco_ros/share/aist_aruco_ros//launch/log/build_2024-06-15_09-27-44/aist_aruco_msgs/stdout.log
[21.397s] -- Up-to-date symlink: /home/ueshiba/ros2_ws/install/aist_aruco_ros/share/aist_aruco_ros//launch/log/build_2024-06-15_09-27-44/aist_aruco_msgs/stdout_stderr.log
[21.397s] -- Up-to-date symlink: /home/ueshiba/ros2_ws/install/aist_aruco_ros/share/aist_aruco_ros//launch/log/build_2024-06-15_09-27-44/aist_aruco_msgs/streams.log
[21.397s] -- Up-to-date symlink: /home/ueshiba/ros2_ws/install/aist_aruco_ros/share/aist_aruco_ros//launch/log/build_2024-06-15_09-27-44/aist_aruco_ros/command.log
[21.397s] -- Up-to-date symlink: /home/ueshiba/ros2_ws/install/aist_aruco_ros/share/aist_aruco_ros//launch/log/build_2024-06-15_09-27-44/aist_aruco_ros/stderr.log
[21.397s] -- Up-to-date symlink: /home/ueshiba/ros2_ws/install/aist_aruco_ros/share/aist_aruco_ros//launch/log/build_2024-06-15_09-27-44/aist_aruco_ros/stdout.log
[21.397s] -- Up-to-date symlink: /home/ueshiba/ros2_ws/install/aist_aruco_ros/share/aist_aruco_ros//launch/log/build_2024-06-15_09-27-44/aist_aruco_ros/stdout_stderr.log
[21.397s] -- Up-to-date symlink: /home/ueshiba/ros2_ws/install/aist_aruco_ros/share/aist_aruco_ros//launch/log/build_2024-06-15_09-27-44/aist_aruco_ros/streams.log
[21.398s] -- Up-to-date symlink: /home/ueshiba/ros2_ws/install/aist_aruco_ros/share/aist_aruco_ros//launch/log/build_2024-06-15_09-27-44/aist_msgs/command.log
[21.398s] -- Up-to-date symlink: /home/ueshiba/ros2_ws/install/aist_aruco_ros/share/aist_aruco_ros//launch/log/build_2024-06-15_09-27-44/aist_msgs/stderr.log
[21.398s] -- Up-to-date symlink: /home/ueshiba/ros2_ws/install/aist_aruco_ros/share/aist_aruco_ros//launch/log/build_2024-06-15_09-27-44/aist_msgs/stdout.log
[21.398s] -- Up-to-date symlink: /home/ueshiba/ros2_ws/install/aist_aruco_ros/share/aist_aruco_ros//launch/log/build_2024-06-15_09-27-44/aist_msgs/stdout_stderr.log
[21.398s] -- Up-to-date symlink: /home/ueshiba/ros2_ws/install/aist_aruco_ros/share/aist_aruco_ros//launch/log/build_2024-06-15_09-27-44/aist_msgs/streams.log
[21.398s] -- Up-to-date symlink: /home/ueshiba/ros2_ws/install/aist_aruco_ros/share/aist_aruco_ros//launch/log/build_2024-06-15_09-27-44/aist_phoxi_camera/command.log
[21.399s] -- Up-to-date symlink: /home/ueshiba/ros2_ws/install/aist_aruco_ros/share/aist_aruco_ros//launch/log/build_2024-06-15_09-27-44/aist_phoxi_camera/stderr.log
[21.399s] -- Up-to-date symlink: /home/ueshiba/ros2_ws/install/aist_aruco_ros/share/aist_aruco_ros//launch/log/build_2024-06-15_09-27-44/aist_phoxi_camera/stdout.log
[21.399s] -- Up-to-date symlink: /home/ueshiba/ros2_ws/install/aist_aruco_ros/share/aist_aruco_ros//launch/log/build_2024-06-15_09-27-44/aist_phoxi_camera/stdout_stderr.log
[21.399s] -- Up-to-date symlink: /home/ueshiba/ros2_ws/install/aist_aruco_ros/share/aist_aruco_ros//launch/log/build_2024-06-15_09-27-44/aist_phoxi_camera/streams.log
[21.399s] -- Up-to-date symlink: /home/ueshiba/ros2_ws/install/aist_aruco_ros/share/aist_aruco_ros//launch/log/build_2024-06-15_09-27-44/aist_utility/command.log
[21.399s] -- Up-to-date symlink: /home/ueshiba/ros2_ws/install/aist_aruco_ros/share/aist_aruco_ros//launch/log/build_2024-06-15_09-27-44/aist_utility/stderr.log
[21.400s] -- Up-to-date symlink: /home/ueshiba/ros2_ws/install/aist_aruco_ros/share/aist_aruco_ros//launch/log/build_2024-06-15_09-27-44/aist_utility/stdout.log
[21.400s] -- Up-to-date symlink: /home/ueshiba/ros2_ws/install/aist_aruco_ros/share/aist_aruco_ros//launch/log/build_2024-06-15_09-27-44/aist_utility/stdout_stderr.log
[21.400s] -- Up-to-date symlink: /home/ueshiba/ros2_ws/install/aist_aruco_ros/share/aist_aruco_ros//launch/log/build_2024-06-15_09-27-44/aist_utility/streams.log
[21.400s] -- Up-to-date symlink: /home/ueshiba/ros2_ws/install/aist_aruco_ros/share/aist_aruco_ros//launch/log/build_2024-06-15_09-27-44/cu_bridge/command.log
[21.400s] -- Up-to-date symlink: /home/ueshiba/ros2_ws/install/aist_aruco_ros/share/aist_aruco_ros//launch/log/build_2024-06-15_09-27-44/cu_bridge/stderr.log
[21.400s] -- Up-to-date symlink: /home/ueshiba/ros2_ws/install/aist_aruco_ros/share/aist_aruco_ros//launch/log/build_2024-06-15_09-27-44/cu_bridge/stdout.log
[21.400s] -- Up-to-date symlink: /home/ueshiba/ros2_ws/install/aist_aruco_ros/share/aist_aruco_ros//launch/log/build_2024-06-15_09-27-44/cu_bridge/stdout_stderr.log
[21.401s] -- Up-to-date symlink: /home/ueshiba/ros2_ws/install/aist_aruco_ros/share/aist_aruco_ros//launch/log/build_2024-06-15_09-27-44/cu_bridge/streams.log
[21.401s] -- Up-to-date symlink: /home/ueshiba/ros2_ws/install/aist_aruco_ros/share/aist_aruco_ros//launch/log/build_2024-06-15_09-27-44/ddynamic_reconfigure2/command.log
[21.401s] -- Up-to-date symlink: /home/ueshiba/ros2_ws/install/aist_aruco_ros/share/aist_aruco_ros//launch/log/build_2024-06-15_09-27-44/ddynamic_reconfigure2/stderr.log
[21.401s] -- Up-to-date symlink: /home/ueshiba/ros2_ws/install/aist_aruco_ros/share/aist_aruco_ros//launch/log/build_2024-06-15_09-27-44/ddynamic_reconfigure2/stdout.log
[21.401s] -- Up-to-date symlink: /home/ueshiba/ros2_ws/install/aist_aruco_ros/share/aist_aruco_ros//launch/log/build_2024-06-15_09-27-44/ddynamic_reconfigure2/stdout_stderr.log
[21.401s] -- Up-to-date symlink: /home/ueshiba/ros2_ws/install/aist_aruco_ros/share/aist_aruco_ros//launch/log/build_2024-06-15_09-27-44/ddynamic_reconfigure2/streams.log
[21.401s] -- Up-to-date symlink: /home/ueshiba/ros2_ws/install/aist_aruco_ros/share/aist_aruco_ros//launch/log/build_2024-06-15_09-27-44/events.log
[21.402s] -- Up-to-date symlink: /home/ueshiba/ros2_ws/install/aist_aruco_ros/share/aist_aruco_ros//launch/log/build_2024-06-15_09-27-44/logger_all.log
[21.402s] -- Up-to-date symlink: /home/ueshiba/ros2_ws/install/aist_aruco_ros/share/aist_aruco_ros//launch/log/build_2024-06-15_09-27-44/realsense2_camera/command.log
[21.402s] -- Up-to-date symlink: /home/ueshiba/ros2_ws/install/aist_aruco_ros/share/aist_aruco_ros//launch/log/build_2024-06-15_09-27-44/realsense2_camera/stderr.log
[21.402s] -- Up-to-date symlink: /home/ueshiba/ros2_ws/install/aist_aruco_ros/share/aist_aruco_ros//launch/log/build_2024-06-15_09-27-44/realsense2_camera/stdout.log
[21.402s] -- Up-to-date symlink: /home/ueshiba/ros2_ws/install/aist_aruco_ros/share/aist_aruco_ros//launch/log/build_2024-06-15_09-27-44/realsense2_camera/stdout_stderr.log
[21.402s] -- Up-to-date symlink: /home/ueshiba/ros2_ws/install/aist_aruco_ros/share/aist_aruco_ros//launch/log/build_2024-06-15_09-27-44/realsense2_camera/streams.log
[21.403s] -- Up-to-date symlink: /home/ueshiba/ros2_ws/install/aist_aruco_ros/share/aist_aruco_ros//launch/log/build_2024-06-15_09-27-44/realsense2_camera_msgs/command.log
[21.403s] -- Up-to-date symlink: /home/ueshiba/ros2_ws/install/aist_aruco_ros/share/aist_aruco_ros//launch/log/build_2024-06-15_09-27-44/realsense2_camera_msgs/stderr.log
[21.403s] -- Up-to-date symlink: /home/ueshiba/ros2_ws/install/aist_aruco_ros/share/aist_aruco_ros//launch/log/build_2024-06-15_09-27-44/realsense2_camera_msgs/stdout.log
[21.403s] -- Up-to-date symlink: /home/ueshiba/ros2_ws/install/aist_aruco_ros/share/aist_aruco_ros//launch/log/build_2024-06-15_09-27-44/realsense2_camera_msgs/stdout_stderr.log
[21.403s] -- Up-to-date symlink: /home/ueshiba/ros2_ws/install/aist_aruco_ros/share/aist_aruco_ros//launch/log/build_2024-06-15_09-27-44/realsense2_camera_msgs/streams.log
[21.404s] -- Up-to-date symlink: /home/ueshiba/ros2_ws/install/aist_aruco_ros/share/aist_aruco_ros//launch/log/build_2024-06-15_09-27-44/realsense2_description/command.log
[21.404s] -- Up-to-date symlink: /home/ueshiba/ros2_ws/install/aist_aruco_ros/share/aist_aruco_ros//launch/log/build_2024-06-15_09-27-44/realsense2_description/stderr.log
[21.404s] -- Up-to-date symlink: /home/ueshiba/ros2_ws/install/aist_aruco_ros/share/aist_aruco_ros//launch/log/build_2024-06-15_09-27-44/realsense2_description/stdout.log
[21.404s] -- Up-to-date symlink: /home/ueshiba/ros2_ws/install/aist_aruco_ros/share/aist_aruco_ros//launch/log/build_2024-06-15_09-27-44/realsense2_description/stdout_stderr.log
[21.404s] -- Up-to-date symlink: /home/ueshiba/ros2_ws/install/aist_aruco_ros/share/aist_aruco_ros//launch/log/build_2024-06-15_09-27-44/realsense2_description/streams.log
[21.404s] -- Up-to-date symlink: /home/ueshiba/ros2_ws/install/aist_aruco_ros/share/aist_aruco_ros//launch/log/build_2024-06-15_09-27-44/rqt_reconfigure/command.log
[21.405s] -- Up-to-date symlink: /home/ueshiba/ros2_ws/install/aist_aruco_ros/share/aist_aruco_ros//launch/log/build_2024-06-15_09-27-44/rqt_reconfigure/stderr.log
[21.405s] -- Up-to-date symlink: /home/ueshiba/ros2_ws/install/aist_aruco_ros/share/aist_aruco_ros//launch/log/build_2024-06-15_09-27-44/rqt_reconfigure/stdout.log
[21.405s] -- Up-to-date symlink: /home/ueshiba/ros2_ws/install/aist_aruco_ros/share/aist_aruco_ros//launch/log/build_2024-06-15_09-27-44/rqt_reconfigure/stdout_stderr.log
[21.405s] -- Up-to-date symlink: /home/ueshiba/ros2_ws/install/aist_aruco_ros/share/aist_aruco_ros//launch/log/build_2024-06-15_09-27-44/rqt_reconfigure/streams.log
[21.405s] -- Up-to-date symlink: /home/ueshiba/ros2_ws/install/aist_aruco_ros/share/aist_aruco_ros//launch/log/build_2024-06-15_09-27-44/rviz2/command.log
[21.405s] -- Up-to-date symlink: /home/ueshiba/ros2_ws/install/aist_aruco_ros/share/aist_aruco_ros//launch/log/build_2024-06-15_09-27-44/rviz2/stderr.log
[21.405s] -- Up-to-date symlink: /home/ueshiba/ros2_ws/install/aist_aruco_ros/share/aist_aruco_ros//launch/log/build_2024-06-15_09-27-44/rviz2/stdout.log
[21.406s] -- Up-to-date symlink: /home/ueshiba/ros2_ws/install/aist_aruco_ros/share/aist_aruco_ros//launch/log/build_2024-06-15_09-27-44/rviz2/stdout_stderr.log
[21.406s] -- Up-to-date symlink: /home/ueshiba/ros2_ws/install/aist_aruco_ros/share/aist_aruco_ros//launch/log/build_2024-06-15_09-27-44/rviz2/streams.log
[21.406s] -- Up-to-date symlink: /home/ueshiba/ros2_ws/install/aist_aruco_ros/share/aist_aruco_ros//launch/log/build_2024-06-15_09-27-44/rviz_assimp_vendor/command.log
[21.406s] -- Up-to-date symlink: /home/ueshiba/ros2_ws/install/aist_aruco_ros/share/aist_aruco_ros//launch/log/build_2024-06-15_09-27-44/rviz_assimp_vendor/stderr.log
[21.406s] -- Up-to-date symlink: /home/ueshiba/ros2_ws/install/aist_aruco_ros/share/aist_aruco_ros//launch/log/build_2024-06-15_09-27-44/rviz_assimp_vendor/stdout.log
[21.406s] -- Up-to-date symlink: /home/ueshiba/ros2_ws/install/aist_aruco_ros/share/aist_aruco_ros//launch/log/build_2024-06-15_09-27-44/rviz_assimp_vendor/stdout_stderr.log
[21.407s] -- Up-to-date symlink: /home/ueshiba/ros2_ws/install/aist_aruco_ros/share/aist_aruco_ros//launch/log/build_2024-06-15_09-27-44/rviz_assimp_vendor/streams.log
[21.407s] -- Up-to-date symlink: /home/ueshiba/ros2_ws/install/aist_aruco_ros/share/aist_aruco_ros//launch/log/build_2024-06-15_09-27-44/rviz_common/command.log
[21.407s] -- Up-to-date symlink: /home/ueshiba/ros2_ws/install/aist_aruco_ros/share/aist_aruco_ros//launch/log/build_2024-06-15_09-27-44/rviz_common/stderr.log
[21.407s] -- Up-to-date symlink: /home/ueshiba/ros2_ws/install/aist_aruco_ros/share/aist_aruco_ros//launch/log/build_2024-06-15_09-27-44/rviz_common/stdout.log
[21.407s] -- Up-to-date symlink: /home/ueshiba/ros2_ws/install/aist_aruco_ros/share/aist_aruco_ros//launch/log/build_2024-06-15_09-27-44/rviz_common/stdout_stderr.log
[21.407s] -- Up-to-date symlink: /home/ueshiba/ros2_ws/install/aist_aruco_ros/share/aist_aruco_ros//launch/log/build_2024-06-15_09-27-44/rviz_common/streams.log
[21.408s] -- Up-to-date symlink: /home/ueshiba/ros2_ws/install/aist_aruco_ros/share/aist_aruco_ros//launch/log/build_2024-06-15_09-27-44/rviz_default_plugins/command.log
[21.408s] -- Up-to-date symlink: /home/ueshiba/ros2_ws/install/aist_aruco_ros/share/aist_aruco_ros//launch/log/build_2024-06-15_09-27-44/rviz_default_plugins/stderr.log
[21.408s] -- Up-to-date symlink: /home/ueshiba/ros2_ws/install/aist_aruco_ros/share/aist_aruco_ros//launch/log/build_2024-06-15_09-27-44/rviz_default_plugins/stdout.log
[21.408s] -- Up-to-date symlink: /home/ueshiba/ros2_ws/install/aist_aruco_ros/share/aist_aruco_ros//launch/log/build_2024-06-15_09-27-44/rviz_default_plugins/stdout_stderr.log
[21.408s] -- Up-to-date symlink: /home/ueshiba/ros2_ws/install/aist_aruco_ros/share/aist_aruco_ros//launch/log/build_2024-06-15_09-27-44/rviz_default_plugins/streams.log
[21.409s] -- Up-to-date symlink: /home/ueshiba/ros2_ws/install/aist_aruco_ros/share/aist_aruco_ros//launch/log/build_2024-06-15_09-27-44/rviz_ogre_vendor/command.log
[21.409s] -- Up-to-date symlink: /home/ueshiba/ros2_ws/install/aist_aruco_ros/share/aist_aruco_ros//launch/log/build_2024-06-15_09-27-44/rviz_ogre_vendor/stderr.log
[21.409s] -- Up-to-date symlink: /home/ueshiba/ros2_ws/install/aist_aruco_ros/share/aist_aruco_ros//launch/log/build_2024-06-15_09-27-44/rviz_ogre_vendor/stdout.log
[21.409s] -- Up-to-date symlink: /home/ueshiba/ros2_ws/install/aist_aruco_ros/share/aist_aruco_ros//launch/log/build_2024-06-15_09-27-44/rviz_ogre_vendor/stdout_stderr.log
[21.409s] -- Up-to-date symlink: /home/ueshiba/ros2_ws/install/aist_aruco_ros/share/aist_aruco_ros//launch/log/build_2024-06-15_09-27-44/rviz_ogre_vendor/streams.log
[21.409s] -- Up-to-date symlink: /home/ueshiba/ros2_ws/install/aist_aruco_ros/share/aist_aruco_ros//launch/log/build_2024-06-15_09-27-44/rviz_rendering/command.log
[21.410s] -- Up-to-date symlink: /home/ueshiba/ros2_ws/install/aist_aruco_ros/share/aist_aruco_ros//launch/log/build_2024-06-15_09-27-44/rviz_rendering/stderr.log
[21.410s] -- Up-to-date symlink: /home/ueshiba/ros2_ws/install/aist_aruco_ros/share/aist_aruco_ros//launch/log/build_2024-06-15_09-27-44/rviz_rendering/stdout.log
[21.410s] -- Up-to-date symlink: /home/ueshiba/ros2_ws/install/aist_aruco_ros/share/aist_aruco_ros//launch/log/build_2024-06-15_09-27-44/rviz_rendering/stdout_stderr.log
[21.410s] -- Up-to-date symlink: /home/ueshiba/ros2_ws/install/aist_aruco_ros/share/aist_aruco_ros//launch/log/build_2024-06-15_09-27-44/rviz_rendering/streams.log
[21.410s] -- Up-to-date symlink: /home/ueshiba/ros2_ws/install/aist_aruco_ros/share/aist_aruco_ros//launch/log/build_2024-06-15_09-27-44/rviz_rendering_tests/command.log
[21.410s] -- Up-to-date symlink: /home/ueshiba/ros2_ws/install/aist_aruco_ros/share/aist_aruco_ros//launch/log/build_2024-06-15_09-27-44/rviz_rendering_tests/stderr.log
[21.411s] -- Up-to-date symlink: /home/ueshiba/ros2_ws/install/aist_aruco_ros/share/aist_aruco_ros//launch/log/build_2024-06-15_09-27-44/rviz_rendering_tests/stdout.log
[21.411s] -- Up-to-date symlink: /home/ueshiba/ros2_ws/install/aist_aruco_ros/share/aist_aruco_ros//launch/log/build_2024-06-15_09-27-44/rviz_rendering_tests/stdout_stderr.log
[21.411s] -- Up-to-date symlink: /home/ueshiba/ros2_ws/install/aist_aruco_ros/share/aist_aruco_ros//launch/log/build_2024-06-15_09-27-44/rviz_rendering_tests/streams.log
[21.411s] -- Up-to-date symlink: /home/ueshiba/ros2_ws/install/aist_aruco_ros/share/aist_aruco_ros//launch/log/build_2024-06-15_09-27-44/rviz_visual_testing_framework/command.log
[21.411s] -- Up-to-date symlink: /home/ueshiba/ros2_ws/install/aist_aruco_ros/share/aist_aruco_ros//launch/log/build_2024-06-15_09-27-44/rviz_visual_testing_framework/stderr.log
[21.411s] -- Up-to-date symlink: /home/ueshiba/ros2_ws/install/aist_aruco_ros/share/aist_aruco_ros//launch/log/build_2024-06-15_09-27-44/rviz_visual_testing_framework/stdout.log
[21.412s] -- Up-to-date symlink: /home/ueshiba/ros2_ws/install/aist_aruco_ros/share/aist_aruco_ros//launch/log/build_2024-06-15_09-27-44/rviz_visual_testing_framework/stdout_stderr.log
[21.412s] -- Up-to-date symlink: /home/ueshiba/ros2_ws/install/aist_aruco_ros/share/aist_aruco_ros//launch/log/build_2024-06-15_09-27-44/rviz_visual_testing_framework/streams.log
[21.412s] -- Up-to-date symlink: /home/ueshiba/ros2_ws/install/aist_aruco_ros/share/aist_aruco_ros//launch/log/build_2024-06-15_09-28-20/aist_aruco_msgs/command.log
[21.412s] -- Up-to-date symlink: /home/ueshiba/ros2_ws/install/aist_aruco_ros/share/aist_aruco_ros//launch/log/build_2024-06-15_09-28-20/aist_aruco_msgs/stderr.log
[21.412s] -- Up-to-date symlink: /home/ueshiba/ros2_ws/install/aist_aruco_ros/share/aist_aruco_ros//launch/log/build_2024-06-15_09-28-20/aist_aruco_msgs/stdout.log
[21.412s] -- Up-to-date symlink: /home/ueshiba/ros2_ws/install/aist_aruco_ros/share/aist_aruco_ros//launch/log/build_2024-06-15_09-28-20/aist_aruco_msgs/stdout_stderr.log
[21.413s] -- Up-to-date symlink: /home/ueshiba/ros2_ws/install/aist_aruco_ros/share/aist_aruco_ros//launch/log/build_2024-06-15_09-28-20/aist_aruco_msgs/streams.log
[21.413s] -- Up-to-date symlink: /home/ueshiba/ros2_ws/install/aist_aruco_ros/share/aist_aruco_ros//launch/log/build_2024-06-15_09-28-20/aist_aruco_ros/command.log
[21.413s] -- Up-to-date symlink: /home/ueshiba/ros2_ws/install/aist_aruco_ros/share/aist_aruco_ros//launch/log/build_2024-06-15_09-28-20/aist_aruco_ros/stderr.log
[21.413s] -- Up-to-date symlink: /home/ueshiba/ros2_ws/install/aist_aruco_ros/share/aist_aruco_ros//launch/log/build_2024-06-15_09-28-20/aist_aruco_ros/stdout.log
[21.413s] -- Up-to-date symlink: /home/ueshiba/ros2_ws/install/aist_aruco_ros/share/aist_aruco_ros//launch/log/build_2024-06-15_09-28-20/aist_aruco_ros/stdout_stderr.log
[21.413s] -- Up-to-date symlink: /home/ueshiba/ros2_ws/install/aist_aruco_ros/share/aist_aruco_ros//launch/log/build_2024-06-15_09-28-20/aist_aruco_ros/streams.log
[21.414s] -- Up-to-date symlink: /home/ueshiba/ros2_ws/install/aist_aruco_ros/share/aist_aruco_ros//launch/log/build_2024-06-15_09-28-20/aist_msgs/command.log
[21.414s] -- Up-to-date symlink: /home/ueshiba/ros2_ws/install/aist_aruco_ros/share/aist_aruco_ros//launch/log/build_2024-06-15_09-28-20/aist_msgs/stderr.log
[21.414s] -- Up-to-date symlink: /home/ueshiba/ros2_ws/install/aist_aruco_ros/share/aist_aruco_ros//launch/log/build_2024-06-15_09-28-20/aist_msgs/stdout.log
[21.414s] -- Up-to-date symlink: /home/ueshiba/ros2_ws/install/aist_aruco_ros/share/aist_aruco_ros//launch/log/build_2024-06-15_09-28-20/aist_msgs/stdout_stderr.log
[21.414s] -- Up-to-date symlink: /home/ueshiba/ros2_ws/install/aist_aruco_ros/share/aist_aruco_ros//launch/log/build_2024-06-15_09-28-20/aist_msgs/streams.log
[21.414s] -- Up-to-date symlink: /home/ueshiba/ros2_ws/install/aist_aruco_ros/share/aist_aruco_ros//launch/log/build_2024-06-15_09-28-20/aist_phoxi_camera/command.log
[21.415s] -- Up-to-date symlink: /home/ueshiba/ros2_ws/install/aist_aruco_ros/share/aist_aruco_ros//launch/log/build_2024-06-15_09-28-20/aist_phoxi_camera/stderr.log
[21.415s] -- Up-to-date symlink: /home/ueshiba/ros2_ws/install/aist_aruco_ros/share/aist_aruco_ros//launch/log/build_2024-06-15_09-28-20/aist_phoxi_camera/stdout.log
[21.415s] -- Up-to-date symlink: /home/ueshiba/ros2_ws/install/aist_aruco_ros/share/aist_aruco_ros//launch/log/build_2024-06-15_09-28-20/aist_phoxi_camera/stdout_stderr.log
[21.415s] -- Up-to-date symlink: /home/ueshiba/ros2_ws/install/aist_aruco_ros/share/aist_aruco_ros//launch/log/build_2024-06-15_09-28-20/aist_phoxi_camera/streams.log
[21.415s] -- Up-to-date symlink: /home/ueshiba/ros2_ws/install/aist_aruco_ros/share/aist_aruco_ros//launch/log/build_2024-06-15_09-28-20/aist_utility/command.log
[21.415s] -- Up-to-date symlink: /home/ueshiba/ros2_ws/install/aist_aruco_ros/share/aist_aruco_ros//launch/log/build_2024-06-15_09-28-20/aist_utility/stderr.log
[21.416s] -- Up-to-date symlink: /home/ueshiba/ros2_ws/install/aist_aruco_ros/share/aist_aruco_ros//launch/log/build_2024-06-15_09-28-20/aist_utility/stdout.log
[21.416s] -- Up-to-date symlink: /home/ueshiba/ros2_ws/install/aist_aruco_ros/share/aist_aruco_ros//launch/log/build_2024-06-15_09-28-20/aist_utility/stdout_stderr.log
[21.416s] -- Up-to-date symlink: /home/ueshiba/ros2_ws/install/aist_aruco_ros/share/aist_aruco_ros//launch/log/build_2024-06-15_09-28-20/aist_utility/streams.log
[21.416s] -- Up-to-date symlink: /home/ueshiba/ros2_ws/install/aist_aruco_ros/share/aist_aruco_ros//launch/log/build_2024-06-15_09-28-20/cu_bridge/command.log
[21.416s] -- Up-to-date symlink: /home/ueshiba/ros2_ws/install/aist_aruco_ros/share/aist_aruco_ros//launch/log/build_2024-06-15_09-28-20/cu_bridge/stderr.log
[21.417s] -- Up-to-date symlink: /home/ueshiba/ros2_ws/install/aist_aruco_ros/share/aist_aruco_ros//launch/log/build_2024-06-15_09-28-20/cu_bridge/stdout.log
[21.417s] -- Up-to-date symlink: /home/ueshiba/ros2_ws/install/aist_aruco_ros/share/aist_aruco_ros//launch/log/build_2024-06-15_09-28-20/cu_bridge/stdout_stderr.log
[21.417s] -- Up-to-date symlink: /home/ueshiba/ros2_ws/install/aist_aruco_ros/share/aist_aruco_ros//launch/log/build_2024-06-15_09-28-20/cu_bridge/streams.log
[21.418s] -- Up-to-date symlink: /home/ueshiba/ros2_ws/install/aist_aruco_ros/share/aist_aruco_ros//launch/log/build_2024-06-15_09-28-20/ddynamic_reconfigure2/command.log
[21.418s] -- Up-to-date symlink: /home/ueshiba/ros2_ws/install/aist_aruco_ros/share/aist_aruco_ros//launch/log/build_2024-06-15_09-28-20/ddynamic_reconfigure2/stderr.log
[21.418s] -- Up-to-date symlink: /home/ueshiba/ros2_ws/install/aist_aruco_ros/share/aist_aruco_ros//launch/log/build_2024-06-15_09-28-20/ddynamic_reconfigure2/stdout.log
[21.419s] -- Up-to-date symlink: /home/ueshiba/ros2_ws/install/aist_aruco_ros/share/aist_aruco_ros//launch/log/build_2024-06-15_09-28-20/ddynamic_reconfigure2/stdout_stderr.log
[21.419s] -- Up-to-date symlink: /home/ueshiba/ros2_ws/install/aist_aruco_ros/share/aist_aruco_ros//launch/log/build_2024-06-15_09-28-20/ddynamic_reconfigure2/streams.log
[21.419s] -- Up-to-date symlink: /home/ueshiba/ros2_ws/install/aist_aruco_ros/share/aist_aruco_ros//launch/log/build_2024-06-15_09-28-20/events.log
[21.419s] -- Up-to-date symlink: /home/ueshiba/ros2_ws/install/aist_aruco_ros/share/aist_aruco_ros//launch/log/build_2024-06-15_09-28-20/logger_all.log
[21.419s] -- Up-to-date symlink: /home/ueshiba/ros2_ws/install/aist_aruco_ros/share/aist_aruco_ros//launch/log/build_2024-06-15_09-28-20/realsense2_camera/command.log
[21.420s] -- Up-to-date symlink: /home/ueshiba/ros2_ws/install/aist_aruco_ros/share/aist_aruco_ros//launch/log/build_2024-06-15_09-28-20/realsense2_camera/stderr.log
[21.420s] -- Up-to-date symlink: /home/ueshiba/ros2_ws/install/aist_aruco_ros/share/aist_aruco_ros//launch/log/build_2024-06-15_09-28-20/realsense2_camera/stdout.log
[21.420s] -- Up-to-date symlink: /home/ueshiba/ros2_ws/install/aist_aruco_ros/share/aist_aruco_ros//launch/log/build_2024-06-15_09-28-20/realsense2_camera/stdout_stderr.log
[21.420s] -- Up-to-date symlink: /home/ueshiba/ros2_ws/install/aist_aruco_ros/share/aist_aruco_ros//launch/log/build_2024-06-15_09-28-20/realsense2_camera/streams.log
[21.420s] -- Up-to-date symlink: /home/ueshiba/ros2_ws/install/aist_aruco_ros/share/aist_aruco_ros//launch/log/build_2024-06-15_09-28-20/realsense2_camera_msgs/command.log
[21.421s] -- Up-to-date symlink: /home/ueshiba/ros2_ws/install/aist_aruco_ros/share/aist_aruco_ros//launch/log/build_2024-06-15_09-28-20/realsense2_camera_msgs/stderr.log
[21.421s] -- Up-to-date symlink: /home/ueshiba/ros2_ws/install/aist_aruco_ros/share/aist_aruco_ros//launch/log/build_2024-06-15_09-28-20/realsense2_camera_msgs/stdout.log
[21.421s] -- Up-to-date symlink: /home/ueshiba/ros2_ws/install/aist_aruco_ros/share/aist_aruco_ros//launch/log/build_2024-06-15_09-28-20/realsense2_camera_msgs/stdout_stderr.log
[21.421s] -- Up-to-date symlink: /home/ueshiba/ros2_ws/install/aist_aruco_ros/share/aist_aruco_ros//launch/log/build_2024-06-15_09-28-20/realsense2_camera_msgs/streams.log
[21.421s] -- Up-to-date symlink: /home/ueshiba/ros2_ws/install/aist_aruco_ros/share/aist_aruco_ros//launch/log/build_2024-06-15_09-28-20/realsense2_description/command.log
[21.421s] -- Up-to-date symlink: /home/ueshiba/ros2_ws/install/aist_aruco_ros/share/aist_aruco_ros//launch/log/build_2024-06-15_09-28-20/realsense2_description/stderr.log
[21.421s] -- Up-to-date symlink: /home/ueshiba/ros2_ws/install/aist_aruco_ros/share/aist_aruco_ros//launch/log/build_2024-06-15_09-28-20/realsense2_description/stdout.log
[21.422s] -- Up-to-date symlink: /home/ueshiba/ros2_ws/install/aist_aruco_ros/share/aist_aruco_ros//launch/log/build_2024-06-15_09-28-20/realsense2_description/stdout_stderr.log
[21.422s] -- Up-to-date symlink: /home/ueshiba/ros2_ws/install/aist_aruco_ros/share/aist_aruco_ros//launch/log/build_2024-06-15_09-28-20/realsense2_description/streams.log
[21.422s] -- Up-to-date symlink: /home/ueshiba/ros2_ws/install/aist_aruco_ros/share/aist_aruco_ros//launch/log/build_2024-06-15_09-28-20/rqt_reconfigure/command.log
[21.422s] -- Up-to-date symlink: /home/ueshiba/ros2_ws/install/aist_aruco_ros/share/aist_aruco_ros//launch/log/build_2024-06-15_09-28-20/rqt_reconfigure/stderr.log
[21.422s] -- Up-to-date symlink: /home/ueshiba/ros2_ws/install/aist_aruco_ros/share/aist_aruco_ros//launch/log/build_2024-06-15_09-28-20/rqt_reconfigure/stdout.log
[21.422s] -- Up-to-date symlink: /home/ueshiba/ros2_ws/install/aist_aruco_ros/share/aist_aruco_ros//launch/log/build_2024-06-15_09-28-20/rqt_reconfigure/stdout_stderr.log
[21.423s] -- Up-to-date symlink: /home/ueshiba/ros2_ws/install/aist_aruco_ros/share/aist_aruco_ros//launch/log/build_2024-06-15_09-28-20/rqt_reconfigure/streams.log
[21.423s] -- Up-to-date symlink: /home/ueshiba/ros2_ws/install/aist_aruco_ros/share/aist_aruco_ros//launch/log/build_2024-06-15_09-28-20/rviz2/command.log
[21.423s] -- Up-to-date symlink: /home/ueshiba/ros2_ws/install/aist_aruco_ros/share/aist_aruco_ros//launch/log/build_2024-06-15_09-28-20/rviz2/stderr.log
[21.423s] -- Up-to-date symlink: /home/ueshiba/ros2_ws/install/aist_aruco_ros/share/aist_aruco_ros//launch/log/build_2024-06-15_09-28-20/rviz2/stdout.log
[21.423s] -- Up-to-date symlink: /home/ueshiba/ros2_ws/install/aist_aruco_ros/share/aist_aruco_ros//launch/log/build_2024-06-15_09-28-20/rviz2/stdout_stderr.log
[21.423s] -- Up-to-date symlink: /home/ueshiba/ros2_ws/install/aist_aruco_ros/share/aist_aruco_ros//launch/log/build_2024-06-15_09-28-20/rviz2/streams.log
[21.424s] -- Up-to-date symlink: /home/ueshiba/ros2_ws/install/aist_aruco_ros/share/aist_aruco_ros//launch/log/build_2024-06-15_09-28-20/rviz_assimp_vendor/command.log
[21.424s] -- Up-to-date symlink: /home/ueshiba/ros2_ws/install/aist_aruco_ros/share/aist_aruco_ros//launch/log/build_2024-06-15_09-28-20/rviz_assimp_vendor/stderr.log
[21.424s] -- Up-to-date symlink: /home/ueshiba/ros2_ws/install/aist_aruco_ros/share/aist_aruco_ros//launch/log/build_2024-06-15_09-28-20/rviz_assimp_vendor/stdout.log
[21.424s] -- Up-to-date symlink: /home/ueshiba/ros2_ws/install/aist_aruco_ros/share/aist_aruco_ros//launch/log/build_2024-06-15_09-28-20/rviz_assimp_vendor/stdout_stderr.log
[21.424s] -- Up-to-date symlink: /home/ueshiba/ros2_ws/install/aist_aruco_ros/share/aist_aruco_ros//launch/log/build_2024-06-15_09-28-20/rviz_assimp_vendor/streams.log
[21.424s] -- Up-to-date symlink: /home/ueshiba/ros2_ws/install/aist_aruco_ros/share/aist_aruco_ros//launch/log/build_2024-06-15_09-28-20/rviz_common/command.log
[21.425s] -- Up-to-date symlink: /home/ueshiba/ros2_ws/install/aist_aruco_ros/share/aist_aruco_ros//launch/log/build_2024-06-15_09-28-20/rviz_common/stderr.log
[21.425s] -- Up-to-date symlink: /home/ueshiba/ros2_ws/install/aist_aruco_ros/share/aist_aruco_ros//launch/log/build_2024-06-15_09-28-20/rviz_common/stdout.log
[21.425s] -- Up-to-date symlink: /home/ueshiba/ros2_ws/install/aist_aruco_ros/share/aist_aruco_ros//launch/log/build_2024-06-15_09-28-20/rviz_common/stdout_stderr.log
[21.425s] -- Up-to-date symlink: /home/ueshiba/ros2_ws/install/aist_aruco_ros/share/aist_aruco_ros//launch/log/build_2024-06-15_09-28-20/rviz_common/streams.log
[21.425s] -- Up-to-date symlink: /home/ueshiba/ros2_ws/install/aist_aruco_ros/share/aist_aruco_ros//launch/log/build_2024-06-15_09-28-20/rviz_default_plugins/command.log
[21.425s] -- Up-to-date symlink: /home/ueshiba/ros2_ws/install/aist_aruco_ros/share/aist_aruco_ros//launch/log/build_2024-06-15_09-28-20/rviz_default_plugins/stderr.log
[21.426s] -- Up-to-date symlink: /home/ueshiba/ros2_ws/install/aist_aruco_ros/share/aist_aruco_ros//launch/log/build_2024-06-15_09-28-20/rviz_default_plugins/stdout.log
[21.426s] -- Up-to-date symlink: /home/ueshiba/ros2_ws/install/aist_aruco_ros/share/aist_aruco_ros//launch/log/build_2024-06-15_09-28-20/rviz_default_plugins/stdout_stderr.log
[21.426s] -- Up-to-date symlink: /home/ueshiba/ros2_ws/install/aist_aruco_ros/share/aist_aruco_ros//launch/log/build_2024-06-15_09-28-20/rviz_default_plugins/streams.log
[21.426s] -- Up-to-date symlink: /home/ueshiba/ros2_ws/install/aist_aruco_ros/share/aist_aruco_ros//launch/log/build_2024-06-15_09-28-20/rviz_ogre_vendor/command.log
[21.426s] -- Up-to-date symlink: /home/ueshiba/ros2_ws/install/aist_aruco_ros/share/aist_aruco_ros//launch/log/build_2024-06-15_09-28-20/rviz_ogre_vendor/stderr.log
[21.426s] -- Up-to-date symlink: /home/ueshiba/ros2_ws/install/aist_aruco_ros/share/aist_aruco_ros//launch/log/build_2024-06-15_09-28-20/rviz_ogre_vendor/stdout.log
[21.426s] -- Up-to-date symlink: /home/ueshiba/ros2_ws/install/aist_aruco_ros/share/aist_aruco_ros//launch/log/build_2024-06-15_09-28-20/rviz_ogre_vendor/stdout_stderr.log
[21.427s] -- Up-to-date symlink: /home/ueshiba/ros2_ws/install/aist_aruco_ros/share/aist_aruco_ros//launch/log/build_2024-06-15_09-28-20/rviz_ogre_vendor/streams.log
[21.427s] -- Up-to-date symlink: /home/ueshiba/ros2_ws/install/aist_aruco_ros/share/aist_aruco_ros//launch/log/build_2024-06-15_09-28-20/rviz_rendering/command.log
[21.427s] -- Up-to-date symlink: /home/ueshiba/ros2_ws/install/aist_aruco_ros/share/aist_aruco_ros//launch/log/build_2024-06-15_09-28-20/rviz_rendering/stderr.log
[21.427s] -- Up-to-date symlink: /home/ueshiba/ros2_ws/install/aist_aruco_ros/share/aist_aruco_ros//launch/log/build_2024-06-15_09-28-20/rviz_rendering/stdout.log
[21.427s] -- Up-to-date symlink: /home/ueshiba/ros2_ws/install/aist_aruco_ros/share/aist_aruco_ros//launch/log/build_2024-06-15_09-28-20/rviz_rendering/stdout_stderr.log
[21.427s] -- Up-to-date symlink: /home/ueshiba/ros2_ws/install/aist_aruco_ros/share/aist_aruco_ros//launch/log/build_2024-06-15_09-28-20/rviz_rendering/streams.log
[21.428s] -- Up-to-date symlink: /home/ueshiba/ros2_ws/install/aist_aruco_ros/share/aist_aruco_ros//launch/log/build_2024-06-15_09-28-20/rviz_rendering_tests/command.log
[21.428s] -- Up-to-date symlink: /home/ueshiba/ros2_ws/install/aist_aruco_ros/share/aist_aruco_ros//launch/log/build_2024-06-15_09-28-20/rviz_rendering_tests/stderr.log
[21.428s] -- Up-to-date symlink: /home/ueshiba/ros2_ws/install/aist_aruco_ros/share/aist_aruco_ros//launch/log/build_2024-06-15_09-28-20/rviz_rendering_tests/stdout.log
[21.428s] -- Up-to-date symlink: /home/ueshiba/ros2_ws/install/aist_aruco_ros/share/aist_aruco_ros//launch/log/build_2024-06-15_09-28-20/rviz_rendering_tests/stdout_stderr.log
[21.428s] -- Up-to-date symlink: /home/ueshiba/ros2_ws/install/aist_aruco_ros/share/aist_aruco_ros//launch/log/build_2024-06-15_09-28-20/rviz_rendering_tests/streams.log
[21.428s] -- Up-to-date symlink: /home/ueshiba/ros2_ws/install/aist_aruco_ros/share/aist_aruco_ros//launch/log/build_2024-06-15_09-28-20/rviz_visual_testing_framework/command.log
[21.429s] -- Up-to-date symlink: /home/ueshiba/ros2_ws/install/aist_aruco_ros/share/aist_aruco_ros//launch/log/build_2024-06-15_09-28-20/rviz_visual_testing_framework/stderr.log
[21.429s] -- Up-to-date symlink: /home/ueshiba/ros2_ws/install/aist_aruco_ros/share/aist_aruco_ros//launch/log/build_2024-06-15_09-28-20/rviz_visual_testing_framework/stdout.log
[21.429s] -- Up-to-date symlink: /home/ueshiba/ros2_ws/install/aist_aruco_ros/share/aist_aruco_ros//launch/log/build_2024-06-15_09-28-20/rviz_visual_testing_framework/stdout_stderr.log
[21.429s] -- Up-to-date symlink: /home/ueshiba/ros2_ws/install/aist_aruco_ros/share/aist_aruco_ros//launch/log/build_2024-06-15_09-28-20/rviz_visual_testing_framework/streams.log
[21.429s] -- Up-to-date symlink: /home/ueshiba/ros2_ws/install/aist_aruco_ros/share/aist_aruco_ros//launch/log/latest/aist_aruco_msgs/command.log
[21.429s] -- Up-to-date symlink: /home/ueshiba/ros2_ws/install/aist_aruco_ros/share/aist_aruco_ros//launch/log/latest/aist_aruco_msgs/stderr.log
[21.429s] -- Up-to-date symlink: /home/ueshiba/ros2_ws/install/aist_aruco_ros/share/aist_aruco_ros//launch/log/latest/aist_aruco_msgs/stdout.log
[21.430s] -- Up-to-date symlink: /home/ueshiba/ros2_ws/install/aist_aruco_ros/share/aist_aruco_ros//launch/log/latest/aist_aruco_msgs/stdout_stderr.log
[21.430s] -- Up-to-date symlink: /home/ueshiba/ros2_ws/install/aist_aruco_ros/share/aist_aruco_ros//launch/log/latest/aist_aruco_msgs/streams.log
[21.430s] -- Up-to-date symlink: /home/ueshiba/ros2_ws/install/aist_aruco_ros/share/aist_aruco_ros//launch/log/latest/aist_aruco_ros/command.log
[21.430s] -- Up-to-date symlink: /home/ueshiba/ros2_ws/install/aist_aruco_ros/share/aist_aruco_ros//launch/log/latest/aist_aruco_ros/stderr.log
[21.430s] -- Up-to-date symlink: /home/ueshiba/ros2_ws/install/aist_aruco_ros/share/aist_aruco_ros//launch/log/latest/aist_aruco_ros/stdout.log
[21.430s] -- Up-to-date symlink: /home/ueshiba/ros2_ws/install/aist_aruco_ros/share/aist_aruco_ros//launch/log/latest/aist_aruco_ros/stdout_stderr.log
[21.431s] -- Up-to-date symlink: /home/ueshiba/ros2_ws/install/aist_aruco_ros/share/aist_aruco_ros//launch/log/latest/aist_aruco_ros/streams.log
[21.431s] -- Up-to-date symlink: /home/ueshiba/ros2_ws/install/aist_aruco_ros/share/aist_aruco_ros//launch/log/latest/aist_msgs/command.log
[21.431s] -- Up-to-date symlink: /home/ueshiba/ros2_ws/install/aist_aruco_ros/share/aist_aruco_ros//launch/log/latest/aist_msgs/stderr.log
[21.431s] -- Up-to-date symlink: /home/ueshiba/ros2_ws/install/aist_aruco_ros/share/aist_aruco_ros//launch/log/latest/aist_msgs/stdout.log
[21.431s] -- Up-to-date symlink: /home/ueshiba/ros2_ws/install/aist_aruco_ros/share/aist_aruco_ros//launch/log/latest/aist_msgs/stdout_stderr.log
[21.431s] -- Up-to-date symlink: /home/ueshiba/ros2_ws/install/aist_aruco_ros/share/aist_aruco_ros//launch/log/latest/aist_msgs/streams.log
[21.432s] -- Up-to-date symlink: /home/ueshiba/ros2_ws/install/aist_aruco_ros/share/aist_aruco_ros//launch/log/latest/aist_phoxi_camera/command.log
[21.432s] -- Up-to-date symlink: /home/ueshiba/ros2_ws/install/aist_aruco_ros/share/aist_aruco_ros//launch/log/latest/aist_phoxi_camera/stderr.log
[21.432s] -- Up-to-date symlink: /home/ueshiba/ros2_ws/install/aist_aruco_ros/share/aist_aruco_ros//launch/log/latest/aist_phoxi_camera/stdout.log
[21.432s] -- Up-to-date symlink: /home/ueshiba/ros2_ws/install/aist_aruco_ros/share/aist_aruco_ros//launch/log/latest/aist_phoxi_camera/stdout_stderr.log
[21.433s] -- Up-to-date symlink: /home/ueshiba/ros2_ws/install/aist_aruco_ros/share/aist_aruco_ros//launch/log/latest/aist_phoxi_camera/streams.log
[21.433s] -- Up-to-date symlink: /home/ueshiba/ros2_ws/install/aist_aruco_ros/share/aist_aruco_ros//launch/log/latest/aist_utility/command.log
[21.433s] -- Up-to-date symlink: /home/ueshiba/ros2_ws/install/aist_aruco_ros/share/aist_aruco_ros//launch/log/latest/aist_utility/stderr.log
[21.433s] -- Up-to-date symlink: /home/ueshiba/ros2_ws/install/aist_aruco_ros/share/aist_aruco_ros//launch/log/latest/aist_utility/stdout.log
[21.433s] -- Up-to-date symlink: /home/ueshiba/ros2_ws/install/aist_aruco_ros/share/aist_aruco_ros//launch/log/latest/aist_utility/stdout_stderr.log
[21.434s] -- Up-to-date symlink: /home/ueshiba/ros2_ws/install/aist_aruco_ros/share/aist_aruco_ros//launch/log/latest/aist_utility/streams.log
[21.434s] -- Up-to-date symlink: /home/ueshiba/ros2_ws/install/aist_aruco_ros/share/aist_aruco_ros//launch/log/latest/cu_bridge/command.log
[21.434s] -- Up-to-date symlink: /home/ueshiba/ros2_ws/install/aist_aruco_ros/share/aist_aruco_ros//launch/log/latest/cu_bridge/stderr.log
[21.434s] -- Up-to-date symlink: /home/ueshiba/ros2_ws/install/aist_aruco_ros/share/aist_aruco_ros//launch/log/latest/cu_bridge/stdout.log
[21.434s] -- Up-to-date symlink: /home/ueshiba/ros2_ws/install/aist_aruco_ros/share/aist_aruco_ros//launch/log/latest/cu_bridge/stdout_stderr.log
[21.434s] -- Up-to-date symlink: /home/ueshiba/ros2_ws/install/aist_aruco_ros/share/aist_aruco_ros//launch/log/latest/cu_bridge/streams.log
[21.435s] -- Up-to-date symlink: /home/ueshiba/ros2_ws/install/aist_aruco_ros/share/aist_aruco_ros//launch/log/latest/ddynamic_reconfigure2/command.log
[21.435s] -- Up-to-date symlink: /home/ueshiba/ros2_ws/install/aist_aruco_ros/share/aist_aruco_ros//launch/log/latest/ddynamic_reconfigure2/stderr.log
[21.435s] -- Up-to-date symlink: /home/ueshiba/ros2_ws/install/aist_aruco_ros/share/aist_aruco_ros//launch/log/latest/ddynamic_reconfigure2/stdout.log
[21.435s] -- Up-to-date symlink: /home/ueshiba/ros2_ws/install/aist_aruco_ros/share/aist_aruco_ros//launch/log/latest/ddynamic_reconfigure2/stdout_stderr.log
[21.435s] -- Up-to-date symlink: /home/ueshiba/ros2_ws/install/aist_aruco_ros/share/aist_aruco_ros//launch/log/latest/ddynamic_reconfigure2/streams.log
[21.435s] -- Up-to-date symlink: /home/ueshiba/ros2_ws/install/aist_aruco_ros/share/aist_aruco_ros//launch/log/latest/events.log
[21.436s] -- Up-to-date symlink: /home/ueshiba/ros2_ws/install/aist_aruco_ros/share/aist_aruco_ros//launch/log/latest/logger_all.log
[21.436s] -- Up-to-date symlink: /home/ueshiba/ros2_ws/install/aist_aruco_ros/share/aist_aruco_ros//launch/log/latest/realsense2_camera/command.log
[21.436s] -- Up-to-date symlink: /home/ueshiba/ros2_ws/install/aist_aruco_ros/share/aist_aruco_ros//launch/log/latest/realsense2_camera/stderr.log
[21.436s] -- Up-to-date symlink: /home/ueshiba/ros2_ws/install/aist_aruco_ros/share/aist_aruco_ros//launch/log/latest/realsense2_camera/stdout.log
[21.436s] -- Up-to-date symlink: /home/ueshiba/ros2_ws/install/aist_aruco_ros/share/aist_aruco_ros//launch/log/latest/realsense2_camera/stdout_stderr.log
[21.436s] -- Up-to-date symlink: /home/ueshiba/ros2_ws/install/aist_aruco_ros/share/aist_aruco_ros//launch/log/latest/realsense2_camera/streams.log
[21.437s] -- Up-to-date symlink: /home/ueshiba/ros2_ws/install/aist_aruco_ros/share/aist_aruco_ros//launch/log/latest/realsense2_camera_msgs/command.log
[21.437s] -- Up-to-date symlink: /home/ueshiba/ros2_ws/install/aist_aruco_ros/share/aist_aruco_ros//launch/log/latest/realsense2_camera_msgs/stderr.log
[21.437s] -- Up-to-date symlink: /home/ueshiba/ros2_ws/install/aist_aruco_ros/share/aist_aruco_ros//launch/log/latest/realsense2_camera_msgs/stdout.log
[21.437s] -- Up-to-date symlink: /home/ueshiba/ros2_ws/install/aist_aruco_ros/share/aist_aruco_ros//launch/log/latest/realsense2_camera_msgs/stdout_stderr.log
[21.437s] -- Up-to-date symlink: /home/ueshiba/ros2_ws/install/aist_aruco_ros/share/aist_aruco_ros//launch/log/latest/realsense2_camera_msgs/streams.log
[21.437s] -- Up-to-date symlink: /home/ueshiba/ros2_ws/install/aist_aruco_ros/share/aist_aruco_ros//launch/log/latest/realsense2_description/command.log
[21.438s] -- Up-to-date symlink: /home/ueshiba/ros2_ws/install/aist_aruco_ros/share/aist_aruco_ros//launch/log/latest/realsense2_description/stderr.log
[21.438s] -- Up-to-date symlink: /home/ueshiba/ros2_ws/install/aist_aruco_ros/share/aist_aruco_ros//launch/log/latest/realsense2_description/stdout.log
[21.438s] -- Up-to-date symlink: /home/ueshiba/ros2_ws/install/aist_aruco_ros/share/aist_aruco_ros//launch/log/latest/realsense2_description/stdout_stderr.log
[21.438s] -- Up-to-date symlink: /home/ueshiba/ros2_ws/install/aist_aruco_ros/share/aist_aruco_ros//launch/log/latest/realsense2_description/streams.log
[21.438s] -- Up-to-date symlink: /home/ueshiba/ros2_ws/install/aist_aruco_ros/share/aist_aruco_ros//launch/log/latest/rqt_reconfigure/command.log
[21.438s] -- Up-to-date symlink: /home/ueshiba/ros2_ws/install/aist_aruco_ros/share/aist_aruco_ros//launch/log/latest/rqt_reconfigure/stderr.log
[21.438s] -- Up-to-date symlink: /home/ueshiba/ros2_ws/install/aist_aruco_ros/share/aist_aruco_ros//launch/log/latest/rqt_reconfigure/stdout.log
[21.439s] -- Up-to-date symlink: /home/ueshiba/ros2_ws/install/aist_aruco_ros/share/aist_aruco_ros//launch/log/latest/rqt_reconfigure/stdout_stderr.log
[21.439s] -- Up-to-date symlink: /home/ueshiba/ros2_ws/install/aist_aruco_ros/share/aist_aruco_ros//launch/log/latest/rqt_reconfigure/streams.log
[21.439s] -- Up-to-date symlink: /home/ueshiba/ros2_ws/install/aist_aruco_ros/share/aist_aruco_ros//launch/log/latest/rviz2/command.log
[21.439s] -- Up-to-date symlink: /home/ueshiba/ros2_ws/install/aist_aruco_ros/share/aist_aruco_ros//launch/log/latest/rviz2/stderr.log
[21.439s] -- Up-to-date symlink: /home/ueshiba/ros2_ws/install/aist_aruco_ros/share/aist_aruco_ros//launch/log/latest/rviz2/stdout.log
[21.439s] -- Up-to-date symlink: /home/ueshiba/ros2_ws/install/aist_aruco_ros/share/aist_aruco_ros//launch/log/latest/rviz2/stdout_stderr.log
[21.440s] -- Up-to-date symlink: /home/ueshiba/ros2_ws/install/aist_aruco_ros/share/aist_aruco_ros//launch/log/latest/rviz2/streams.log
[21.440s] -- Up-to-date symlink: /home/ueshiba/ros2_ws/install/aist_aruco_ros/share/aist_aruco_ros//launch/log/latest/rviz_assimp_vendor/command.log
[21.440s] -- Up-to-date symlink: /home/ueshiba/ros2_ws/install/aist_aruco_ros/share/aist_aruco_ros//launch/log/latest/rviz_assimp_vendor/stderr.log
[21.440s] -- Up-to-date symlink: /home/ueshiba/ros2_ws/install/aist_aruco_ros/share/aist_aruco_ros//launch/log/latest/rviz_assimp_vendor/stdout.log
[21.440s] -- Up-to-date symlink: /home/ueshiba/ros2_ws/install/aist_aruco_ros/share/aist_aruco_ros//launch/log/latest/rviz_assimp_vendor/stdout_stderr.log
[21.440s] -- Up-to-date symlink: /home/ueshiba/ros2_ws/install/aist_aruco_ros/share/aist_aruco_ros//launch/log/latest/rviz_assimp_vendor/streams.log
[21.441s] -- Up-to-date symlink: /home/ueshiba/ros2_ws/install/aist_aruco_ros/share/aist_aruco_ros//launch/log/latest/rviz_common/command.log
[21.441s] -- Up-to-date symlink: /home/ueshiba/ros2_ws/install/aist_aruco_ros/share/aist_aruco_ros//launch/log/latest/rviz_common/stderr.log
[21.441s] -- Up-to-date symlink: /home/ueshiba/ros2_ws/install/aist_aruco_ros/share/aist_aruco_ros//launch/log/latest/rviz_common/stdout.log
[21.441s] -- Up-to-date symlink: /home/ueshiba/ros2_ws/install/aist_aruco_ros/share/aist_aruco_ros//launch/log/latest/rviz_common/stdout_stderr.log
[21.441s] -- Up-to-date symlink: /home/ueshiba/ros2_ws/install/aist_aruco_ros/share/aist_aruco_ros//launch/log/latest/rviz_common/streams.log
[21.441s] -- Up-to-date symlink: /home/ueshiba/ros2_ws/install/aist_aruco_ros/share/aist_aruco_ros//launch/log/latest/rviz_default_plugins/command.log
[21.441s] -- Up-to-date symlink: /home/ueshiba/ros2_ws/install/aist_aruco_ros/share/aist_aruco_ros//launch/log/latest/rviz_default_plugins/stderr.log
[21.442s] -- Up-to-date symlink: /home/ueshiba/ros2_ws/install/aist_aruco_ros/share/aist_aruco_ros//launch/log/latest/rviz_default_plugins/stdout.log
[21.442s] -- Up-to-date symlink: /home/ueshiba/ros2_ws/install/aist_aruco_ros/share/aist_aruco_ros//launch/log/latest/rviz_default_plugins/stdout_stderr.log
[21.442s] -- Up-to-date symlink: /home/ueshiba/ros2_ws/install/aist_aruco_ros/share/aist_aruco_ros//launch/log/latest/rviz_default_plugins/streams.log
[21.442s] -- Up-to-date symlink: /home/ueshiba/ros2_ws/install/aist_aruco_ros/share/aist_aruco_ros//launch/log/latest/rviz_ogre_vendor/command.log
[21.442s] -- Up-to-date symlink: /home/ueshiba/ros2_ws/install/aist_aruco_ros/share/aist_aruco_ros//launch/log/latest/rviz_ogre_vendor/stderr.log
[21.442s] -- Up-to-date symlink: /home/ueshiba/ros2_ws/install/aist_aruco_ros/share/aist_aruco_ros//launch/log/latest/rviz_ogre_vendor/stdout.log
[21.443s] -- Up-to-date symlink: /home/ueshiba/ros2_ws/install/aist_aruco_ros/share/aist_aruco_ros//launch/log/latest/rviz_ogre_vendor/stdout_stderr.log
[21.443s] -- Up-to-date symlink: /home/ueshiba/ros2_ws/install/aist_aruco_ros/share/aist_aruco_ros//launch/log/latest/rviz_ogre_vendor/streams.log
[21.443s] -- Up-to-date symlink: /home/ueshiba/ros2_ws/install/aist_aruco_ros/share/aist_aruco_ros//launch/log/latest/rviz_rendering/command.log
[21.443s] -- Up-to-date symlink: /home/ueshiba/ros2_ws/install/aist_aruco_ros/share/aist_aruco_ros//launch/log/latest/rviz_rendering/stderr.log
[21.443s] -- Up-to-date symlink: /home/ueshiba/ros2_ws/install/aist_aruco_ros/share/aist_aruco_ros//launch/log/latest/rviz_rendering/stdout.log
[21.443s] -- Up-to-date symlink: /home/ueshiba/ros2_ws/install/aist_aruco_ros/share/aist_aruco_ros//launch/log/latest/rviz_rendering/stdout_stderr.log
[21.443s] -- Up-to-date symlink: /home/ueshiba/ros2_ws/install/aist_aruco_ros/share/aist_aruco_ros//launch/log/latest/rviz_rendering/streams.log
[21.444s] -- Up-to-date symlink: /home/ueshiba/ros2_ws/install/aist_aruco_ros/share/aist_aruco_ros//launch/log/latest/rviz_rendering_tests/command.log
[21.444s] -- Up-to-date symlink: /home/ueshiba/ros2_ws/install/aist_aruco_ros/share/aist_aruco_ros//launch/log/latest/rviz_rendering_tests/stderr.log
[21.444s] -- Up-to-date symlink: /home/ueshiba/ros2_ws/install/aist_aruco_ros/share/aist_aruco_ros//launch/log/latest/rviz_rendering_tests/stdout.log
[21.444s] -- Up-to-date symlink: /home/ueshiba/ros2_ws/install/aist_aruco_ros/share/aist_aruco_ros//launch/log/latest/rviz_rendering_tests/stdout_stderr.log
[21.444s] -- Up-to-date symlink: /home/ueshiba/ros2_ws/install/aist_aruco_ros/share/aist_aruco_ros//launch/log/latest/rviz_rendering_tests/streams.log
[21.444s] -- Up-to-date symlink: /home/ueshiba/ros2_ws/install/aist_aruco_ros/share/aist_aruco_ros//launch/log/latest/rviz_visual_testing_framework/command.log
[21.445s] -- Up-to-date symlink: /home/ueshiba/ros2_ws/install/aist_aruco_ros/share/aist_aruco_ros//launch/log/latest/rviz_visual_testing_framework/stderr.log
[21.445s] -- Up-to-date symlink: /home/ueshiba/ros2_ws/install/aist_aruco_ros/share/aist_aruco_ros//launch/log/latest/rviz_visual_testing_framework/stdout.log
[21.445s] -- Up-to-date symlink: /home/ueshiba/ros2_ws/install/aist_aruco_ros/share/aist_aruco_ros//launch/log/latest/rviz_visual_testing_framework/stdout_stderr.log
[21.445s] -- Up-to-date symlink: /home/ueshiba/ros2_ws/install/aist_aruco_ros/share/aist_aruco_ros//launch/log/latest/rviz_visual_testing_framework/streams.log
[21.445s] -- Up-to-date symlink: /home/ueshiba/ros2_ws/install/aist_aruco_ros/share/aist_aruco_ros//launch/log/latest_build/aist_aruco_msgs/command.log
[21.445s] -- Up-to-date symlink: /home/ueshiba/ros2_ws/install/aist_aruco_ros/share/aist_aruco_ros//launch/log/latest_build/aist_aruco_msgs/stderr.log
[21.446s] -- Up-to-date symlink: /home/ueshiba/ros2_ws/install/aist_aruco_ros/share/aist_aruco_ros//launch/log/latest_build/aist_aruco_msgs/stdout.log
[21.446s] -- Up-to-date symlink: /home/ueshiba/ros2_ws/install/aist_aruco_ros/share/aist_aruco_ros//launch/log/latest_build/aist_aruco_msgs/stdout_stderr.log
[21.446s] -- Up-to-date symlink: /home/ueshiba/ros2_ws/install/aist_aruco_ros/share/aist_aruco_ros//launch/log/latest_build/aist_aruco_msgs/streams.log
[21.446s] -- Up-to-date symlink: /home/ueshiba/ros2_ws/install/aist_aruco_ros/share/aist_aruco_ros//launch/log/latest_build/aist_aruco_ros/command.log
[21.446s] -- Up-to-date symlink: /home/ueshiba/ros2_ws/install/aist_aruco_ros/share/aist_aruco_ros//launch/log/latest_build/aist_aruco_ros/stderr.log
[21.446s] -- Up-to-date symlink: /home/ueshiba/ros2_ws/install/aist_aruco_ros/share/aist_aruco_ros//launch/log/latest_build/aist_aruco_ros/stdout.log
[21.446s] -- Up-to-date symlink: /home/ueshiba/ros2_ws/install/aist_aruco_ros/share/aist_aruco_ros//launch/log/latest_build/aist_aruco_ros/stdout_stderr.log
[21.447s] -- Up-to-date symlink: /home/ueshiba/ros2_ws/install/aist_aruco_ros/share/aist_aruco_ros//launch/log/latest_build/aist_aruco_ros/streams.log
[21.447s] -- Up-to-date symlink: /home/ueshiba/ros2_ws/install/aist_aruco_ros/share/aist_aruco_ros//launch/log/latest_build/aist_msgs/command.log
[21.447s] -- Up-to-date symlink: /home/ueshiba/ros2_ws/install/aist_aruco_ros/share/aist_aruco_ros//launch/log/latest_build/aist_msgs/stderr.log
[21.447s] -- Up-to-date symlink: /home/ueshiba/ros2_ws/install/aist_aruco_ros/share/aist_aruco_ros//launch/log/latest_build/aist_msgs/stdout.log
[21.447s] -- Up-to-date symlink: /home/ueshiba/ros2_ws/install/aist_aruco_ros/share/aist_aruco_ros//launch/log/latest_build/aist_msgs/stdout_stderr.log
[21.447s] -- Up-to-date symlink: /home/ueshiba/ros2_ws/install/aist_aruco_ros/share/aist_aruco_ros//launch/log/latest_build/aist_msgs/streams.log
[21.448s] -- Up-to-date symlink: /home/ueshiba/ros2_ws/install/aist_aruco_ros/share/aist_aruco_ros//launch/log/latest_build/aist_phoxi_camera/command.log
[21.448s] -- Up-to-date symlink: /home/ueshiba/ros2_ws/install/aist_aruco_ros/share/aist_aruco_ros//launch/log/latest_build/aist_phoxi_camera/stderr.log
[21.448s] -- Up-to-date symlink: /home/ueshiba/ros2_ws/install/aist_aruco_ros/share/aist_aruco_ros//launch/log/latest_build/aist_phoxi_camera/stdout.log
[21.448s] -- Up-to-date symlink: /home/ueshiba/ros2_ws/install/aist_aruco_ros/share/aist_aruco_ros//launch/log/latest_build/aist_phoxi_camera/stdout_stderr.log
[21.448s] -- Up-to-date symlink: /home/ueshiba/ros2_ws/install/aist_aruco_ros/share/aist_aruco_ros//launch/log/latest_build/aist_phoxi_camera/streams.log
[21.448s] -- Up-to-date symlink: /home/ueshiba/ros2_ws/install/aist_aruco_ros/share/aist_aruco_ros//launch/log/latest_build/aist_utility/command.log
[21.448s] -- Up-to-date symlink: /home/ueshiba/ros2_ws/install/aist_aruco_ros/share/aist_aruco_ros//launch/log/latest_build/aist_utility/stderr.log
[21.448s] -- Up-to-date symlink: /home/ueshiba/ros2_ws/install/aist_aruco_ros/share/aist_aruco_ros//launch/log/latest_build/aist_utility/stdout.log
[21.448s] -- Up-to-date symlink: /home/ueshiba/ros2_ws/install/aist_aruco_ros/share/aist_aruco_ros//launch/log/latest_build/aist_utility/stdout_stderr.log
[21.448s] -- Up-to-date symlink: /home/ueshiba/ros2_ws/install/aist_aruco_ros/share/aist_aruco_ros//launch/log/latest_build/aist_utility/streams.log
[21.449s] -- Up-to-date symlink: /home/ueshiba/ros2_ws/install/aist_aruco_ros/share/aist_aruco_ros//launch/log/latest_build/cu_bridge/command.log
[21.449s] -- Up-to-date symlink: /home/ueshiba/ros2_ws/install/aist_aruco_ros/share/aist_aruco_ros//launch/log/latest_build/cu_bridge/stderr.log
[21.449s] -- Up-to-date symlink: /home/ueshiba/ros2_ws/install/aist_aruco_ros/share/aist_aruco_ros//launch/log/latest_build/cu_bridge/stdout.log
[21.449s] -- Up-to-date symlink: /home/ueshiba/ros2_ws/install/aist_aruco_ros/share/aist_aruco_ros//launch/log/latest_build/cu_bridge/stdout_stderr.log
[21.449s] -- Up-to-date symlink: /home/ueshiba/ros2_ws/install/aist_aruco_ros/share/aist_aruco_ros//launch/log/latest_build/cu_bridge/streams.log
[21.449s] -- Up-to-date symlink: /home/ueshiba/ros2_ws/install/aist_aruco_ros/share/aist_aruco_ros//launch/log/latest_build/ddynamic_reconfigure2/command.log
[21.449s] -- Up-to-date symlink: /home/ueshiba/ros2_ws/install/aist_aruco_ros/share/aist_aruco_ros//launch/log/latest_build/ddynamic_reconfigure2/stderr.log
[21.449s] -- Up-to-date symlink: /home/ueshiba/ros2_ws/install/aist_aruco_ros/share/aist_aruco_ros//launch/log/latest_build/ddynamic_reconfigure2/stdout.log
[21.449s] -- Up-to-date symlink: /home/ueshiba/ros2_ws/install/aist_aruco_ros/share/aist_aruco_ros//launch/log/latest_build/ddynamic_reconfigure2/stdout_stderr.log
[21.449s] -- Up-to-date symlink: /home/ueshiba/ros2_ws/install/aist_aruco_ros/share/aist_aruco_ros//launch/log/latest_build/ddynamic_reconfigure2/streams.log
[21.449s] -- Up-to-date symlink: /home/ueshiba/ros2_ws/install/aist_aruco_ros/share/aist_aruco_ros//launch/log/latest_build/events.log
[21.449s] -- Up-to-date symlink: /home/ueshiba/ros2_ws/install/aist_aruco_ros/share/aist_aruco_ros//launch/log/latest_build/logger_all.log
[21.450s] -- Up-to-date symlink: /home/ueshiba/ros2_ws/install/aist_aruco_ros/share/aist_aruco_ros//launch/log/latest_build/realsense2_camera/command.log
[21.450s] -- Up-to-date symlink: /home/ueshiba/ros2_ws/install/aist_aruco_ros/share/aist_aruco_ros//launch/log/latest_build/realsense2_camera/stderr.log
[21.450s] -- Up-to-date symlink: /home/ueshiba/ros2_ws/install/aist_aruco_ros/share/aist_aruco_ros//launch/log/latest_build/realsense2_camera/stdout.log
[21.450s] -- Up-to-date symlink: /home/ueshiba/ros2_ws/install/aist_aruco_ros/share/aist_aruco_ros//launch/log/latest_build/realsense2_camera/stdout_stderr.log
[21.450s] -- Up-to-date symlink: /home/ueshiba/ros2_ws/install/aist_aruco_ros/share/aist_aruco_ros//launch/log/latest_build/realsense2_camera/streams.log
[21.450s] -- Up-to-date symlink: /home/ueshiba/ros2_ws/install/aist_aruco_ros/share/aist_aruco_ros//launch/log/latest_build/realsense2_camera_msgs/command.log
[21.450s] -- Up-to-date symlink: /home/ueshiba/ros2_ws/install/aist_aruco_ros/share/aist_aruco_ros//launch/log/latest_build/realsense2_camera_msgs/stderr.log
[21.450s] -- Up-to-date symlink: /home/ueshiba/ros2_ws/install/aist_aruco_ros/share/aist_aruco_ros//launch/log/latest_build/realsense2_camera_msgs/stdout.log
[21.450s] -- Up-to-date symlink: /home/ueshiba/ros2_ws/install/aist_aruco_ros/share/aist_aruco_ros//launch/log/latest_build/realsense2_camera_msgs/stdout_stderr.log
[21.450s] -- Up-to-date symlink: /home/ueshiba/ros2_ws/install/aist_aruco_ros/share/aist_aruco_ros//launch/log/latest_build/realsense2_camera_msgs/streams.log
[21.450s] -- Up-to-date symlink: /home/ueshiba/ros2_ws/install/aist_aruco_ros/share/aist_aruco_ros//launch/log/latest_build/realsense2_description/command.log
[21.451s] -- Up-to-date symlink: /home/ueshiba/ros2_ws/install/aist_aruco_ros/share/aist_aruco_ros//launch/log/latest_build/realsense2_description/stderr.log
[21.451s] -- Up-to-date symlink: /home/ueshiba/ros2_ws/install/aist_aruco_ros/share/aist_aruco_ros//launch/log/latest_build/realsense2_description/stdout.log
[21.451s] -- Up-to-date symlink: /home/ueshiba/ros2_ws/install/aist_aruco_ros/share/aist_aruco_ros//launch/log/latest_build/realsense2_description/stdout_stderr.log
[21.451s] -- Up-to-date symlink: /home/ueshiba/ros2_ws/install/aist_aruco_ros/share/aist_aruco_ros//launch/log/latest_build/realsense2_description/streams.log
[21.451s] -- Up-to-date symlink: /home/ueshiba/ros2_ws/install/aist_aruco_ros/share/aist_aruco_ros//launch/log/latest_build/rqt_reconfigure/command.log
[21.451s] -- Up-to-date symlink: /home/ueshiba/ros2_ws/install/aist_aruco_ros/share/aist_aruco_ros//launch/log/latest_build/rqt_reconfigure/stderr.log
[21.451s] -- Up-to-date symlink: /home/ueshiba/ros2_ws/install/aist_aruco_ros/share/aist_aruco_ros//launch/log/latest_build/rqt_reconfigure/stdout.log
[21.451s] -- Up-to-date symlink: /home/ueshiba/ros2_ws/install/aist_aruco_ros/share/aist_aruco_ros//launch/log/latest_build/rqt_reconfigure/stdout_stderr.log
[21.451s] -- Up-to-date symlink: /home/ueshiba/ros2_ws/install/aist_aruco_ros/share/aist_aruco_ros//launch/log/latest_build/rqt_reconfigure/streams.log
[21.451s] -- Up-to-date symlink: /home/ueshiba/ros2_ws/install/aist_aruco_ros/share/aist_aruco_ros//launch/log/latest_build/rviz2/command.log
[21.451s] -- Up-to-date symlink: /home/ueshiba/ros2_ws/install/aist_aruco_ros/share/aist_aruco_ros//launch/log/latest_build/rviz2/stderr.log
[21.452s] -- Up-to-date symlink: /home/ueshiba/ros2_ws/install/aist_aruco_ros/share/aist_aruco_ros//launch/log/latest_build/rviz2/stdout.log
[21.452s] -- Up-to-date symlink: /home/ueshiba/ros2_ws/install/aist_aruco_ros/share/aist_aruco_ros//launch/log/latest_build/rviz2/stdout_stderr.log
[21.452s] -- Up-to-date symlink: /home/ueshiba/ros2_ws/install/aist_aruco_ros/share/aist_aruco_ros//launch/log/latest_build/rviz2/streams.log
[21.452s] -- Up-to-date symlink: /home/ueshiba/ros2_ws/install/aist_aruco_ros/share/aist_aruco_ros//launch/log/latest_build/rviz_assimp_vendor/command.log
[21.452s] -- Up-to-date symlink: /home/ueshiba/ros2_ws/install/aist_aruco_ros/share/aist_aruco_ros//launch/log/latest_build/rviz_assimp_vendor/stderr.log
[21.452s] -- Up-to-date symlink: /home/ueshiba/ros2_ws/install/aist_aruco_ros/share/aist_aruco_ros//launch/log/latest_build/rviz_assimp_vendor/stdout.log
[21.452s] -- Up-to-date symlink: /home/ueshiba/ros2_ws/install/aist_aruco_ros/share/aist_aruco_ros//launch/log/latest_build/rviz_assimp_vendor/stdout_stderr.log
[21.452s] -- Up-to-date symlink: /home/ueshiba/ros2_ws/install/aist_aruco_ros/share/aist_aruco_ros//launch/log/latest_build/rviz_assimp_vendor/streams.log
[21.452s] -- Up-to-date symlink: /home/ueshiba/ros2_ws/install/aist_aruco_ros/share/aist_aruco_ros//launch/log/latest_build/rviz_common/command.log
[21.452s] -- Up-to-date symlink: /home/ueshiba/ros2_ws/install/aist_aruco_ros/share/aist_aruco_ros//launch/log/latest_build/rviz_common/stderr.log
[21.452s] -- Up-to-date symlink: /home/ueshiba/ros2_ws/install/aist_aruco_ros/share/aist_aruco_ros//launch/log/latest_build/rviz_common/stdout.log
[21.453s] -- Up-to-date symlink: /home/ueshiba/ros2_ws/install/aist_aruco_ros/share/aist_aruco_ros//launch/log/latest_build/rviz_common/stdout_stderr.log
[21.453s] -- Up-to-date symlink: /home/ueshiba/ros2_ws/install/aist_aruco_ros/share/aist_aruco_ros//launch/log/latest_build/rviz_common/streams.log
[21.453s] -- Up-to-date symlink: /home/ueshiba/ros2_ws/install/aist_aruco_ros/share/aist_aruco_ros//launch/log/latest_build/rviz_default_plugins/command.log
[21.453s] -- Up-to-date symlink: /home/ueshiba/ros2_ws/install/aist_aruco_ros/share/aist_aruco_ros//launch/log/latest_build/rviz_default_plugins/stderr.log
[21.453s] -- Up-to-date symlink: /home/ueshiba/ros2_ws/install/aist_aruco_ros/share/aist_aruco_ros//launch/log/latest_build/rviz_default_plugins/stdout.log
[21.453s] -- Up-to-date symlink: /home/ueshiba/ros2_ws/install/aist_aruco_ros/share/aist_aruco_ros//launch/log/latest_build/rviz_default_plugins/stdout_stderr.log
[21.453s] -- Up-to-date symlink: /home/ueshiba/ros2_ws/install/aist_aruco_ros/share/aist_aruco_ros//launch/log/latest_build/rviz_default_plugins/streams.log
[21.453s] -- Up-to-date symlink: /home/ueshiba/ros2_ws/install/aist_aruco_ros/share/aist_aruco_ros//launch/log/latest_build/rviz_ogre_vendor/command.log
[21.453s] -- Up-to-date symlink: /home/ueshiba/ros2_ws/install/aist_aruco_ros/share/aist_aruco_ros//launch/log/latest_build/rviz_ogre_vendor/stderr.log
[21.453s] -- Up-to-date symlink: /home/ueshiba/ros2_ws/install/aist_aruco_ros/share/aist_aruco_ros//launch/log/latest_build/rviz_ogre_vendor/stdout.log
[21.453s] -- Up-to-date symlink: /home/ueshiba/ros2_ws/install/aist_aruco_ros/share/aist_aruco_ros//launch/log/latest_build/rviz_ogre_vendor/stdout_stderr.log
[21.453s] -- Up-to-date symlink: /home/ueshiba/ros2_ws/install/aist_aruco_ros/share/aist_aruco_ros//launch/log/latest_build/rviz_ogre_vendor/streams.log
[21.454s] -- Up-to-date symlink: /home/ueshiba/ros2_ws/install/aist_aruco_ros/share/aist_aruco_ros//launch/log/latest_build/rviz_rendering/command.log
[21.454s] -- Up-to-date symlink: /home/ueshiba/ros2_ws/install/aist_aruco_ros/share/aist_aruco_ros//launch/log/latest_build/rviz_rendering/stderr.log
[21.454s] -- Up-to-date symlink: /home/ueshiba/ros2_ws/install/aist_aruco_ros/share/aist_aruco_ros//launch/log/latest_build/rviz_rendering/stdout.log
[21.454s] -- Up-to-date symlink: /home/ueshiba/ros2_ws/install/aist_aruco_ros/share/aist_aruco_ros//launch/log/latest_build/rviz_rendering/stdout_stderr.log
[21.454s] -- Up-to-date symlink: /home/ueshiba/ros2_ws/install/aist_aruco_ros/share/aist_aruco_ros//launch/log/latest_build/rviz_rendering/streams.log
[21.454s] -- Up-to-date symlink: /home/ueshiba/ros2_ws/install/aist_aruco_ros/share/aist_aruco_ros//launch/log/latest_build/rviz_rendering_tests/command.log
[21.454s] -- Up-to-date symlink: /home/ueshiba/ros2_ws/install/aist_aruco_ros/share/aist_aruco_ros//launch/log/latest_build/rviz_rendering_tests/stderr.log
[21.454s] -- Up-to-date symlink: /home/ueshiba/ros2_ws/install/aist_aruco_ros/share/aist_aruco_ros//launch/log/latest_build/rviz_rendering_tests/stdout.log
[21.454s] -- Up-to-date symlink: /home/ueshiba/ros2_ws/install/aist_aruco_ros/share/aist_aruco_ros//launch/log/latest_build/rviz_rendering_tests/stdout_stderr.log
[21.454s] -- Up-to-date symlink: /home/ueshiba/ros2_ws/install/aist_aruco_ros/share/aist_aruco_ros//launch/log/latest_build/rviz_rendering_tests/streams.log
[21.454s] -- Up-to-date symlink: /home/ueshiba/ros2_ws/install/aist_aruco_ros/share/aist_aruco_ros//launch/log/latest_build/rviz_visual_testing_framework/command.log
[21.454s] -- Up-to-date symlink: /home/ueshiba/ros2_ws/install/aist_aruco_ros/share/aist_aruco_ros//launch/log/latest_build/rviz_visual_testing_framework/stderr.log
[21.455s] -- Up-to-date symlink: /home/ueshiba/ros2_ws/install/aist_aruco_ros/share/aist_aruco_ros//launch/log/latest_build/rviz_visual_testing_framework/stdout.log
[21.455s] -- Up-to-date symlink: /home/ueshiba/ros2_ws/install/aist_aruco_ros/share/aist_aruco_ros//launch/log/latest_build/rviz_visual_testing_framework/stdout_stderr.log
[21.455s] -- Up-to-date symlink: /home/ueshiba/ros2_ws/install/aist_aruco_ros/share/aist_aruco_ros//launch/log/latest_build/rviz_visual_testing_framework/streams.log
[21.455s] -- Up-to-date symlink: /home/ueshiba/ros2_ws/install/aist_aruco_ros/share/aist_aruco_ros//launch/multi_detector.launch.py
[21.455s] -- Up-to-date symlink: /home/ueshiba/ros2_ws/install/aist_aruco_ros/share/aist_aruco_ros//launch/multi_detector.launch.py~
[21.455s] -- Up-to-date symlink: /home/ueshiba/ros2_ws/install/aist_aruco_ros/share/aist_aruco_ros//launch/multicam.launch
[21.455s] -- Up-to-date symlink: /home/ueshiba/ros2_ws/install/aist_aruco_ros/share/aist_aruco_ros//launch/phoxi.launch
[21.455s] -- Up-to-date symlink: /home/ueshiba/ros2_ws/install/aist_aruco_ros/share/aist_aruco_ros//launch/realsense.launch
[21.455s] -- Up-to-date symlink: /home/ueshiba/ros2_ws/install/aist_aruco_ros/share/aist_aruco_ros//launch/realsense.rviz
[21.455s] -- Up-to-date symlink: /home/ueshiba/ros2_ws/install/aist_aruco_ros/share/aist_aruco_ros//launch/run.launch
[21.455s] -- Up-to-date symlink: /home/ueshiba/ros2_ws/install/aist_aruco_ros/share/aist_aruco_ros//launch/run_multi.launch
[21.455s] -- Up-to-date symlink: /home/ueshiba/ros2_ws/install/aist_aruco_ros/share/aist_aruco_ros//launch/run_multi_with_config.launch
[21.455s] -- Up-to-date symlink: /home/ueshiba/ros2_ws/install/aist_aruco_ros/share/aist_aruco_ros//launch/test_detector_3d.launch.py
[21.456s] -- Up-to-date symlink: /home/ueshiba/ros2_ws/install/aist_aruco_ros/share/aist_aruco_ros//launch/usb_cam.launch
[21.456s] -- Up-to-date symlink: /home/ueshiba/ros2_ws/install/aist_aruco_ros/share/aist_aruco_ros//config/aruco-100_101_102_103-150x150-5.yaml
[21.456s] -- Up-to-date symlink: /home/ueshiba/ros2_ws/install/aist_aruco_ros/share/aist_aruco_ros//config/aruco-100_101_102_103-72x72-4.yaml
[21.456s] -- Up-to-date symlink: /home/ueshiba/ros2_ws/install/aist_aruco_ros/share/aist_aruco_ros//config/aruco-17_26_32_256-150x150-5.yaml
[21.456s] -- Up-to-date symlink: /home/ueshiba/ros2_ws/install/aist_aruco_ros/share/aist_aruco_ros//config/aruco-26-70x70-5.yaml
[21.456s] -- Up-to-date symlink: /home/ueshiba/ros2_ws/install/aist_aruco_ros/share/aist_aruco_ros//config/aruco-6x4-246x162-6.yaml
[21.457s] -- Up-to-date symlink: /home/ueshiba/ros2_ws/install/aist_aruco_ros/share/aist_aruco_ros//urdf/ar_marker.urdf.xacro
[21.457s] -- Up-to-date symlink: /home/ueshiba/ros2_ws/install/aist_aruco_ros/share/aist_aruco_ros//media/materials/scripts/aruco.material
[21.457s] -- Up-to-date symlink: /home/ueshiba/ros2_ws/install/aist_aruco_ros/share/aist_aruco_ros//media/materials/textures/aruco-100_101_102_103-150x150-5.png
[21.457s] -- Up-to-date symlink: /home/ueshiba/ros2_ws/install/aist_aruco_ros/share/aist_aruco_ros//media/materials/textures/aruco-100_101_102_103-72x72-4.png
[21.457s] -- Up-to-date symlink: /home/ueshiba/ros2_ws/install/aist_aruco_ros/share/aist_aruco_ros//media/materials/textures/aruco-17-70x70-5.png
[21.458s] -- Up-to-date symlink: /home/ueshiba/ros2_ws/install/aist_aruco_ros/share/aist_aruco_ros//media/materials/textures/aruco-17-80x80-10.png
[21.458s] -- Up-to-date symlink: /home/ueshiba/ros2_ws/install/aist_aruco_ros/share/aist_aruco_ros//media/materials/textures/aruco-17_26_32_256-150x150-5.png
[21.458s] -- Up-to-date symlink: /home/ueshiba/ros2_ws/install/aist_aruco_ros/share/aist_aruco_ros//media/materials/textures/aruco-17_26_32_256-72x72-4.png
[21.458s] -- Up-to-date symlink: /home/ueshiba/ros2_ws/install/aist_aruco_ros/share/aist_aruco_ros//media/materials/textures/aruco-1_18-28x62-3.png
[21.458s] -- Up-to-date symlink: /home/ueshiba/ros2_ws/install/aist_aruco_ros/share/aist_aruco_ros//media/materials/textures/aruco-256-70x70-5.png
[21.458s] -- Up-to-date symlink: /home/ueshiba/ros2_ws/install/aist_aruco_ros/share/aist_aruco_ros//media/materials/textures/aruco-256-80x80-10.png
[21.458s] -- Up-to-date symlink: /home/ueshiba/ros2_ws/install/aist_aruco_ros/share/aist_aruco_ros//media/materials/textures/aruco-26-70x70-5.png
[21.458s] -- Up-to-date symlink: /home/ueshiba/ros2_ws/install/aist_aruco_ros/share/aist_aruco_ros//media/materials/textures/aruco-26-80x80-10.png
[21.458s] -- Up-to-date symlink: /home/ueshiba/ros2_ws/install/aist_aruco_ros/share/aist_aruco_ros//media/materials/textures/aruco-32-160x160-10.png
[21.458s] -- Up-to-date symlink: /home/ueshiba/ros2_ws/install/aist_aruco_ros/share/aist_aruco_ros//media/materials/textures/aruco-32-70x70-5.png
[21.458s] -- Up-to-date symlink: /home/ueshiba/ros2_ws/install/aist_aruco_ros/share/aist_aruco_ros//media/materials/textures/aruco-32-80x80-10.png
[21.458s] -- Up-to-date symlink: /home/ueshiba/ros2_ws/install/aist_aruco_ros/share/aist_aruco_ros//media/materials/textures/aruco-6x4-246x162-6.png
[21.459s] -- Up-to-date symlink: /home/ueshiba/ros2_ws/install/aist_aruco_ros/share/ament_index/resource_index/package_run_dependencies/aist_aruco_ros
[21.459s] -- Up-to-date symlink: /home/ueshiba/ros2_ws/install/aist_aruco_ros/share/ament_index/resource_index/parent_prefix_path/aist_aruco_ros
[21.459s] -- Up-to-date symlink: /home/ueshiba/ros2_ws/install/aist_aruco_ros/share/aist_aruco_ros/environment/ament_prefix_path.sh
[21.459s] -- Up-to-date symlink: /home/ueshiba/ros2_ws/install/aist_aruco_ros/share/aist_aruco_ros/environment/ament_prefix_path.dsv
[21.459s] -- Up-to-date symlink: /home/ueshiba/ros2_ws/install/aist_aruco_ros/share/aist_aruco_ros/environment/path.sh
[21.459s] -- Up-to-date symlink: /home/ueshiba/ros2_ws/install/aist_aruco_ros/share/aist_aruco_ros/environment/path.dsv
[21.459s] -- Up-to-date symlink: /home/ueshiba/ros2_ws/install/aist_aruco_ros/share/aist_aruco_ros/local_setup.bash
[21.459s] -- Up-to-date symlink: /home/ueshiba/ros2_ws/install/aist_aruco_ros/share/aist_aruco_ros/local_setup.sh
[21.459s] -- Up-to-date symlink: /home/ueshiba/ros2_ws/install/aist_aruco_ros/share/aist_aruco_ros/local_setup.zsh
[21.460s] -- Up-to-date symlink: /home/ueshiba/ros2_ws/install/aist_aruco_ros/share/aist_aruco_ros/local_setup.dsv
[21.460s] -- Symlinking: /home/ueshiba/ros2_ws/install/aist_aruco_ros/share/aist_aruco_ros/package.dsv
[21.468s] -- Up-to-date symlink: /home/ueshiba/ros2_ws/install/aist_aruco_ros/share/ament_index/resource_index/packages/aist_aruco_ros
[21.468s] -- Up-to-date symlink: /home/ueshiba/ros2_ws/install/aist_aruco_ros/share/ament_index/resource_index/rclcpp_components/aist_aruco_ros
[21.468s] -- Up-to-date symlink: /home/ueshiba/ros2_ws/install/aist_aruco_ros/share/aist_aruco_ros/cmake/aist_aruco_rosConfig.cmake
[21.468s] -- Up-to-date symlink: /home/ueshiba/ros2_ws/install/aist_aruco_ros/share/aist_aruco_ros/cmake/aist_aruco_rosConfig-version.cmake
[21.468s] -- Up-to-date symlink: /home/ueshiba/ros2_ws/install/aist_aruco_ros/share/aist_aruco_ros/package.xml
[21.469s] -- Installing: /home/ueshiba/ros2_ws/install/aist_aruco_ros/lib/libaist_aruco_ros.so
[21.486s] Invoked command in '/home/ueshiba/ros2_ws/build/aist_aruco_ros' returned '0': CMAKE_PREFIX_PATH=/home/ueshiba/ros2_ws/install/aist_utility:/home/ueshiba/ros2_ws/install/ddynamic_reconfigure2:/home/ueshiba/ros2_ws/install/aruco:/home/ueshiba/ros2_ws/install/aist_msgs:/home/ueshiba/ros2_ws/install/aist_aruco_msgs:/home/ueshiba/ros2_ws/install/ur_simulation_gz:/home/ueshiba/ros2_ws/install/realsense2_description:/home/ueshiba/ros2_ws/install/realsense2_camera:/home/ueshiba/ros2_ws/install/realsense2_camera_msgs:/home/ueshiba/ros2_ws/install/cu_bridge:/home/ueshiba/ros2_ws/install/aist_handeye_calibration:/home/ueshiba/ros2_ws/install/aist_aruco_ros:/home/ueshiba/ros2_ws/install/aist_phoxi_camera:/home/ueshiba/ros2_ws/install/aist_camera_multiplexer:/home/ueshiba/ros2_ws/install/aruco_ros:/home/ueshiba/ros2_ws/install/aruco_msgs:/home/ueshiba/ros2_ws/install/aist_handeye_calibration_msgs:/home/ueshiba/ros2_ws/install/aist_description:/home/ueshiba/ros2_ws/install/rqt_reconfigure:/opt/ros/rolling LD_LIBRARY_PATH=/home/ueshiba/ros2_ws/install/aist_utility/lib:/home/ueshiba/ros2_ws/install/aruco/lib:/home/ueshiba/ros2_ws/install/aist_msgs/lib:/home/ueshiba/ros2_ws/install/aist_aruco_msgs/lib:/home/ueshiba/ros2_ws/install/realsense2_camera/lib:/home/ueshiba/ros2_ws/install/realsense2_camera_msgs/lib:/home/ueshiba/ros2_ws/install/cu_bridge/lib:/home/ueshiba/ros2_ws/install/aist_handeye_calibration/lib:/home/ueshiba/ros2_ws/install/aist_aruco_ros/lib:/home/ueshiba/ros2_ws/install/aist_phoxi_camera/lib:/home/ueshiba/ros2_ws/install/aist_camera_multiplexer/lib:/home/ueshiba/ros2_ws/install/ddynamic_reconfigure2/lib:/home/ueshiba/ros2_ws/install/aruco_ros/lib:/home/ueshiba/ros2_ws/install/aruco_msgs/lib:/home/ueshiba/ros2_ws/install/aist_handeye_calibration_msgs/lib:/opt/ros/rolling/opt/rviz_ogre_vendor/lib:/opt/ros/rolling/lib/x86_64-linux-gnu:/opt/ros/rolling/lib:/usr/local/lib:/usr/lib64:/usr/local/cuda/lib64:/opt/Photoneo/PhoXiControl-1.13.1/API/lib PS1=\[\e]0;\u@\h: \w\a\]\h% PYTHONPATH=/home/ueshiba/ros2_ws/install/ddynamic_reconfigure2/lib/python3.10/site-packages:/home/ueshiba/ros2_ws/install/aist_msgs/lib/python3.10/site-packages:/home/ueshiba/ros2_ws/install/aist_aruco_msgs/lib/python3.10/site-packages:/home/ueshiba/ros2_ws/build/rqt_reconfigure/src:/home/ueshiba/ros2_ws/install/rqt_reconfigure/lib/python3.10/site-packages:/home/ueshiba/ros2_ws/install/realsense2_camera_msgs/lib/python3.10/site-packages:/home/ueshiba/ros2_ws/install/aist_handeye_calibration/lib/python3.10/site-packages:/home/ueshiba/ros2_ws/install/aist_camera_multiplexer/lib/python3.10/site-packages:/home/ueshiba/ros2_ws/install/aruco_msgs/lib/python3.10/site-packages:/home/ueshiba/ros2_ws/install/aist_handeye_calibration_msgs/lib/python3.10/site-packages:/opt/ros/rolling/lib/python3.10/site-packages /usr/bin/cmake --install /home/ueshiba/ros2_ws/build/aist_aruco_ros
