[0.025s] Invoking command in '/home/ueshiba/ros2_ws/build/aist_handeye_calibration_msgs': CMAKE_PREFIX_PATH=${CMAKE_PREFIX_PATH}:/home/ueshiba/ros2_ws/install/rqt_reconfigure:/opt/ros/rolling PS1=\[\e]0;\u@\h: \w\a\]\h% /usr/bin/cmake --build /home/ueshiba/ros2_ws/build/aist_handeye_calibration_msgs -- -j24 -l24
[0.237s] [  1%] Built target aist_handeye_calibration_msgs__rosidl_generator_type_description
[0.237s] [  1%] Built target ament_cmake_python_symlink_aist_handeye_calibration_msgs
[0.237s] [  3%] Built target aist_handeye_calibration_msgs__cpp
[0.237s] [ 24%] Built target aist_handeye_calibration_msgs__rosidl_generator_c
[0.238s] [35m[1mConsolidate compiler generated dependencies of target aist_handeye_calibration_msgs__rosidl_typesupport_fastrtps_c[0m
[0.238s] [35m[1mConsolidate compiler generated dependencies of target aist_handeye_calibration_msgs__rosidl_typesupport_cpp[0m
[0.238s] [35m[1mConsolidate compiler generated dependencies of target aist_handeye_calibration_msgs__rosidl_typesupport_introspection_cpp[0m
[0.238s] [35m[1mConsolidate compiler generated dependencies of target aist_handeye_calibration_msgs__rosidl_typesupport_fastrtps_cpp[0m
[0.238s] [ 33%] Built target aist_handeye_calibration_msgs__rosidl_typesupport_fastrtps_c
[0.238s] [ 42%] Built target aist_handeye_calibration_msgs__rosidl_typesupport_cpp
[0.238s] [ 51%] Built target aist_handeye_calibration_msgs__rosidl_typesupport_introspection_c
[0.238s] [ 61%] Built target aist_handeye_calibration_msgs__rosidl_typesupport_introspection_cpp
[0.238s] [ 70%] Built target aist_handeye_calibration_msgs__rosidl_typesupport_c
[0.238s] [ 79%] Built target aist_handeye_calibration_msgs__rosidl_typesupport_fastrtps_cpp
[0.238s] [ 79%] Built target aist_handeye_calibration_msgs
[0.238s] [ 81%] Built target aist_handeye_calibration_msgs__py
[0.238s] [35m[1mConsolidate compiler generated dependencies of target aist_handeye_calibration_msgs__rosidl_generator_py[0m
[0.238s] [ 88%] Built target aist_handeye_calibration_msgs__rosidl_generator_py
[0.238s] [35m[1mConsolidate compiler generated dependencies of target aist_handeye_calibration_msgs__rosidl_typesupport_c__pyext[0m
[0.238s] [35m[1mConsolidate compiler generated dependencies of target aist_handeye_calibration_msgs__rosidl_typesupport_introspection_c__pyext[0m
[0.238s] [35m[1mConsolidate compiler generated dependencies of target aist_handeye_calibration_msgs__rosidl_typesupport_fastrtps_c__pyext[0m
[0.239s] [ 92%] Built target aist_handeye_calibration_msgs__rosidl_typesupport_c__pyext
[0.239s] [ 96%] Built target aist_handeye_calibration_msgs__rosidl_typesupport_introspection_c__pyext
[0.239s] [100%] Built target aist_handeye_calibration_msgs__rosidl_typesupport_fastrtps_c__pyext
[0.283s] running egg_info
[0.284s] writing aist_handeye_calibration_msgs.egg-info/PKG-INFO
[0.284s] writing dependency_links to aist_handeye_calibration_msgs.egg-info/dependency_links.txt
[0.284s] writing top-level names to aist_handeye_calibration_msgs.egg-info/top_level.txt
[0.285s] reading manifest file 'aist_handeye_calibration_msgs.egg-info/SOURCES.txt'
[0.286s] writing manifest file 'aist_handeye_calibration_msgs.egg-info/SOURCES.txt'
[0.303s] [100%] Built target ament_cmake_python_build_aist_handeye_calibration_msgs_egg
[0.328s] Invoked command in '/home/ueshiba/ros2_ws/build/aist_handeye_calibration_msgs' returned '0': CMAKE_PREFIX_PATH=${CMAKE_PREFIX_PATH}:/home/ueshiba/ros2_ws/install/rqt_reconfigure:/opt/ros/rolling PS1=\[\e]0;\u@\h: \w\a\]\h% /usr/bin/cmake --build /home/ueshiba/ros2_ws/build/aist_handeye_calibration_msgs -- -j24 -l24
[0.434s] Invoking command in '/home/ueshiba/ros2_ws/build/aist_handeye_calibration_msgs': CMAKE_PREFIX_PATH=${CMAKE_PREFIX_PATH}:/home/ueshiba/ros2_ws/install/rqt_reconfigure:/opt/ros/rolling PS1=\[\e]0;\u@\h: \w\a\]\h% /usr/bin/cmake --install /home/ueshiba/ros2_ws/build/aist_handeye_calibration_msgs
[0.439s] -- Install configuration: ""
[0.439s] -- Execute custom install script
[0.439s] -- Up-to-date symlink: /home/ueshiba/ros2_ws/install/aist_handeye_calibration_msgs/share/ament_index/resource_index/rosidl_interfaces/aist_handeye_calibration_msgs
[0.440s] -- Up-to-date symlink: /home/ueshiba/ros2_ws/install/aist_handeye_calibration_msgs/share/aist_handeye_calibration_msgs/srv/ComputeCalibration.json
[0.440s] -- Up-to-date symlink: /home/ueshiba/ros2_ws/install/aist_handeye_calibration_msgs/share/aist_handeye_calibration_msgs/srv/GetSampleList.json
[0.440s] -- Up-to-date symlink: /home/ueshiba/ros2_ws/install/aist_handeye_calibration_msgs/share/aist_handeye_calibration_msgs/action/TakeSample.json
[0.441s] -- Up-to-date symlink: /home/ueshiba/ros2_ws/install/aist_handeye_calibration_msgs/include/aist_handeye_calibration_msgs/aist_handeye_calibration_msgs/action/detail/take_sample__functions.h
[0.441s] -- Up-to-date symlink: /home/ueshiba/ros2_ws/install/aist_handeye_calibration_msgs/include/aist_handeye_calibration_msgs/aist_handeye_calibration_msgs/action/detail/take_sample__struct.h
[0.441s] -- Up-to-date symlink: /home/ueshiba/ros2_ws/install/aist_handeye_calibration_msgs/include/aist_handeye_calibration_msgs/aist_handeye_calibration_msgs/action/detail/take_sample__type_support.h
[0.441s] -- Up-to-date symlink: /home/ueshiba/ros2_ws/install/aist_handeye_calibration_msgs/include/aist_handeye_calibration_msgs/aist_handeye_calibration_msgs/action/take_sample.h
[0.442s] -- Up-to-date symlink: /home/ueshiba/ros2_ws/install/aist_handeye_calibration_msgs/include/aist_handeye_calibration_msgs/aist_handeye_calibration_msgs/msg/rosidl_generator_c__visibility_control.h
[0.442s] -- Up-to-date symlink: /home/ueshiba/ros2_ws/install/aist_handeye_calibration_msgs/include/aist_handeye_calibration_msgs/aist_handeye_calibration_msgs/srv/compute_calibration.h
[0.442s] -- Up-to-date symlink: /home/ueshiba/ros2_ws/install/aist_handeye_calibration_msgs/include/aist_handeye_calibration_msgs/aist_handeye_calibration_msgs/srv/detail/compute_calibration__functions.h
[0.443s] -- Up-to-date symlink: /home/ueshiba/ros2_ws/install/aist_handeye_calibration_msgs/include/aist_handeye_calibration_msgs/aist_handeye_calibration_msgs/srv/detail/compute_calibration__struct.h
[0.443s] -- Up-to-date symlink: /home/ueshiba/ros2_ws/install/aist_handeye_calibration_msgs/include/aist_handeye_calibration_msgs/aist_handeye_calibration_msgs/srv/detail/compute_calibration__type_support.h
[0.443s] -- Up-to-date symlink: /home/ueshiba/ros2_ws/install/aist_handeye_calibration_msgs/include/aist_handeye_calibration_msgs/aist_handeye_calibration_msgs/srv/detail/get_sample_list__functions.h
[0.443s] -- Up-to-date symlink: /home/ueshiba/ros2_ws/install/aist_handeye_calibration_msgs/include/aist_handeye_calibration_msgs/aist_handeye_calibration_msgs/srv/detail/get_sample_list__struct.h
[0.444s] -- Up-to-date symlink: /home/ueshiba/ros2_ws/install/aist_handeye_calibration_msgs/include/aist_handeye_calibration_msgs/aist_handeye_calibration_msgs/srv/detail/get_sample_list__type_support.h
[0.444s] -- Up-to-date symlink: /home/ueshiba/ros2_ws/install/aist_handeye_calibration_msgs/include/aist_handeye_calibration_msgs/aist_handeye_calibration_msgs/srv/get_sample_list.h
[0.444s] -- Up-to-date symlink: /home/ueshiba/ros2_ws/install/aist_handeye_calibration_msgs/share/aist_handeye_calibration_msgs/environment/library_path.sh
[0.444s] -- Up-to-date symlink: /home/ueshiba/ros2_ws/install/aist_handeye_calibration_msgs/share/aist_handeye_calibration_msgs/environment/library_path.dsv
[0.444s] -- Up-to-date symlink: /home/ueshiba/ros2_ws/install/aist_handeye_calibration_msgs/include/aist_handeye_calibration_msgs/aist_handeye_calibration_msgs/action/detail/take_sample__rosidl_typesupport_fastrtps_c.h
[0.444s] -- Up-to-date symlink: /home/ueshiba/ros2_ws/install/aist_handeye_calibration_msgs/include/aist_handeye_calibration_msgs/aist_handeye_calibration_msgs/msg/rosidl_typesupport_fastrtps_c__visibility_control.h
[0.445s] -- Up-to-date symlink: /home/ueshiba/ros2_ws/install/aist_handeye_calibration_msgs/include/aist_handeye_calibration_msgs/aist_handeye_calibration_msgs/srv/detail/compute_calibration__rosidl_typesupport_fastrtps_c.h
[0.445s] -- Up-to-date symlink: /home/ueshiba/ros2_ws/install/aist_handeye_calibration_msgs/include/aist_handeye_calibration_msgs/aist_handeye_calibration_msgs/srv/detail/get_sample_list__rosidl_typesupport_fastrtps_c.h
[0.445s] -- Up-to-date symlink: /home/ueshiba/ros2_ws/install/aist_handeye_calibration_msgs/include/aist_handeye_calibration_msgs/aist_handeye_calibration_msgs/action/detail/take_sample__rosidl_typesupport_introspection_c.h
[0.445s] -- Up-to-date symlink: /home/ueshiba/ros2_ws/install/aist_handeye_calibration_msgs/include/aist_handeye_calibration_msgs/aist_handeye_calibration_msgs/msg/rosidl_typesupport_introspection_c__visibility_control.h
[0.446s] -- Up-to-date symlink: /home/ueshiba/ros2_ws/install/aist_handeye_calibration_msgs/include/aist_handeye_calibration_msgs/aist_handeye_calibration_msgs/srv/detail/compute_calibration__rosidl_typesupport_introspection_c.h
[0.446s] -- Up-to-date symlink: /home/ueshiba/ros2_ws/install/aist_handeye_calibration_msgs/include/aist_handeye_calibration_msgs/aist_handeye_calibration_msgs/srv/detail/get_sample_list__rosidl_typesupport_introspection_c.h
[0.446s] -- Up-to-date symlink: /home/ueshiba/ros2_ws/install/aist_handeye_calibration_msgs/include/aist_handeye_calibration_msgs/aist_handeye_calibration_msgs/action/detail/take_sample__builder.hpp
[0.446s] -- Up-to-date symlink: /home/ueshiba/ros2_ws/install/aist_handeye_calibration_msgs/include/aist_handeye_calibration_msgs/aist_handeye_calibration_msgs/action/detail/take_sample__struct.hpp
[0.446s] -- Up-to-date symlink: /home/ueshiba/ros2_ws/install/aist_handeye_calibration_msgs/include/aist_handeye_calibration_msgs/aist_handeye_calibration_msgs/action/detail/take_sample__traits.hpp
[0.446s] -- Up-to-date symlink: /home/ueshiba/ros2_ws/install/aist_handeye_calibration_msgs/include/aist_handeye_calibration_msgs/aist_handeye_calibration_msgs/action/detail/take_sample__type_support.hpp
[0.446s] -- Up-to-date symlink: /home/ueshiba/ros2_ws/install/aist_handeye_calibration_msgs/include/aist_handeye_calibration_msgs/aist_handeye_calibration_msgs/action/take_sample.hpp
[0.446s] -- Up-to-date symlink: /home/ueshiba/ros2_ws/install/aist_handeye_calibration_msgs/include/aist_handeye_calibration_msgs/aist_handeye_calibration_msgs/msg/rosidl_generator_cpp__visibility_control.hpp
[0.446s] -- Up-to-date symlink: /home/ueshiba/ros2_ws/install/aist_handeye_calibration_msgs/include/aist_handeye_calibration_msgs/aist_handeye_calibration_msgs/srv/compute_calibration.hpp
[0.446s] -- Up-to-date symlink: /home/ueshiba/ros2_ws/install/aist_handeye_calibration_msgs/include/aist_handeye_calibration_msgs/aist_handeye_calibration_msgs/srv/detail/compute_calibration__builder.hpp
[0.446s] -- Up-to-date symlink: /home/ueshiba/ros2_ws/install/aist_handeye_calibration_msgs/include/aist_handeye_calibration_msgs/aist_handeye_calibration_msgs/srv/detail/compute_calibration__struct.hpp
[0.446s] -- Up-to-date symlink: /home/ueshiba/ros2_ws/install/aist_handeye_calibration_msgs/include/aist_handeye_calibration_msgs/aist_handeye_calibration_msgs/srv/detail/compute_calibration__traits.hpp
[0.447s] -- Up-to-date symlink: /home/ueshiba/ros2_ws/install/aist_handeye_calibration_msgs/include/aist_handeye_calibration_msgs/aist_handeye_calibration_msgs/srv/detail/compute_calibration__type_support.hpp
[0.447s] -- Up-to-date symlink: /home/ueshiba/ros2_ws/install/aist_handeye_calibration_msgs/include/aist_handeye_calibration_msgs/aist_handeye_calibration_msgs/srv/detail/get_sample_list__builder.hpp
[0.447s] -- Up-to-date symlink: /home/ueshiba/ros2_ws/install/aist_handeye_calibration_msgs/include/aist_handeye_calibration_msgs/aist_handeye_calibration_msgs/srv/detail/get_sample_list__struct.hpp
[0.447s] -- Up-to-date symlink: /home/ueshiba/ros2_ws/install/aist_handeye_calibration_msgs/include/aist_handeye_calibration_msgs/aist_handeye_calibration_msgs/srv/detail/get_sample_list__traits.hpp
[0.447s] -- Up-to-date symlink: /home/ueshiba/ros2_ws/install/aist_handeye_calibration_msgs/include/aist_handeye_calibration_msgs/aist_handeye_calibration_msgs/srv/detail/get_sample_list__type_support.hpp
[0.447s] -- Up-to-date symlink: /home/ueshiba/ros2_ws/install/aist_handeye_calibration_msgs/include/aist_handeye_calibration_msgs/aist_handeye_calibration_msgs/srv/get_sample_list.hpp
[0.447s] -- Up-to-date symlink: /home/ueshiba/ros2_ws/install/aist_handeye_calibration_msgs/include/aist_handeye_calibration_msgs/aist_handeye_calibration_msgs/action/detail/take_sample__rosidl_typesupport_fastrtps_cpp.hpp
[0.447s] -- Up-to-date symlink: /home/ueshiba/ros2_ws/install/aist_handeye_calibration_msgs/include/aist_handeye_calibration_msgs/aist_handeye_calibration_msgs/msg/rosidl_typesupport_fastrtps_cpp__visibility_control.h
[0.447s] -- Up-to-date symlink: /home/ueshiba/ros2_ws/install/aist_handeye_calibration_msgs/include/aist_handeye_calibration_msgs/aist_handeye_calibration_msgs/srv/detail/compute_calibration__rosidl_typesupport_fastrtps_cpp.hpp
[0.447s] -- Up-to-date symlink: /home/ueshiba/ros2_ws/install/aist_handeye_calibration_msgs/include/aist_handeye_calibration_msgs/aist_handeye_calibration_msgs/srv/detail/get_sample_list__rosidl_typesupport_fastrtps_cpp.hpp
[0.448s] -- Up-to-date symlink: /home/ueshiba/ros2_ws/install/aist_handeye_calibration_msgs/include/aist_handeye_calibration_msgs/aist_handeye_calibration_msgs/action/detail/take_sample__rosidl_typesupport_introspection_cpp.hpp
[0.448s] -- Up-to-date symlink: /home/ueshiba/ros2_ws/install/aist_handeye_calibration_msgs/include/aist_handeye_calibration_msgs/aist_handeye_calibration_msgs/srv/detail/compute_calibration__rosidl_typesupport_introspection_cpp.hpp
[0.448s] -- Up-to-date symlink: /home/ueshiba/ros2_ws/install/aist_handeye_calibration_msgs/include/aist_handeye_calibration_msgs/aist_handeye_calibration_msgs/srv/detail/get_sample_list__rosidl_typesupport_introspection_cpp.hpp
[0.448s] -- Up-to-date symlink: /home/ueshiba/ros2_ws/install/aist_handeye_calibration_msgs/share/aist_handeye_calibration_msgs/environment/pythonpath.sh
[0.448s] -- Up-to-date symlink: /home/ueshiba/ros2_ws/install/aist_handeye_calibration_msgs/share/aist_handeye_calibration_msgs/environment/pythonpath.dsv
[0.449s] -- Up-to-date symlink: /home/ueshiba/ros2_ws/install/aist_handeye_calibration_msgs/lib/python3.10/site-packages/aist_handeye_calibration_msgs-0.6.0-py3.10.egg-info/PKG-INFO
[0.449s] -- Up-to-date symlink: /home/ueshiba/ros2_ws/install/aist_handeye_calibration_msgs/lib/python3.10/site-packages/aist_handeye_calibration_msgs-0.6.0-py3.10.egg-info/SOURCES.txt
[0.449s] -- Up-to-date symlink: /home/ueshiba/ros2_ws/install/aist_handeye_calibration_msgs/lib/python3.10/site-packages/aist_handeye_calibration_msgs-0.6.0-py3.10.egg-info/dependency_links.txt
[0.449s] -- Up-to-date symlink: /home/ueshiba/ros2_ws/install/aist_handeye_calibration_msgs/lib/python3.10/site-packages/aist_handeye_calibration_msgs-0.6.0-py3.10.egg-info/top_level.txt
[0.449s] -- Up-to-date symlink: /home/ueshiba/ros2_ws/install/aist_handeye_calibration_msgs/lib/python3.10/site-packages/aist_handeye_calibration_msgs/__init__.py
[0.450s] -- Up-to-date symlink: /home/ueshiba/ros2_ws/install/aist_handeye_calibration_msgs/lib/python3.10/site-packages/aist_handeye_calibration_msgs/_aist_handeye_calibration_msgs_s.ep.rosidl_typesupport_c.c
[0.450s] -- Up-to-date symlink: /home/ueshiba/ros2_ws/install/aist_handeye_calibration_msgs/lib/python3.10/site-packages/aist_handeye_calibration_msgs/_aist_handeye_calibration_msgs_s.ep.rosidl_typesupport_fastrtps_c.c
[0.450s] -- Up-to-date symlink: /home/ueshiba/ros2_ws/install/aist_handeye_calibration_msgs/lib/python3.10/site-packages/aist_handeye_calibration_msgs/_aist_handeye_calibration_msgs_s.ep.rosidl_typesupport_introspection_c.c
[0.450s] -- Up-to-date symlink: /home/ueshiba/ros2_ws/install/aist_handeye_calibration_msgs/lib/python3.10/site-packages/aist_handeye_calibration_msgs/action/__init__.py
[0.450s] -- Up-to-date symlink: /home/ueshiba/ros2_ws/install/aist_handeye_calibration_msgs/lib/python3.10/site-packages/aist_handeye_calibration_msgs/action/_take_sample.py
[0.451s] -- Up-to-date symlink: /home/ueshiba/ros2_ws/install/aist_handeye_calibration_msgs/lib/python3.10/site-packages/aist_handeye_calibration_msgs/action/_take_sample_s.c
[0.451s] -- Up-to-date symlink: /home/ueshiba/ros2_ws/install/aist_handeye_calibration_msgs/lib/python3.10/site-packages/aist_handeye_calibration_msgs/srv/__init__.py
[0.451s] -- Up-to-date symlink: /home/ueshiba/ros2_ws/install/aist_handeye_calibration_msgs/lib/python3.10/site-packages/aist_handeye_calibration_msgs/srv/_compute_calibration.py
[0.451s] -- Up-to-date symlink: /home/ueshiba/ros2_ws/install/aist_handeye_calibration_msgs/lib/python3.10/site-packages/aist_handeye_calibration_msgs/srv/_compute_calibration_s.c
[0.451s] -- Up-to-date symlink: /home/ueshiba/ros2_ws/install/aist_handeye_calibration_msgs/lib/python3.10/site-packages/aist_handeye_calibration_msgs/srv/_get_sample_list.py
[0.451s] -- Up-to-date symlink: /home/ueshiba/ros2_ws/install/aist_handeye_calibration_msgs/lib/python3.10/site-packages/aist_handeye_calibration_msgs/srv/_get_sample_list_s.c
[0.452s] -- Up-to-date symlink: /home/ueshiba/ros2_ws/install/aist_handeye_calibration_msgs/lib/python3.10/site-packages/aist_handeye_calibration_msgs/aist_handeye_calibration_msgs_s__rosidl_typesupport_fastrtps_c.cpython-310-x86_64-linux-gnu.so
[0.452s] -- Up-to-date symlink: /home/ueshiba/ros2_ws/install/aist_handeye_calibration_msgs/lib/python3.10/site-packages/aist_handeye_calibration_msgs/aist_handeye_calibration_msgs_s__rosidl_typesupport_introspection_c.cpython-310-x86_64-linux-gnu.so
[0.453s] -- Up-to-date symlink: /home/ueshiba/ros2_ws/install/aist_handeye_calibration_msgs/lib/python3.10/site-packages/aist_handeye_calibration_msgs/aist_handeye_calibration_msgs_s__rosidl_typesupport_c.cpython-310-x86_64-linux-gnu.so
[0.453s] -- Up-to-date symlink: /home/ueshiba/ros2_ws/install/aist_handeye_calibration_msgs/share/aist_handeye_calibration_msgs/srv/ComputeCalibration.idl
[0.453s] -- Up-to-date symlink: /home/ueshiba/ros2_ws/install/aist_handeye_calibration_msgs/share/aist_handeye_calibration_msgs/srv/GetSampleList.idl
[0.453s] -- Up-to-date symlink: /home/ueshiba/ros2_ws/install/aist_handeye_calibration_msgs/share/aist_handeye_calibration_msgs/action/TakeSample.idl
[0.454s] -- Up-to-date symlink: /home/ueshiba/ros2_ws/install/aist_handeye_calibration_msgs/share/aist_handeye_calibration_msgs/srv/ComputeCalibration.srv
[0.455s] -- Up-to-date symlink: /home/ueshiba/ros2_ws/install/aist_handeye_calibration_msgs/share/aist_handeye_calibration_msgs/srv/GetSampleList.srv
[0.455s] -- Up-to-date symlink: /home/ueshiba/ros2_ws/install/aist_handeye_calibration_msgs/share/aist_handeye_calibration_msgs/action/TakeSample.action
[0.456s] -- Up-to-date symlink: /home/ueshiba/ros2_ws/install/aist_handeye_calibration_msgs/share/ament_index/resource_index/package_run_dependencies/aist_handeye_calibration_msgs
[0.456s] -- Up-to-date symlink: /home/ueshiba/ros2_ws/install/aist_handeye_calibration_msgs/share/ament_index/resource_index/parent_prefix_path/aist_handeye_calibration_msgs
[0.456s] -- Up-to-date symlink: /home/ueshiba/ros2_ws/install/aist_handeye_calibration_msgs/share/aist_handeye_calibration_msgs/environment/ament_prefix_path.sh
[0.456s] -- Up-to-date symlink: /home/ueshiba/ros2_ws/install/aist_handeye_calibration_msgs/share/aist_handeye_calibration_msgs/environment/ament_prefix_path.dsv
[0.456s] -- Up-to-date symlink: /home/ueshiba/ros2_ws/install/aist_handeye_calibration_msgs/share/aist_handeye_calibration_msgs/environment/path.sh
[0.457s] -- Up-to-date symlink: /home/ueshiba/ros2_ws/install/aist_handeye_calibration_msgs/share/aist_handeye_calibration_msgs/environment/path.dsv
[0.457s] -- Up-to-date symlink: /home/ueshiba/ros2_ws/install/aist_handeye_calibration_msgs/share/aist_handeye_calibration_msgs/local_setup.bash
[0.457s] -- Up-to-date symlink: /home/ueshiba/ros2_ws/install/aist_handeye_calibration_msgs/share/aist_handeye_calibration_msgs/local_setup.sh
[0.457s] -- Up-to-date symlink: /home/ueshiba/ros2_ws/install/aist_handeye_calibration_msgs/share/aist_handeye_calibration_msgs/local_setup.zsh
[0.457s] -- Up-to-date symlink: /home/ueshiba/ros2_ws/install/aist_handeye_calibration_msgs/share/aist_handeye_calibration_msgs/local_setup.dsv
[0.457s] -- Symlinking: /home/ueshiba/ros2_ws/install/aist_handeye_calibration_msgs/share/aist_handeye_calibration_msgs/package.dsv
[0.461s] -- Up-to-date symlink: /home/ueshiba/ros2_ws/install/aist_handeye_calibration_msgs/share/ament_index/resource_index/packages/aist_handeye_calibration_msgs
[0.461s] -- Up-to-date symlink: /home/ueshiba/ros2_ws/install/aist_handeye_calibration_msgs/share/aist_handeye_calibration_msgs/cmake/rosidl_cmake-extras.cmake
[0.462s] -- Up-to-date symlink: /home/ueshiba/ros2_ws/install/aist_handeye_calibration_msgs/share/aist_handeye_calibration_msgs/cmake/ament_cmake_export_dependencies-extras.cmake
[0.462s] -- Up-to-date symlink: /home/ueshiba/ros2_ws/install/aist_handeye_calibration_msgs/share/aist_handeye_calibration_msgs/cmake/ament_cmake_export_include_directories-extras.cmake
[0.462s] -- Up-to-date symlink: /home/ueshiba/ros2_ws/install/aist_handeye_calibration_msgs/share/aist_handeye_calibration_msgs/cmake/ament_cmake_export_libraries-extras.cmake
[0.462s] -- Up-to-date symlink: /home/ueshiba/ros2_ws/install/aist_handeye_calibration_msgs/share/aist_handeye_calibration_msgs/cmake/ament_cmake_export_targets-extras.cmake
[0.462s] -- Up-to-date symlink: /home/ueshiba/ros2_ws/install/aist_handeye_calibration_msgs/share/aist_handeye_calibration_msgs/cmake/rosidl_cmake_export_typesupport_targets-extras.cmake
[0.462s] -- Up-to-date symlink: /home/ueshiba/ros2_ws/install/aist_handeye_calibration_msgs/share/aist_handeye_calibration_msgs/cmake/rosidl_cmake_export_typesupport_libraries-extras.cmake
[0.463s] -- Up-to-date symlink: /home/ueshiba/ros2_ws/install/aist_handeye_calibration_msgs/share/aist_handeye_calibration_msgs/cmake/aist_handeye_calibration_msgsConfig.cmake
[0.463s] -- Up-to-date symlink: /home/ueshiba/ros2_ws/install/aist_handeye_calibration_msgs/share/aist_handeye_calibration_msgs/cmake/aist_handeye_calibration_msgsConfig-version.cmake
[0.463s] -- Up-to-date symlink: /home/ueshiba/ros2_ws/install/aist_handeye_calibration_msgs/share/aist_handeye_calibration_msgs/package.xml
[0.464s] -- Up-to-date: /home/ueshiba/ros2_ws/install/aist_handeye_calibration_msgs/lib/libaist_handeye_calibration_msgs__rosidl_generator_c.so
[0.465s] -- Up-to-date: /home/ueshiba/ros2_ws/install/aist_handeye_calibration_msgs/lib/libaist_handeye_calibration_msgs__rosidl_typesupport_fastrtps_c.so
[0.465s] -- Up-to-date: /home/ueshiba/ros2_ws/install/aist_handeye_calibration_msgs/lib/libaist_handeye_calibration_msgs__rosidl_typesupport_introspection_c.so
[0.466s] -- Up-to-date: /home/ueshiba/ros2_ws/install/aist_handeye_calibration_msgs/lib/libaist_handeye_calibration_msgs__rosidl_typesupport_c.so
[0.466s] -- Up-to-date: /home/ueshiba/ros2_ws/install/aist_handeye_calibration_msgs/lib/libaist_handeye_calibration_msgs__rosidl_typesupport_fastrtps_cpp.so
[0.466s] -- Up-to-date: /home/ueshiba/ros2_ws/install/aist_handeye_calibration_msgs/lib/libaist_handeye_calibration_msgs__rosidl_typesupport_introspection_cpp.so
[0.467s] -- Up-to-date: /home/ueshiba/ros2_ws/install/aist_handeye_calibration_msgs/lib/libaist_handeye_calibration_msgs__rosidl_typesupport_cpp.so
[0.488s] Listing '/home/ueshiba/ros2_ws/install/aist_handeye_calibration_msgs/lib/python3.10/site-packages/aist_handeye_calibration_msgs'...
[0.488s] Listing '/home/ueshiba/ros2_ws/install/aist_handeye_calibration_msgs/lib/python3.10/site-packages/aist_handeye_calibration_msgs/action'...
[0.488s] Listing '/home/ueshiba/ros2_ws/install/aist_handeye_calibration_msgs/lib/python3.10/site-packages/aist_handeye_calibration_msgs/srv'...
[0.491s] -- Up-to-date: /home/ueshiba/ros2_ws/install/aist_handeye_calibration_msgs/lib/libaist_handeye_calibration_msgs__rosidl_generator_py.so
[0.492s] -- Up-to-date: /home/ueshiba/ros2_ws/install/aist_handeye_calibration_msgs/share/aist_handeye_calibration_msgs/cmake/export_aist_handeye_calibration_msgs__rosidl_generator_cExport.cmake
[0.492s] -- Up-to-date: /home/ueshiba/ros2_ws/install/aist_handeye_calibration_msgs/share/aist_handeye_calibration_msgs/cmake/export_aist_handeye_calibration_msgs__rosidl_generator_cExport-noconfig.cmake
[0.492s] -- Up-to-date: /home/ueshiba/ros2_ws/install/aist_handeye_calibration_msgs/share/aist_handeye_calibration_msgs/cmake/export_aist_handeye_calibration_msgs__rosidl_typesupport_fastrtps_cExport.cmake
[0.492s] -- Up-to-date: /home/ueshiba/ros2_ws/install/aist_handeye_calibration_msgs/share/aist_handeye_calibration_msgs/cmake/export_aist_handeye_calibration_msgs__rosidl_typesupport_fastrtps_cExport-noconfig.cmake
[0.492s] -- Up-to-date: /home/ueshiba/ros2_ws/install/aist_handeye_calibration_msgs/share/aist_handeye_calibration_msgs/cmake/aist_handeye_calibration_msgs__rosidl_typesupport_introspection_cExport.cmake
[0.492s] -- Up-to-date: /home/ueshiba/ros2_ws/install/aist_handeye_calibration_msgs/share/aist_handeye_calibration_msgs/cmake/aist_handeye_calibration_msgs__rosidl_typesupport_introspection_cExport-noconfig.cmake
[0.492s] -- Up-to-date: /home/ueshiba/ros2_ws/install/aist_handeye_calibration_msgs/share/aist_handeye_calibration_msgs/cmake/aist_handeye_calibration_msgs__rosidl_typesupport_cExport.cmake
[0.493s] -- Up-to-date: /home/ueshiba/ros2_ws/install/aist_handeye_calibration_msgs/share/aist_handeye_calibration_msgs/cmake/aist_handeye_calibration_msgs__rosidl_typesupport_cExport-noconfig.cmake
[0.493s] -- Up-to-date: /home/ueshiba/ros2_ws/install/aist_handeye_calibration_msgs/share/aist_handeye_calibration_msgs/cmake/export_aist_handeye_calibration_msgs__rosidl_generator_cppExport.cmake
[0.493s] -- Up-to-date: /home/ueshiba/ros2_ws/install/aist_handeye_calibration_msgs/share/aist_handeye_calibration_msgs/cmake/export_aist_handeye_calibration_msgs__rosidl_typesupport_fastrtps_cppExport.cmake
[0.493s] -- Up-to-date: /home/ueshiba/ros2_ws/install/aist_handeye_calibration_msgs/share/aist_handeye_calibration_msgs/cmake/export_aist_handeye_calibration_msgs__rosidl_typesupport_fastrtps_cppExport-noconfig.cmake
[0.493s] -- Up-to-date: /home/ueshiba/ros2_ws/install/aist_handeye_calibration_msgs/share/aist_handeye_calibration_msgs/cmake/aist_handeye_calibration_msgs__rosidl_typesupport_introspection_cppExport.cmake
[0.493s] -- Up-to-date: /home/ueshiba/ros2_ws/install/aist_handeye_calibration_msgs/share/aist_handeye_calibration_msgs/cmake/aist_handeye_calibration_msgs__rosidl_typesupport_introspection_cppExport-noconfig.cmake
[0.494s] -- Up-to-date: /home/ueshiba/ros2_ws/install/aist_handeye_calibration_msgs/share/aist_handeye_calibration_msgs/cmake/aist_handeye_calibration_msgs__rosidl_typesupport_cppExport.cmake
[0.494s] -- Up-to-date: /home/ueshiba/ros2_ws/install/aist_handeye_calibration_msgs/share/aist_handeye_calibration_msgs/cmake/aist_handeye_calibration_msgs__rosidl_typesupport_cppExport-noconfig.cmake
[0.494s] -- Up-to-date: /home/ueshiba/ros2_ws/install/aist_handeye_calibration_msgs/share/aist_handeye_calibration_msgs/cmake/export_aist_handeye_calibration_msgs__rosidl_generator_pyExport.cmake
[0.494s] -- Up-to-date: /home/ueshiba/ros2_ws/install/aist_handeye_calibration_msgs/share/aist_handeye_calibration_msgs/cmake/export_aist_handeye_calibration_msgs__rosidl_generator_pyExport-noconfig.cmake
[0.520s] Invoked command in '/home/ueshiba/ros2_ws/build/aist_handeye_calibration_msgs' returned '0': CMAKE_PREFIX_PATH=${CMAKE_PREFIX_PATH}:/home/ueshiba/ros2_ws/install/rqt_reconfigure:/opt/ros/rolling PS1=\[\e]0;\u@\h: \w\a\]\h% /usr/bin/cmake --install /home/ueshiba/ros2_ws/build/aist_handeye_calibration_msgs
