-- The C compiler identification is GNU 11.4.0
-- The CXX compiler identification is GNU 11.4.0
-- Detecting C compiler ABI info
-- Detecting C compiler ABI info - done
-- Check for working C compiler: /usr/bin/cc - skipped
-- Detecting C compile features
-- Detecting C compile features - done
-- Detecting CXX compiler ABI info
-- Detecting CXX compiler ABI info - done
-- Check for working CXX compiler: /usr/bin/c++ - skipped
-- Detecting CXX compile features
-- Detecting CXX compile features - done
-- Found ament_cmake: 2.3.2 (/opt/ros/rolling/share/ament_cmake/cmake)
-- Found Python3: /usr/bin/python3.10 (found version "3.10.12") found components: Interpreter 
-- Override CMake install command with custom implementation using symlinks instead of copying resources
-- Found rclcpp_components: 27.0.0 (/opt/ros/rolling/share/rclcpp_components/cmake)
-- Found rosidl_generator_c: 4.5.1 (/opt/ros/rolling/share/rosidl_generator_c/cmake)
-- Found rosidl_generator_cpp: 4.5.1 (/opt/ros/rolling/share/rosidl_generator_cpp/cmake)
-- Using all available rosidl_typesupport_c: rosidl_typesupport_fastrtps_c;rosidl_typesupport_introspection_c
-- Using all available rosidl_typesupport_cpp: rosidl_typesupport_fastrtps_cpp;rosidl_typesupport_introspection_cpp
-- Found rmw_implementation_cmake: 7.3.0 (/opt/ros/rolling/share/rmw_implementation_cmake/cmake)
-- Found rmw_fastrtps_cpp: 8.2.0 (/opt/ros/rolling/share/rmw_fastrtps_cpp/cmake)
-- Found OpenSSL: /usr/lib/x86_64-linux-gnu/libcrypto.so (found version "3.0.2")  
-- Found FastRTPS: /opt/ros/rolling/include  
-- Using RMW implementation 'rmw_fastrtps_cpp' as default
-- Found common_interfaces: 5.3.0 (/opt/ros/rolling/share/common_interfaces/cmake)
-- Found geometry_msgs: 5.3.0 (/opt/ros/rolling/share/geometry_msgs/cmake)
-- Found tf2_ros: 0.36.0 (/opt/ros/rolling/share/tf2_ros/cmake)
-- Found tf2_geometry_msgs: 0.36.0 (/opt/ros/rolling/share/tf2_geometry_msgs/cmake)
-- Found eigen3_cmake_module: 0.3.0 (/opt/ros/rolling/share/eigen3_cmake_module/cmake)
-- Found Eigen3: TRUE (found version "3.4.0") 
-- Ensuring Eigen3 include directory is part of orocos-kdl CMake target
-- Found aist_handeye_calibration_msgs: 0.6.0 (/home/ueshiba/ros2_ws/install/aist_handeye_calibration_msgs/share/aist_handeye_calibration_msgs/cmake)
-- Found aist_utility: 1.0.0 (/home/ueshiba/ros2_ws/install/aist_utility/share/aist_utility/cmake)
-- Checking for module 'eigen3'
--   Found eigen3, version 3.4.0
-- Found Eigen: /usr/include/eigen3 (Required is at least version "3.1") 
-- Eigen found (include: /usr/include/eigen3, version: 3.4.0)
-- Checking for module 'flann'
--   Found flann, version 1.9.1
-- Found FLANN: /usr/lib/x86_64-linux-gnu/libflann_cpp.so  
-- FLANN found (include: /usr/include, lib: /usr/lib/x86_64-linux-gnu/libflann_cpp.so)
-- Checking for module 'libusb-1.0'
--   Found libusb-1.0, version 1.0.25
-- Found libusb: /usr/lib/x86_64-linux-gnu/libusb-1.0.so  
-- OpenNI found (version: 1.5.4.0, include: /usr/include/ni, lib: /usr/lib/libOpenNI.so;libusb::libusb)
-- OpenNI2 found (version: 2.2.0.33, include: /usr/include/openni2, lib: /usr/lib/x86_64-linux-gnu/libOpenNI2.so;libusb::libusb)
-- Eigen found (include: /usr/include/eigen3, version: 3.4.0)
-- OpenNI found (version: 1.5.4.0, include: /usr/include/ni, lib: /usr/lib/libOpenNI.so;libusb::libusb)
-- OpenNI2 found (version: 2.2.0.33, include: /usr/include/openni2, lib: /usr/lib/x86_64-linux-gnu/libOpenNI2.so;libusb::libusb)
-- Found Qhull version 8.0.2
-- OpenNI found (version: 1.5.4.0, include: /usr/include/ni, lib: /usr/lib/libOpenNI.so;libusb::libusb)
-- Found PCL_COMMON: /usr/lib/x86_64-linux-gnu/libpcl_common.so  
-- Found PCL_KDTREE: /usr/lib/x86_64-linux-gnu/libpcl_kdtree.so  
-- Found PCL_OCTREE: /usr/lib/x86_64-linux-gnu/libpcl_octree.so  
-- Found PCL_SEARCH: /usr/lib/x86_64-linux-gnu/libpcl_search.so  
-- Found PCL_SAMPLE_CONSENSUS: /usr/lib/x86_64-linux-gnu/libpcl_sample_consensus.so  
-- Found PCL_FILTERS: /usr/lib/x86_64-linux-gnu/libpcl_filters.so  
-- Found PCL_2D: /usr/include/pcl-1.12  
-- Found PCL_GEOMETRY: /usr/include/pcl-1.12  
-- Found PCL_IO: /usr/lib/x86_64-linux-gnu/libpcl_io.so  
-- Found PCL_FEATURES: /usr/lib/x86_64-linux-gnu/libpcl_features.so  
-- Found PCL_ML: /usr/lib/x86_64-linux-gnu/libpcl_ml.so  
-- Found PCL_SEGMENTATION: /usr/lib/x86_64-linux-gnu/libpcl_segmentation.so  
-- Found PCL_VISUALIZATION: /usr/lib/x86_64-linux-gnu/libpcl_visualization.so  
-- Found PCL_SURFACE: /usr/lib/x86_64-linux-gnu/libpcl_surface.so  
-- Found PCL_REGISTRATION: /usr/lib/x86_64-linux-gnu/libpcl_registration.so  
-- Found PCL_KEYPOINTS: /usr/lib/x86_64-linux-gnu/libpcl_keypoints.so  
-- Found PCL_TRACKING: /usr/lib/x86_64-linux-gnu/libpcl_tracking.so  
-- Found PCL_RECOGNITION: /usr/lib/x86_64-linux-gnu/libpcl_recognition.so  
-- Found PCL_STEREO: /usr/lib/x86_64-linux-gnu/libpcl_stereo.so  
-- Found PCL_APPS: /usr/lib/x86_64-linux-gnu/libpcl_apps.so  
-- Found PCL_IN_HAND_SCANNER: /usr/include/pcl-1.12  
-- Found PCL_MODELER: /usr/include/pcl-1.12  
-- Found PCL_POINT_CLOUD_EDITOR: /usr/include/pcl-1.12  
-- Found PCL_OUTOFCORE: /usr/lib/x86_64-linux-gnu/libpcl_outofcore.so  
-- Found PCL_PEOPLE: /usr/lib/x86_64-linux-gnu/libpcl_people.so  
-- Found ddynamic_reconfigure2: 1.0.0 (/home/ueshiba/ros2_ws/install/ddynamic_reconfigure2/share/ddynamic_reconfigure2/cmake)
-- Found ament_lint_auto: 0.16.3 (/opt/ros/rolling/share/ament_lint_auto/cmake)
-- Configuring done
-- Generating done
-- Build files have been written to: /home/ueshiba/ros2_ws/build/aist_handeye_calibration
[35m[1mConsolidate compiler generated dependencies of target test_calibrator[0m
[35m[1mConsolidate compiler generated dependencies of target aist_handeye_calibration[0m
[  0%] Built target ament_cmake_python_symlink_aist_handeye_calibration
[ 50%] Built target test_calibrator
[100%] Built target aist_handeye_calibration
running egg_info
writing aist_handeye_calibration.egg-info/PKG-INFO
writing dependency_links to aist_handeye_calibration.egg-info/dependency_links.txt
writing top-level names to aist_handeye_calibration.egg-info/top_level.txt
reading manifest file 'aist_handeye_calibration.egg-info/SOURCES.txt'
writing manifest file 'aist_handeye_calibration.egg-info/SOURCES.txt'
[100%] Built target ament_cmake_python_build_aist_handeye_calibration_egg
-- Install configuration: ""
-- Execute custom install script
-- Up-to-date symlink: /home/ueshiba/ros2_ws/install/aist_handeye_calibration/share/aist_handeye_calibration/environment/pythonpath.sh
-- Up-to-date symlink: /home/ueshiba/ros2_ws/install/aist_handeye_calibration/share/aist_handeye_calibration/environment/pythonpath.dsv
-- Up-to-date symlink: /home/ueshiba/ros2_ws/install/aist_handeye_calibration/lib/python3.10/site-packages/aist_handeye_calibration-1.0.0-py3.10.egg-info/PKG-INFO
-- Up-to-date symlink: /home/ueshiba/ros2_ws/install/aist_handeye_calibration/lib/python3.10/site-packages/aist_handeye_calibration-1.0.0-py3.10.egg-info/SOURCES.txt
-- Up-to-date symlink: /home/ueshiba/ros2_ws/install/aist_handeye_calibration/lib/python3.10/site-packages/aist_handeye_calibration-1.0.0-py3.10.egg-info/dependency_links.txt
-- Up-to-date symlink: /home/ueshiba/ros2_ws/install/aist_handeye_calibration/lib/python3.10/site-packages/aist_handeye_calibration-1.0.0-py3.10.egg-info/top_level.txt
-- Up-to-date symlink: /home/ueshiba/ros2_ws/install/aist_handeye_calibration/lib/python3.10/site-packages/aist_handeye_calibration/__init__.py
-- Up-to-date symlink: /home/ueshiba/ros2_ws/install/aist_handeye_calibration/lib/python3.10/site-packages/aist_handeye_calibration/log/COLCON_IGNORE
-- Up-to-date symlink: /home/ueshiba/ros2_ws/install/aist_handeye_calibration/lib/python3.10/site-packages/aist_handeye_calibration/log/build_2024-06-21_11-17-50/aist_handeye_calibration/command.log
-- Up-to-date symlink: /home/ueshiba/ros2_ws/install/aist_handeye_calibration/lib/python3.10/site-packages/aist_handeye_calibration/log/build_2024-06-21_11-17-50/aist_handeye_calibration/stderr.log
-- Up-to-date symlink: /home/ueshiba/ros2_ws/install/aist_handeye_calibration/lib/python3.10/site-packages/aist_handeye_calibration/log/build_2024-06-21_11-17-50/aist_handeye_calibration/stdout.log
-- Up-to-date symlink: /home/ueshiba/ros2_ws/install/aist_handeye_calibration/lib/python3.10/site-packages/aist_handeye_calibration/log/build_2024-06-21_11-17-50/aist_handeye_calibration/stdout_stderr.log
-- Up-to-date symlink: /home/ueshiba/ros2_ws/install/aist_handeye_calibration/lib/python3.10/site-packages/aist_handeye_calibration/log/build_2024-06-21_11-17-50/aist_handeye_calibration/streams.log
-- Up-to-date symlink: /home/ueshiba/ros2_ws/install/aist_handeye_calibration/lib/python3.10/site-packages/aist_handeye_calibration/log/build_2024-06-21_11-17-50/events.log
-- Up-to-date symlink: /home/ueshiba/ros2_ws/install/aist_handeye_calibration/lib/python3.10/site-packages/aist_handeye_calibration/log/build_2024-06-21_11-17-50/logger_all.log
-- Up-to-date symlink: /home/ueshiba/ros2_ws/install/aist_handeye_calibration/lib/python3.10/site-packages/aist_handeye_calibration/log/build_2024-06-21_11-37-30/aist_aruco_msgs/command.log
-- Up-to-date symlink: /home/ueshiba/ros2_ws/install/aist_handeye_calibration/lib/python3.10/site-packages/aist_handeye_calibration/log/build_2024-06-21_11-37-30/aist_aruco_msgs/stderr.log
-- Up-to-date symlink: /home/ueshiba/ros2_ws/install/aist_handeye_calibration/lib/python3.10/site-packages/aist_handeye_calibration/log/build_2024-06-21_11-37-30/aist_aruco_msgs/stdout.log
-- Up-to-date symlink: /home/ueshiba/ros2_ws/install/aist_handeye_calibration/lib/python3.10/site-packages/aist_handeye_calibration/log/build_2024-06-21_11-37-30/aist_aruco_msgs/stdout_stderr.log
-- Up-to-date symlink: /home/ueshiba/ros2_ws/install/aist_handeye_calibration/lib/python3.10/site-packages/aist_handeye_calibration/log/build_2024-06-21_11-37-30/aist_aruco_msgs/streams.log
-- Up-to-date symlink: /home/ueshiba/ros2_ws/install/aist_handeye_calibration/lib/python3.10/site-packages/aist_handeye_calibration/log/build_2024-06-21_11-37-30/aist_aruco_ros/command.log
-- Up-to-date symlink: /home/ueshiba/ros2_ws/install/aist_handeye_calibration/lib/python3.10/site-packages/aist_handeye_calibration/log/build_2024-06-21_11-37-30/aist_aruco_ros/stderr.log
-- Up-to-date symlink: /home/ueshiba/ros2_ws/install/aist_handeye_calibration/lib/python3.10/site-packages/aist_handeye_calibration/log/build_2024-06-21_11-37-30/aist_aruco_ros/stdout.log
-- Up-to-date symlink: /home/ueshiba/ros2_ws/install/aist_handeye_calibration/lib/python3.10/site-packages/aist_handeye_calibration/log/build_2024-06-21_11-37-30/aist_aruco_ros/stdout_stderr.log
-- Up-to-date symlink: /home/ueshiba/ros2_ws/install/aist_handeye_calibration/lib/python3.10/site-packages/aist_handeye_calibration/log/build_2024-06-21_11-37-30/aist_aruco_ros/streams.log
-- Up-to-date symlink: /home/ueshiba/ros2_ws/install/aist_handeye_calibration/lib/python3.10/site-packages/aist_handeye_calibration/log/build_2024-06-21_11-37-30/aist_handeye_calibration/command.log
-- Up-to-date symlink: /home/ueshiba/ros2_ws/install/aist_handeye_calibration/lib/python3.10/site-packages/aist_handeye_calibration/log/build_2024-06-21_11-37-30/aist_handeye_calibration/stderr.log
-- Up-to-date symlink: /home/ueshiba/ros2_ws/install/aist_handeye_calibration/lib/python3.10/site-packages/aist_handeye_calibration/log/build_2024-06-21_11-37-30/aist_handeye_calibration/stdout.log
-- Up-to-date symlink: /home/ueshiba/ros2_ws/install/aist_handeye_calibration/lib/python3.10/site-packages/aist_handeye_calibration/log/build_2024-06-21_11-37-30/aist_handeye_calibration/stdout_stderr.log
-- Up-to-date symlink: /home/ueshiba/ros2_ws/install/aist_handeye_calibration/lib/python3.10/site-packages/aist_handeye_calibration/log/build_2024-06-21_11-37-30/aist_handeye_calibration/streams.log
-- Up-to-date symlink: /home/ueshiba/ros2_ws/install/aist_handeye_calibration/lib/python3.10/site-packages/aist_handeye_calibration/log/build_2024-06-21_11-37-30/aist_handeye_calibration_msgs/command.log
-- Up-to-date symlink: /home/ueshiba/ros2_ws/install/aist_handeye_calibration/lib/python3.10/site-packages/aist_handeye_calibration/log/build_2024-06-21_11-37-30/aist_handeye_calibration_msgs/stderr.log
-- Up-to-date symlink: /home/ueshiba/ros2_ws/install/aist_handeye_calibration/lib/python3.10/site-packages/aist_handeye_calibration/log/build_2024-06-21_11-37-30/aist_handeye_calibration_msgs/stdout.log
-- Up-to-date symlink: /home/ueshiba/ros2_ws/install/aist_handeye_calibration/lib/python3.10/site-packages/aist_handeye_calibration/log/build_2024-06-21_11-37-30/aist_handeye_calibration_msgs/stdout_stderr.log
-- Up-to-date symlink: /home/ueshiba/ros2_ws/install/aist_handeye_calibration/lib/python3.10/site-packages/aist_handeye_calibration/log/build_2024-06-21_11-37-30/aist_handeye_calibration_msgs/streams.log
-- Up-to-date symlink: /home/ueshiba/ros2_ws/install/aist_handeye_calibration/lib/python3.10/site-packages/aist_handeye_calibration/log/build_2024-06-21_11-37-30/aist_msgs/command.log
-- Up-to-date symlink: /home/ueshiba/ros2_ws/install/aist_handeye_calibration/lib/python3.10/site-packages/aist_handeye_calibration/log/build_2024-06-21_11-37-30/aist_msgs/stderr.log
-- Up-to-date symlink: /home/ueshiba/ros2_ws/install/aist_handeye_calibration/lib/python3.10/site-packages/aist_handeye_calibration/log/build_2024-06-21_11-37-30/aist_msgs/stdout.log
-- Up-to-date symlink: /home/ueshiba/ros2_ws/install/aist_handeye_calibration/lib/python3.10/site-packages/aist_handeye_calibration/log/build_2024-06-21_11-37-30/aist_msgs/stdout_stderr.log
-- Up-to-date symlink: /home/ueshiba/ros2_ws/install/aist_handeye_calibration/lib/python3.10/site-packages/aist_handeye_calibration/log/build_2024-06-21_11-37-30/aist_msgs/streams.log
-- Up-to-date symlink: /home/ueshiba/ros2_ws/install/aist_handeye_calibration/lib/python3.10/site-packages/aist_handeye_calibration/log/build_2024-06-21_11-37-30/aist_phoxi_camera/command.log
-- Up-to-date symlink: /home/ueshiba/ros2_ws/install/aist_handeye_calibration/lib/python3.10/site-packages/aist_handeye_calibration/log/build_2024-06-21_11-37-30/aist_phoxi_camera/stderr.log
-- Up-to-date symlink: /home/ueshiba/ros2_ws/install/aist_handeye_calibration/lib/python3.10/site-packages/aist_handeye_calibration/log/build_2024-06-21_11-37-30/aist_phoxi_camera/stdout.log
-- Up-to-date symlink: /home/ueshiba/ros2_ws/install/aist_handeye_calibration/lib/python3.10/site-packages/aist_handeye_calibration/log/build_2024-06-21_11-37-30/aist_phoxi_camera/stdout_stderr.log
-- Up-to-date symlink: /home/ueshiba/ros2_ws/install/aist_handeye_calibration/lib/python3.10/site-packages/aist_handeye_calibration/log/build_2024-06-21_11-37-30/aist_phoxi_camera/streams.log
-- Up-to-date symlink: /home/ueshiba/ros2_ws/install/aist_handeye_calibration/lib/python3.10/site-packages/aist_handeye_calibration/log/build_2024-06-21_11-37-30/aist_utility/command.log
-- Up-to-date symlink: /home/ueshiba/ros2_ws/install/aist_handeye_calibration/lib/python3.10/site-packages/aist_handeye_calibration/log/build_2024-06-21_11-37-30/aist_utility/stderr.log
-- Up-to-date symlink: /home/ueshiba/ros2_ws/install/aist_handeye_calibration/lib/python3.10/site-packages/aist_handeye_calibration/log/build_2024-06-21_11-37-30/aist_utility/stdout.log
-- Up-to-date symlink: /home/ueshiba/ros2_ws/install/aist_handeye_calibration/lib/python3.10/site-packages/aist_handeye_calibration/log/build_2024-06-21_11-37-30/aist_utility/stdout_stderr.log
-- Up-to-date symlink: /home/ueshiba/ros2_ws/install/aist_handeye_calibration/lib/python3.10/site-packages/aist_handeye_calibration/log/build_2024-06-21_11-37-30/aist_utility/streams.log
-- Up-to-date symlink: /home/ueshiba/ros2_ws/install/aist_handeye_calibration/lib/python3.10/site-packages/aist_handeye_calibration/log/build_2024-06-21_11-37-30/aruco/command.log
-- Up-to-date symlink: /home/ueshiba/ros2_ws/install/aist_handeye_calibration/lib/python3.10/site-packages/aist_handeye_calibration/log/build_2024-06-21_11-37-30/aruco/stderr.log
-- Up-to-date symlink: /home/ueshiba/ros2_ws/install/aist_handeye_calibration/lib/python3.10/site-packages/aist_handeye_calibration/log/build_2024-06-21_11-37-30/aruco/stdout.log
-- Up-to-date symlink: /home/ueshiba/ros2_ws/install/aist_handeye_calibration/lib/python3.10/site-packages/aist_handeye_calibration/log/build_2024-06-21_11-37-30/aruco/stdout_stderr.log
-- Up-to-date symlink: /home/ueshiba/ros2_ws/install/aist_handeye_calibration/lib/python3.10/site-packages/aist_handeye_calibration/log/build_2024-06-21_11-37-30/aruco/streams.log
-- Up-to-date symlink: /home/ueshiba/ros2_ws/install/aist_handeye_calibration/lib/python3.10/site-packages/aist_handeye_calibration/log/build_2024-06-21_11-37-30/aruco_msgs/command.log
-- Up-to-date symlink: /home/ueshiba/ros2_ws/install/aist_handeye_calibration/lib/python3.10/site-packages/aist_handeye_calibration/log/build_2024-06-21_11-37-30/aruco_msgs/stderr.log
-- Up-to-date symlink: /home/ueshiba/ros2_ws/install/aist_handeye_calibration/lib/python3.10/site-packages/aist_handeye_calibration/log/build_2024-06-21_11-37-30/aruco_msgs/stdout.log
-- Up-to-date symlink: /home/ueshiba/ros2_ws/install/aist_handeye_calibration/lib/python3.10/site-packages/aist_handeye_calibration/log/build_2024-06-21_11-37-30/aruco_msgs/stdout_stderr.log
-- Up-to-date symlink: /home/ueshiba/ros2_ws/install/aist_handeye_calibration/lib/python3.10/site-packages/aist_handeye_calibration/log/build_2024-06-21_11-37-30/aruco_msgs/streams.log
-- Up-to-date symlink: /home/ueshiba/ros2_ws/install/aist_handeye_calibration/lib/python3.10/site-packages/aist_handeye_calibration/log/build_2024-06-21_11-37-30/aruco_ros/command.log
-- Up-to-date symlink: /home/ueshiba/ros2_ws/install/aist_handeye_calibration/lib/python3.10/site-packages/aist_handeye_calibration/log/build_2024-06-21_11-37-30/aruco_ros/stderr.log
-- Up-to-date symlink: /home/ueshiba/ros2_ws/install/aist_handeye_calibration/lib/python3.10/site-packages/aist_handeye_calibration/log/build_2024-06-21_11-37-30/aruco_ros/stdout.log
-- Up-to-date symlink: /home/ueshiba/ros2_ws/install/aist_handeye_calibration/lib/python3.10/site-packages/aist_handeye_calibration/log/build_2024-06-21_11-37-30/aruco_ros/stdout_stderr.log
-- Up-to-date symlink: /home/ueshiba/ros2_ws/install/aist_handeye_calibration/lib/python3.10/site-packages/aist_handeye_calibration/log/build_2024-06-21_11-37-30/aruco_ros/streams.log
-- Up-to-date symlink: /home/ueshiba/ros2_ws/install/aist_handeye_calibration/lib/python3.10/site-packages/aist_handeye_calibration/log/build_2024-06-21_11-37-30/cu_bridge/command.log
-- Up-to-date symlink: /home/ueshiba/ros2_ws/install/aist_handeye_calibration/lib/python3.10/site-packages/aist_handeye_calibration/log/build_2024-06-21_11-37-30/cu_bridge/stderr.log
-- Up-to-date symlink: /home/ueshiba/ros2_ws/install/aist_handeye_calibration/lib/python3.10/site-packages/aist_handeye_calibration/log/build_2024-06-21_11-37-30/cu_bridge/stdout.log
-- Up-to-date symlink: /home/ueshiba/ros2_ws/install/aist_handeye_calibration/lib/python3.10/site-packages/aist_handeye_calibration/log/build_2024-06-21_11-37-30/cu_bridge/stdout_stderr.log
-- Up-to-date symlink: /home/ueshiba/ros2_ws/install/aist_handeye_calibration/lib/python3.10/site-packages/aist_handeye_calibration/log/build_2024-06-21_11-37-30/cu_bridge/streams.log
-- Up-to-date symlink: /home/ueshiba/ros2_ws/install/aist_handeye_calibration/lib/python3.10/site-packages/aist_handeye_calibration/log/build_2024-06-21_11-37-30/ddynamic_reconfigure2/command.log
-- Up-to-date symlink: /home/ueshiba/ros2_ws/install/aist_handeye_calibration/lib/python3.10/site-packages/aist_handeye_calibration/log/build_2024-06-21_11-37-30/ddynamic_reconfigure2/stderr.log
-- Up-to-date symlink: /home/ueshiba/ros2_ws/install/aist_handeye_calibration/lib/python3.10/site-packages/aist_handeye_calibration/log/build_2024-06-21_11-37-30/ddynamic_reconfigure2/stdout.log
-- Up-to-date symlink: /home/ueshiba/ros2_ws/install/aist_handeye_calibration/lib/python3.10/site-packages/aist_handeye_calibration/log/build_2024-06-21_11-37-30/ddynamic_reconfigure2/stdout_stderr.log
-- Up-to-date symlink: /home/ueshiba/ros2_ws/install/aist_handeye_calibration/lib/python3.10/site-packages/aist_handeye_calibration/log/build_2024-06-21_11-37-30/ddynamic_reconfigure2/streams.log
-- Up-to-date symlink: /home/ueshiba/ros2_ws/install/aist_handeye_calibration/lib/python3.10/site-packages/aist_handeye_calibration/log/build_2024-06-21_11-37-30/events.log
-- Up-to-date symlink: /home/ueshiba/ros2_ws/install/aist_handeye_calibration/lib/python3.10/site-packages/aist_handeye_calibration/log/build_2024-06-21_11-37-30/logger_all.log
-- Up-to-date symlink: /home/ueshiba/ros2_ws/install/aist_handeye_calibration/lib/python3.10/site-packages/aist_handeye_calibration/log/build_2024-06-21_11-37-30/realsense2_camera/command.log
-- Up-to-date symlink: /home/ueshiba/ros2_ws/install/aist_handeye_calibration/lib/python3.10/site-packages/aist_handeye_calibration/log/build_2024-06-21_11-37-30/realsense2_camera/stderr.log
-- Up-to-date symlink: /home/ueshiba/ros2_ws/install/aist_handeye_calibration/lib/python3.10/site-packages/aist_handeye_calibration/log/build_2024-06-21_11-37-30/realsense2_camera/stdout.log
-- Up-to-date symlink: /home/ueshiba/ros2_ws/install/aist_handeye_calibration/lib/python3.10/site-packages/aist_handeye_calibration/log/build_2024-06-21_11-37-30/realsense2_camera/stdout_stderr.log
-- Up-to-date symlink: /home/ueshiba/ros2_ws/install/aist_handeye_calibration/lib/python3.10/site-packages/aist_handeye_calibration/log/build_2024-06-21_11-37-30/realsense2_camera/streams.log
-- Up-to-date symlink: /home/ueshiba/ros2_ws/install/aist_handeye_calibration/lib/python3.10/site-packages/aist_handeye_calibration/log/build_2024-06-21_11-37-30/realsense2_camera_msgs/command.log
-- Up-to-date symlink: /home/ueshiba/ros2_ws/install/aist_handeye_calibration/lib/python3.10/site-packages/aist_handeye_calibration/log/build_2024-06-21_11-37-30/realsense2_camera_msgs/stderr.log
-- Up-to-date symlink: /home/ueshiba/ros2_ws/install/aist_handeye_calibration/lib/python3.10/site-packages/aist_handeye_calibration/log/build_2024-06-21_11-37-30/realsense2_camera_msgs/stdout.log
-- Up-to-date symlink: /home/ueshiba/ros2_ws/install/aist_handeye_calibration/lib/python3.10/site-packages/aist_handeye_calibration/log/build_2024-06-21_11-37-30/realsense2_camera_msgs/stdout_stderr.log
-- Up-to-date symlink: /home/ueshiba/ros2_ws/install/aist_handeye_calibration/lib/python3.10/site-packages/aist_handeye_calibration/log/build_2024-06-21_11-37-30/realsense2_camera_msgs/streams.log
-- Up-to-date symlink: /home/ueshiba/ros2_ws/install/aist_handeye_calibration/lib/python3.10/site-packages/aist_handeye_calibration/log/build_2024-06-21_11-37-30/realsense2_description/command.log
-- Up-to-date symlink: /home/ueshiba/ros2_ws/install/aist_handeye_calibration/lib/python3.10/site-packages/aist_handeye_calibration/log/build_2024-06-21_11-37-30/realsense2_description/stderr.log
-- Up-to-date symlink: /home/ueshiba/ros2_ws/install/aist_handeye_calibration/lib/python3.10/site-packages/aist_handeye_calibration/log/build_2024-06-21_11-37-30/realsense2_description/stdout.log
-- Up-to-date symlink: /home/ueshiba/ros2_ws/install/aist_handeye_calibration/lib/python3.10/site-packages/aist_handeye_calibration/log/build_2024-06-21_11-37-30/realsense2_description/stdout_stderr.log
-- Up-to-date symlink: /home/ueshiba/ros2_ws/install/aist_handeye_calibration/lib/python3.10/site-packages/aist_handeye_calibration/log/build_2024-06-21_11-37-30/realsense2_description/streams.log
-- Up-to-date symlink: /home/ueshiba/ros2_ws/install/aist_handeye_calibration/lib/python3.10/site-packages/aist_handeye_calibration/log/build_2024-06-21_11-37-30/rqt_reconfigure/command.log
-- Up-to-date symlink: /home/ueshiba/ros2_ws/install/aist_handeye_calibration/lib/python3.10/site-packages/aist_handeye_calibration/log/build_2024-06-21_11-37-30/rqt_reconfigure/stderr.log
-- Up-to-date symlink: /home/ueshiba/ros2_ws/install/aist_handeye_calibration/lib/python3.10/site-packages/aist_handeye_calibration/log/build_2024-06-21_11-37-30/rqt_reconfigure/stdout.log
-- Up-to-date symlink: /home/ueshiba/ros2_ws/install/aist_handeye_calibration/lib/python3.10/site-packages/aist_handeye_calibration/log/build_2024-06-21_11-37-30/rqt_reconfigure/stdout_stderr.log
-- Up-to-date symlink: /home/ueshiba/ros2_ws/install/aist_handeye_calibration/lib/python3.10/site-packages/aist_handeye_calibration/log/build_2024-06-21_11-37-30/rqt_reconfigure/streams.log
-- Up-to-date symlink: /home/ueshiba/ros2_ws/install/aist_handeye_calibration/lib/python3.10/site-packages/aist_handeye_calibration/log/latest/aist_aruco_msgs/command.log
-- Up-to-date symlink: /home/ueshiba/ros2_ws/install/aist_handeye_calibration/lib/python3.10/site-packages/aist_handeye_calibration/log/latest/aist_aruco_msgs/stderr.log
-- Up-to-date symlink: /home/ueshiba/ros2_ws/install/aist_handeye_calibration/lib/python3.10/site-packages/aist_handeye_calibration/log/latest/aist_aruco_msgs/stdout.log
-- Up-to-date symlink: /home/ueshiba/ros2_ws/install/aist_handeye_calibration/lib/python3.10/site-packages/aist_handeye_calibration/log/latest/aist_aruco_msgs/stdout_stderr.log
-- Up-to-date symlink: /home/ueshiba/ros2_ws/install/aist_handeye_calibration/lib/python3.10/site-packages/aist_handeye_calibration/log/latest/aist_aruco_msgs/streams.log
-- Up-to-date symlink: /home/ueshiba/ros2_ws/install/aist_handeye_calibration/lib/python3.10/site-packages/aist_handeye_calibration/log/latest/aist_aruco_ros/command.log
-- Up-to-date symlink: /home/ueshiba/ros2_ws/install/aist_handeye_calibration/lib/python3.10/site-packages/aist_handeye_calibration/log/latest/aist_aruco_ros/stderr.log
-- Up-to-date symlink: /home/ueshiba/ros2_ws/install/aist_handeye_calibration/lib/python3.10/site-packages/aist_handeye_calibration/log/latest/aist_aruco_ros/stdout.log
-- Up-to-date symlink: /home/ueshiba/ros2_ws/install/aist_handeye_calibration/lib/python3.10/site-packages/aist_handeye_calibration/log/latest/aist_aruco_ros/stdout_stderr.log
-- Up-to-date symlink: /home/ueshiba/ros2_ws/install/aist_handeye_calibration/lib/python3.10/site-packages/aist_handeye_calibration/log/latest/aist_aruco_ros/streams.log
-- Up-to-date symlink: /home/ueshiba/ros2_ws/install/aist_handeye_calibration/lib/python3.10/site-packages/aist_handeye_calibration/log/latest/aist_handeye_calibration/command.log
-- Up-to-date symlink: /home/ueshiba/ros2_ws/install/aist_handeye_calibration/lib/python3.10/site-packages/aist_handeye_calibration/log/latest/aist_handeye_calibration/stderr.log
-- Up-to-date symlink: /home/ueshiba/ros2_ws/install/aist_handeye_calibration/lib/python3.10/site-packages/aist_handeye_calibration/log/latest/aist_handeye_calibration/stdout.log
-- Up-to-date symlink: /home/ueshiba/ros2_ws/install/aist_handeye_calibration/lib/python3.10/site-packages/aist_handeye_calibration/log/latest/aist_handeye_calibration/stdout_stderr.log
-- Up-to-date symlink: /home/ueshiba/ros2_ws/install/aist_handeye_calibration/lib/python3.10/site-packages/aist_handeye_calibration/log/latest/aist_handeye_calibration/streams.log
-- Up-to-date symlink: /home/ueshiba/ros2_ws/install/aist_handeye_calibration/lib/python3.10/site-packages/aist_handeye_calibration/log/latest/aist_handeye_calibration_msgs/command.log
-- Up-to-date symlink: /home/ueshiba/ros2_ws/install/aist_handeye_calibration/lib/python3.10/site-packages/aist_handeye_calibration/log/latest/aist_handeye_calibration_msgs/stderr.log
-- Up-to-date symlink: /home/ueshiba/ros2_ws/install/aist_handeye_calibration/lib/python3.10/site-packages/aist_handeye_calibration/log/latest/aist_handeye_calibration_msgs/stdout.log
-- Up-to-date symlink: /home/ueshiba/ros2_ws/install/aist_handeye_calibration/lib/python3.10/site-packages/aist_handeye_calibration/log/latest/aist_handeye_calibration_msgs/stdout_stderr.log
-- Up-to-date symlink: /home/ueshiba/ros2_ws/install/aist_handeye_calibration/lib/python3.10/site-packages/aist_handeye_calibration/log/latest/aist_handeye_calibration_msgs/streams.log
-- Up-to-date symlink: /home/ueshiba/ros2_ws/install/aist_handeye_calibration/lib/python3.10/site-packages/aist_handeye_calibration/log/latest/aist_msgs/command.log
-- Up-to-date symlink: /home/ueshiba/ros2_ws/install/aist_handeye_calibration/lib/python3.10/site-packages/aist_handeye_calibration/log/latest/aist_msgs/stderr.log
-- Up-to-date symlink: /home/ueshiba/ros2_ws/install/aist_handeye_calibration/lib/python3.10/site-packages/aist_handeye_calibration/log/latest/aist_msgs/stdout.log
-- Up-to-date symlink: /home/ueshiba/ros2_ws/install/aist_handeye_calibration/lib/python3.10/site-packages/aist_handeye_calibration/log/latest/aist_msgs/stdout_stderr.log
-- Up-to-date symlink: /home/ueshiba/ros2_ws/install/aist_handeye_calibration/lib/python3.10/site-packages/aist_handeye_calibration/log/latest/aist_msgs/streams.log
-- Up-to-date symlink: /home/ueshiba/ros2_ws/install/aist_handeye_calibration/lib/python3.10/site-packages/aist_handeye_calibration/log/latest/aist_phoxi_camera/command.log
-- Up-to-date symlink: /home/ueshiba/ros2_ws/install/aist_handeye_calibration/lib/python3.10/site-packages/aist_handeye_calibration/log/latest/aist_phoxi_camera/stderr.log
-- Up-to-date symlink: /home/ueshiba/ros2_ws/install/aist_handeye_calibration/lib/python3.10/site-packages/aist_handeye_calibration/log/latest/aist_phoxi_camera/stdout.log
-- Up-to-date symlink: /home/ueshiba/ros2_ws/install/aist_handeye_calibration/lib/python3.10/site-packages/aist_handeye_calibration/log/latest/aist_phoxi_camera/stdout_stderr.log
-- Up-to-date symlink: /home/ueshiba/ros2_ws/install/aist_handeye_calibration/lib/python3.10/site-packages/aist_handeye_calibration/log/latest/aist_phoxi_camera/streams.log
-- Up-to-date symlink: /home/ueshiba/ros2_ws/install/aist_handeye_calibration/lib/python3.10/site-packages/aist_handeye_calibration/log/latest/aist_utility/command.log
-- Up-to-date symlink: /home/ueshiba/ros2_ws/install/aist_handeye_calibration/lib/python3.10/site-packages/aist_handeye_calibration/log/latest/aist_utility/stderr.log
-- Up-to-date symlink: /home/ueshiba/ros2_ws/install/aist_handeye_calibration/lib/python3.10/site-packages/aist_handeye_calibration/log/latest/aist_utility/stdout.log
-- Up-to-date symlink: /home/ueshiba/ros2_ws/install/aist_handeye_calibration/lib/python3.10/site-packages/aist_handeye_calibration/log/latest/aist_utility/stdout_stderr.log
-- Up-to-date symlink: /home/ueshiba/ros2_ws/install/aist_handeye_calibration/lib/python3.10/site-packages/aist_handeye_calibration/log/latest/aist_utility/streams.log
-- Up-to-date symlink: /home/ueshiba/ros2_ws/install/aist_handeye_calibration/lib/python3.10/site-packages/aist_handeye_calibration/log/latest/aruco/command.log
-- Up-to-date symlink: /home/ueshiba/ros2_ws/install/aist_handeye_calibration/lib/python3.10/site-packages/aist_handeye_calibration/log/latest/aruco/stderr.log
-- Up-to-date symlink: /home/ueshiba/ros2_ws/install/aist_handeye_calibration/lib/python3.10/site-packages/aist_handeye_calibration/log/latest/aruco/stdout.log
-- Up-to-date symlink: /home/ueshiba/ros2_ws/install/aist_handeye_calibration/lib/python3.10/site-packages/aist_handeye_calibration/log/latest/aruco/stdout_stderr.log
-- Up-to-date symlink: /home/ueshiba/ros2_ws/install/aist_handeye_calibration/lib/python3.10/site-packages/aist_handeye_calibration/log/latest/aruco/streams.log
-- Up-to-date symlink: /home/ueshiba/ros2_ws/install/aist_handeye_calibration/lib/python3.10/site-packages/aist_handeye_calibration/log/latest/aruco_msgs/command.log
-- Up-to-date symlink: /home/ueshiba/ros2_ws/install/aist_handeye_calibration/lib/python3.10/site-packages/aist_handeye_calibration/log/latest/aruco_msgs/stderr.log
-- Up-to-date symlink: /home/ueshiba/ros2_ws/install/aist_handeye_calibration/lib/python3.10/site-packages/aist_handeye_calibration/log/latest/aruco_msgs/stdout.log
-- Up-to-date symlink: /home/ueshiba/ros2_ws/install/aist_handeye_calibration/lib/python3.10/site-packages/aist_handeye_calibration/log/latest/aruco_msgs/stdout_stderr.log
-- Up-to-date symlink: /home/ueshiba/ros2_ws/install/aist_handeye_calibration/lib/python3.10/site-packages/aist_handeye_calibration/log/latest/aruco_msgs/streams.log
-- Up-to-date symlink: /home/ueshiba/ros2_ws/install/aist_handeye_calibration/lib/python3.10/site-packages/aist_handeye_calibration/log/latest/aruco_ros/command.log
-- Up-to-date symlink: /home/ueshiba/ros2_ws/install/aist_handeye_calibration/lib/python3.10/site-packages/aist_handeye_calibration/log/latest/aruco_ros/stderr.log
-- Up-to-date symlink: /home/ueshiba/ros2_ws/install/aist_handeye_calibration/lib/python3.10/site-packages/aist_handeye_calibration/log/latest/aruco_ros/stdout.log
-- Up-to-date symlink: /home/ueshiba/ros2_ws/install/aist_handeye_calibration/lib/python3.10/site-packages/aist_handeye_calibration/log/latest/aruco_ros/stdout_stderr.log
-- Up-to-date symlink: /home/ueshiba/ros2_ws/install/aist_handeye_calibration/lib/python3.10/site-packages/aist_handeye_calibration/log/latest/aruco_ros/streams.log
-- Up-to-date symlink: /home/ueshiba/ros2_ws/install/aist_handeye_calibration/lib/python3.10/site-packages/aist_handeye_calibration/log/latest/cu_bridge/command.log
-- Up-to-date symlink: /home/ueshiba/ros2_ws/install/aist_handeye_calibration/lib/python3.10/site-packages/aist_handeye_calibration/log/latest/cu_bridge/stderr.log
-- Up-to-date symlink: /home/ueshiba/ros2_ws/install/aist_handeye_calibration/lib/python3.10/site-packages/aist_handeye_calibration/log/latest/cu_bridge/stdout.log
-- Up-to-date symlink: /home/ueshiba/ros2_ws/install/aist_handeye_calibration/lib/python3.10/site-packages/aist_handeye_calibration/log/latest/cu_bridge/stdout_stderr.log
-- Up-to-date symlink: /home/ueshiba/ros2_ws/install/aist_handeye_calibration/lib/python3.10/site-packages/aist_handeye_calibration/log/latest/cu_bridge/streams.log
-- Up-to-date symlink: /home/ueshiba/ros2_ws/install/aist_handeye_calibration/lib/python3.10/site-packages/aist_handeye_calibration/log/latest/ddynamic_reconfigure2/command.log
-- Up-to-date symlink: /home/ueshiba/ros2_ws/install/aist_handeye_calibration/lib/python3.10/site-packages/aist_handeye_calibration/log/latest/ddynamic_reconfigure2/stderr.log
-- Up-to-date symlink: /home/ueshiba/ros2_ws/install/aist_handeye_calibration/lib/python3.10/site-packages/aist_handeye_calibration/log/latest/ddynamic_reconfigure2/stdout.log
-- Up-to-date symlink: /home/ueshiba/ros2_ws/install/aist_handeye_calibration/lib/python3.10/site-packages/aist_handeye_calibration/log/latest/ddynamic_reconfigure2/stdout_stderr.log
-- Up-to-date symlink: /home/ueshiba/ros2_ws/install/aist_handeye_calibration/lib/python3.10/site-packages/aist_handeye_calibration/log/latest/ddynamic_reconfigure2/streams.log
-- Up-to-date symlink: /home/ueshiba/ros2_ws/install/aist_handeye_calibration/lib/python3.10/site-packages/aist_handeye_calibration/log/latest/events.log
-- Up-to-date symlink: /home/ueshiba/ros2_ws/install/aist_handeye_calibration/lib/python3.10/site-packages/aist_handeye_calibration/log/latest/logger_all.log
-- Up-to-date symlink: /home/ueshiba/ros2_ws/install/aist_handeye_calibration/lib/python3.10/site-packages/aist_handeye_calibration/log/latest/realsense2_camera/command.log
-- Up-to-date symlink: /home/ueshiba/ros2_ws/install/aist_handeye_calibration/lib/python3.10/site-packages/aist_handeye_calibration/log/latest/realsense2_camera/stderr.log
-- Up-to-date symlink: /home/ueshiba/ros2_ws/install/aist_handeye_calibration/lib/python3.10/site-packages/aist_handeye_calibration/log/latest/realsense2_camera/stdout.log
-- Up-to-date symlink: /home/ueshiba/ros2_ws/install/aist_handeye_calibration/lib/python3.10/site-packages/aist_handeye_calibration/log/latest/realsense2_camera/stdout_stderr.log
-- Up-to-date symlink: /home/ueshiba/ros2_ws/install/aist_handeye_calibration/lib/python3.10/site-packages/aist_handeye_calibration/log/latest/realsense2_camera/streams.log
-- Up-to-date symlink: /home/ueshiba/ros2_ws/install/aist_handeye_calibration/lib/python3.10/site-packages/aist_handeye_calibration/log/latest/realsense2_camera_msgs/command.log
-- Up-to-date symlink: /home/ueshiba/ros2_ws/install/aist_handeye_calibration/lib/python3.10/site-packages/aist_handeye_calibration/log/latest/realsense2_camera_msgs/stderr.log
-- Up-to-date symlink: /home/ueshiba/ros2_ws/install/aist_handeye_calibration/lib/python3.10/site-packages/aist_handeye_calibration/log/latest/realsense2_camera_msgs/stdout.log
-- Up-to-date symlink: /home/ueshiba/ros2_ws/install/aist_handeye_calibration/lib/python3.10/site-packages/aist_handeye_calibration/log/latest/realsense2_camera_msgs/stdout_stderr.log
-- Up-to-date symlink: /home/ueshiba/ros2_ws/install/aist_handeye_calibration/lib/python3.10/site-packages/aist_handeye_calibration/log/latest/realsense2_camera_msgs/streams.log
-- Up-to-date symlink: /home/ueshiba/ros2_ws/install/aist_handeye_calibration/lib/python3.10/site-packages/aist_handeye_calibration/log/latest/realsense2_description/command.log
-- Up-to-date symlink: /home/ueshiba/ros2_ws/install/aist_handeye_calibration/lib/python3.10/site-packages/aist_handeye_calibration/log/latest/realsense2_description/stderr.log
-- Up-to-date symlink: /home/ueshiba/ros2_ws/install/aist_handeye_calibration/lib/python3.10/site-packages/aist_handeye_calibration/log/latest/realsense2_description/stdout.log
-- Up-to-date symlink: /home/ueshiba/ros2_ws/install/aist_handeye_calibration/lib/python3.10/site-packages/aist_handeye_calibration/log/latest/realsense2_description/stdout_stderr.log
-- Up-to-date symlink: /home/ueshiba/ros2_ws/install/aist_handeye_calibration/lib/python3.10/site-packages/aist_handeye_calibration/log/latest/realsense2_description/streams.log
-- Up-to-date symlink: /home/ueshiba/ros2_ws/install/aist_handeye_calibration/lib/python3.10/site-packages/aist_handeye_calibration/log/latest/rqt_reconfigure/command.log
-- Up-to-date symlink: /home/ueshiba/ros2_ws/install/aist_handeye_calibration/lib/python3.10/site-packages/aist_handeye_calibration/log/latest/rqt_reconfigure/stderr.log
-- Up-to-date symlink: /home/ueshiba/ros2_ws/install/aist_handeye_calibration/lib/python3.10/site-packages/aist_handeye_calibration/log/latest/rqt_reconfigure/stdout.log
-- Up-to-date symlink: /home/ueshiba/ros2_ws/install/aist_handeye_calibration/lib/python3.10/site-packages/aist_handeye_calibration/log/latest/rqt_reconfigure/stdout_stderr.log
-- Up-to-date symlink: /home/ueshiba/ros2_ws/install/aist_handeye_calibration/lib/python3.10/site-packages/aist_handeye_calibration/log/latest/rqt_reconfigure/streams.log
-- Up-to-date symlink: /home/ueshiba/ros2_ws/install/aist_handeye_calibration/lib/python3.10/site-packages/aist_handeye_calibration/log/latest_build/aist_aruco_msgs/command.log
-- Up-to-date symlink: /home/ueshiba/ros2_ws/install/aist_handeye_calibration/lib/python3.10/site-packages/aist_handeye_calibration/log/latest_build/aist_aruco_msgs/stderr.log
-- Up-to-date symlink: /home/ueshiba/ros2_ws/install/aist_handeye_calibration/lib/python3.10/site-packages/aist_handeye_calibration/log/latest_build/aist_aruco_msgs/stdout.log
-- Up-to-date symlink: /home/ueshiba/ros2_ws/install/aist_handeye_calibration/lib/python3.10/site-packages/aist_handeye_calibration/log/latest_build/aist_aruco_msgs/stdout_stderr.log
-- Up-to-date symlink: /home/ueshiba/ros2_ws/install/aist_handeye_calibration/lib/python3.10/site-packages/aist_handeye_calibration/log/latest_build/aist_aruco_msgs/streams.log
-- Up-to-date symlink: /home/ueshiba/ros2_ws/install/aist_handeye_calibration/lib/python3.10/site-packages/aist_handeye_calibration/log/latest_build/aist_aruco_ros/command.log
-- Up-to-date symlink: /home/ueshiba/ros2_ws/install/aist_handeye_calibration/lib/python3.10/site-packages/aist_handeye_calibration/log/latest_build/aist_aruco_ros/stderr.log
-- Up-to-date symlink: /home/ueshiba/ros2_ws/install/aist_handeye_calibration/lib/python3.10/site-packages/aist_handeye_calibration/log/latest_build/aist_aruco_ros/stdout.log
-- Up-to-date symlink: /home/ueshiba/ros2_ws/install/aist_handeye_calibration/lib/python3.10/site-packages/aist_handeye_calibration/log/latest_build/aist_aruco_ros/stdout_stderr.log
-- Up-to-date symlink: /home/ueshiba/ros2_ws/install/aist_handeye_calibration/lib/python3.10/site-packages/aist_handeye_calibration/log/latest_build/aist_aruco_ros/streams.log
-- Up-to-date symlink: /home/ueshiba/ros2_ws/install/aist_handeye_calibration/lib/python3.10/site-packages/aist_handeye_calibration/log/latest_build/aist_handeye_calibration/command.log
-- Up-to-date symlink: /home/ueshiba/ros2_ws/install/aist_handeye_calibration/lib/python3.10/site-packages/aist_handeye_calibration/log/latest_build/aist_handeye_calibration/stderr.log
-- Up-to-date symlink: /home/ueshiba/ros2_ws/install/aist_handeye_calibration/lib/python3.10/site-packages/aist_handeye_calibration/log/latest_build/aist_handeye_calibration/stdout.log
-- Up-to-date symlink: /home/ueshiba/ros2_ws/install/aist_handeye_calibration/lib/python3.10/site-packages/aist_handeye_calibration/log/latest_build/aist_handeye_calibration/stdout_stderr.log
-- Up-to-date symlink: /home/ueshiba/ros2_ws/install/aist_handeye_calibration/lib/python3.10/site-packages/aist_handeye_calibration/log/latest_build/aist_handeye_calibration/streams.log
-- Up-to-date symlink: /home/ueshiba/ros2_ws/install/aist_handeye_calibration/lib/python3.10/site-packages/aist_handeye_calibration/log/latest_build/aist_handeye_calibration_msgs/command.log
-- Up-to-date symlink: /home/ueshiba/ros2_ws/install/aist_handeye_calibration/lib/python3.10/site-packages/aist_handeye_calibration/log/latest_build/aist_handeye_calibration_msgs/stderr.log
-- Up-to-date symlink: /home/ueshiba/ros2_ws/install/aist_handeye_calibration/lib/python3.10/site-packages/aist_handeye_calibration/log/latest_build/aist_handeye_calibration_msgs/stdout.log
-- Up-to-date symlink: /home/ueshiba/ros2_ws/install/aist_handeye_calibration/lib/python3.10/site-packages/aist_handeye_calibration/log/latest_build/aist_handeye_calibration_msgs/stdout_stderr.log
-- Up-to-date symlink: /home/ueshiba/ros2_ws/install/aist_handeye_calibration/lib/python3.10/site-packages/aist_handeye_calibration/log/latest_build/aist_handeye_calibration_msgs/streams.log
-- Up-to-date symlink: /home/ueshiba/ros2_ws/install/aist_handeye_calibration/lib/python3.10/site-packages/aist_handeye_calibration/log/latest_build/aist_msgs/command.log
-- Up-to-date symlink: /home/ueshiba/ros2_ws/install/aist_handeye_calibration/lib/python3.10/site-packages/aist_handeye_calibration/log/latest_build/aist_msgs/stderr.log
-- Up-to-date symlink: /home/ueshiba/ros2_ws/install/aist_handeye_calibration/lib/python3.10/site-packages/aist_handeye_calibration/log/latest_build/aist_msgs/stdout.log
-- Up-to-date symlink: /home/ueshiba/ros2_ws/install/aist_handeye_calibration/lib/python3.10/site-packages/aist_handeye_calibration/log/latest_build/aist_msgs/stdout_stderr.log
-- Up-to-date symlink: /home/ueshiba/ros2_ws/install/aist_handeye_calibration/lib/python3.10/site-packages/aist_handeye_calibration/log/latest_build/aist_msgs/streams.log
-- Up-to-date symlink: /home/ueshiba/ros2_ws/install/aist_handeye_calibration/lib/python3.10/site-packages/aist_handeye_calibration/log/latest_build/aist_phoxi_camera/command.log
-- Up-to-date symlink: /home/ueshiba/ros2_ws/install/aist_handeye_calibration/lib/python3.10/site-packages/aist_handeye_calibration/log/latest_build/aist_phoxi_camera/stderr.log
-- Up-to-date symlink: /home/ueshiba/ros2_ws/install/aist_handeye_calibration/lib/python3.10/site-packages/aist_handeye_calibration/log/latest_build/aist_phoxi_camera/stdout.log
-- Up-to-date symlink: /home/ueshiba/ros2_ws/install/aist_handeye_calibration/lib/python3.10/site-packages/aist_handeye_calibration/log/latest_build/aist_phoxi_camera/stdout_stderr.log
-- Up-to-date symlink: /home/ueshiba/ros2_ws/install/aist_handeye_calibration/lib/python3.10/site-packages/aist_handeye_calibration/log/latest_build/aist_phoxi_camera/streams.log
-- Up-to-date symlink: /home/ueshiba/ros2_ws/install/aist_handeye_calibration/lib/python3.10/site-packages/aist_handeye_calibration/log/latest_build/aist_utility/command.log
-- Up-to-date symlink: /home/ueshiba/ros2_ws/install/aist_handeye_calibration/lib/python3.10/site-packages/aist_handeye_calibration/log/latest_build/aist_utility/stderr.log
-- Up-to-date symlink: /home/ueshiba/ros2_ws/install/aist_handeye_calibration/lib/python3.10/site-packages/aist_handeye_calibration/log/latest_build/aist_utility/stdout.log
-- Up-to-date symlink: /home/ueshiba/ros2_ws/install/aist_handeye_calibration/lib/python3.10/site-packages/aist_handeye_calibration/log/latest_build/aist_utility/stdout_stderr.log
-- Up-to-date symlink: /home/ueshiba/ros2_ws/install/aist_handeye_calibration/lib/python3.10/site-packages/aist_handeye_calibration/log/latest_build/aist_utility/streams.log
-- Up-to-date symlink: /home/ueshiba/ros2_ws/install/aist_handeye_calibration/lib/python3.10/site-packages/aist_handeye_calibration/log/latest_build/aruco/command.log
-- Up-to-date symlink: /home/ueshiba/ros2_ws/install/aist_handeye_calibration/lib/python3.10/site-packages/aist_handeye_calibration/log/latest_build/aruco/stderr.log
-- Up-to-date symlink: /home/ueshiba/ros2_ws/install/aist_handeye_calibration/lib/python3.10/site-packages/aist_handeye_calibration/log/latest_build/aruco/stdout.log
-- Up-to-date symlink: /home/ueshiba/ros2_ws/install/aist_handeye_calibration/lib/python3.10/site-packages/aist_handeye_calibration/log/latest_build/aruco/stdout_stderr.log
-- Up-to-date symlink: /home/ueshiba/ros2_ws/install/aist_handeye_calibration/lib/python3.10/site-packages/aist_handeye_calibration/log/latest_build/aruco/streams.log
-- Up-to-date symlink: /home/ueshiba/ros2_ws/install/aist_handeye_calibration/lib/python3.10/site-packages/aist_handeye_calibration/log/latest_build/aruco_msgs/command.log
-- Up-to-date symlink: /home/ueshiba/ros2_ws/install/aist_handeye_calibration/lib/python3.10/site-packages/aist_handeye_calibration/log/latest_build/aruco_msgs/stderr.log
-- Up-to-date symlink: /home/ueshiba/ros2_ws/install/aist_handeye_calibration/lib/python3.10/site-packages/aist_handeye_calibration/log/latest_build/aruco_msgs/stdout.log
-- Up-to-date symlink: /home/ueshiba/ros2_ws/install/aist_handeye_calibration/lib/python3.10/site-packages/aist_handeye_calibration/log/latest_build/aruco_msgs/stdout_stderr.log
-- Up-to-date symlink: /home/ueshiba/ros2_ws/install/aist_handeye_calibration/lib/python3.10/site-packages/aist_handeye_calibration/log/latest_build/aruco_msgs/streams.log
-- Up-to-date symlink: /home/ueshiba/ros2_ws/install/aist_handeye_calibration/lib/python3.10/site-packages/aist_handeye_calibration/log/latest_build/aruco_ros/command.log
-- Up-to-date symlink: /home/ueshiba/ros2_ws/install/aist_handeye_calibration/lib/python3.10/site-packages/aist_handeye_calibration/log/latest_build/aruco_ros/stderr.log
-- Up-to-date symlink: /home/ueshiba/ros2_ws/install/aist_handeye_calibration/lib/python3.10/site-packages/aist_handeye_calibration/log/latest_build/aruco_ros/stdout.log
-- Up-to-date symlink: /home/ueshiba/ros2_ws/install/aist_handeye_calibration/lib/python3.10/site-packages/aist_handeye_calibration/log/latest_build/aruco_ros/stdout_stderr.log
-- Up-to-date symlink: /home/ueshiba/ros2_ws/install/aist_handeye_calibration/lib/python3.10/site-packages/aist_handeye_calibration/log/latest_build/aruco_ros/streams.log
-- Up-to-date symlink: /home/ueshiba/ros2_ws/install/aist_handeye_calibration/lib/python3.10/site-packages/aist_handeye_calibration/log/latest_build/cu_bridge/command.log
-- Up-to-date symlink: /home/ueshiba/ros2_ws/install/aist_handeye_calibration/lib/python3.10/site-packages/aist_handeye_calibration/log/latest_build/cu_bridge/stderr.log
-- Up-to-date symlink: /home/ueshiba/ros2_ws/install/aist_handeye_calibration/lib/python3.10/site-packages/aist_handeye_calibration/log/latest_build/cu_bridge/stdout.log
-- Up-to-date symlink: /home/ueshiba/ros2_ws/install/aist_handeye_calibration/lib/python3.10/site-packages/aist_handeye_calibration/log/latest_build/cu_bridge/stdout_stderr.log
-- Up-to-date symlink: /home/ueshiba/ros2_ws/install/aist_handeye_calibration/lib/python3.10/site-packages/aist_handeye_calibration/log/latest_build/cu_bridge/streams.log
-- Up-to-date symlink: /home/ueshiba/ros2_ws/install/aist_handeye_calibration/lib/python3.10/site-packages/aist_handeye_calibration/log/latest_build/ddynamic_reconfigure2/command.log
-- Up-to-date symlink: /home/ueshiba/ros2_ws/install/aist_handeye_calibration/lib/python3.10/site-packages/aist_handeye_calibration/log/latest_build/ddynamic_reconfigure2/stderr.log
-- Up-to-date symlink: /home/ueshiba/ros2_ws/install/aist_handeye_calibration/lib/python3.10/site-packages/aist_handeye_calibration/log/latest_build/ddynamic_reconfigure2/stdout.log
-- Up-to-date symlink: /home/ueshiba/ros2_ws/install/aist_handeye_calibration/lib/python3.10/site-packages/aist_handeye_calibration/log/latest_build/ddynamic_reconfigure2/stdout_stderr.log
-- Up-to-date symlink: /home/ueshiba/ros2_ws/install/aist_handeye_calibration/lib/python3.10/site-packages/aist_handeye_calibration/log/latest_build/ddynamic_reconfigure2/streams.log
-- Up-to-date symlink: /home/ueshiba/ros2_ws/install/aist_handeye_calibration/lib/python3.10/site-packages/aist_handeye_calibration/log/latest_build/events.log
-- Up-to-date symlink: /home/ueshiba/ros2_ws/install/aist_handeye_calibration/lib/python3.10/site-packages/aist_handeye_calibration/log/latest_build/logger_all.log
-- Up-to-date symlink: /home/ueshiba/ros2_ws/install/aist_handeye_calibration/lib/python3.10/site-packages/aist_handeye_calibration/log/latest_build/realsense2_camera/command.log
-- Up-to-date symlink: /home/ueshiba/ros2_ws/install/aist_handeye_calibration/lib/python3.10/site-packages/aist_handeye_calibration/log/latest_build/realsense2_camera/stderr.log
-- Up-to-date symlink: /home/ueshiba/ros2_ws/install/aist_handeye_calibration/lib/python3.10/site-packages/aist_handeye_calibration/log/latest_build/realsense2_camera/stdout.log
-- Up-to-date symlink: /home/ueshiba/ros2_ws/install/aist_handeye_calibration/lib/python3.10/site-packages/aist_handeye_calibration/log/latest_build/realsense2_camera/stdout_stderr.log
-- Up-to-date symlink: /home/ueshiba/ros2_ws/install/aist_handeye_calibration/lib/python3.10/site-packages/aist_handeye_calibration/log/latest_build/realsense2_camera/streams.log
-- Up-to-date symlink: /home/ueshiba/ros2_ws/install/aist_handeye_calibration/lib/python3.10/site-packages/aist_handeye_calibration/log/latest_build/realsense2_camera_msgs/command.log
-- Up-to-date symlink: /home/ueshiba/ros2_ws/install/aist_handeye_calibration/lib/python3.10/site-packages/aist_handeye_calibration/log/latest_build/realsense2_camera_msgs/stderr.log
-- Up-to-date symlink: /home/ueshiba/ros2_ws/install/aist_handeye_calibration/lib/python3.10/site-packages/aist_handeye_calibration/log/latest_build/realsense2_camera_msgs/stdout.log
-- Up-to-date symlink: /home/ueshiba/ros2_ws/install/aist_handeye_calibration/lib/python3.10/site-packages/aist_handeye_calibration/log/latest_build/realsense2_camera_msgs/stdout_stderr.log
-- Up-to-date symlink: /home/ueshiba/ros2_ws/install/aist_handeye_calibration/lib/python3.10/site-packages/aist_handeye_calibration/log/latest_build/realsense2_camera_msgs/streams.log
-- Up-to-date symlink: /home/ueshiba/ros2_ws/install/aist_handeye_calibration/lib/python3.10/site-packages/aist_handeye_calibration/log/latest_build/realsense2_description/command.log
-- Up-to-date symlink: /home/ueshiba/ros2_ws/install/aist_handeye_calibration/lib/python3.10/site-packages/aist_handeye_calibration/log/latest_build/realsense2_description/stderr.log
-- Up-to-date symlink: /home/ueshiba/ros2_ws/install/aist_handeye_calibration/lib/python3.10/site-packages/aist_handeye_calibration/log/latest_build/realsense2_description/stdout.log
-- Up-to-date symlink: /home/ueshiba/ros2_ws/install/aist_handeye_calibration/lib/python3.10/site-packages/aist_handeye_calibration/log/latest_build/realsense2_description/stdout_stderr.log
-- Up-to-date symlink: /home/ueshiba/ros2_ws/install/aist_handeye_calibration/lib/python3.10/site-packages/aist_handeye_calibration/log/latest_build/realsense2_description/streams.log
-- Up-to-date symlink: /home/ueshiba/ros2_ws/install/aist_handeye_calibration/lib/python3.10/site-packages/aist_handeye_calibration/log/latest_build/rqt_reconfigure/command.log
-- Up-to-date symlink: /home/ueshiba/ros2_ws/install/aist_handeye_calibration/lib/python3.10/site-packages/aist_handeye_calibration/log/latest_build/rqt_reconfigure/stderr.log
-- Up-to-date symlink: /home/ueshiba/ros2_ws/install/aist_handeye_calibration/lib/python3.10/site-packages/aist_handeye_calibration/log/latest_build/rqt_reconfigure/stdout.log
-- Up-to-date symlink: /home/ueshiba/ros2_ws/install/aist_handeye_calibration/lib/python3.10/site-packages/aist_handeye_calibration/log/latest_build/rqt_reconfigure/stdout_stderr.log
-- Up-to-date symlink: /home/ueshiba/ros2_ws/install/aist_handeye_calibration/lib/python3.10/site-packages/aist_handeye_calibration/log/latest_build/rqt_reconfigure/streams.log
-- Up-to-date symlink: /home/ueshiba/ros2_ws/install/aist_handeye_calibration/lib/aist_handeye_calibration/run_calibration.py
-- Up-to-date symlink: /home/ueshiba/ros2_ws/install/aist_handeye_calibration/lib/aist_handeye_calibration/check_calibration.py
-- Up-to-date symlink: /home/ueshiba/ros2_ws/install/aist_handeye_calibration/lib/aist_handeye_calibration/tool_calibration.py
-- Up-to-date symlink: /home/ueshiba/ros2_ws/install/aist_handeye_calibration/share/aist_handeye_calibration//launch/aist_handeye_calibration.launch
-- Up-to-date symlink: /home/ueshiba/ros2_ws/install/aist_handeye_calibration/share/aist_handeye_calibration//launch/aist_handeye_calibration.rviz
-- Up-to-date symlink: /home/ueshiba/ros2_ws/install/aist_handeye_calibration/share/aist_handeye_calibration//launch/check_calibration.launch
-- Up-to-date symlink: /home/ueshiba/ros2_ws/install/aist_handeye_calibration/share/aist_handeye_calibration//launch/handeye_calibration.launch
-- Up-to-date symlink: /home/ueshiba/ros2_ws/install/aist_handeye_calibration/share/aist_handeye_calibration//launch/include/handeye_calibrator.launch
-- Up-to-date symlink: /home/ueshiba/ros2_ws/install/aist_handeye_calibration/share/aist_handeye_calibration//launch/include/plane_detector.rviz
-- Up-to-date symlink: /home/ueshiba/ros2_ws/install/aist_handeye_calibration/share/aist_handeye_calibration//launch/plane_detector.launch
-- Up-to-date symlink: /home/ueshiba/ros2_ws/install/aist_handeye_calibration/share/aist_handeye_calibration//launch/publish_calibration.launch
-- Up-to-date symlink: /home/ueshiba/ros2_ws/install/aist_handeye_calibration/share/aist_handeye_calibration//launch/run_calibration.launch
-- Up-to-date symlink: /home/ueshiba/ros2_ws/install/aist_handeye_calibration/share/aist_handeye_calibration//launch/test_calibrator.launch
-- Up-to-date symlink: /home/ueshiba/ros2_ws/install/aist_handeye_calibration/share/aist_handeye_calibration//launch/tool_calibration.launch
-- Up-to-date symlink: /home/ueshiba/ros2_ws/install/aist_handeye_calibration/share/ament_index/resource_index/package_run_dependencies/aist_handeye_calibration
-- Up-to-date symlink: /home/ueshiba/ros2_ws/install/aist_handeye_calibration/share/ament_index/resource_index/parent_prefix_path/aist_handeye_calibration
-- Up-to-date symlink: /home/ueshiba/ros2_ws/install/aist_handeye_calibration/share/aist_handeye_calibration/environment/ament_prefix_path.sh
-- Up-to-date symlink: /home/ueshiba/ros2_ws/install/aist_handeye_calibration/share/aist_handeye_calibration/environment/ament_prefix_path.dsv
-- Up-to-date symlink: /home/ueshiba/ros2_ws/install/aist_handeye_calibration/share/aist_handeye_calibration/environment/path.sh
-- Up-to-date symlink: /home/ueshiba/ros2_ws/install/aist_handeye_calibration/share/aist_handeye_calibration/environment/path.dsv
-- Up-to-date symlink: /home/ueshiba/ros2_ws/install/aist_handeye_calibration/share/aist_handeye_calibration/local_setup.bash
-- Up-to-date symlink: /home/ueshiba/ros2_ws/install/aist_handeye_calibration/share/aist_handeye_calibration/local_setup.sh
-- Up-to-date symlink: /home/ueshiba/ros2_ws/install/aist_handeye_calibration/share/aist_handeye_calibration/local_setup.zsh
-- Up-to-date symlink: /home/ueshiba/ros2_ws/install/aist_handeye_calibration/share/aist_handeye_calibration/local_setup.dsv
-- Symlinking: /home/ueshiba/ros2_ws/install/aist_handeye_calibration/share/aist_handeye_calibration/package.dsv
-- Up-to-date symlink: /home/ueshiba/ros2_ws/install/aist_handeye_calibration/share/ament_index/resource_index/packages/aist_handeye_calibration
-- Up-to-date symlink: /home/ueshiba/ros2_ws/install/aist_handeye_calibration/share/ament_index/resource_index/rclcpp_components/aist_handeye_calibration
-- Up-to-date symlink: /home/ueshiba/ros2_ws/install/aist_handeye_calibration/share/aist_handeye_calibration/cmake/aist_handeye_calibrationConfig.cmake
-- Up-to-date symlink: /home/ueshiba/ros2_ws/install/aist_handeye_calibration/share/aist_handeye_calibration/cmake/aist_handeye_calibrationConfig-version.cmake
-- Up-to-date symlink: /home/ueshiba/ros2_ws/install/aist_handeye_calibration/share/aist_handeye_calibration/package.xml
Listing '/home/ueshiba/ros2_ws/install/aist_handeye_calibration/lib/python3.10/site-packages/aist_handeye_calibration'...
Listing '/home/ueshiba/ros2_ws/install/aist_handeye_calibration/lib/python3.10/site-packages/aist_handeye_calibration/log'...
Listing '/home/ueshiba/ros2_ws/install/aist_handeye_calibration/lib/python3.10/site-packages/aist_handeye_calibration/log/build_2024-06-21_11-17-50'...
Listing '/home/ueshiba/ros2_ws/install/aist_handeye_calibration/lib/python3.10/site-packages/aist_handeye_calibration/log/build_2024-06-21_11-17-50/aist_handeye_calibration'...
Listing '/home/ueshiba/ros2_ws/install/aist_handeye_calibration/lib/python3.10/site-packages/aist_handeye_calibration/log/build_2024-06-21_11-37-30'...
Listing '/home/ueshiba/ros2_ws/install/aist_handeye_calibration/lib/python3.10/site-packages/aist_handeye_calibration/log/build_2024-06-21_11-37-30/aist_aruco_msgs'...
Listing '/home/ueshiba/ros2_ws/install/aist_handeye_calibration/lib/python3.10/site-packages/aist_handeye_calibration/log/build_2024-06-21_11-37-30/aist_aruco_ros'...
Listing '/home/ueshiba/ros2_ws/install/aist_handeye_calibration/lib/python3.10/site-packages/aist_handeye_calibration/log/build_2024-06-21_11-37-30/aist_handeye_calibration'...
Listing '/home/ueshiba/ros2_ws/install/aist_handeye_calibration/lib/python3.10/site-packages/aist_handeye_calibration/log/build_2024-06-21_11-37-30/aist_handeye_calibration_msgs'...
Listing '/home/ueshiba/ros2_ws/install/aist_handeye_calibration/lib/python3.10/site-packages/aist_handeye_calibration/log/build_2024-06-21_11-37-30/aist_msgs'...
Listing '/home/ueshiba/ros2_ws/install/aist_handeye_calibration/lib/python3.10/site-packages/aist_handeye_calibration/log/build_2024-06-21_11-37-30/aist_phoxi_camera'...
Listing '/home/ueshiba/ros2_ws/install/aist_handeye_calibration/lib/python3.10/site-packages/aist_handeye_calibration/log/build_2024-06-21_11-37-30/aist_utility'...
Listing '/home/ueshiba/ros2_ws/install/aist_handeye_calibration/lib/python3.10/site-packages/aist_handeye_calibration/log/build_2024-06-21_11-37-30/aruco'...
Listing '/home/ueshiba/ros2_ws/install/aist_handeye_calibration/lib/python3.10/site-packages/aist_handeye_calibration/log/build_2024-06-21_11-37-30/aruco_msgs'...
Listing '/home/ueshiba/ros2_ws/install/aist_handeye_calibration/lib/python3.10/site-packages/aist_handeye_calibration/log/build_2024-06-21_11-37-30/aruco_ros'...
Listing '/home/ueshiba/ros2_ws/install/aist_handeye_calibration/lib/python3.10/site-packages/aist_handeye_calibration/log/build_2024-06-21_11-37-30/cu_bridge'...
Listing '/home/ueshiba/ros2_ws/install/aist_handeye_calibration/lib/python3.10/site-packages/aist_handeye_calibration/log/build_2024-06-21_11-37-30/ddynamic_reconfigure2'...
Listing '/home/ueshiba/ros2_ws/install/aist_handeye_calibration/lib/python3.10/site-packages/aist_handeye_calibration/log/build_2024-06-21_11-37-30/realsense2_camera'...
Listing '/home/ueshiba/ros2_ws/install/aist_handeye_calibration/lib/python3.10/site-packages/aist_handeye_calibration/log/build_2024-06-21_11-37-30/realsense2_camera_msgs'...
Listing '/home/ueshiba/ros2_ws/install/aist_handeye_calibration/lib/python3.10/site-packages/aist_handeye_calibration/log/build_2024-06-21_11-37-30/realsense2_description'...
Listing '/home/ueshiba/ros2_ws/install/aist_handeye_calibration/lib/python3.10/site-packages/aist_handeye_calibration/log/build_2024-06-21_11-37-30/rqt_reconfigure'...
Listing '/home/ueshiba/ros2_ws/install/aist_handeye_calibration/lib/python3.10/site-packages/aist_handeye_calibration/log/latest'...
Listing '/home/ueshiba/ros2_ws/install/aist_handeye_calibration/lib/python3.10/site-packages/aist_handeye_calibration/log/latest/aist_aruco_msgs'...
Listing '/home/ueshiba/ros2_ws/install/aist_handeye_calibration/lib/python3.10/site-packages/aist_handeye_calibration/log/latest/aist_aruco_ros'...
Listing '/home/ueshiba/ros2_ws/install/aist_handeye_calibration/lib/python3.10/site-packages/aist_handeye_calibration/log/latest/aist_handeye_calibration'...
Listing '/home/ueshiba/ros2_ws/install/aist_handeye_calibration/lib/python3.10/site-packages/aist_handeye_calibration/log/latest/aist_handeye_calibration_msgs'...
Listing '/home/ueshiba/ros2_ws/install/aist_handeye_calibration/lib/python3.10/site-packages/aist_handeye_calibration/log/latest/aist_msgs'...
Listing '/home/ueshiba/ros2_ws/install/aist_handeye_calibration/lib/python3.10/site-packages/aist_handeye_calibration/log/latest/aist_phoxi_camera'...
Listing '/home/ueshiba/ros2_ws/install/aist_handeye_calibration/lib/python3.10/site-packages/aist_handeye_calibration/log/latest/aist_utility'...
Listing '/home/ueshiba/ros2_ws/install/aist_handeye_calibration/lib/python3.10/site-packages/aist_handeye_calibration/log/latest/aruco'...
Listing '/home/ueshiba/ros2_ws/install/aist_handeye_calibration/lib/python3.10/site-packages/aist_handeye_calibration/log/latest/aruco_msgs'...
Listing '/home/ueshiba/ros2_ws/install/aist_handeye_calibration/lib/python3.10/site-packages/aist_handeye_calibration/log/latest/aruco_ros'...
Listing '/home/ueshiba/ros2_ws/install/aist_handeye_calibration/lib/python3.10/site-packages/aist_handeye_calibration/log/latest/cu_bridge'...
Listing '/home/ueshiba/ros2_ws/install/aist_handeye_calibration/lib/python3.10/site-packages/aist_handeye_calibration/log/latest/ddynamic_reconfigure2'...
Listing '/home/ueshiba/ros2_ws/install/aist_handeye_calibration/lib/python3.10/site-packages/aist_handeye_calibration/log/latest/realsense2_camera'...
Listing '/home/ueshiba/ros2_ws/install/aist_handeye_calibration/lib/python3.10/site-packages/aist_handeye_calibration/log/latest/realsense2_camera_msgs'...
Listing '/home/ueshiba/ros2_ws/install/aist_handeye_calibration/lib/python3.10/site-packages/aist_handeye_calibration/log/latest/realsense2_description'...
Listing '/home/ueshiba/ros2_ws/install/aist_handeye_calibration/lib/python3.10/site-packages/aist_handeye_calibration/log/latest/rqt_reconfigure'...
Listing '/home/ueshiba/ros2_ws/install/aist_handeye_calibration/lib/python3.10/site-packages/aist_handeye_calibration/log/latest_build'...
Listing '/home/ueshiba/ros2_ws/install/aist_handeye_calibration/lib/python3.10/site-packages/aist_handeye_calibration/log/latest_build/aist_aruco_msgs'...
Listing '/home/ueshiba/ros2_ws/install/aist_handeye_calibration/lib/python3.10/site-packages/aist_handeye_calibration/log/latest_build/aist_aruco_ros'...
Listing '/home/ueshiba/ros2_ws/install/aist_handeye_calibration/lib/python3.10/site-packages/aist_handeye_calibration/log/latest_build/aist_handeye_calibration'...
Listing '/home/ueshiba/ros2_ws/install/aist_handeye_calibration/lib/python3.10/site-packages/aist_handeye_calibration/log/latest_build/aist_handeye_calibration_msgs'...
Listing '/home/ueshiba/ros2_ws/install/aist_handeye_calibration/lib/python3.10/site-packages/aist_handeye_calibration/log/latest_build/aist_msgs'...
Listing '/home/ueshiba/ros2_ws/install/aist_handeye_calibration/lib/python3.10/site-packages/aist_handeye_calibration/log/latest_build/aist_phoxi_camera'...
Listing '/home/ueshiba/ros2_ws/install/aist_handeye_calibration/lib/python3.10/site-packages/aist_handeye_calibration/log/latest_build/aist_utility'...
Listing '/home/ueshiba/ros2_ws/install/aist_handeye_calibration/lib/python3.10/site-packages/aist_handeye_calibration/log/latest_build/aruco'...
Listing '/home/ueshiba/ros2_ws/install/aist_handeye_calibration/lib/python3.10/site-packages/aist_handeye_calibration/log/latest_build/aruco_msgs'...
Listing '/home/ueshiba/ros2_ws/install/aist_handeye_calibration/lib/python3.10/site-packages/aist_handeye_calibration/log/latest_build/aruco_ros'...
Listing '/home/ueshiba/ros2_ws/install/aist_handeye_calibration/lib/python3.10/site-packages/aist_handeye_calibration/log/latest_build/cu_bridge'...
Listing '/home/ueshiba/ros2_ws/install/aist_handeye_calibration/lib/python3.10/site-packages/aist_handeye_calibration/log/latest_build/ddynamic_reconfigure2'...
Listing '/home/ueshiba/ros2_ws/install/aist_handeye_calibration/lib/python3.10/site-packages/aist_handeye_calibration/log/latest_build/realsense2_camera'...
Listing '/home/ueshiba/ros2_ws/install/aist_handeye_calibration/lib/python3.10/site-packages/aist_handeye_calibration/log/latest_build/realsense2_camera_msgs'...
Listing '/home/ueshiba/ros2_ws/install/aist_handeye_calibration/lib/python3.10/site-packages/aist_handeye_calibration/log/latest_build/realsense2_description'...
Listing '/home/ueshiba/ros2_ws/install/aist_handeye_calibration/lib/python3.10/site-packages/aist_handeye_calibration/log/latest_build/rqt_reconfigure'...
-- Up-to-date: /home/ueshiba/ros2_ws/install/aist_handeye_calibration/lib/libaist_handeye_calibration.so
