[0.016s] Invoking command in '/home/ueshiba/ros2_ws/build/aist_handeye_calibration': CMAKE_PREFIX_PATH=/home/ueshiba/ros2_ws/install/aist_utility:/home/ueshiba/ros2_ws/install/ddynamic_reconfigure2:/home/ueshiba/ros2_ws/install/aist_msgs:/home/ueshiba/ros2_ws/install/aist_handeye_calibration_msgs:/home/ueshiba/ros2_ws/install/ur_simulation_gz:/home/ueshiba/ros2_ws/install/realsense2_description:/home/ueshiba/ros2_ws/install/realsense2_camera:/home/ueshiba/ros2_ws/install/realsense2_camera_msgs:/home/ueshiba/ros2_ws/install/cu_bridge:/home/ueshiba/ros2_ws/install/aist_handeye_calibration:/home/ueshiba/ros2_ws/install/aist_aruco_ros:/home/ueshiba/ros2_ws/install/aist_phoxi_camera:/home/ueshiba/ros2_ws/install/aist_camera_multiplexer:/home/ueshiba/ros2_ws/install/aruco_ros:/home/ueshiba/ros2_ws/install/aruco_msgs:/home/ueshiba/ros2_ws/install/aruco:/home/ueshiba/ros2_ws/install/aist_description:/home/ueshiba/ros2_ws/install/aist_aruco_msgs:/home/ueshiba/ros2_ws/install/rqt_reconfigure:/opt/ros/rolling LD_LIBRARY_PATH=/home/ueshiba/ros2_ws/install/aist_utility/lib:/home/ueshiba/ros2_ws/install/aist_msgs/lib:/home/ueshiba/ros2_ws/install/aist_handeye_calibration_msgs/lib:/home/ueshiba/ros2_ws/install/realsense2_camera/lib:/home/ueshiba/ros2_ws/install/realsense2_camera_msgs/lib:/home/ueshiba/ros2_ws/install/cu_bridge/lib:/home/ueshiba/ros2_ws/install/aist_handeye_calibration/lib:/home/ueshiba/ros2_ws/install/aist_aruco_ros/lib:/home/ueshiba/ros2_ws/install/aist_phoxi_camera/lib:/home/ueshiba/ros2_ws/install/aist_camera_multiplexer/lib:/home/ueshiba/ros2_ws/install/ddynamic_reconfigure2/lib:/home/ueshiba/ros2_ws/install/aruco_ros/lib:/home/ueshiba/ros2_ws/install/aruco_msgs/lib:/home/ueshiba/ros2_ws/install/aruco/lib:/home/ueshiba/ros2_ws/install/aist_aruco_msgs/lib:/opt/ros/rolling/opt/rviz_ogre_vendor/lib:/opt/ros/rolling/lib/x86_64-linux-gnu:/opt/ros/rolling/lib:/usr/local/lib:/usr/lib64:/usr/local/cuda-12.5/lib64:/opt/Photoneo/PhoXiControl-1.13.1/API/lib PS1=\[\e]0;\u@\h: \w\a\]\h% PYTHONPATH=/home/ueshiba/ros2_ws/install/ddynamic_reconfigure2/lib/python3.10/site-packages:/home/ueshiba/ros2_ws/install/aist_msgs/lib/python3.10/site-packages:/home/ueshiba/ros2_ws/install/aist_handeye_calibration_msgs/lib/python3.10/site-packages:/home/ueshiba/ros2_ws/build/rqt_reconfigure/src:/home/ueshiba/ros2_ws/install/rqt_reconfigure/lib/python3.10/site-packages:/home/ueshiba/ros2_ws/install/realsense2_camera_msgs/lib/python3.10/site-packages:/home/ueshiba/ros2_ws/install/aist_handeye_calibration/lib/python3.10/site-packages:/home/ueshiba/ros2_ws/install/aist_camera_multiplexer/lib/python3.10/site-packages:/home/ueshiba/ros2_ws/install/aruco_msgs/lib/python3.10/site-packages:/home/ueshiba/ros2_ws/install/aist_aruco_msgs/lib/python3.10/site-packages:/opt/ros/rolling/lib/python3.10/site-packages /usr/bin/cmake /home/ueshiba/ros2_ws/src/artros/aist_handeye_calibration/aist_handeye_calibration -DAMENT_CMAKE_SYMLINK_INSTALL=1 -DCMAKE_INSTALL_PREFIX=/home/ueshiba/ros2_ws/install/aist_handeye_calibration
[0.050s] -- The C compiler identification is GNU 11.4.0
[0.081s] -- The CXX compiler identification is GNU 11.4.0
[0.085s] -- Detecting C compiler ABI info
[0.126s] -- Detecting C compiler ABI info - done
[0.132s] -- Check for working C compiler: /usr/bin/cc - skipped
[0.132s] -- Detecting C compile features
[0.132s] -- Detecting C compile features - done
[0.133s] -- Detecting CXX compiler ABI info
[0.181s] -- Detecting CXX compiler ABI info - done
[0.185s] -- Check for working CXX compiler: /usr/bin/c++ - skipped
[0.185s] -- Detecting CXX compile features
[0.186s] -- Detecting CXX compile features - done
[0.188s] -- Found ament_cmake: 2.3.2 (/opt/ros/rolling/share/ament_cmake/cmake)
[0.291s] -- Found Python3: /usr/bin/python3.10 (found version "3.10.12") found components: Interpreter 
[0.327s] -- Override CMake install command with custom implementation using symlinks instead of copying resources
[0.351s] -- Found rclcpp_components: 27.0.0 (/opt/ros/rolling/share/rclcpp_components/cmake)
[0.392s] -- Found rosidl_generator_c: 4.5.1 (/opt/ros/rolling/share/rosidl_generator_c/cmake)
[0.400s] -- Found rosidl_generator_cpp: 4.5.1 (/opt/ros/rolling/share/rosidl_generator_cpp/cmake)
[0.411s] -- Using all available rosidl_typesupport_c: rosidl_typesupport_fastrtps_c;rosidl_typesupport_introspection_c
[0.421s] -- Using all available rosidl_typesupport_cpp: rosidl_typesupport_fastrtps_cpp;rosidl_typesupport_introspection_cpp
[0.576s] -- Found rmw_implementation_cmake: 7.3.0 (/opt/ros/rolling/share/rmw_implementation_cmake/cmake)
[0.579s] -- Found rmw_fastrtps_cpp: 8.2.0 (/opt/ros/rolling/share/rmw_fastrtps_cpp/cmake)
[0.636s] -- Found OpenSSL: /usr/lib/x86_64-linux-gnu/libcrypto.so (found version "3.0.2")  
[0.653s] -- Found FastRTPS: /opt/ros/rolling/include  
[0.680s] -- Using RMW implementation 'rmw_fastrtps_cpp' as default
[0.794s] -- Found common_interfaces: 5.3.0 (/opt/ros/rolling/share/common_interfaces/cmake)
[0.795s] -- Found geometry_msgs: 5.3.0 (/opt/ros/rolling/share/geometry_msgs/cmake)
[0.848s] -- Found tf2_ros: 0.36.0 (/opt/ros/rolling/share/tf2_ros/cmake)
[1.041s] -- Found tf2_geometry_msgs: 0.36.0 (/opt/ros/rolling/share/tf2_geometry_msgs/cmake)
[1.052s] -- Found eigen3_cmake_module: 0.3.0 (/opt/ros/rolling/share/eigen3_cmake_module/cmake)
[1.053s] -- Found Eigen3: TRUE (found version "3.4.0") 
[1.053s] -- Ensuring Eigen3 include directory is part of orocos-kdl CMake target
[1.058s] -- Found aist_handeye_calibration_msgs: 0.6.0 (/home/ueshiba/ros2_ws/install/aist_handeye_calibration_msgs/share/aist_handeye_calibration_msgs/cmake)
[1.138s] -- Found aist_utility: 1.0.0 (/home/ueshiba/ros2_ws/install/aist_utility/share/aist_utility/cmake)
[2.346s] -- Checking for module 'eigen3'
[2.355s] --   Found eigen3, version 3.4.0
[2.378s] -- Found Eigen: /usr/include/eigen3 (Required is at least version "3.1") 
[2.378s] -- Eigen found (include: /usr/include/eigen3, version: 3.4.0)
[2.406s] -- Checking for module 'flann'
[2.414s] --   Found flann, version 1.9.1
[2.439s] -- Found FLANN: /usr/lib/x86_64-linux-gnu/libflann_cpp.so  
[2.439s] -- FLANN found (include: /usr/include, lib: /usr/lib/x86_64-linux-gnu/libflann_cpp.so)
[3.088s] -- Checking for module 'libusb-1.0'
[3.096s] --   Found libusb-1.0, version 1.0.25
[3.118s] -- Found libusb: /usr/lib/x86_64-linux-gnu/libusb-1.0.so  
[3.119s] -- OpenNI found (version: 1.5.4.0, include: /usr/include/ni, lib: /usr/lib/libOpenNI.so;libusb::libusb)
[3.155s] -- OpenNI2 found (version: 2.2.0.33, include: /usr/include/openni2, lib: /usr/lib/x86_64-linux-gnu/libOpenNI2.so;libusb::libusb)
[3.246s] -- Eigen found (include: /usr/include/eigen3, version: 3.4.0)
[3.250s] -- OpenNI found (version: 1.5.4.0, include: /usr/include/ni, lib: /usr/lib/libOpenNI.so;libusb::libusb)
[3.253s] -- OpenNI2 found (version: 2.2.0.33, include: /usr/include/openni2, lib: /usr/lib/x86_64-linux-gnu/libOpenNI2.so;libusb::libusb)
[3.336s] -- Found Qhull version 8.0.2
[3.420s] -- OpenNI found (version: 1.5.4.0, include: /usr/include/ni, lib: /usr/lib/libOpenNI.so;libusb::libusb)
[3.502s] -- Found PCL_COMMON: /usr/lib/x86_64-linux-gnu/libpcl_common.so  
[3.502s] -- Found PCL_KDTREE: /usr/lib/x86_64-linux-gnu/libpcl_kdtree.so  
[3.503s] -- Found PCL_OCTREE: /usr/lib/x86_64-linux-gnu/libpcl_octree.so  
[3.503s] -- Found PCL_SEARCH: /usr/lib/x86_64-linux-gnu/libpcl_search.so  
[3.504s] -- Found PCL_SAMPLE_CONSENSUS: /usr/lib/x86_64-linux-gnu/libpcl_sample_consensus.so  
[3.504s] -- Found PCL_FILTERS: /usr/lib/x86_64-linux-gnu/libpcl_filters.so  
[3.504s] -- Found PCL_2D: /usr/include/pcl-1.12  
[3.505s] -- Found PCL_GEOMETRY: /usr/include/pcl-1.12  
[3.505s] -- Found PCL_IO: /usr/lib/x86_64-linux-gnu/libpcl_io.so  
[3.506s] -- Found PCL_FEATURES: /usr/lib/x86_64-linux-gnu/libpcl_features.so  
[3.506s] -- Found PCL_ML: /usr/lib/x86_64-linux-gnu/libpcl_ml.so  
[3.507s] -- Found PCL_SEGMENTATION: /usr/lib/x86_64-linux-gnu/libpcl_segmentation.so  
[3.507s] -- Found PCL_VISUALIZATION: /usr/lib/x86_64-linux-gnu/libpcl_visualization.so  
[3.508s] -- Found PCL_SURFACE: /usr/lib/x86_64-linux-gnu/libpcl_surface.so  
[3.508s] -- Found PCL_REGISTRATION: /usr/lib/x86_64-linux-gnu/libpcl_registration.so  
[3.509s] -- Found PCL_KEYPOINTS: /usr/lib/x86_64-linux-gnu/libpcl_keypoints.so  
[3.509s] -- Found PCL_TRACKING: /usr/lib/x86_64-linux-gnu/libpcl_tracking.so  
[3.510s] -- Found PCL_RECOGNITION: /usr/lib/x86_64-linux-gnu/libpcl_recognition.so  
[3.511s] -- Found PCL_STEREO: /usr/lib/x86_64-linux-gnu/libpcl_stereo.so  
[3.511s] -- Found PCL_APPS: /usr/lib/x86_64-linux-gnu/libpcl_apps.so  
[3.511s] -- Found PCL_IN_HAND_SCANNER: /usr/include/pcl-1.12  
[3.511s] -- Found PCL_MODELER: /usr/include/pcl-1.12  
[3.512s] -- Found PCL_POINT_CLOUD_EDITOR: /usr/include/pcl-1.12  
[3.512s] -- Found PCL_OUTOFCORE: /usr/lib/x86_64-linux-gnu/libpcl_outofcore.so  
[3.513s] -- Found PCL_PEOPLE: /usr/lib/x86_64-linux-gnu/libpcl_people.so  
[3.650s] -- Found ddynamic_reconfigure2: 1.0.0 (/home/ueshiba/ros2_ws/install/ddynamic_reconfigure2/share/ddynamic_reconfigure2/cmake)
[3.709s] -- Found ament_lint_auto: 0.16.3 (/opt/ros/rolling/share/ament_lint_auto/cmake)
[3.750s] -- Configuring done
[3.787s] -- Generating done
[3.789s] -- Build files have been written to: /home/ueshiba/ros2_ws/build/aist_handeye_calibration
[3.802s] Invoked command in '/home/ueshiba/ros2_ws/build/aist_handeye_calibration' returned '0': CMAKE_PREFIX_PATH=/home/ueshiba/ros2_ws/install/aist_utility:/home/ueshiba/ros2_ws/install/ddynamic_reconfigure2:/home/ueshiba/ros2_ws/install/aist_msgs:/home/ueshiba/ros2_ws/install/aist_handeye_calibration_msgs:/home/ueshiba/ros2_ws/install/ur_simulation_gz:/home/ueshiba/ros2_ws/install/realsense2_description:/home/ueshiba/ros2_ws/install/realsense2_camera:/home/ueshiba/ros2_ws/install/realsense2_camera_msgs:/home/ueshiba/ros2_ws/install/cu_bridge:/home/ueshiba/ros2_ws/install/aist_handeye_calibration:/home/ueshiba/ros2_ws/install/aist_aruco_ros:/home/ueshiba/ros2_ws/install/aist_phoxi_camera:/home/ueshiba/ros2_ws/install/aist_camera_multiplexer:/home/ueshiba/ros2_ws/install/aruco_ros:/home/ueshiba/ros2_ws/install/aruco_msgs:/home/ueshiba/ros2_ws/install/aruco:/home/ueshiba/ros2_ws/install/aist_description:/home/ueshiba/ros2_ws/install/aist_aruco_msgs:/home/ueshiba/ros2_ws/install/rqt_reconfigure:/opt/ros/rolling LD_LIBRARY_PATH=/home/ueshiba/ros2_ws/install/aist_utility/lib:/home/ueshiba/ros2_ws/install/aist_msgs/lib:/home/ueshiba/ros2_ws/install/aist_handeye_calibration_msgs/lib:/home/ueshiba/ros2_ws/install/realsense2_camera/lib:/home/ueshiba/ros2_ws/install/realsense2_camera_msgs/lib:/home/ueshiba/ros2_ws/install/cu_bridge/lib:/home/ueshiba/ros2_ws/install/aist_handeye_calibration/lib:/home/ueshiba/ros2_ws/install/aist_aruco_ros/lib:/home/ueshiba/ros2_ws/install/aist_phoxi_camera/lib:/home/ueshiba/ros2_ws/install/aist_camera_multiplexer/lib:/home/ueshiba/ros2_ws/install/ddynamic_reconfigure2/lib:/home/ueshiba/ros2_ws/install/aruco_ros/lib:/home/ueshiba/ros2_ws/install/aruco_msgs/lib:/home/ueshiba/ros2_ws/install/aruco/lib:/home/ueshiba/ros2_ws/install/aist_aruco_msgs/lib:/opt/ros/rolling/opt/rviz_ogre_vendor/lib:/opt/ros/rolling/lib/x86_64-linux-gnu:/opt/ros/rolling/lib:/usr/local/lib:/usr/lib64:/usr/local/cuda-12.5/lib64:/opt/Photoneo/PhoXiControl-1.13.1/API/lib PS1=\[\e]0;\u@\h: \w\a\]\h% PYTHONPATH=/home/ueshiba/ros2_ws/install/ddynamic_reconfigure2/lib/python3.10/site-packages:/home/ueshiba/ros2_ws/install/aist_msgs/lib/python3.10/site-packages:/home/ueshiba/ros2_ws/install/aist_handeye_calibration_msgs/lib/python3.10/site-packages:/home/ueshiba/ros2_ws/build/rqt_reconfigure/src:/home/ueshiba/ros2_ws/install/rqt_reconfigure/lib/python3.10/site-packages:/home/ueshiba/ros2_ws/install/realsense2_camera_msgs/lib/python3.10/site-packages:/home/ueshiba/ros2_ws/install/aist_handeye_calibration/lib/python3.10/site-packages:/home/ueshiba/ros2_ws/install/aist_camera_multiplexer/lib/python3.10/site-packages:/home/ueshiba/ros2_ws/install/aruco_msgs/lib/python3.10/site-packages:/home/ueshiba/ros2_ws/install/aist_aruco_msgs/lib/python3.10/site-packages:/opt/ros/rolling/lib/python3.10/site-packages /usr/bin/cmake /home/ueshiba/ros2_ws/src/artros/aist_handeye_calibration/aist_handeye_calibration -DAMENT_CMAKE_SYMLINK_INSTALL=1 -DCMAKE_INSTALL_PREFIX=/home/ueshiba/ros2_ws/install/aist_handeye_calibration
[3.804s] Invoking command in '/home/ueshiba/ros2_ws/build/aist_handeye_calibration': CMAKE_PREFIX_PATH=/home/ueshiba/ros2_ws/install/aist_utility:/home/ueshiba/ros2_ws/install/ddynamic_reconfigure2:/home/ueshiba/ros2_ws/install/aist_msgs:/home/ueshiba/ros2_ws/install/aist_handeye_calibration_msgs:/home/ueshiba/ros2_ws/install/ur_simulation_gz:/home/ueshiba/ros2_ws/install/realsense2_description:/home/ueshiba/ros2_ws/install/realsense2_camera:/home/ueshiba/ros2_ws/install/realsense2_camera_msgs:/home/ueshiba/ros2_ws/install/cu_bridge:/home/ueshiba/ros2_ws/install/aist_handeye_calibration:/home/ueshiba/ros2_ws/install/aist_aruco_ros:/home/ueshiba/ros2_ws/install/aist_phoxi_camera:/home/ueshiba/ros2_ws/install/aist_camera_multiplexer:/home/ueshiba/ros2_ws/install/aruco_ros:/home/ueshiba/ros2_ws/install/aruco_msgs:/home/ueshiba/ros2_ws/install/aruco:/home/ueshiba/ros2_ws/install/aist_description:/home/ueshiba/ros2_ws/install/aist_aruco_msgs:/home/ueshiba/ros2_ws/install/rqt_reconfigure:/opt/ros/rolling LD_LIBRARY_PATH=/home/ueshiba/ros2_ws/install/aist_utility/lib:/home/ueshiba/ros2_ws/install/aist_msgs/lib:/home/ueshiba/ros2_ws/install/aist_handeye_calibration_msgs/lib:/home/ueshiba/ros2_ws/install/realsense2_camera/lib:/home/ueshiba/ros2_ws/install/realsense2_camera_msgs/lib:/home/ueshiba/ros2_ws/install/cu_bridge/lib:/home/ueshiba/ros2_ws/install/aist_handeye_calibration/lib:/home/ueshiba/ros2_ws/install/aist_aruco_ros/lib:/home/ueshiba/ros2_ws/install/aist_phoxi_camera/lib:/home/ueshiba/ros2_ws/install/aist_camera_multiplexer/lib:/home/ueshiba/ros2_ws/install/ddynamic_reconfigure2/lib:/home/ueshiba/ros2_ws/install/aruco_ros/lib:/home/ueshiba/ros2_ws/install/aruco_msgs/lib:/home/ueshiba/ros2_ws/install/aruco/lib:/home/ueshiba/ros2_ws/install/aist_aruco_msgs/lib:/opt/ros/rolling/opt/rviz_ogre_vendor/lib:/opt/ros/rolling/lib/x86_64-linux-gnu:/opt/ros/rolling/lib:/usr/local/lib:/usr/lib64:/usr/local/cuda-12.5/lib64:/opt/Photoneo/PhoXiControl-1.13.1/API/lib PS1=\[\e]0;\u@\h: \w\a\]\h% PYTHONPATH=/home/ueshiba/ros2_ws/install/ddynamic_reconfigure2/lib/python3.10/site-packages:/home/ueshiba/ros2_ws/install/aist_msgs/lib/python3.10/site-packages:/home/ueshiba/ros2_ws/install/aist_handeye_calibration_msgs/lib/python3.10/site-packages:/home/ueshiba/ros2_ws/build/rqt_reconfigure/src:/home/ueshiba/ros2_ws/install/rqt_reconfigure/lib/python3.10/site-packages:/home/ueshiba/ros2_ws/install/realsense2_camera_msgs/lib/python3.10/site-packages:/home/ueshiba/ros2_ws/install/aist_handeye_calibration/lib/python3.10/site-packages:/home/ueshiba/ros2_ws/install/aist_camera_multiplexer/lib/python3.10/site-packages:/home/ueshiba/ros2_ws/install/aruco_msgs/lib/python3.10/site-packages:/home/ueshiba/ros2_ws/install/aist_aruco_msgs/lib/python3.10/site-packages:/opt/ros/rolling/lib/python3.10/site-packages /usr/bin/cmake --build /home/ueshiba/ros2_ws/build/aist_handeye_calibration -- -j24 -l24
[3.832s] [35m[1mConsolidate compiler generated dependencies of target test_calibrator[0m
[3.832s] [35m[1mConsolidate compiler generated dependencies of target aist_handeye_calibration[0m
[3.842s] [  0%] Built target ament_cmake_python_symlink_aist_handeye_calibration
[3.843s] [ 50%] Built target test_calibrator
[3.846s] [100%] Built target aist_handeye_calibration
[3.975s] running egg_info
[3.976s] writing aist_handeye_calibration.egg-info/PKG-INFO
[3.976s] writing dependency_links to aist_handeye_calibration.egg-info/dependency_links.txt
[3.976s] writing top-level names to aist_handeye_calibration.egg-info/top_level.txt
[3.977s] reading manifest file 'aist_handeye_calibration.egg-info/SOURCES.txt'
[3.977s] writing manifest file 'aist_handeye_calibration.egg-info/SOURCES.txt'
[3.994s] [100%] Built target ament_cmake_python_build_aist_handeye_calibration_egg
[4.002s] Invoked command in '/home/ueshiba/ros2_ws/build/aist_handeye_calibration' returned '0': CMAKE_PREFIX_PATH=/home/ueshiba/ros2_ws/install/aist_utility:/home/ueshiba/ros2_ws/install/ddynamic_reconfigure2:/home/ueshiba/ros2_ws/install/aist_msgs:/home/ueshiba/ros2_ws/install/aist_handeye_calibration_msgs:/home/ueshiba/ros2_ws/install/ur_simulation_gz:/home/ueshiba/ros2_ws/install/realsense2_description:/home/ueshiba/ros2_ws/install/realsense2_camera:/home/ueshiba/ros2_ws/install/realsense2_camera_msgs:/home/ueshiba/ros2_ws/install/cu_bridge:/home/ueshiba/ros2_ws/install/aist_handeye_calibration:/home/ueshiba/ros2_ws/install/aist_aruco_ros:/home/ueshiba/ros2_ws/install/aist_phoxi_camera:/home/ueshiba/ros2_ws/install/aist_camera_multiplexer:/home/ueshiba/ros2_ws/install/aruco_ros:/home/ueshiba/ros2_ws/install/aruco_msgs:/home/ueshiba/ros2_ws/install/aruco:/home/ueshiba/ros2_ws/install/aist_description:/home/ueshiba/ros2_ws/install/aist_aruco_msgs:/home/ueshiba/ros2_ws/install/rqt_reconfigure:/opt/ros/rolling LD_LIBRARY_PATH=/home/ueshiba/ros2_ws/install/aist_utility/lib:/home/ueshiba/ros2_ws/install/aist_msgs/lib:/home/ueshiba/ros2_ws/install/aist_handeye_calibration_msgs/lib:/home/ueshiba/ros2_ws/install/realsense2_camera/lib:/home/ueshiba/ros2_ws/install/realsense2_camera_msgs/lib:/home/ueshiba/ros2_ws/install/cu_bridge/lib:/home/ueshiba/ros2_ws/install/aist_handeye_calibration/lib:/home/ueshiba/ros2_ws/install/aist_aruco_ros/lib:/home/ueshiba/ros2_ws/install/aist_phoxi_camera/lib:/home/ueshiba/ros2_ws/install/aist_camera_multiplexer/lib:/home/ueshiba/ros2_ws/install/ddynamic_reconfigure2/lib:/home/ueshiba/ros2_ws/install/aruco_ros/lib:/home/ueshiba/ros2_ws/install/aruco_msgs/lib:/home/ueshiba/ros2_ws/install/aruco/lib:/home/ueshiba/ros2_ws/install/aist_aruco_msgs/lib:/opt/ros/rolling/opt/rviz_ogre_vendor/lib:/opt/ros/rolling/lib/x86_64-linux-gnu:/opt/ros/rolling/lib:/usr/local/lib:/usr/lib64:/usr/local/cuda-12.5/lib64:/opt/Photoneo/PhoXiControl-1.13.1/API/lib PS1=\[\e]0;\u@\h: \w\a\]\h% PYTHONPATH=/home/ueshiba/ros2_ws/install/ddynamic_reconfigure2/lib/python3.10/site-packages:/home/ueshiba/ros2_ws/install/aist_msgs/lib/python3.10/site-packages:/home/ueshiba/ros2_ws/install/aist_handeye_calibration_msgs/lib/python3.10/site-packages:/home/ueshiba/ros2_ws/build/rqt_reconfigure/src:/home/ueshiba/ros2_ws/install/rqt_reconfigure/lib/python3.10/site-packages:/home/ueshiba/ros2_ws/install/realsense2_camera_msgs/lib/python3.10/site-packages:/home/ueshiba/ros2_ws/install/aist_handeye_calibration/lib/python3.10/site-packages:/home/ueshiba/ros2_ws/install/aist_camera_multiplexer/lib/python3.10/site-packages:/home/ueshiba/ros2_ws/install/aruco_msgs/lib/python3.10/site-packages:/home/ueshiba/ros2_ws/install/aist_aruco_msgs/lib/python3.10/site-packages:/opt/ros/rolling/lib/python3.10/site-packages /usr/bin/cmake --build /home/ueshiba/ros2_ws/build/aist_handeye_calibration -- -j24 -l24
[4.026s] Invoking command in '/home/ueshiba/ros2_ws/build/aist_handeye_calibration': CMAKE_PREFIX_PATH=/home/ueshiba/ros2_ws/install/aist_utility:/home/ueshiba/ros2_ws/install/ddynamic_reconfigure2:/home/ueshiba/ros2_ws/install/aist_msgs:/home/ueshiba/ros2_ws/install/aist_handeye_calibration_msgs:/home/ueshiba/ros2_ws/install/ur_simulation_gz:/home/ueshiba/ros2_ws/install/realsense2_description:/home/ueshiba/ros2_ws/install/realsense2_camera:/home/ueshiba/ros2_ws/install/realsense2_camera_msgs:/home/ueshiba/ros2_ws/install/cu_bridge:/home/ueshiba/ros2_ws/install/aist_handeye_calibration:/home/ueshiba/ros2_ws/install/aist_aruco_ros:/home/ueshiba/ros2_ws/install/aist_phoxi_camera:/home/ueshiba/ros2_ws/install/aist_camera_multiplexer:/home/ueshiba/ros2_ws/install/aruco_ros:/home/ueshiba/ros2_ws/install/aruco_msgs:/home/ueshiba/ros2_ws/install/aruco:/home/ueshiba/ros2_ws/install/aist_description:/home/ueshiba/ros2_ws/install/aist_aruco_msgs:/home/ueshiba/ros2_ws/install/rqt_reconfigure:/opt/ros/rolling LD_LIBRARY_PATH=/home/ueshiba/ros2_ws/install/aist_utility/lib:/home/ueshiba/ros2_ws/install/aist_msgs/lib:/home/ueshiba/ros2_ws/install/aist_handeye_calibration_msgs/lib:/home/ueshiba/ros2_ws/install/realsense2_camera/lib:/home/ueshiba/ros2_ws/install/realsense2_camera_msgs/lib:/home/ueshiba/ros2_ws/install/cu_bridge/lib:/home/ueshiba/ros2_ws/install/aist_handeye_calibration/lib:/home/ueshiba/ros2_ws/install/aist_aruco_ros/lib:/home/ueshiba/ros2_ws/install/aist_phoxi_camera/lib:/home/ueshiba/ros2_ws/install/aist_camera_multiplexer/lib:/home/ueshiba/ros2_ws/install/ddynamic_reconfigure2/lib:/home/ueshiba/ros2_ws/install/aruco_ros/lib:/home/ueshiba/ros2_ws/install/aruco_msgs/lib:/home/ueshiba/ros2_ws/install/aruco/lib:/home/ueshiba/ros2_ws/install/aist_aruco_msgs/lib:/opt/ros/rolling/opt/rviz_ogre_vendor/lib:/opt/ros/rolling/lib/x86_64-linux-gnu:/opt/ros/rolling/lib:/usr/local/lib:/usr/lib64:/usr/local/cuda-12.5/lib64:/opt/Photoneo/PhoXiControl-1.13.1/API/lib PS1=\[\e]0;\u@\h: \w\a\]\h% PYTHONPATH=/home/ueshiba/ros2_ws/install/ddynamic_reconfigure2/lib/python3.10/site-packages:/home/ueshiba/ros2_ws/install/aist_msgs/lib/python3.10/site-packages:/home/ueshiba/ros2_ws/install/aist_handeye_calibration_msgs/lib/python3.10/site-packages:/home/ueshiba/ros2_ws/build/rqt_reconfigure/src:/home/ueshiba/ros2_ws/install/rqt_reconfigure/lib/python3.10/site-packages:/home/ueshiba/ros2_ws/install/realsense2_camera_msgs/lib/python3.10/site-packages:/home/ueshiba/ros2_ws/install/aist_handeye_calibration/lib/python3.10/site-packages:/home/ueshiba/ros2_ws/install/aist_camera_multiplexer/lib/python3.10/site-packages:/home/ueshiba/ros2_ws/install/aruco_msgs/lib/python3.10/site-packages:/home/ueshiba/ros2_ws/install/aist_aruco_msgs/lib/python3.10/site-packages:/opt/ros/rolling/lib/python3.10/site-packages /usr/bin/cmake --install /home/ueshiba/ros2_ws/build/aist_handeye_calibration
[4.030s] -- Install configuration: ""
[4.030s] -- Execute custom install script
[4.030s] -- Up-to-date symlink: /home/ueshiba/ros2_ws/install/aist_handeye_calibration/share/aist_handeye_calibration/environment/pythonpath.sh
[4.031s] -- Up-to-date symlink: /home/ueshiba/ros2_ws/install/aist_handeye_calibration/share/aist_handeye_calibration/environment/pythonpath.dsv
[4.031s] -- Up-to-date symlink: /home/ueshiba/ros2_ws/install/aist_handeye_calibration/lib/python3.10/site-packages/aist_handeye_calibration-1.0.0-py3.10.egg-info/PKG-INFO
[4.031s] -- Up-to-date symlink: /home/ueshiba/ros2_ws/install/aist_handeye_calibration/lib/python3.10/site-packages/aist_handeye_calibration-1.0.0-py3.10.egg-info/SOURCES.txt
[4.031s] -- Up-to-date symlink: /home/ueshiba/ros2_ws/install/aist_handeye_calibration/lib/python3.10/site-packages/aist_handeye_calibration-1.0.0-py3.10.egg-info/dependency_links.txt
[4.031s] -- Up-to-date symlink: /home/ueshiba/ros2_ws/install/aist_handeye_calibration/lib/python3.10/site-packages/aist_handeye_calibration-1.0.0-py3.10.egg-info/top_level.txt
[4.035s] [33mCMake Warning (dev) at ament_cmake_symlink_install/ament_cmake_symlink_install.cmake:62 (file):
[4.035s]   Policy CMP0009 is not set: FILE GLOB_RECURSE calls should not follow
[4.035s]   symlinks by default.  Run "cmake --help-policy CMP0009" for policy details.
[4.035s]   Use the cmake_policy command to set the policy and suppress this warning.
[4.035s] Call Stack (most recent call first):
[4.035s]   ament_cmake_symlink_install/ament_cmake_symlink_install.cmake:323 (ament_cmake_symlink_install_directory)
[4.035s]   cmake_install.cmake:46 (include)
[4.035s] This warning is for project developers.  Use -Wno-dev to suppress it.
[4.035s] [0m
[4.036s] [33mCMake Warning (dev) at ament_cmake_symlink_install/ament_cmake_symlink_install.cmake:73 (file):
[4.036s]   Policy CMP0009 is not set: FILE GLOB_RECURSE calls should not follow
[4.036s]   symlinks by default.  Run "cmake --help-policy CMP0009" for policy details.
[4.036s]   Use the cmake_policy command to set the policy and suppress this warning.
[4.036s] Call Stack (most recent call first):
[4.036s]   ament_cmake_symlink_install/ament_cmake_symlink_install.cmake:323 (ament_cmake_symlink_install_directory)
[4.036s]   cmake_install.cmake:46 (include)
[4.036s] This warning is for project developers.  Use -Wno-dev to suppress it.
[4.036s] [0m
[4.036s] [33mCMake Warning (dev) at ament_cmake_symlink_install/ament_cmake_symlink_install.cmake:73 (file):
[4.036s]   Policy CMP0009 is not set: FILE GLOB_RECURSE calls should not follow
[4.036s]   symlinks by default.  Run "cmake --help-policy CMP0009" for policy details.
[4.036s]   Use the cmake_policy command to set the policy and suppress this warning.
[4.036s] Call Stack (most recent call first):
[4.036s]   ament_cmake_symlink_install/ament_cmake_symlink_install.cmake:323 (ament_cmake_symlink_install_directory)
[4.036s]   cmake_install.cmake:46 (include)
[4.037s] This warning is for project developers.  Use -Wno-dev to suppress it.
[4.037s] [0m
[4.037s] -- Up-to-date symlink: /home/ueshiba/ros2_ws/install/aist_handeye_calibration/lib/python3.10/site-packages/aist_handeye_calibration/__init__.py
[4.037s] -- Up-to-date symlink: /home/ueshiba/ros2_ws/install/aist_handeye_calibration/lib/python3.10/site-packages/aist_handeye_calibration/log/COLCON_IGNORE
[4.037s] -- Up-to-date symlink: /home/ueshiba/ros2_ws/install/aist_handeye_calibration/lib/python3.10/site-packages/aist_handeye_calibration/log/build_2024-06-21_11-17-50/aist_handeye_calibration/command.log
[4.037s] -- Up-to-date symlink: /home/ueshiba/ros2_ws/install/aist_handeye_calibration/lib/python3.10/site-packages/aist_handeye_calibration/log/build_2024-06-21_11-17-50/aist_handeye_calibration/stderr.log
[4.037s] -- Up-to-date symlink: /home/ueshiba/ros2_ws/install/aist_handeye_calibration/lib/python3.10/site-packages/aist_handeye_calibration/log/build_2024-06-21_11-17-50/aist_handeye_calibration/stdout.log
[4.037s] -- Up-to-date symlink: /home/ueshiba/ros2_ws/install/aist_handeye_calibration/lib/python3.10/site-packages/aist_handeye_calibration/log/build_2024-06-21_11-17-50/aist_handeye_calibration/stdout_stderr.log
[4.037s] -- Up-to-date symlink: /home/ueshiba/ros2_ws/install/aist_handeye_calibration/lib/python3.10/site-packages/aist_handeye_calibration/log/build_2024-06-21_11-17-50/aist_handeye_calibration/streams.log
[4.037s] -- Up-to-date symlink: /home/ueshiba/ros2_ws/install/aist_handeye_calibration/lib/python3.10/site-packages/aist_handeye_calibration/log/build_2024-06-21_11-17-50/events.log
[4.037s] -- Up-to-date symlink: /home/ueshiba/ros2_ws/install/aist_handeye_calibration/lib/python3.10/site-packages/aist_handeye_calibration/log/build_2024-06-21_11-17-50/logger_all.log
[4.037s] -- Up-to-date symlink: /home/ueshiba/ros2_ws/install/aist_handeye_calibration/lib/python3.10/site-packages/aist_handeye_calibration/log/build_2024-06-21_11-37-30/aist_aruco_msgs/command.log
[4.038s] -- Up-to-date symlink: /home/ueshiba/ros2_ws/install/aist_handeye_calibration/lib/python3.10/site-packages/aist_handeye_calibration/log/build_2024-06-21_11-37-30/aist_aruco_msgs/stderr.log
[4.038s] -- Up-to-date symlink: /home/ueshiba/ros2_ws/install/aist_handeye_calibration/lib/python3.10/site-packages/aist_handeye_calibration/log/build_2024-06-21_11-37-30/aist_aruco_msgs/stdout.log
[4.038s] -- Up-to-date symlink: /home/ueshiba/ros2_ws/install/aist_handeye_calibration/lib/python3.10/site-packages/aist_handeye_calibration/log/build_2024-06-21_11-37-30/aist_aruco_msgs/stdout_stderr.log
[4.038s] -- Up-to-date symlink: /home/ueshiba/ros2_ws/install/aist_handeye_calibration/lib/python3.10/site-packages/aist_handeye_calibration/log/build_2024-06-21_11-37-30/aist_aruco_msgs/streams.log
[4.038s] -- Up-to-date symlink: /home/ueshiba/ros2_ws/install/aist_handeye_calibration/lib/python3.10/site-packages/aist_handeye_calibration/log/build_2024-06-21_11-37-30/aist_aruco_ros/command.log
[4.038s] -- Up-to-date symlink: /home/ueshiba/ros2_ws/install/aist_handeye_calibration/lib/python3.10/site-packages/aist_handeye_calibration/log/build_2024-06-21_11-37-30/aist_aruco_ros/stderr.log
[4.038s] -- Up-to-date symlink: /home/ueshiba/ros2_ws/install/aist_handeye_calibration/lib/python3.10/site-packages/aist_handeye_calibration/log/build_2024-06-21_11-37-30/aist_aruco_ros/stdout.log
[4.038s] -- Up-to-date symlink: /home/ueshiba/ros2_ws/install/aist_handeye_calibration/lib/python3.10/site-packages/aist_handeye_calibration/log/build_2024-06-21_11-37-30/aist_aruco_ros/stdout_stderr.log
[4.039s] -- Up-to-date symlink: /home/ueshiba/ros2_ws/install/aist_handeye_calibration/lib/python3.10/site-packages/aist_handeye_calibration/log/build_2024-06-21_11-37-30/aist_aruco_ros/streams.log
[4.039s] -- Up-to-date symlink: /home/ueshiba/ros2_ws/install/aist_handeye_calibration/lib/python3.10/site-packages/aist_handeye_calibration/log/build_2024-06-21_11-37-30/aist_handeye_calibration/command.log
[4.039s] -- Up-to-date symlink: /home/ueshiba/ros2_ws/install/aist_handeye_calibration/lib/python3.10/site-packages/aist_handeye_calibration/log/build_2024-06-21_11-37-30/aist_handeye_calibration/stderr.log
[4.039s] -- Up-to-date symlink: /home/ueshiba/ros2_ws/install/aist_handeye_calibration/lib/python3.10/site-packages/aist_handeye_calibration/log/build_2024-06-21_11-37-30/aist_handeye_calibration/stdout.log
[4.039s] -- Up-to-date symlink: /home/ueshiba/ros2_ws/install/aist_handeye_calibration/lib/python3.10/site-packages/aist_handeye_calibration/log/build_2024-06-21_11-37-30/aist_handeye_calibration/stdout_stderr.log
[4.039s] -- Up-to-date symlink: /home/ueshiba/ros2_ws/install/aist_handeye_calibration/lib/python3.10/site-packages/aist_handeye_calibration/log/build_2024-06-21_11-37-30/aist_handeye_calibration/streams.log
[4.039s] -- Up-to-date symlink: /home/ueshiba/ros2_ws/install/aist_handeye_calibration/lib/python3.10/site-packages/aist_handeye_calibration/log/build_2024-06-21_11-37-30/aist_handeye_calibration_msgs/command.log
[4.040s] -- Up-to-date symlink: /home/ueshiba/ros2_ws/install/aist_handeye_calibration/lib/python3.10/site-packages/aist_handeye_calibration/log/build_2024-06-21_11-37-30/aist_handeye_calibration_msgs/stderr.log
[4.040s] -- Up-to-date symlink: /home/ueshiba/ros2_ws/install/aist_handeye_calibration/lib/python3.10/site-packages/aist_handeye_calibration/log/build_2024-06-21_11-37-30/aist_handeye_calibration_msgs/stdout.log
[4.040s] -- Up-to-date symlink: /home/ueshiba/ros2_ws/install/aist_handeye_calibration/lib/python3.10/site-packages/aist_handeye_calibration/log/build_2024-06-21_11-37-30/aist_handeye_calibration_msgs/stdout_stderr.log
[4.040s] -- Up-to-date symlink: /home/ueshiba/ros2_ws/install/aist_handeye_calibration/lib/python3.10/site-packages/aist_handeye_calibration/log/build_2024-06-21_11-37-30/aist_handeye_calibration_msgs/streams.log
[4.040s] -- Up-to-date symlink: /home/ueshiba/ros2_ws/install/aist_handeye_calibration/lib/python3.10/site-packages/aist_handeye_calibration/log/build_2024-06-21_11-37-30/aist_msgs/command.log
[4.040s] -- Up-to-date symlink: /home/ueshiba/ros2_ws/install/aist_handeye_calibration/lib/python3.10/site-packages/aist_handeye_calibration/log/build_2024-06-21_11-37-30/aist_msgs/stderr.log
[4.040s] -- Up-to-date symlink: /home/ueshiba/ros2_ws/install/aist_handeye_calibration/lib/python3.10/site-packages/aist_handeye_calibration/log/build_2024-06-21_11-37-30/aist_msgs/stdout.log
[4.040s] -- Up-to-date symlink: /home/ueshiba/ros2_ws/install/aist_handeye_calibration/lib/python3.10/site-packages/aist_handeye_calibration/log/build_2024-06-21_11-37-30/aist_msgs/stdout_stderr.log
[4.041s] -- Up-to-date symlink: /home/ueshiba/ros2_ws/install/aist_handeye_calibration/lib/python3.10/site-packages/aist_handeye_calibration/log/build_2024-06-21_11-37-30/aist_msgs/streams.log
[4.041s] -- Up-to-date symlink: /home/ueshiba/ros2_ws/install/aist_handeye_calibration/lib/python3.10/site-packages/aist_handeye_calibration/log/build_2024-06-21_11-37-30/aist_phoxi_camera/command.log
[4.041s] -- Up-to-date symlink: /home/ueshiba/ros2_ws/install/aist_handeye_calibration/lib/python3.10/site-packages/aist_handeye_calibration/log/build_2024-06-21_11-37-30/aist_phoxi_camera/stderr.log
[4.041s] -- Up-to-date symlink: /home/ueshiba/ros2_ws/install/aist_handeye_calibration/lib/python3.10/site-packages/aist_handeye_calibration/log/build_2024-06-21_11-37-30/aist_phoxi_camera/stdout.log
[4.041s] -- Up-to-date symlink: /home/ueshiba/ros2_ws/install/aist_handeye_calibration/lib/python3.10/site-packages/aist_handeye_calibration/log/build_2024-06-21_11-37-30/aist_phoxi_camera/stdout_stderr.log
[4.041s] -- Up-to-date symlink: /home/ueshiba/ros2_ws/install/aist_handeye_calibration/lib/python3.10/site-packages/aist_handeye_calibration/log/build_2024-06-21_11-37-30/aist_phoxi_camera/streams.log
[4.041s] -- Up-to-date symlink: /home/ueshiba/ros2_ws/install/aist_handeye_calibration/lib/python3.10/site-packages/aist_handeye_calibration/log/build_2024-06-21_11-37-30/aist_utility/command.log
[4.042s] -- Up-to-date symlink: /home/ueshiba/ros2_ws/install/aist_handeye_calibration/lib/python3.10/site-packages/aist_handeye_calibration/log/build_2024-06-21_11-37-30/aist_utility/stderr.log
[4.042s] -- Up-to-date symlink: /home/ueshiba/ros2_ws/install/aist_handeye_calibration/lib/python3.10/site-packages/aist_handeye_calibration/log/build_2024-06-21_11-37-30/aist_utility/stdout.log
[4.042s] -- Up-to-date symlink: /home/ueshiba/ros2_ws/install/aist_handeye_calibration/lib/python3.10/site-packages/aist_handeye_calibration/log/build_2024-06-21_11-37-30/aist_utility/stdout_stderr.log
[4.042s] -- Up-to-date symlink: /home/ueshiba/ros2_ws/install/aist_handeye_calibration/lib/python3.10/site-packages/aist_handeye_calibration/log/build_2024-06-21_11-37-30/aist_utility/streams.log
[4.042s] -- Up-to-date symlink: /home/ueshiba/ros2_ws/install/aist_handeye_calibration/lib/python3.10/site-packages/aist_handeye_calibration/log/build_2024-06-21_11-37-30/aruco/command.log
[4.042s] -- Up-to-date symlink: /home/ueshiba/ros2_ws/install/aist_handeye_calibration/lib/python3.10/site-packages/aist_handeye_calibration/log/build_2024-06-21_11-37-30/aruco/stderr.log
[4.042s] -- Up-to-date symlink: /home/ueshiba/ros2_ws/install/aist_handeye_calibration/lib/python3.10/site-packages/aist_handeye_calibration/log/build_2024-06-21_11-37-30/aruco/stdout.log
[4.042s] -- Up-to-date symlink: /home/ueshiba/ros2_ws/install/aist_handeye_calibration/lib/python3.10/site-packages/aist_handeye_calibration/log/build_2024-06-21_11-37-30/aruco/stdout_stderr.log
[4.043s] -- Up-to-date symlink: /home/ueshiba/ros2_ws/install/aist_handeye_calibration/lib/python3.10/site-packages/aist_handeye_calibration/log/build_2024-06-21_11-37-30/aruco/streams.log
[4.043s] -- Up-to-date symlink: /home/ueshiba/ros2_ws/install/aist_handeye_calibration/lib/python3.10/site-packages/aist_handeye_calibration/log/build_2024-06-21_11-37-30/aruco_msgs/command.log
[4.043s] -- Up-to-date symlink: /home/ueshiba/ros2_ws/install/aist_handeye_calibration/lib/python3.10/site-packages/aist_handeye_calibration/log/build_2024-06-21_11-37-30/aruco_msgs/stderr.log
[4.043s] -- Up-to-date symlink: /home/ueshiba/ros2_ws/install/aist_handeye_calibration/lib/python3.10/site-packages/aist_handeye_calibration/log/build_2024-06-21_11-37-30/aruco_msgs/stdout.log
[4.043s] -- Up-to-date symlink: /home/ueshiba/ros2_ws/install/aist_handeye_calibration/lib/python3.10/site-packages/aist_handeye_calibration/log/build_2024-06-21_11-37-30/aruco_msgs/stdout_stderr.log
[4.043s] -- Up-to-date symlink: /home/ueshiba/ros2_ws/install/aist_handeye_calibration/lib/python3.10/site-packages/aist_handeye_calibration/log/build_2024-06-21_11-37-30/aruco_msgs/streams.log
[4.043s] -- Up-to-date symlink: /home/ueshiba/ros2_ws/install/aist_handeye_calibration/lib/python3.10/site-packages/aist_handeye_calibration/log/build_2024-06-21_11-37-30/aruco_ros/command.log
[4.044s] -- Up-to-date symlink: /home/ueshiba/ros2_ws/install/aist_handeye_calibration/lib/python3.10/site-packages/aist_handeye_calibration/log/build_2024-06-21_11-37-30/aruco_ros/stderr.log
[4.044s] -- Up-to-date symlink: /home/ueshiba/ros2_ws/install/aist_handeye_calibration/lib/python3.10/site-packages/aist_handeye_calibration/log/build_2024-06-21_11-37-30/aruco_ros/stdout.log
[4.044s] -- Up-to-date symlink: /home/ueshiba/ros2_ws/install/aist_handeye_calibration/lib/python3.10/site-packages/aist_handeye_calibration/log/build_2024-06-21_11-37-30/aruco_ros/stdout_stderr.log
[4.044s] -- Up-to-date symlink: /home/ueshiba/ros2_ws/install/aist_handeye_calibration/lib/python3.10/site-packages/aist_handeye_calibration/log/build_2024-06-21_11-37-30/aruco_ros/streams.log
[4.044s] -- Up-to-date symlink: /home/ueshiba/ros2_ws/install/aist_handeye_calibration/lib/python3.10/site-packages/aist_handeye_calibration/log/build_2024-06-21_11-37-30/cu_bridge/command.log
[4.044s] -- Up-to-date symlink: /home/ueshiba/ros2_ws/install/aist_handeye_calibration/lib/python3.10/site-packages/aist_handeye_calibration/log/build_2024-06-21_11-37-30/cu_bridge/stderr.log
[4.044s] -- Up-to-date symlink: /home/ueshiba/ros2_ws/install/aist_handeye_calibration/lib/python3.10/site-packages/aist_handeye_calibration/log/build_2024-06-21_11-37-30/cu_bridge/stdout.log
[4.044s] -- Up-to-date symlink: /home/ueshiba/ros2_ws/install/aist_handeye_calibration/lib/python3.10/site-packages/aist_handeye_calibration/log/build_2024-06-21_11-37-30/cu_bridge/stdout_stderr.log
[4.045s] -- Up-to-date symlink: /home/ueshiba/ros2_ws/install/aist_handeye_calibration/lib/python3.10/site-packages/aist_handeye_calibration/log/build_2024-06-21_11-37-30/cu_bridge/streams.log
[4.045s] -- Up-to-date symlink: /home/ueshiba/ros2_ws/install/aist_handeye_calibration/lib/python3.10/site-packages/aist_handeye_calibration/log/build_2024-06-21_11-37-30/ddynamic_reconfigure2/command.log
[4.045s] -- Up-to-date symlink: /home/ueshiba/ros2_ws/install/aist_handeye_calibration/lib/python3.10/site-packages/aist_handeye_calibration/log/build_2024-06-21_11-37-30/ddynamic_reconfigure2/stderr.log
[4.045s] -- Up-to-date symlink: /home/ueshiba/ros2_ws/install/aist_handeye_calibration/lib/python3.10/site-packages/aist_handeye_calibration/log/build_2024-06-21_11-37-30/ddynamic_reconfigure2/stdout.log
[4.045s] -- Up-to-date symlink: /home/ueshiba/ros2_ws/install/aist_handeye_calibration/lib/python3.10/site-packages/aist_handeye_calibration/log/build_2024-06-21_11-37-30/ddynamic_reconfigure2/stdout_stderr.log
[4.045s] -- Up-to-date symlink: /home/ueshiba/ros2_ws/install/aist_handeye_calibration/lib/python3.10/site-packages/aist_handeye_calibration/log/build_2024-06-21_11-37-30/ddynamic_reconfigure2/streams.log
[4.045s] -- Up-to-date symlink: /home/ueshiba/ros2_ws/install/aist_handeye_calibration/lib/python3.10/site-packages/aist_handeye_calibration/log/build_2024-06-21_11-37-30/events.log
[4.045s] -- Up-to-date symlink: /home/ueshiba/ros2_ws/install/aist_handeye_calibration/lib/python3.10/site-packages/aist_handeye_calibration/log/build_2024-06-21_11-37-30/logger_all.log
[4.046s] -- Up-to-date symlink: /home/ueshiba/ros2_ws/install/aist_handeye_calibration/lib/python3.10/site-packages/aist_handeye_calibration/log/build_2024-06-21_11-37-30/realsense2_camera/command.log
[4.046s] -- Up-to-date symlink: /home/ueshiba/ros2_ws/install/aist_handeye_calibration/lib/python3.10/site-packages/aist_handeye_calibration/log/build_2024-06-21_11-37-30/realsense2_camera/stderr.log
[4.046s] -- Up-to-date symlink: /home/ueshiba/ros2_ws/install/aist_handeye_calibration/lib/python3.10/site-packages/aist_handeye_calibration/log/build_2024-06-21_11-37-30/realsense2_camera/stdout.log
[4.046s] -- Up-to-date symlink: /home/ueshiba/ros2_ws/install/aist_handeye_calibration/lib/python3.10/site-packages/aist_handeye_calibration/log/build_2024-06-21_11-37-30/realsense2_camera/stdout_stderr.log
[4.046s] -- Up-to-date symlink: /home/ueshiba/ros2_ws/install/aist_handeye_calibration/lib/python3.10/site-packages/aist_handeye_calibration/log/build_2024-06-21_11-37-30/realsense2_camera/streams.log
[4.046s] -- Up-to-date symlink: /home/ueshiba/ros2_ws/install/aist_handeye_calibration/lib/python3.10/site-packages/aist_handeye_calibration/log/build_2024-06-21_11-37-30/realsense2_camera_msgs/command.log
[4.046s] -- Up-to-date symlink: /home/ueshiba/ros2_ws/install/aist_handeye_calibration/lib/python3.10/site-packages/aist_handeye_calibration/log/build_2024-06-21_11-37-30/realsense2_camera_msgs/stderr.log
[4.047s] -- Up-to-date symlink: /home/ueshiba/ros2_ws/install/aist_handeye_calibration/lib/python3.10/site-packages/aist_handeye_calibration/log/build_2024-06-21_11-37-30/realsense2_camera_msgs/stdout.log
[4.047s] -- Up-to-date symlink: /home/ueshiba/ros2_ws/install/aist_handeye_calibration/lib/python3.10/site-packages/aist_handeye_calibration/log/build_2024-06-21_11-37-30/realsense2_camera_msgs/stdout_stderr.log
[4.047s] -- Up-to-date symlink: /home/ueshiba/ros2_ws/install/aist_handeye_calibration/lib/python3.10/site-packages/aist_handeye_calibration/log/build_2024-06-21_11-37-30/realsense2_camera_msgs/streams.log
[4.047s] -- Up-to-date symlink: /home/ueshiba/ros2_ws/install/aist_handeye_calibration/lib/python3.10/site-packages/aist_handeye_calibration/log/build_2024-06-21_11-37-30/realsense2_description/command.log
[4.047s] -- Up-to-date symlink: /home/ueshiba/ros2_ws/install/aist_handeye_calibration/lib/python3.10/site-packages/aist_handeye_calibration/log/build_2024-06-21_11-37-30/realsense2_description/stderr.log
[4.047s] -- Up-to-date symlink: /home/ueshiba/ros2_ws/install/aist_handeye_calibration/lib/python3.10/site-packages/aist_handeye_calibration/log/build_2024-06-21_11-37-30/realsense2_description/stdout.log
[4.047s] -- Up-to-date symlink: /home/ueshiba/ros2_ws/install/aist_handeye_calibration/lib/python3.10/site-packages/aist_handeye_calibration/log/build_2024-06-21_11-37-30/realsense2_description/stdout_stderr.log
[4.047s] -- Up-to-date symlink: /home/ueshiba/ros2_ws/install/aist_handeye_calibration/lib/python3.10/site-packages/aist_handeye_calibration/log/build_2024-06-21_11-37-30/realsense2_description/streams.log
[4.048s] -- Up-to-date symlink: /home/ueshiba/ros2_ws/install/aist_handeye_calibration/lib/python3.10/site-packages/aist_handeye_calibration/log/build_2024-06-21_11-37-30/rqt_reconfigure/command.log
[4.048s] -- Up-to-date symlink: /home/ueshiba/ros2_ws/install/aist_handeye_calibration/lib/python3.10/site-packages/aist_handeye_calibration/log/build_2024-06-21_11-37-30/rqt_reconfigure/stderr.log
[4.048s] -- Up-to-date symlink: /home/ueshiba/ros2_ws/install/aist_handeye_calibration/lib/python3.10/site-packages/aist_handeye_calibration/log/build_2024-06-21_11-37-30/rqt_reconfigure/stdout.log
[4.048s] -- Up-to-date symlink: /home/ueshiba/ros2_ws/install/aist_handeye_calibration/lib/python3.10/site-packages/aist_handeye_calibration/log/build_2024-06-21_11-37-30/rqt_reconfigure/stdout_stderr.log
[4.048s] -- Up-to-date symlink: /home/ueshiba/ros2_ws/install/aist_handeye_calibration/lib/python3.10/site-packages/aist_handeye_calibration/log/build_2024-06-21_11-37-30/rqt_reconfigure/streams.log
[4.048s] -- Up-to-date symlink: /home/ueshiba/ros2_ws/install/aist_handeye_calibration/lib/python3.10/site-packages/aist_handeye_calibration/log/latest/aist_aruco_msgs/command.log
[4.048s] -- Up-to-date symlink: /home/ueshiba/ros2_ws/install/aist_handeye_calibration/lib/python3.10/site-packages/aist_handeye_calibration/log/latest/aist_aruco_msgs/stderr.log
[4.048s] -- Up-to-date symlink: /home/ueshiba/ros2_ws/install/aist_handeye_calibration/lib/python3.10/site-packages/aist_handeye_calibration/log/latest/aist_aruco_msgs/stdout.log
[4.048s] -- Up-to-date symlink: /home/ueshiba/ros2_ws/install/aist_handeye_calibration/lib/python3.10/site-packages/aist_handeye_calibration/log/latest/aist_aruco_msgs/stdout_stderr.log
[4.048s] -- Up-to-date symlink: /home/ueshiba/ros2_ws/install/aist_handeye_calibration/lib/python3.10/site-packages/aist_handeye_calibration/log/latest/aist_aruco_msgs/streams.log
[4.048s] -- Up-to-date symlink: /home/ueshiba/ros2_ws/install/aist_handeye_calibration/lib/python3.10/site-packages/aist_handeye_calibration/log/latest/aist_aruco_ros/command.log
[4.048s] -- Up-to-date symlink: /home/ueshiba/ros2_ws/install/aist_handeye_calibration/lib/python3.10/site-packages/aist_handeye_calibration/log/latest/aist_aruco_ros/stderr.log
[4.048s] -- Up-to-date symlink: /home/ueshiba/ros2_ws/install/aist_handeye_calibration/lib/python3.10/site-packages/aist_handeye_calibration/log/latest/aist_aruco_ros/stdout.log
[4.048s] -- Up-to-date symlink: /home/ueshiba/ros2_ws/install/aist_handeye_calibration/lib/python3.10/site-packages/aist_handeye_calibration/log/latest/aist_aruco_ros/stdout_stderr.log
[4.048s] -- Up-to-date symlink: /home/ueshiba/ros2_ws/install/aist_handeye_calibration/lib/python3.10/site-packages/aist_handeye_calibration/log/latest/aist_aruco_ros/streams.log
[4.048s] -- Up-to-date symlink: /home/ueshiba/ros2_ws/install/aist_handeye_calibration/lib/python3.10/site-packages/aist_handeye_calibration/log/latest/aist_handeye_calibration/command.log
[4.048s] -- Up-to-date symlink: /home/ueshiba/ros2_ws/install/aist_handeye_calibration/lib/python3.10/site-packages/aist_handeye_calibration/log/latest/aist_handeye_calibration/stderr.log
[4.048s] -- Up-to-date symlink: /home/ueshiba/ros2_ws/install/aist_handeye_calibration/lib/python3.10/site-packages/aist_handeye_calibration/log/latest/aist_handeye_calibration/stdout.log
[4.048s] -- Up-to-date symlink: /home/ueshiba/ros2_ws/install/aist_handeye_calibration/lib/python3.10/site-packages/aist_handeye_calibration/log/latest/aist_handeye_calibration/stdout_stderr.log
[4.048s] -- Up-to-date symlink: /home/ueshiba/ros2_ws/install/aist_handeye_calibration/lib/python3.10/site-packages/aist_handeye_calibration/log/latest/aist_handeye_calibration/streams.log
[4.048s] -- Up-to-date symlink: /home/ueshiba/ros2_ws/install/aist_handeye_calibration/lib/python3.10/site-packages/aist_handeye_calibration/log/latest/aist_handeye_calibration_msgs/command.log
[4.048s] -- Up-to-date symlink: /home/ueshiba/ros2_ws/install/aist_handeye_calibration/lib/python3.10/site-packages/aist_handeye_calibration/log/latest/aist_handeye_calibration_msgs/stderr.log
[4.049s] -- Up-to-date symlink: /home/ueshiba/ros2_ws/install/aist_handeye_calibration/lib/python3.10/site-packages/aist_handeye_calibration/log/latest/aist_handeye_calibration_msgs/stdout.log
[4.049s] -- Up-to-date symlink: /home/ueshiba/ros2_ws/install/aist_handeye_calibration/lib/python3.10/site-packages/aist_handeye_calibration/log/latest/aist_handeye_calibration_msgs/stdout_stderr.log
[4.049s] -- Up-to-date symlink: /home/ueshiba/ros2_ws/install/aist_handeye_calibration/lib/python3.10/site-packages/aist_handeye_calibration/log/latest/aist_handeye_calibration_msgs/streams.log
[4.049s] -- Up-to-date symlink: /home/ueshiba/ros2_ws/install/aist_handeye_calibration/lib/python3.10/site-packages/aist_handeye_calibration/log/latest/aist_msgs/command.log
[4.049s] -- Up-to-date symlink: /home/ueshiba/ros2_ws/install/aist_handeye_calibration/lib/python3.10/site-packages/aist_handeye_calibration/log/latest/aist_msgs/stderr.log
[4.049s] -- Up-to-date symlink: /home/ueshiba/ros2_ws/install/aist_handeye_calibration/lib/python3.10/site-packages/aist_handeye_calibration/log/latest/aist_msgs/stdout.log
[4.049s] -- Up-to-date symlink: /home/ueshiba/ros2_ws/install/aist_handeye_calibration/lib/python3.10/site-packages/aist_handeye_calibration/log/latest/aist_msgs/stdout_stderr.log
[4.049s] -- Up-to-date symlink: /home/ueshiba/ros2_ws/install/aist_handeye_calibration/lib/python3.10/site-packages/aist_handeye_calibration/log/latest/aist_msgs/streams.log
[4.049s] -- Up-to-date symlink: /home/ueshiba/ros2_ws/install/aist_handeye_calibration/lib/python3.10/site-packages/aist_handeye_calibration/log/latest/aist_phoxi_camera/command.log
[4.049s] -- Up-to-date symlink: /home/ueshiba/ros2_ws/install/aist_handeye_calibration/lib/python3.10/site-packages/aist_handeye_calibration/log/latest/aist_phoxi_camera/stderr.log
[4.049s] -- Up-to-date symlink: /home/ueshiba/ros2_ws/install/aist_handeye_calibration/lib/python3.10/site-packages/aist_handeye_calibration/log/latest/aist_phoxi_camera/stdout.log
[4.049s] -- Up-to-date symlink: /home/ueshiba/ros2_ws/install/aist_handeye_calibration/lib/python3.10/site-packages/aist_handeye_calibration/log/latest/aist_phoxi_camera/stdout_stderr.log
[4.049s] -- Up-to-date symlink: /home/ueshiba/ros2_ws/install/aist_handeye_calibration/lib/python3.10/site-packages/aist_handeye_calibration/log/latest/aist_phoxi_camera/streams.log
[4.049s] -- Up-to-date symlink: /home/ueshiba/ros2_ws/install/aist_handeye_calibration/lib/python3.10/site-packages/aist_handeye_calibration/log/latest/aist_utility/command.log
[4.049s] -- Up-to-date symlink: /home/ueshiba/ros2_ws/install/aist_handeye_calibration/lib/python3.10/site-packages/aist_handeye_calibration/log/latest/aist_utility/stderr.log
[4.049s] -- Up-to-date symlink: /home/ueshiba/ros2_ws/install/aist_handeye_calibration/lib/python3.10/site-packages/aist_handeye_calibration/log/latest/aist_utility/stdout.log
[4.050s] -- Up-to-date symlink: /home/ueshiba/ros2_ws/install/aist_handeye_calibration/lib/python3.10/site-packages/aist_handeye_calibration/log/latest/aist_utility/stdout_stderr.log
[4.050s] -- Up-to-date symlink: /home/ueshiba/ros2_ws/install/aist_handeye_calibration/lib/python3.10/site-packages/aist_handeye_calibration/log/latest/aist_utility/streams.log
[4.050s] -- Up-to-date symlink: /home/ueshiba/ros2_ws/install/aist_handeye_calibration/lib/python3.10/site-packages/aist_handeye_calibration/log/latest/aruco/command.log
[4.050s] -- Up-to-date symlink: /home/ueshiba/ros2_ws/install/aist_handeye_calibration/lib/python3.10/site-packages/aist_handeye_calibration/log/latest/aruco/stderr.log
[4.050s] -- Up-to-date symlink: /home/ueshiba/ros2_ws/install/aist_handeye_calibration/lib/python3.10/site-packages/aist_handeye_calibration/log/latest/aruco/stdout.log
[4.050s] -- Up-to-date symlink: /home/ueshiba/ros2_ws/install/aist_handeye_calibration/lib/python3.10/site-packages/aist_handeye_calibration/log/latest/aruco/stdout_stderr.log
[4.050s] -- Up-to-date symlink: /home/ueshiba/ros2_ws/install/aist_handeye_calibration/lib/python3.10/site-packages/aist_handeye_calibration/log/latest/aruco/streams.log
[4.050s] -- Up-to-date symlink: /home/ueshiba/ros2_ws/install/aist_handeye_calibration/lib/python3.10/site-packages/aist_handeye_calibration/log/latest/aruco_msgs/command.log
[4.050s] -- Up-to-date symlink: /home/ueshiba/ros2_ws/install/aist_handeye_calibration/lib/python3.10/site-packages/aist_handeye_calibration/log/latest/aruco_msgs/stderr.log
[4.050s] -- Up-to-date symlink: /home/ueshiba/ros2_ws/install/aist_handeye_calibration/lib/python3.10/site-packages/aist_handeye_calibration/log/latest/aruco_msgs/stdout.log
[4.050s] -- Up-to-date symlink: /home/ueshiba/ros2_ws/install/aist_handeye_calibration/lib/python3.10/site-packages/aist_handeye_calibration/log/latest/aruco_msgs/stdout_stderr.log
[4.050s] -- Up-to-date symlink: /home/ueshiba/ros2_ws/install/aist_handeye_calibration/lib/python3.10/site-packages/aist_handeye_calibration/log/latest/aruco_msgs/streams.log
[4.050s] -- Up-to-date symlink: /home/ueshiba/ros2_ws/install/aist_handeye_calibration/lib/python3.10/site-packages/aist_handeye_calibration/log/latest/aruco_ros/command.log
[4.050s] -- Up-to-date symlink: /home/ueshiba/ros2_ws/install/aist_handeye_calibration/lib/python3.10/site-packages/aist_handeye_calibration/log/latest/aruco_ros/stderr.log
[4.050s] -- Up-to-date symlink: /home/ueshiba/ros2_ws/install/aist_handeye_calibration/lib/python3.10/site-packages/aist_handeye_calibration/log/latest/aruco_ros/stdout.log
[4.050s] -- Up-to-date symlink: /home/ueshiba/ros2_ws/install/aist_handeye_calibration/lib/python3.10/site-packages/aist_handeye_calibration/log/latest/aruco_ros/stdout_stderr.log
[4.050s] -- Up-to-date symlink: /home/ueshiba/ros2_ws/install/aist_handeye_calibration/lib/python3.10/site-packages/aist_handeye_calibration/log/latest/aruco_ros/streams.log
[4.051s] -- Up-to-date symlink: /home/ueshiba/ros2_ws/install/aist_handeye_calibration/lib/python3.10/site-packages/aist_handeye_calibration/log/latest/cu_bridge/command.log
[4.051s] -- Up-to-date symlink: /home/ueshiba/ros2_ws/install/aist_handeye_calibration/lib/python3.10/site-packages/aist_handeye_calibration/log/latest/cu_bridge/stderr.log
[4.051s] -- Up-to-date symlink: /home/ueshiba/ros2_ws/install/aist_handeye_calibration/lib/python3.10/site-packages/aist_handeye_calibration/log/latest/cu_bridge/stdout.log
[4.051s] -- Up-to-date symlink: /home/ueshiba/ros2_ws/install/aist_handeye_calibration/lib/python3.10/site-packages/aist_handeye_calibration/log/latest/cu_bridge/stdout_stderr.log
[4.051s] -- Up-to-date symlink: /home/ueshiba/ros2_ws/install/aist_handeye_calibration/lib/python3.10/site-packages/aist_handeye_calibration/log/latest/cu_bridge/streams.log
[4.051s] -- Up-to-date symlink: /home/ueshiba/ros2_ws/install/aist_handeye_calibration/lib/python3.10/site-packages/aist_handeye_calibration/log/latest/ddynamic_reconfigure2/command.log
[4.051s] -- Up-to-date symlink: /home/ueshiba/ros2_ws/install/aist_handeye_calibration/lib/python3.10/site-packages/aist_handeye_calibration/log/latest/ddynamic_reconfigure2/stderr.log
[4.051s] -- Up-to-date symlink: /home/ueshiba/ros2_ws/install/aist_handeye_calibration/lib/python3.10/site-packages/aist_handeye_calibration/log/latest/ddynamic_reconfigure2/stdout.log
[4.051s] -- Up-to-date symlink: /home/ueshiba/ros2_ws/install/aist_handeye_calibration/lib/python3.10/site-packages/aist_handeye_calibration/log/latest/ddynamic_reconfigure2/stdout_stderr.log
[4.051s] -- Up-to-date symlink: /home/ueshiba/ros2_ws/install/aist_handeye_calibration/lib/python3.10/site-packages/aist_handeye_calibration/log/latest/ddynamic_reconfigure2/streams.log
[4.051s] -- Up-to-date symlink: /home/ueshiba/ros2_ws/install/aist_handeye_calibration/lib/python3.10/site-packages/aist_handeye_calibration/log/latest/events.log
[4.051s] -- Up-to-date symlink: /home/ueshiba/ros2_ws/install/aist_handeye_calibration/lib/python3.10/site-packages/aist_handeye_calibration/log/latest/logger_all.log
[4.051s] -- Up-to-date symlink: /home/ueshiba/ros2_ws/install/aist_handeye_calibration/lib/python3.10/site-packages/aist_handeye_calibration/log/latest/realsense2_camera/command.log
[4.051s] -- Up-to-date symlink: /home/ueshiba/ros2_ws/install/aist_handeye_calibration/lib/python3.10/site-packages/aist_handeye_calibration/log/latest/realsense2_camera/stderr.log
[4.051s] -- Up-to-date symlink: /home/ueshiba/ros2_ws/install/aist_handeye_calibration/lib/python3.10/site-packages/aist_handeye_calibration/log/latest/realsense2_camera/stdout.log
[4.051s] -- Up-to-date symlink: /home/ueshiba/ros2_ws/install/aist_handeye_calibration/lib/python3.10/site-packages/aist_handeye_calibration/log/latest/realsense2_camera/stdout_stderr.log
[4.052s] -- Up-to-date symlink: /home/ueshiba/ros2_ws/install/aist_handeye_calibration/lib/python3.10/site-packages/aist_handeye_calibration/log/latest/realsense2_camera/streams.log
[4.052s] -- Up-to-date symlink: /home/ueshiba/ros2_ws/install/aist_handeye_calibration/lib/python3.10/site-packages/aist_handeye_calibration/log/latest/realsense2_camera_msgs/command.log
[4.052s] -- Up-to-date symlink: /home/ueshiba/ros2_ws/install/aist_handeye_calibration/lib/python3.10/site-packages/aist_handeye_calibration/log/latest/realsense2_camera_msgs/stderr.log
[4.052s] -- Up-to-date symlink: /home/ueshiba/ros2_ws/install/aist_handeye_calibration/lib/python3.10/site-packages/aist_handeye_calibration/log/latest/realsense2_camera_msgs/stdout.log
[4.052s] -- Up-to-date symlink: /home/ueshiba/ros2_ws/install/aist_handeye_calibration/lib/python3.10/site-packages/aist_handeye_calibration/log/latest/realsense2_camera_msgs/stdout_stderr.log
[4.052s] -- Up-to-date symlink: /home/ueshiba/ros2_ws/install/aist_handeye_calibration/lib/python3.10/site-packages/aist_handeye_calibration/log/latest/realsense2_camera_msgs/streams.log
[4.052s] -- Up-to-date symlink: /home/ueshiba/ros2_ws/install/aist_handeye_calibration/lib/python3.10/site-packages/aist_handeye_calibration/log/latest/realsense2_description/command.log
[4.052s] -- Up-to-date symlink: /home/ueshiba/ros2_ws/install/aist_handeye_calibration/lib/python3.10/site-packages/aist_handeye_calibration/log/latest/realsense2_description/stderr.log
[4.052s] -- Up-to-date symlink: /home/ueshiba/ros2_ws/install/aist_handeye_calibration/lib/python3.10/site-packages/aist_handeye_calibration/log/latest/realsense2_description/stdout.log
[4.052s] -- Up-to-date symlink: /home/ueshiba/ros2_ws/install/aist_handeye_calibration/lib/python3.10/site-packages/aist_handeye_calibration/log/latest/realsense2_description/stdout_stderr.log
[4.052s] -- Up-to-date symlink: /home/ueshiba/ros2_ws/install/aist_handeye_calibration/lib/python3.10/site-packages/aist_handeye_calibration/log/latest/realsense2_description/streams.log
[4.052s] -- Up-to-date symlink: /home/ueshiba/ros2_ws/install/aist_handeye_calibration/lib/python3.10/site-packages/aist_handeye_calibration/log/latest/rqt_reconfigure/command.log
[4.052s] -- Up-to-date symlink: /home/ueshiba/ros2_ws/install/aist_handeye_calibration/lib/python3.10/site-packages/aist_handeye_calibration/log/latest/rqt_reconfigure/stderr.log
[4.052s] -- Up-to-date symlink: /home/ueshiba/ros2_ws/install/aist_handeye_calibration/lib/python3.10/site-packages/aist_handeye_calibration/log/latest/rqt_reconfigure/stdout.log
[4.053s] -- Up-to-date symlink: /home/ueshiba/ros2_ws/install/aist_handeye_calibration/lib/python3.10/site-packages/aist_handeye_calibration/log/latest/rqt_reconfigure/stdout_stderr.log
[4.053s] -- Up-to-date symlink: /home/ueshiba/ros2_ws/install/aist_handeye_calibration/lib/python3.10/site-packages/aist_handeye_calibration/log/latest/rqt_reconfigure/streams.log
[4.053s] -- Up-to-date symlink: /home/ueshiba/ros2_ws/install/aist_handeye_calibration/lib/python3.10/site-packages/aist_handeye_calibration/log/latest_build/aist_aruco_msgs/command.log
[4.053s] -- Up-to-date symlink: /home/ueshiba/ros2_ws/install/aist_handeye_calibration/lib/python3.10/site-packages/aist_handeye_calibration/log/latest_build/aist_aruco_msgs/stderr.log
[4.053s] -- Up-to-date symlink: /home/ueshiba/ros2_ws/install/aist_handeye_calibration/lib/python3.10/site-packages/aist_handeye_calibration/log/latest_build/aist_aruco_msgs/stdout.log
[4.053s] -- Up-to-date symlink: /home/ueshiba/ros2_ws/install/aist_handeye_calibration/lib/python3.10/site-packages/aist_handeye_calibration/log/latest_build/aist_aruco_msgs/stdout_stderr.log
[4.053s] -- Up-to-date symlink: /home/ueshiba/ros2_ws/install/aist_handeye_calibration/lib/python3.10/site-packages/aist_handeye_calibration/log/latest_build/aist_aruco_msgs/streams.log
[4.053s] -- Up-to-date symlink: /home/ueshiba/ros2_ws/install/aist_handeye_calibration/lib/python3.10/site-packages/aist_handeye_calibration/log/latest_build/aist_aruco_ros/command.log
[4.053s] -- Up-to-date symlink: /home/ueshiba/ros2_ws/install/aist_handeye_calibration/lib/python3.10/site-packages/aist_handeye_calibration/log/latest_build/aist_aruco_ros/stderr.log
[4.053s] -- Up-to-date symlink: /home/ueshiba/ros2_ws/install/aist_handeye_calibration/lib/python3.10/site-packages/aist_handeye_calibration/log/latest_build/aist_aruco_ros/stdout.log
[4.053s] -- Up-to-date symlink: /home/ueshiba/ros2_ws/install/aist_handeye_calibration/lib/python3.10/site-packages/aist_handeye_calibration/log/latest_build/aist_aruco_ros/stdout_stderr.log
[4.053s] -- Up-to-date symlink: /home/ueshiba/ros2_ws/install/aist_handeye_calibration/lib/python3.10/site-packages/aist_handeye_calibration/log/latest_build/aist_aruco_ros/streams.log
[4.053s] -- Up-to-date symlink: /home/ueshiba/ros2_ws/install/aist_handeye_calibration/lib/python3.10/site-packages/aist_handeye_calibration/log/latest_build/aist_handeye_calibration/command.log
[4.053s] -- Up-to-date symlink: /home/ueshiba/ros2_ws/install/aist_handeye_calibration/lib/python3.10/site-packages/aist_handeye_calibration/log/latest_build/aist_handeye_calibration/stderr.log
[4.053s] -- Up-to-date symlink: /home/ueshiba/ros2_ws/install/aist_handeye_calibration/lib/python3.10/site-packages/aist_handeye_calibration/log/latest_build/aist_handeye_calibration/stdout.log
[4.053s] -- Up-to-date symlink: /home/ueshiba/ros2_ws/install/aist_handeye_calibration/lib/python3.10/site-packages/aist_handeye_calibration/log/latest_build/aist_handeye_calibration/stdout_stderr.log
[4.053s] -- Up-to-date symlink: /home/ueshiba/ros2_ws/install/aist_handeye_calibration/lib/python3.10/site-packages/aist_handeye_calibration/log/latest_build/aist_handeye_calibration/streams.log
[4.054s] -- Up-to-date symlink: /home/ueshiba/ros2_ws/install/aist_handeye_calibration/lib/python3.10/site-packages/aist_handeye_calibration/log/latest_build/aist_handeye_calibration_msgs/command.log
[4.054s] -- Up-to-date symlink: /home/ueshiba/ros2_ws/install/aist_handeye_calibration/lib/python3.10/site-packages/aist_handeye_calibration/log/latest_build/aist_handeye_calibration_msgs/stderr.log
[4.054s] -- Up-to-date symlink: /home/ueshiba/ros2_ws/install/aist_handeye_calibration/lib/python3.10/site-packages/aist_handeye_calibration/log/latest_build/aist_handeye_calibration_msgs/stdout.log
[4.054s] -- Up-to-date symlink: /home/ueshiba/ros2_ws/install/aist_handeye_calibration/lib/python3.10/site-packages/aist_handeye_calibration/log/latest_build/aist_handeye_calibration_msgs/stdout_stderr.log
[4.054s] -- Up-to-date symlink: /home/ueshiba/ros2_ws/install/aist_handeye_calibration/lib/python3.10/site-packages/aist_handeye_calibration/log/latest_build/aist_handeye_calibration_msgs/streams.log
[4.054s] -- Up-to-date symlink: /home/ueshiba/ros2_ws/install/aist_handeye_calibration/lib/python3.10/site-packages/aist_handeye_calibration/log/latest_build/aist_msgs/command.log
[4.054s] -- Up-to-date symlink: /home/ueshiba/ros2_ws/install/aist_handeye_calibration/lib/python3.10/site-packages/aist_handeye_calibration/log/latest_build/aist_msgs/stderr.log
[4.054s] -- Up-to-date symlink: /home/ueshiba/ros2_ws/install/aist_handeye_calibration/lib/python3.10/site-packages/aist_handeye_calibration/log/latest_build/aist_msgs/stdout.log
[4.054s] -- Up-to-date symlink: /home/ueshiba/ros2_ws/install/aist_handeye_calibration/lib/python3.10/site-packages/aist_handeye_calibration/log/latest_build/aist_msgs/stdout_stderr.log
[4.054s] -- Up-to-date symlink: /home/ueshiba/ros2_ws/install/aist_handeye_calibration/lib/python3.10/site-packages/aist_handeye_calibration/log/latest_build/aist_msgs/streams.log
[4.054s] -- Up-to-date symlink: /home/ueshiba/ros2_ws/install/aist_handeye_calibration/lib/python3.10/site-packages/aist_handeye_calibration/log/latest_build/aist_phoxi_camera/command.log
[4.054s] -- Up-to-date symlink: /home/ueshiba/ros2_ws/install/aist_handeye_calibration/lib/python3.10/site-packages/aist_handeye_calibration/log/latest_build/aist_phoxi_camera/stderr.log
[4.054s] -- Up-to-date symlink: /home/ueshiba/ros2_ws/install/aist_handeye_calibration/lib/python3.10/site-packages/aist_handeye_calibration/log/latest_build/aist_phoxi_camera/stdout.log
[4.054s] -- Up-to-date symlink: /home/ueshiba/ros2_ws/install/aist_handeye_calibration/lib/python3.10/site-packages/aist_handeye_calibration/log/latest_build/aist_phoxi_camera/stdout_stderr.log
[4.054s] -- Up-to-date symlink: /home/ueshiba/ros2_ws/install/aist_handeye_calibration/lib/python3.10/site-packages/aist_handeye_calibration/log/latest_build/aist_phoxi_camera/streams.log
[4.054s] -- Up-to-date symlink: /home/ueshiba/ros2_ws/install/aist_handeye_calibration/lib/python3.10/site-packages/aist_handeye_calibration/log/latest_build/aist_utility/command.log
[4.055s] -- Up-to-date symlink: /home/ueshiba/ros2_ws/install/aist_handeye_calibration/lib/python3.10/site-packages/aist_handeye_calibration/log/latest_build/aist_utility/stderr.log
[4.055s] -- Up-to-date symlink: /home/ueshiba/ros2_ws/install/aist_handeye_calibration/lib/python3.10/site-packages/aist_handeye_calibration/log/latest_build/aist_utility/stdout.log
[4.055s] -- Up-to-date symlink: /home/ueshiba/ros2_ws/install/aist_handeye_calibration/lib/python3.10/site-packages/aist_handeye_calibration/log/latest_build/aist_utility/stdout_stderr.log
[4.055s] -- Up-to-date symlink: /home/ueshiba/ros2_ws/install/aist_handeye_calibration/lib/python3.10/site-packages/aist_handeye_calibration/log/latest_build/aist_utility/streams.log
[4.055s] -- Up-to-date symlink: /home/ueshiba/ros2_ws/install/aist_handeye_calibration/lib/python3.10/site-packages/aist_handeye_calibration/log/latest_build/aruco/command.log
[4.055s] -- Up-to-date symlink: /home/ueshiba/ros2_ws/install/aist_handeye_calibration/lib/python3.10/site-packages/aist_handeye_calibration/log/latest_build/aruco/stderr.log
[4.055s] -- Up-to-date symlink: /home/ueshiba/ros2_ws/install/aist_handeye_calibration/lib/python3.10/site-packages/aist_handeye_calibration/log/latest_build/aruco/stdout.log
[4.055s] -- Up-to-date symlink: /home/ueshiba/ros2_ws/install/aist_handeye_calibration/lib/python3.10/site-packages/aist_handeye_calibration/log/latest_build/aruco/stdout_stderr.log
[4.055s] -- Up-to-date symlink: /home/ueshiba/ros2_ws/install/aist_handeye_calibration/lib/python3.10/site-packages/aist_handeye_calibration/log/latest_build/aruco/streams.log
[4.055s] -- Up-to-date symlink: /home/ueshiba/ros2_ws/install/aist_handeye_calibration/lib/python3.10/site-packages/aist_handeye_calibration/log/latest_build/aruco_msgs/command.log
[4.055s] -- Up-to-date symlink: /home/ueshiba/ros2_ws/install/aist_handeye_calibration/lib/python3.10/site-packages/aist_handeye_calibration/log/latest_build/aruco_msgs/stderr.log
[4.055s] -- Up-to-date symlink: /home/ueshiba/ros2_ws/install/aist_handeye_calibration/lib/python3.10/site-packages/aist_handeye_calibration/log/latest_build/aruco_msgs/stdout.log
[4.055s] -- Up-to-date symlink: /home/ueshiba/ros2_ws/install/aist_handeye_calibration/lib/python3.10/site-packages/aist_handeye_calibration/log/latest_build/aruco_msgs/stdout_stderr.log
[4.055s] -- Up-to-date symlink: /home/ueshiba/ros2_ws/install/aist_handeye_calibration/lib/python3.10/site-packages/aist_handeye_calibration/log/latest_build/aruco_msgs/streams.log
[4.055s] -- Up-to-date symlink: /home/ueshiba/ros2_ws/install/aist_handeye_calibration/lib/python3.10/site-packages/aist_handeye_calibration/log/latest_build/aruco_ros/command.log
[4.055s] -- Up-to-date symlink: /home/ueshiba/ros2_ws/install/aist_handeye_calibration/lib/python3.10/site-packages/aist_handeye_calibration/log/latest_build/aruco_ros/stderr.log
[4.055s] -- Up-to-date symlink: /home/ueshiba/ros2_ws/install/aist_handeye_calibration/lib/python3.10/site-packages/aist_handeye_calibration/log/latest_build/aruco_ros/stdout.log
[4.056s] -- Up-to-date symlink: /home/ueshiba/ros2_ws/install/aist_handeye_calibration/lib/python3.10/site-packages/aist_handeye_calibration/log/latest_build/aruco_ros/stdout_stderr.log
[4.056s] -- Up-to-date symlink: /home/ueshiba/ros2_ws/install/aist_handeye_calibration/lib/python3.10/site-packages/aist_handeye_calibration/log/latest_build/aruco_ros/streams.log
[4.056s] -- Up-to-date symlink: /home/ueshiba/ros2_ws/install/aist_handeye_calibration/lib/python3.10/site-packages/aist_handeye_calibration/log/latest_build/cu_bridge/command.log
[4.056s] -- Up-to-date symlink: /home/ueshiba/ros2_ws/install/aist_handeye_calibration/lib/python3.10/site-packages/aist_handeye_calibration/log/latest_build/cu_bridge/stderr.log
[4.056s] -- Up-to-date symlink: /home/ueshiba/ros2_ws/install/aist_handeye_calibration/lib/python3.10/site-packages/aist_handeye_calibration/log/latest_build/cu_bridge/stdout.log
[4.056s] -- Up-to-date symlink: /home/ueshiba/ros2_ws/install/aist_handeye_calibration/lib/python3.10/site-packages/aist_handeye_calibration/log/latest_build/cu_bridge/stdout_stderr.log
[4.056s] -- Up-to-date symlink: /home/ueshiba/ros2_ws/install/aist_handeye_calibration/lib/python3.10/site-packages/aist_handeye_calibration/log/latest_build/cu_bridge/streams.log
[4.056s] -- Up-to-date symlink: /home/ueshiba/ros2_ws/install/aist_handeye_calibration/lib/python3.10/site-packages/aist_handeye_calibration/log/latest_build/ddynamic_reconfigure2/command.log
[4.056s] -- Up-to-date symlink: /home/ueshiba/ros2_ws/install/aist_handeye_calibration/lib/python3.10/site-packages/aist_handeye_calibration/log/latest_build/ddynamic_reconfigure2/stderr.log
[4.056s] -- Up-to-date symlink: /home/ueshiba/ros2_ws/install/aist_handeye_calibration/lib/python3.10/site-packages/aist_handeye_calibration/log/latest_build/ddynamic_reconfigure2/stdout.log
[4.056s] -- Up-to-date symlink: /home/ueshiba/ros2_ws/install/aist_handeye_calibration/lib/python3.10/site-packages/aist_handeye_calibration/log/latest_build/ddynamic_reconfigure2/stdout_stderr.log
[4.056s] -- Up-to-date symlink: /home/ueshiba/ros2_ws/install/aist_handeye_calibration/lib/python3.10/site-packages/aist_handeye_calibration/log/latest_build/ddynamic_reconfigure2/streams.log
[4.056s] -- Up-to-date symlink: /home/ueshiba/ros2_ws/install/aist_handeye_calibration/lib/python3.10/site-packages/aist_handeye_calibration/log/latest_build/events.log
[4.056s] -- Up-to-date symlink: /home/ueshiba/ros2_ws/install/aist_handeye_calibration/lib/python3.10/site-packages/aist_handeye_calibration/log/latest_build/logger_all.log
[4.056s] -- Up-to-date symlink: /home/ueshiba/ros2_ws/install/aist_handeye_calibration/lib/python3.10/site-packages/aist_handeye_calibration/log/latest_build/realsense2_camera/command.log
[4.056s] -- Up-to-date symlink: /home/ueshiba/ros2_ws/install/aist_handeye_calibration/lib/python3.10/site-packages/aist_handeye_calibration/log/latest_build/realsense2_camera/stderr.log
[4.057s] -- Up-to-date symlink: /home/ueshiba/ros2_ws/install/aist_handeye_calibration/lib/python3.10/site-packages/aist_handeye_calibration/log/latest_build/realsense2_camera/stdout.log
[4.057s] -- Up-to-date symlink: /home/ueshiba/ros2_ws/install/aist_handeye_calibration/lib/python3.10/site-packages/aist_handeye_calibration/log/latest_build/realsense2_camera/stdout_stderr.log
[4.057s] -- Up-to-date symlink: /home/ueshiba/ros2_ws/install/aist_handeye_calibration/lib/python3.10/site-packages/aist_handeye_calibration/log/latest_build/realsense2_camera/streams.log
[4.057s] -- Up-to-date symlink: /home/ueshiba/ros2_ws/install/aist_handeye_calibration/lib/python3.10/site-packages/aist_handeye_calibration/log/latest_build/realsense2_camera_msgs/command.log
[4.057s] -- Up-to-date symlink: /home/ueshiba/ros2_ws/install/aist_handeye_calibration/lib/python3.10/site-packages/aist_handeye_calibration/log/latest_build/realsense2_camera_msgs/stderr.log
[4.057s] -- Up-to-date symlink: /home/ueshiba/ros2_ws/install/aist_handeye_calibration/lib/python3.10/site-packages/aist_handeye_calibration/log/latest_build/realsense2_camera_msgs/stdout.log
[4.057s] -- Up-to-date symlink: /home/ueshiba/ros2_ws/install/aist_handeye_calibration/lib/python3.10/site-packages/aist_handeye_calibration/log/latest_build/realsense2_camera_msgs/stdout_stderr.log
[4.057s] -- Up-to-date symlink: /home/ueshiba/ros2_ws/install/aist_handeye_calibration/lib/python3.10/site-packages/aist_handeye_calibration/log/latest_build/realsense2_camera_msgs/streams.log
[4.057s] -- Up-to-date symlink: /home/ueshiba/ros2_ws/install/aist_handeye_calibration/lib/python3.10/site-packages/aist_handeye_calibration/log/latest_build/realsense2_description/command.log
[4.057s] -- Up-to-date symlink: /home/ueshiba/ros2_ws/install/aist_handeye_calibration/lib/python3.10/site-packages/aist_handeye_calibration/log/latest_build/realsense2_description/stderr.log
[4.057s] -- Up-to-date symlink: /home/ueshiba/ros2_ws/install/aist_handeye_calibration/lib/python3.10/site-packages/aist_handeye_calibration/log/latest_build/realsense2_description/stdout.log
[4.057s] -- Up-to-date symlink: /home/ueshiba/ros2_ws/install/aist_handeye_calibration/lib/python3.10/site-packages/aist_handeye_calibration/log/latest_build/realsense2_description/stdout_stderr.log
[4.057s] -- Up-to-date symlink: /home/ueshiba/ros2_ws/install/aist_handeye_calibration/lib/python3.10/site-packages/aist_handeye_calibration/log/latest_build/realsense2_description/streams.log
[4.057s] -- Up-to-date symlink: /home/ueshiba/ros2_ws/install/aist_handeye_calibration/lib/python3.10/site-packages/aist_handeye_calibration/log/latest_build/rqt_reconfigure/command.log
[4.057s] -- Up-to-date symlink: /home/ueshiba/ros2_ws/install/aist_handeye_calibration/lib/python3.10/site-packages/aist_handeye_calibration/log/latest_build/rqt_reconfigure/stderr.log
[4.057s] -- Up-to-date symlink: /home/ueshiba/ros2_ws/install/aist_handeye_calibration/lib/python3.10/site-packages/aist_handeye_calibration/log/latest_build/rqt_reconfigure/stdout.log
[4.057s] -- Up-to-date symlink: /home/ueshiba/ros2_ws/install/aist_handeye_calibration/lib/python3.10/site-packages/aist_handeye_calibration/log/latest_build/rqt_reconfigure/stdout_stderr.log
[4.058s] -- Up-to-date symlink: /home/ueshiba/ros2_ws/install/aist_handeye_calibration/lib/python3.10/site-packages/aist_handeye_calibration/log/latest_build/rqt_reconfigure/streams.log
[4.058s] -- Up-to-date symlink: /home/ueshiba/ros2_ws/install/aist_handeye_calibration/lib/aist_handeye_calibration/run_calibration.py
[4.058s] -- Up-to-date symlink: /home/ueshiba/ros2_ws/install/aist_handeye_calibration/lib/aist_handeye_calibration/check_calibration.py
[4.058s] -- Up-to-date symlink: /home/ueshiba/ros2_ws/install/aist_handeye_calibration/lib/aist_handeye_calibration/tool_calibration.py
[4.058s] -- Up-to-date symlink: /home/ueshiba/ros2_ws/install/aist_handeye_calibration/share/aist_handeye_calibration//launch/aist_handeye_calibration.launch
[4.058s] -- Up-to-date symlink: /home/ueshiba/ros2_ws/install/aist_handeye_calibration/share/aist_handeye_calibration//launch/aist_handeye_calibration.rviz
[4.058s] -- Up-to-date symlink: /home/ueshiba/ros2_ws/install/aist_handeye_calibration/share/aist_handeye_calibration//launch/check_calibration.launch
[4.059s] -- Up-to-date symlink: /home/ueshiba/ros2_ws/install/aist_handeye_calibration/share/aist_handeye_calibration//launch/handeye_calibration.launch
[4.059s] -- Up-to-date symlink: /home/ueshiba/ros2_ws/install/aist_handeye_calibration/share/aist_handeye_calibration//launch/include/handeye_calibrator.launch
[4.059s] -- Up-to-date symlink: /home/ueshiba/ros2_ws/install/aist_handeye_calibration/share/aist_handeye_calibration//launch/include/plane_detector.rviz
[4.059s] -- Up-to-date symlink: /home/ueshiba/ros2_ws/install/aist_handeye_calibration/share/aist_handeye_calibration//launch/plane_detector.launch
[4.059s] -- Up-to-date symlink: /home/ueshiba/ros2_ws/install/aist_handeye_calibration/share/aist_handeye_calibration//launch/publish_calibration.launch
[4.059s] -- Up-to-date symlink: /home/ueshiba/ros2_ws/install/aist_handeye_calibration/share/aist_handeye_calibration//launch/run_calibration.launch
[4.059s] -- Up-to-date symlink: /home/ueshiba/ros2_ws/install/aist_handeye_calibration/share/aist_handeye_calibration//launch/test_calibrator.launch
[4.059s] -- Up-to-date symlink: /home/ueshiba/ros2_ws/install/aist_handeye_calibration/share/aist_handeye_calibration//launch/tool_calibration.launch
[4.059s] -- Up-to-date symlink: /home/ueshiba/ros2_ws/install/aist_handeye_calibration/share/ament_index/resource_index/package_run_dependencies/aist_handeye_calibration
[4.059s] -- Up-to-date symlink: /home/ueshiba/ros2_ws/install/aist_handeye_calibration/share/ament_index/resource_index/parent_prefix_path/aist_handeye_calibration
[4.059s] -- Up-to-date symlink: /home/ueshiba/ros2_ws/install/aist_handeye_calibration/share/aist_handeye_calibration/environment/ament_prefix_path.sh
[4.059s] -- Up-to-date symlink: /home/ueshiba/ros2_ws/install/aist_handeye_calibration/share/aist_handeye_calibration/environment/ament_prefix_path.dsv
[4.059s] -- Up-to-date symlink: /home/ueshiba/ros2_ws/install/aist_handeye_calibration/share/aist_handeye_calibration/environment/path.sh
[4.059s] -- Up-to-date symlink: /home/ueshiba/ros2_ws/install/aist_handeye_calibration/share/aist_handeye_calibration/environment/path.dsv
[4.060s] -- Up-to-date symlink: /home/ueshiba/ros2_ws/install/aist_handeye_calibration/share/aist_handeye_calibration/local_setup.bash
[4.060s] -- Up-to-date symlink: /home/ueshiba/ros2_ws/install/aist_handeye_calibration/share/aist_handeye_calibration/local_setup.sh
[4.060s] -- Up-to-date symlink: /home/ueshiba/ros2_ws/install/aist_handeye_calibration/share/aist_handeye_calibration/local_setup.zsh
[4.060s] -- Up-to-date symlink: /home/ueshiba/ros2_ws/install/aist_handeye_calibration/share/aist_handeye_calibration/local_setup.dsv
[4.060s] -- Symlinking: /home/ueshiba/ros2_ws/install/aist_handeye_calibration/share/aist_handeye_calibration/package.dsv
[4.066s] -- Up-to-date symlink: /home/ueshiba/ros2_ws/install/aist_handeye_calibration/share/ament_index/resource_index/packages/aist_handeye_calibration
[4.066s] -- Up-to-date symlink: /home/ueshiba/ros2_ws/install/aist_handeye_calibration/share/ament_index/resource_index/rclcpp_components/aist_handeye_calibration
[4.066s] -- Up-to-date symlink: /home/ueshiba/ros2_ws/install/aist_handeye_calibration/share/aist_handeye_calibration/cmake/aist_handeye_calibrationConfig.cmake
[4.066s] -- Up-to-date symlink: /home/ueshiba/ros2_ws/install/aist_handeye_calibration/share/aist_handeye_calibration/cmake/aist_handeye_calibrationConfig-version.cmake
[4.066s] -- Up-to-date symlink: /home/ueshiba/ros2_ws/install/aist_handeye_calibration/share/aist_handeye_calibration/package.xml
[4.089s] Listing '/home/ueshiba/ros2_ws/install/aist_handeye_calibration/lib/python3.10/site-packages/aist_handeye_calibration'...
[4.089s] Listing '/home/ueshiba/ros2_ws/install/aist_handeye_calibration/lib/python3.10/site-packages/aist_handeye_calibration/log'...
[4.089s] Listing '/home/ueshiba/ros2_ws/install/aist_handeye_calibration/lib/python3.10/site-packages/aist_handeye_calibration/log/build_2024-06-21_11-17-50'...
[4.089s] Listing '/home/ueshiba/ros2_ws/install/aist_handeye_calibration/lib/python3.10/site-packages/aist_handeye_calibration/log/build_2024-06-21_11-17-50/aist_handeye_calibration'...
[4.089s] Listing '/home/ueshiba/ros2_ws/install/aist_handeye_calibration/lib/python3.10/site-packages/aist_handeye_calibration/log/build_2024-06-21_11-37-30'...
[4.089s] Listing '/home/ueshiba/ros2_ws/install/aist_handeye_calibration/lib/python3.10/site-packages/aist_handeye_calibration/log/build_2024-06-21_11-37-30/aist_aruco_msgs'...
[4.089s] Listing '/home/ueshiba/ros2_ws/install/aist_handeye_calibration/lib/python3.10/site-packages/aist_handeye_calibration/log/build_2024-06-21_11-37-30/aist_aruco_ros'...
[4.089s] Listing '/home/ueshiba/ros2_ws/install/aist_handeye_calibration/lib/python3.10/site-packages/aist_handeye_calibration/log/build_2024-06-21_11-37-30/aist_handeye_calibration'...
[4.089s] Listing '/home/ueshiba/ros2_ws/install/aist_handeye_calibration/lib/python3.10/site-packages/aist_handeye_calibration/log/build_2024-06-21_11-37-30/aist_handeye_calibration_msgs'...
[4.089s] Listing '/home/ueshiba/ros2_ws/install/aist_handeye_calibration/lib/python3.10/site-packages/aist_handeye_calibration/log/build_2024-06-21_11-37-30/aist_msgs'...
[4.089s] Listing '/home/ueshiba/ros2_ws/install/aist_handeye_calibration/lib/python3.10/site-packages/aist_handeye_calibration/log/build_2024-06-21_11-37-30/aist_phoxi_camera'...
[4.089s] Listing '/home/ueshiba/ros2_ws/install/aist_handeye_calibration/lib/python3.10/site-packages/aist_handeye_calibration/log/build_2024-06-21_11-37-30/aist_utility'...
[4.089s] Listing '/home/ueshiba/ros2_ws/install/aist_handeye_calibration/lib/python3.10/site-packages/aist_handeye_calibration/log/build_2024-06-21_11-37-30/aruco'...
[4.089s] Listing '/home/ueshiba/ros2_ws/install/aist_handeye_calibration/lib/python3.10/site-packages/aist_handeye_calibration/log/build_2024-06-21_11-37-30/aruco_msgs'...
[4.089s] Listing '/home/ueshiba/ros2_ws/install/aist_handeye_calibration/lib/python3.10/site-packages/aist_handeye_calibration/log/build_2024-06-21_11-37-30/aruco_ros'...
[4.089s] Listing '/home/ueshiba/ros2_ws/install/aist_handeye_calibration/lib/python3.10/site-packages/aist_handeye_calibration/log/build_2024-06-21_11-37-30/cu_bridge'...
[4.089s] Listing '/home/ueshiba/ros2_ws/install/aist_handeye_calibration/lib/python3.10/site-packages/aist_handeye_calibration/log/build_2024-06-21_11-37-30/ddynamic_reconfigure2'...
[4.089s] Listing '/home/ueshiba/ros2_ws/install/aist_handeye_calibration/lib/python3.10/site-packages/aist_handeye_calibration/log/build_2024-06-21_11-37-30/realsense2_camera'...
[4.089s] Listing '/home/ueshiba/ros2_ws/install/aist_handeye_calibration/lib/python3.10/site-packages/aist_handeye_calibration/log/build_2024-06-21_11-37-30/realsense2_camera_msgs'...
[4.089s] Listing '/home/ueshiba/ros2_ws/install/aist_handeye_calibration/lib/python3.10/site-packages/aist_handeye_calibration/log/build_2024-06-21_11-37-30/realsense2_description'...
[4.089s] Listing '/home/ueshiba/ros2_ws/install/aist_handeye_calibration/lib/python3.10/site-packages/aist_handeye_calibration/log/build_2024-06-21_11-37-30/rqt_reconfigure'...
[4.089s] Listing '/home/ueshiba/ros2_ws/install/aist_handeye_calibration/lib/python3.10/site-packages/aist_handeye_calibration/log/latest'...
[4.089s] Listing '/home/ueshiba/ros2_ws/install/aist_handeye_calibration/lib/python3.10/site-packages/aist_handeye_calibration/log/latest/aist_aruco_msgs'...
[4.089s] Listing '/home/ueshiba/ros2_ws/install/aist_handeye_calibration/lib/python3.10/site-packages/aist_handeye_calibration/log/latest/aist_aruco_ros'...
[4.089s] Listing '/home/ueshiba/ros2_ws/install/aist_handeye_calibration/lib/python3.10/site-packages/aist_handeye_calibration/log/latest/aist_handeye_calibration'...
[4.089s] Listing '/home/ueshiba/ros2_ws/install/aist_handeye_calibration/lib/python3.10/site-packages/aist_handeye_calibration/log/latest/aist_handeye_calibration_msgs'...
[4.089s] Listing '/home/ueshiba/ros2_ws/install/aist_handeye_calibration/lib/python3.10/site-packages/aist_handeye_calibration/log/latest/aist_msgs'...
[4.089s] Listing '/home/ueshiba/ros2_ws/install/aist_handeye_calibration/lib/python3.10/site-packages/aist_handeye_calibration/log/latest/aist_phoxi_camera'...
[4.089s] Listing '/home/ueshiba/ros2_ws/install/aist_handeye_calibration/lib/python3.10/site-packages/aist_handeye_calibration/log/latest/aist_utility'...
[4.089s] Listing '/home/ueshiba/ros2_ws/install/aist_handeye_calibration/lib/python3.10/site-packages/aist_handeye_calibration/log/latest/aruco'...
[4.089s] Listing '/home/ueshiba/ros2_ws/install/aist_handeye_calibration/lib/python3.10/site-packages/aist_handeye_calibration/log/latest/aruco_msgs'...
[4.089s] Listing '/home/ueshiba/ros2_ws/install/aist_handeye_calibration/lib/python3.10/site-packages/aist_handeye_calibration/log/latest/aruco_ros'...
[4.089s] Listing '/home/ueshiba/ros2_ws/install/aist_handeye_calibration/lib/python3.10/site-packages/aist_handeye_calibration/log/latest/cu_bridge'...
[4.089s] Listing '/home/ueshiba/ros2_ws/install/aist_handeye_calibration/lib/python3.10/site-packages/aist_handeye_calibration/log/latest/ddynamic_reconfigure2'...
[4.089s] Listing '/home/ueshiba/ros2_ws/install/aist_handeye_calibration/lib/python3.10/site-packages/aist_handeye_calibration/log/latest/realsense2_camera'...
[4.089s] Listing '/home/ueshiba/ros2_ws/install/aist_handeye_calibration/lib/python3.10/site-packages/aist_handeye_calibration/log/latest/realsense2_camera_msgs'...
[4.089s] Listing '/home/ueshiba/ros2_ws/install/aist_handeye_calibration/lib/python3.10/site-packages/aist_handeye_calibration/log/latest/realsense2_description'...
[4.089s] Listing '/home/ueshiba/ros2_ws/install/aist_handeye_calibration/lib/python3.10/site-packages/aist_handeye_calibration/log/latest/rqt_reconfigure'...
[4.090s] Listing '/home/ueshiba/ros2_ws/install/aist_handeye_calibration/lib/python3.10/site-packages/aist_handeye_calibration/log/latest_build'...
[4.090s] Listing '/home/ueshiba/ros2_ws/install/aist_handeye_calibration/lib/python3.10/site-packages/aist_handeye_calibration/log/latest_build/aist_aruco_msgs'...
[4.090s] Listing '/home/ueshiba/ros2_ws/install/aist_handeye_calibration/lib/python3.10/site-packages/aist_handeye_calibration/log/latest_build/aist_aruco_ros'...
[4.090s] Listing '/home/ueshiba/ros2_ws/install/aist_handeye_calibration/lib/python3.10/site-packages/aist_handeye_calibration/log/latest_build/aist_handeye_calibration'...
[4.090s] Listing '/home/ueshiba/ros2_ws/install/aist_handeye_calibration/lib/python3.10/site-packages/aist_handeye_calibration/log/latest_build/aist_handeye_calibration_msgs'...
[4.090s] Listing '/home/ueshiba/ros2_ws/install/aist_handeye_calibration/lib/python3.10/site-packages/aist_handeye_calibration/log/latest_build/aist_msgs'...
[4.090s] Listing '/home/ueshiba/ros2_ws/install/aist_handeye_calibration/lib/python3.10/site-packages/aist_handeye_calibration/log/latest_build/aist_phoxi_camera'...
[4.090s] Listing '/home/ueshiba/ros2_ws/install/aist_handeye_calibration/lib/python3.10/site-packages/aist_handeye_calibration/log/latest_build/aist_utility'...
[4.090s] Listing '/home/ueshiba/ros2_ws/install/aist_handeye_calibration/lib/python3.10/site-packages/aist_handeye_calibration/log/latest_build/aruco'...
[4.090s] Listing '/home/ueshiba/ros2_ws/install/aist_handeye_calibration/lib/python3.10/site-packages/aist_handeye_calibration/log/latest_build/aruco_msgs'...
[4.090s] Listing '/home/ueshiba/ros2_ws/install/aist_handeye_calibration/lib/python3.10/site-packages/aist_handeye_calibration/log/latest_build/aruco_ros'...
[4.090s] Listing '/home/ueshiba/ros2_ws/install/aist_handeye_calibration/lib/python3.10/site-packages/aist_handeye_calibration/log/latest_build/cu_bridge'...
[4.090s] Listing '/home/ueshiba/ros2_ws/install/aist_handeye_calibration/lib/python3.10/site-packages/aist_handeye_calibration/log/latest_build/ddynamic_reconfigure2'...
[4.090s] Listing '/home/ueshiba/ros2_ws/install/aist_handeye_calibration/lib/python3.10/site-packages/aist_handeye_calibration/log/latest_build/realsense2_camera'...
[4.090s] Listing '/home/ueshiba/ros2_ws/install/aist_handeye_calibration/lib/python3.10/site-packages/aist_handeye_calibration/log/latest_build/realsense2_camera_msgs'...
[4.090s] Listing '/home/ueshiba/ros2_ws/install/aist_handeye_calibration/lib/python3.10/site-packages/aist_handeye_calibration/log/latest_build/realsense2_description'...
[4.090s] Listing '/home/ueshiba/ros2_ws/install/aist_handeye_calibration/lib/python3.10/site-packages/aist_handeye_calibration/log/latest_build/rqt_reconfigure'...
[4.092s] -- Up-to-date: /home/ueshiba/ros2_ws/install/aist_handeye_calibration/lib/libaist_handeye_calibration.so
[4.094s] Invoked command in '/home/ueshiba/ros2_ws/build/aist_handeye_calibration' returned '0': CMAKE_PREFIX_PATH=/home/ueshiba/ros2_ws/install/aist_utility:/home/ueshiba/ros2_ws/install/ddynamic_reconfigure2:/home/ueshiba/ros2_ws/install/aist_msgs:/home/ueshiba/ros2_ws/install/aist_handeye_calibration_msgs:/home/ueshiba/ros2_ws/install/ur_simulation_gz:/home/ueshiba/ros2_ws/install/realsense2_description:/home/ueshiba/ros2_ws/install/realsense2_camera:/home/ueshiba/ros2_ws/install/realsense2_camera_msgs:/home/ueshiba/ros2_ws/install/cu_bridge:/home/ueshiba/ros2_ws/install/aist_handeye_calibration:/home/ueshiba/ros2_ws/install/aist_aruco_ros:/home/ueshiba/ros2_ws/install/aist_phoxi_camera:/home/ueshiba/ros2_ws/install/aist_camera_multiplexer:/home/ueshiba/ros2_ws/install/aruco_ros:/home/ueshiba/ros2_ws/install/aruco_msgs:/home/ueshiba/ros2_ws/install/aruco:/home/ueshiba/ros2_ws/install/aist_description:/home/ueshiba/ros2_ws/install/aist_aruco_msgs:/home/ueshiba/ros2_ws/install/rqt_reconfigure:/opt/ros/rolling LD_LIBRARY_PATH=/home/ueshiba/ros2_ws/install/aist_utility/lib:/home/ueshiba/ros2_ws/install/aist_msgs/lib:/home/ueshiba/ros2_ws/install/aist_handeye_calibration_msgs/lib:/home/ueshiba/ros2_ws/install/realsense2_camera/lib:/home/ueshiba/ros2_ws/install/realsense2_camera_msgs/lib:/home/ueshiba/ros2_ws/install/cu_bridge/lib:/home/ueshiba/ros2_ws/install/aist_handeye_calibration/lib:/home/ueshiba/ros2_ws/install/aist_aruco_ros/lib:/home/ueshiba/ros2_ws/install/aist_phoxi_camera/lib:/home/ueshiba/ros2_ws/install/aist_camera_multiplexer/lib:/home/ueshiba/ros2_ws/install/ddynamic_reconfigure2/lib:/home/ueshiba/ros2_ws/install/aruco_ros/lib:/home/ueshiba/ros2_ws/install/aruco_msgs/lib:/home/ueshiba/ros2_ws/install/aruco/lib:/home/ueshiba/ros2_ws/install/aist_aruco_msgs/lib:/opt/ros/rolling/opt/rviz_ogre_vendor/lib:/opt/ros/rolling/lib/x86_64-linux-gnu:/opt/ros/rolling/lib:/usr/local/lib:/usr/lib64:/usr/local/cuda-12.5/lib64:/opt/Photoneo/PhoXiControl-1.13.1/API/lib PS1=\[\e]0;\u@\h: \w\a\]\h% PYTHONPATH=/home/ueshiba/ros2_ws/install/ddynamic_reconfigure2/lib/python3.10/site-packages:/home/ueshiba/ros2_ws/install/aist_msgs/lib/python3.10/site-packages:/home/ueshiba/ros2_ws/install/aist_handeye_calibration_msgs/lib/python3.10/site-packages:/home/ueshiba/ros2_ws/build/rqt_reconfigure/src:/home/ueshiba/ros2_ws/install/rqt_reconfigure/lib/python3.10/site-packages:/home/ueshiba/ros2_ws/install/realsense2_camera_msgs/lib/python3.10/site-packages:/home/ueshiba/ros2_ws/install/aist_handeye_calibration/lib/python3.10/site-packages:/home/ueshiba/ros2_ws/install/aist_camera_multiplexer/lib/python3.10/site-packages:/home/ueshiba/ros2_ws/install/aruco_msgs/lib/python3.10/site-packages:/home/ueshiba/ros2_ws/install/aist_aruco_msgs/lib/python3.10/site-packages:/opt/ros/rolling/lib/python3.10/site-packages /usr/bin/cmake --install /home/ueshiba/ros2_ws/build/aist_handeye_calibration
