[0.041s] Invoking command in '/home/ueshiba/ros2_ws/build/aist_iiwa_gazebo': PS1=\[\e]0;\u@\h: \w\a\]\h% /usr/bin/cmake /home/ueshiba/noetic/catkin_ws/src/artros/aist_iiwa/aist_iiwa_gazebo -DCATKIN_INSTALL_INTO_PREFIX_ROOT=0 -DCMAKE_INSTALL_PREFIX=/home/ueshiba/ros2_ws/install
[0.074s] -- The C compiler identification is GNU 11.4.0
[0.128s] -- The CXX compiler identification is GNU 11.4.0
[0.134s] -- Detecting C compiler ABI info
[0.184s] -- Detecting C compiler ABI info - done
[0.189s] -- Check for working C compiler: /usr/bin/cc - skipped
[0.189s] -- Detecting C compile features
[0.190s] -- Detecting C compile features - done
[0.191s] -- Detecting CXX compiler ABI info
[0.259s] -- Detecting CXX compiler ABI info - done
[0.264s] -- Check for working CXX compiler: /usr/bin/c++ - skipped
[0.264s] -- Detecting CXX compile features
[0.264s] -- Detecting CXX compile features - done
[0.270s] -- Configuring incomplete, errors occurred!
[0.270s] See also "/home/ueshiba/ros2_ws/build/aist_iiwa_gazebo/CMakeFiles/CMakeOutput.log".
[0.270s] [31mCMake Error at CMakeLists.txt:4 (find_package):
[0.270s]   By not providing "Findcatkin.cmake" in CMAKE_MODULE_PATH this project has
[0.270s]   asked CMake to find a package configuration file provided by "catkin", but
[0.270s]   CMake did not find one.
[0.270s] 
[0.270s]   Could not find a package configuration file provided by "catkin" with any
[0.271s]   of the following names:
[0.271s] 
[0.271s]     catkinConfig.cmake
[0.271s]     catkin-config.cmake
[0.271s] 
[0.271s]   Add the installation prefix of "catkin" to CMAKE_PREFIX_PATH or set
[0.271s]   "catkin_DIR" to a directory containing one of the above files.  If "catkin"
[0.271s]   provides a separate development package or SDK, be sure it has been
[0.271s]   installed.
[0.271s] 
[0.271s] [0m
