-- The C compiler identification is GNU 11.4.0
-- The CXX compiler identification is GNU 11.4.0
-- Detecting C compiler ABI info
-- Detecting C compiler ABI info - done
-- Check for working C compiler: /usr/bin/cc - skipped
-- Detecting C compile features
-- Detecting C compile features - done
-- Detecting CXX compiler ABI info
-- Detecting CXX compiler ABI info - done
-- Check for working CXX compiler: /usr/bin/c++ - skipped
-- Detecting CXX compile features
-- Detecting CXX compile features - done
-- Create Release Build.
-- Found ament_cmake: 2.3.2 (/opt/ros/rolling/share/ament_cmake/cmake)
-- Found Python3: /usr/bin/python3.10 (found version "3.10.12") found components: Interpreter 
-- Override CMake install command with custom implementation using symlinks instead of copying resources
-- Found builtin_interfaces: 2.0.1 (/opt/ros/rolling/share/builtin_interfaces/cmake)
-- Found rosidl_generator_c: 4.5.1 (/opt/ros/rolling/share/rosidl_generator_c/cmake)
-- Found rosidl_generator_cpp: 4.5.1 (/opt/ros/rolling/share/rosidl_generator_cpp/cmake)
-- Using all available rosidl_typesupport_c: rosidl_typesupport_fastrtps_c;rosidl_typesupport_introspection_c
-- Using all available rosidl_typesupport_cpp: rosidl_typesupport_fastrtps_cpp;rosidl_typesupport_introspection_cpp
-- Found cv_bridge: 3.4.0 (/opt/ros/rolling/share/cv_bridge/cmake)
-- Found rmw_implementation_cmake: 7.3.0 (/opt/ros/rolling/share/rmw_implementation_cmake/cmake)
-- Found rmw_fastrtps_cpp: 8.2.0 (/opt/ros/rolling/share/rmw_fastrtps_cpp/cmake)
-- Found OpenSSL: /usr/lib/x86_64-linux-gnu/libcrypto.so (found version "3.0.2")  
-- Found FastRTPS: /opt/ros/rolling/include  
-- Using RMW implementation 'rmw_fastrtps_cpp' as default
-- Found image_transport: 5.1.0 (/opt/ros/rolling/share/image_transport/cmake)
-- Found rclcpp_components: 27.0.0 (/opt/ros/rolling/share/rclcpp_components/cmake)
-- Found realsense2_camera_msgs: 4.55.1 (/home/ueshiba/ros2_ws/install/realsense2_camera_msgs/share/realsense2_camera_msgs/cmake)
-- Found nav_msgs: 5.3.0 (/opt/ros/rolling/share/nav_msgs/cmake)
-- Found tf2_ros: 0.36.0 (/opt/ros/rolling/share/tf2_ros/cmake)
-- Found diagnostic_updater: 3.1.2 (/opt/ros/rolling/share/diagnostic_updater/cmake)
-- Found OpenCV: /usr (found version "4.5.4") found components: core 
-- Build for ROS2 Rolling
-- Found ament_cmake_gtest: 2.3.2 (/opt/ros/rolling/share/ament_cmake_gtest/cmake)
-- Found gtest sources under '/opt/ros/rolling/src/gtest_vendor': C++ tests using 'Google Test' will be built
-- Looking for pthread.h
-- Looking for pthread.h - found
-- Performing Test CMAKE_HAVE_LIBC_PTHREAD
-- Performing Test CMAKE_HAVE_LIBC_PTHREAD - Success
-- Found Threads: TRUE  
-- Found ament_cmake_pytest: 2.3.2 (/opt/ros/rolling/share/ament_cmake_pytest/cmake)
-- rs_device_info:
-- No device detected. Is it plugged in?

-- Configuring done
-- Generating done
-- Build files have been written to: /home/ueshiba/ros2_ws/build/realsense2_camera
[35m[1mConsolidate compiler generated dependencies of target gtest_main[0m
[35m[1mConsolidate compiler generated dependencies of target gtest[0m
[35m[1mConsolidate compiler generated dependencies of target realsense2_camera_node[0m
[35m[1mConsolidate compiler generated dependencies of target realsense2_camera[0m
[  9%] Built target gtest_main
[ 18%] Built target gtest
[ 27%] Built target realsense2_camera_node
[35m[1mConsolidate compiler generated dependencies of target gtest_template[0m
[ 36%] Built target gtest_template
[100%] Built target realsense2_camera
-- Install configuration: "Release"
-- Execute custom install script
-- Up-to-date symlink: /home/ueshiba/ros2_ws/install/realsense2_camera/lib/realsense2_camera/realsense2_camera_node
-- Up-to-date symlink: /home/ueshiba/ros2_ws/install/realsense2_camera/lib/librealsense2_camera.so
-- Up-to-date symlink: /home/ueshiba/ros2_ws/install/realsense2_camera/include/base_realsense_node.h
-- Up-to-date symlink: /home/ueshiba/ros2_ws/install/realsense2_camera/include/constants.h
-- Up-to-date symlink: /home/ueshiba/ros2_ws/install/realsense2_camera/include/dynamic_params.h
-- Up-to-date symlink: /home/ueshiba/ros2_ws/install/realsense2_camera/include/gl_window.h
-- Up-to-date symlink: /home/ueshiba/ros2_ws/install/realsense2_camera/include/image_publisher.h
-- Up-to-date symlink: /home/ueshiba/ros2_ws/install/realsense2_camera/include/named_filter.h
-- Up-to-date symlink: /home/ueshiba/ros2_ws/install/realsense2_camera/include/profile_manager.h
-- Up-to-date symlink: /home/ueshiba/ros2_ws/install/realsense2_camera/include/realsense_node_factory.h
-- Up-to-date symlink: /home/ueshiba/ros2_ws/install/realsense2_camera/include/ros_param_backend.h
-- Up-to-date symlink: /home/ueshiba/ros2_ws/install/realsense2_camera/include/ros_sensor.h
-- Up-to-date symlink: /home/ueshiba/ros2_ws/install/realsense2_camera/include/ros_utils.h
-- Up-to-date symlink: /home/ueshiba/ros2_ws/install/realsense2_camera/include/sensor_params.h
-- Up-to-date symlink: /home/ueshiba/ros2_ws/install/realsense2_camera/share/realsense2_camera/launch/d405.rviz
-- Up-to-date symlink: /home/ueshiba/ros2_ws/install/realsense2_camera/share/realsense2_camera/launch/default.rviz
-- Up-to-date symlink: /home/ueshiba/ros2_ws/install/realsense2_camera/share/realsense2_camera/launch/launch.py
-- Up-to-date symlink: /home/ueshiba/ros2_ws/install/realsense2_camera/share/realsense2_camera/launch/realsense.rviz
-- Up-to-date symlink: /home/ueshiba/ros2_ws/install/realsense2_camera/share/realsense2_camera/launch/rs_intra_process_demo_launch.py
-- Up-to-date symlink: /home/ueshiba/ros2_ws/install/realsense2_camera/share/realsense2_camera/launch/rs_launch.py
-- Up-to-date symlink: /home/ueshiba/ros2_ws/install/realsense2_camera/share/realsense2_camera/launch/rs_multi_camera_launch.py
-- Up-to-date symlink: /home/ueshiba/ros2_ws/install/realsense2_camera/share/realsense2_camera/launch/rs_multi_camera_launch_sync.py
-- Up-to-date symlink: /home/ueshiba/ros2_ws/install/realsense2_camera/share/realsense2_camera/examples/align_depth/README.md
-- Up-to-date symlink: /home/ueshiba/ros2_ws/install/realsense2_camera/share/realsense2_camera/examples/align_depth/rs_align_depth_launch.py
-- Up-to-date symlink: /home/ueshiba/ros2_ws/install/realsense2_camera/share/realsense2_camera/examples/dual_camera/README.md
-- Up-to-date symlink: /home/ueshiba/ros2_ws/install/realsense2_camera/share/realsense2_camera/examples/dual_camera/rs_dual_camera_launch.py
-- Up-to-date symlink: /home/ueshiba/ros2_ws/install/realsense2_camera/share/realsense2_camera/examples/dual_camera/rviz/dual_camera_pointcloud.rviz
-- Up-to-date symlink: /home/ueshiba/ros2_ws/install/realsense2_camera/share/realsense2_camera/examples/launch_from_rosbag/README.md
-- Up-to-date symlink: /home/ueshiba/ros2_ws/install/realsense2_camera/share/realsense2_camera/examples/launch_from_rosbag/rs_launch_from_rosbag.py
-- Up-to-date symlink: /home/ueshiba/ros2_ws/install/realsense2_camera/share/realsense2_camera/examples/launch_params_from_file/README.md
-- Up-to-date symlink: /home/ueshiba/ros2_ws/install/realsense2_camera/share/realsense2_camera/examples/launch_params_from_file/config/config.yaml
-- Up-to-date symlink: /home/ueshiba/ros2_ws/install/realsense2_camera/share/realsense2_camera/examples/launch_params_from_file/rs_launch_get_params_from_yaml.py
-- Up-to-date symlink: /home/ueshiba/ros2_ws/install/realsense2_camera/share/realsense2_camera/examples/pointcloud/README.md
-- Up-to-date symlink: /home/ueshiba/ros2_ws/install/realsense2_camera/share/realsense2_camera/examples/pointcloud/rs_d405_pointcloud_launch.py
-- Up-to-date symlink: /home/ueshiba/ros2_ws/install/realsense2_camera/share/realsense2_camera/examples/pointcloud/rs_d455_pointcloud_launch.py
-- Up-to-date symlink: /home/ueshiba/ros2_ws/install/realsense2_camera/share/realsense2_camera/examples/pointcloud/rs_pointcloud_launch.py
-- Up-to-date symlink: /home/ueshiba/ros2_ws/install/realsense2_camera/share/realsense2_camera/examples/pointcloud/rviz/pointcloud.rviz
-- Up-to-date symlink: /home/ueshiba/ros2_ws/install/realsense2_camera/share/realsense2_camera/examples/pointcloud/rviz/urdf_pointcloud.rviz
-- Up-to-date symlink: /home/ueshiba/ros2_ws/install/realsense2_camera/share/realsense2_camera/config/d405.yaml
-- Up-to-date symlink: /home/ueshiba/ros2_ws/install/realsense2_camera/share/realsense2_camera/config/realsense.yaml
-- Up-to-date symlink: /home/ueshiba/ros2_ws/install/realsense2_camera/share/realsense2_camera/environment/library_path.sh
-- Up-to-date symlink: /home/ueshiba/ros2_ws/install/realsense2_camera/share/realsense2_camera/environment/library_path.dsv
-- Up-to-date symlink: /home/ueshiba/ros2_ws/install/realsense2_camera/share/ament_index/resource_index/package_run_dependencies/realsense2_camera
-- Up-to-date symlink: /home/ueshiba/ros2_ws/install/realsense2_camera/share/ament_index/resource_index/parent_prefix_path/realsense2_camera
-- Up-to-date symlink: /home/ueshiba/ros2_ws/install/realsense2_camera/share/realsense2_camera/environment/ament_prefix_path.sh
-- Up-to-date symlink: /home/ueshiba/ros2_ws/install/realsense2_camera/share/realsense2_camera/environment/ament_prefix_path.dsv
-- Up-to-date symlink: /home/ueshiba/ros2_ws/install/realsense2_camera/share/realsense2_camera/environment/path.sh
-- Up-to-date symlink: /home/ueshiba/ros2_ws/install/realsense2_camera/share/realsense2_camera/environment/path.dsv
-- Up-to-date symlink: /home/ueshiba/ros2_ws/install/realsense2_camera/share/realsense2_camera/local_setup.bash
-- Up-to-date symlink: /home/ueshiba/ros2_ws/install/realsense2_camera/share/realsense2_camera/local_setup.sh
-- Up-to-date symlink: /home/ueshiba/ros2_ws/install/realsense2_camera/share/realsense2_camera/local_setup.zsh
-- Up-to-date symlink: /home/ueshiba/ros2_ws/install/realsense2_camera/share/realsense2_camera/local_setup.dsv
-- Symlinking: /home/ueshiba/ros2_ws/install/realsense2_camera/share/realsense2_camera/package.dsv
-- Up-to-date symlink: /home/ueshiba/ros2_ws/install/realsense2_camera/share/ament_index/resource_index/packages/realsense2_camera
-- Up-to-date symlink: /home/ueshiba/ros2_ws/install/realsense2_camera/share/ament_index/resource_index/rclcpp_components/realsense2_camera
-- Up-to-date symlink: /home/ueshiba/ros2_ws/install/realsense2_camera/share/realsense2_camera/cmake/ament_cmake_export_include_directories-extras.cmake
-- Up-to-date symlink: /home/ueshiba/ros2_ws/install/realsense2_camera/share/realsense2_camera/cmake/ament_cmake_export_libraries-extras.cmake
-- Up-to-date symlink: /home/ueshiba/ros2_ws/install/realsense2_camera/share/realsense2_camera/cmake/ament_cmake_export_dependencies-extras.cmake
-- Up-to-date symlink: /home/ueshiba/ros2_ws/install/realsense2_camera/share/realsense2_camera/cmake/realsense2_cameraConfig.cmake
-- Up-to-date symlink: /home/ueshiba/ros2_ws/install/realsense2_camera/share/realsense2_camera/cmake/realsense2_cameraConfig-version.cmake
-- Up-to-date symlink: /home/ueshiba/ros2_ws/install/realsense2_camera/share/realsense2_camera/package.xml
