[0.041s] Invoking command in '/home/ueshiba/ros2_ws/build/aist_navigation': PS1=\[\e]0;\u@\h: \w\a\]\h% /usr/bin/cmake /home/ueshiba/noetic/catkin_ws/src/artros/aist_navigation -DCATKIN_INSTALL_INTO_PREFIX_ROOT=0 -DCMAKE_INSTALL_PREFIX=/home/ueshiba/ros2_ws/install
[0.059s] [0mCMake Deprecation Warning at CMakeLists.txt:1 (cmake_minimum_required):
[0.059s]   Compatibility with CMake < 2.8.12 will be removed from a future version of
[0.059s]   CMake.
[0.059s] 
[0.059s]   Update the VERSION argument <min> value or use a ...<max> suffix to tell
[0.059s]   CMake that the project does not need compatibility with older versions.
[0.059s] 
[0.059s] [0m
[0.081s] -- The C compiler identification is GNU 11.4.0
[0.131s] -- The CXX compiler identification is GNU 11.4.0
[0.138s] -- Detecting C compiler ABI info
[0.195s] -- Detecting C compiler ABI info - done
[0.204s] -- Check for working C compiler: /usr/bin/cc - skipped
[0.204s] -- Detecting C compile features
[0.204s] -- Detecting C compile features - done
[0.208s] -- Detecting CXX compiler ABI info
[0.266s] -- Detecting CXX compiler ABI info - done
[0.271s] -- Check for working CXX compiler: /usr/bin/c++ - skipped
[0.272s] -- Detecting CXX compile features
[0.272s] -- Detecting CXX compile features - done
[0.277s] -- Configuring incomplete, errors occurred!
[0.277s] See also "/home/ueshiba/ros2_ws/build/aist_navigation/CMakeFiles/CMakeOutput.log".
[0.277s] [31mCMake Error at CMakeLists.txt:3 (find_package):
[0.277s]   By not providing "Findcatkin.cmake" in CMAKE_MODULE_PATH this project has
[0.277s]   asked CMake to find a package configuration file provided by "catkin", but
[0.277s]   CMake did not find one.
[0.277s] 
[0.277s]   Could not find a package configuration file provided by "catkin" with any
[0.277s]   of the following names:
[0.277s] 
[0.277s]     catkinConfig.cmake
[0.277s]     catkin-config.cmake
[0.277s] 
[0.277s]   Add the installation prefix of "catkin" to CMAKE_PREFIX_PATH or set
[0.277s]   "catkin_DIR" to a directory containing one of the above files.  If "catkin"
[0.277s]   provides a separate development package or SDK, be sure it has been
[0.277s]   installed.
[0.277s] 
[0.277s] [0m
