[0.043s] Invoking command in '/home/ueshiba/ros2_ws/build/ur_kinematics': PS1=\[\e]0;\u@\h: \w\a\]\h% /usr/bin/cmake /home/ueshiba/noetic/catkin_ws/src/artros/third_party/universal_robot/ur_kinematics -DCATKIN_INSTALL_INTO_PREFIX_ROOT=0 -DCMAKE_INSTALL_PREFIX=/home/ueshiba/ros2_ws/install
[0.234s] -- Configuring incomplete, errors occurred!
[0.234s] See also "/home/ueshiba/ros2_ws/build/ur_kinematics/CMakeFiles/CMakeOutput.log".
[0.234s] [31mCMake Error at CMakeLists.txt:4 (find_package):
[0.234s]   By not providing "Findcatkin.cmake" in CMAKE_MODULE_PATH this project has
[0.234s]   asked CMake to find a package configuration file provided by "catkin", but
[0.234s]   CMake did not find one.
[0.234s] 
[0.234s]   Could not find a package configuration file provided by "catkin" with any
[0.234s]   of the following names:
[0.234s] 
[0.234s]     catkinConfig.cmake
[0.235s]     catkin-config.cmake
[0.235s] 
[0.235s]   Add the installation prefix of "catkin" to CMAKE_PREFIX_PATH or set
[0.235s]   "catkin_DIR" to a directory containing one of the above files.  If "catkin"
[0.235s]   provides a separate development package or SDK, be sure it has been
[0.235s]   installed.
[0.235s] 
[0.235s] [0m
