-- The C compiler identification is GNU 11.4.0
-- The CXX compiler identification is GNU 11.4.0
-- Detecting C compiler ABI info
-- Detecting C compiler ABI info - done
-- Check for working C compiler: /usr/bin/cc - skipped
-- Detecting C compile features
-- Detecting C compile features - done
-- Detecting CXX compiler ABI info
-- Detecting CXX compiler ABI info - done
-- Check for working CXX compiler: /usr/bin/c++ - skipped
-- Detecting CXX compile features
-- Detecting CXX compile features - done
-- Found ament_cmake: 2.3.2 (/opt/ros/rolling/share/ament_cmake/cmake)
-- Found Python3: /usr/bin/python3.10 (found version "3.10.12") found components: Interpreter 
-- Override CMake install command with custom implementation using symlinks instead of copying resources
-- Found rclcpp_components: 27.0.0 (/opt/ros/rolling/share/rclcpp_components/cmake)
-- Found rosidl_generator_c: 4.5.1 (/opt/ros/rolling/share/rosidl_generator_c/cmake)
-- Found rosidl_generator_cpp: 4.5.1 (/opt/ros/rolling/share/rosidl_generator_cpp/cmake)
-- Using all available rosidl_typesupport_c: rosidl_typesupport_fastrtps_c;rosidl_typesupport_introspection_c
-- Using all available rosidl_typesupport_cpp: rosidl_typesupport_fastrtps_cpp;rosidl_typesupport_introspection_cpp
-- Found rmw_implementation_cmake: 7.3.0 (/opt/ros/rolling/share/rmw_implementation_cmake/cmake)
-- Found rmw_fastrtps_cpp: 8.2.0 (/opt/ros/rolling/share/rmw_fastrtps_cpp/cmake)
-- Found OpenSSL: /usr/lib/x86_64-linux-gnu/libcrypto.so (found version "3.0.2")  
-- Found FastRTPS: /opt/ros/rolling/include  
-- Using RMW implementation 'rmw_fastrtps_cpp' as default
-- Found sensor_msgs: 5.3.0 (/opt/ros/rolling/share/sensor_msgs/cmake)
-- Found image_transport: 5.1.0 (/opt/ros/rolling/share/image_transport/cmake)
-- Found ddynamic_reconfigure2: 1.0.0 (/home/ueshiba/ros2_ws/install/ddynamic_reconfigure2/share/ddynamic_reconfigure2/cmake)
-- Found rclpy: 7.0.1 (/opt/ros/rolling/share/rclpy/cmake)
-- Found ament_lint_auto: 0.16.3 (/opt/ros/rolling/share/ament_lint_auto/cmake)
-- Configuring done
-- Generating done
-- Build files have been written to: /home/ueshiba/ros2_ws/build/aist_camera_multiplexer
[35m[1mConsolidate compiler generated dependencies of target aist_camera_multiplexer[0m
[35m[1mConsolidate compiler generated dependencies of target aist_camera_multiplexer_node[0m
[  0%] Built target ament_cmake_python_symlink_aist_camera_multiplexer
[ 50%] Built target aist_camera_multiplexer
[100%] Built target aist_camera_multiplexer_node
running egg_info
writing aist_camera_multiplexer.egg-info/PKG-INFO
writing dependency_links to aist_camera_multiplexer.egg-info/dependency_links.txt
writing top-level names to aist_camera_multiplexer.egg-info/top_level.txt
reading manifest file 'aist_camera_multiplexer.egg-info/SOURCES.txt'
writing manifest file 'aist_camera_multiplexer.egg-info/SOURCES.txt'
[100%] Built target ament_cmake_python_build_aist_camera_multiplexer_egg
-- Install configuration: ""
-- Execute custom install script
-- Up-to-date symlink: /home/ueshiba/ros2_ws/install/aist_camera_multiplexer/lib/aist_camera_multiplexer/aist_camera_multiplexer_node
-- Up-to-date symlink: /home/ueshiba/ros2_ws/install/aist_camera_multiplexer/lib/libaist_camera_multiplexer.so
-- Up-to-date symlink: /home/ueshiba/ros2_ws/install/aist_camera_multiplexer/share/aist_camera_multiplexer//launch/realsense.launch
-- Up-to-date symlink: /home/ueshiba/ros2_ws/install/aist_camera_multiplexer/share/aist_camera_multiplexer//launch/test.rviz
-- Up-to-date symlink: /home/ueshiba/ros2_ws/install/aist_camera_multiplexer/share/aist_camera_multiplexer/environment/pythonpath.sh
-- Up-to-date symlink: /home/ueshiba/ros2_ws/install/aist_camera_multiplexer/share/aist_camera_multiplexer/environment/pythonpath.dsv
-- Up-to-date symlink: /home/ueshiba/ros2_ws/install/aist_camera_multiplexer/lib/python3.10/site-packages/aist_camera_multiplexer-1.0.0-py3.10.egg-info/PKG-INFO
-- Up-to-date symlink: /home/ueshiba/ros2_ws/install/aist_camera_multiplexer/lib/python3.10/site-packages/aist_camera_multiplexer-1.0.0-py3.10.egg-info/SOURCES.txt
-- Up-to-date symlink: /home/ueshiba/ros2_ws/install/aist_camera_multiplexer/lib/python3.10/site-packages/aist_camera_multiplexer-1.0.0-py3.10.egg-info/dependency_links.txt
-- Up-to-date symlink: /home/ueshiba/ros2_ws/install/aist_camera_multiplexer/lib/python3.10/site-packages/aist_camera_multiplexer-1.0.0-py3.10.egg-info/top_level.txt
-- Up-to-date symlink: /home/ueshiba/ros2_ws/install/aist_camera_multiplexer/lib/python3.10/site-packages/aist_camera_multiplexer/__init__.py
-- Up-to-date symlink: /home/ueshiba/ros2_ws/install/aist_camera_multiplexer/lib/aist_camera_multiplexer/drealsense.py
-- Up-to-date symlink: /home/ueshiba/ros2_ws/install/aist_camera_multiplexer/lib/aist_camera_multiplexer/select_camera.py
-- Up-to-date symlink: /home/ueshiba/ros2_ws/install/aist_camera_multiplexer/lib/aist_camera_multiplexer/select_realsense_camera.py
-- Up-to-date symlink: /home/ueshiba/ros2_ws/install/aist_camera_multiplexer/share/aist_camera_multiplexer/environment/library_path.sh
-- Up-to-date symlink: /home/ueshiba/ros2_ws/install/aist_camera_multiplexer/share/aist_camera_multiplexer/environment/library_path.dsv
-- Up-to-date symlink: /home/ueshiba/ros2_ws/install/aist_camera_multiplexer/share/ament_index/resource_index/package_run_dependencies/aist_camera_multiplexer
-- Up-to-date symlink: /home/ueshiba/ros2_ws/install/aist_camera_multiplexer/share/ament_index/resource_index/parent_prefix_path/aist_camera_multiplexer
-- Up-to-date symlink: /home/ueshiba/ros2_ws/install/aist_camera_multiplexer/share/aist_camera_multiplexer/environment/ament_prefix_path.sh
-- Up-to-date symlink: /home/ueshiba/ros2_ws/install/aist_camera_multiplexer/share/aist_camera_multiplexer/environment/ament_prefix_path.dsv
-- Up-to-date symlink: /home/ueshiba/ros2_ws/install/aist_camera_multiplexer/share/aist_camera_multiplexer/environment/path.sh
-- Up-to-date symlink: /home/ueshiba/ros2_ws/install/aist_camera_multiplexer/share/aist_camera_multiplexer/environment/path.dsv
-- Up-to-date symlink: /home/ueshiba/ros2_ws/install/aist_camera_multiplexer/share/aist_camera_multiplexer/local_setup.bash
-- Up-to-date symlink: /home/ueshiba/ros2_ws/install/aist_camera_multiplexer/share/aist_camera_multiplexer/local_setup.sh
-- Up-to-date symlink: /home/ueshiba/ros2_ws/install/aist_camera_multiplexer/share/aist_camera_multiplexer/local_setup.zsh
-- Up-to-date symlink: /home/ueshiba/ros2_ws/install/aist_camera_multiplexer/share/aist_camera_multiplexer/local_setup.dsv
-- Symlinking: /home/ueshiba/ros2_ws/install/aist_camera_multiplexer/share/aist_camera_multiplexer/package.dsv
-- Up-to-date symlink: /home/ueshiba/ros2_ws/install/aist_camera_multiplexer/share/ament_index/resource_index/packages/aist_camera_multiplexer
-- Up-to-date symlink: /home/ueshiba/ros2_ws/install/aist_camera_multiplexer/share/ament_index/resource_index/rclcpp_components/aist_camera_multiplexer
-- Up-to-date symlink: /home/ueshiba/ros2_ws/install/aist_camera_multiplexer/share/aist_camera_multiplexer/cmake/ament_cmake_export_libraries-extras.cmake
-- Up-to-date symlink: /home/ueshiba/ros2_ws/install/aist_camera_multiplexer/share/aist_camera_multiplexer/cmake/aist_camera_multiplexerConfig.cmake
-- Up-to-date symlink: /home/ueshiba/ros2_ws/install/aist_camera_multiplexer/share/aist_camera_multiplexer/cmake/aist_camera_multiplexerConfig-version.cmake
-- Up-to-date symlink: /home/ueshiba/ros2_ws/install/aist_camera_multiplexer/share/aist_camera_multiplexer/package.xml
Listing '/home/ueshiba/ros2_ws/install/aist_camera_multiplexer/lib/python3.10/site-packages/aist_camera_multiplexer'...
