-- Install configuration: ""
-- Execute custom install script
-- Up-to-date symlink: /home/ueshiba/ros2_ws/install/aist_description/lib/aist_description/convert_stl_to_ply.py
-- Up-to-date symlink: /home/ueshiba/ros2_ws/install/aist_description/lib/aist_description/generate_urdf_from_meshes.py
-- Up-to-date symlink: /home/ueshiba/ros2_ws/install/aist_description/share/aist_description//devices/meshes/D405.stl
-- Up-to-date symlink: /home/ueshiba/ros2_ws/install/aist_description/share/aist_description//devices/meshes/SR305.stl
-- Up-to-date symlink: /home/ueshiba/ros2_ws/install/aist_description/share/aist_description//devices/meshes/collision/zivid2plus-coarse.stl
-- Up-to-date symlink: /home/ueshiba/ros2_ws/install/aist_description/share/aist_description//devices/meshes/dual_suction_gripper.stl
-- Up-to-date symlink: /home/ueshiba/ros2_ws/install/aist_description/share/aist_description//devices/meshes/dual_suction_gripper.vhacd.dae
-- Up-to-date symlink: /home/ueshiba/ros2_ws/install/aist_description/share/aist_description//devices/meshes/single_suction_gripper.stl
-- Up-to-date symlink: /home/ueshiba/ros2_ws/install/aist_description/share/aist_description//devices/meshes/single_suction_gripper.vhacd.dae
-- Up-to-date symlink: /home/ueshiba/ros2_ws/install/aist_description/share/aist_description//devices/meshes/sr305_mount.stl
-- Up-to-date symlink: /home/ueshiba/ros2_ws/install/aist_description/share/aist_description//devices/meshes/zivid2plus.stl
-- Up-to-date symlink: /home/ueshiba/ros2_ws/install/aist_description/share/aist_description//devices/urdf/PhotoneoLogFiles/LogConfig.txt
-- Up-to-date symlink: /home/ueshiba/ros2_ws/install/aist_description/share/aist_description//devices/urdf/_d405.urdf
-- Up-to-date symlink: /home/ueshiba/ros2_ws/install/aist_description/share/aist_description//devices/urdf/_d405.urdf.xacro
-- Up-to-date symlink: /home/ueshiba/ros2_ws/install/aist_description/share/aist_description//devices/urdf/_d415.urdf
-- Up-to-date symlink: /home/ueshiba/ros2_ws/install/aist_description/share/aist_description//devices/urdf/_d415.urdf.xacro
-- Up-to-date symlink: /home/ueshiba/ros2_ws/install/aist_description/share/aist_description//devices/urdf/_d435.urdf
-- Up-to-date symlink: /home/ueshiba/ros2_ws/install/aist_description/share/aist_description//devices/urdf/_d435.urdf.xacro
-- Up-to-date symlink: /home/ueshiba/ros2_ws/install/aist_description/share/aist_description//devices/urdf/_d455.urdf
-- Up-to-date symlink: /home/ueshiba/ros2_ws/install/aist_description/share/aist_description//devices/urdf/_d455.urdf.xacro
-- Up-to-date symlink: /home/ueshiba/ros2_ws/install/aist_description/share/aist_description//devices/urdf/_sr305.urdf
-- Up-to-date symlink: /home/ueshiba/ros2_ws/install/aist_description/share/aist_description//devices/urdf/_sr305.urdf.xacro
-- Up-to-date symlink: /home/ueshiba/ros2_ws/install/aist_description/share/aist_description//devices/urdf/add_tooltip_link.urdf.xacro
-- Up-to-date symlink: /home/ueshiba/ros2_ws/install/aist_description/share/aist_description//devices/urdf/dual_suction_gripper.urdf
-- Up-to-date symlink: /home/ueshiba/ros2_ws/install/aist_description/share/aist_description//devices/urdf/dual_suction_gripper.urdf.xacro
-- Up-to-date symlink: /home/ueshiba/ros2_ws/install/aist_description/share/aist_description//devices/urdf/iiwa.gazebo.xacro
-- Up-to-date symlink: /home/ueshiba/ros2_ws/install/aist_description/share/aist_description//devices/urdf/iiwa14.urdf
-- Up-to-date symlink: /home/ueshiba/ros2_ws/install/aist_description/share/aist_description//devices/urdf/iiwa14.urdf.xacro
-- Up-to-date symlink: /home/ueshiba/ros2_ws/install/aist_description/share/aist_description//devices/urdf/iiwa7.urdf
-- Up-to-date symlink: /home/ueshiba/ros2_ws/install/aist_description/share/aist_description//devices/urdf/iiwa7.urdf.xacro
-- Up-to-date symlink: /home/ueshiba/ros2_ws/install/aist_description/share/aist_description//devices/urdf/log/COLCON_IGNORE
-- Up-to-date symlink: /home/ueshiba/ros2_ws/install/aist_description/share/aist_description//devices/urdf/log/build_2024-06-23_03-27-13/aist_aruco_msgs/command.log
-- Up-to-date symlink: /home/ueshiba/ros2_ws/install/aist_description/share/aist_description//devices/urdf/log/build_2024-06-23_03-27-13/aist_aruco_msgs/stderr.log
-- Up-to-date symlink: /home/ueshiba/ros2_ws/install/aist_description/share/aist_description//devices/urdf/log/build_2024-06-23_03-27-13/aist_aruco_msgs/stdout.log
-- Up-to-date symlink: /home/ueshiba/ros2_ws/install/aist_description/share/aist_description//devices/urdf/log/build_2024-06-23_03-27-13/aist_aruco_msgs/stdout_stderr.log
-- Up-to-date symlink: /home/ueshiba/ros2_ws/install/aist_description/share/aist_description//devices/urdf/log/build_2024-06-23_03-27-13/aist_aruco_msgs/streams.log
-- Up-to-date symlink: /home/ueshiba/ros2_ws/install/aist_description/share/aist_description//devices/urdf/log/build_2024-06-23_03-27-13/aist_aruco_ros/command.log
-- Up-to-date symlink: /home/ueshiba/ros2_ws/install/aist_description/share/aist_description//devices/urdf/log/build_2024-06-23_03-27-13/aist_aruco_ros/stderr.log
-- Up-to-date symlink: /home/ueshiba/ros2_ws/install/aist_description/share/aist_description//devices/urdf/log/build_2024-06-23_03-27-13/aist_aruco_ros/stdout.log
-- Up-to-date symlink: /home/ueshiba/ros2_ws/install/aist_description/share/aist_description//devices/urdf/log/build_2024-06-23_03-27-13/aist_aruco_ros/stdout_stderr.log
-- Up-to-date symlink: /home/ueshiba/ros2_ws/install/aist_description/share/aist_description//devices/urdf/log/build_2024-06-23_03-27-13/aist_aruco_ros/streams.log
-- Up-to-date symlink: /home/ueshiba/ros2_ws/install/aist_description/share/aist_description//devices/urdf/log/build_2024-06-23_03-27-13/aist_camera_multiplexer/command.log
-- Up-to-date symlink: /home/ueshiba/ros2_ws/install/aist_description/share/aist_description//devices/urdf/log/build_2024-06-23_03-27-13/aist_camera_multiplexer/stderr.log
-- Up-to-date symlink: /home/ueshiba/ros2_ws/install/aist_description/share/aist_description//devices/urdf/log/build_2024-06-23_03-27-13/aist_camera_multiplexer/stdout.log
-- Up-to-date symlink: /home/ueshiba/ros2_ws/install/aist_description/share/aist_description//devices/urdf/log/build_2024-06-23_03-27-13/aist_camera_multiplexer/stdout_stderr.log
-- Up-to-date symlink: /home/ueshiba/ros2_ws/install/aist_description/share/aist_description//devices/urdf/log/build_2024-06-23_03-27-13/aist_camera_multiplexer/streams.log
-- Up-to-date symlink: /home/ueshiba/ros2_ws/install/aist_description/share/aist_description//devices/urdf/log/build_2024-06-23_03-27-13/aist_handeye_calibration/command.log
-- Up-to-date symlink: /home/ueshiba/ros2_ws/install/aist_description/share/aist_description//devices/urdf/log/build_2024-06-23_03-27-13/aist_handeye_calibration/stderr.log
-- Up-to-date symlink: /home/ueshiba/ros2_ws/install/aist_description/share/aist_description//devices/urdf/log/build_2024-06-23_03-27-13/aist_handeye_calibration/stdout.log
-- Up-to-date symlink: /home/ueshiba/ros2_ws/install/aist_description/share/aist_description//devices/urdf/log/build_2024-06-23_03-27-13/aist_handeye_calibration/stdout_stderr.log
-- Up-to-date symlink: /home/ueshiba/ros2_ws/install/aist_description/share/aist_description//devices/urdf/log/build_2024-06-23_03-27-13/aist_handeye_calibration/streams.log
-- Up-to-date symlink: /home/ueshiba/ros2_ws/install/aist_description/share/aist_description//devices/urdf/log/build_2024-06-23_03-27-13/aist_handeye_calibration_msgs/command.log
-- Up-to-date symlink: /home/ueshiba/ros2_ws/install/aist_description/share/aist_description//devices/urdf/log/build_2024-06-23_03-27-13/aist_handeye_calibration_msgs/stderr.log
-- Up-to-date symlink: /home/ueshiba/ros2_ws/install/aist_description/share/aist_description//devices/urdf/log/build_2024-06-23_03-27-13/aist_handeye_calibration_msgs/stdout.log
-- Up-to-date symlink: /home/ueshiba/ros2_ws/install/aist_description/share/aist_description//devices/urdf/log/build_2024-06-23_03-27-13/aist_handeye_calibration_msgs/stdout_stderr.log
-- Up-to-date symlink: /home/ueshiba/ros2_ws/install/aist_description/share/aist_description//devices/urdf/log/build_2024-06-23_03-27-13/aist_handeye_calibration_msgs/streams.log
-- Up-to-date symlink: /home/ueshiba/ros2_ws/install/aist_description/share/aist_description//devices/urdf/log/build_2024-06-23_03-27-13/aist_msgs/command.log
-- Up-to-date symlink: /home/ueshiba/ros2_ws/install/aist_description/share/aist_description//devices/urdf/log/build_2024-06-23_03-27-13/aist_msgs/stderr.log
-- Up-to-date symlink: /home/ueshiba/ros2_ws/install/aist_description/share/aist_description//devices/urdf/log/build_2024-06-23_03-27-13/aist_msgs/stdout.log
-- Up-to-date symlink: /home/ueshiba/ros2_ws/install/aist_description/share/aist_description//devices/urdf/log/build_2024-06-23_03-27-13/aist_msgs/stdout_stderr.log
-- Up-to-date symlink: /home/ueshiba/ros2_ws/install/aist_description/share/aist_description//devices/urdf/log/build_2024-06-23_03-27-13/aist_msgs/streams.log
-- Up-to-date symlink: /home/ueshiba/ros2_ws/install/aist_description/share/aist_description//devices/urdf/log/build_2024-06-23_03-27-13/aist_phoxi_camera/command.log
-- Up-to-date symlink: /home/ueshiba/ros2_ws/install/aist_description/share/aist_description//devices/urdf/log/build_2024-06-23_03-27-13/aist_phoxi_camera/stderr.log
-- Up-to-date symlink: /home/ueshiba/ros2_ws/install/aist_description/share/aist_description//devices/urdf/log/build_2024-06-23_03-27-13/aist_phoxi_camera/stdout.log
-- Up-to-date symlink: /home/ueshiba/ros2_ws/install/aist_description/share/aist_description//devices/urdf/log/build_2024-06-23_03-27-13/aist_phoxi_camera/stdout_stderr.log
-- Up-to-date symlink: /home/ueshiba/ros2_ws/install/aist_description/share/aist_description//devices/urdf/log/build_2024-06-23_03-27-13/aist_phoxi_camera/streams.log
-- Up-to-date symlink: /home/ueshiba/ros2_ws/install/aist_description/share/aist_description//devices/urdf/log/build_2024-06-23_03-27-13/aist_utility/command.log
-- Up-to-date symlink: /home/ueshiba/ros2_ws/install/aist_description/share/aist_description//devices/urdf/log/build_2024-06-23_03-27-13/aist_utility/stderr.log
-- Up-to-date symlink: /home/ueshiba/ros2_ws/install/aist_description/share/aist_description//devices/urdf/log/build_2024-06-23_03-27-13/aist_utility/stdout.log
-- Up-to-date symlink: /home/ueshiba/ros2_ws/install/aist_description/share/aist_description//devices/urdf/log/build_2024-06-23_03-27-13/aist_utility/stdout_stderr.log
-- Up-to-date symlink: /home/ueshiba/ros2_ws/install/aist_description/share/aist_description//devices/urdf/log/build_2024-06-23_03-27-13/aist_utility/streams.log
-- Up-to-date symlink: /home/ueshiba/ros2_ws/install/aist_description/share/aist_description//devices/urdf/log/build_2024-06-23_03-27-13/aruco/command.log
-- Up-to-date symlink: /home/ueshiba/ros2_ws/install/aist_description/share/aist_description//devices/urdf/log/build_2024-06-23_03-27-13/aruco/stderr.log
-- Up-to-date symlink: /home/ueshiba/ros2_ws/install/aist_description/share/aist_description//devices/urdf/log/build_2024-06-23_03-27-13/aruco/stdout.log
-- Up-to-date symlink: /home/ueshiba/ros2_ws/install/aist_description/share/aist_description//devices/urdf/log/build_2024-06-23_03-27-13/aruco/stdout_stderr.log
-- Up-to-date symlink: /home/ueshiba/ros2_ws/install/aist_description/share/aist_description//devices/urdf/log/build_2024-06-23_03-27-13/aruco/streams.log
-- Up-to-date symlink: /home/ueshiba/ros2_ws/install/aist_description/share/aist_description//devices/urdf/log/build_2024-06-23_03-27-13/aruco_msgs/command.log
-- Up-to-date symlink: /home/ueshiba/ros2_ws/install/aist_description/share/aist_description//devices/urdf/log/build_2024-06-23_03-27-13/aruco_msgs/stderr.log
-- Up-to-date symlink: /home/ueshiba/ros2_ws/install/aist_description/share/aist_description//devices/urdf/log/build_2024-06-23_03-27-13/aruco_msgs/stdout.log
-- Up-to-date symlink: /home/ueshiba/ros2_ws/install/aist_description/share/aist_description//devices/urdf/log/build_2024-06-23_03-27-13/aruco_msgs/stdout_stderr.log
-- Up-to-date symlink: /home/ueshiba/ros2_ws/install/aist_description/share/aist_description//devices/urdf/log/build_2024-06-23_03-27-13/aruco_msgs/streams.log
-- Up-to-date symlink: /home/ueshiba/ros2_ws/install/aist_description/share/aist_description//devices/urdf/log/build_2024-06-23_03-27-13/aruco_ros/command.log
-- Up-to-date symlink: /home/ueshiba/ros2_ws/install/aist_description/share/aist_description//devices/urdf/log/build_2024-06-23_03-27-13/aruco_ros/stderr.log
-- Up-to-date symlink: /home/ueshiba/ros2_ws/install/aist_description/share/aist_description//devices/urdf/log/build_2024-06-23_03-27-13/aruco_ros/stdout.log
-- Up-to-date symlink: /home/ueshiba/ros2_ws/install/aist_description/share/aist_description//devices/urdf/log/build_2024-06-23_03-27-13/aruco_ros/stdout_stderr.log
-- Up-to-date symlink: /home/ueshiba/ros2_ws/install/aist_description/share/aist_description//devices/urdf/log/build_2024-06-23_03-27-13/aruco_ros/streams.log
-- Up-to-date symlink: /home/ueshiba/ros2_ws/install/aist_description/share/aist_description//devices/urdf/log/build_2024-06-23_03-27-13/cu_bridge/command.log
-- Up-to-date symlink: /home/ueshiba/ros2_ws/install/aist_description/share/aist_description//devices/urdf/log/build_2024-06-23_03-27-13/cu_bridge/stderr.log
-- Up-to-date symlink: /home/ueshiba/ros2_ws/install/aist_description/share/aist_description//devices/urdf/log/build_2024-06-23_03-27-13/cu_bridge/stdout.log
-- Up-to-date symlink: /home/ueshiba/ros2_ws/install/aist_description/share/aist_description//devices/urdf/log/build_2024-06-23_03-27-13/cu_bridge/stdout_stderr.log
-- Up-to-date symlink: /home/ueshiba/ros2_ws/install/aist_description/share/aist_description//devices/urdf/log/build_2024-06-23_03-27-13/cu_bridge/streams.log
-- Up-to-date symlink: /home/ueshiba/ros2_ws/install/aist_description/share/aist_description//devices/urdf/log/build_2024-06-23_03-27-13/ddynamic_reconfigure2/command.log
-- Up-to-date symlink: /home/ueshiba/ros2_ws/install/aist_description/share/aist_description//devices/urdf/log/build_2024-06-23_03-27-13/ddynamic_reconfigure2/stderr.log
-- Up-to-date symlink: /home/ueshiba/ros2_ws/install/aist_description/share/aist_description//devices/urdf/log/build_2024-06-23_03-27-13/ddynamic_reconfigure2/stdout.log
-- Up-to-date symlink: /home/ueshiba/ros2_ws/install/aist_description/share/aist_description//devices/urdf/log/build_2024-06-23_03-27-13/ddynamic_reconfigure2/stdout_stderr.log
-- Up-to-date symlink: /home/ueshiba/ros2_ws/install/aist_description/share/aist_description//devices/urdf/log/build_2024-06-23_03-27-13/ddynamic_reconfigure2/streams.log
-- Up-to-date symlink: /home/ueshiba/ros2_ws/install/aist_description/share/aist_description//devices/urdf/log/build_2024-06-23_03-27-13/events.log
-- Up-to-date symlink: /home/ueshiba/ros2_ws/install/aist_description/share/aist_description//devices/urdf/log/build_2024-06-23_03-27-13/logger_all.log
-- Up-to-date symlink: /home/ueshiba/ros2_ws/install/aist_description/share/aist_description//devices/urdf/log/build_2024-06-23_03-27-13/realsense2_camera/command.log
-- Up-to-date symlink: /home/ueshiba/ros2_ws/install/aist_description/share/aist_description//devices/urdf/log/build_2024-06-23_03-27-13/realsense2_camera/stderr.log
-- Up-to-date symlink: /home/ueshiba/ros2_ws/install/aist_description/share/aist_description//devices/urdf/log/build_2024-06-23_03-27-13/realsense2_camera/stdout.log
-- Up-to-date symlink: /home/ueshiba/ros2_ws/install/aist_description/share/aist_description//devices/urdf/log/build_2024-06-23_03-27-13/realsense2_camera/stdout_stderr.log
-- Up-to-date symlink: /home/ueshiba/ros2_ws/install/aist_description/share/aist_description//devices/urdf/log/build_2024-06-23_03-27-13/realsense2_camera/streams.log
-- Up-to-date symlink: /home/ueshiba/ros2_ws/install/aist_description/share/aist_description//devices/urdf/log/build_2024-06-23_03-27-13/realsense2_camera_msgs/command.log
-- Up-to-date symlink: /home/ueshiba/ros2_ws/install/aist_description/share/aist_description//devices/urdf/log/build_2024-06-23_03-27-13/realsense2_camera_msgs/stderr.log
-- Up-to-date symlink: /home/ueshiba/ros2_ws/install/aist_description/share/aist_description//devices/urdf/log/build_2024-06-23_03-27-13/realsense2_camera_msgs/stdout.log
-- Up-to-date symlink: /home/ueshiba/ros2_ws/install/aist_description/share/aist_description//devices/urdf/log/build_2024-06-23_03-27-13/realsense2_camera_msgs/stdout_stderr.log
-- Up-to-date symlink: /home/ueshiba/ros2_ws/install/aist_description/share/aist_description//devices/urdf/log/build_2024-06-23_03-27-13/realsense2_camera_msgs/streams.log
-- Up-to-date symlink: /home/ueshiba/ros2_ws/install/aist_description/share/aist_description//devices/urdf/log/build_2024-06-23_03-27-13/realsense2_description/command.log
-- Up-to-date symlink: /home/ueshiba/ros2_ws/install/aist_description/share/aist_description//devices/urdf/log/build_2024-06-23_03-27-13/realsense2_description/stderr.log
-- Up-to-date symlink: /home/ueshiba/ros2_ws/install/aist_description/share/aist_description//devices/urdf/log/build_2024-06-23_03-27-13/realsense2_description/stdout.log
-- Up-to-date symlink: /home/ueshiba/ros2_ws/install/aist_description/share/aist_description//devices/urdf/log/build_2024-06-23_03-27-13/realsense2_description/stdout_stderr.log
-- Up-to-date symlink: /home/ueshiba/ros2_ws/install/aist_description/share/aist_description//devices/urdf/log/build_2024-06-23_03-27-13/realsense2_description/streams.log
-- Up-to-date symlink: /home/ueshiba/ros2_ws/install/aist_description/share/aist_description//devices/urdf/log/build_2024-06-23_03-27-13/rqt_reconfigure/command.log
-- Up-to-date symlink: /home/ueshiba/ros2_ws/install/aist_description/share/aist_description//devices/urdf/log/build_2024-06-23_03-27-13/rqt_reconfigure/stderr.log
-- Up-to-date symlink: /home/ueshiba/ros2_ws/install/aist_description/share/aist_description//devices/urdf/log/build_2024-06-23_03-27-13/rqt_reconfigure/stdout.log
-- Up-to-date symlink: /home/ueshiba/ros2_ws/install/aist_description/share/aist_description//devices/urdf/log/build_2024-06-23_03-27-13/rqt_reconfigure/stdout_stderr.log
-- Up-to-date symlink: /home/ueshiba/ros2_ws/install/aist_description/share/aist_description//devices/urdf/log/build_2024-06-23_03-27-13/rqt_reconfigure/streams.log
-- Up-to-date symlink: /home/ueshiba/ros2_ws/install/aist_description/share/aist_description//devices/urdf/log/latest/aist_aruco_msgs/command.log
-- Up-to-date symlink: /home/ueshiba/ros2_ws/install/aist_description/share/aist_description//devices/urdf/log/latest/aist_aruco_msgs/stderr.log
-- Up-to-date symlink: /home/ueshiba/ros2_ws/install/aist_description/share/aist_description//devices/urdf/log/latest/aist_aruco_msgs/stdout.log
-- Up-to-date symlink: /home/ueshiba/ros2_ws/install/aist_description/share/aist_description//devices/urdf/log/latest/aist_aruco_msgs/stdout_stderr.log
-- Up-to-date symlink: /home/ueshiba/ros2_ws/install/aist_description/share/aist_description//devices/urdf/log/latest/aist_aruco_msgs/streams.log
-- Up-to-date symlink: /home/ueshiba/ros2_ws/install/aist_description/share/aist_description//devices/urdf/log/latest/aist_aruco_ros/command.log
-- Up-to-date symlink: /home/ueshiba/ros2_ws/install/aist_description/share/aist_description//devices/urdf/log/latest/aist_aruco_ros/stderr.log
-- Up-to-date symlink: /home/ueshiba/ros2_ws/install/aist_description/share/aist_description//devices/urdf/log/latest/aist_aruco_ros/stdout.log
-- Up-to-date symlink: /home/ueshiba/ros2_ws/install/aist_description/share/aist_description//devices/urdf/log/latest/aist_aruco_ros/stdout_stderr.log
-- Up-to-date symlink: /home/ueshiba/ros2_ws/install/aist_description/share/aist_description//devices/urdf/log/latest/aist_aruco_ros/streams.log
-- Up-to-date symlink: /home/ueshiba/ros2_ws/install/aist_description/share/aist_description//devices/urdf/log/latest/aist_camera_multiplexer/command.log
-- Up-to-date symlink: /home/ueshiba/ros2_ws/install/aist_description/share/aist_description//devices/urdf/log/latest/aist_camera_multiplexer/stderr.log
-- Up-to-date symlink: /home/ueshiba/ros2_ws/install/aist_description/share/aist_description//devices/urdf/log/latest/aist_camera_multiplexer/stdout.log
-- Up-to-date symlink: /home/ueshiba/ros2_ws/install/aist_description/share/aist_description//devices/urdf/log/latest/aist_camera_multiplexer/stdout_stderr.log
-- Up-to-date symlink: /home/ueshiba/ros2_ws/install/aist_description/share/aist_description//devices/urdf/log/latest/aist_camera_multiplexer/streams.log
-- Up-to-date symlink: /home/ueshiba/ros2_ws/install/aist_description/share/aist_description//devices/urdf/log/latest/aist_handeye_calibration/command.log
-- Up-to-date symlink: /home/ueshiba/ros2_ws/install/aist_description/share/aist_description//devices/urdf/log/latest/aist_handeye_calibration/stderr.log
-- Up-to-date symlink: /home/ueshiba/ros2_ws/install/aist_description/share/aist_description//devices/urdf/log/latest/aist_handeye_calibration/stdout.log
-- Up-to-date symlink: /home/ueshiba/ros2_ws/install/aist_description/share/aist_description//devices/urdf/log/latest/aist_handeye_calibration/stdout_stderr.log
-- Up-to-date symlink: /home/ueshiba/ros2_ws/install/aist_description/share/aist_description//devices/urdf/log/latest/aist_handeye_calibration/streams.log
-- Up-to-date symlink: /home/ueshiba/ros2_ws/install/aist_description/share/aist_description//devices/urdf/log/latest/aist_handeye_calibration_msgs/command.log
-- Up-to-date symlink: /home/ueshiba/ros2_ws/install/aist_description/share/aist_description//devices/urdf/log/latest/aist_handeye_calibration_msgs/stderr.log
-- Up-to-date symlink: /home/ueshiba/ros2_ws/install/aist_description/share/aist_description//devices/urdf/log/latest/aist_handeye_calibration_msgs/stdout.log
-- Up-to-date symlink: /home/ueshiba/ros2_ws/install/aist_description/share/aist_description//devices/urdf/log/latest/aist_handeye_calibration_msgs/stdout_stderr.log
-- Up-to-date symlink: /home/ueshiba/ros2_ws/install/aist_description/share/aist_description//devices/urdf/log/latest/aist_handeye_calibration_msgs/streams.log
-- Up-to-date symlink: /home/ueshiba/ros2_ws/install/aist_description/share/aist_description//devices/urdf/log/latest/aist_msgs/command.log
-- Up-to-date symlink: /home/ueshiba/ros2_ws/install/aist_description/share/aist_description//devices/urdf/log/latest/aist_msgs/stderr.log
-- Up-to-date symlink: /home/ueshiba/ros2_ws/install/aist_description/share/aist_description//devices/urdf/log/latest/aist_msgs/stdout.log
-- Up-to-date symlink: /home/ueshiba/ros2_ws/install/aist_description/share/aist_description//devices/urdf/log/latest/aist_msgs/stdout_stderr.log
-- Up-to-date symlink: /home/ueshiba/ros2_ws/install/aist_description/share/aist_description//devices/urdf/log/latest/aist_msgs/streams.log
-- Up-to-date symlink: /home/ueshiba/ros2_ws/install/aist_description/share/aist_description//devices/urdf/log/latest/aist_phoxi_camera/command.log
-- Up-to-date symlink: /home/ueshiba/ros2_ws/install/aist_description/share/aist_description//devices/urdf/log/latest/aist_phoxi_camera/stderr.log
-- Up-to-date symlink: /home/ueshiba/ros2_ws/install/aist_description/share/aist_description//devices/urdf/log/latest/aist_phoxi_camera/stdout.log
-- Up-to-date symlink: /home/ueshiba/ros2_ws/install/aist_description/share/aist_description//devices/urdf/log/latest/aist_phoxi_camera/stdout_stderr.log
-- Up-to-date symlink: /home/ueshiba/ros2_ws/install/aist_description/share/aist_description//devices/urdf/log/latest/aist_phoxi_camera/streams.log
-- Up-to-date symlink: /home/ueshiba/ros2_ws/install/aist_description/share/aist_description//devices/urdf/log/latest/aist_utility/command.log
-- Up-to-date symlink: /home/ueshiba/ros2_ws/install/aist_description/share/aist_description//devices/urdf/log/latest/aist_utility/stderr.log
-- Up-to-date symlink: /home/ueshiba/ros2_ws/install/aist_description/share/aist_description//devices/urdf/log/latest/aist_utility/stdout.log
-- Up-to-date symlink: /home/ueshiba/ros2_ws/install/aist_description/share/aist_description//devices/urdf/log/latest/aist_utility/stdout_stderr.log
-- Up-to-date symlink: /home/ueshiba/ros2_ws/install/aist_description/share/aist_description//devices/urdf/log/latest/aist_utility/streams.log
-- Up-to-date symlink: /home/ueshiba/ros2_ws/install/aist_description/share/aist_description//devices/urdf/log/latest/aruco/command.log
-- Up-to-date symlink: /home/ueshiba/ros2_ws/install/aist_description/share/aist_description//devices/urdf/log/latest/aruco/stderr.log
-- Up-to-date symlink: /home/ueshiba/ros2_ws/install/aist_description/share/aist_description//devices/urdf/log/latest/aruco/stdout.log
-- Up-to-date symlink: /home/ueshiba/ros2_ws/install/aist_description/share/aist_description//devices/urdf/log/latest/aruco/stdout_stderr.log
-- Up-to-date symlink: /home/ueshiba/ros2_ws/install/aist_description/share/aist_description//devices/urdf/log/latest/aruco/streams.log
-- Up-to-date symlink: /home/ueshiba/ros2_ws/install/aist_description/share/aist_description//devices/urdf/log/latest/aruco_msgs/command.log
-- Up-to-date symlink: /home/ueshiba/ros2_ws/install/aist_description/share/aist_description//devices/urdf/log/latest/aruco_msgs/stderr.log
-- Up-to-date symlink: /home/ueshiba/ros2_ws/install/aist_description/share/aist_description//devices/urdf/log/latest/aruco_msgs/stdout.log
-- Up-to-date symlink: /home/ueshiba/ros2_ws/install/aist_description/share/aist_description//devices/urdf/log/latest/aruco_msgs/stdout_stderr.log
-- Up-to-date symlink: /home/ueshiba/ros2_ws/install/aist_description/share/aist_description//devices/urdf/log/latest/aruco_msgs/streams.log
-- Up-to-date symlink: /home/ueshiba/ros2_ws/install/aist_description/share/aist_description//devices/urdf/log/latest/aruco_ros/command.log
-- Up-to-date symlink: /home/ueshiba/ros2_ws/install/aist_description/share/aist_description//devices/urdf/log/latest/aruco_ros/stderr.log
-- Up-to-date symlink: /home/ueshiba/ros2_ws/install/aist_description/share/aist_description//devices/urdf/log/latest/aruco_ros/stdout.log
-- Up-to-date symlink: /home/ueshiba/ros2_ws/install/aist_description/share/aist_description//devices/urdf/log/latest/aruco_ros/stdout_stderr.log
-- Up-to-date symlink: /home/ueshiba/ros2_ws/install/aist_description/share/aist_description//devices/urdf/log/latest/aruco_ros/streams.log
-- Up-to-date symlink: /home/ueshiba/ros2_ws/install/aist_description/share/aist_description//devices/urdf/log/latest/cu_bridge/command.log
-- Up-to-date symlink: /home/ueshiba/ros2_ws/install/aist_description/share/aist_description//devices/urdf/log/latest/cu_bridge/stderr.log
-- Up-to-date symlink: /home/ueshiba/ros2_ws/install/aist_description/share/aist_description//devices/urdf/log/latest/cu_bridge/stdout.log
-- Up-to-date symlink: /home/ueshiba/ros2_ws/install/aist_description/share/aist_description//devices/urdf/log/latest/cu_bridge/stdout_stderr.log
-- Up-to-date symlink: /home/ueshiba/ros2_ws/install/aist_description/share/aist_description//devices/urdf/log/latest/cu_bridge/streams.log
-- Up-to-date symlink: /home/ueshiba/ros2_ws/install/aist_description/share/aist_description//devices/urdf/log/latest/ddynamic_reconfigure2/command.log
-- Up-to-date symlink: /home/ueshiba/ros2_ws/install/aist_description/share/aist_description//devices/urdf/log/latest/ddynamic_reconfigure2/stderr.log
-- Up-to-date symlink: /home/ueshiba/ros2_ws/install/aist_description/share/aist_description//devices/urdf/log/latest/ddynamic_reconfigure2/stdout.log
-- Up-to-date symlink: /home/ueshiba/ros2_ws/install/aist_description/share/aist_description//devices/urdf/log/latest/ddynamic_reconfigure2/stdout_stderr.log
-- Up-to-date symlink: /home/ueshiba/ros2_ws/install/aist_description/share/aist_description//devices/urdf/log/latest/ddynamic_reconfigure2/streams.log
-- Up-to-date symlink: /home/ueshiba/ros2_ws/install/aist_description/share/aist_description//devices/urdf/log/latest/events.log
-- Up-to-date symlink: /home/ueshiba/ros2_ws/install/aist_description/share/aist_description//devices/urdf/log/latest/logger_all.log
-- Up-to-date symlink: /home/ueshiba/ros2_ws/install/aist_description/share/aist_description//devices/urdf/log/latest/realsense2_camera/command.log
-- Up-to-date symlink: /home/ueshiba/ros2_ws/install/aist_description/share/aist_description//devices/urdf/log/latest/realsense2_camera/stderr.log
-- Up-to-date symlink: /home/ueshiba/ros2_ws/install/aist_description/share/aist_description//devices/urdf/log/latest/realsense2_camera/stdout.log
-- Up-to-date symlink: /home/ueshiba/ros2_ws/install/aist_description/share/aist_description//devices/urdf/log/latest/realsense2_camera/stdout_stderr.log
-- Up-to-date symlink: /home/ueshiba/ros2_ws/install/aist_description/share/aist_description//devices/urdf/log/latest/realsense2_camera/streams.log
-- Up-to-date symlink: /home/ueshiba/ros2_ws/install/aist_description/share/aist_description//devices/urdf/log/latest/realsense2_camera_msgs/command.log
-- Up-to-date symlink: /home/ueshiba/ros2_ws/install/aist_description/share/aist_description//devices/urdf/log/latest/realsense2_camera_msgs/stderr.log
-- Up-to-date symlink: /home/ueshiba/ros2_ws/install/aist_description/share/aist_description//devices/urdf/log/latest/realsense2_camera_msgs/stdout.log
-- Up-to-date symlink: /home/ueshiba/ros2_ws/install/aist_description/share/aist_description//devices/urdf/log/latest/realsense2_camera_msgs/stdout_stderr.log
-- Up-to-date symlink: /home/ueshiba/ros2_ws/install/aist_description/share/aist_description//devices/urdf/log/latest/realsense2_camera_msgs/streams.log
-- Up-to-date symlink: /home/ueshiba/ros2_ws/install/aist_description/share/aist_description//devices/urdf/log/latest/realsense2_description/command.log
-- Up-to-date symlink: /home/ueshiba/ros2_ws/install/aist_description/share/aist_description//devices/urdf/log/latest/realsense2_description/stderr.log
-- Up-to-date symlink: /home/ueshiba/ros2_ws/install/aist_description/share/aist_description//devices/urdf/log/latest/realsense2_description/stdout.log
-- Up-to-date symlink: /home/ueshiba/ros2_ws/install/aist_description/share/aist_description//devices/urdf/log/latest/realsense2_description/stdout_stderr.log
-- Up-to-date symlink: /home/ueshiba/ros2_ws/install/aist_description/share/aist_description//devices/urdf/log/latest/realsense2_description/streams.log
-- Up-to-date symlink: /home/ueshiba/ros2_ws/install/aist_description/share/aist_description//devices/urdf/log/latest/rqt_reconfigure/command.log
-- Up-to-date symlink: /home/ueshiba/ros2_ws/install/aist_description/share/aist_description//devices/urdf/log/latest/rqt_reconfigure/stderr.log
-- Up-to-date symlink: /home/ueshiba/ros2_ws/install/aist_description/share/aist_description//devices/urdf/log/latest/rqt_reconfigure/stdout.log
-- Up-to-date symlink: /home/ueshiba/ros2_ws/install/aist_description/share/aist_description//devices/urdf/log/latest/rqt_reconfigure/stdout_stderr.log
-- Up-to-date symlink: /home/ueshiba/ros2_ws/install/aist_description/share/aist_description//devices/urdf/log/latest/rqt_reconfigure/streams.log
-- Up-to-date symlink: /home/ueshiba/ros2_ws/install/aist_description/share/aist_description//devices/urdf/log/latest_build/aist_aruco_msgs/command.log
-- Up-to-date symlink: /home/ueshiba/ros2_ws/install/aist_description/share/aist_description//devices/urdf/log/latest_build/aist_aruco_msgs/stderr.log
-- Up-to-date symlink: /home/ueshiba/ros2_ws/install/aist_description/share/aist_description//devices/urdf/log/latest_build/aist_aruco_msgs/stdout.log
-- Up-to-date symlink: /home/ueshiba/ros2_ws/install/aist_description/share/aist_description//devices/urdf/log/latest_build/aist_aruco_msgs/stdout_stderr.log
-- Up-to-date symlink: /home/ueshiba/ros2_ws/install/aist_description/share/aist_description//devices/urdf/log/latest_build/aist_aruco_msgs/streams.log
-- Up-to-date symlink: /home/ueshiba/ros2_ws/install/aist_description/share/aist_description//devices/urdf/log/latest_build/aist_aruco_ros/command.log
-- Up-to-date symlink: /home/ueshiba/ros2_ws/install/aist_description/share/aist_description//devices/urdf/log/latest_build/aist_aruco_ros/stderr.log
-- Up-to-date symlink: /home/ueshiba/ros2_ws/install/aist_description/share/aist_description//devices/urdf/log/latest_build/aist_aruco_ros/stdout.log
-- Up-to-date symlink: /home/ueshiba/ros2_ws/install/aist_description/share/aist_description//devices/urdf/log/latest_build/aist_aruco_ros/stdout_stderr.log
-- Up-to-date symlink: /home/ueshiba/ros2_ws/install/aist_description/share/aist_description//devices/urdf/log/latest_build/aist_aruco_ros/streams.log
-- Up-to-date symlink: /home/ueshiba/ros2_ws/install/aist_description/share/aist_description//devices/urdf/log/latest_build/aist_camera_multiplexer/command.log
-- Up-to-date symlink: /home/ueshiba/ros2_ws/install/aist_description/share/aist_description//devices/urdf/log/latest_build/aist_camera_multiplexer/stderr.log
-- Up-to-date symlink: /home/ueshiba/ros2_ws/install/aist_description/share/aist_description//devices/urdf/log/latest_build/aist_camera_multiplexer/stdout.log
-- Up-to-date symlink: /home/ueshiba/ros2_ws/install/aist_description/share/aist_description//devices/urdf/log/latest_build/aist_camera_multiplexer/stdout_stderr.log
-- Up-to-date symlink: /home/ueshiba/ros2_ws/install/aist_description/share/aist_description//devices/urdf/log/latest_build/aist_camera_multiplexer/streams.log
-- Up-to-date symlink: /home/ueshiba/ros2_ws/install/aist_description/share/aist_description//devices/urdf/log/latest_build/aist_handeye_calibration/command.log
-- Up-to-date symlink: /home/ueshiba/ros2_ws/install/aist_description/share/aist_description//devices/urdf/log/latest_build/aist_handeye_calibration/stderr.log
-- Up-to-date symlink: /home/ueshiba/ros2_ws/install/aist_description/share/aist_description//devices/urdf/log/latest_build/aist_handeye_calibration/stdout.log
-- Up-to-date symlink: /home/ueshiba/ros2_ws/install/aist_description/share/aist_description//devices/urdf/log/latest_build/aist_handeye_calibration/stdout_stderr.log
-- Up-to-date symlink: /home/ueshiba/ros2_ws/install/aist_description/share/aist_description//devices/urdf/log/latest_build/aist_handeye_calibration/streams.log
-- Up-to-date symlink: /home/ueshiba/ros2_ws/install/aist_description/share/aist_description//devices/urdf/log/latest_build/aist_handeye_calibration_msgs/command.log
-- Up-to-date symlink: /home/ueshiba/ros2_ws/install/aist_description/share/aist_description//devices/urdf/log/latest_build/aist_handeye_calibration_msgs/stderr.log
-- Up-to-date symlink: /home/ueshiba/ros2_ws/install/aist_description/share/aist_description//devices/urdf/log/latest_build/aist_handeye_calibration_msgs/stdout.log
-- Up-to-date symlink: /home/ueshiba/ros2_ws/install/aist_description/share/aist_description//devices/urdf/log/latest_build/aist_handeye_calibration_msgs/stdout_stderr.log
-- Up-to-date symlink: /home/ueshiba/ros2_ws/install/aist_description/share/aist_description//devices/urdf/log/latest_build/aist_handeye_calibration_msgs/streams.log
-- Up-to-date symlink: /home/ueshiba/ros2_ws/install/aist_description/share/aist_description//devices/urdf/log/latest_build/aist_msgs/command.log
-- Up-to-date symlink: /home/ueshiba/ros2_ws/install/aist_description/share/aist_description//devices/urdf/log/latest_build/aist_msgs/stderr.log
-- Up-to-date symlink: /home/ueshiba/ros2_ws/install/aist_description/share/aist_description//devices/urdf/log/latest_build/aist_msgs/stdout.log
-- Up-to-date symlink: /home/ueshiba/ros2_ws/install/aist_description/share/aist_description//devices/urdf/log/latest_build/aist_msgs/stdout_stderr.log
-- Up-to-date symlink: /home/ueshiba/ros2_ws/install/aist_description/share/aist_description//devices/urdf/log/latest_build/aist_msgs/streams.log
-- Up-to-date symlink: /home/ueshiba/ros2_ws/install/aist_description/share/aist_description//devices/urdf/log/latest_build/aist_phoxi_camera/command.log
-- Up-to-date symlink: /home/ueshiba/ros2_ws/install/aist_description/share/aist_description//devices/urdf/log/latest_build/aist_phoxi_camera/stderr.log
-- Up-to-date symlink: /home/ueshiba/ros2_ws/install/aist_description/share/aist_description//devices/urdf/log/latest_build/aist_phoxi_camera/stdout.log
-- Up-to-date symlink: /home/ueshiba/ros2_ws/install/aist_description/share/aist_description//devices/urdf/log/latest_build/aist_phoxi_camera/stdout_stderr.log
-- Up-to-date symlink: /home/ueshiba/ros2_ws/install/aist_description/share/aist_description//devices/urdf/log/latest_build/aist_phoxi_camera/streams.log
-- Up-to-date symlink: /home/ueshiba/ros2_ws/install/aist_description/share/aist_description//devices/urdf/log/latest_build/aist_utility/command.log
-- Up-to-date symlink: /home/ueshiba/ros2_ws/install/aist_description/share/aist_description//devices/urdf/log/latest_build/aist_utility/stderr.log
-- Up-to-date symlink: /home/ueshiba/ros2_ws/install/aist_description/share/aist_description//devices/urdf/log/latest_build/aist_utility/stdout.log
-- Up-to-date symlink: /home/ueshiba/ros2_ws/install/aist_description/share/aist_description//devices/urdf/log/latest_build/aist_utility/stdout_stderr.log
-- Up-to-date symlink: /home/ueshiba/ros2_ws/install/aist_description/share/aist_description//devices/urdf/log/latest_build/aist_utility/streams.log
-- Up-to-date symlink: /home/ueshiba/ros2_ws/install/aist_description/share/aist_description//devices/urdf/log/latest_build/aruco/command.log
-- Up-to-date symlink: /home/ueshiba/ros2_ws/install/aist_description/share/aist_description//devices/urdf/log/latest_build/aruco/stderr.log
-- Up-to-date symlink: /home/ueshiba/ros2_ws/install/aist_description/share/aist_description//devices/urdf/log/latest_build/aruco/stdout.log
-- Up-to-date symlink: /home/ueshiba/ros2_ws/install/aist_description/share/aist_description//devices/urdf/log/latest_build/aruco/stdout_stderr.log
-- Up-to-date symlink: /home/ueshiba/ros2_ws/install/aist_description/share/aist_description//devices/urdf/log/latest_build/aruco/streams.log
-- Up-to-date symlink: /home/ueshiba/ros2_ws/install/aist_description/share/aist_description//devices/urdf/log/latest_build/aruco_msgs/command.log
-- Up-to-date symlink: /home/ueshiba/ros2_ws/install/aist_description/share/aist_description//devices/urdf/log/latest_build/aruco_msgs/stderr.log
-- Up-to-date symlink: /home/ueshiba/ros2_ws/install/aist_description/share/aist_description//devices/urdf/log/latest_build/aruco_msgs/stdout.log
-- Up-to-date symlink: /home/ueshiba/ros2_ws/install/aist_description/share/aist_description//devices/urdf/log/latest_build/aruco_msgs/stdout_stderr.log
-- Up-to-date symlink: /home/ueshiba/ros2_ws/install/aist_description/share/aist_description//devices/urdf/log/latest_build/aruco_msgs/streams.log
-- Up-to-date symlink: /home/ueshiba/ros2_ws/install/aist_description/share/aist_description//devices/urdf/log/latest_build/aruco_ros/command.log
-- Up-to-date symlink: /home/ueshiba/ros2_ws/install/aist_description/share/aist_description//devices/urdf/log/latest_build/aruco_ros/stderr.log
-- Up-to-date symlink: /home/ueshiba/ros2_ws/install/aist_description/share/aist_description//devices/urdf/log/latest_build/aruco_ros/stdout.log
-- Up-to-date symlink: /home/ueshiba/ros2_ws/install/aist_description/share/aist_description//devices/urdf/log/latest_build/aruco_ros/stdout_stderr.log
-- Up-to-date symlink: /home/ueshiba/ros2_ws/install/aist_description/share/aist_description//devices/urdf/log/latest_build/aruco_ros/streams.log
-- Up-to-date symlink: /home/ueshiba/ros2_ws/install/aist_description/share/aist_description//devices/urdf/log/latest_build/cu_bridge/command.log
-- Up-to-date symlink: /home/ueshiba/ros2_ws/install/aist_description/share/aist_description//devices/urdf/log/latest_build/cu_bridge/stderr.log
-- Up-to-date symlink: /home/ueshiba/ros2_ws/install/aist_description/share/aist_description//devices/urdf/log/latest_build/cu_bridge/stdout.log
-- Up-to-date symlink: /home/ueshiba/ros2_ws/install/aist_description/share/aist_description//devices/urdf/log/latest_build/cu_bridge/stdout_stderr.log
-- Up-to-date symlink: /home/ueshiba/ros2_ws/install/aist_description/share/aist_description//devices/urdf/log/latest_build/cu_bridge/streams.log
-- Up-to-date symlink: /home/ueshiba/ros2_ws/install/aist_description/share/aist_description//devices/urdf/log/latest_build/ddynamic_reconfigure2/command.log
-- Up-to-date symlink: /home/ueshiba/ros2_ws/install/aist_description/share/aist_description//devices/urdf/log/latest_build/ddynamic_reconfigure2/stderr.log
-- Up-to-date symlink: /home/ueshiba/ros2_ws/install/aist_description/share/aist_description//devices/urdf/log/latest_build/ddynamic_reconfigure2/stdout.log
-- Up-to-date symlink: /home/ueshiba/ros2_ws/install/aist_description/share/aist_description//devices/urdf/log/latest_build/ddynamic_reconfigure2/stdout_stderr.log
-- Up-to-date symlink: /home/ueshiba/ros2_ws/install/aist_description/share/aist_description//devices/urdf/log/latest_build/ddynamic_reconfigure2/streams.log
-- Up-to-date symlink: /home/ueshiba/ros2_ws/install/aist_description/share/aist_description//devices/urdf/log/latest_build/events.log
-- Up-to-date symlink: /home/ueshiba/ros2_ws/install/aist_description/share/aist_description//devices/urdf/log/latest_build/logger_all.log
-- Up-to-date symlink: /home/ueshiba/ros2_ws/install/aist_description/share/aist_description//devices/urdf/log/latest_build/realsense2_camera/command.log
-- Up-to-date symlink: /home/ueshiba/ros2_ws/install/aist_description/share/aist_description//devices/urdf/log/latest_build/realsense2_camera/stderr.log
-- Up-to-date symlink: /home/ueshiba/ros2_ws/install/aist_description/share/aist_description//devices/urdf/log/latest_build/realsense2_camera/stdout.log
-- Up-to-date symlink: /home/ueshiba/ros2_ws/install/aist_description/share/aist_description//devices/urdf/log/latest_build/realsense2_camera/stdout_stderr.log
-- Up-to-date symlink: /home/ueshiba/ros2_ws/install/aist_description/share/aist_description//devices/urdf/log/latest_build/realsense2_camera/streams.log
-- Up-to-date symlink: /home/ueshiba/ros2_ws/install/aist_description/share/aist_description//devices/urdf/log/latest_build/realsense2_camera_msgs/command.log
-- Up-to-date symlink: /home/ueshiba/ros2_ws/install/aist_description/share/aist_description//devices/urdf/log/latest_build/realsense2_camera_msgs/stderr.log
-- Up-to-date symlink: /home/ueshiba/ros2_ws/install/aist_description/share/aist_description//devices/urdf/log/latest_build/realsense2_camera_msgs/stdout.log
-- Up-to-date symlink: /home/ueshiba/ros2_ws/install/aist_description/share/aist_description//devices/urdf/log/latest_build/realsense2_camera_msgs/stdout_stderr.log
-- Up-to-date symlink: /home/ueshiba/ros2_ws/install/aist_description/share/aist_description//devices/urdf/log/latest_build/realsense2_camera_msgs/streams.log
-- Up-to-date symlink: /home/ueshiba/ros2_ws/install/aist_description/share/aist_description//devices/urdf/log/latest_build/realsense2_description/command.log
-- Up-to-date symlink: /home/ueshiba/ros2_ws/install/aist_description/share/aist_description//devices/urdf/log/latest_build/realsense2_description/stderr.log
-- Up-to-date symlink: /home/ueshiba/ros2_ws/install/aist_description/share/aist_description//devices/urdf/log/latest_build/realsense2_description/stdout.log
-- Up-to-date symlink: /home/ueshiba/ros2_ws/install/aist_description/share/aist_description//devices/urdf/log/latest_build/realsense2_description/stdout_stderr.log
-- Up-to-date symlink: /home/ueshiba/ros2_ws/install/aist_description/share/aist_description//devices/urdf/log/latest_build/realsense2_description/streams.log
-- Up-to-date symlink: /home/ueshiba/ros2_ws/install/aist_description/share/aist_description//devices/urdf/log/latest_build/rqt_reconfigure/command.log
-- Up-to-date symlink: /home/ueshiba/ros2_ws/install/aist_description/share/aist_description//devices/urdf/log/latest_build/rqt_reconfigure/stderr.log
-- Up-to-date symlink: /home/ueshiba/ros2_ws/install/aist_description/share/aist_description//devices/urdf/log/latest_build/rqt_reconfigure/stdout.log
-- Up-to-date symlink: /home/ueshiba/ros2_ws/install/aist_description/share/aist_description//devices/urdf/log/latest_build/rqt_reconfigure/stdout_stderr.log
-- Up-to-date symlink: /home/ueshiba/ros2_ws/install/aist_description/share/aist_description//devices/urdf/log/latest_build/rqt_reconfigure/streams.log
-- Up-to-date symlink: /home/ueshiba/ros2_ws/install/aist_description/share/aist_description//devices/urdf/rs007l.urdf
-- Up-to-date symlink: /home/ueshiba/ros2_ws/install/aist_description/share/aist_description//devices/urdf/rs007l.urdf.xacro
-- Up-to-date symlink: /home/ueshiba/ros2_ws/install/aist_description/share/aist_description//devices/urdf/single_suction_gripper.urdf
-- Up-to-date symlink: /home/ueshiba/ros2_ws/install/aist_description/share/aist_description//devices/urdf/single_suction_gripper.urdf.xacro
-- Up-to-date symlink: /home/ueshiba/ros2_ws/install/aist_description/share/aist_description//devices/urdf/torobo_arm.urdf.xacro
-- Up-to-date symlink: /home/ueshiba/ros2_ws/install/aist_description/share/aist_description//devices/urdf/torobo_gripper.urdf.xacro
-- Up-to-date symlink: /home/ueshiba/ros2_ws/install/aist_description/share/aist_description//devices/urdf/wrist_cameras.urdf
-- Up-to-date symlink: /home/ueshiba/ros2_ws/install/aist_description/share/aist_description//devices/urdf/wrist_cameras.urdf.xacro
-- Up-to-date symlink: /home/ueshiba/ros2_ws/install/aist_description/share/aist_description//devices/urdf/wrist_d435.urdf
-- Up-to-date symlink: /home/ueshiba/ros2_ws/install/aist_description/share/aist_description//devices/urdf/wrist_d435.urdf.xacro
-- Up-to-date symlink: /home/ueshiba/ros2_ws/install/aist_description/share/aist_description//devices/urdf/zivid2plus.urdf
-- Up-to-date symlink: /home/ueshiba/ros2_ws/install/aist_description/share/aist_description//devices/urdf/zivid2plus.urdf.xacro
-- Up-to-date symlink: /home/ueshiba/ros2_ws/install/aist_description/share/aist_description//devices/urdf/zivid_coupling.urdf
-- Up-to-date symlink: /home/ueshiba/ros2_ws/install/aist_description/share/aist_description//devices/urdf/zivid_coupling.urdf.xacro
-- Up-to-date symlink: /home/ueshiba/ros2_ws/install/aist_description/share/aist_description//objects/meshes/precision_tool_holder.stl
-- Up-to-date symlink: /home/ueshiba/ros2_ws/install/aist_description/share/aist_description//objects/meshes/screw_tool_holder.stl
-- Up-to-date symlink: /home/ueshiba/ros2_ws/install/aist_description/share/aist_description//objects/meshes/suction_tool_holder.stl
-- Up-to-date symlink: /home/ueshiba/ros2_ws/install/aist_description/share/aist_description//objects/urdf/aist_box.urdf
-- Up-to-date symlink: /home/ueshiba/ros2_ws/install/aist_description/share/aist_description//objects/urdf/aist_box.urdf.xacro
-- Up-to-date symlink: /home/ueshiba/ros2_ws/install/aist_description/share/aist_description//objects/urdf/cabinet.urdf
-- Up-to-date symlink: /home/ueshiba/ros2_ws/install/aist_description/share/aist_description//objects/urdf/cabinet.urdf.xacro
-- Up-to-date symlink: /home/ueshiba/ros2_ws/install/aist_description/share/aist_description//objects/urdf/cage.urdf
-- Up-to-date symlink: /home/ueshiba/ros2_ws/install/aist_description/share/aist_description//objects/urdf/cage.urdf.xacro
-- Up-to-date symlink: /home/ueshiba/ros2_ws/install/aist_description/share/aist_description//objects/urdf/precision_tool_holder.urdf
-- Up-to-date symlink: /home/ueshiba/ros2_ws/install/aist_description/share/aist_description//objects/urdf/precision_tool_holder.urdf.xacro
-- Up-to-date symlink: /home/ueshiba/ros2_ws/install/aist_description/share/aist_description//objects/urdf/screw_tool_holder.urdf
-- Up-to-date symlink: /home/ueshiba/ros2_ws/install/aist_description/share/aist_description//objects/urdf/screw_tool_holder.urdf.xacro
-- Up-to-date symlink: /home/ueshiba/ros2_ws/install/aist_description/share/aist_description//objects/urdf/suction_tool_holder.urdf
-- Up-to-date symlink: /home/ueshiba/ros2_ws/install/aist_description/share/aist_description//objects/urdf/suction_tool_holder.urdf.xacro
-- Up-to-date symlink: /home/ueshiba/ros2_ws/install/aist_description/share/aist_description//objects/urdf/table.urdf
-- Up-to-date symlink: /home/ueshiba/ros2_ws/install/aist_description/share/aist_description//objects/urdf/table.urdf.xacro
-- Up-to-date symlink: /home/ueshiba/ros2_ws/install/aist_description/share/aist_description//objects/urdf/tray.urdf
-- Up-to-date symlink: /home/ueshiba/ros2_ws/install/aist_description/share/aist_description//objects/urdf/tray.urdf.xacro
-- Up-to-date symlink: /home/ueshiba/ros2_ws/install/aist_description/share/aist_description//parts/config/object_metadata/base.yaml
-- Up-to-date symlink: /home/ueshiba/ros2_ws/install/aist_description/share/aist_description//parts/config/object_metadata/bearing.yaml
-- Up-to-date symlink: /home/ueshiba/ros2_ws/install/aist_description/share/aist_description//parts/config/object_metadata/bearing_spacer.yaml
-- Up-to-date symlink: /home/ueshiba/ros2_ws/install/aist_description/share/aist_description//parts/config/object_metadata/end_cap.yaml
-- Up-to-date symlink: /home/ueshiba/ros2_ws/install/aist_description/share/aist_description//parts/config/object_metadata/idler_pin.yaml
-- Up-to-date symlink: /home/ueshiba/ros2_ws/install/aist_description/share/aist_description//parts/config/object_metadata/idler_pulley.yaml
-- Up-to-date symlink: /home/ueshiba/ros2_ws/install/aist_description/share/aist_description//parts/config/object_metadata/idler_spacer.yaml
-- Up-to-date symlink: /home/ueshiba/ros2_ws/install/aist_description/share/aist_description//parts/config/object_metadata/m4_screw.yaml
-- Up-to-date symlink: /home/ueshiba/ros2_ws/install/aist_description/share/aist_description//parts/config/object_metadata/m6_nut.yaml
-- Up-to-date symlink: /home/ueshiba/ros2_ws/install/aist_description/share/aist_description//parts/config/object_metadata/m6_washer.yaml
-- Up-to-date symlink: /home/ueshiba/ros2_ws/install/aist_description/share/aist_description//parts/config/object_metadata/motor.yaml
-- Up-to-date symlink: /home/ueshiba/ros2_ws/install/aist_description/share/aist_description//parts/config/object_metadata/motor_pulley.yaml
-- Up-to-date symlink: /home/ueshiba/ros2_ws/install/aist_description/share/aist_description//parts/config/object_metadata/output_pulley.yaml
-- Up-to-date symlink: /home/ueshiba/ros2_ws/install/aist_description/share/aist_description//parts/config/object_metadata/panel_bearing.yaml
-- Up-to-date symlink: /home/ueshiba/ros2_ws/install/aist_description/share/aist_description//parts/config/object_metadata/panel_motor.yaml
-- Up-to-date symlink: /home/ueshiba/ros2_ws/install/aist_description/share/aist_description//parts/config/object_metadata/shaft.yaml
-- Up-to-date symlink: /home/ueshiba/ros2_ws/install/aist_description/share/aist_description//parts/config/parts_list.yaml
-- Up-to-date symlink: /home/ueshiba/ros2_ws/install/aist_description/share/aist_description//parts/config/parts_wrs2021.yaml
-- Up-to-date symlink: /home/ueshiba/ros2_ws/install/aist_description/share/aist_description//parts/meshes/.gitignore
-- Up-to-date symlink: /home/ueshiba/ros2_ws/install/aist_description/share/aist_description//parts/meshes/01-BASE-suprising.STL
-- Up-to-date symlink: /home/ueshiba/ros2_ws/install/aist_description/share/aist_description//parts/meshes/01-BASE.stl
-- Up-to-date symlink: /home/ueshiba/ros2_ws/install/aist_description/share/aist_description//parts/meshes/02-PANEL.stl
-- Up-to-date symlink: /home/ueshiba/ros2_ws/install/aist_description/share/aist_description//parts/meshes/03-PANEL2.stl
-- Up-to-date symlink: /home/ueshiba/ros2_ws/install/aist_description/share/aist_description//parts/meshes/04_37D-GEARMOTOR-50-70.stl
-- Up-to-date symlink: /home/ueshiba/ros2_ws/install/aist_description/share/aist_description//parts/meshes/05_MBRFA30-2-P6.stl
-- Up-to-date symlink: /home/ueshiba/ros2_ws/install/aist_description/share/aist_description//parts/meshes/06_MBT4-400.stl
-- Up-to-date symlink: /home/ueshiba/ros2_ws/install/aist_description/share/aist_description//parts/meshes/07_SBARB6200ZZ_30.stl
-- Up-to-date symlink: /home/ueshiba/ros2_ws/install/aist_description/share/aist_description//parts/meshes/08_KZAF1075NA4WA55GA20AA0.stl
-- Up-to-date symlink: /home/ueshiba/ros2_ws/install/aist_description/share/aist_description//parts/meshes/09_EDCS10.stl
-- Up-to-date symlink: /home/ueshiba/ros2_ws/install/aist_description/share/aist_description//parts/meshes/100-ROBOTIQ_CALIB_MARKER.stl
-- Up-to-date symlink: /home/ueshiba/ros2_ws/install/aist_description/share/aist_description//parts/meshes/100_robotiq_calib_marker.stl
-- Up-to-date symlink: /home/ueshiba/ros2_ws/install/aist_description/share/aist_description//parts/meshes/101-SUCTION_CALIB_MARKER.stl
-- Up-to-date symlink: /home/ueshiba/ros2_ws/install/aist_description/share/aist_description//parts/meshes/102_CalTarget15.stl
-- Up-to-date symlink: /home/ueshiba/ros2_ws/install/aist_description/share/aist_description//parts/meshes/10_CLBPS10_17_4.stl
-- Up-to-date symlink: /home/ueshiba/ros2_ws/install/aist_description/share/aist_description//parts/meshes/11_MBRAC60-2-10.stl
-- Up-to-date symlink: /home/ueshiba/ros2_ws/install/aist_description/share/aist_description//parts/meshes/12_CLBUS6-9-9.5.stl
-- Up-to-date symlink: /home/ueshiba/ros2_ws/install/aist_description/share/aist_description//parts/meshes/13_MBGA30-2.stl
-- Up-to-date symlink: /home/ueshiba/ros2_ws/install/aist_description/share/aist_description//parts/meshes/14_BGPSL6-9-L30-F8.stl
-- Up-to-date symlink: /home/ueshiba/ros2_ws/install/aist_description/share/aist_description//parts/meshes/15_SLBNR6.stl
-- Up-to-date symlink: /home/ueshiba/ros2_ws/install/aist_description/share/aist_description//parts/meshes/16_SPWF6.stl
-- Up-to-date symlink: /home/ueshiba/ros2_ws/install/aist_description/share/aist_description//parts/meshes/17_SCB4-10.stl
-- Up-to-date symlink: /home/ueshiba/ros2_ws/install/aist_description/share/aist_description//parts/meshes/18_SCB3-10.stl
-- Up-to-date symlink: /home/ueshiba/ros2_ws/install/aist_description/share/aist_description//parts/meshes/19_MSSFS3-6.stl
-- Up-to-date symlink: /home/ueshiba/ros2_ws/install/aist_description/share/aist_description//parts/meshes/32_MBRFA40-2-P6.dae
-- Up-to-date symlink: /home/ueshiba/ros2_ws/install/aist_description/share/aist_description//parts/meshes/32_MBRFA40-2-P6.stl
-- Up-to-date symlink: /home/ueshiba/ros2_ws/install/aist_description/share/aist_description//parts/meshes/32_MBRFA40-2-P6.vhacd.dae
-- Up-to-date symlink: /home/ueshiba/ros2_ws/install/aist_description/share/aist_description//parts/meshes/33_MBRFA45-2-P6.dae
-- Up-to-date symlink: /home/ueshiba/ros2_ws/install/aist_description/share/aist_description//parts/meshes/33_MBRFA45-2-P6.stl
-- Up-to-date symlink: /home/ueshiba/ros2_ws/install/aist_description/share/aist_description//parts/meshes/33_MBRFA45-2-P6.vhacd.dae
-- Up-to-date symlink: /home/ueshiba/ros2_ws/install/aist_description/share/aist_description//parts/meshes/34_MBRFA48-2-P6.dae
-- Up-to-date symlink: /home/ueshiba/ros2_ws/install/aist_description/share/aist_description//parts/meshes/34_MBRFA48-2-P6.stl
-- Up-to-date symlink: /home/ueshiba/ros2_ws/install/aist_description/share/aist_description//parts/meshes/34_MBRFA48-2-P6.vhacd.dae
-- Up-to-date symlink: /home/ueshiba/ros2_ws/install/aist_description/share/aist_description//parts/meshes/35_MBRAC45-2-10.dae
-- Up-to-date symlink: /home/ueshiba/ros2_ws/install/aist_description/share/aist_description//parts/meshes/35_MBRAC45-2-10.stl
-- Up-to-date symlink: /home/ueshiba/ros2_ws/install/aist_description/share/aist_description//parts/meshes/35_MBRAC45-2-10.vhacd.dae
-- Up-to-date symlink: /home/ueshiba/ros2_ws/install/aist_description/share/aist_description//parts/meshes/36_MBRAC48-2-10.dae
-- Up-to-date symlink: /home/ueshiba/ros2_ws/install/aist_description/share/aist_description//parts/meshes/36_MBRAC48-2-10.stl
-- Up-to-date symlink: /home/ueshiba/ros2_ws/install/aist_description/share/aist_description//parts/meshes/36_MBRAC48-2-10.vhacd.dae
-- Up-to-date symlink: /home/ueshiba/ros2_ws/install/aist_description/share/aist_description//parts/meshes/37_MBRAC80-2-10.dae
-- Up-to-date symlink: /home/ueshiba/ros2_ws/install/aist_description/share/aist_description//parts/meshes/37_MBRAC80-2-10.stl
-- Up-to-date symlink: /home/ueshiba/ros2_ws/install/aist_description/share/aist_description//parts/meshes/37_MBRAC80-2-10.vhacd.dae
-- Up-to-date symlink: /home/ueshiba/ros2_ws/install/aist_description/share/aist_description//parts/meshes/50_MBGNA30-2.stl
-- Up-to-date symlink: /home/ueshiba/ros2_ws/install/aist_description/share/aist_description//parts/meshes/51_MBGNA60-2.stl
-- Up-to-date symlink: /home/ueshiba/ros2_ws/install/aist_description/share/aist_description//parts/urdf/.gitignore
-- Up-to-date symlink: /home/ueshiba/ros2_ws/install/aist_description/share/aist_description//parts/urdf/templates/template.urdf
-- Up-to-date symlink: /home/ueshiba/ros2_ws/install/aist_description/share/aist_description//parts/urdf/templates/template.urdf.xacro
-- Up-to-date symlink: /home/ueshiba/ros2_ws/install/aist_description/share/aist_description//scenes/urdf/a_bot_base_scene.urdf.xacro
-- Up-to-date symlink: /home/ueshiba/ros2_ws/install/aist_description/share/aist_description//scenes/urdf/a_bot_calibration.urdf.xacro
-- Up-to-date symlink: /home/ueshiba/ros2_ws/install/aist_description/share/aist_description//scenes/urdf/aist_base_scene.urdf.xacro
-- Up-to-date symlink: /home/ueshiba/ros2_ws/install/aist_description/share/aist_description//scenes/urdf/b_bot_base_scene.urdf.xacro
-- Up-to-date symlink: /home/ueshiba/ros2_ws/install/aist_description/share/aist_description//scenes/urdf/b_bot_calibration.urdf.xacro
-- Up-to-date symlink: /home/ueshiba/ros2_ws/install/aist_description/share/aist_description//scenes/urdf/calibration.urdf.xacro
-- Up-to-date symlink: /home/ueshiba/ros2_ws/install/aist_description/share/aist_description//scenes/urdf/ceatec.urdf.xacro
-- Up-to-date symlink: /home/ueshiba/ros2_ws/install/aist_description/share/aist_description//scenes/urdf/ceatec_environment.urdf.xacro
-- Up-to-date symlink: /home/ueshiba/ros2_ws/install/aist_description/share/aist_description//scenes/urdf/diiwa_base_scene.urdf.xacro
-- Up-to-date symlink: /home/ueshiba/ros2_ws/install/aist_description/share/aist_description//scenes/urdf/dkhi_base_scene.urdf.xacro
-- Up-to-date symlink: /home/ueshiba/ros2_ws/install/aist_description/share/aist_description//scenes/urdf/dtorobo_base_scene.urdf.xacro
-- Up-to-date symlink: /home/ueshiba/ros2_ws/install/aist_description/share/aist_description//scenes/urdf/dur5e_base_scene.urdf.xacro
-- Up-to-date symlink: /home/ueshiba/ros2_ws/install/aist_description/share/aist_description//scenes/urdf/dur5e_calibration.urdf.xacro
-- Up-to-date symlink: /home/ueshiba/ros2_ws/install/aist_description/share/aist_description//scenes/urdf/f_bot_base_scene.urdf.xacro
-- Up-to-date symlink: /home/ueshiba/ros2_ws/install/aist_description/share/aist_description//scenes/urdf/f_bot_calibration.urdf.xacro
-- Up-to-date symlink: /home/ueshiba/ros2_ws/install/aist_description/share/aist_description//scenes/urdf/fetch_base_scene.urdf.xacro
-- Up-to-date symlink: /home/ueshiba/ros2_ws/install/aist_description/share/aist_description//scenes/urdf/fvision_base_scene.urdf.xacro
-- Up-to-date symlink: /home/ueshiba/ros2_ws/install/aist_description/share/aist_description//scenes/urdf/fvision_calibration.urdf.xacro
-- Up-to-date symlink: /home/ueshiba/ros2_ws/install/aist_description/share/aist_description//scenes/urdf/g_bot_base_scene.urdf.xacro
-- Up-to-date symlink: /home/ueshiba/ros2_ws/install/aist_description/share/aist_description//scenes/urdf/g_bot_calibration.urdf.xacro
-- Up-to-date symlink: /home/ueshiba/ros2_ws/install/aist_description/share/aist_description//scenes/urdf/iiwa14.urdf
-- Up-to-date symlink: /home/ueshiba/ros2_ws/install/aist_description/share/aist_description//scenes/urdf/iiwa_base_scene.urdf.xacro
-- Up-to-date symlink: /home/ueshiba/ros2_ws/install/aist_description/share/aist_description//scenes/urdf/kitting.urdf.xacro
-- Up-to-date symlink: /home/ueshiba/ros2_ws/install/aist_description/share/aist_description//scenes/urdf/load_calibration.urdf.xacro
-- Up-to-date symlink: /home/ueshiba/ros2_ws/install/aist_description/share/aist_description//scenes/urdf/log/COLCON_IGNORE
-- Up-to-date symlink: /home/ueshiba/ros2_ws/install/aist_description/share/aist_description//scenes/urdf/log/build_2024-06-22_18-43-52/aist_aruco_msgs/command.log
-- Up-to-date symlink: /home/ueshiba/ros2_ws/install/aist_description/share/aist_description//scenes/urdf/log/build_2024-06-22_18-43-52/aist_aruco_msgs/stderr.log
-- Up-to-date symlink: /home/ueshiba/ros2_ws/install/aist_description/share/aist_description//scenes/urdf/log/build_2024-06-22_18-43-52/aist_aruco_msgs/stdout.log
-- Up-to-date symlink: /home/ueshiba/ros2_ws/install/aist_description/share/aist_description//scenes/urdf/log/build_2024-06-22_18-43-52/aist_aruco_msgs/stdout_stderr.log
-- Up-to-date symlink: /home/ueshiba/ros2_ws/install/aist_description/share/aist_description//scenes/urdf/log/build_2024-06-22_18-43-52/aist_aruco_msgs/streams.log
-- Up-to-date symlink: /home/ueshiba/ros2_ws/install/aist_description/share/aist_description//scenes/urdf/log/build_2024-06-22_18-43-52/aist_description/command.log
-- Up-to-date symlink: /home/ueshiba/ros2_ws/install/aist_description/share/aist_description//scenes/urdf/log/build_2024-06-22_18-43-52/aist_description/stderr.log
-- Up-to-date symlink: /home/ueshiba/ros2_ws/install/aist_description/share/aist_description//scenes/urdf/log/build_2024-06-22_18-43-52/aist_description/stdout.log
-- Up-to-date symlink: /home/ueshiba/ros2_ws/install/aist_description/share/aist_description//scenes/urdf/log/build_2024-06-22_18-43-52/aist_description/stdout_stderr.log
-- Up-to-date symlink: /home/ueshiba/ros2_ws/install/aist_description/share/aist_description//scenes/urdf/log/build_2024-06-22_18-43-52/aist_description/streams.log
-- Up-to-date symlink: /home/ueshiba/ros2_ws/install/aist_description/share/aist_description//scenes/urdf/log/build_2024-06-22_18-43-52/aist_handeye_calibration_msgs/command.log
-- Up-to-date symlink: /home/ueshiba/ros2_ws/install/aist_description/share/aist_description//scenes/urdf/log/build_2024-06-22_18-43-52/aist_handeye_calibration_msgs/stderr.log
-- Up-to-date symlink: /home/ueshiba/ros2_ws/install/aist_description/share/aist_description//scenes/urdf/log/build_2024-06-22_18-43-52/aist_handeye_calibration_msgs/stdout.log
-- Up-to-date symlink: /home/ueshiba/ros2_ws/install/aist_description/share/aist_description//scenes/urdf/log/build_2024-06-22_18-43-52/aist_handeye_calibration_msgs/stdout_stderr.log
-- Up-to-date symlink: /home/ueshiba/ros2_ws/install/aist_description/share/aist_description//scenes/urdf/log/build_2024-06-22_18-43-52/aist_handeye_calibration_msgs/streams.log
-- Up-to-date symlink: /home/ueshiba/ros2_ws/install/aist_description/share/aist_description//scenes/urdf/log/build_2024-06-22_18-43-52/aist_msgs/command.log
-- Up-to-date symlink: /home/ueshiba/ros2_ws/install/aist_description/share/aist_description//scenes/urdf/log/build_2024-06-22_18-43-52/aist_msgs/stderr.log
-- Up-to-date symlink: /home/ueshiba/ros2_ws/install/aist_description/share/aist_description//scenes/urdf/log/build_2024-06-22_18-43-52/aist_msgs/stdout.log
-- Up-to-date symlink: /home/ueshiba/ros2_ws/install/aist_description/share/aist_description//scenes/urdf/log/build_2024-06-22_18-43-52/aist_msgs/stdout_stderr.log
-- Up-to-date symlink: /home/ueshiba/ros2_ws/install/aist_description/share/aist_description//scenes/urdf/log/build_2024-06-22_18-43-52/aist_msgs/streams.log
-- Up-to-date symlink: /home/ueshiba/ros2_ws/install/aist_description/share/aist_description//scenes/urdf/log/build_2024-06-22_18-43-52/aruco/command.log
-- Up-to-date symlink: /home/ueshiba/ros2_ws/install/aist_description/share/aist_description//scenes/urdf/log/build_2024-06-22_18-43-52/aruco/stderr.log
-- Up-to-date symlink: /home/ueshiba/ros2_ws/install/aist_description/share/aist_description//scenes/urdf/log/build_2024-06-22_18-43-52/aruco/stdout.log
-- Up-to-date symlink: /home/ueshiba/ros2_ws/install/aist_description/share/aist_description//scenes/urdf/log/build_2024-06-22_18-43-52/aruco/stdout_stderr.log
-- Up-to-date symlink: /home/ueshiba/ros2_ws/install/aist_description/share/aist_description//scenes/urdf/log/build_2024-06-22_18-43-52/aruco/streams.log
-- Up-to-date symlink: /home/ueshiba/ros2_ws/install/aist_description/share/aist_description//scenes/urdf/log/build_2024-06-22_18-43-52/aruco_msgs/command.log
-- Up-to-date symlink: /home/ueshiba/ros2_ws/install/aist_description/share/aist_description//scenes/urdf/log/build_2024-06-22_18-43-52/aruco_msgs/stderr.log
-- Up-to-date symlink: /home/ueshiba/ros2_ws/install/aist_description/share/aist_description//scenes/urdf/log/build_2024-06-22_18-43-52/aruco_msgs/stdout.log
-- Up-to-date symlink: /home/ueshiba/ros2_ws/install/aist_description/share/aist_description//scenes/urdf/log/build_2024-06-22_18-43-52/aruco_msgs/stdout_stderr.log
-- Up-to-date symlink: /home/ueshiba/ros2_ws/install/aist_description/share/aist_description//scenes/urdf/log/build_2024-06-22_18-43-52/aruco_msgs/streams.log
-- Up-to-date symlink: /home/ueshiba/ros2_ws/install/aist_description/share/aist_description//scenes/urdf/log/build_2024-06-22_18-43-52/ddynamic_reconfigure2/command.log
-- Up-to-date symlink: /home/ueshiba/ros2_ws/install/aist_description/share/aist_description//scenes/urdf/log/build_2024-06-22_18-43-52/ddynamic_reconfigure2/stderr.log
-- Up-to-date symlink: /home/ueshiba/ros2_ws/install/aist_description/share/aist_description//scenes/urdf/log/build_2024-06-22_18-43-52/ddynamic_reconfigure2/stdout.log
-- Up-to-date symlink: /home/ueshiba/ros2_ws/install/aist_description/share/aist_description//scenes/urdf/log/build_2024-06-22_18-43-52/ddynamic_reconfigure2/stdout_stderr.log
-- Up-to-date symlink: /home/ueshiba/ros2_ws/install/aist_description/share/aist_description//scenes/urdf/log/build_2024-06-22_18-43-52/ddynamic_reconfigure2/streams.log
-- Up-to-date symlink: /home/ueshiba/ros2_ws/install/aist_description/share/aist_description//scenes/urdf/log/build_2024-06-22_18-43-52/events.log
-- Up-to-date symlink: /home/ueshiba/ros2_ws/install/aist_description/share/aist_description//scenes/urdf/log/build_2024-06-22_18-43-52/logger_all.log
-- Up-to-date symlink: /home/ueshiba/ros2_ws/install/aist_description/share/aist_description//scenes/urdf/log/build_2024-06-22_18-43-52/realsense2_camera_msgs/command.log
-- Up-to-date symlink: /home/ueshiba/ros2_ws/install/aist_description/share/aist_description//scenes/urdf/log/build_2024-06-22_18-43-52/realsense2_camera_msgs/stderr.log
-- Up-to-date symlink: /home/ueshiba/ros2_ws/install/aist_description/share/aist_description//scenes/urdf/log/build_2024-06-22_18-43-52/realsense2_camera_msgs/stdout.log
-- Up-to-date symlink: /home/ueshiba/ros2_ws/install/aist_description/share/aist_description//scenes/urdf/log/build_2024-06-22_18-43-52/realsense2_camera_msgs/stdout_stderr.log
-- Up-to-date symlink: /home/ueshiba/ros2_ws/install/aist_description/share/aist_description//scenes/urdf/log/build_2024-06-22_18-43-52/realsense2_camera_msgs/streams.log
-- Up-to-date symlink: /home/ueshiba/ros2_ws/install/aist_description/share/aist_description//scenes/urdf/log/build_2024-06-22_18-44-56/aist_aruco_msgs/command.log
-- Up-to-date symlink: /home/ueshiba/ros2_ws/install/aist_description/share/aist_description//scenes/urdf/log/build_2024-06-22_18-44-56/aist_aruco_msgs/stderr.log
-- Up-to-date symlink: /home/ueshiba/ros2_ws/install/aist_description/share/aist_description//scenes/urdf/log/build_2024-06-22_18-44-56/aist_aruco_msgs/stdout.log
-- Up-to-date symlink: /home/ueshiba/ros2_ws/install/aist_description/share/aist_description//scenes/urdf/log/build_2024-06-22_18-44-56/aist_aruco_msgs/stdout_stderr.log
-- Up-to-date symlink: /home/ueshiba/ros2_ws/install/aist_description/share/aist_description//scenes/urdf/log/build_2024-06-22_18-44-56/aist_aruco_msgs/streams.log
-- Up-to-date symlink: /home/ueshiba/ros2_ws/install/aist_description/share/aist_description//scenes/urdf/log/build_2024-06-22_18-44-56/aist_description/command.log
-- Up-to-date symlink: /home/ueshiba/ros2_ws/install/aist_description/share/aist_description//scenes/urdf/log/build_2024-06-22_18-44-56/aist_description/stderr.log
-- Up-to-date symlink: /home/ueshiba/ros2_ws/install/aist_description/share/aist_description//scenes/urdf/log/build_2024-06-22_18-44-56/aist_description/stdout.log
-- Up-to-date symlink: /home/ueshiba/ros2_ws/install/aist_description/share/aist_description//scenes/urdf/log/build_2024-06-22_18-44-56/aist_description/stdout_stderr.log
-- Up-to-date symlink: /home/ueshiba/ros2_ws/install/aist_description/share/aist_description//scenes/urdf/log/build_2024-06-22_18-44-56/aist_description/streams.log
-- Up-to-date symlink: /home/ueshiba/ros2_ws/install/aist_description/share/aist_description//scenes/urdf/log/build_2024-06-22_18-44-56/aist_handeye_calibration_msgs/command.log
-- Up-to-date symlink: /home/ueshiba/ros2_ws/install/aist_description/share/aist_description//scenes/urdf/log/build_2024-06-22_18-44-56/aist_handeye_calibration_msgs/stderr.log
-- Up-to-date symlink: /home/ueshiba/ros2_ws/install/aist_description/share/aist_description//scenes/urdf/log/build_2024-06-22_18-44-56/aist_handeye_calibration_msgs/stdout.log
-- Up-to-date symlink: /home/ueshiba/ros2_ws/install/aist_description/share/aist_description//scenes/urdf/log/build_2024-06-22_18-44-56/aist_handeye_calibration_msgs/stdout_stderr.log
-- Up-to-date symlink: /home/ueshiba/ros2_ws/install/aist_description/share/aist_description//scenes/urdf/log/build_2024-06-22_18-44-56/aist_handeye_calibration_msgs/streams.log
-- Up-to-date symlink: /home/ueshiba/ros2_ws/install/aist_description/share/aist_description//scenes/urdf/log/build_2024-06-22_18-44-56/aist_msgs/command.log
-- Up-to-date symlink: /home/ueshiba/ros2_ws/install/aist_description/share/aist_description//scenes/urdf/log/build_2024-06-22_18-44-56/aist_msgs/stderr.log
-- Up-to-date symlink: /home/ueshiba/ros2_ws/install/aist_description/share/aist_description//scenes/urdf/log/build_2024-06-22_18-44-56/aist_msgs/stdout.log
-- Up-to-date symlink: /home/ueshiba/ros2_ws/install/aist_description/share/aist_description//scenes/urdf/log/build_2024-06-22_18-44-56/aist_msgs/stdout_stderr.log
-- Up-to-date symlink: /home/ueshiba/ros2_ws/install/aist_description/share/aist_description//scenes/urdf/log/build_2024-06-22_18-44-56/aist_msgs/streams.log
-- Up-to-date symlink: /home/ueshiba/ros2_ws/install/aist_description/share/aist_description//scenes/urdf/log/build_2024-06-22_18-44-56/aruco/command.log
-- Up-to-date symlink: /home/ueshiba/ros2_ws/install/aist_description/share/aist_description//scenes/urdf/log/build_2024-06-22_18-44-56/aruco/stderr.log
-- Up-to-date symlink: /home/ueshiba/ros2_ws/install/aist_description/share/aist_description//scenes/urdf/log/build_2024-06-22_18-44-56/aruco/stdout.log
-- Up-to-date symlink: /home/ueshiba/ros2_ws/install/aist_description/share/aist_description//scenes/urdf/log/build_2024-06-22_18-44-56/aruco/stdout_stderr.log
-- Up-to-date symlink: /home/ueshiba/ros2_ws/install/aist_description/share/aist_description//scenes/urdf/log/build_2024-06-22_18-44-56/aruco/streams.log
-- Up-to-date symlink: /home/ueshiba/ros2_ws/install/aist_description/share/aist_description//scenes/urdf/log/build_2024-06-22_18-44-56/aruco_msgs/command.log
-- Up-to-date symlink: /home/ueshiba/ros2_ws/install/aist_description/share/aist_description//scenes/urdf/log/build_2024-06-22_18-44-56/aruco_msgs/stderr.log
-- Up-to-date symlink: /home/ueshiba/ros2_ws/install/aist_description/share/aist_description//scenes/urdf/log/build_2024-06-22_18-44-56/aruco_msgs/stdout.log
-- Up-to-date symlink: /home/ueshiba/ros2_ws/install/aist_description/share/aist_description//scenes/urdf/log/build_2024-06-22_18-44-56/aruco_msgs/stdout_stderr.log
-- Up-to-date symlink: /home/ueshiba/ros2_ws/install/aist_description/share/aist_description//scenes/urdf/log/build_2024-06-22_18-44-56/aruco_msgs/streams.log
-- Up-to-date symlink: /home/ueshiba/ros2_ws/install/aist_description/share/aist_description//scenes/urdf/log/build_2024-06-22_18-44-56/ddynamic_reconfigure2/command.log
-- Up-to-date symlink: /home/ueshiba/ros2_ws/install/aist_description/share/aist_description//scenes/urdf/log/build_2024-06-22_18-44-56/ddynamic_reconfigure2/stderr.log
-- Up-to-date symlink: /home/ueshiba/ros2_ws/install/aist_description/share/aist_description//scenes/urdf/log/build_2024-06-22_18-44-56/ddynamic_reconfigure2/stdout.log
-- Up-to-date symlink: /home/ueshiba/ros2_ws/install/aist_description/share/aist_description//scenes/urdf/log/build_2024-06-22_18-44-56/ddynamic_reconfigure2/stdout_stderr.log
-- Up-to-date symlink: /home/ueshiba/ros2_ws/install/aist_description/share/aist_description//scenes/urdf/log/build_2024-06-22_18-44-56/ddynamic_reconfigure2/streams.log
-- Up-to-date symlink: /home/ueshiba/ros2_ws/install/aist_description/share/aist_description//scenes/urdf/log/build_2024-06-22_18-44-56/events.log
-- Up-to-date symlink: /home/ueshiba/ros2_ws/install/aist_description/share/aist_description//scenes/urdf/log/build_2024-06-22_18-44-56/logger_all.log
-- Up-to-date symlink: /home/ueshiba/ros2_ws/install/aist_description/share/aist_description//scenes/urdf/log/build_2024-06-22_18-44-56/realsense2_camera_msgs/command.log
-- Up-to-date symlink: /home/ueshiba/ros2_ws/install/aist_description/share/aist_description//scenes/urdf/log/build_2024-06-22_18-44-56/realsense2_camera_msgs/stderr.log
-- Up-to-date symlink: /home/ueshiba/ros2_ws/install/aist_description/share/aist_description//scenes/urdf/log/build_2024-06-22_18-44-56/realsense2_camera_msgs/stdout.log
-- Up-to-date symlink: /home/ueshiba/ros2_ws/install/aist_description/share/aist_description//scenes/urdf/log/build_2024-06-22_18-44-56/realsense2_camera_msgs/stdout_stderr.log
-- Up-to-date symlink: /home/ueshiba/ros2_ws/install/aist_description/share/aist_description//scenes/urdf/log/build_2024-06-22_18-44-56/realsense2_camera_msgs/streams.log
-- Up-to-date symlink: /home/ueshiba/ros2_ws/install/aist_description/share/aist_description//scenes/urdf/log/latest/aist_aruco_msgs/command.log
-- Up-to-date symlink: /home/ueshiba/ros2_ws/install/aist_description/share/aist_description//scenes/urdf/log/latest/aist_aruco_msgs/stderr.log
-- Up-to-date symlink: /home/ueshiba/ros2_ws/install/aist_description/share/aist_description//scenes/urdf/log/latest/aist_aruco_msgs/stdout.log
-- Up-to-date symlink: /home/ueshiba/ros2_ws/install/aist_description/share/aist_description//scenes/urdf/log/latest/aist_aruco_msgs/stdout_stderr.log
-- Up-to-date symlink: /home/ueshiba/ros2_ws/install/aist_description/share/aist_description//scenes/urdf/log/latest/aist_aruco_msgs/streams.log
-- Up-to-date symlink: /home/ueshiba/ros2_ws/install/aist_description/share/aist_description//scenes/urdf/log/latest/aist_description/command.log
-- Up-to-date symlink: /home/ueshiba/ros2_ws/install/aist_description/share/aist_description//scenes/urdf/log/latest/aist_description/stderr.log
-- Up-to-date symlink: /home/ueshiba/ros2_ws/install/aist_description/share/aist_description//scenes/urdf/log/latest/aist_description/stdout.log
-- Up-to-date symlink: /home/ueshiba/ros2_ws/install/aist_description/share/aist_description//scenes/urdf/log/latest/aist_description/stdout_stderr.log
-- Up-to-date symlink: /home/ueshiba/ros2_ws/install/aist_description/share/aist_description//scenes/urdf/log/latest/aist_description/streams.log
-- Up-to-date symlink: /home/ueshiba/ros2_ws/install/aist_description/share/aist_description//scenes/urdf/log/latest/aist_handeye_calibration_msgs/command.log
-- Up-to-date symlink: /home/ueshiba/ros2_ws/install/aist_description/share/aist_description//scenes/urdf/log/latest/aist_handeye_calibration_msgs/stderr.log
-- Up-to-date symlink: /home/ueshiba/ros2_ws/install/aist_description/share/aist_description//scenes/urdf/log/latest/aist_handeye_calibration_msgs/stdout.log
-- Up-to-date symlink: /home/ueshiba/ros2_ws/install/aist_description/share/aist_description//scenes/urdf/log/latest/aist_handeye_calibration_msgs/stdout_stderr.log
-- Up-to-date symlink: /home/ueshiba/ros2_ws/install/aist_description/share/aist_description//scenes/urdf/log/latest/aist_handeye_calibration_msgs/streams.log
-- Up-to-date symlink: /home/ueshiba/ros2_ws/install/aist_description/share/aist_description//scenes/urdf/log/latest/aist_msgs/command.log
-- Up-to-date symlink: /home/ueshiba/ros2_ws/install/aist_description/share/aist_description//scenes/urdf/log/latest/aist_msgs/stderr.log
-- Up-to-date symlink: /home/ueshiba/ros2_ws/install/aist_description/share/aist_description//scenes/urdf/log/latest/aist_msgs/stdout.log
-- Up-to-date symlink: /home/ueshiba/ros2_ws/install/aist_description/share/aist_description//scenes/urdf/log/latest/aist_msgs/stdout_stderr.log
-- Up-to-date symlink: /home/ueshiba/ros2_ws/install/aist_description/share/aist_description//scenes/urdf/log/latest/aist_msgs/streams.log
-- Up-to-date symlink: /home/ueshiba/ros2_ws/install/aist_description/share/aist_description//scenes/urdf/log/latest/aruco/command.log
-- Up-to-date symlink: /home/ueshiba/ros2_ws/install/aist_description/share/aist_description//scenes/urdf/log/latest/aruco/stderr.log
-- Up-to-date symlink: /home/ueshiba/ros2_ws/install/aist_description/share/aist_description//scenes/urdf/log/latest/aruco/stdout.log
-- Up-to-date symlink: /home/ueshiba/ros2_ws/install/aist_description/share/aist_description//scenes/urdf/log/latest/aruco/stdout_stderr.log
-- Up-to-date symlink: /home/ueshiba/ros2_ws/install/aist_description/share/aist_description//scenes/urdf/log/latest/aruco/streams.log
-- Up-to-date symlink: /home/ueshiba/ros2_ws/install/aist_description/share/aist_description//scenes/urdf/log/latest/aruco_msgs/command.log
-- Up-to-date symlink: /home/ueshiba/ros2_ws/install/aist_description/share/aist_description//scenes/urdf/log/latest/aruco_msgs/stderr.log
-- Up-to-date symlink: /home/ueshiba/ros2_ws/install/aist_description/share/aist_description//scenes/urdf/log/latest/aruco_msgs/stdout.log
-- Up-to-date symlink: /home/ueshiba/ros2_ws/install/aist_description/share/aist_description//scenes/urdf/log/latest/aruco_msgs/stdout_stderr.log
-- Up-to-date symlink: /home/ueshiba/ros2_ws/install/aist_description/share/aist_description//scenes/urdf/log/latest/aruco_msgs/streams.log
-- Up-to-date symlink: /home/ueshiba/ros2_ws/install/aist_description/share/aist_description//scenes/urdf/log/latest/ddynamic_reconfigure2/command.log
-- Up-to-date symlink: /home/ueshiba/ros2_ws/install/aist_description/share/aist_description//scenes/urdf/log/latest/ddynamic_reconfigure2/stderr.log
-- Up-to-date symlink: /home/ueshiba/ros2_ws/install/aist_description/share/aist_description//scenes/urdf/log/latest/ddynamic_reconfigure2/stdout.log
-- Up-to-date symlink: /home/ueshiba/ros2_ws/install/aist_description/share/aist_description//scenes/urdf/log/latest/ddynamic_reconfigure2/stdout_stderr.log
-- Up-to-date symlink: /home/ueshiba/ros2_ws/install/aist_description/share/aist_description//scenes/urdf/log/latest/ddynamic_reconfigure2/streams.log
-- Up-to-date symlink: /home/ueshiba/ros2_ws/install/aist_description/share/aist_description//scenes/urdf/log/latest/events.log
-- Up-to-date symlink: /home/ueshiba/ros2_ws/install/aist_description/share/aist_description//scenes/urdf/log/latest/logger_all.log
-- Up-to-date symlink: /home/ueshiba/ros2_ws/install/aist_description/share/aist_description//scenes/urdf/log/latest/realsense2_camera_msgs/command.log
-- Up-to-date symlink: /home/ueshiba/ros2_ws/install/aist_description/share/aist_description//scenes/urdf/log/latest/realsense2_camera_msgs/stderr.log
-- Up-to-date symlink: /home/ueshiba/ros2_ws/install/aist_description/share/aist_description//scenes/urdf/log/latest/realsense2_camera_msgs/stdout.log
-- Up-to-date symlink: /home/ueshiba/ros2_ws/install/aist_description/share/aist_description//scenes/urdf/log/latest/realsense2_camera_msgs/stdout_stderr.log
-- Up-to-date symlink: /home/ueshiba/ros2_ws/install/aist_description/share/aist_description//scenes/urdf/log/latest/realsense2_camera_msgs/streams.log
-- Up-to-date symlink: /home/ueshiba/ros2_ws/install/aist_description/share/aist_description//scenes/urdf/log/latest_build/aist_aruco_msgs/command.log
-- Up-to-date symlink: /home/ueshiba/ros2_ws/install/aist_description/share/aist_description//scenes/urdf/log/latest_build/aist_aruco_msgs/stderr.log
-- Up-to-date symlink: /home/ueshiba/ros2_ws/install/aist_description/share/aist_description//scenes/urdf/log/latest_build/aist_aruco_msgs/stdout.log
-- Up-to-date symlink: /home/ueshiba/ros2_ws/install/aist_description/share/aist_description//scenes/urdf/log/latest_build/aist_aruco_msgs/stdout_stderr.log
-- Up-to-date symlink: /home/ueshiba/ros2_ws/install/aist_description/share/aist_description//scenes/urdf/log/latest_build/aist_aruco_msgs/streams.log
-- Up-to-date symlink: /home/ueshiba/ros2_ws/install/aist_description/share/aist_description//scenes/urdf/log/latest_build/aist_description/command.log
-- Up-to-date symlink: /home/ueshiba/ros2_ws/install/aist_description/share/aist_description//scenes/urdf/log/latest_build/aist_description/stderr.log
-- Up-to-date symlink: /home/ueshiba/ros2_ws/install/aist_description/share/aist_description//scenes/urdf/log/latest_build/aist_description/stdout.log
-- Up-to-date symlink: /home/ueshiba/ros2_ws/install/aist_description/share/aist_description//scenes/urdf/log/latest_build/aist_description/stdout_stderr.log
-- Up-to-date symlink: /home/ueshiba/ros2_ws/install/aist_description/share/aist_description//scenes/urdf/log/latest_build/aist_description/streams.log
-- Up-to-date symlink: /home/ueshiba/ros2_ws/install/aist_description/share/aist_description//scenes/urdf/log/latest_build/aist_handeye_calibration_msgs/command.log
-- Up-to-date symlink: /home/ueshiba/ros2_ws/install/aist_description/share/aist_description//scenes/urdf/log/latest_build/aist_handeye_calibration_msgs/stderr.log
-- Up-to-date symlink: /home/ueshiba/ros2_ws/install/aist_description/share/aist_description//scenes/urdf/log/latest_build/aist_handeye_calibration_msgs/stdout.log
-- Up-to-date symlink: /home/ueshiba/ros2_ws/install/aist_description/share/aist_description//scenes/urdf/log/latest_build/aist_handeye_calibration_msgs/stdout_stderr.log
-- Up-to-date symlink: /home/ueshiba/ros2_ws/install/aist_description/share/aist_description//scenes/urdf/log/latest_build/aist_handeye_calibration_msgs/streams.log
-- Up-to-date symlink: /home/ueshiba/ros2_ws/install/aist_description/share/aist_description//scenes/urdf/log/latest_build/aist_msgs/command.log
-- Up-to-date symlink: /home/ueshiba/ros2_ws/install/aist_description/share/aist_description//scenes/urdf/log/latest_build/aist_msgs/stderr.log
-- Up-to-date symlink: /home/ueshiba/ros2_ws/install/aist_description/share/aist_description//scenes/urdf/log/latest_build/aist_msgs/stdout.log
-- Up-to-date symlink: /home/ueshiba/ros2_ws/install/aist_description/share/aist_description//scenes/urdf/log/latest_build/aist_msgs/stdout_stderr.log
-- Up-to-date symlink: /home/ueshiba/ros2_ws/install/aist_description/share/aist_description//scenes/urdf/log/latest_build/aist_msgs/streams.log
-- Up-to-date symlink: /home/ueshiba/ros2_ws/install/aist_description/share/aist_description//scenes/urdf/log/latest_build/aruco/command.log
-- Up-to-date symlink: /home/ueshiba/ros2_ws/install/aist_description/share/aist_description//scenes/urdf/log/latest_build/aruco/stderr.log
-- Up-to-date symlink: /home/ueshiba/ros2_ws/install/aist_description/share/aist_description//scenes/urdf/log/latest_build/aruco/stdout.log
-- Up-to-date symlink: /home/ueshiba/ros2_ws/install/aist_description/share/aist_description//scenes/urdf/log/latest_build/aruco/stdout_stderr.log
-- Up-to-date symlink: /home/ueshiba/ros2_ws/install/aist_description/share/aist_description//scenes/urdf/log/latest_build/aruco/streams.log
-- Up-to-date symlink: /home/ueshiba/ros2_ws/install/aist_description/share/aist_description//scenes/urdf/log/latest_build/aruco_msgs/command.log
-- Up-to-date symlink: /home/ueshiba/ros2_ws/install/aist_description/share/aist_description//scenes/urdf/log/latest_build/aruco_msgs/stderr.log
-- Up-to-date symlink: /home/ueshiba/ros2_ws/install/aist_description/share/aist_description//scenes/urdf/log/latest_build/aruco_msgs/stdout.log
-- Up-to-date symlink: /home/ueshiba/ros2_ws/install/aist_description/share/aist_description//scenes/urdf/log/latest_build/aruco_msgs/stdout_stderr.log
-- Up-to-date symlink: /home/ueshiba/ros2_ws/install/aist_description/share/aist_description//scenes/urdf/log/latest_build/aruco_msgs/streams.log
-- Up-to-date symlink: /home/ueshiba/ros2_ws/install/aist_description/share/aist_description//scenes/urdf/log/latest_build/ddynamic_reconfigure2/command.log
-- Up-to-date symlink: /home/ueshiba/ros2_ws/install/aist_description/share/aist_description//scenes/urdf/log/latest_build/ddynamic_reconfigure2/stderr.log
-- Up-to-date symlink: /home/ueshiba/ros2_ws/install/aist_description/share/aist_description//scenes/urdf/log/latest_build/ddynamic_reconfigure2/stdout.log
-- Up-to-date symlink: /home/ueshiba/ros2_ws/install/aist_description/share/aist_description//scenes/urdf/log/latest_build/ddynamic_reconfigure2/stdout_stderr.log
-- Up-to-date symlink: /home/ueshiba/ros2_ws/install/aist_description/share/aist_description//scenes/urdf/log/latest_build/ddynamic_reconfigure2/streams.log
-- Up-to-date symlink: /home/ueshiba/ros2_ws/install/aist_description/share/aist_description//scenes/urdf/log/latest_build/events.log
-- Up-to-date symlink: /home/ueshiba/ros2_ws/install/aist_description/share/aist_description//scenes/urdf/log/latest_build/logger_all.log
-- Up-to-date symlink: /home/ueshiba/ros2_ws/install/aist_description/share/aist_description//scenes/urdf/log/latest_build/realsense2_camera_msgs/command.log
-- Up-to-date symlink: /home/ueshiba/ros2_ws/install/aist_description/share/aist_description//scenes/urdf/log/latest_build/realsense2_camera_msgs/stderr.log
-- Up-to-date symlink: /home/ueshiba/ros2_ws/install/aist_description/share/aist_description//scenes/urdf/log/latest_build/realsense2_camera_msgs/stdout.log
-- Up-to-date symlink: /home/ueshiba/ros2_ws/install/aist_description/share/aist_description//scenes/urdf/log/latest_build/realsense2_camera_msgs/stdout_stderr.log
-- Up-to-date symlink: /home/ueshiba/ros2_ws/install/aist_description/share/aist_description//scenes/urdf/log/latest_build/realsense2_camera_msgs/streams.log
-- Up-to-date symlink: /home/ueshiba/ros2_ws/install/aist_description/share/aist_description//scenes/urdf/mocap_base_scene.urdf.xacro
-- Up-to-date symlink: /home/ueshiba/ros2_ws/install/aist_description/share/aist_description//scenes/urdf/mocap_calibration.urdf.xacro
-- Up-to-date symlink: /home/ueshiba/ros2_ws/install/aist_description/share/aist_description//scenes/urdf/nedo_ur5e_base_scene.urdf.xacro
-- Up-to-date symlink: /home/ueshiba/ros2_ws/install/aist_description/share/aist_description//scenes/urdf/skhi_base_scene.urdf.xacro
-- Up-to-date symlink: /home/ueshiba/ros2_ws/install/aist_description/share/aist_description//scenes/urdf/storobo_base_scene.urdf.xacro
-- Up-to-date symlink: /home/ueshiba/ros2_ws/install/aist_description/share/aist_description//wrc/meshes/base_fixture_reoriented.stl
-- Up-to-date symlink: /home/ueshiba/ros2_ws/install/aist_description/share/aist_description//wrc/meshes/base_fixture_top.stl
-- Up-to-date symlink: /home/ueshiba/ros2_ws/install/aist_description/share/aist_description//wrc/meshes/belt_tool.stl
-- Up-to-date symlink: /home/ueshiba/ros2_ws/install/aist_description/share/aist_description//wrc/meshes/bin1_EA661CA-11.obj
-- Up-to-date symlink: /home/ueshiba/ros2_ws/install/aist_description/share/aist_description//wrc/meshes/bin1_EA661CA-11.stl
-- Up-to-date symlink: /home/ueshiba/ros2_ws/install/aist_description/share/aist_description//wrc/meshes/bin1_EA661CA-11.vhacd.dae
-- Up-to-date symlink: /home/ueshiba/ros2_ws/install/aist_description/share/aist_description//wrc/meshes/bin1_EA661CA-11.vhacd.obj
-- Up-to-date symlink: /home/ueshiba/ros2_ws/install/aist_description/share/aist_description//wrc/meshes/bin2_SK-HL1-BL.obj
-- Up-to-date symlink: /home/ueshiba/ros2_ws/install/aist_description/share/aist_description//wrc/meshes/bin2_SK-HL1-BL.stl
-- Up-to-date symlink: /home/ueshiba/ros2_ws/install/aist_description/share/aist_description//wrc/meshes/bin2_SK-HL1-BL.vhacd.dae
-- Up-to-date symlink: /home/ueshiba/ros2_ws/install/aist_description/share/aist_description//wrc/meshes/bin2_SK-HL1-BL.vhacd.obj
-- Up-to-date symlink: /home/ueshiba/ros2_ws/install/aist_description/share/aist_description//wrc/meshes/bin3_T3-YG.obj
-- Up-to-date symlink: /home/ueshiba/ros2_ws/install/aist_description/share/aist_description//wrc/meshes/bin3_T3-YG.stl
-- Up-to-date symlink: /home/ueshiba/ros2_ws/install/aist_description/share/aist_description//wrc/meshes/bin3_T3-YG.vhacd.dae
-- Up-to-date symlink: /home/ueshiba/ros2_ws/install/aist_description/share/aist_description//wrc/meshes/bin3_T3-YG.vhacd.obj
-- Up-to-date symlink: /home/ueshiba/ros2_ws/install/aist_description/share/aist_description//wrc/meshes/cable_tool-collision.stl
-- Up-to-date symlink: /home/ueshiba/ros2_ws/install/aist_description/share/aist_description//wrc/meshes/cable_tool.stl
-- Up-to-date symlink: /home/ueshiba/ros2_ws/install/aist_description/share/aist_description//wrc/meshes/cable_tool_holder_vertical.stl
-- Up-to-date symlink: /home/ueshiba/ros2_ws/install/aist_description/share/aist_description//wrc/meshes/divider1_1.stl
-- Up-to-date symlink: /home/ueshiba/ros2_ws/install/aist_description/share/aist_description//wrc/meshes/divider1_2.stl
-- Up-to-date symlink: /home/ueshiba/ros2_ws/install/aist_description/share/aist_description//wrc/meshes/divider2.stl
-- Up-to-date symlink: /home/ueshiba/ros2_ws/install/aist_description/share/aist_description//wrc/meshes/gravity_tool_holder.stl
-- Up-to-date symlink: /home/ueshiba/ros2_ws/install/aist_description/share/aist_description//wrc/meshes/nut_holder.stl
-- Up-to-date symlink: /home/ueshiba/ros2_ws/install/aist_description/share/aist_description//wrc/meshes/plunger_tool.stl
-- Up-to-date symlink: /home/ueshiba/ros2_ws/install/aist_description/share/aist_description//wrc/meshes/robotiq_calib_marker.stl
-- Up-to-date symlink: /home/ueshiba/ros2_ws/install/aist_description/share/aist_description//wrc/meshes/screw_holder.stl
-- Up-to-date symlink: /home/ueshiba/ros2_ws/install/aist_description/share/aist_description//wrc/meshes/simple_holder.stl
-- Up-to-date symlink: /home/ueshiba/ros2_ws/install/aist_description/share/aist_description//wrc/meshes/suction_calib_marker.stl
-- Up-to-date symlink: /home/ueshiba/ros2_ws/install/aist_description/share/aist_description//wrc/meshes/taskboard_01_base.stl
-- Up-to-date symlink: /home/ueshiba/ros2_ws/install/aist_description/share/aist_description//wrc/meshes/taskboard_02_plate.stl
-- Up-to-date symlink: /home/ueshiba/ros2_ws/install/aist_description/share/aist_description//wrc/meshes/tray.stl
-- Up-to-date symlink: /home/ueshiba/ros2_ws/install/aist_description/share/aist_description//wrc/meshes/tray_PZ-0006-B.obj
-- Up-to-date symlink: /home/ueshiba/ros2_ws/install/aist_description/share/aist_description//wrc/meshes/tray_PZ-0006-B.stl
-- Up-to-date symlink: /home/ueshiba/ros2_ws/install/aist_description/share/aist_description//wrc/meshes/tray_PZ-0006-B.vhacd.dae
-- Up-to-date symlink: /home/ueshiba/ros2_ws/install/aist_description/share/aist_description//wrc/meshes/tray_PZ-0006-B.vhacd.obj
-- Up-to-date symlink: /home/ueshiba/ros2_ws/install/aist_description/share/aist_description//wrc/meshes/vgroove_aid.stl
-- Up-to-date symlink: /home/ueshiba/ros2_ws/install/aist_description/share/aist_description//wrc/meshes/washer_holder.stl
-- Up-to-date symlink: /home/ueshiba/ros2_ws/install/aist_description/share/aist_description//wrc/urdf/base_fixture.urdf
-- Up-to-date symlink: /home/ueshiba/ros2_ws/install/aist_description/share/aist_description//wrc/urdf/base_fixture.urdf.xacro
-- Up-to-date symlink: /home/ueshiba/ros2_ws/install/aist_description/share/aist_description//wrc/urdf/belt_tool.urdf.xacro
-- Up-to-date symlink: /home/ueshiba/ros2_ws/install/aist_description/share/aist_description//wrc/urdf/belt_tool_with_holder.urdf
-- Up-to-date symlink: /home/ueshiba/ros2_ws/install/aist_description/share/aist_description//wrc/urdf/cable_tool.urdf.xacro
-- Up-to-date symlink: /home/ueshiba/ros2_ws/install/aist_description/share/aist_description//wrc/urdf/cable_tool_holder.urdf
-- Up-to-date symlink: /home/ueshiba/ros2_ws/install/aist_description/share/aist_description//wrc/urdf/cable_tool_holder.urdf.xacro
-- Up-to-date symlink: /home/ueshiba/ros2_ws/install/aist_description/share/aist_description//wrc/urdf/cable_tool_with_holder.urdf
-- Up-to-date symlink: /home/ueshiba/ros2_ws/install/aist_description/share/aist_description//wrc/urdf/gravity_tool_holder.urdf
-- Up-to-date symlink: /home/ueshiba/ros2_ws/install/aist_description/share/aist_description//wrc/urdf/gravity_tool_holder.urdf.xacro
-- Up-to-date symlink: /home/ueshiba/ros2_ws/install/aist_description/share/aist_description//wrc/urdf/kitting_bins.urdf.xacro
-- Up-to-date symlink: /home/ueshiba/ros2_ws/install/aist_description/share/aist_description//wrc/urdf/kitting_trays.urdf.xacro
-- Up-to-date symlink: /home/ueshiba/ros2_ws/install/aist_description/share/aist_description//wrc/urdf/nut_holder.urdf
-- Up-to-date symlink: /home/ueshiba/ros2_ws/install/aist_description/share/aist_description//wrc/urdf/nut_holder.urdf.xacro
-- Up-to-date symlink: /home/ueshiba/ros2_ws/install/aist_description/share/aist_description//wrc/urdf/plunger_tool.urdf.xacro
-- Up-to-date symlink: /home/ueshiba/ros2_ws/install/aist_description/share/aist_description//wrc/urdf/plunger_tool_with_holder.urdf
-- Up-to-date symlink: /home/ueshiba/ros2_ws/install/aist_description/share/aist_description//wrc/urdf/screw_feeder.urdf
-- Up-to-date symlink: /home/ueshiba/ros2_ws/install/aist_description/share/aist_description//wrc/urdf/screw_feeder.urdf.xacro
-- Up-to-date symlink: /home/ueshiba/ros2_ws/install/aist_description/share/aist_description//wrc/urdf/simple_holder.urdf
-- Up-to-date symlink: /home/ueshiba/ros2_ws/install/aist_description/share/aist_description//wrc/urdf/simple_holder.urdf.xacro
-- Up-to-date symlink: /home/ueshiba/ros2_ws/install/aist_description/share/aist_description//wrc/urdf/taskboard.urdf
-- Up-to-date symlink: /home/ueshiba/ros2_ws/install/aist_description/share/aist_description//wrc/urdf/taskboard.urdf.xacro
-- Up-to-date symlink: /home/ueshiba/ros2_ws/install/aist_description/share/aist_description//wrc/urdf/taskboard_2021_competition.urdf
-- Up-to-date symlink: /home/ueshiba/ros2_ws/install/aist_description/share/aist_description//wrc/urdf/taskboard_2021_competition.urdf.xacro
-- Up-to-date symlink: /home/ueshiba/ros2_ws/install/aist_description/share/aist_description//wrc/urdf/tray.urdf
-- Up-to-date symlink: /home/ueshiba/ros2_ws/install/aist_description/share/aist_description//wrc/urdf/tray.urdf.xacro
-- Up-to-date symlink: /home/ueshiba/ros2_ws/install/aist_description/share/aist_description//wrc/urdf/vgroove_aid.urdf
-- Up-to-date symlink: /home/ueshiba/ros2_ws/install/aist_description/share/aist_description//wrc/urdf/vgroove_aid.urdf.xacro
-- Up-to-date symlink: /home/ueshiba/ros2_ws/install/aist_description/share/aist_description//wrc/urdf/washer_holder.urdf
-- Up-to-date symlink: /home/ueshiba/ros2_ws/install/aist_description/share/aist_description//wrc/urdf/washer_holder.urdf.xacro
-- Up-to-date symlink: /home/ueshiba/ros2_ws/install/aist_description/share/ament_index/resource_index/package_run_dependencies/aist_description
-- Up-to-date symlink: /home/ueshiba/ros2_ws/install/aist_description/share/ament_index/resource_index/parent_prefix_path/aist_description
-- Up-to-date symlink: /home/ueshiba/ros2_ws/install/aist_description/share/aist_description/environment/ament_prefix_path.sh
-- Up-to-date symlink: /home/ueshiba/ros2_ws/install/aist_description/share/aist_description/environment/ament_prefix_path.dsv
-- Up-to-date symlink: /home/ueshiba/ros2_ws/install/aist_description/share/aist_description/environment/path.sh
-- Up-to-date symlink: /home/ueshiba/ros2_ws/install/aist_description/share/aist_description/environment/path.dsv
-- Up-to-date symlink: /home/ueshiba/ros2_ws/install/aist_description/share/aist_description/local_setup.bash
-- Up-to-date symlink: /home/ueshiba/ros2_ws/install/aist_description/share/aist_description/local_setup.sh
-- Up-to-date symlink: /home/ueshiba/ros2_ws/install/aist_description/share/aist_description/local_setup.zsh
-- Up-to-date symlink: /home/ueshiba/ros2_ws/install/aist_description/share/aist_description/local_setup.dsv
-- Symlinking: /home/ueshiba/ros2_ws/install/aist_description/share/aist_description/package.dsv
-- Up-to-date symlink: /home/ueshiba/ros2_ws/install/aist_description/share/ament_index/resource_index/packages/aist_description
-- Up-to-date symlink: /home/ueshiba/ros2_ws/install/aist_description/share/aist_description/cmake/aist_descriptionConfig.cmake
-- Up-to-date symlink: /home/ueshiba/ros2_ws/install/aist_description/share/aist_description/cmake/aist_descriptionConfig-version.cmake
-- Up-to-date symlink: /home/ueshiba/ros2_ws/install/aist_description/share/aist_description/package.xml
