[0.038s] Invoking command in '/home/ueshiba/ros2_ws/build/aist_aruco_msgs': PS1=\[\e]0;\u@\h: \w\a\]\h% /usr/bin/cmake /home/ueshiba/noetic/catkin_ws/src/artros/aist_aruco_ros/aist_aruco_msgs -DCATKIN_INSTALL_INTO_PREFIX_ROOT=0 -DCMAKE_INSTALL_PREFIX=/home/ueshiba/ros2_ws/install
[0.074s] -- The C compiler identification is GNU 11.4.0
[0.111s] -- The CXX compiler identification is GNU 11.4.0
[0.115s] -- Detecting C compiler ABI info
[0.160s] -- Detecting C compiler ABI info - done
[0.167s] -- Check for working C compiler: /usr/bin/cc - skipped
[0.167s] -- Detecting C compile features
[0.168s] -- Detecting C compile features - done
[0.170s] -- Detecting CXX compiler ABI info
[0.239s] -- Detecting CXX compiler ABI info - done
[0.245s] -- Check for working CXX compiler: /usr/bin/c++ - skipped
[0.246s] -- Detecting CXX compile features
[0.246s] -- Detecting CXX compile features - done
[0.252s] [31mCMake Error at CMakeLists.txt:4 (find_package):
[0.252s]   By not providing "Findcatkin.cmake" in CMAKE_MODULE_PATH this project has
[0.252s]   asked CMake to find a package configuration file provided by "catkin", but
[0.252s]   CMake did not find one.
[0.252s] 
[0.252s]   Could not find a package configuration file provided by "catkin" with any
[0.252s]   of the following names:
[0.252s] 
[0.252s]     catkinConfig.cmake
[0.252s]     catkin-config.cmake
[0.252s] 
[0.252s]   Add the installation prefix of "catkin" to CMAKE_PREFIX_PATH or set
[0.252s]   "catkin_DIR" to a directory containing one of the above files.  If "catkin"
[0.253s]   provides a separate development package or SDK, be sure it has been
[0.253s]   installed.
[0.253s] 
[0.253s] [0m
[0.253s] -- Configuring incomplete, errors occurred!
[0.253s] See also "/home/ueshiba/ros2_ws/build/aist_aruco_msgs/CMakeFiles/CMakeOutput.log".
