[0.042s] Invoking command in '/home/ueshiba/ros2_ws/build/aist_camera_multiplexer': CMAKE_PREFIX_PATH=/home/ueshiba/ros2_ws/install/ddynamic_reconfigure2:/home/ueshiba/ros2_ws/install/ur_simulation_gz:/home/ueshiba/ros2_ws/install/realsense2_description:/home/ueshiba/ros2_ws/install/realsense2_camera:/home/ueshiba/ros2_ws/install/realsense2_camera_msgs:/home/ueshiba/ros2_ws/install/cu_bridge:/home/ueshiba/ros2_ws/install/aist_handeye_calibration:/home/ueshiba/ros2_ws/install/aist_aruco_ros:/home/ueshiba/ros2_ws/install/aist_utility:/home/ueshiba/ros2_ws/install/aist_phoxi_camera:/home/ueshiba/ros2_ws/install/aist_camera_multiplexer:/home/ueshiba/ros2_ws/install/aruco_ros:/home/ueshiba/ros2_ws/install/aruco_msgs:/home/ueshiba/ros2_ws/install/aruco:/home/ueshiba/ros2_ws/install/aist_msgs:/home/ueshiba/ros2_ws/install/aist_handeye_calibration_msgs:/home/ueshiba/ros2_ws/install/aist_description:/home/ueshiba/ros2_ws/install/aist_aruco_msgs:/home/ueshiba/ros2_ws/install/rqt_reconfigure:/opt/ros/rolling PS1=\[\e]0;\u@\h: \w\a\]\h% PYTHONPATH=/home/ueshiba/ros2_ws/install/ddynamic_reconfigure2/lib/python3.10/site-packages:/home/ueshiba/ros2_ws/build/rqt_reconfigure/src:/home/ueshiba/ros2_ws/install/rqt_reconfigure/lib/python3.10/site-packages:/home/ueshiba/ros2_ws/install/realsense2_camera_msgs/lib/python3.10/site-packages:/home/ueshiba/ros2_ws/install/aist_handeye_calibration/lib/python3.10/site-packages:/home/ueshiba/ros2_ws/install/aist_camera_multiplexer/lib/python3.10/site-packages:/home/ueshiba/ros2_ws/install/aruco_msgs/lib/python3.10/site-packages:/home/ueshiba/ros2_ws/install/aist_msgs/lib/python3.10/site-packages:/home/ueshiba/ros2_ws/install/aist_handeye_calibration_msgs/lib/python3.10/site-packages:/home/ueshiba/ros2_ws/install/aist_aruco_msgs/lib/python3.10/site-packages:/opt/ros/rolling/lib/python3.10/site-packages /usr/bin/cmake --build /home/ueshiba/ros2_ws/build/aist_camera_multiplexer -- -j24 -l24
[0.188s] [ 25%] [32mBuilding CXX object CMakeFiles/aist_camera_multiplexer_node.dir/rclcpp_components/node_main_aist_camera_multiplexer_node.cpp.o[0m
[0.197s] [ 25%] Built target ament_cmake_python_symlink_aist_camera_multiplexer
[0.197s] [ 50%] [32mBuilding CXX object CMakeFiles/aist_camera_multiplexer.dir/src/Multiplexer.cpp.o[0m
[1.247s] running egg_info
[1.250s] writing aist_camera_multiplexer.egg-info/PKG-INFO
[1.251s] writing dependency_links to aist_camera_multiplexer.egg-info/dependency_links.txt
[1.251s] writing top-level names to aist_camera_multiplexer.egg-info/top_level.txt
[1.262s] reading manifest file 'aist_camera_multiplexer.egg-info/SOURCES.txt'
[1.278s] writing manifest file 'aist_camera_multiplexer.egg-info/SOURCES.txt'
[1.396s] [ 50%] Built target ament_cmake_python_build_aist_camera_multiplexer_egg
[10.075s] [ 75%] [32m[1mLinking CXX executable aist_camera_multiplexer_node[0m
[10.427s] [ 75%] Built target aist_camera_multiplexer_node
[23.642s] [100%] [32m[1mLinking CXX shared library libaist_camera_multiplexer.so[0m
[24.163s] [100%] Built target aist_camera_multiplexer
[24.174s] Invoked command in '/home/ueshiba/ros2_ws/build/aist_camera_multiplexer' returned '0': CMAKE_PREFIX_PATH=/home/ueshiba/ros2_ws/install/ddynamic_reconfigure2:/home/ueshiba/ros2_ws/install/ur_simulation_gz:/home/ueshiba/ros2_ws/install/realsense2_description:/home/ueshiba/ros2_ws/install/realsense2_camera:/home/ueshiba/ros2_ws/install/realsense2_camera_msgs:/home/ueshiba/ros2_ws/install/cu_bridge:/home/ueshiba/ros2_ws/install/aist_handeye_calibration:/home/ueshiba/ros2_ws/install/aist_aruco_ros:/home/ueshiba/ros2_ws/install/aist_utility:/home/ueshiba/ros2_ws/install/aist_phoxi_camera:/home/ueshiba/ros2_ws/install/aist_camera_multiplexer:/home/ueshiba/ros2_ws/install/aruco_ros:/home/ueshiba/ros2_ws/install/aruco_msgs:/home/ueshiba/ros2_ws/install/aruco:/home/ueshiba/ros2_ws/install/aist_msgs:/home/ueshiba/ros2_ws/install/aist_handeye_calibration_msgs:/home/ueshiba/ros2_ws/install/aist_description:/home/ueshiba/ros2_ws/install/aist_aruco_msgs:/home/ueshiba/ros2_ws/install/rqt_reconfigure:/opt/ros/rolling PS1=\[\e]0;\u@\h: \w\a\]\h% PYTHONPATH=/home/ueshiba/ros2_ws/install/ddynamic_reconfigure2/lib/python3.10/site-packages:/home/ueshiba/ros2_ws/build/rqt_reconfigure/src:/home/ueshiba/ros2_ws/install/rqt_reconfigure/lib/python3.10/site-packages:/home/ueshiba/ros2_ws/install/realsense2_camera_msgs/lib/python3.10/site-packages:/home/ueshiba/ros2_ws/install/aist_handeye_calibration/lib/python3.10/site-packages:/home/ueshiba/ros2_ws/install/aist_camera_multiplexer/lib/python3.10/site-packages:/home/ueshiba/ros2_ws/install/aruco_msgs/lib/python3.10/site-packages:/home/ueshiba/ros2_ws/install/aist_msgs/lib/python3.10/site-packages:/home/ueshiba/ros2_ws/install/aist_handeye_calibration_msgs/lib/python3.10/site-packages:/home/ueshiba/ros2_ws/install/aist_aruco_msgs/lib/python3.10/site-packages:/opt/ros/rolling/lib/python3.10/site-packages /usr/bin/cmake --build /home/ueshiba/ros2_ws/build/aist_camera_multiplexer -- -j24 -l24
[24.201s] Invoking command in '/home/ueshiba/ros2_ws/build/aist_camera_multiplexer': CMAKE_PREFIX_PATH=/home/ueshiba/ros2_ws/install/ddynamic_reconfigure2:/home/ueshiba/ros2_ws/install/ur_simulation_gz:/home/ueshiba/ros2_ws/install/realsense2_description:/home/ueshiba/ros2_ws/install/realsense2_camera:/home/ueshiba/ros2_ws/install/realsense2_camera_msgs:/home/ueshiba/ros2_ws/install/cu_bridge:/home/ueshiba/ros2_ws/install/aist_handeye_calibration:/home/ueshiba/ros2_ws/install/aist_aruco_ros:/home/ueshiba/ros2_ws/install/aist_utility:/home/ueshiba/ros2_ws/install/aist_phoxi_camera:/home/ueshiba/ros2_ws/install/aist_camera_multiplexer:/home/ueshiba/ros2_ws/install/aruco_ros:/home/ueshiba/ros2_ws/install/aruco_msgs:/home/ueshiba/ros2_ws/install/aruco:/home/ueshiba/ros2_ws/install/aist_msgs:/home/ueshiba/ros2_ws/install/aist_handeye_calibration_msgs:/home/ueshiba/ros2_ws/install/aist_description:/home/ueshiba/ros2_ws/install/aist_aruco_msgs:/home/ueshiba/ros2_ws/install/rqt_reconfigure:/opt/ros/rolling PS1=\[\e]0;\u@\h: \w\a\]\h% PYTHONPATH=/home/ueshiba/ros2_ws/install/ddynamic_reconfigure2/lib/python3.10/site-packages:/home/ueshiba/ros2_ws/build/rqt_reconfigure/src:/home/ueshiba/ros2_ws/install/rqt_reconfigure/lib/python3.10/site-packages:/home/ueshiba/ros2_ws/install/realsense2_camera_msgs/lib/python3.10/site-packages:/home/ueshiba/ros2_ws/install/aist_handeye_calibration/lib/python3.10/site-packages:/home/ueshiba/ros2_ws/install/aist_camera_multiplexer/lib/python3.10/site-packages:/home/ueshiba/ros2_ws/install/aruco_msgs/lib/python3.10/site-packages:/home/ueshiba/ros2_ws/install/aist_msgs/lib/python3.10/site-packages:/home/ueshiba/ros2_ws/install/aist_handeye_calibration_msgs/lib/python3.10/site-packages:/home/ueshiba/ros2_ws/install/aist_aruco_msgs/lib/python3.10/site-packages:/opt/ros/rolling/lib/python3.10/site-packages /usr/bin/cmake --install /home/ueshiba/ros2_ws/build/aist_camera_multiplexer
[24.207s] -- Install configuration: ""
[24.208s] -- Execute custom install script
[24.209s] -- Up-to-date symlink: /home/ueshiba/ros2_ws/install/aist_camera_multiplexer/lib/aist_camera_multiplexer/aist_camera_multiplexer_node
[24.209s] -- Up-to-date symlink: /home/ueshiba/ros2_ws/install/aist_camera_multiplexer/lib/libaist_camera_multiplexer.so
[24.210s] -- Up-to-date symlink: /home/ueshiba/ros2_ws/install/aist_camera_multiplexer/share/aist_camera_multiplexer//launch/realsense.launch
[24.210s] -- Up-to-date symlink: /home/ueshiba/ros2_ws/install/aist_camera_multiplexer/share/aist_camera_multiplexer//launch/test.rviz
[24.210s] -- Up-to-date symlink: /home/ueshiba/ros2_ws/install/aist_camera_multiplexer/share/aist_camera_multiplexer/environment/pythonpath.sh
[24.210s] -- Up-to-date symlink: /home/ueshiba/ros2_ws/install/aist_camera_multiplexer/share/aist_camera_multiplexer/environment/pythonpath.dsv
[24.210s] -- Up-to-date symlink: /home/ueshiba/ros2_ws/install/aist_camera_multiplexer/lib/python3.10/site-packages/aist_camera_multiplexer-1.0.0-py3.10.egg-info/PKG-INFO
[24.211s] -- Up-to-date symlink: /home/ueshiba/ros2_ws/install/aist_camera_multiplexer/lib/python3.10/site-packages/aist_camera_multiplexer-1.0.0-py3.10.egg-info/SOURCES.txt
[24.211s] -- Up-to-date symlink: /home/ueshiba/ros2_ws/install/aist_camera_multiplexer/lib/python3.10/site-packages/aist_camera_multiplexer-1.0.0-py3.10.egg-info/dependency_links.txt
[24.211s] -- Up-to-date symlink: /home/ueshiba/ros2_ws/install/aist_camera_multiplexer/lib/python3.10/site-packages/aist_camera_multiplexer-1.0.0-py3.10.egg-info/top_level.txt
[24.211s] -- Up-to-date symlink: /home/ueshiba/ros2_ws/install/aist_camera_multiplexer/lib/python3.10/site-packages/aist_camera_multiplexer/__init__.py
[24.211s] -- Up-to-date symlink: /home/ueshiba/ros2_ws/install/aist_camera_multiplexer/lib/aist_camera_multiplexer/drealsense.py
[24.212s] -- Up-to-date symlink: /home/ueshiba/ros2_ws/install/aist_camera_multiplexer/lib/aist_camera_multiplexer/select_camera.py
[24.212s] -- Up-to-date symlink: /home/ueshiba/ros2_ws/install/aist_camera_multiplexer/lib/aist_camera_multiplexer/select_realsense_camera.py
[24.212s] -- Up-to-date symlink: /home/ueshiba/ros2_ws/install/aist_camera_multiplexer/share/aist_camera_multiplexer/environment/library_path.sh
[24.212s] -- Up-to-date symlink: /home/ueshiba/ros2_ws/install/aist_camera_multiplexer/share/aist_camera_multiplexer/environment/library_path.dsv
[24.212s] -- Up-to-date symlink: /home/ueshiba/ros2_ws/install/aist_camera_multiplexer/share/ament_index/resource_index/package_run_dependencies/aist_camera_multiplexer
[24.212s] -- Up-to-date symlink: /home/ueshiba/ros2_ws/install/aist_camera_multiplexer/share/ament_index/resource_index/parent_prefix_path/aist_camera_multiplexer
[24.213s] -- Up-to-date symlink: /home/ueshiba/ros2_ws/install/aist_camera_multiplexer/share/aist_camera_multiplexer/environment/ament_prefix_path.sh
[24.213s] -- Up-to-date symlink: /home/ueshiba/ros2_ws/install/aist_camera_multiplexer/share/aist_camera_multiplexer/environment/ament_prefix_path.dsv
[24.213s] -- Up-to-date symlink: /home/ueshiba/ros2_ws/install/aist_camera_multiplexer/share/aist_camera_multiplexer/environment/path.sh
[24.213s] -- Up-to-date symlink: /home/ueshiba/ros2_ws/install/aist_camera_multiplexer/share/aist_camera_multiplexer/environment/path.dsv
[24.213s] -- Up-to-date symlink: /home/ueshiba/ros2_ws/install/aist_camera_multiplexer/share/aist_camera_multiplexer/local_setup.bash
[24.214s] -- Up-to-date symlink: /home/ueshiba/ros2_ws/install/aist_camera_multiplexer/share/aist_camera_multiplexer/local_setup.sh
[24.214s] -- Up-to-date symlink: /home/ueshiba/ros2_ws/install/aist_camera_multiplexer/share/aist_camera_multiplexer/local_setup.zsh
[24.214s] -- Up-to-date symlink: /home/ueshiba/ros2_ws/install/aist_camera_multiplexer/share/aist_camera_multiplexer/local_setup.dsv
[24.214s] -- Symlinking: /home/ueshiba/ros2_ws/install/aist_camera_multiplexer/share/aist_camera_multiplexer/package.dsv
[24.223s] -- Up-to-date symlink: /home/ueshiba/ros2_ws/install/aist_camera_multiplexer/share/ament_index/resource_index/packages/aist_camera_multiplexer
[24.223s] -- Up-to-date symlink: /home/ueshiba/ros2_ws/install/aist_camera_multiplexer/share/ament_index/resource_index/rclcpp_components/aist_camera_multiplexer
[24.224s] -- Up-to-date symlink: /home/ueshiba/ros2_ws/install/aist_camera_multiplexer/share/aist_camera_multiplexer/cmake/ament_cmake_export_libraries-extras.cmake
[24.224s] -- Up-to-date symlink: /home/ueshiba/ros2_ws/install/aist_camera_multiplexer/share/aist_camera_multiplexer/cmake/aist_camera_multiplexerConfig.cmake
[24.224s] -- Up-to-date symlink: /home/ueshiba/ros2_ws/install/aist_camera_multiplexer/share/aist_camera_multiplexer/cmake/aist_camera_multiplexerConfig-version.cmake
[24.224s] -- Up-to-date symlink: /home/ueshiba/ros2_ws/install/aist_camera_multiplexer/share/aist_camera_multiplexer/package.xml
[24.249s] Listing '/home/ueshiba/ros2_ws/install/aist_camera_multiplexer/lib/python3.10/site-packages/aist_camera_multiplexer'...
[24.255s] Invoked command in '/home/ueshiba/ros2_ws/build/aist_camera_multiplexer' returned '0': CMAKE_PREFIX_PATH=/home/ueshiba/ros2_ws/install/ddynamic_reconfigure2:/home/ueshiba/ros2_ws/install/ur_simulation_gz:/home/ueshiba/ros2_ws/install/realsense2_description:/home/ueshiba/ros2_ws/install/realsense2_camera:/home/ueshiba/ros2_ws/install/realsense2_camera_msgs:/home/ueshiba/ros2_ws/install/cu_bridge:/home/ueshiba/ros2_ws/install/aist_handeye_calibration:/home/ueshiba/ros2_ws/install/aist_aruco_ros:/home/ueshiba/ros2_ws/install/aist_utility:/home/ueshiba/ros2_ws/install/aist_phoxi_camera:/home/ueshiba/ros2_ws/install/aist_camera_multiplexer:/home/ueshiba/ros2_ws/install/aruco_ros:/home/ueshiba/ros2_ws/install/aruco_msgs:/home/ueshiba/ros2_ws/install/aruco:/home/ueshiba/ros2_ws/install/aist_msgs:/home/ueshiba/ros2_ws/install/aist_handeye_calibration_msgs:/home/ueshiba/ros2_ws/install/aist_description:/home/ueshiba/ros2_ws/install/aist_aruco_msgs:/home/ueshiba/ros2_ws/install/rqt_reconfigure:/opt/ros/rolling PS1=\[\e]0;\u@\h: \w\a\]\h% PYTHONPATH=/home/ueshiba/ros2_ws/install/ddynamic_reconfigure2/lib/python3.10/site-packages:/home/ueshiba/ros2_ws/build/rqt_reconfigure/src:/home/ueshiba/ros2_ws/install/rqt_reconfigure/lib/python3.10/site-packages:/home/ueshiba/ros2_ws/install/realsense2_camera_msgs/lib/python3.10/site-packages:/home/ueshiba/ros2_ws/install/aist_handeye_calibration/lib/python3.10/site-packages:/home/ueshiba/ros2_ws/install/aist_camera_multiplexer/lib/python3.10/site-packages:/home/ueshiba/ros2_ws/install/aruco_msgs/lib/python3.10/site-packages:/home/ueshiba/ros2_ws/install/aist_msgs/lib/python3.10/site-packages:/home/ueshiba/ros2_ws/install/aist_handeye_calibration_msgs/lib/python3.10/site-packages:/home/ueshiba/ros2_ws/install/aist_aruco_msgs/lib/python3.10/site-packages:/opt/ros/rolling/lib/python3.10/site-packages /usr/bin/cmake --install /home/ueshiba/ros2_ws/build/aist_camera_multiplexer
