[0.036s] Invoking command in '/home/ueshiba/ros2_ws/build/iiwa_msgs': PS1=\[\e]0;\u@\h: \w\a\]\h% /usr/bin/cmake /home/ueshiba/noetic/catkin_ws/src/artros/third_party/iiwa_stack/iiwa_msgs -DCATKIN_INSTALL_INTO_PREFIX_ROOT=0 -DCMAKE_INSTALL_PREFIX=/home/ueshiba/ros2_ws/install
[0.073s] -- The C compiler identification is GNU 11.4.0
[0.115s] -- The CXX compiler identification is GNU 11.4.0
[0.121s] -- Detecting C compiler ABI info
[0.169s] -- Detecting C compiler ABI info - done
[0.175s] -- Check for working C compiler: /usr/bin/cc - skipped
[0.175s] -- Detecting C compile features
[0.175s] -- Detecting C compile features - done
[0.177s] -- Detecting CXX compiler ABI info
[0.233s] -- Detecting CXX compiler ABI info - done
[0.239s] -- Check for working CXX compiler: /usr/bin/c++ - skipped
[0.240s] -- Detecting CXX compile features
[0.240s] -- Detecting CXX compile features - done
[0.246s] [31mCMake Error at CMakeLists.txt:4 (find_package):
[0.246s]   By not providing "Findcatkin.cmake" in CMAKE_MODULE_PATH this project has
[0.246s]   asked CMake to find a package configuration file provided by "catkin", but
[0.246s]   CMake did not find one.
[0.246s] 
[0.246s]   Could not find a package configuration file provided by "catkin" with any
[0.246s]   of the following names:
[0.246s] 
[0.246s]     catkinConfig.cmake
[0.246s]     catkin-config.cmake
[0.246s] 
[0.246s]   Add the installation prefix of "catkin" to CMAKE_PREFIX_PATH or set
[0.246s]   "catkin_DIR" to a directory containing one of the above files.  If "catkin"
[0.246s]   provides a separate development package or SDK, be sure it has been
[0.246s]   installed.
[0.246s] 
[0.246s] [0m
[0.246s] -- Configuring incomplete, errors occurred!
[0.246s] See also "/home/ueshiba/ros2_ws/build/iiwa_msgs/CMakeFiles/CMakeOutput.log".
