[0.042s] Invoking command in '/home/ueshiba/ros2_ws/build/aist_model_spawner': PS1=\[\e]0;\u@\h: \w\a\]\h% /usr/bin/cmake /home/ueshiba/noetic/catkin_ws/src/artros/aist_model_spawner -DCATKIN_INSTALL_INTO_PREFIX_ROOT=0 -DCMAKE_INSTALL_PREFIX=/home/ueshiba/ros2_ws/install
[0.059s] [0mCMake Deprecation Warning at CMakeLists.txt:1 (cmake_minimum_required):
[0.060s]   Compatibility with CMake < 2.8.12 will be removed from a future version of
[0.060s]   CMake.
[0.060s] 
[0.060s]   Update the VERSION argument <min> value or use a ...<max> suffix to tell
[0.060s]   CMake that the project does not need compatibility with older versions.
[0.060s] 
[0.060s] [0m
[0.077s] -- The C compiler identification is GNU 11.4.0
[0.128s] -- The CXX compiler identification is GNU 11.4.0
[0.135s] -- Detecting C compiler ABI info
[0.186s] -- Detecting C compiler ABI info - done
[0.193s] -- Check for working C compiler: /usr/bin/cc - skipped
[0.193s] -- Detecting C compile features
[0.193s] -- Detecting C compile features - done
[0.196s] -- Detecting CXX compiler ABI info
[0.252s] -- Detecting CXX compiler ABI info - done
[0.258s] -- Check for working CXX compiler: /usr/bin/c++ - skipped
[0.258s] -- Detecting CXX compile features
[0.259s] -- Detecting CXX compile features - done
[0.264s] [31mCMake Error at CMakeLists.txt:15 (find_package):
[0.264s]   By not providing "Findcatkin.cmake" in CMAKE_MODULE_PATH this project has
[0.264s]   asked CMake to find a package configuration file provided by "catkin", but
[0.264s]   CMake did not find one.
[0.265s] 
[0.265s]   Could not find a package configuration file provided by "catkin" with any
[0.265s]   of the following names:
[0.265s] 
[0.265s]     catkinConfig.cmake
[0.265s]     catkin-config.cmake
[0.265s] 
[0.265s]   Add the installation prefix of "catkin" to CMAKE_PREFIX_PATH or set
[0.265s]   "catkin_DIR" to a directory containing one of the above files.  If "catkin"
[0.265s]   provides a separate development package or SDK, be sure it has been
[0.265s]   installed.
[0.265s] 
[0.265s] [0m
[0.265s] -- Configuring incomplete, errors occurred!
[0.265s] See also "/home/ueshiba/ros2_ws/build/aist_model_spawner/CMakeFiles/CMakeOutput.log".
