-- The C compiler identification is GNU 11.4.0
-- The CXX compiler identification is GNU 11.4.0
-- Detecting C compiler ABI info
-- Detecting C compiler ABI info - done
-- Check for working C compiler: /usr/bin/cc - skipped
-- Detecting C compile features
-- Detecting C compile features - done
-- Detecting CXX compiler ABI info
-- Detecting CXX compiler ABI info - done
-- Check for working CXX compiler: /usr/bin/c++ - skipped
-- Detecting CXX compile features
-- Detecting CXX compile features - done
-- Found ament_cmake: 2.3.2 (/opt/ros/rolling/share/ament_cmake/cmake)
-- Found Python3: /usr/bin/python3.10 (found version "3.10.12") found components: Interpreter 
-- Override CMake install command with custom implementation using symlinks instead of copying resources
-- Found OpenCV: /usr (found version "4.5.4") 
-- Found cv_bridge: 3.4.0 (/opt/ros/rolling/share/cv_bridge/cmake)
-- Found rosidl_generator_c: 4.5.1 (/opt/ros/rolling/share/rosidl_generator_c/cmake)
-- Found rosidl_generator_cpp: 4.5.1 (/opt/ros/rolling/share/rosidl_generator_cpp/cmake)
-- Using all available rosidl_typesupport_c: rosidl_typesupport_fastrtps_c;rosidl_typesupport_introspection_c
-- Using all available rosidl_typesupport_cpp: rosidl_typesupport_fastrtps_cpp;rosidl_typesupport_introspection_cpp
-- Found rmw_implementation_cmake: 7.3.0 (/opt/ros/rolling/share/rmw_implementation_cmake/cmake)
-- Found rmw_fastrtps_cpp: 8.2.0 (/opt/ros/rolling/share/rmw_fastrtps_cpp/cmake)
-- Found OpenSSL: /usr/lib/x86_64-linux-gnu/libcrypto.so (found version "3.0.2")  
-- Found FastRTPS: /opt/ros/rolling/include  
-- Using RMW implementation 'rmw_fastrtps_cpp' as default
-- Found image_transport: 5.1.0 (/opt/ros/rolling/share/image_transport/cmake)
-- Found rclpy: 7.0.1 (/opt/ros/rolling/share/rclpy/cmake)
-- Found tf2: 0.36.0 (/opt/ros/rolling/share/tf2/cmake)
-- Found tf2_ros: 0.36.0 (/opt/ros/rolling/share/tf2_ros/cmake)
-- Found tf2_geometry_msgs: 0.36.0 (/opt/ros/rolling/share/tf2_geometry_msgs/cmake)
-- Found eigen3_cmake_module: 0.3.0 (/opt/ros/rolling/share/eigen3_cmake_module/cmake)
-- Found Eigen3: TRUE (found version "3.4.0") 
-- Ensuring Eigen3 include directory is part of orocos-kdl CMake target
-- Found aruco: 5.0.5 (/home/ueshiba/ros2_ws/install/aruco/share/aruco/cmake)
-- Found aruco_msgs: 5.0.5 (/home/ueshiba/ros2_ws/install/aruco_msgs/share/aruco_msgs/cmake)
-- Found visualization_msgs: 5.3.0 (/opt/ros/rolling/share/visualization_msgs/cmake)
-- Found ament_lint_auto: 0.16.3 (/opt/ros/rolling/share/ament_lint_auto/cmake)
-- Added test 'cppcheck' to perform static code analysis on C / C++ code
-- Configured cppcheck include dirs: /home/ueshiba/ros2_ws/src/artros/third_party/aruco_ros/aruco_ros/include
-- Configured cppcheck exclude dirs and/or files: 
-- Added test 'cpplint' to check C / C++ code against the Google style
-- Configured cpplint exclude dirs and/or files: 
-- Added test 'flake8' to check Python code syntax and style conventions
-- Configured 'flake8' exclude dirs and/or files: 
-- Added test 'lint_cmake' to check CMake code style
-- Added test 'pep257' to check Python code against some of the docstring style conventions in PEP 257
-- Added test 'uncrustify' to check C / C++ code style
-- Configured uncrustify additional arguments: 
-- Added test 'xmllint' to check XML markup files
-- Configuring done
-- Generating done
-- Build files have been written to: /home/ueshiba/ros2_ws/build/aruco_ros
[35m[1mConsolidate compiler generated dependencies of target aruco_ros_utils[0m
[35m[1mConsolidate compiler generated dependencies of target single[0m
[35m[1mConsolidate compiler generated dependencies of target marker_publisher[0m
[35m[1mConsolidate compiler generated dependencies of target double[0m
[ 18%] Built target aruco_ros_utils
[ 54%] Built target marker_publisher
[100%] Built target double
[100%] Built target single
-- Install configuration: ""
-- Execute custom install script
-- Up-to-date symlink: /home/ueshiba/ros2_ws/install/aruco_ros/lib/libaruco_ros_utils.so
-- Up-to-date symlink: /home/ueshiba/ros2_ws/install/aruco_ros/lib/aruco_ros/marker_publisher
-- Up-to-date symlink: /home/ueshiba/ros2_ws/install/aruco_ros/lib/aruco_ros/single
-- Up-to-date symlink: /home/ueshiba/ros2_ws/install/aruco_ros/lib/aruco_ros/double
-- Up-to-date symlink: /home/ueshiba/ros2_ws/install/aruco_ros/share/aruco_ros/etc/marker26_5cm.jpg
-- Up-to-date symlink: /home/ueshiba/ros2_ws/install/aruco_ros/share/aruco_ros/etc/marker26_5cm_margin_1cm.jpg
-- Up-to-date symlink: /home/ueshiba/ros2_ws/install/aruco_ros/share/aruco_ros/etc/marker26_5cm_margin_2cm.jpg
-- Up-to-date symlink: /home/ueshiba/ros2_ws/install/aruco_ros/share/aruco_ros/etc/marker582_5cm.jpg
-- Up-to-date symlink: /home/ueshiba/ros2_ws/install/aruco_ros/share/aruco_ros/etc/marker582_5cm_margin_2cm.jpg
-- Up-to-date symlink: /home/ueshiba/ros2_ws/install/aruco_ros/share/aruco_ros/etc/marker_in_hand.jpg
-- Up-to-date symlink: /home/ueshiba/ros2_ws/install/aruco_ros/share/aruco_ros/etc/marker_in_object.jpg
-- Up-to-date symlink: /home/ueshiba/ros2_ws/install/aruco_ros/share/aruco_ros/etc/new_coordinates.png
-- Up-to-date symlink: /home/ueshiba/ros2_ws/install/aruco_ros/share/aruco_ros/etc/reem_gazebo_floating_marker.png
-- Up-to-date symlink: /home/ueshiba/ros2_ws/install/aruco_ros/share/aruco_ros/etc/reem_gazebo_floating_marker_world.png
-- Up-to-date symlink: /home/ueshiba/ros2_ws/install/aruco_ros/share/aruco_ros/launch/double.launch.py
-- Up-to-date symlink: /home/ueshiba/ros2_ws/install/aruco_ros/share/aruco_ros/launch/marker_publisher.launch.py
-- Up-to-date symlink: /home/ueshiba/ros2_ws/install/aruco_ros/share/aruco_ros/launch/single.launch.py
-- Up-to-date symlink: /home/ueshiba/ros2_ws/install/aruco_ros/share/ament_index/resource_index/package_run_dependencies/aruco_ros
-- Up-to-date symlink: /home/ueshiba/ros2_ws/install/aruco_ros/share/ament_index/resource_index/parent_prefix_path/aruco_ros
-- Up-to-date symlink: /home/ueshiba/ros2_ws/install/aruco_ros/share/aruco_ros/environment/ament_prefix_path.sh
-- Up-to-date symlink: /home/ueshiba/ros2_ws/install/aruco_ros/share/aruco_ros/environment/ament_prefix_path.dsv
-- Up-to-date symlink: /home/ueshiba/ros2_ws/install/aruco_ros/share/aruco_ros/environment/path.sh
-- Up-to-date symlink: /home/ueshiba/ros2_ws/install/aruco_ros/share/aruco_ros/environment/path.dsv
-- Up-to-date symlink: /home/ueshiba/ros2_ws/install/aruco_ros/share/aruco_ros/local_setup.bash
-- Up-to-date symlink: /home/ueshiba/ros2_ws/install/aruco_ros/share/aruco_ros/local_setup.sh
-- Up-to-date symlink: /home/ueshiba/ros2_ws/install/aruco_ros/share/aruco_ros/local_setup.zsh
-- Up-to-date symlink: /home/ueshiba/ros2_ws/install/aruco_ros/share/aruco_ros/local_setup.dsv
-- Symlinking: /home/ueshiba/ros2_ws/install/aruco_ros/share/aruco_ros/package.dsv
-- Up-to-date symlink: /home/ueshiba/ros2_ws/install/aruco_ros/share/ament_index/resource_index/packages/aruco_ros
-- Up-to-date symlink: /home/ueshiba/ros2_ws/install/aruco_ros/share/aruco_ros/cmake/aruco_rosConfig.cmake
-- Up-to-date symlink: /home/ueshiba/ros2_ws/install/aruco_ros/share/aruco_ros/cmake/aruco_rosConfig-version.cmake
-- Up-to-date symlink: /home/ueshiba/ros2_ws/install/aruco_ros/share/aruco_ros/package.xml
-- Up-to-date: /home/ueshiba/ros2_ws/install/aruco_ros/include
-- Up-to-date: /home/ueshiba/ros2_ws/install/aruco_ros/include/aruco_ros
