[0.030s] Invoking command in '/home/ueshiba/ros2_ws/build/aruco_ros': CMAKE_PREFIX_PATH=/home/ueshiba/ros2_ws/install/aruco_msgs:/home/ueshiba/ros2_ws/install/aruco:/home/ueshiba/ros2_ws/install/ur_simulation_gz:/home/ueshiba/ros2_ws/install/realsense2_description:/home/ueshiba/ros2_ws/install/realsense2_camera:/home/ueshiba/ros2_ws/install/realsense2_camera_msgs:/home/ueshiba/ros2_ws/install/cu_bridge:/home/ueshiba/ros2_ws/install/aist_handeye_calibration:/home/ueshiba/ros2_ws/install/aist_aruco_ros:/home/ueshiba/ros2_ws/install/aist_utility:/home/ueshiba/ros2_ws/install/aist_phoxi_camera:/home/ueshiba/ros2_ws/install/aist_camera_multiplexer:/home/ueshiba/ros2_ws/install/ddynamic_reconfigure2:/home/ueshiba/ros2_ws/install/aruco_ros:/home/ueshiba/ros2_ws/install/aist_msgs:/home/ueshiba/ros2_ws/install/aist_handeye_calibration_msgs:/home/ueshiba/ros2_ws/install/aist_description:/home/ueshiba/ros2_ws/install/aist_aruco_msgs:/home/ueshiba/ros2_ws/install/rqt_reconfigure:/opt/ros/rolling LD_LIBRARY_PATH=/home/ueshiba/ros2_ws/install/aruco_msgs/lib:/home/ueshiba/ros2_ws/install/aruco/lib:/home/ueshiba/ros2_ws/install/realsense2_camera/lib:/home/ueshiba/ros2_ws/install/realsense2_camera_msgs/lib:/home/ueshiba/ros2_ws/install/cu_bridge/lib:/home/ueshiba/ros2_ws/install/aist_handeye_calibration/lib:/home/ueshiba/ros2_ws/install/aist_aruco_ros/lib:/home/ueshiba/ros2_ws/install/aist_utility/lib:/home/ueshiba/ros2_ws/install/aist_phoxi_camera/lib:/home/ueshiba/ros2_ws/install/aist_camera_multiplexer/lib:/home/ueshiba/ros2_ws/install/ddynamic_reconfigure2/lib:/home/ueshiba/ros2_ws/install/aruco_ros/lib:/home/ueshiba/ros2_ws/install/aist_msgs/lib:/home/ueshiba/ros2_ws/install/aist_handeye_calibration_msgs/lib:/home/ueshiba/ros2_ws/install/aist_aruco_msgs/lib:/opt/ros/rolling/opt/rviz_ogre_vendor/lib:/opt/ros/rolling/lib/x86_64-linux-gnu:/opt/ros/rolling/lib:/usr/local/lib:/usr/lib64:/usr/local/cuda-12.5/lib64:/opt/Photoneo/PhoXiControl-1.13.1/API/lib PS1=\[\e]0;\u@\h: \w\a\]\h% PYTHONPATH=/home/ueshiba/ros2_ws/install/aruco_msgs/lib/python3.10/site-packages:/home/ueshiba/ros2_ws/build/rqt_reconfigure/src:/home/ueshiba/ros2_ws/install/rqt_reconfigure/lib/python3.10/site-packages:/home/ueshiba/ros2_ws/install/realsense2_camera_msgs/lib/python3.10/site-packages:/home/ueshiba/ros2_ws/install/aist_handeye_calibration/lib/python3.10/site-packages:/home/ueshiba/ros2_ws/install/aist_camera_multiplexer/lib/python3.10/site-packages:/home/ueshiba/ros2_ws/install/ddynamic_reconfigure2/lib/python3.10/site-packages:/home/ueshiba/ros2_ws/install/aist_msgs/lib/python3.10/site-packages:/home/ueshiba/ros2_ws/install/aist_handeye_calibration_msgs/lib/python3.10/site-packages:/home/ueshiba/ros2_ws/install/aist_aruco_msgs/lib/python3.10/site-packages:/opt/ros/rolling/lib/python3.10/site-packages /usr/bin/cmake /home/ueshiba/ros2_ws/src/artros/third_party/aruco_ros/aruco_ros -DAMENT_CMAKE_SYMLINK_INSTALL=1 -DCMAKE_INSTALL_PREFIX=/home/ueshiba/ros2_ws/install/aruco_ros
[0.062s] -- The C compiler identification is GNU 11.4.0
[0.097s] -- The CXX compiler identification is GNU 11.4.0
[0.101s] -- Detecting C compiler ABI info
[0.146s] -- Detecting C compiler ABI info - done
[0.152s] -- Check for working C compiler: /usr/bin/cc - skipped
[0.153s] -- Detecting C compile features
[0.153s] -- Detecting C compile features - done
[0.155s] -- Detecting CXX compiler ABI info
[0.203s] -- Detecting CXX compiler ABI info - done
[0.209s] -- Check for working CXX compiler: /usr/bin/c++ - skipped
[0.209s] -- Detecting CXX compile features
[0.209s] -- Detecting CXX compile features - done
[0.211s] -- Found ament_cmake: 2.3.2 (/opt/ros/rolling/share/ament_cmake/cmake)
[0.322s] -- Found Python3: /usr/bin/python3.10 (found version "3.10.12") found components: Interpreter 
[0.361s] -- Override CMake install command with custom implementation using symlinks instead of copying resources
[0.391s] -- Found OpenCV: /usr (found version "4.5.4") 
[0.392s] -- Found cv_bridge: 3.4.0 (/opt/ros/rolling/share/cv_bridge/cmake)
[0.423s] -- Found rosidl_generator_c: 4.5.1 (/opt/ros/rolling/share/rosidl_generator_c/cmake)
[0.432s] -- Found rosidl_generator_cpp: 4.5.1 (/opt/ros/rolling/share/rosidl_generator_cpp/cmake)
[0.443s] -- Using all available rosidl_typesupport_c: rosidl_typesupport_fastrtps_c;rosidl_typesupport_introspection_c
[0.457s] -- Using all available rosidl_typesupport_cpp: rosidl_typesupport_fastrtps_cpp;rosidl_typesupport_introspection_cpp
[0.649s] -- Found rmw_implementation_cmake: 7.3.0 (/opt/ros/rolling/share/rmw_implementation_cmake/cmake)
[0.652s] -- Found rmw_fastrtps_cpp: 8.2.0 (/opt/ros/rolling/share/rmw_fastrtps_cpp/cmake)
[0.718s] -- Found OpenSSL: /usr/lib/x86_64-linux-gnu/libcrypto.so (found version "3.0.2")  
[0.738s] -- Found FastRTPS: /opt/ros/rolling/include  
[0.771s] -- Using RMW implementation 'rmw_fastrtps_cpp' as default
[0.893s] -- Found image_transport: 5.1.0 (/opt/ros/rolling/share/image_transport/cmake)
[0.934s] -- Found rclpy: 7.0.1 (/opt/ros/rolling/share/rclpy/cmake)
[0.936s] -- Found tf2: 0.36.0 (/opt/ros/rolling/share/tf2/cmake)
[0.943s] -- Found tf2_ros: 0.36.0 (/opt/ros/rolling/share/tf2_ros/cmake)
[1.207s] -- Found tf2_geometry_msgs: 0.36.0 (/opt/ros/rolling/share/tf2_geometry_msgs/cmake)
[1.220s] -- Found eigen3_cmake_module: 0.3.0 (/opt/ros/rolling/share/eigen3_cmake_module/cmake)
[1.221s] -- Found Eigen3: TRUE (found version "3.4.0") 
[1.221s] -- Ensuring Eigen3 include directory is part of orocos-kdl CMake target
[1.227s] -- Found aruco: 5.0.5 (/home/ueshiba/ros2_ws/install/aruco/share/aruco/cmake)
[1.228s] -- Found aruco_msgs: 5.0.5 (/home/ueshiba/ros2_ws/install/aruco_msgs/share/aruco_msgs/cmake)
[1.267s] -- Found visualization_msgs: 5.3.0 (/opt/ros/rolling/share/visualization_msgs/cmake)
[1.378s] -- Found ament_lint_auto: 0.16.3 (/opt/ros/rolling/share/ament_lint_auto/cmake)
[1.435s] -- Added test 'cppcheck' to perform static code analysis on C / C++ code
[1.435s] -- Configured cppcheck include dirs: /home/ueshiba/ros2_ws/src/artros/third_party/aruco_ros/aruco_ros/include
[1.435s] -- Configured cppcheck exclude dirs and/or files: 
[1.436s] -- Added test 'cpplint' to check C / C++ code against the Google style
[1.436s] -- Configured cpplint exclude dirs and/or files: 
[1.436s] -- Added test 'flake8' to check Python code syntax and style conventions
[1.436s] -- Configured 'flake8' exclude dirs and/or files: 
[1.437s] -- Added test 'lint_cmake' to check CMake code style
[1.437s] -- Added test 'pep257' to check Python code against some of the docstring style conventions in PEP 257
[1.438s] -- Added test 'uncrustify' to check C / C++ code style
[1.438s] -- Configured uncrustify additional arguments: 
[1.438s] -- Added test 'xmllint' to check XML markup files
[1.439s] -- Configuring done
[1.461s] -- Generating done
[1.462s] -- Build files have been written to: /home/ueshiba/ros2_ws/build/aruco_ros
[1.470s] Invoked command in '/home/ueshiba/ros2_ws/build/aruco_ros' returned '0': CMAKE_PREFIX_PATH=/home/ueshiba/ros2_ws/install/aruco_msgs:/home/ueshiba/ros2_ws/install/aruco:/home/ueshiba/ros2_ws/install/ur_simulation_gz:/home/ueshiba/ros2_ws/install/realsense2_description:/home/ueshiba/ros2_ws/install/realsense2_camera:/home/ueshiba/ros2_ws/install/realsense2_camera_msgs:/home/ueshiba/ros2_ws/install/cu_bridge:/home/ueshiba/ros2_ws/install/aist_handeye_calibration:/home/ueshiba/ros2_ws/install/aist_aruco_ros:/home/ueshiba/ros2_ws/install/aist_utility:/home/ueshiba/ros2_ws/install/aist_phoxi_camera:/home/ueshiba/ros2_ws/install/aist_camera_multiplexer:/home/ueshiba/ros2_ws/install/ddynamic_reconfigure2:/home/ueshiba/ros2_ws/install/aruco_ros:/home/ueshiba/ros2_ws/install/aist_msgs:/home/ueshiba/ros2_ws/install/aist_handeye_calibration_msgs:/home/ueshiba/ros2_ws/install/aist_description:/home/ueshiba/ros2_ws/install/aist_aruco_msgs:/home/ueshiba/ros2_ws/install/rqt_reconfigure:/opt/ros/rolling LD_LIBRARY_PATH=/home/ueshiba/ros2_ws/install/aruco_msgs/lib:/home/ueshiba/ros2_ws/install/aruco/lib:/home/ueshiba/ros2_ws/install/realsense2_camera/lib:/home/ueshiba/ros2_ws/install/realsense2_camera_msgs/lib:/home/ueshiba/ros2_ws/install/cu_bridge/lib:/home/ueshiba/ros2_ws/install/aist_handeye_calibration/lib:/home/ueshiba/ros2_ws/install/aist_aruco_ros/lib:/home/ueshiba/ros2_ws/install/aist_utility/lib:/home/ueshiba/ros2_ws/install/aist_phoxi_camera/lib:/home/ueshiba/ros2_ws/install/aist_camera_multiplexer/lib:/home/ueshiba/ros2_ws/install/ddynamic_reconfigure2/lib:/home/ueshiba/ros2_ws/install/aruco_ros/lib:/home/ueshiba/ros2_ws/install/aist_msgs/lib:/home/ueshiba/ros2_ws/install/aist_handeye_calibration_msgs/lib:/home/ueshiba/ros2_ws/install/aist_aruco_msgs/lib:/opt/ros/rolling/opt/rviz_ogre_vendor/lib:/opt/ros/rolling/lib/x86_64-linux-gnu:/opt/ros/rolling/lib:/usr/local/lib:/usr/lib64:/usr/local/cuda-12.5/lib64:/opt/Photoneo/PhoXiControl-1.13.1/API/lib PS1=\[\e]0;\u@\h: \w\a\]\h% PYTHONPATH=/home/ueshiba/ros2_ws/install/aruco_msgs/lib/python3.10/site-packages:/home/ueshiba/ros2_ws/build/rqt_reconfigure/src:/home/ueshiba/ros2_ws/install/rqt_reconfigure/lib/python3.10/site-packages:/home/ueshiba/ros2_ws/install/realsense2_camera_msgs/lib/python3.10/site-packages:/home/ueshiba/ros2_ws/install/aist_handeye_calibration/lib/python3.10/site-packages:/home/ueshiba/ros2_ws/install/aist_camera_multiplexer/lib/python3.10/site-packages:/home/ueshiba/ros2_ws/install/ddynamic_reconfigure2/lib/python3.10/site-packages:/home/ueshiba/ros2_ws/install/aist_msgs/lib/python3.10/site-packages:/home/ueshiba/ros2_ws/install/aist_handeye_calibration_msgs/lib/python3.10/site-packages:/home/ueshiba/ros2_ws/install/aist_aruco_msgs/lib/python3.10/site-packages:/opt/ros/rolling/lib/python3.10/site-packages /usr/bin/cmake /home/ueshiba/ros2_ws/src/artros/third_party/aruco_ros/aruco_ros -DAMENT_CMAKE_SYMLINK_INSTALL=1 -DCMAKE_INSTALL_PREFIX=/home/ueshiba/ros2_ws/install/aruco_ros
[1.472s] Invoking command in '/home/ueshiba/ros2_ws/build/aruco_ros': CMAKE_PREFIX_PATH=/home/ueshiba/ros2_ws/install/aruco_msgs:/home/ueshiba/ros2_ws/install/aruco:/home/ueshiba/ros2_ws/install/ur_simulation_gz:/home/ueshiba/ros2_ws/install/realsense2_description:/home/ueshiba/ros2_ws/install/realsense2_camera:/home/ueshiba/ros2_ws/install/realsense2_camera_msgs:/home/ueshiba/ros2_ws/install/cu_bridge:/home/ueshiba/ros2_ws/install/aist_handeye_calibration:/home/ueshiba/ros2_ws/install/aist_aruco_ros:/home/ueshiba/ros2_ws/install/aist_utility:/home/ueshiba/ros2_ws/install/aist_phoxi_camera:/home/ueshiba/ros2_ws/install/aist_camera_multiplexer:/home/ueshiba/ros2_ws/install/ddynamic_reconfigure2:/home/ueshiba/ros2_ws/install/aruco_ros:/home/ueshiba/ros2_ws/install/aist_msgs:/home/ueshiba/ros2_ws/install/aist_handeye_calibration_msgs:/home/ueshiba/ros2_ws/install/aist_description:/home/ueshiba/ros2_ws/install/aist_aruco_msgs:/home/ueshiba/ros2_ws/install/rqt_reconfigure:/opt/ros/rolling LD_LIBRARY_PATH=/home/ueshiba/ros2_ws/install/aruco_msgs/lib:/home/ueshiba/ros2_ws/install/aruco/lib:/home/ueshiba/ros2_ws/install/realsense2_camera/lib:/home/ueshiba/ros2_ws/install/realsense2_camera_msgs/lib:/home/ueshiba/ros2_ws/install/cu_bridge/lib:/home/ueshiba/ros2_ws/install/aist_handeye_calibration/lib:/home/ueshiba/ros2_ws/install/aist_aruco_ros/lib:/home/ueshiba/ros2_ws/install/aist_utility/lib:/home/ueshiba/ros2_ws/install/aist_phoxi_camera/lib:/home/ueshiba/ros2_ws/install/aist_camera_multiplexer/lib:/home/ueshiba/ros2_ws/install/ddynamic_reconfigure2/lib:/home/ueshiba/ros2_ws/install/aruco_ros/lib:/home/ueshiba/ros2_ws/install/aist_msgs/lib:/home/ueshiba/ros2_ws/install/aist_handeye_calibration_msgs/lib:/home/ueshiba/ros2_ws/install/aist_aruco_msgs/lib:/opt/ros/rolling/opt/rviz_ogre_vendor/lib:/opt/ros/rolling/lib/x86_64-linux-gnu:/opt/ros/rolling/lib:/usr/local/lib:/usr/lib64:/usr/local/cuda-12.5/lib64:/opt/Photoneo/PhoXiControl-1.13.1/API/lib PS1=\[\e]0;\u@\h: \w\a\]\h% PYTHONPATH=/home/ueshiba/ros2_ws/install/aruco_msgs/lib/python3.10/site-packages:/home/ueshiba/ros2_ws/build/rqt_reconfigure/src:/home/ueshiba/ros2_ws/install/rqt_reconfigure/lib/python3.10/site-packages:/home/ueshiba/ros2_ws/install/realsense2_camera_msgs/lib/python3.10/site-packages:/home/ueshiba/ros2_ws/install/aist_handeye_calibration/lib/python3.10/site-packages:/home/ueshiba/ros2_ws/install/aist_camera_multiplexer/lib/python3.10/site-packages:/home/ueshiba/ros2_ws/install/ddynamic_reconfigure2/lib/python3.10/site-packages:/home/ueshiba/ros2_ws/install/aist_msgs/lib/python3.10/site-packages:/home/ueshiba/ros2_ws/install/aist_handeye_calibration_msgs/lib/python3.10/site-packages:/home/ueshiba/ros2_ws/install/aist_aruco_msgs/lib/python3.10/site-packages:/opt/ros/rolling/lib/python3.10/site-packages /usr/bin/cmake --build /home/ueshiba/ros2_ws/build/aruco_ros -- -j24 -l24
[1.498s] [35m[1mConsolidate compiler generated dependencies of target aruco_ros_utils[0m
[1.498s] [35m[1mConsolidate compiler generated dependencies of target single[0m
[1.498s] [35m[1mConsolidate compiler generated dependencies of target marker_publisher[0m
[1.498s] [35m[1mConsolidate compiler generated dependencies of target double[0m
[1.505s] [ 18%] Built target aruco_ros_utils
[1.510s] [ 54%] Built target marker_publisher
[1.510s] [100%] Built target double
[1.510s] [100%] Built target single
[1.517s] Invoked command in '/home/ueshiba/ros2_ws/build/aruco_ros' returned '0': CMAKE_PREFIX_PATH=/home/ueshiba/ros2_ws/install/aruco_msgs:/home/ueshiba/ros2_ws/install/aruco:/home/ueshiba/ros2_ws/install/ur_simulation_gz:/home/ueshiba/ros2_ws/install/realsense2_description:/home/ueshiba/ros2_ws/install/realsense2_camera:/home/ueshiba/ros2_ws/install/realsense2_camera_msgs:/home/ueshiba/ros2_ws/install/cu_bridge:/home/ueshiba/ros2_ws/install/aist_handeye_calibration:/home/ueshiba/ros2_ws/install/aist_aruco_ros:/home/ueshiba/ros2_ws/install/aist_utility:/home/ueshiba/ros2_ws/install/aist_phoxi_camera:/home/ueshiba/ros2_ws/install/aist_camera_multiplexer:/home/ueshiba/ros2_ws/install/ddynamic_reconfigure2:/home/ueshiba/ros2_ws/install/aruco_ros:/home/ueshiba/ros2_ws/install/aist_msgs:/home/ueshiba/ros2_ws/install/aist_handeye_calibration_msgs:/home/ueshiba/ros2_ws/install/aist_description:/home/ueshiba/ros2_ws/install/aist_aruco_msgs:/home/ueshiba/ros2_ws/install/rqt_reconfigure:/opt/ros/rolling LD_LIBRARY_PATH=/home/ueshiba/ros2_ws/install/aruco_msgs/lib:/home/ueshiba/ros2_ws/install/aruco/lib:/home/ueshiba/ros2_ws/install/realsense2_camera/lib:/home/ueshiba/ros2_ws/install/realsense2_camera_msgs/lib:/home/ueshiba/ros2_ws/install/cu_bridge/lib:/home/ueshiba/ros2_ws/install/aist_handeye_calibration/lib:/home/ueshiba/ros2_ws/install/aist_aruco_ros/lib:/home/ueshiba/ros2_ws/install/aist_utility/lib:/home/ueshiba/ros2_ws/install/aist_phoxi_camera/lib:/home/ueshiba/ros2_ws/install/aist_camera_multiplexer/lib:/home/ueshiba/ros2_ws/install/ddynamic_reconfigure2/lib:/home/ueshiba/ros2_ws/install/aruco_ros/lib:/home/ueshiba/ros2_ws/install/aist_msgs/lib:/home/ueshiba/ros2_ws/install/aist_handeye_calibration_msgs/lib:/home/ueshiba/ros2_ws/install/aist_aruco_msgs/lib:/opt/ros/rolling/opt/rviz_ogre_vendor/lib:/opt/ros/rolling/lib/x86_64-linux-gnu:/opt/ros/rolling/lib:/usr/local/lib:/usr/lib64:/usr/local/cuda-12.5/lib64:/opt/Photoneo/PhoXiControl-1.13.1/API/lib PS1=\[\e]0;\u@\h: \w\a\]\h% PYTHONPATH=/home/ueshiba/ros2_ws/install/aruco_msgs/lib/python3.10/site-packages:/home/ueshiba/ros2_ws/build/rqt_reconfigure/src:/home/ueshiba/ros2_ws/install/rqt_reconfigure/lib/python3.10/site-packages:/home/ueshiba/ros2_ws/install/realsense2_camera_msgs/lib/python3.10/site-packages:/home/ueshiba/ros2_ws/install/aist_handeye_calibration/lib/python3.10/site-packages:/home/ueshiba/ros2_ws/install/aist_camera_multiplexer/lib/python3.10/site-packages:/home/ueshiba/ros2_ws/install/ddynamic_reconfigure2/lib/python3.10/site-packages:/home/ueshiba/ros2_ws/install/aist_msgs/lib/python3.10/site-packages:/home/ueshiba/ros2_ws/install/aist_handeye_calibration_msgs/lib/python3.10/site-packages:/home/ueshiba/ros2_ws/install/aist_aruco_msgs/lib/python3.10/site-packages:/opt/ros/rolling/lib/python3.10/site-packages /usr/bin/cmake --build /home/ueshiba/ros2_ws/build/aruco_ros -- -j24 -l24
[1.542s] Invoking command in '/home/ueshiba/ros2_ws/build/aruco_ros': CMAKE_PREFIX_PATH=/home/ueshiba/ros2_ws/install/aruco_msgs:/home/ueshiba/ros2_ws/install/aruco:/home/ueshiba/ros2_ws/install/ur_simulation_gz:/home/ueshiba/ros2_ws/install/realsense2_description:/home/ueshiba/ros2_ws/install/realsense2_camera:/home/ueshiba/ros2_ws/install/realsense2_camera_msgs:/home/ueshiba/ros2_ws/install/cu_bridge:/home/ueshiba/ros2_ws/install/aist_handeye_calibration:/home/ueshiba/ros2_ws/install/aist_aruco_ros:/home/ueshiba/ros2_ws/install/aist_utility:/home/ueshiba/ros2_ws/install/aist_phoxi_camera:/home/ueshiba/ros2_ws/install/aist_camera_multiplexer:/home/ueshiba/ros2_ws/install/ddynamic_reconfigure2:/home/ueshiba/ros2_ws/install/aruco_ros:/home/ueshiba/ros2_ws/install/aist_msgs:/home/ueshiba/ros2_ws/install/aist_handeye_calibration_msgs:/home/ueshiba/ros2_ws/install/aist_description:/home/ueshiba/ros2_ws/install/aist_aruco_msgs:/home/ueshiba/ros2_ws/install/rqt_reconfigure:/opt/ros/rolling LD_LIBRARY_PATH=/home/ueshiba/ros2_ws/install/aruco_msgs/lib:/home/ueshiba/ros2_ws/install/aruco/lib:/home/ueshiba/ros2_ws/install/realsense2_camera/lib:/home/ueshiba/ros2_ws/install/realsense2_camera_msgs/lib:/home/ueshiba/ros2_ws/install/cu_bridge/lib:/home/ueshiba/ros2_ws/install/aist_handeye_calibration/lib:/home/ueshiba/ros2_ws/install/aist_aruco_ros/lib:/home/ueshiba/ros2_ws/install/aist_utility/lib:/home/ueshiba/ros2_ws/install/aist_phoxi_camera/lib:/home/ueshiba/ros2_ws/install/aist_camera_multiplexer/lib:/home/ueshiba/ros2_ws/install/ddynamic_reconfigure2/lib:/home/ueshiba/ros2_ws/install/aruco_ros/lib:/home/ueshiba/ros2_ws/install/aist_msgs/lib:/home/ueshiba/ros2_ws/install/aist_handeye_calibration_msgs/lib:/home/ueshiba/ros2_ws/install/aist_aruco_msgs/lib:/opt/ros/rolling/opt/rviz_ogre_vendor/lib:/opt/ros/rolling/lib/x86_64-linux-gnu:/opt/ros/rolling/lib:/usr/local/lib:/usr/lib64:/usr/local/cuda-12.5/lib64:/opt/Photoneo/PhoXiControl-1.13.1/API/lib PS1=\[\e]0;\u@\h: \w\a\]\h% PYTHONPATH=/home/ueshiba/ros2_ws/install/aruco_msgs/lib/python3.10/site-packages:/home/ueshiba/ros2_ws/build/rqt_reconfigure/src:/home/ueshiba/ros2_ws/install/rqt_reconfigure/lib/python3.10/site-packages:/home/ueshiba/ros2_ws/install/realsense2_camera_msgs/lib/python3.10/site-packages:/home/ueshiba/ros2_ws/install/aist_handeye_calibration/lib/python3.10/site-packages:/home/ueshiba/ros2_ws/install/aist_camera_multiplexer/lib/python3.10/site-packages:/home/ueshiba/ros2_ws/install/ddynamic_reconfigure2/lib/python3.10/site-packages:/home/ueshiba/ros2_ws/install/aist_msgs/lib/python3.10/site-packages:/home/ueshiba/ros2_ws/install/aist_handeye_calibration_msgs/lib/python3.10/site-packages:/home/ueshiba/ros2_ws/install/aist_aruco_msgs/lib/python3.10/site-packages:/opt/ros/rolling/lib/python3.10/site-packages /usr/bin/cmake --install /home/ueshiba/ros2_ws/build/aruco_ros
[1.546s] -- Install configuration: ""
[1.546s] -- Execute custom install script
[1.546s] -- Up-to-date symlink: /home/ueshiba/ros2_ws/install/aruco_ros/lib/libaruco_ros_utils.so
[1.547s] -- Up-to-date symlink: /home/ueshiba/ros2_ws/install/aruco_ros/lib/aruco_ros/marker_publisher
[1.547s] -- Up-to-date symlink: /home/ueshiba/ros2_ws/install/aruco_ros/lib/aruco_ros/single
[1.547s] -- Up-to-date symlink: /home/ueshiba/ros2_ws/install/aruco_ros/lib/aruco_ros/double
[1.547s] -- Up-to-date symlink: /home/ueshiba/ros2_ws/install/aruco_ros/share/aruco_ros/etc/marker26_5cm.jpg
[1.547s] -- Up-to-date symlink: /home/ueshiba/ros2_ws/install/aruco_ros/share/aruco_ros/etc/marker26_5cm_margin_1cm.jpg
[1.547s] -- Up-to-date symlink: /home/ueshiba/ros2_ws/install/aruco_ros/share/aruco_ros/etc/marker26_5cm_margin_2cm.jpg
[1.547s] -- Up-to-date symlink: /home/ueshiba/ros2_ws/install/aruco_ros/share/aruco_ros/etc/marker582_5cm.jpg
[1.547s] -- Up-to-date symlink: /home/ueshiba/ros2_ws/install/aruco_ros/share/aruco_ros/etc/marker582_5cm_margin_2cm.jpg
[1.547s] -- Up-to-date symlink: /home/ueshiba/ros2_ws/install/aruco_ros/share/aruco_ros/etc/marker_in_hand.jpg
[1.547s] -- Up-to-date symlink: /home/ueshiba/ros2_ws/install/aruco_ros/share/aruco_ros/etc/marker_in_object.jpg
[1.547s] -- Up-to-date symlink: /home/ueshiba/ros2_ws/install/aruco_ros/share/aruco_ros/etc/new_coordinates.png
[1.547s] -- Up-to-date symlink: /home/ueshiba/ros2_ws/install/aruco_ros/share/aruco_ros/etc/reem_gazebo_floating_marker.png
[1.547s] -- Up-to-date symlink: /home/ueshiba/ros2_ws/install/aruco_ros/share/aruco_ros/etc/reem_gazebo_floating_marker_world.png
[1.547s] -- Up-to-date symlink: /home/ueshiba/ros2_ws/install/aruco_ros/share/aruco_ros/launch/double.launch.py
[1.547s] -- Up-to-date symlink: /home/ueshiba/ros2_ws/install/aruco_ros/share/aruco_ros/launch/marker_publisher.launch.py
[1.547s] -- Up-to-date symlink: /home/ueshiba/ros2_ws/install/aruco_ros/share/aruco_ros/launch/single.launch.py
[1.547s] -- Up-to-date symlink: /home/ueshiba/ros2_ws/install/aruco_ros/share/ament_index/resource_index/package_run_dependencies/aruco_ros
[1.547s] -- Up-to-date symlink: /home/ueshiba/ros2_ws/install/aruco_ros/share/ament_index/resource_index/parent_prefix_path/aruco_ros
[1.548s] -- Up-to-date symlink: /home/ueshiba/ros2_ws/install/aruco_ros/share/aruco_ros/environment/ament_prefix_path.sh
[1.548s] -- Up-to-date symlink: /home/ueshiba/ros2_ws/install/aruco_ros/share/aruco_ros/environment/ament_prefix_path.dsv
[1.548s] -- Up-to-date symlink: /home/ueshiba/ros2_ws/install/aruco_ros/share/aruco_ros/environment/path.sh
[1.548s] -- Up-to-date symlink: /home/ueshiba/ros2_ws/install/aruco_ros/share/aruco_ros/environment/path.dsv
[1.548s] -- Up-to-date symlink: /home/ueshiba/ros2_ws/install/aruco_ros/share/aruco_ros/local_setup.bash
[1.548s] -- Up-to-date symlink: /home/ueshiba/ros2_ws/install/aruco_ros/share/aruco_ros/local_setup.sh
[1.548s] -- Up-to-date symlink: /home/ueshiba/ros2_ws/install/aruco_ros/share/aruco_ros/local_setup.zsh
[1.548s] -- Up-to-date symlink: /home/ueshiba/ros2_ws/install/aruco_ros/share/aruco_ros/local_setup.dsv
[1.548s] -- Symlinking: /home/ueshiba/ros2_ws/install/aruco_ros/share/aruco_ros/package.dsv
[1.553s] -- Up-to-date symlink: /home/ueshiba/ros2_ws/install/aruco_ros/share/ament_index/resource_index/packages/aruco_ros
[1.553s] -- Up-to-date symlink: /home/ueshiba/ros2_ws/install/aruco_ros/share/aruco_ros/cmake/aruco_rosConfig.cmake
[1.553s] -- Up-to-date symlink: /home/ueshiba/ros2_ws/install/aruco_ros/share/aruco_ros/cmake/aruco_rosConfig-version.cmake
[1.554s] -- Up-to-date symlink: /home/ueshiba/ros2_ws/install/aruco_ros/share/aruco_ros/package.xml
[1.554s] -- Up-to-date: /home/ueshiba/ros2_ws/install/aruco_ros/include
[1.554s] -- Up-to-date: /home/ueshiba/ros2_ws/install/aruco_ros/include/aruco_ros
[1.555s] Invoked command in '/home/ueshiba/ros2_ws/build/aruco_ros' returned '0': CMAKE_PREFIX_PATH=/home/ueshiba/ros2_ws/install/aruco_msgs:/home/ueshiba/ros2_ws/install/aruco:/home/ueshiba/ros2_ws/install/ur_simulation_gz:/home/ueshiba/ros2_ws/install/realsense2_description:/home/ueshiba/ros2_ws/install/realsense2_camera:/home/ueshiba/ros2_ws/install/realsense2_camera_msgs:/home/ueshiba/ros2_ws/install/cu_bridge:/home/ueshiba/ros2_ws/install/aist_handeye_calibration:/home/ueshiba/ros2_ws/install/aist_aruco_ros:/home/ueshiba/ros2_ws/install/aist_utility:/home/ueshiba/ros2_ws/install/aist_phoxi_camera:/home/ueshiba/ros2_ws/install/aist_camera_multiplexer:/home/ueshiba/ros2_ws/install/ddynamic_reconfigure2:/home/ueshiba/ros2_ws/install/aruco_ros:/home/ueshiba/ros2_ws/install/aist_msgs:/home/ueshiba/ros2_ws/install/aist_handeye_calibration_msgs:/home/ueshiba/ros2_ws/install/aist_description:/home/ueshiba/ros2_ws/install/aist_aruco_msgs:/home/ueshiba/ros2_ws/install/rqt_reconfigure:/opt/ros/rolling LD_LIBRARY_PATH=/home/ueshiba/ros2_ws/install/aruco_msgs/lib:/home/ueshiba/ros2_ws/install/aruco/lib:/home/ueshiba/ros2_ws/install/realsense2_camera/lib:/home/ueshiba/ros2_ws/install/realsense2_camera_msgs/lib:/home/ueshiba/ros2_ws/install/cu_bridge/lib:/home/ueshiba/ros2_ws/install/aist_handeye_calibration/lib:/home/ueshiba/ros2_ws/install/aist_aruco_ros/lib:/home/ueshiba/ros2_ws/install/aist_utility/lib:/home/ueshiba/ros2_ws/install/aist_phoxi_camera/lib:/home/ueshiba/ros2_ws/install/aist_camera_multiplexer/lib:/home/ueshiba/ros2_ws/install/ddynamic_reconfigure2/lib:/home/ueshiba/ros2_ws/install/aruco_ros/lib:/home/ueshiba/ros2_ws/install/aist_msgs/lib:/home/ueshiba/ros2_ws/install/aist_handeye_calibration_msgs/lib:/home/ueshiba/ros2_ws/install/aist_aruco_msgs/lib:/opt/ros/rolling/opt/rviz_ogre_vendor/lib:/opt/ros/rolling/lib/x86_64-linux-gnu:/opt/ros/rolling/lib:/usr/local/lib:/usr/lib64:/usr/local/cuda-12.5/lib64:/opt/Photoneo/PhoXiControl-1.13.1/API/lib PS1=\[\e]0;\u@\h: \w\a\]\h% PYTHONPATH=/home/ueshiba/ros2_ws/install/aruco_msgs/lib/python3.10/site-packages:/home/ueshiba/ros2_ws/build/rqt_reconfigure/src:/home/ueshiba/ros2_ws/install/rqt_reconfigure/lib/python3.10/site-packages:/home/ueshiba/ros2_ws/install/realsense2_camera_msgs/lib/python3.10/site-packages:/home/ueshiba/ros2_ws/install/aist_handeye_calibration/lib/python3.10/site-packages:/home/ueshiba/ros2_ws/install/aist_camera_multiplexer/lib/python3.10/site-packages:/home/ueshiba/ros2_ws/install/ddynamic_reconfigure2/lib/python3.10/site-packages:/home/ueshiba/ros2_ws/install/aist_msgs/lib/python3.10/site-packages:/home/ueshiba/ros2_ws/install/aist_handeye_calibration_msgs/lib/python3.10/site-packages:/home/ueshiba/ros2_ws/install/aist_aruco_msgs/lib/python3.10/site-packages:/opt/ros/rolling/lib/python3.10/site-packages /usr/bin/cmake --install /home/ueshiba/ros2_ws/build/aruco_ros
