[0.024s] Invoking command in '/home/ueshiba/ros2_ws/build/aist_aruco_msgs': CMAKE_PREFIX_PATH=${CMAKE_PREFIX_PATH}:/home/ueshiba/ros2_ws/install/rqt_reconfigure:/opt/ros/rolling PS1=\[\e]0;\u@\h: \w\a\]\h% /usr/bin/cmake --build /home/ueshiba/ros2_ws/build/aist_aruco_msgs -- -j24 -l24
[0.235s] [  1%] Built target aist_aruco_msgs__rosidl_generator_type_description
[0.236s] [  1%] Built target ament_cmake_python_symlink_aist_aruco_msgs
[0.236s] [  3%] Built target aist_aruco_msgs__cpp
[0.236s] [ 24%] Built target aist_aruco_msgs__rosidl_generator_c
[0.236s] [35m[1mConsolidate compiler generated dependencies of target aist_aruco_msgs__rosidl_typesupport_cpp[0m
[0.236s] [35m[1mConsolidate compiler generated dependencies of target aist_aruco_msgs__rosidl_typesupport_fastrtps_c[0m
[0.236s] [35m[1mConsolidate compiler generated dependencies of target aist_aruco_msgs__rosidl_typesupport_fastrtps_cpp[0m
[0.236s] [35m[1mConsolidate compiler generated dependencies of target aist_aruco_msgs__rosidl_typesupport_introspection_cpp[0m
[0.237s] [ 33%] Built target aist_aruco_msgs__rosidl_typesupport_cpp
[0.237s] [ 42%] Built target aist_aruco_msgs__rosidl_typesupport_fastrtps_c
[0.237s] [ 51%] Built target aist_aruco_msgs__rosidl_typesupport_c
[0.237s] [ 70%] Built target aist_aruco_msgs__rosidl_typesupport_introspection_c
[0.237s] [ 70%] Built target aist_aruco_msgs__rosidl_typesupport_fastrtps_cpp
[0.237s] [ 79%] Built target aist_aruco_msgs__rosidl_typesupport_introspection_cpp
[0.238s] [ 79%] Built target aist_aruco_msgs
[0.238s] [ 81%] Built target aist_aruco_msgs__py
[0.238s] [35m[1mConsolidate compiler generated dependencies of target aist_aruco_msgs__rosidl_generator_py[0m
[0.238s] [ 88%] Built target aist_aruco_msgs__rosidl_generator_py
[0.239s] [35m[1mConsolidate compiler generated dependencies of target aist_aruco_msgs__rosidl_typesupport_c__pyext[0m
[0.239s] [35m[1mConsolidate compiler generated dependencies of target aist_aruco_msgs__rosidl_typesupport_introspection_c__pyext[0m
[0.239s] [35m[1mConsolidate compiler generated dependencies of target aist_aruco_msgs__rosidl_typesupport_fastrtps_c__pyext[0m
[0.239s] [ 92%] Built target aist_aruco_msgs__rosidl_typesupport_introspection_c__pyext
[0.239s] [ 96%] Built target aist_aruco_msgs__rosidl_typesupport_c__pyext
[0.239s] [100%] Built target aist_aruco_msgs__rosidl_typesupport_fastrtps_c__pyext
[0.282s] running egg_info
[0.282s] writing aist_aruco_msgs.egg-info/PKG-INFO
[0.282s] writing dependency_links to aist_aruco_msgs.egg-info/dependency_links.txt
[0.283s] writing top-level names to aist_aruco_msgs.egg-info/top_level.txt
[0.284s] reading manifest file 'aist_aruco_msgs.egg-info/SOURCES.txt'
[0.285s] writing manifest file 'aist_aruco_msgs.egg-info/SOURCES.txt'
[0.304s] [100%] Built target ament_cmake_python_build_aist_aruco_msgs_egg
[0.328s] Invoked command in '/home/ueshiba/ros2_ws/build/aist_aruco_msgs' returned '0': CMAKE_PREFIX_PATH=${CMAKE_PREFIX_PATH}:/home/ueshiba/ros2_ws/install/rqt_reconfigure:/opt/ros/rolling PS1=\[\e]0;\u@\h: \w\a\]\h% /usr/bin/cmake --build /home/ueshiba/ros2_ws/build/aist_aruco_msgs -- -j24 -l24
[0.412s] Invoking command in '/home/ueshiba/ros2_ws/build/aist_aruco_msgs': CMAKE_PREFIX_PATH=${CMAKE_PREFIX_PATH}:/home/ueshiba/ros2_ws/install/rqt_reconfigure:/opt/ros/rolling PS1=\[\e]0;\u@\h: \w\a\]\h% /usr/bin/cmake --install /home/ueshiba/ros2_ws/build/aist_aruco_msgs
[0.415s] -- Install configuration: ""
[0.415s] -- Execute custom install script
[0.415s] -- Up-to-date symlink: /home/ueshiba/ros2_ws/install/aist_aruco_msgs/share/ament_index/resource_index/rosidl_interfaces/aist_aruco_msgs
[0.416s] -- Up-to-date symlink: /home/ueshiba/ros2_ws/install/aist_aruco_msgs/share/aist_aruco_msgs/msg/PointCorrespondence.json
[0.416s] -- Up-to-date symlink: /home/ueshiba/ros2_ws/install/aist_aruco_msgs/share/aist_aruco_msgs/msg/PointCorrespondenceArray.json
[0.416s] -- Up-to-date symlink: /home/ueshiba/ros2_ws/install/aist_aruco_msgs/share/aist_aruco_msgs/msg/PointCorrespondenceArrayArray.json
[0.417s] -- Up-to-date symlink: /home/ueshiba/ros2_ws/install/aist_aruco_msgs/include/aist_aruco_msgs/aist_aruco_msgs/msg/detail/point_correspondence__functions.h
[0.417s] -- Up-to-date symlink: /home/ueshiba/ros2_ws/install/aist_aruco_msgs/include/aist_aruco_msgs/aist_aruco_msgs/msg/detail/point_correspondence__struct.h
[0.417s] -- Up-to-date symlink: /home/ueshiba/ros2_ws/install/aist_aruco_msgs/include/aist_aruco_msgs/aist_aruco_msgs/msg/detail/point_correspondence__type_support.h
[0.417s] -- Up-to-date symlink: /home/ueshiba/ros2_ws/install/aist_aruco_msgs/include/aist_aruco_msgs/aist_aruco_msgs/msg/detail/point_correspondence_array__functions.h
[0.417s] -- Up-to-date symlink: /home/ueshiba/ros2_ws/install/aist_aruco_msgs/include/aist_aruco_msgs/aist_aruco_msgs/msg/detail/point_correspondence_array__struct.h
[0.417s] -- Up-to-date symlink: /home/ueshiba/ros2_ws/install/aist_aruco_msgs/include/aist_aruco_msgs/aist_aruco_msgs/msg/detail/point_correspondence_array__type_support.h
[0.417s] -- Up-to-date symlink: /home/ueshiba/ros2_ws/install/aist_aruco_msgs/include/aist_aruco_msgs/aist_aruco_msgs/msg/detail/point_correspondence_array_array__functions.h
[0.417s] -- Up-to-date symlink: /home/ueshiba/ros2_ws/install/aist_aruco_msgs/include/aist_aruco_msgs/aist_aruco_msgs/msg/detail/point_correspondence_array_array__struct.h
[0.417s] -- Up-to-date symlink: /home/ueshiba/ros2_ws/install/aist_aruco_msgs/include/aist_aruco_msgs/aist_aruco_msgs/msg/detail/point_correspondence_array_array__type_support.h
[0.418s] -- Up-to-date symlink: /home/ueshiba/ros2_ws/install/aist_aruco_msgs/include/aist_aruco_msgs/aist_aruco_msgs/msg/point_correspondence.h
[0.418s] -- Up-to-date symlink: /home/ueshiba/ros2_ws/install/aist_aruco_msgs/include/aist_aruco_msgs/aist_aruco_msgs/msg/point_correspondence_array.h
[0.418s] -- Up-to-date symlink: /home/ueshiba/ros2_ws/install/aist_aruco_msgs/include/aist_aruco_msgs/aist_aruco_msgs/msg/point_correspondence_array_array.h
[0.418s] -- Up-to-date symlink: /home/ueshiba/ros2_ws/install/aist_aruco_msgs/include/aist_aruco_msgs/aist_aruco_msgs/msg/rosidl_generator_c__visibility_control.h
[0.418s] -- Up-to-date symlink: /home/ueshiba/ros2_ws/install/aist_aruco_msgs/share/aist_aruco_msgs/environment/library_path.sh
[0.418s] -- Up-to-date symlink: /home/ueshiba/ros2_ws/install/aist_aruco_msgs/share/aist_aruco_msgs/environment/library_path.dsv
[0.418s] -- Up-to-date symlink: /home/ueshiba/ros2_ws/install/aist_aruco_msgs/include/aist_aruco_msgs/aist_aruco_msgs/msg/detail/point_correspondence__rosidl_typesupport_fastrtps_c.h
[0.419s] -- Up-to-date symlink: /home/ueshiba/ros2_ws/install/aist_aruco_msgs/include/aist_aruco_msgs/aist_aruco_msgs/msg/detail/point_correspondence_array__rosidl_typesupport_fastrtps_c.h
[0.419s] -- Up-to-date symlink: /home/ueshiba/ros2_ws/install/aist_aruco_msgs/include/aist_aruco_msgs/aist_aruco_msgs/msg/detail/point_correspondence_array_array__rosidl_typesupport_fastrtps_c.h
[0.419s] -- Up-to-date symlink: /home/ueshiba/ros2_ws/install/aist_aruco_msgs/include/aist_aruco_msgs/aist_aruco_msgs/msg/rosidl_typesupport_fastrtps_c__visibility_control.h
[0.419s] -- Up-to-date symlink: /home/ueshiba/ros2_ws/install/aist_aruco_msgs/include/aist_aruco_msgs/aist_aruco_msgs/msg/detail/point_correspondence__rosidl_typesupport_introspection_c.h
[0.419s] -- Up-to-date symlink: /home/ueshiba/ros2_ws/install/aist_aruco_msgs/include/aist_aruco_msgs/aist_aruco_msgs/msg/detail/point_correspondence_array__rosidl_typesupport_introspection_c.h
[0.420s] -- Up-to-date symlink: /home/ueshiba/ros2_ws/install/aist_aruco_msgs/include/aist_aruco_msgs/aist_aruco_msgs/msg/detail/point_correspondence_array_array__rosidl_typesupport_introspection_c.h
[0.420s] -- Up-to-date symlink: /home/ueshiba/ros2_ws/install/aist_aruco_msgs/include/aist_aruco_msgs/aist_aruco_msgs/msg/rosidl_typesupport_introspection_c__visibility_control.h
[0.421s] -- Up-to-date symlink: /home/ueshiba/ros2_ws/install/aist_aruco_msgs/include/aist_aruco_msgs/aist_aruco_msgs/msg/detail/point_correspondence__builder.hpp
[0.421s] -- Up-to-date symlink: /home/ueshiba/ros2_ws/install/aist_aruco_msgs/include/aist_aruco_msgs/aist_aruco_msgs/msg/detail/point_correspondence__struct.hpp
[0.421s] -- Up-to-date symlink: /home/ueshiba/ros2_ws/install/aist_aruco_msgs/include/aist_aruco_msgs/aist_aruco_msgs/msg/detail/point_correspondence__traits.hpp
[0.421s] -- Up-to-date symlink: /home/ueshiba/ros2_ws/install/aist_aruco_msgs/include/aist_aruco_msgs/aist_aruco_msgs/msg/detail/point_correspondence__type_support.hpp
[0.421s] -- Up-to-date symlink: /home/ueshiba/ros2_ws/install/aist_aruco_msgs/include/aist_aruco_msgs/aist_aruco_msgs/msg/detail/point_correspondence_array__builder.hpp
[0.421s] -- Up-to-date symlink: /home/ueshiba/ros2_ws/install/aist_aruco_msgs/include/aist_aruco_msgs/aist_aruco_msgs/msg/detail/point_correspondence_array__struct.hpp
[0.421s] -- Up-to-date symlink: /home/ueshiba/ros2_ws/install/aist_aruco_msgs/include/aist_aruco_msgs/aist_aruco_msgs/msg/detail/point_correspondence_array__traits.hpp
[0.421s] -- Up-to-date symlink: /home/ueshiba/ros2_ws/install/aist_aruco_msgs/include/aist_aruco_msgs/aist_aruco_msgs/msg/detail/point_correspondence_array__type_support.hpp
[0.421s] -- Up-to-date symlink: /home/ueshiba/ros2_ws/install/aist_aruco_msgs/include/aist_aruco_msgs/aist_aruco_msgs/msg/detail/point_correspondence_array_array__builder.hpp
[0.422s] -- Up-to-date symlink: /home/ueshiba/ros2_ws/install/aist_aruco_msgs/include/aist_aruco_msgs/aist_aruco_msgs/msg/detail/point_correspondence_array_array__struct.hpp
[0.422s] -- Up-to-date symlink: /home/ueshiba/ros2_ws/install/aist_aruco_msgs/include/aist_aruco_msgs/aist_aruco_msgs/msg/detail/point_correspondence_array_array__traits.hpp
[0.422s] -- Up-to-date symlink: /home/ueshiba/ros2_ws/install/aist_aruco_msgs/include/aist_aruco_msgs/aist_aruco_msgs/msg/detail/point_correspondence_array_array__type_support.hpp
[0.422s] -- Up-to-date symlink: /home/ueshiba/ros2_ws/install/aist_aruco_msgs/include/aist_aruco_msgs/aist_aruco_msgs/msg/point_correspondence.hpp
[0.422s] -- Up-to-date symlink: /home/ueshiba/ros2_ws/install/aist_aruco_msgs/include/aist_aruco_msgs/aist_aruco_msgs/msg/point_correspondence_array.hpp
[0.422s] -- Up-to-date symlink: /home/ueshiba/ros2_ws/install/aist_aruco_msgs/include/aist_aruco_msgs/aist_aruco_msgs/msg/point_correspondence_array_array.hpp
[0.422s] -- Up-to-date symlink: /home/ueshiba/ros2_ws/install/aist_aruco_msgs/include/aist_aruco_msgs/aist_aruco_msgs/msg/rosidl_generator_cpp__visibility_control.hpp
[0.423s] -- Up-to-date symlink: /home/ueshiba/ros2_ws/install/aist_aruco_msgs/include/aist_aruco_msgs/aist_aruco_msgs/msg/detail/point_correspondence__rosidl_typesupport_fastrtps_cpp.hpp
[0.423s] -- Up-to-date symlink: /home/ueshiba/ros2_ws/install/aist_aruco_msgs/include/aist_aruco_msgs/aist_aruco_msgs/msg/detail/point_correspondence_array__rosidl_typesupport_fastrtps_cpp.hpp
[0.423s] -- Up-to-date symlink: /home/ueshiba/ros2_ws/install/aist_aruco_msgs/include/aist_aruco_msgs/aist_aruco_msgs/msg/detail/point_correspondence_array_array__rosidl_typesupport_fastrtps_cpp.hpp
[0.423s] -- Up-to-date symlink: /home/ueshiba/ros2_ws/install/aist_aruco_msgs/include/aist_aruco_msgs/aist_aruco_msgs/msg/rosidl_typesupport_fastrtps_cpp__visibility_control.h
[0.423s] -- Up-to-date symlink: /home/ueshiba/ros2_ws/install/aist_aruco_msgs/include/aist_aruco_msgs/aist_aruco_msgs/msg/detail/point_correspondence__rosidl_typesupport_introspection_cpp.hpp
[0.424s] -- Up-to-date symlink: /home/ueshiba/ros2_ws/install/aist_aruco_msgs/include/aist_aruco_msgs/aist_aruco_msgs/msg/detail/point_correspondence_array__rosidl_typesupport_introspection_cpp.hpp
[0.424s] -- Up-to-date symlink: /home/ueshiba/ros2_ws/install/aist_aruco_msgs/include/aist_aruco_msgs/aist_aruco_msgs/msg/detail/point_correspondence_array_array__rosidl_typesupport_introspection_cpp.hpp
[0.424s] -- Up-to-date symlink: /home/ueshiba/ros2_ws/install/aist_aruco_msgs/share/aist_aruco_msgs/environment/pythonpath.sh
[0.424s] -- Up-to-date symlink: /home/ueshiba/ros2_ws/install/aist_aruco_msgs/share/aist_aruco_msgs/environment/pythonpath.dsv
[0.425s] -- Up-to-date symlink: /home/ueshiba/ros2_ws/install/aist_aruco_msgs/lib/python3.10/site-packages/aist_aruco_msgs-0.6.0-py3.10.egg-info/PKG-INFO
[0.425s] -- Up-to-date symlink: /home/ueshiba/ros2_ws/install/aist_aruco_msgs/lib/python3.10/site-packages/aist_aruco_msgs-0.6.0-py3.10.egg-info/SOURCES.txt
[0.425s] -- Up-to-date symlink: /home/ueshiba/ros2_ws/install/aist_aruco_msgs/lib/python3.10/site-packages/aist_aruco_msgs-0.6.0-py3.10.egg-info/dependency_links.txt
[0.425s] -- Up-to-date symlink: /home/ueshiba/ros2_ws/install/aist_aruco_msgs/lib/python3.10/site-packages/aist_aruco_msgs-0.6.0-py3.10.egg-info/top_level.txt
[0.426s] -- Up-to-date symlink: /home/ueshiba/ros2_ws/install/aist_aruco_msgs/lib/python3.10/site-packages/aist_aruco_msgs/__init__.py
[0.426s] -- Up-to-date symlink: /home/ueshiba/ros2_ws/install/aist_aruco_msgs/lib/python3.10/site-packages/aist_aruco_msgs/_aist_aruco_msgs_s.ep.rosidl_typesupport_c.c
[0.426s] -- Up-to-date symlink: /home/ueshiba/ros2_ws/install/aist_aruco_msgs/lib/python3.10/site-packages/aist_aruco_msgs/_aist_aruco_msgs_s.ep.rosidl_typesupport_fastrtps_c.c
[0.426s] -- Up-to-date symlink: /home/ueshiba/ros2_ws/install/aist_aruco_msgs/lib/python3.10/site-packages/aist_aruco_msgs/_aist_aruco_msgs_s.ep.rosidl_typesupport_introspection_c.c
[0.426s] -- Up-to-date symlink: /home/ueshiba/ros2_ws/install/aist_aruco_msgs/lib/python3.10/site-packages/aist_aruco_msgs/msg/__init__.py
[0.426s] -- Up-to-date symlink: /home/ueshiba/ros2_ws/install/aist_aruco_msgs/lib/python3.10/site-packages/aist_aruco_msgs/msg/_point_correspondence.py
[0.427s] -- Up-to-date symlink: /home/ueshiba/ros2_ws/install/aist_aruco_msgs/lib/python3.10/site-packages/aist_aruco_msgs/msg/_point_correspondence_array.py
[0.427s] -- Up-to-date symlink: /home/ueshiba/ros2_ws/install/aist_aruco_msgs/lib/python3.10/site-packages/aist_aruco_msgs/msg/_point_correspondence_array_array.py
[0.427s] -- Up-to-date symlink: /home/ueshiba/ros2_ws/install/aist_aruco_msgs/lib/python3.10/site-packages/aist_aruco_msgs/msg/_point_correspondence_array_array_s.c
[0.427s] -- Up-to-date symlink: /home/ueshiba/ros2_ws/install/aist_aruco_msgs/lib/python3.10/site-packages/aist_aruco_msgs/msg/_point_correspondence_array_s.c
[0.428s] -- Up-to-date symlink: /home/ueshiba/ros2_ws/install/aist_aruco_msgs/lib/python3.10/site-packages/aist_aruco_msgs/msg/_point_correspondence_s.c
[0.428s] -- Up-to-date symlink: /home/ueshiba/ros2_ws/install/aist_aruco_msgs/lib/python3.10/site-packages/aist_aruco_msgs/aist_aruco_msgs_s__rosidl_typesupport_fastrtps_c.cpython-310-x86_64-linux-gnu.so
[0.428s] -- Up-to-date symlink: /home/ueshiba/ros2_ws/install/aist_aruco_msgs/lib/python3.10/site-packages/aist_aruco_msgs/aist_aruco_msgs_s__rosidl_typesupport_introspection_c.cpython-310-x86_64-linux-gnu.so
[0.428s] -- Up-to-date symlink: /home/ueshiba/ros2_ws/install/aist_aruco_msgs/lib/python3.10/site-packages/aist_aruco_msgs/aist_aruco_msgs_s__rosidl_typesupport_c.cpython-310-x86_64-linux-gnu.so
[0.429s] -- Up-to-date symlink: /home/ueshiba/ros2_ws/install/aist_aruco_msgs/share/aist_aruco_msgs/msg/PointCorrespondence.idl
[0.429s] -- Up-to-date symlink: /home/ueshiba/ros2_ws/install/aist_aruco_msgs/share/aist_aruco_msgs/msg/PointCorrespondenceArray.idl
[0.429s] -- Up-to-date symlink: /home/ueshiba/ros2_ws/install/aist_aruco_msgs/share/aist_aruco_msgs/msg/PointCorrespondenceArrayArray.idl
[0.429s] -- Up-to-date symlink: /home/ueshiba/ros2_ws/install/aist_aruco_msgs/share/aist_aruco_msgs/msg/PointCorrespondence.msg
[0.429s] -- Up-to-date symlink: /home/ueshiba/ros2_ws/install/aist_aruco_msgs/share/aist_aruco_msgs/msg/PointCorrespondenceArray.msg
[0.429s] -- Up-to-date symlink: /home/ueshiba/ros2_ws/install/aist_aruco_msgs/share/aist_aruco_msgs/msg/PointCorrespondenceArrayArray.msg
[0.429s] -- Up-to-date symlink: /home/ueshiba/ros2_ws/install/aist_aruco_msgs/share/ament_index/resource_index/package_run_dependencies/aist_aruco_msgs
[0.429s] -- Up-to-date symlink: /home/ueshiba/ros2_ws/install/aist_aruco_msgs/share/ament_index/resource_index/parent_prefix_path/aist_aruco_msgs
[0.430s] -- Up-to-date symlink: /home/ueshiba/ros2_ws/install/aist_aruco_msgs/share/aist_aruco_msgs/environment/ament_prefix_path.sh
[0.430s] -- Up-to-date symlink: /home/ueshiba/ros2_ws/install/aist_aruco_msgs/share/aist_aruco_msgs/environment/ament_prefix_path.dsv
[0.430s] -- Up-to-date symlink: /home/ueshiba/ros2_ws/install/aist_aruco_msgs/share/aist_aruco_msgs/environment/path.sh
[0.430s] -- Up-to-date symlink: /home/ueshiba/ros2_ws/install/aist_aruco_msgs/share/aist_aruco_msgs/environment/path.dsv
[0.430s] -- Up-to-date symlink: /home/ueshiba/ros2_ws/install/aist_aruco_msgs/share/aist_aruco_msgs/local_setup.bash
[0.430s] -- Up-to-date symlink: /home/ueshiba/ros2_ws/install/aist_aruco_msgs/share/aist_aruco_msgs/local_setup.sh
[0.430s] -- Up-to-date symlink: /home/ueshiba/ros2_ws/install/aist_aruco_msgs/share/aist_aruco_msgs/local_setup.zsh
[0.430s] -- Up-to-date symlink: /home/ueshiba/ros2_ws/install/aist_aruco_msgs/share/aist_aruco_msgs/local_setup.dsv
[0.430s] -- Symlinking: /home/ueshiba/ros2_ws/install/aist_aruco_msgs/share/aist_aruco_msgs/package.dsv
[0.437s] -- Up-to-date symlink: /home/ueshiba/ros2_ws/install/aist_aruco_msgs/share/ament_index/resource_index/packages/aist_aruco_msgs
[0.437s] -- Up-to-date symlink: /home/ueshiba/ros2_ws/install/aist_aruco_msgs/share/aist_aruco_msgs/cmake/rosidl_cmake-extras.cmake
[0.437s] -- Up-to-date symlink: /home/ueshiba/ros2_ws/install/aist_aruco_msgs/share/aist_aruco_msgs/cmake/ament_cmake_export_dependencies-extras.cmake
[0.437s] -- Up-to-date symlink: /home/ueshiba/ros2_ws/install/aist_aruco_msgs/share/aist_aruco_msgs/cmake/ament_cmake_export_include_directories-extras.cmake
[0.437s] -- Up-to-date symlink: /home/ueshiba/ros2_ws/install/aist_aruco_msgs/share/aist_aruco_msgs/cmake/ament_cmake_export_libraries-extras.cmake
[0.437s] -- Up-to-date symlink: /home/ueshiba/ros2_ws/install/aist_aruco_msgs/share/aist_aruco_msgs/cmake/ament_cmake_export_targets-extras.cmake
[0.437s] -- Up-to-date symlink: /home/ueshiba/ros2_ws/install/aist_aruco_msgs/share/aist_aruco_msgs/cmake/rosidl_cmake_export_typesupport_targets-extras.cmake
[0.438s] -- Up-to-date symlink: /home/ueshiba/ros2_ws/install/aist_aruco_msgs/share/aist_aruco_msgs/cmake/rosidl_cmake_export_typesupport_libraries-extras.cmake
[0.438s] -- Up-to-date symlink: /home/ueshiba/ros2_ws/install/aist_aruco_msgs/share/aist_aruco_msgs/cmake/aist_aruco_msgsConfig.cmake
[0.438s] -- Up-to-date symlink: /home/ueshiba/ros2_ws/install/aist_aruco_msgs/share/aist_aruco_msgs/cmake/aist_aruco_msgsConfig-version.cmake
[0.438s] -- Up-to-date symlink: /home/ueshiba/ros2_ws/install/aist_aruco_msgs/share/aist_aruco_msgs/package.xml
[0.439s] -- Up-to-date: /home/ueshiba/ros2_ws/install/aist_aruco_msgs/lib/libaist_aruco_msgs__rosidl_generator_c.so
[0.440s] -- Up-to-date: /home/ueshiba/ros2_ws/install/aist_aruco_msgs/lib/libaist_aruco_msgs__rosidl_typesupport_fastrtps_c.so
[0.440s] -- Up-to-date: /home/ueshiba/ros2_ws/install/aist_aruco_msgs/lib/libaist_aruco_msgs__rosidl_typesupport_introspection_c.so
[0.440s] -- Up-to-date: /home/ueshiba/ros2_ws/install/aist_aruco_msgs/lib/libaist_aruco_msgs__rosidl_typesupport_c.so
[0.440s] -- Up-to-date: /home/ueshiba/ros2_ws/install/aist_aruco_msgs/lib/libaist_aruco_msgs__rosidl_typesupport_fastrtps_cpp.so
[0.441s] -- Up-to-date: /home/ueshiba/ros2_ws/install/aist_aruco_msgs/lib/libaist_aruco_msgs__rosidl_typesupport_introspection_cpp.so
[0.441s] -- Up-to-date: /home/ueshiba/ros2_ws/install/aist_aruco_msgs/lib/libaist_aruco_msgs__rosidl_typesupport_cpp.so
[0.462s] Listing '/home/ueshiba/ros2_ws/install/aist_aruco_msgs/lib/python3.10/site-packages/aist_aruco_msgs'...
[0.462s] Listing '/home/ueshiba/ros2_ws/install/aist_aruco_msgs/lib/python3.10/site-packages/aist_aruco_msgs/msg'...
[0.465s] -- Up-to-date: /home/ueshiba/ros2_ws/install/aist_aruco_msgs/lib/libaist_aruco_msgs__rosidl_generator_py.so
[0.465s] -- Up-to-date: /home/ueshiba/ros2_ws/install/aist_aruco_msgs/share/aist_aruco_msgs/cmake/export_aist_aruco_msgs__rosidl_generator_cExport.cmake
[0.465s] -- Up-to-date: /home/ueshiba/ros2_ws/install/aist_aruco_msgs/share/aist_aruco_msgs/cmake/export_aist_aruco_msgs__rosidl_generator_cExport-noconfig.cmake
[0.466s] -- Up-to-date: /home/ueshiba/ros2_ws/install/aist_aruco_msgs/share/aist_aruco_msgs/cmake/export_aist_aruco_msgs__rosidl_typesupport_fastrtps_cExport.cmake
[0.466s] -- Up-to-date: /home/ueshiba/ros2_ws/install/aist_aruco_msgs/share/aist_aruco_msgs/cmake/export_aist_aruco_msgs__rosidl_typesupport_fastrtps_cExport-noconfig.cmake
[0.466s] -- Up-to-date: /home/ueshiba/ros2_ws/install/aist_aruco_msgs/share/aist_aruco_msgs/cmake/aist_aruco_msgs__rosidl_typesupport_introspection_cExport.cmake
[0.466s] -- Up-to-date: /home/ueshiba/ros2_ws/install/aist_aruco_msgs/share/aist_aruco_msgs/cmake/aist_aruco_msgs__rosidl_typesupport_introspection_cExport-noconfig.cmake
[0.467s] -- Up-to-date: /home/ueshiba/ros2_ws/install/aist_aruco_msgs/share/aist_aruco_msgs/cmake/aist_aruco_msgs__rosidl_typesupport_cExport.cmake
[0.467s] -- Up-to-date: /home/ueshiba/ros2_ws/install/aist_aruco_msgs/share/aist_aruco_msgs/cmake/aist_aruco_msgs__rosidl_typesupport_cExport-noconfig.cmake
[0.467s] -- Up-to-date: /home/ueshiba/ros2_ws/install/aist_aruco_msgs/share/aist_aruco_msgs/cmake/export_aist_aruco_msgs__rosidl_generator_cppExport.cmake
[0.468s] -- Up-to-date: /home/ueshiba/ros2_ws/install/aist_aruco_msgs/share/aist_aruco_msgs/cmake/export_aist_aruco_msgs__rosidl_typesupport_fastrtps_cppExport.cmake
[0.468s] -- Up-to-date: /home/ueshiba/ros2_ws/install/aist_aruco_msgs/share/aist_aruco_msgs/cmake/export_aist_aruco_msgs__rosidl_typesupport_fastrtps_cppExport-noconfig.cmake
[0.468s] -- Up-to-date: /home/ueshiba/ros2_ws/install/aist_aruco_msgs/share/aist_aruco_msgs/cmake/aist_aruco_msgs__rosidl_typesupport_introspection_cppExport.cmake
[0.468s] -- Up-to-date: /home/ueshiba/ros2_ws/install/aist_aruco_msgs/share/aist_aruco_msgs/cmake/aist_aruco_msgs__rosidl_typesupport_introspection_cppExport-noconfig.cmake
[0.468s] -- Up-to-date: /home/ueshiba/ros2_ws/install/aist_aruco_msgs/share/aist_aruco_msgs/cmake/aist_aruco_msgs__rosidl_typesupport_cppExport.cmake
[0.468s] -- Up-to-date: /home/ueshiba/ros2_ws/install/aist_aruco_msgs/share/aist_aruco_msgs/cmake/aist_aruco_msgs__rosidl_typesupport_cppExport-noconfig.cmake
[0.468s] -- Up-to-date: /home/ueshiba/ros2_ws/install/aist_aruco_msgs/share/aist_aruco_msgs/cmake/export_aist_aruco_msgs__rosidl_generator_pyExport.cmake
[0.468s] -- Up-to-date: /home/ueshiba/ros2_ws/install/aist_aruco_msgs/share/aist_aruco_msgs/cmake/export_aist_aruco_msgs__rosidl_generator_pyExport-noconfig.cmake
[0.489s] Invoked command in '/home/ueshiba/ros2_ws/build/aist_aruco_msgs' returned '0': CMAKE_PREFIX_PATH=${CMAKE_PREFIX_PATH}:/home/ueshiba/ros2_ws/install/rqt_reconfigure:/opt/ros/rolling PS1=\[\e]0;\u@\h: \w\a\]\h% /usr/bin/cmake --install /home/ueshiba/ros2_ws/build/aist_aruco_msgs
