[0.027s] Invoking command in '/home/ueshiba/ros2_ws/build/realsense2_camera_msgs': CMAKE_PREFIX_PATH=${CMAKE_PREFIX_PATH}:/home/ueshiba/ros2_ws/install/rqt_reconfigure:/opt/ros/rolling PS1=\[\e]0;\u@\h: \w\a\]\h% /usr/bin/cmake --build /home/ueshiba/ros2_ws/build/realsense2_camera_msgs -- -j24 -l24
[0.509s] [  1%] Built target realsense2_camera_msgs__rosidl_generator_type_description
[0.509s] [  1%] Built target ament_cmake_python_symlink_realsense2_camera_msgs
[0.509s] [  2%] Built target realsense2_camera_msgs__cpp
[0.509s] [ 25%] Built target realsense2_camera_msgs__rosidl_generator_c
[0.509s] [ 35%] Built target realsense2_camera_msgs__rosidl_typesupport_c
[0.509s] [ 44%] Built target realsense2_camera_msgs__rosidl_typesupport_introspection_c
[0.509s] [ 45%] [32mBuilding CXX object CMakeFiles/realsense2_camera_msgs__rosidl_typesupport_cpp.dir/rosidl_typesupport_cpp/realsense2_camera_msgs/msg/imu_info__type_support.cpp.o[0m
[0.509s] [ 47%] [32mBuilding CXX object CMakeFiles/realsense2_camera_msgs__rosidl_typesupport_fastrtps_cpp.dir/rosidl_typesupport_fastrtps_cpp/realsense2_camera_msgs/msg/detail/dds_fastrtps/metadata__type_support.cpp.o[0m
[0.509s] [ 48%] [32mBuilding CXX object CMakeFiles/realsense2_camera_msgs__rosidl_typesupport_cpp.dir/rosidl_typesupport_cpp/realsense2_camera_msgs/msg/extrinsics__type_support.cpp.o[0m
[0.509s] [ 50%] [32mBuilding CXX object CMakeFiles/realsense2_camera_msgs__rosidl_typesupport_fastrtps_c.dir/rosidl_typesupport_fastrtps_c/realsense2_camera_msgs/msg/detail/imu_info__type_support_c.cpp.o[0m
[0.510s] [ 51%] [32mBuilding CXX object CMakeFiles/realsense2_camera_msgs__rosidl_typesupport_fastrtps_c.dir/rosidl_typesupport_fastrtps_c/realsense2_camera_msgs/msg/detail/extrinsics__type_support_c.cpp.o[0m
[0.510s] [ 52%] [32mBuilding CXX object CMakeFiles/realsense2_camera_msgs__rosidl_typesupport_cpp.dir/rosidl_typesupport_cpp/realsense2_camera_msgs/msg/rgbd__type_support.cpp.o[0m
[0.510s] [ 54%] [32mBuilding CXX object CMakeFiles/realsense2_camera_msgs__rosidl_typesupport_cpp.dir/rosidl_typesupport_cpp/realsense2_camera_msgs/msg/metadata__type_support.cpp.o[0m
[0.510s] [ 55%] [32mBuilding CXX object CMakeFiles/realsense2_camera_msgs__rosidl_typesupport_fastrtps_cpp.dir/rosidl_typesupport_fastrtps_cpp/realsense2_camera_msgs/msg/detail/dds_fastrtps/rgbd__type_support.cpp.o[0m
[0.510s] [ 56%] [32mBuilding CXX object CMakeFiles/realsense2_camera_msgs__rosidl_typesupport_fastrtps_cpp.dir/rosidl_typesupport_fastrtps_cpp/realsense2_camera_msgs/msg/detail/dds_fastrtps/imu_info__type_support.cpp.o[0m
[0.511s] [ 58%] [32mBuilding CXX object CMakeFiles/realsense2_camera_msgs__rosidl_typesupport_introspection_cpp.dir/rosidl_typesupport_introspection_cpp/realsense2_camera_msgs/msg/detail/imu_info__type_support.cpp.o[0m
[0.513s] [ 59%] [32mBuilding CXX object CMakeFiles/realsense2_camera_msgs__rosidl_typesupport_introspection_cpp.dir/rosidl_typesupport_introspection_cpp/realsense2_camera_msgs/msg/detail/extrinsics__type_support.cpp.o[0m
[0.513s] [ 60%] [32mBuilding CXX object CMakeFiles/realsense2_camera_msgs__rosidl_typesupport_introspection_cpp.dir/rosidl_typesupport_introspection_cpp/realsense2_camera_msgs/msg/detail/metadata__type_support.cpp.o[0m
[0.513s] [ 62%] [32mBuilding CXX object CMakeFiles/realsense2_camera_msgs__rosidl_typesupport_fastrtps_cpp.dir/rosidl_typesupport_fastrtps_cpp/realsense2_camera_msgs/msg/detail/dds_fastrtps/extrinsics__type_support.cpp.o[0m
[0.513s] [ 63%] [32mBuilding CXX object CMakeFiles/realsense2_camera_msgs__rosidl_typesupport_fastrtps_c.dir/rosidl_typesupport_fastrtps_c/realsense2_camera_msgs/msg/detail/metadata__type_support_c.cpp.o[0m
[0.514s] [ 64%] [32mBuilding CXX object CMakeFiles/realsense2_camera_msgs__rosidl_typesupport_cpp.dir/rosidl_typesupport_cpp/realsense2_camera_msgs/srv/device_info__type_support.cpp.o[0m
[0.514s] [ 66%] [32mBuilding CXX object CMakeFiles/realsense2_camera_msgs__rosidl_typesupport_fastrtps_cpp.dir/rosidl_typesupport_fastrtps_cpp/realsense2_camera_msgs/srv/detail/dds_fastrtps/device_info__type_support.cpp.o[0m
[0.514s] [ 67%] [32mBuilding CXX object CMakeFiles/realsense2_camera_msgs__rosidl_typesupport_fastrtps_c.dir/rosidl_typesupport_fastrtps_c/realsense2_camera_msgs/srv/detail/device_info__type_support_c.cpp.o[0m
[0.514s] [ 68%] [32mBuilding CXX object CMakeFiles/realsense2_camera_msgs__rosidl_typesupport_introspection_cpp.dir/rosidl_typesupport_introspection_cpp/realsense2_camera_msgs/srv/detail/device_info__type_support.cpp.o[0m
[0.514s] [ 70%] [32mBuilding CXX object CMakeFiles/realsense2_camera_msgs__rosidl_typesupport_fastrtps_c.dir/rosidl_typesupport_fastrtps_c/realsense2_camera_msgs/msg/detail/rgbd__type_support_c.cpp.o[0m
[0.514s] [ 71%] [32mBuilding CXX object CMakeFiles/realsense2_camera_msgs__rosidl_typesupport_introspection_cpp.dir/rosidl_typesupport_introspection_cpp/realsense2_camera_msgs/msg/detail/rgbd__type_support.cpp.o[0m
[0.893s] running egg_info
[0.893s] writing realsense2_camera_msgs.egg-info/PKG-INFO
[0.905s] writing dependency_links to realsense2_camera_msgs.egg-info/dependency_links.txt
[0.905s] writing top-level names to realsense2_camera_msgs.egg-info/top_level.txt
[0.915s] reading manifest file 'realsense2_camera_msgs.egg-info/SOURCES.txt'
[0.928s] writing manifest file 'realsense2_camera_msgs.egg-info/SOURCES.txt'
[1.107s] [ 71%] Built target ament_cmake_python_build_realsense2_camera_msgs_egg
[1.707s] [ 72%] [32m[1mLinking CXX shared library librealsense2_camera_msgs__rosidl_typesupport_cpp.so[0m
[1.739s] [ 74%] [32m[1mLinking CXX shared library librealsense2_camera_msgs__rosidl_typesupport_fastrtps_c.so[0m
[1.919s] [ 75%] Built target realsense2_camera_msgs__rosidl_typesupport_fastrtps_c
[1.948s] [ 77%] Built target realsense2_camera_msgs__rosidl_typesupport_cpp
[1.987s] [ 78%] [32m[1mLinking CXX shared library librealsense2_camera_msgs__rosidl_typesupport_introspection_cpp.so[0m
[2.106s] [ 79%] [32m[1mLinking CXX shared library librealsense2_camera_msgs__rosidl_typesupport_fastrtps_cpp.so[0m
[2.143s] [ 81%] Built target realsense2_camera_msgs__rosidl_typesupport_introspection_cpp
[2.233s] [ 82%] Built target realsense2_camera_msgs__rosidl_typesupport_fastrtps_cpp
[2.256s] [ 82%] Built target realsense2_camera_msgs
[2.280s] [ 83%] Built target realsense2_camera_msgs__py
[2.318s] [ 85%] [32mBuilding C object CMakeFiles/realsense2_camera_msgs__rosidl_generator_py.dir/rosidl_generator_py/realsense2_camera_msgs/msg/_metadata_s.c.o[0m
[2.321s] [ 87%] [32mBuilding C object CMakeFiles/realsense2_camera_msgs__rosidl_generator_py.dir/rosidl_generator_py/realsense2_camera_msgs/msg/_rgbd_s.c.o[0m
[2.323s] [ 87%] [32mBuilding C object CMakeFiles/realsense2_camera_msgs__rosidl_generator_py.dir/rosidl_generator_py/realsense2_camera_msgs/msg/_extrinsics_s.c.o[0m
[2.324s] [ 89%] [32mBuilding C object CMakeFiles/realsense2_camera_msgs__rosidl_generator_py.dir/rosidl_generator_py/realsense2_camera_msgs/msg/_imu_info_s.c.o[0m
[2.326s] [ 90%] [32mBuilding C object CMakeFiles/realsense2_camera_msgs__rosidl_generator_py.dir/rosidl_generator_py/realsense2_camera_msgs/srv/_device_info_s.c.o[0m
[2.479s] [ 91%] [32m[1mLinking C shared library librealsense2_camera_msgs__rosidl_generator_py.so[0m
[2.523s] [ 91%] Built target realsense2_camera_msgs__rosidl_generator_py
[2.541s] [ 93%] [32mBuilding C object CMakeFiles/realsense2_camera_msgs__rosidl_typesupport_c__pyext.dir/rosidl_generator_py/realsense2_camera_msgs/_realsense2_camera_msgs_s.ep.rosidl_typesupport_c.c.o[0m
[2.543s] [ 94%] [32mBuilding C object CMakeFiles/realsense2_camera_msgs__rosidl_typesupport_introspection_c__pyext.dir/rosidl_generator_py/realsense2_camera_msgs/_realsense2_camera_msgs_s.ep.rosidl_typesupport_introspection_c.c.o[0m
[2.544s] [ 95%] [32mBuilding C object CMakeFiles/realsense2_camera_msgs__rosidl_typesupport_fastrtps_c__pyext.dir/rosidl_generator_py/realsense2_camera_msgs/_realsense2_camera_msgs_s.ep.rosidl_typesupport_fastrtps_c.c.o[0m
[2.621s] [ 97%] [32m[1mLinking C shared library realsense2_camera_msgs_s__rosidl_typesupport_introspection_c.cpython-310-x86_64-linux-gnu.so[0m
[2.653s] [ 98%] [32m[1mLinking C shared library realsense2_camera_msgs_s__rosidl_typesupport_c.cpython-310-x86_64-linux-gnu.so[0m
[2.655s] [ 98%] Built target realsense2_camera_msgs__rosidl_typesupport_introspection_c__pyext
[2.658s] [100%] [32m[1mLinking C shared library realsense2_camera_msgs_s__rosidl_typesupport_fastrtps_c.cpython-310-x86_64-linux-gnu.so[0m
[2.686s] [100%] Built target realsense2_camera_msgs__rosidl_typesupport_c__pyext
[2.691s] [100%] Built target realsense2_camera_msgs__rosidl_typesupport_fastrtps_c__pyext
[2.702s] Invoked command in '/home/ueshiba/ros2_ws/build/realsense2_camera_msgs' returned '0': CMAKE_PREFIX_PATH=${CMAKE_PREFIX_PATH}:/home/ueshiba/ros2_ws/install/rqt_reconfigure:/opt/ros/rolling PS1=\[\e]0;\u@\h: \w\a\]\h% /usr/bin/cmake --build /home/ueshiba/ros2_ws/build/realsense2_camera_msgs -- -j24 -l24
[2.840s] Invoking command in '/home/ueshiba/ros2_ws/build/realsense2_camera_msgs': CMAKE_PREFIX_PATH=${CMAKE_PREFIX_PATH}:/home/ueshiba/ros2_ws/install/rqt_reconfigure:/opt/ros/rolling PS1=\[\e]0;\u@\h: \w\a\]\h% /usr/bin/cmake --install /home/ueshiba/ros2_ws/build/realsense2_camera_msgs
[2.846s] -- Install configuration: ""
[2.847s] -- Execute custom install script
[2.847s] -- Up-to-date symlink: /home/ueshiba/ros2_ws/install/realsense2_camera_msgs/share/ament_index/resource_index/rosidl_interfaces/realsense2_camera_msgs
[2.847s] -- Up-to-date symlink: /home/ueshiba/ros2_ws/install/realsense2_camera_msgs/share/realsense2_camera_msgs/msg/IMUInfo.json
[2.848s] -- Up-to-date symlink: /home/ueshiba/ros2_ws/install/realsense2_camera_msgs/share/realsense2_camera_msgs/msg/Extrinsics.json
[2.848s] -- Up-to-date symlink: /home/ueshiba/ros2_ws/install/realsense2_camera_msgs/share/realsense2_camera_msgs/msg/Metadata.json
[2.848s] -- Up-to-date symlink: /home/ueshiba/ros2_ws/install/realsense2_camera_msgs/share/realsense2_camera_msgs/msg/RGBD.json
[2.849s] -- Up-to-date symlink: /home/ueshiba/ros2_ws/install/realsense2_camera_msgs/share/realsense2_camera_msgs/srv/DeviceInfo.json
[2.850s] -- Up-to-date symlink: /home/ueshiba/ros2_ws/install/realsense2_camera_msgs/include/realsense2_camera_msgs/realsense2_camera_msgs/msg/detail/extrinsics__functions.h
[2.850s] -- Up-to-date symlink: /home/ueshiba/ros2_ws/install/realsense2_camera_msgs/include/realsense2_camera_msgs/realsense2_camera_msgs/msg/detail/extrinsics__struct.h
[2.850s] -- Up-to-date symlink: /home/ueshiba/ros2_ws/install/realsense2_camera_msgs/include/realsense2_camera_msgs/realsense2_camera_msgs/msg/detail/extrinsics__type_support.h
[2.850s] -- Up-to-date symlink: /home/ueshiba/ros2_ws/install/realsense2_camera_msgs/include/realsense2_camera_msgs/realsense2_camera_msgs/msg/detail/imu_info__functions.h
[2.850s] -- Up-to-date symlink: /home/ueshiba/ros2_ws/install/realsense2_camera_msgs/include/realsense2_camera_msgs/realsense2_camera_msgs/msg/detail/imu_info__struct.h
[2.851s] -- Up-to-date symlink: /home/ueshiba/ros2_ws/install/realsense2_camera_msgs/include/realsense2_camera_msgs/realsense2_camera_msgs/msg/detail/imu_info__type_support.h
[2.851s] -- Up-to-date symlink: /home/ueshiba/ros2_ws/install/realsense2_camera_msgs/include/realsense2_camera_msgs/realsense2_camera_msgs/msg/detail/metadata__functions.h
[2.851s] -- Up-to-date symlink: /home/ueshiba/ros2_ws/install/realsense2_camera_msgs/include/realsense2_camera_msgs/realsense2_camera_msgs/msg/detail/metadata__struct.h
[2.851s] -- Up-to-date symlink: /home/ueshiba/ros2_ws/install/realsense2_camera_msgs/include/realsense2_camera_msgs/realsense2_camera_msgs/msg/detail/metadata__type_support.h
[2.851s] -- Up-to-date symlink: /home/ueshiba/ros2_ws/install/realsense2_camera_msgs/include/realsense2_camera_msgs/realsense2_camera_msgs/msg/detail/rgbd__functions.h
[2.852s] -- Up-to-date symlink: /home/ueshiba/ros2_ws/install/realsense2_camera_msgs/include/realsense2_camera_msgs/realsense2_camera_msgs/msg/detail/rgbd__struct.h
[2.852s] -- Up-to-date symlink: /home/ueshiba/ros2_ws/install/realsense2_camera_msgs/include/realsense2_camera_msgs/realsense2_camera_msgs/msg/detail/rgbd__type_support.h
[2.852s] -- Up-to-date symlink: /home/ueshiba/ros2_ws/install/realsense2_camera_msgs/include/realsense2_camera_msgs/realsense2_camera_msgs/msg/extrinsics.h
[2.852s] -- Up-to-date symlink: /home/ueshiba/ros2_ws/install/realsense2_camera_msgs/include/realsense2_camera_msgs/realsense2_camera_msgs/msg/imu_info.h
[2.852s] -- Up-to-date symlink: /home/ueshiba/ros2_ws/install/realsense2_camera_msgs/include/realsense2_camera_msgs/realsense2_camera_msgs/msg/metadata.h
[2.853s] -- Up-to-date symlink: /home/ueshiba/ros2_ws/install/realsense2_camera_msgs/include/realsense2_camera_msgs/realsense2_camera_msgs/msg/rgbd.h
[2.853s] -- Up-to-date symlink: /home/ueshiba/ros2_ws/install/realsense2_camera_msgs/include/realsense2_camera_msgs/realsense2_camera_msgs/msg/rosidl_generator_c__visibility_control.h
[2.853s] -- Up-to-date symlink: /home/ueshiba/ros2_ws/install/realsense2_camera_msgs/include/realsense2_camera_msgs/realsense2_camera_msgs/srv/detail/device_info__functions.h
[2.853s] -- Up-to-date symlink: /home/ueshiba/ros2_ws/install/realsense2_camera_msgs/include/realsense2_camera_msgs/realsense2_camera_msgs/srv/detail/device_info__struct.h
[2.853s] -- Up-to-date symlink: /home/ueshiba/ros2_ws/install/realsense2_camera_msgs/include/realsense2_camera_msgs/realsense2_camera_msgs/srv/detail/device_info__type_support.h
[2.854s] -- Up-to-date symlink: /home/ueshiba/ros2_ws/install/realsense2_camera_msgs/include/realsense2_camera_msgs/realsense2_camera_msgs/srv/device_info.h
[2.854s] -- Up-to-date symlink: /home/ueshiba/ros2_ws/install/realsense2_camera_msgs/share/realsense2_camera_msgs/environment/library_path.sh
[2.854s] -- Up-to-date symlink: /home/ueshiba/ros2_ws/install/realsense2_camera_msgs/share/realsense2_camera_msgs/environment/library_path.dsv
[2.855s] -- Up-to-date symlink: /home/ueshiba/ros2_ws/install/realsense2_camera_msgs/include/realsense2_camera_msgs/realsense2_camera_msgs/msg/detail/extrinsics__rosidl_typesupport_fastrtps_c.h
[2.855s] -- Up-to-date symlink: /home/ueshiba/ros2_ws/install/realsense2_camera_msgs/include/realsense2_camera_msgs/realsense2_camera_msgs/msg/detail/imu_info__rosidl_typesupport_fastrtps_c.h
[2.855s] -- Up-to-date symlink: /home/ueshiba/ros2_ws/install/realsense2_camera_msgs/include/realsense2_camera_msgs/realsense2_camera_msgs/msg/detail/metadata__rosidl_typesupport_fastrtps_c.h
[2.856s] -- Up-to-date symlink: /home/ueshiba/ros2_ws/install/realsense2_camera_msgs/include/realsense2_camera_msgs/realsense2_camera_msgs/msg/detail/rgbd__rosidl_typesupport_fastrtps_c.h
[2.856s] -- Up-to-date symlink: /home/ueshiba/ros2_ws/install/realsense2_camera_msgs/include/realsense2_camera_msgs/realsense2_camera_msgs/msg/rosidl_typesupport_fastrtps_c__visibility_control.h
[2.856s] -- Up-to-date symlink: /home/ueshiba/ros2_ws/install/realsense2_camera_msgs/include/realsense2_camera_msgs/realsense2_camera_msgs/srv/detail/device_info__rosidl_typesupport_fastrtps_c.h
[2.857s] -- Up-to-date symlink: /home/ueshiba/ros2_ws/install/realsense2_camera_msgs/include/realsense2_camera_msgs/realsense2_camera_msgs/msg/detail/extrinsics__rosidl_typesupport_introspection_c.h
[2.857s] -- Up-to-date symlink: /home/ueshiba/ros2_ws/install/realsense2_camera_msgs/include/realsense2_camera_msgs/realsense2_camera_msgs/msg/detail/imu_info__rosidl_typesupport_introspection_c.h
[2.857s] -- Up-to-date symlink: /home/ueshiba/ros2_ws/install/realsense2_camera_msgs/include/realsense2_camera_msgs/realsense2_camera_msgs/msg/detail/metadata__rosidl_typesupport_introspection_c.h
[2.857s] -- Up-to-date symlink: /home/ueshiba/ros2_ws/install/realsense2_camera_msgs/include/realsense2_camera_msgs/realsense2_camera_msgs/msg/detail/rgbd__rosidl_typesupport_introspection_c.h
[2.858s] -- Up-to-date symlink: /home/ueshiba/ros2_ws/install/realsense2_camera_msgs/include/realsense2_camera_msgs/realsense2_camera_msgs/msg/rosidl_typesupport_introspection_c__visibility_control.h
[2.858s] -- Up-to-date symlink: /home/ueshiba/ros2_ws/install/realsense2_camera_msgs/include/realsense2_camera_msgs/realsense2_camera_msgs/srv/detail/device_info__rosidl_typesupport_introspection_c.h
[2.858s] -- Up-to-date symlink: /home/ueshiba/ros2_ws/install/realsense2_camera_msgs/include/realsense2_camera_msgs/realsense2_camera_msgs/msg/detail/extrinsics__builder.hpp
[2.858s] -- Up-to-date symlink: /home/ueshiba/ros2_ws/install/realsense2_camera_msgs/include/realsense2_camera_msgs/realsense2_camera_msgs/msg/detail/extrinsics__struct.hpp
[2.859s] -- Up-to-date symlink: /home/ueshiba/ros2_ws/install/realsense2_camera_msgs/include/realsense2_camera_msgs/realsense2_camera_msgs/msg/detail/extrinsics__traits.hpp
[2.859s] -- Up-to-date symlink: /home/ueshiba/ros2_ws/install/realsense2_camera_msgs/include/realsense2_camera_msgs/realsense2_camera_msgs/msg/detail/extrinsics__type_support.hpp
[2.859s] -- Up-to-date symlink: /home/ueshiba/ros2_ws/install/realsense2_camera_msgs/include/realsense2_camera_msgs/realsense2_camera_msgs/msg/detail/imu_info__builder.hpp
[2.859s] -- Up-to-date symlink: /home/ueshiba/ros2_ws/install/realsense2_camera_msgs/include/realsense2_camera_msgs/realsense2_camera_msgs/msg/detail/imu_info__struct.hpp
[2.859s] -- Up-to-date symlink: /home/ueshiba/ros2_ws/install/realsense2_camera_msgs/include/realsense2_camera_msgs/realsense2_camera_msgs/msg/detail/imu_info__traits.hpp
[2.859s] -- Up-to-date symlink: /home/ueshiba/ros2_ws/install/realsense2_camera_msgs/include/realsense2_camera_msgs/realsense2_camera_msgs/msg/detail/imu_info__type_support.hpp
[2.860s] -- Up-to-date symlink: /home/ueshiba/ros2_ws/install/realsense2_camera_msgs/include/realsense2_camera_msgs/realsense2_camera_msgs/msg/detail/metadata__builder.hpp
[2.860s] -- Up-to-date symlink: /home/ueshiba/ros2_ws/install/realsense2_camera_msgs/include/realsense2_camera_msgs/realsense2_camera_msgs/msg/detail/metadata__struct.hpp
[2.860s] -- Up-to-date symlink: /home/ueshiba/ros2_ws/install/realsense2_camera_msgs/include/realsense2_camera_msgs/realsense2_camera_msgs/msg/detail/metadata__traits.hpp
[2.860s] -- Up-to-date symlink: /home/ueshiba/ros2_ws/install/realsense2_camera_msgs/include/realsense2_camera_msgs/realsense2_camera_msgs/msg/detail/metadata__type_support.hpp
[2.861s] -- Up-to-date symlink: /home/ueshiba/ros2_ws/install/realsense2_camera_msgs/include/realsense2_camera_msgs/realsense2_camera_msgs/msg/detail/rgbd__builder.hpp
[2.861s] -- Up-to-date symlink: /home/ueshiba/ros2_ws/install/realsense2_camera_msgs/include/realsense2_camera_msgs/realsense2_camera_msgs/msg/detail/rgbd__struct.hpp
[2.861s] -- Up-to-date symlink: /home/ueshiba/ros2_ws/install/realsense2_camera_msgs/include/realsense2_camera_msgs/realsense2_camera_msgs/msg/detail/rgbd__traits.hpp
[2.861s] -- Up-to-date symlink: /home/ueshiba/ros2_ws/install/realsense2_camera_msgs/include/realsense2_camera_msgs/realsense2_camera_msgs/msg/detail/rgbd__type_support.hpp
[2.861s] -- Up-to-date symlink: /home/ueshiba/ros2_ws/install/realsense2_camera_msgs/include/realsense2_camera_msgs/realsense2_camera_msgs/msg/extrinsics.hpp
[2.862s] -- Up-to-date symlink: /home/ueshiba/ros2_ws/install/realsense2_camera_msgs/include/realsense2_camera_msgs/realsense2_camera_msgs/msg/imu_info.hpp
[2.862s] -- Up-to-date symlink: /home/ueshiba/ros2_ws/install/realsense2_camera_msgs/include/realsense2_camera_msgs/realsense2_camera_msgs/msg/metadata.hpp
[2.862s] -- Up-to-date symlink: /home/ueshiba/ros2_ws/install/realsense2_camera_msgs/include/realsense2_camera_msgs/realsense2_camera_msgs/msg/rgbd.hpp
[2.862s] -- Up-to-date symlink: /home/ueshiba/ros2_ws/install/realsense2_camera_msgs/include/realsense2_camera_msgs/realsense2_camera_msgs/msg/rosidl_generator_cpp__visibility_control.hpp
[2.862s] -- Up-to-date symlink: /home/ueshiba/ros2_ws/install/realsense2_camera_msgs/include/realsense2_camera_msgs/realsense2_camera_msgs/srv/detail/device_info__builder.hpp
[2.863s] -- Up-to-date symlink: /home/ueshiba/ros2_ws/install/realsense2_camera_msgs/include/realsense2_camera_msgs/realsense2_camera_msgs/srv/detail/device_info__struct.hpp
[2.863s] -- Up-to-date symlink: /home/ueshiba/ros2_ws/install/realsense2_camera_msgs/include/realsense2_camera_msgs/realsense2_camera_msgs/srv/detail/device_info__traits.hpp
[2.863s] -- Up-to-date symlink: /home/ueshiba/ros2_ws/install/realsense2_camera_msgs/include/realsense2_camera_msgs/realsense2_camera_msgs/srv/detail/device_info__type_support.hpp
[2.863s] -- Up-to-date symlink: /home/ueshiba/ros2_ws/install/realsense2_camera_msgs/include/realsense2_camera_msgs/realsense2_camera_msgs/srv/device_info.hpp
[2.864s] -- Up-to-date symlink: /home/ueshiba/ros2_ws/install/realsense2_camera_msgs/include/realsense2_camera_msgs/realsense2_camera_msgs/msg/detail/extrinsics__rosidl_typesupport_fastrtps_cpp.hpp
[2.864s] -- Up-to-date symlink: /home/ueshiba/ros2_ws/install/realsense2_camera_msgs/include/realsense2_camera_msgs/realsense2_camera_msgs/msg/detail/imu_info__rosidl_typesupport_fastrtps_cpp.hpp
[2.865s] -- Up-to-date symlink: /home/ueshiba/ros2_ws/install/realsense2_camera_msgs/include/realsense2_camera_msgs/realsense2_camera_msgs/msg/detail/metadata__rosidl_typesupport_fastrtps_cpp.hpp
[2.865s] -- Up-to-date symlink: /home/ueshiba/ros2_ws/install/realsense2_camera_msgs/include/realsense2_camera_msgs/realsense2_camera_msgs/msg/detail/rgbd__rosidl_typesupport_fastrtps_cpp.hpp
[2.865s] -- Up-to-date symlink: /home/ueshiba/ros2_ws/install/realsense2_camera_msgs/include/realsense2_camera_msgs/realsense2_camera_msgs/msg/rosidl_typesupport_fastrtps_cpp__visibility_control.h
[2.865s] -- Up-to-date symlink: /home/ueshiba/ros2_ws/install/realsense2_camera_msgs/include/realsense2_camera_msgs/realsense2_camera_msgs/srv/detail/device_info__rosidl_typesupport_fastrtps_cpp.hpp
[2.866s] -- Up-to-date symlink: /home/ueshiba/ros2_ws/install/realsense2_camera_msgs/include/realsense2_camera_msgs/realsense2_camera_msgs/msg/detail/extrinsics__rosidl_typesupport_introspection_cpp.hpp
[2.866s] -- Up-to-date symlink: /home/ueshiba/ros2_ws/install/realsense2_camera_msgs/include/realsense2_camera_msgs/realsense2_camera_msgs/msg/detail/imu_info__rosidl_typesupport_introspection_cpp.hpp
[2.866s] -- Up-to-date symlink: /home/ueshiba/ros2_ws/install/realsense2_camera_msgs/include/realsense2_camera_msgs/realsense2_camera_msgs/msg/detail/metadata__rosidl_typesupport_introspection_cpp.hpp
[2.867s] -- Up-to-date symlink: /home/ueshiba/ros2_ws/install/realsense2_camera_msgs/include/realsense2_camera_msgs/realsense2_camera_msgs/msg/detail/rgbd__rosidl_typesupport_introspection_cpp.hpp
[2.867s] -- Up-to-date symlink: /home/ueshiba/ros2_ws/install/realsense2_camera_msgs/include/realsense2_camera_msgs/realsense2_camera_msgs/srv/detail/device_info__rosidl_typesupport_introspection_cpp.hpp
[2.867s] -- Up-to-date symlink: /home/ueshiba/ros2_ws/install/realsense2_camera_msgs/share/realsense2_camera_msgs/environment/pythonpath.sh
[2.867s] -- Up-to-date symlink: /home/ueshiba/ros2_ws/install/realsense2_camera_msgs/share/realsense2_camera_msgs/environment/pythonpath.dsv
[2.868s] -- Up-to-date symlink: /home/ueshiba/ros2_ws/install/realsense2_camera_msgs/lib/python3.10/site-packages/realsense2_camera_msgs-4.55.1-py3.10.egg-info/PKG-INFO
[2.868s] -- Up-to-date symlink: /home/ueshiba/ros2_ws/install/realsense2_camera_msgs/lib/python3.10/site-packages/realsense2_camera_msgs-4.55.1-py3.10.egg-info/SOURCES.txt
[2.868s] -- Up-to-date symlink: /home/ueshiba/ros2_ws/install/realsense2_camera_msgs/lib/python3.10/site-packages/realsense2_camera_msgs-4.55.1-py3.10.egg-info/dependency_links.txt
[2.868s] -- Up-to-date symlink: /home/ueshiba/ros2_ws/install/realsense2_camera_msgs/lib/python3.10/site-packages/realsense2_camera_msgs-4.55.1-py3.10.egg-info/top_level.txt
[2.869s] -- Up-to-date symlink: /home/ueshiba/ros2_ws/install/realsense2_camera_msgs/lib/python3.10/site-packages/realsense2_camera_msgs/__init__.py
[2.869s] -- Up-to-date symlink: /home/ueshiba/ros2_ws/install/realsense2_camera_msgs/lib/python3.10/site-packages/realsense2_camera_msgs/_realsense2_camera_msgs_s.ep.rosidl_typesupport_c.c
[2.869s] -- Up-to-date symlink: /home/ueshiba/ros2_ws/install/realsense2_camera_msgs/lib/python3.10/site-packages/realsense2_camera_msgs/_realsense2_camera_msgs_s.ep.rosidl_typesupport_fastrtps_c.c
[2.869s] -- Up-to-date symlink: /home/ueshiba/ros2_ws/install/realsense2_camera_msgs/lib/python3.10/site-packages/realsense2_camera_msgs/_realsense2_camera_msgs_s.ep.rosidl_typesupport_introspection_c.c
[2.869s] -- Up-to-date symlink: /home/ueshiba/ros2_ws/install/realsense2_camera_msgs/lib/python3.10/site-packages/realsense2_camera_msgs/msg/__init__.py
[2.869s] -- Up-to-date symlink: /home/ueshiba/ros2_ws/install/realsense2_camera_msgs/lib/python3.10/site-packages/realsense2_camera_msgs/msg/_extrinsics.py
[2.870s] -- Up-to-date symlink: /home/ueshiba/ros2_ws/install/realsense2_camera_msgs/lib/python3.10/site-packages/realsense2_camera_msgs/msg/_extrinsics_s.c
[2.870s] -- Up-to-date symlink: /home/ueshiba/ros2_ws/install/realsense2_camera_msgs/lib/python3.10/site-packages/realsense2_camera_msgs/msg/_imu_info.py
[2.870s] -- Up-to-date symlink: /home/ueshiba/ros2_ws/install/realsense2_camera_msgs/lib/python3.10/site-packages/realsense2_camera_msgs/msg/_imu_info_s.c
[2.870s] -- Up-to-date symlink: /home/ueshiba/ros2_ws/install/realsense2_camera_msgs/lib/python3.10/site-packages/realsense2_camera_msgs/msg/_metadata.py
[2.870s] -- Up-to-date symlink: /home/ueshiba/ros2_ws/install/realsense2_camera_msgs/lib/python3.10/site-packages/realsense2_camera_msgs/msg/_metadata_s.c
[2.870s] -- Up-to-date symlink: /home/ueshiba/ros2_ws/install/realsense2_camera_msgs/lib/python3.10/site-packages/realsense2_camera_msgs/msg/_rgbd.py
[2.870s] -- Up-to-date symlink: /home/ueshiba/ros2_ws/install/realsense2_camera_msgs/lib/python3.10/site-packages/realsense2_camera_msgs/msg/_rgbd_s.c
[2.871s] -- Up-to-date symlink: /home/ueshiba/ros2_ws/install/realsense2_camera_msgs/lib/python3.10/site-packages/realsense2_camera_msgs/srv/__init__.py
[2.871s] -- Up-to-date symlink: /home/ueshiba/ros2_ws/install/realsense2_camera_msgs/lib/python3.10/site-packages/realsense2_camera_msgs/srv/_device_info.py
[2.871s] -- Up-to-date symlink: /home/ueshiba/ros2_ws/install/realsense2_camera_msgs/lib/python3.10/site-packages/realsense2_camera_msgs/srv/_device_info_s.c
[2.871s] -- Up-to-date symlink: /home/ueshiba/ros2_ws/install/realsense2_camera_msgs/lib/python3.10/site-packages/realsense2_camera_msgs/realsense2_camera_msgs_s__rosidl_typesupport_fastrtps_c.cpython-310-x86_64-linux-gnu.so
[2.872s] -- Up-to-date symlink: /home/ueshiba/ros2_ws/install/realsense2_camera_msgs/lib/python3.10/site-packages/realsense2_camera_msgs/realsense2_camera_msgs_s__rosidl_typesupport_introspection_c.cpython-310-x86_64-linux-gnu.so
[2.872s] -- Up-to-date symlink: /home/ueshiba/ros2_ws/install/realsense2_camera_msgs/lib/python3.10/site-packages/realsense2_camera_msgs/realsense2_camera_msgs_s__rosidl_typesupport_c.cpython-310-x86_64-linux-gnu.so
[2.872s] -- Up-to-date symlink: /home/ueshiba/ros2_ws/install/realsense2_camera_msgs/share/realsense2_camera_msgs/msg/IMUInfo.idl
[2.872s] -- Up-to-date symlink: /home/ueshiba/ros2_ws/install/realsense2_camera_msgs/share/realsense2_camera_msgs/msg/Extrinsics.idl
[2.873s] -- Up-to-date symlink: /home/ueshiba/ros2_ws/install/realsense2_camera_msgs/share/realsense2_camera_msgs/msg/Metadata.idl
[2.873s] -- Up-to-date symlink: /home/ueshiba/ros2_ws/install/realsense2_camera_msgs/share/realsense2_camera_msgs/msg/RGBD.idl
[2.873s] -- Up-to-date symlink: /home/ueshiba/ros2_ws/install/realsense2_camera_msgs/share/realsense2_camera_msgs/srv/DeviceInfo.idl
[2.873s] -- Up-to-date symlink: /home/ueshiba/ros2_ws/install/realsense2_camera_msgs/share/realsense2_camera_msgs/msg/IMUInfo.msg
[2.873s] -- Up-to-date symlink: /home/ueshiba/ros2_ws/install/realsense2_camera_msgs/share/realsense2_camera_msgs/msg/Extrinsics.msg
[2.873s] -- Up-to-date symlink: /home/ueshiba/ros2_ws/install/realsense2_camera_msgs/share/realsense2_camera_msgs/msg/Metadata.msg
[2.873s] -- Up-to-date symlink: /home/ueshiba/ros2_ws/install/realsense2_camera_msgs/share/realsense2_camera_msgs/msg/RGBD.msg
[2.873s] -- Up-to-date symlink: /home/ueshiba/ros2_ws/install/realsense2_camera_msgs/share/realsense2_camera_msgs/srv/DeviceInfo.srv
[2.873s] -- Up-to-date symlink: /home/ueshiba/ros2_ws/install/realsense2_camera_msgs/share/ament_index/resource_index/package_run_dependencies/realsense2_camera_msgs
[2.874s] -- Up-to-date symlink: /home/ueshiba/ros2_ws/install/realsense2_camera_msgs/share/ament_index/resource_index/parent_prefix_path/realsense2_camera_msgs
[2.874s] -- Up-to-date symlink: /home/ueshiba/ros2_ws/install/realsense2_camera_msgs/share/realsense2_camera_msgs/environment/ament_prefix_path.sh
[2.874s] -- Up-to-date symlink: /home/ueshiba/ros2_ws/install/realsense2_camera_msgs/share/realsense2_camera_msgs/environment/ament_prefix_path.dsv
[2.874s] -- Up-to-date symlink: /home/ueshiba/ros2_ws/install/realsense2_camera_msgs/share/realsense2_camera_msgs/environment/path.sh
[2.875s] -- Up-to-date symlink: /home/ueshiba/ros2_ws/install/realsense2_camera_msgs/share/realsense2_camera_msgs/environment/path.dsv
[2.875s] -- Up-to-date symlink: /home/ueshiba/ros2_ws/install/realsense2_camera_msgs/share/realsense2_camera_msgs/local_setup.bash
[2.875s] -- Up-to-date symlink: /home/ueshiba/ros2_ws/install/realsense2_camera_msgs/share/realsense2_camera_msgs/local_setup.sh
[2.875s] -- Up-to-date symlink: /home/ueshiba/ros2_ws/install/realsense2_camera_msgs/share/realsense2_camera_msgs/local_setup.zsh
[2.875s] -- Up-to-date symlink: /home/ueshiba/ros2_ws/install/realsense2_camera_msgs/share/realsense2_camera_msgs/local_setup.dsv
[2.875s] -- Symlinking: /home/ueshiba/ros2_ws/install/realsense2_camera_msgs/share/realsense2_camera_msgs/package.dsv
[2.882s] -- Up-to-date symlink: /home/ueshiba/ros2_ws/install/realsense2_camera_msgs/share/ament_index/resource_index/packages/realsense2_camera_msgs
[2.883s] -- Up-to-date symlink: /home/ueshiba/ros2_ws/install/realsense2_camera_msgs/share/realsense2_camera_msgs/cmake/rosidl_cmake-extras.cmake
[2.883s] -- Up-to-date symlink: /home/ueshiba/ros2_ws/install/realsense2_camera_msgs/share/realsense2_camera_msgs/cmake/ament_cmake_export_dependencies-extras.cmake
[2.883s] -- Up-to-date symlink: /home/ueshiba/ros2_ws/install/realsense2_camera_msgs/share/realsense2_camera_msgs/cmake/ament_cmake_export_include_directories-extras.cmake
[2.883s] -- Up-to-date symlink: /home/ueshiba/ros2_ws/install/realsense2_camera_msgs/share/realsense2_camera_msgs/cmake/ament_cmake_export_libraries-extras.cmake
[2.884s] -- Up-to-date symlink: /home/ueshiba/ros2_ws/install/realsense2_camera_msgs/share/realsense2_camera_msgs/cmake/ament_cmake_export_targets-extras.cmake
[2.884s] -- Up-to-date symlink: /home/ueshiba/ros2_ws/install/realsense2_camera_msgs/share/realsense2_camera_msgs/cmake/rosidl_cmake_export_typesupport_targets-extras.cmake
[2.884s] -- Up-to-date symlink: /home/ueshiba/ros2_ws/install/realsense2_camera_msgs/share/realsense2_camera_msgs/cmake/rosidl_cmake_export_typesupport_libraries-extras.cmake
[2.884s] -- Up-to-date symlink: /home/ueshiba/ros2_ws/install/realsense2_camera_msgs/share/realsense2_camera_msgs/cmake/realsense2_camera_msgsConfig.cmake
[2.885s] -- Up-to-date symlink: /home/ueshiba/ros2_ws/install/realsense2_camera_msgs/share/realsense2_camera_msgs/cmake/realsense2_camera_msgsConfig-version.cmake
[2.885s] -- Up-to-date symlink: /home/ueshiba/ros2_ws/install/realsense2_camera_msgs/share/realsense2_camera_msgs/package.xml
[2.885s] -- Up-to-date: /home/ueshiba/ros2_ws/install/realsense2_camera_msgs/lib/librealsense2_camera_msgs__rosidl_generator_c.so
[2.885s] -- Installing: /home/ueshiba/ros2_ws/install/realsense2_camera_msgs/lib/librealsense2_camera_msgs__rosidl_typesupport_fastrtps_c.so
[2.886s] -- Set runtime path of "/home/ueshiba/ros2_ws/install/realsense2_camera_msgs/lib/librealsense2_camera_msgs__rosidl_typesupport_fastrtps_c.so" to ""
[2.886s] -- Up-to-date: /home/ueshiba/ros2_ws/install/realsense2_camera_msgs/lib/librealsense2_camera_msgs__rosidl_typesupport_introspection_c.so
[2.886s] -- Up-to-date: /home/ueshiba/ros2_ws/install/realsense2_camera_msgs/lib/librealsense2_camera_msgs__rosidl_typesupport_c.so
[2.887s] -- Installing: /home/ueshiba/ros2_ws/install/realsense2_camera_msgs/lib/librealsense2_camera_msgs__rosidl_typesupport_fastrtps_cpp.so
[2.887s] -- Set runtime path of "/home/ueshiba/ros2_ws/install/realsense2_camera_msgs/lib/librealsense2_camera_msgs__rosidl_typesupport_fastrtps_cpp.so" to ""
[2.887s] -- Installing: /home/ueshiba/ros2_ws/install/realsense2_camera_msgs/lib/librealsense2_camera_msgs__rosidl_typesupport_introspection_cpp.so
[2.887s] -- Set runtime path of "/home/ueshiba/ros2_ws/install/realsense2_camera_msgs/lib/librealsense2_camera_msgs__rosidl_typesupport_introspection_cpp.so" to ""
[2.888s] -- Installing: /home/ueshiba/ros2_ws/install/realsense2_camera_msgs/lib/librealsense2_camera_msgs__rosidl_typesupport_cpp.so
[2.888s] -- Set runtime path of "/home/ueshiba/ros2_ws/install/realsense2_camera_msgs/lib/librealsense2_camera_msgs__rosidl_typesupport_cpp.so" to ""
[2.921s] Listing '/home/ueshiba/ros2_ws/install/realsense2_camera_msgs/lib/python3.10/site-packages/realsense2_camera_msgs'...
[2.921s] Listing '/home/ueshiba/ros2_ws/install/realsense2_camera_msgs/lib/python3.10/site-packages/realsense2_camera_msgs/msg'...
[2.921s] Listing '/home/ueshiba/ros2_ws/install/realsense2_camera_msgs/lib/python3.10/site-packages/realsense2_camera_msgs/srv'...
[2.925s] -- Installing: /home/ueshiba/ros2_ws/install/realsense2_camera_msgs/lib/librealsense2_camera_msgs__rosidl_generator_py.so
[2.925s] -- Set runtime path of "/home/ueshiba/ros2_ws/install/realsense2_camera_msgs/lib/librealsense2_camera_msgs__rosidl_generator_py.so" to ""
[2.926s] -- Up-to-date: /home/ueshiba/ros2_ws/install/realsense2_camera_msgs/share/realsense2_camera_msgs/cmake/export_realsense2_camera_msgs__rosidl_generator_cExport.cmake
[2.926s] -- Up-to-date: /home/ueshiba/ros2_ws/install/realsense2_camera_msgs/share/realsense2_camera_msgs/cmake/export_realsense2_camera_msgs__rosidl_generator_cExport-noconfig.cmake
[2.926s] -- Up-to-date: /home/ueshiba/ros2_ws/install/realsense2_camera_msgs/share/realsense2_camera_msgs/cmake/export_realsense2_camera_msgs__rosidl_typesupport_fastrtps_cExport.cmake
[2.927s] -- Up-to-date: /home/ueshiba/ros2_ws/install/realsense2_camera_msgs/share/realsense2_camera_msgs/cmake/export_realsense2_camera_msgs__rosidl_typesupport_fastrtps_cExport-noconfig.cmake
[2.927s] -- Up-to-date: /home/ueshiba/ros2_ws/install/realsense2_camera_msgs/share/realsense2_camera_msgs/cmake/realsense2_camera_msgs__rosidl_typesupport_introspection_cExport.cmake
[2.927s] -- Up-to-date: /home/ueshiba/ros2_ws/install/realsense2_camera_msgs/share/realsense2_camera_msgs/cmake/realsense2_camera_msgs__rosidl_typesupport_introspection_cExport-noconfig.cmake
[2.927s] -- Up-to-date: /home/ueshiba/ros2_ws/install/realsense2_camera_msgs/share/realsense2_camera_msgs/cmake/realsense2_camera_msgs__rosidl_typesupport_cExport.cmake
[2.927s] -- Up-to-date: /home/ueshiba/ros2_ws/install/realsense2_camera_msgs/share/realsense2_camera_msgs/cmake/realsense2_camera_msgs__rosidl_typesupport_cExport-noconfig.cmake
[2.927s] -- Up-to-date: /home/ueshiba/ros2_ws/install/realsense2_camera_msgs/share/realsense2_camera_msgs/cmake/export_realsense2_camera_msgs__rosidl_generator_cppExport.cmake
[2.927s] -- Up-to-date: /home/ueshiba/ros2_ws/install/realsense2_camera_msgs/share/realsense2_camera_msgs/cmake/export_realsense2_camera_msgs__rosidl_typesupport_fastrtps_cppExport.cmake
[2.927s] -- Up-to-date: /home/ueshiba/ros2_ws/install/realsense2_camera_msgs/share/realsense2_camera_msgs/cmake/export_realsense2_camera_msgs__rosidl_typesupport_fastrtps_cppExport-noconfig.cmake
[2.927s] -- Up-to-date: /home/ueshiba/ros2_ws/install/realsense2_camera_msgs/share/realsense2_camera_msgs/cmake/realsense2_camera_msgs__rosidl_typesupport_introspection_cppExport.cmake
[2.928s] -- Up-to-date: /home/ueshiba/ros2_ws/install/realsense2_camera_msgs/share/realsense2_camera_msgs/cmake/realsense2_camera_msgs__rosidl_typesupport_introspection_cppExport-noconfig.cmake
[2.928s] -- Up-to-date: /home/ueshiba/ros2_ws/install/realsense2_camera_msgs/share/realsense2_camera_msgs/cmake/realsense2_camera_msgs__rosidl_typesupport_cppExport.cmake
[2.928s] -- Up-to-date: /home/ueshiba/ros2_ws/install/realsense2_camera_msgs/share/realsense2_camera_msgs/cmake/realsense2_camera_msgs__rosidl_typesupport_cppExport-noconfig.cmake
[2.928s] -- Up-to-date: /home/ueshiba/ros2_ws/install/realsense2_camera_msgs/share/realsense2_camera_msgs/cmake/export_realsense2_camera_msgs__rosidl_generator_pyExport.cmake
[2.928s] -- Up-to-date: /home/ueshiba/ros2_ws/install/realsense2_camera_msgs/share/realsense2_camera_msgs/cmake/export_realsense2_camera_msgs__rosidl_generator_pyExport-noconfig.cmake
[2.931s] Invoked command in '/home/ueshiba/ros2_ws/build/realsense2_camera_msgs' returned '0': CMAKE_PREFIX_PATH=${CMAKE_PREFIX_PATH}:/home/ueshiba/ros2_ws/install/rqt_reconfigure:/opt/ros/rolling PS1=\[\e]0;\u@\h: \w\a\]\h% /usr/bin/cmake --install /home/ueshiba/ros2_ws/build/realsense2_camera_msgs
