[0.035s] Invoking command in '/home/ueshiba/ros2_ws/build/ddynamic_reconfigure': PS1=\[\e]0;\u@\h: \w\a\]\h% /usr/bin/cmake /home/ueshiba/noetic/catkin_ws/src/artros/third_party/ddynamic_reconfigure -DCATKIN_INSTALL_INTO_PREFIX_ROOT=0 -DCMAKE_INSTALL_PREFIX=/home/ueshiba/ros2_ws/install
[0.074s] [0mCMake Deprecation Warning at CMakeLists.txt:1 (cmake_minimum_required):
[0.075s]   Compatibility with CMake < 2.8.12 will be removed from a future version of
[0.075s]   CMake.
[0.075s] 
[0.075s]   Update the VERSION argument <min> value or use a ...<max> suffix to tell
[0.075s]   CMake that the project does not need compatibility with older versions.
[0.075s] 
[0.075s] [0m
[0.079s] -- The C compiler identification is GNU 11.4.0
[0.129s] -- The CXX compiler identification is GNU 11.4.0
[0.135s] -- Detecting C compiler ABI info
[0.181s] -- Detecting C compiler ABI info - done
[0.186s] -- Check for working C compiler: /usr/bin/cc - skipped
[0.187s] -- Detecting C compile features
[0.187s] -- Detecting C compile features - done
[0.189s] -- Detecting CXX compiler ABI info
[0.246s] -- Detecting CXX compiler ABI info - done
[0.254s] -- Check for working CXX compiler: /usr/bin/c++ - skipped
[0.255s] -- Detecting CXX compile features
[0.255s] -- Detecting CXX compile features - done
[0.259s] -- Found PkgConfig: /usr/bin/pkg-config (found version "0.29.2") 
[0.259s] -- Checking for module 'yaml-cpp'
[0.267s] --   Found yaml-cpp, version 0.7.0
[0.290s] [31mCMake Error at CMakeLists.txt:7 (find_package):
[0.290s]   By not providing "Findcatkin.cmake" in CMAKE_MODULE_PATH this project has
[0.290s]   asked CMake to find a package configuration file provided by "catkin", but
[0.290s]   CMake did not find one.
[0.290s] 
[0.290s]   Could not find a package configuration file provided by "catkin" with any
[0.290s]   of the following names:
[0.290s] 
[0.290s]     catkinConfig.cmake
[0.290s]     catkin-config.cmake
[0.290s] 
[0.290s]   Add the installation prefix of "catkin" to CMAKE_PREFIX_PATH or set
[0.290s]   "catkin_DIR" to a directory containing one of the above files.  If "catkin"
[0.290s]   provides a separate development package or SDK, be sure it has been
[0.290s]   installed.
[0.291s] 
[0.291s] -- Configuring incomplete, errors occurred!
[0.291s] See also "/home/ueshiba/ros2_ws/build/ddynamic_reconfigure/CMakeFiles/CMakeOutput.log".
[0.291s] [0m
