[0.040s] Invoking command in '/home/ueshiba/ros2_ws/build/aist_precision_gripper': PS1=\[\e]0;\u@\h: \w\a\]\h% /usr/bin/cmake /home/ueshiba/noetic/catkin_ws/src/artros/aist_precision_gripper -DCATKIN_INSTALL_INTO_PREFIX_ROOT=0 -DCMAKE_INSTALL_PREFIX=/home/ueshiba/ros2_ws/install
[0.231s] -- The C compiler identification is GNU 11.4.0
[0.232s] -- The CXX compiler identification is GNU 11.4.0
[0.232s] -- Detecting C compiler ABI info
[0.232s] -- Detecting C compiler ABI info - done
[0.232s] -- Check for working C compiler: /usr/bin/cc - skipped
[0.232s] -- Detecting C compile features
[0.232s] -- Detecting C compile features - done
[0.232s] -- Detecting CXX compiler ABI info
[0.232s] [0mCMake Deprecation Warning at CMakeLists.txt:4 (cmake_minimum_required):
[0.233s]   Compatibility with CMake < 2.8.12 will be removed from a future version of
[0.233s]   CMake.
[0.233s] 
[0.233s]   Update the VERSION argument <min> value or use a ...<max> suffix to tell
[0.233s]   CMake that the project does not need compatibility with older versions.
[0.233s] 
[0.233s] [0m
[0.242s] -- Detecting CXX compiler ABI info - done
[0.250s] -- Check for working CXX compiler: /usr/bin/c++ - skipped
[0.251s] -- Detecting CXX compile features
[0.251s] -- Detecting CXX compile features - done
[0.257s] [31mCMake Error at CMakeLists.txt:10 (find_package):
[0.257s]   By not providing "Findcatkin.cmake" in CMAKE_MODULE_PATH this project has
[0.257s]   asked CMake to find a package configuration file provided by "catkin", but
[0.257s]   CMake did not find one.
[0.257s] 
[0.257s]   Could not find a package configuration file provided by "catkin" with any
[0.258s]   of the following names:
[0.258s] 
[0.258s]     catkinConfig.cmake
[0.258s]     catkin-config.cmake
[0.258s] 
[0.258s]   Add the installation prefix of "catkin" to CMAKE_PREFIX_PATH or set
[0.258s]   "catkin_DIR" to a directory containing one of the above files.  If "catkin"
[0.258s]   provides a separate development package or SDK, be sure it has been
[0.258s]   installed.
[0.258s] 
[0.258s] [0m
[0.258s] -- Configuring incomplete, errors occurred!
[0.258s] See also "/home/ueshiba/ros2_ws/build/aist_precision_gripper/CMakeFiles/CMakeOutput.log".
