[0.020s] Invoking command in '/home/ueshiba/ros2_ws/build/aist_handeye_calibration_msgs': CMAKE_PREFIX_PATH=${CMAKE_PREFIX_PATH}:/home/ueshiba/ros2_ws/install/rqt_reconfigure:/opt/ros/rolling PS1=\[\e]0;\u@\h: \w\a\]\h% /usr/bin/cmake /home/ueshiba/ros2_ws/src/artros/aist_handeye_calibration/aist_handeye_calibration_msgs -DAMENT_CMAKE_SYMLINK_INSTALL=1 -DCMAKE_INSTALL_PREFIX=/home/ueshiba/ros2_ws/install/aist_handeye_calibration_msgs
[0.172s] -- The C compiler identification is GNU 11.4.0
[0.172s] -- The CXX compiler identification is GNU 11.4.0
[0.172s] -- Detecting C compiler ABI info
[0.172s] -- Detecting C compiler ABI info - done
[0.172s] -- Check for working C compiler: /usr/bin/cc - skipped
[0.172s] -- Detecting C compile features
[0.172s] -- Detecting C compile features - done
[0.172s] -- Detecting CXX compiler ABI info
[0.195s] -- Detecting CXX compiler ABI info - done
[0.204s] -- Check for working CXX compiler: /usr/bin/c++ - skipped
[0.205s] -- Detecting CXX compile features
[0.205s] -- Detecting CXX compile features - done
[0.208s] -- Found ament_cmake: 2.3.2 (/opt/ros/rolling/share/ament_cmake/cmake)
[0.337s] -- Found Python3: /usr/bin/python3.10 (found version "3.10.12") found components: Interpreter 
[0.377s] -- Override CMake install command with custom implementation using symlinks instead of copying resources
[0.403s] -- Found rosidl_default_generators: 1.6.0 (/opt/ros/rolling/share/rosidl_default_generators/cmake)
[0.410s] -- Using all available rosidl_typesupport_c: rosidl_typesupport_fastrtps_c;rosidl_typesupport_introspection_c
[0.453s] -- Using all available rosidl_typesupport_cpp: rosidl_typesupport_fastrtps_cpp;rosidl_typesupport_introspection_cpp
[0.490s] -- Found rosidl_adapter: 4.5.1 (/opt/ros/rolling/share/rosidl_adapter/cmake)
[0.498s] -- Found rosidl_default_runtime: 1.6.0 (/opt/ros/rolling/share/rosidl_default_runtime/cmake)
[0.507s] -- Found geometry_msgs: 5.3.0 (/opt/ros/rolling/share/geometry_msgs/cmake)
[0.922s] -- Found ament_cmake_ros: 0.12.0 (/opt/ros/rolling/share/ament_cmake_ros/cmake)
[1.097s] -- Using all available rosidl_typesupport_c: rosidl_typesupport_fastrtps_c;rosidl_typesupport_introspection_c
[1.306s] -- Using all available rosidl_typesupport_cpp: rosidl_typesupport_fastrtps_cpp;rosidl_typesupport_introspection_cpp
[1.321s] -- Found PythonInterp: /usr/bin/python3 (found suitable version "3.10.12", minimum required is "3.6") 
[1.324s] -- Found python_cmake_module: 0.11.0 (/opt/ros/rolling/share/python_cmake_module/cmake)
[1.344s] -- Found PythonLibs: /usr/lib/x86_64-linux-gnu/libpython3.10.so (found suitable version "3.10.12", minimum required is "3.5") 
[1.344s] -- Using PYTHON_EXECUTABLE: /usr/bin/python3
[1.344s] -- Using PYTHON_INCLUDE_DIRS: /usr/include/python3.10
[1.344s] -- Using PYTHON_LIBRARIES: /usr/lib/x86_64-linux-gnu/libpython3.10.so
[1.359s] -- Found PythonExtra: .so  
[1.422s] -- Configuring done
[1.462s] -- Generating done
[1.465s] -- Build files have been written to: /home/ueshiba/ros2_ws/build/aist_handeye_calibration_msgs
[1.474s] Invoked command in '/home/ueshiba/ros2_ws/build/aist_handeye_calibration_msgs' returned '0': CMAKE_PREFIX_PATH=${CMAKE_PREFIX_PATH}:/home/ueshiba/ros2_ws/install/rqt_reconfigure:/opt/ros/rolling PS1=\[\e]0;\u@\h: \w\a\]\h% /usr/bin/cmake /home/ueshiba/ros2_ws/src/artros/aist_handeye_calibration/aist_handeye_calibration_msgs -DAMENT_CMAKE_SYMLINK_INSTALL=1 -DCMAKE_INSTALL_PREFIX=/home/ueshiba/ros2_ws/install/aist_handeye_calibration_msgs
[1.475s] Invoking command in '/home/ueshiba/ros2_ws/build/aist_handeye_calibration_msgs': CMAKE_PREFIX_PATH=${CMAKE_PREFIX_PATH}:/home/ueshiba/ros2_ws/install/rqt_reconfigure:/opt/ros/rolling PS1=\[\e]0;\u@\h: \w\a\]\h% /usr/bin/cmake --build /home/ueshiba/ros2_ws/build/aist_handeye_calibration_msgs -- -j24 -l24
[1.511s] [  1%] Built target aist_handeye_calibration_msgs__rosidl_generator_type_description
[1.517s] [  1%] Built target ament_cmake_python_symlink_aist_handeye_calibration_msgs
[1.521s] [35m[1mConsolidate compiler generated dependencies of target aist_handeye_calibration_msgs__rosidl_generator_c[0m
[1.526s] [  3%] Built target aist_handeye_calibration_msgs__cpp
[1.531s] [ 24%] Built target aist_handeye_calibration_msgs__rosidl_generator_c
[1.538s] [35m[1mConsolidate compiler generated dependencies of target aist_handeye_calibration_msgs__rosidl_typesupport_cpp[0m
[1.539s] [35m[1mConsolidate compiler generated dependencies of target aist_handeye_calibration_msgs__rosidl_typesupport_c[0m
[1.541s] [35m[1mConsolidate compiler generated dependencies of target aist_handeye_calibration_msgs__rosidl_typesupport_introspection_c[0m
[1.542s] [35m[1mConsolidate compiler generated dependencies of target aist_handeye_calibration_msgs__rosidl_typesupport_fastrtps_cpp[0m
[1.542s] [35m[1mConsolidate compiler generated dependencies of target aist_handeye_calibration_msgs__rosidl_typesupport_introspection_cpp[0m
[1.542s] [35m[1mConsolidate compiler generated dependencies of target aist_handeye_calibration_msgs__rosidl_typesupport_fastrtps_c[0m
[1.547s] [ 33%] Built target aist_handeye_calibration_msgs__rosidl_typesupport_cpp
[1.548s] [ 42%] Built target aist_handeye_calibration_msgs__rosidl_typesupport_c
[1.554s] [ 53%] Built target aist_handeye_calibration_msgs__rosidl_typesupport_introspection_cpp
[1.555s] [ 61%] Built target aist_handeye_calibration_msgs__rosidl_typesupport_fastrtps_c
[1.555s] [ 70%] Built target aist_handeye_calibration_msgs__rosidl_typesupport_fastrtps_cpp
[1.555s] [ 79%] Built target aist_handeye_calibration_msgs__rosidl_typesupport_introspection_c
[1.567s] [ 79%] Built target aist_handeye_calibration_msgs
[1.582s] [ 81%] Built target aist_handeye_calibration_msgs__py
[1.588s] [35m[1mConsolidate compiler generated dependencies of target aist_handeye_calibration_msgs__rosidl_generator_py[0m
[1.598s] [ 88%] Built target aist_handeye_calibration_msgs__rosidl_generator_py
[1.605s] [35m[1mConsolidate compiler generated dependencies of target aist_handeye_calibration_msgs__rosidl_typesupport_fastrtps_c__pyext[0m
[1.605s] [35m[1mConsolidate compiler generated dependencies of target aist_handeye_calibration_msgs__rosidl_typesupport_introspection_c__pyext[0m
[1.605s] [35m[1mConsolidate compiler generated dependencies of target aist_handeye_calibration_msgs__rosidl_typesupport_c__pyext[0m
[1.613s] [ 92%] Built target aist_handeye_calibration_msgs__rosidl_typesupport_fastrtps_c__pyext
[1.614s] [ 96%] Built target aist_handeye_calibration_msgs__rosidl_typesupport_c__pyext
[1.615s] [100%] Built target aist_handeye_calibration_msgs__rosidl_typesupport_introspection_c__pyext
[1.654s] running egg_info
[1.654s] writing aist_handeye_calibration_msgs.egg-info/PKG-INFO
[1.654s] writing dependency_links to aist_handeye_calibration_msgs.egg-info/dependency_links.txt
[1.655s] writing top-level names to aist_handeye_calibration_msgs.egg-info/top_level.txt
[1.656s] reading manifest file 'aist_handeye_calibration_msgs.egg-info/SOURCES.txt'
[1.656s] writing manifest file 'aist_handeye_calibration_msgs.egg-info/SOURCES.txt'
[1.677s] [100%] Built target ament_cmake_python_build_aist_handeye_calibration_msgs_egg
[1.692s] Invoked command in '/home/ueshiba/ros2_ws/build/aist_handeye_calibration_msgs' returned '0': CMAKE_PREFIX_PATH=${CMAKE_PREFIX_PATH}:/home/ueshiba/ros2_ws/install/rqt_reconfigure:/opt/ros/rolling PS1=\[\e]0;\u@\h: \w\a\]\h% /usr/bin/cmake --build /home/ueshiba/ros2_ws/build/aist_handeye_calibration_msgs -- -j24 -l24
[1.784s] Invoking command in '/home/ueshiba/ros2_ws/build/aist_handeye_calibration_msgs': CMAKE_PREFIX_PATH=${CMAKE_PREFIX_PATH}:/home/ueshiba/ros2_ws/install/rqt_reconfigure:/opt/ros/rolling PS1=\[\e]0;\u@\h: \w\a\]\h% /usr/bin/cmake --install /home/ueshiba/ros2_ws/build/aist_handeye_calibration_msgs
[1.791s] -- Install configuration: ""
[1.791s] -- Execute custom install script
[1.791s] -- Up-to-date symlink: /home/ueshiba/ros2_ws/install/aist_handeye_calibration_msgs/share/ament_index/resource_index/rosidl_interfaces/aist_handeye_calibration_msgs
[1.791s] -- Up-to-date symlink: /home/ueshiba/ros2_ws/install/aist_handeye_calibration_msgs/share/aist_handeye_calibration_msgs/srv/ComputeCalibration.json
[1.791s] -- Up-to-date symlink: /home/ueshiba/ros2_ws/install/aist_handeye_calibration_msgs/share/aist_handeye_calibration_msgs/srv/GetSampleList.json
[1.791s] -- Up-to-date symlink: /home/ueshiba/ros2_ws/install/aist_handeye_calibration_msgs/share/aist_handeye_calibration_msgs/action/TakeSample.json
[1.794s] -- Up-to-date symlink: /home/ueshiba/ros2_ws/install/aist_handeye_calibration_msgs/include/aist_handeye_calibration_msgs/aist_handeye_calibration_msgs/action/detail/take_sample__functions.h
[1.794s] -- Up-to-date symlink: /home/ueshiba/ros2_ws/install/aist_handeye_calibration_msgs/include/aist_handeye_calibration_msgs/aist_handeye_calibration_msgs/action/detail/take_sample__struct.h
[1.794s] -- Up-to-date symlink: /home/ueshiba/ros2_ws/install/aist_handeye_calibration_msgs/include/aist_handeye_calibration_msgs/aist_handeye_calibration_msgs/action/detail/take_sample__type_support.h
[1.794s] -- Up-to-date symlink: /home/ueshiba/ros2_ws/install/aist_handeye_calibration_msgs/include/aist_handeye_calibration_msgs/aist_handeye_calibration_msgs/action/take_sample.h
[1.794s] -- Up-to-date symlink: /home/ueshiba/ros2_ws/install/aist_handeye_calibration_msgs/include/aist_handeye_calibration_msgs/aist_handeye_calibration_msgs/msg/rosidl_generator_c__visibility_control.h
[1.794s] -- Up-to-date symlink: /home/ueshiba/ros2_ws/install/aist_handeye_calibration_msgs/include/aist_handeye_calibration_msgs/aist_handeye_calibration_msgs/srv/compute_calibration.h
[1.794s] -- Up-to-date symlink: /home/ueshiba/ros2_ws/install/aist_handeye_calibration_msgs/include/aist_handeye_calibration_msgs/aist_handeye_calibration_msgs/srv/detail/compute_calibration__functions.h
[1.794s] -- Up-to-date symlink: /home/ueshiba/ros2_ws/install/aist_handeye_calibration_msgs/include/aist_handeye_calibration_msgs/aist_handeye_calibration_msgs/srv/detail/compute_calibration__struct.h
[1.794s] -- Up-to-date symlink: /home/ueshiba/ros2_ws/install/aist_handeye_calibration_msgs/include/aist_handeye_calibration_msgs/aist_handeye_calibration_msgs/srv/detail/compute_calibration__type_support.h
[1.794s] -- Up-to-date symlink: /home/ueshiba/ros2_ws/install/aist_handeye_calibration_msgs/include/aist_handeye_calibration_msgs/aist_handeye_calibration_msgs/srv/detail/get_sample_list__functions.h
[1.794s] -- Up-to-date symlink: /home/ueshiba/ros2_ws/install/aist_handeye_calibration_msgs/include/aist_handeye_calibration_msgs/aist_handeye_calibration_msgs/srv/detail/get_sample_list__struct.h
[1.794s] -- Up-to-date symlink: /home/ueshiba/ros2_ws/install/aist_handeye_calibration_msgs/include/aist_handeye_calibration_msgs/aist_handeye_calibration_msgs/srv/detail/get_sample_list__type_support.h
[1.794s] -- Up-to-date symlink: /home/ueshiba/ros2_ws/install/aist_handeye_calibration_msgs/include/aist_handeye_calibration_msgs/aist_handeye_calibration_msgs/srv/get_sample_list.h
[1.794s] -- Up-to-date symlink: /home/ueshiba/ros2_ws/install/aist_handeye_calibration_msgs/share/aist_handeye_calibration_msgs/environment/library_path.sh
[1.794s] -- Up-to-date symlink: /home/ueshiba/ros2_ws/install/aist_handeye_calibration_msgs/share/aist_handeye_calibration_msgs/environment/library_path.dsv
[1.794s] -- Up-to-date symlink: /home/ueshiba/ros2_ws/install/aist_handeye_calibration_msgs/include/aist_handeye_calibration_msgs/aist_handeye_calibration_msgs/action/detail/take_sample__rosidl_typesupport_fastrtps_c.h
[1.795s] -- Up-to-date symlink: /home/ueshiba/ros2_ws/install/aist_handeye_calibration_msgs/include/aist_handeye_calibration_msgs/aist_handeye_calibration_msgs/msg/rosidl_typesupport_fastrtps_c__visibility_control.h
[1.795s] -- Up-to-date symlink: /home/ueshiba/ros2_ws/install/aist_handeye_calibration_msgs/include/aist_handeye_calibration_msgs/aist_handeye_calibration_msgs/srv/detail/compute_calibration__rosidl_typesupport_fastrtps_c.h
[1.795s] -- Up-to-date symlink: /home/ueshiba/ros2_ws/install/aist_handeye_calibration_msgs/include/aist_handeye_calibration_msgs/aist_handeye_calibration_msgs/srv/detail/get_sample_list__rosidl_typesupport_fastrtps_c.h
[1.795s] -- Up-to-date symlink: /home/ueshiba/ros2_ws/install/aist_handeye_calibration_msgs/include/aist_handeye_calibration_msgs/aist_handeye_calibration_msgs/action/detail/take_sample__rosidl_typesupport_introspection_c.h
[1.795s] -- Up-to-date symlink: /home/ueshiba/ros2_ws/install/aist_handeye_calibration_msgs/include/aist_handeye_calibration_msgs/aist_handeye_calibration_msgs/msg/rosidl_typesupport_introspection_c__visibility_control.h
[1.795s] -- Up-to-date symlink: /home/ueshiba/ros2_ws/install/aist_handeye_calibration_msgs/include/aist_handeye_calibration_msgs/aist_handeye_calibration_msgs/srv/detail/compute_calibration__rosidl_typesupport_introspection_c.h
[1.795s] -- Up-to-date symlink: /home/ueshiba/ros2_ws/install/aist_handeye_calibration_msgs/include/aist_handeye_calibration_msgs/aist_handeye_calibration_msgs/srv/detail/get_sample_list__rosidl_typesupport_introspection_c.h
[1.795s] -- Up-to-date symlink: /home/ueshiba/ros2_ws/install/aist_handeye_calibration_msgs/include/aist_handeye_calibration_msgs/aist_handeye_calibration_msgs/action/detail/take_sample__builder.hpp
[1.795s] -- Up-to-date symlink: /home/ueshiba/ros2_ws/install/aist_handeye_calibration_msgs/include/aist_handeye_calibration_msgs/aist_handeye_calibration_msgs/action/detail/take_sample__struct.hpp
[1.795s] -- Up-to-date symlink: /home/ueshiba/ros2_ws/install/aist_handeye_calibration_msgs/include/aist_handeye_calibration_msgs/aist_handeye_calibration_msgs/action/detail/take_sample__traits.hpp
[1.795s] -- Up-to-date symlink: /home/ueshiba/ros2_ws/install/aist_handeye_calibration_msgs/include/aist_handeye_calibration_msgs/aist_handeye_calibration_msgs/action/detail/take_sample__type_support.hpp
[1.796s] -- Up-to-date symlink: /home/ueshiba/ros2_ws/install/aist_handeye_calibration_msgs/include/aist_handeye_calibration_msgs/aist_handeye_calibration_msgs/action/take_sample.hpp
[1.796s] -- Up-to-date symlink: /home/ueshiba/ros2_ws/install/aist_handeye_calibration_msgs/include/aist_handeye_calibration_msgs/aist_handeye_calibration_msgs/msg/rosidl_generator_cpp__visibility_control.hpp
[1.796s] -- Up-to-date symlink: /home/ueshiba/ros2_ws/install/aist_handeye_calibration_msgs/include/aist_handeye_calibration_msgs/aist_handeye_calibration_msgs/srv/compute_calibration.hpp
[1.796s] -- Up-to-date symlink: /home/ueshiba/ros2_ws/install/aist_handeye_calibration_msgs/include/aist_handeye_calibration_msgs/aist_handeye_calibration_msgs/srv/detail/compute_calibration__builder.hpp
[1.796s] -- Up-to-date symlink: /home/ueshiba/ros2_ws/install/aist_handeye_calibration_msgs/include/aist_handeye_calibration_msgs/aist_handeye_calibration_msgs/srv/detail/compute_calibration__struct.hpp
[1.797s] -- Up-to-date symlink: /home/ueshiba/ros2_ws/install/aist_handeye_calibration_msgs/include/aist_handeye_calibration_msgs/aist_handeye_calibration_msgs/srv/detail/compute_calibration__traits.hpp
[1.797s] -- Up-to-date symlink: /home/ueshiba/ros2_ws/install/aist_handeye_calibration_msgs/include/aist_handeye_calibration_msgs/aist_handeye_calibration_msgs/srv/detail/compute_calibration__type_support.hpp
[1.797s] -- Up-to-date symlink: /home/ueshiba/ros2_ws/install/aist_handeye_calibration_msgs/include/aist_handeye_calibration_msgs/aist_handeye_calibration_msgs/srv/detail/get_sample_list__builder.hpp
[1.797s] -- Up-to-date symlink: /home/ueshiba/ros2_ws/install/aist_handeye_calibration_msgs/include/aist_handeye_calibration_msgs/aist_handeye_calibration_msgs/srv/detail/get_sample_list__struct.hpp
[1.797s] -- Up-to-date symlink: /home/ueshiba/ros2_ws/install/aist_handeye_calibration_msgs/include/aist_handeye_calibration_msgs/aist_handeye_calibration_msgs/srv/detail/get_sample_list__traits.hpp
[1.797s] -- Up-to-date symlink: /home/ueshiba/ros2_ws/install/aist_handeye_calibration_msgs/include/aist_handeye_calibration_msgs/aist_handeye_calibration_msgs/srv/detail/get_sample_list__type_support.hpp
[1.797s] -- Up-to-date symlink: /home/ueshiba/ros2_ws/install/aist_handeye_calibration_msgs/include/aist_handeye_calibration_msgs/aist_handeye_calibration_msgs/srv/get_sample_list.hpp
[1.797s] -- Up-to-date symlink: /home/ueshiba/ros2_ws/install/aist_handeye_calibration_msgs/include/aist_handeye_calibration_msgs/aist_handeye_calibration_msgs/action/detail/take_sample__rosidl_typesupport_fastrtps_cpp.hpp
[1.798s] -- Up-to-date symlink: /home/ueshiba/ros2_ws/install/aist_handeye_calibration_msgs/include/aist_handeye_calibration_msgs/aist_handeye_calibration_msgs/msg/rosidl_typesupport_fastrtps_cpp__visibility_control.h
[1.798s] -- Up-to-date symlink: /home/ueshiba/ros2_ws/install/aist_handeye_calibration_msgs/include/aist_handeye_calibration_msgs/aist_handeye_calibration_msgs/srv/detail/compute_calibration__rosidl_typesupport_fastrtps_cpp.hpp
[1.798s] -- Up-to-date symlink: /home/ueshiba/ros2_ws/install/aist_handeye_calibration_msgs/include/aist_handeye_calibration_msgs/aist_handeye_calibration_msgs/srv/detail/get_sample_list__rosidl_typesupport_fastrtps_cpp.hpp
[1.798s] -- Up-to-date symlink: /home/ueshiba/ros2_ws/install/aist_handeye_calibration_msgs/include/aist_handeye_calibration_msgs/aist_handeye_calibration_msgs/action/detail/take_sample__rosidl_typesupport_introspection_cpp.hpp
[1.798s] -- Up-to-date symlink: /home/ueshiba/ros2_ws/install/aist_handeye_calibration_msgs/include/aist_handeye_calibration_msgs/aist_handeye_calibration_msgs/srv/detail/compute_calibration__rosidl_typesupport_introspection_cpp.hpp
[1.798s] -- Up-to-date symlink: /home/ueshiba/ros2_ws/install/aist_handeye_calibration_msgs/include/aist_handeye_calibration_msgs/aist_handeye_calibration_msgs/srv/detail/get_sample_list__rosidl_typesupport_introspection_cpp.hpp
[1.798s] -- Up-to-date symlink: /home/ueshiba/ros2_ws/install/aist_handeye_calibration_msgs/share/aist_handeye_calibration_msgs/environment/pythonpath.sh
[1.798s] -- Up-to-date symlink: /home/ueshiba/ros2_ws/install/aist_handeye_calibration_msgs/share/aist_handeye_calibration_msgs/environment/pythonpath.dsv
[1.798s] -- Up-to-date symlink: /home/ueshiba/ros2_ws/install/aist_handeye_calibration_msgs/lib/python3.10/site-packages/aist_handeye_calibration_msgs-0.6.0-py3.10.egg-info/PKG-INFO
[1.798s] -- Up-to-date symlink: /home/ueshiba/ros2_ws/install/aist_handeye_calibration_msgs/lib/python3.10/site-packages/aist_handeye_calibration_msgs-0.6.0-py3.10.egg-info/SOURCES.txt
[1.798s] -- Up-to-date symlink: /home/ueshiba/ros2_ws/install/aist_handeye_calibration_msgs/lib/python3.10/site-packages/aist_handeye_calibration_msgs-0.6.0-py3.10.egg-info/dependency_links.txt
[1.798s] -- Up-to-date symlink: /home/ueshiba/ros2_ws/install/aist_handeye_calibration_msgs/lib/python3.10/site-packages/aist_handeye_calibration_msgs-0.6.0-py3.10.egg-info/top_level.txt
[1.799s] -- Up-to-date symlink: /home/ueshiba/ros2_ws/install/aist_handeye_calibration_msgs/lib/python3.10/site-packages/aist_handeye_calibration_msgs/__init__.py
[1.799s] -- Up-to-date symlink: /home/ueshiba/ros2_ws/install/aist_handeye_calibration_msgs/lib/python3.10/site-packages/aist_handeye_calibration_msgs/_aist_handeye_calibration_msgs_s.ep.rosidl_typesupport_c.c
[1.799s] -- Up-to-date symlink: /home/ueshiba/ros2_ws/install/aist_handeye_calibration_msgs/lib/python3.10/site-packages/aist_handeye_calibration_msgs/_aist_handeye_calibration_msgs_s.ep.rosidl_typesupport_fastrtps_c.c
[1.799s] -- Up-to-date symlink: /home/ueshiba/ros2_ws/install/aist_handeye_calibration_msgs/lib/python3.10/site-packages/aist_handeye_calibration_msgs/_aist_handeye_calibration_msgs_s.ep.rosidl_typesupport_introspection_c.c
[1.799s] -- Up-to-date symlink: /home/ueshiba/ros2_ws/install/aist_handeye_calibration_msgs/lib/python3.10/site-packages/aist_handeye_calibration_msgs/action/__init__.py
[1.799s] -- Up-to-date symlink: /home/ueshiba/ros2_ws/install/aist_handeye_calibration_msgs/lib/python3.10/site-packages/aist_handeye_calibration_msgs/action/_take_sample.py
[1.799s] -- Up-to-date symlink: /home/ueshiba/ros2_ws/install/aist_handeye_calibration_msgs/lib/python3.10/site-packages/aist_handeye_calibration_msgs/action/_take_sample_s.c
[1.799s] -- Up-to-date symlink: /home/ueshiba/ros2_ws/install/aist_handeye_calibration_msgs/lib/python3.10/site-packages/aist_handeye_calibration_msgs/srv/__init__.py
[1.799s] -- Up-to-date symlink: /home/ueshiba/ros2_ws/install/aist_handeye_calibration_msgs/lib/python3.10/site-packages/aist_handeye_calibration_msgs/srv/_compute_calibration.py
[1.800s] -- Up-to-date symlink: /home/ueshiba/ros2_ws/install/aist_handeye_calibration_msgs/lib/python3.10/site-packages/aist_handeye_calibration_msgs/srv/_compute_calibration_s.c
[1.800s] -- Up-to-date symlink: /home/ueshiba/ros2_ws/install/aist_handeye_calibration_msgs/lib/python3.10/site-packages/aist_handeye_calibration_msgs/srv/_get_sample_list.py
[1.800s] -- Up-to-date symlink: /home/ueshiba/ros2_ws/install/aist_handeye_calibration_msgs/lib/python3.10/site-packages/aist_handeye_calibration_msgs/srv/_get_sample_list_s.c
[1.800s] -- Up-to-date symlink: /home/ueshiba/ros2_ws/install/aist_handeye_calibration_msgs/lib/python3.10/site-packages/aist_handeye_calibration_msgs/aist_handeye_calibration_msgs_s__rosidl_typesupport_fastrtps_c.cpython-310-x86_64-linux-gnu.so
[1.800s] -- Up-to-date symlink: /home/ueshiba/ros2_ws/install/aist_handeye_calibration_msgs/lib/python3.10/site-packages/aist_handeye_calibration_msgs/aist_handeye_calibration_msgs_s__rosidl_typesupport_introspection_c.cpython-310-x86_64-linux-gnu.so
[1.800s] -- Up-to-date symlink: /home/ueshiba/ros2_ws/install/aist_handeye_calibration_msgs/lib/python3.10/site-packages/aist_handeye_calibration_msgs/aist_handeye_calibration_msgs_s__rosidl_typesupport_c.cpython-310-x86_64-linux-gnu.so
[1.800s] -- Up-to-date symlink: /home/ueshiba/ros2_ws/install/aist_handeye_calibration_msgs/share/aist_handeye_calibration_msgs/srv/ComputeCalibration.idl
[1.800s] -- Up-to-date symlink: /home/ueshiba/ros2_ws/install/aist_handeye_calibration_msgs/share/aist_handeye_calibration_msgs/srv/GetSampleList.idl
[1.800s] -- Up-to-date symlink: /home/ueshiba/ros2_ws/install/aist_handeye_calibration_msgs/share/aist_handeye_calibration_msgs/action/TakeSample.idl
[1.800s] -- Up-to-date symlink: /home/ueshiba/ros2_ws/install/aist_handeye_calibration_msgs/share/aist_handeye_calibration_msgs/srv/ComputeCalibration.srv
[1.800s] -- Up-to-date symlink: /home/ueshiba/ros2_ws/install/aist_handeye_calibration_msgs/share/aist_handeye_calibration_msgs/srv/GetSampleList.srv
[1.800s] -- Up-to-date symlink: /home/ueshiba/ros2_ws/install/aist_handeye_calibration_msgs/share/aist_handeye_calibration_msgs/action/TakeSample.action
[1.800s] -- Up-to-date symlink: /home/ueshiba/ros2_ws/install/aist_handeye_calibration_msgs/share/ament_index/resource_index/package_run_dependencies/aist_handeye_calibration_msgs
[1.800s] -- Up-to-date symlink: /home/ueshiba/ros2_ws/install/aist_handeye_calibration_msgs/share/ament_index/resource_index/parent_prefix_path/aist_handeye_calibration_msgs
[1.801s] -- Up-to-date symlink: /home/ueshiba/ros2_ws/install/aist_handeye_calibration_msgs/share/aist_handeye_calibration_msgs/environment/ament_prefix_path.sh
[1.801s] -- Up-to-date symlink: /home/ueshiba/ros2_ws/install/aist_handeye_calibration_msgs/share/aist_handeye_calibration_msgs/environment/ament_prefix_path.dsv
[1.801s] -- Up-to-date symlink: /home/ueshiba/ros2_ws/install/aist_handeye_calibration_msgs/share/aist_handeye_calibration_msgs/environment/path.sh
[1.801s] -- Up-to-date symlink: /home/ueshiba/ros2_ws/install/aist_handeye_calibration_msgs/share/aist_handeye_calibration_msgs/environment/path.dsv
[1.801s] -- Up-to-date symlink: /home/ueshiba/ros2_ws/install/aist_handeye_calibration_msgs/share/aist_handeye_calibration_msgs/local_setup.bash
[1.801s] -- Up-to-date symlink: /home/ueshiba/ros2_ws/install/aist_handeye_calibration_msgs/share/aist_handeye_calibration_msgs/local_setup.sh
[1.801s] -- Up-to-date symlink: /home/ueshiba/ros2_ws/install/aist_handeye_calibration_msgs/share/aist_handeye_calibration_msgs/local_setup.zsh
[1.801s] -- Up-to-date symlink: /home/ueshiba/ros2_ws/install/aist_handeye_calibration_msgs/share/aist_handeye_calibration_msgs/local_setup.dsv
[1.801s] -- Symlinking: /home/ueshiba/ros2_ws/install/aist_handeye_calibration_msgs/share/aist_handeye_calibration_msgs/package.dsv
[1.806s] -- Up-to-date symlink: /home/ueshiba/ros2_ws/install/aist_handeye_calibration_msgs/share/ament_index/resource_index/packages/aist_handeye_calibration_msgs
[1.806s] -- Up-to-date symlink: /home/ueshiba/ros2_ws/install/aist_handeye_calibration_msgs/share/aist_handeye_calibration_msgs/cmake/rosidl_cmake-extras.cmake
[1.806s] -- Up-to-date symlink: /home/ueshiba/ros2_ws/install/aist_handeye_calibration_msgs/share/aist_handeye_calibration_msgs/cmake/ament_cmake_export_dependencies-extras.cmake
[1.806s] -- Up-to-date symlink: /home/ueshiba/ros2_ws/install/aist_handeye_calibration_msgs/share/aist_handeye_calibration_msgs/cmake/ament_cmake_export_include_directories-extras.cmake
[1.806s] -- Up-to-date symlink: /home/ueshiba/ros2_ws/install/aist_handeye_calibration_msgs/share/aist_handeye_calibration_msgs/cmake/ament_cmake_export_libraries-extras.cmake
[1.806s] -- Up-to-date symlink: /home/ueshiba/ros2_ws/install/aist_handeye_calibration_msgs/share/aist_handeye_calibration_msgs/cmake/ament_cmake_export_targets-extras.cmake
[1.806s] -- Up-to-date symlink: /home/ueshiba/ros2_ws/install/aist_handeye_calibration_msgs/share/aist_handeye_calibration_msgs/cmake/rosidl_cmake_export_typesupport_targets-extras.cmake
[1.806s] -- Up-to-date symlink: /home/ueshiba/ros2_ws/install/aist_handeye_calibration_msgs/share/aist_handeye_calibration_msgs/cmake/rosidl_cmake_export_typesupport_libraries-extras.cmake
[1.807s] -- Up-to-date symlink: /home/ueshiba/ros2_ws/install/aist_handeye_calibration_msgs/share/aist_handeye_calibration_msgs/cmake/aist_handeye_calibration_msgsConfig.cmake
[1.807s] -- Up-to-date symlink: /home/ueshiba/ros2_ws/install/aist_handeye_calibration_msgs/share/aist_handeye_calibration_msgs/cmake/aist_handeye_calibration_msgsConfig-version.cmake
[1.807s] -- Up-to-date symlink: /home/ueshiba/ros2_ws/install/aist_handeye_calibration_msgs/share/aist_handeye_calibration_msgs/package.xml
[1.807s] -- Up-to-date: /home/ueshiba/ros2_ws/install/aist_handeye_calibration_msgs/lib/libaist_handeye_calibration_msgs__rosidl_generator_c.so
[1.807s] -- Up-to-date: /home/ueshiba/ros2_ws/install/aist_handeye_calibration_msgs/lib/libaist_handeye_calibration_msgs__rosidl_typesupport_fastrtps_c.so
[1.807s] -- Up-to-date: /home/ueshiba/ros2_ws/install/aist_handeye_calibration_msgs/lib/libaist_handeye_calibration_msgs__rosidl_typesupport_introspection_c.so
[1.807s] -- Up-to-date: /home/ueshiba/ros2_ws/install/aist_handeye_calibration_msgs/lib/libaist_handeye_calibration_msgs__rosidl_typesupport_c.so
[1.807s] -- Up-to-date: /home/ueshiba/ros2_ws/install/aist_handeye_calibration_msgs/lib/libaist_handeye_calibration_msgs__rosidl_typesupport_fastrtps_cpp.so
[1.807s] -- Up-to-date: /home/ueshiba/ros2_ws/install/aist_handeye_calibration_msgs/lib/libaist_handeye_calibration_msgs__rosidl_typesupport_introspection_cpp.so
[1.808s] -- Up-to-date: /home/ueshiba/ros2_ws/install/aist_handeye_calibration_msgs/lib/libaist_handeye_calibration_msgs__rosidl_typesupport_cpp.so
[1.825s] Listing '/home/ueshiba/ros2_ws/install/aist_handeye_calibration_msgs/lib/python3.10/site-packages/aist_handeye_calibration_msgs'...
[1.825s] Compiling '/home/ueshiba/ros2_ws/install/aist_handeye_calibration_msgs/lib/python3.10/site-packages/aist_handeye_calibration_msgs/__init__.py'...
[1.825s] Listing '/home/ueshiba/ros2_ws/install/aist_handeye_calibration_msgs/lib/python3.10/site-packages/aist_handeye_calibration_msgs/action'...
[1.825s] Listing '/home/ueshiba/ros2_ws/install/aist_handeye_calibration_msgs/lib/python3.10/site-packages/aist_handeye_calibration_msgs/srv'...
[1.828s] -- Up-to-date: /home/ueshiba/ros2_ws/install/aist_handeye_calibration_msgs/lib/libaist_handeye_calibration_msgs__rosidl_generator_py.so
[1.828s] -- Up-to-date: /home/ueshiba/ros2_ws/install/aist_handeye_calibration_msgs/share/aist_handeye_calibration_msgs/cmake/export_aist_handeye_calibration_msgs__rosidl_generator_cExport.cmake
[1.828s] -- Up-to-date: /home/ueshiba/ros2_ws/install/aist_handeye_calibration_msgs/share/aist_handeye_calibration_msgs/cmake/export_aist_handeye_calibration_msgs__rosidl_generator_cExport-noconfig.cmake
[1.828s] -- Up-to-date: /home/ueshiba/ros2_ws/install/aist_handeye_calibration_msgs/share/aist_handeye_calibration_msgs/cmake/export_aist_handeye_calibration_msgs__rosidl_typesupport_fastrtps_cExport.cmake
[1.828s] -- Up-to-date: /home/ueshiba/ros2_ws/install/aist_handeye_calibration_msgs/share/aist_handeye_calibration_msgs/cmake/export_aist_handeye_calibration_msgs__rosidl_typesupport_fastrtps_cExport-noconfig.cmake
[1.828s] -- Up-to-date: /home/ueshiba/ros2_ws/install/aist_handeye_calibration_msgs/share/aist_handeye_calibration_msgs/cmake/aist_handeye_calibration_msgs__rosidl_typesupport_introspection_cExport.cmake
[1.828s] -- Up-to-date: /home/ueshiba/ros2_ws/install/aist_handeye_calibration_msgs/share/aist_handeye_calibration_msgs/cmake/aist_handeye_calibration_msgs__rosidl_typesupport_introspection_cExport-noconfig.cmake
[1.828s] -- Up-to-date: /home/ueshiba/ros2_ws/install/aist_handeye_calibration_msgs/share/aist_handeye_calibration_msgs/cmake/aist_handeye_calibration_msgs__rosidl_typesupport_cExport.cmake
[1.828s] -- Up-to-date: /home/ueshiba/ros2_ws/install/aist_handeye_calibration_msgs/share/aist_handeye_calibration_msgs/cmake/aist_handeye_calibration_msgs__rosidl_typesupport_cExport-noconfig.cmake
[1.828s] -- Up-to-date: /home/ueshiba/ros2_ws/install/aist_handeye_calibration_msgs/share/aist_handeye_calibration_msgs/cmake/export_aist_handeye_calibration_msgs__rosidl_generator_cppExport.cmake
[1.828s] -- Up-to-date: /home/ueshiba/ros2_ws/install/aist_handeye_calibration_msgs/share/aist_handeye_calibration_msgs/cmake/export_aist_handeye_calibration_msgs__rosidl_typesupport_fastrtps_cppExport.cmake
[1.828s] -- Up-to-date: /home/ueshiba/ros2_ws/install/aist_handeye_calibration_msgs/share/aist_handeye_calibration_msgs/cmake/export_aist_handeye_calibration_msgs__rosidl_typesupport_fastrtps_cppExport-noconfig.cmake
[1.828s] -- Up-to-date: /home/ueshiba/ros2_ws/install/aist_handeye_calibration_msgs/share/aist_handeye_calibration_msgs/cmake/aist_handeye_calibration_msgs__rosidl_typesupport_introspection_cppExport.cmake
[1.829s] -- Up-to-date: /home/ueshiba/ros2_ws/install/aist_handeye_calibration_msgs/share/aist_handeye_calibration_msgs/cmake/aist_handeye_calibration_msgs__rosidl_typesupport_introspection_cppExport-noconfig.cmake
[1.829s] -- Up-to-date: /home/ueshiba/ros2_ws/install/aist_handeye_calibration_msgs/share/aist_handeye_calibration_msgs/cmake/aist_handeye_calibration_msgs__rosidl_typesupport_cppExport.cmake
[1.829s] -- Up-to-date: /home/ueshiba/ros2_ws/install/aist_handeye_calibration_msgs/share/aist_handeye_calibration_msgs/cmake/aist_handeye_calibration_msgs__rosidl_typesupport_cppExport-noconfig.cmake
[1.829s] -- Up-to-date: /home/ueshiba/ros2_ws/install/aist_handeye_calibration_msgs/share/aist_handeye_calibration_msgs/cmake/export_aist_handeye_calibration_msgs__rosidl_generator_pyExport.cmake
[1.829s] -- Up-to-date: /home/ueshiba/ros2_ws/install/aist_handeye_calibration_msgs/share/aist_handeye_calibration_msgs/cmake/export_aist_handeye_calibration_msgs__rosidl_generator_pyExport-noconfig.cmake
[1.843s] Invoked command in '/home/ueshiba/ros2_ws/build/aist_handeye_calibration_msgs' returned '0': CMAKE_PREFIX_PATH=${CMAKE_PREFIX_PATH}:/home/ueshiba/ros2_ws/install/rqt_reconfigure:/opt/ros/rolling PS1=\[\e]0;\u@\h: \w\a\]\h% /usr/bin/cmake --install /home/ueshiba/ros2_ws/build/aist_handeye_calibration_msgs
