[0.040s] Invoking command in '/home/ueshiba/ros2_ws/build/iiwa_control': PS1=\[\e]0;\u@\h: \w\a\]\h% /usr/bin/cmake /home/ueshiba/noetic/catkin_ws/src/artros/third_party/iiwa_stack/iiwa_control -DCATKIN_INSTALL_INTO_PREFIX_ROOT=0 -DCMAKE_INSTALL_PREFIX=/home/ueshiba/ros2_ws/install
[0.075s] -- The C compiler identification is GNU 11.4.0
[0.114s] -- The CXX compiler identification is GNU 11.4.0
[0.119s] -- Detecting C compiler ABI info
[0.173s] -- Detecting C compiler ABI info - done
[0.178s] -- Check for working C compiler: /usr/bin/cc - skipped
[0.178s] -- Detecting C compile features
[0.179s] -- Detecting C compile features - done
[0.180s] -- Detecting CXX compiler ABI info
[0.235s] -- Detecting CXX compiler ABI info - done
[0.245s] -- Check for working CXX compiler: /usr/bin/c++ - skipped
[0.245s] -- Detecting CXX compile features
[0.246s] -- Detecting CXX compile features - done
[0.254s] [31mCMake Error at CMakeLists.txt:4 (find_package):
[0.254s]   By not providing "Findcatkin.cmake" in CMAKE_MODULE_PATH this project has
[0.254s]   asked CMake to find a package configuration file provided by "catkin", but
[0.254s]   CMake did not find one.
[0.254s] 
[0.254s]   Could not find a package configuration file provided by "catkin" with any
[0.254s]   of the following names:
[0.254s] 
[0.254s]     catkinConfig.cmake
[0.254s]     catkin-config.cmake
[0.254s] 
[0.254s]   Add the installation prefix of "catkin" to CMAKE_PREFIX_PATH or set
[0.254s]   "catkin_DIR" to a directory containing one of the above files.  If "catkin"
[0.254s]   provides a separate development package or SDK, be sure it has been
[0.254s]   installed.
[0.254s] 
[0.254s] [0m
[0.254s] -- Configuring incomplete, errors occurred!
[0.254s] See also "/home/ueshiba/ros2_ws/build/iiwa_control/CMakeFiles/CMakeOutput.log".
