[0.031s] Invoking command in '/home/ueshiba/ros2_ws/build/realsense2_camera_msgs': CMAKE_PREFIX_PATH=${CMAKE_PREFIX_PATH}:/home/ueshiba/ros2_ws/install/rqt_reconfigure:/opt/ros/rolling PS1=\[\e]0;\u@\h: \w\a\]\h% /usr/bin/cmake --build /home/ueshiba/ros2_ws/build/realsense2_camera_msgs -- -j24 -l24
[2.254s] [  1%] Built target realsense2_camera_msgs__rosidl_generator_type_description
[2.255s] [  1%] Built target ament_cmake_python_symlink_realsense2_camera_msgs
[2.255s] [ 24%] Built target realsense2_camera_msgs__rosidl_generator_c
[2.255s] [ 25%] Built target realsense2_camera_msgs__cpp
[2.255s] [ 35%] Built target realsense2_camera_msgs__rosidl_typesupport_introspection_c
[2.256s] [ 36%] [32mBuilding CXX object CMakeFiles/realsense2_camera_msgs__rosidl_typesupport_cpp.dir/rosidl_typesupport_cpp/realsense2_camera_msgs/msg/imu_info__type_support.cpp.o[0m
[2.256s] [ 37%] [32mBuilding CXX object CMakeFiles/realsense2_camera_msgs__rosidl_typesupport_cpp.dir/rosidl_typesupport_cpp/realsense2_camera_msgs/srv/device_info__type_support.cpp.o[0m
[2.256s] [ 39%] [32mBuilding CXX object CMakeFiles/realsense2_camera_msgs__rosidl_typesupport_cpp.dir/rosidl_typesupport_cpp/realsense2_camera_msgs/msg/metadata__type_support.cpp.o[0m
[2.256s] [ 40%] [32mBuilding CXX object CMakeFiles/realsense2_camera_msgs__rosidl_typesupport_fastrtps_c.dir/rosidl_typesupport_fastrtps_c/realsense2_camera_msgs/msg/detail/extrinsics__type_support_c.cpp.o[0m
[2.256s] [ 50%] Built target realsense2_camera_msgs__rosidl_typesupport_c
[2.257s] [ 51%] [32mBuilding CXX object CMakeFiles/realsense2_camera_msgs__rosidl_typesupport_cpp.dir/rosidl_typesupport_cpp/realsense2_camera_msgs/msg/extrinsics__type_support.cpp.o[0m
[2.257s] [ 52%] [32mBuilding CXX object CMakeFiles/realsense2_camera_msgs__rosidl_typesupport_fastrtps_cpp.dir/rosidl_typesupport_fastrtps_cpp/realsense2_camera_msgs/msg/detail/dds_fastrtps/imu_info__type_support.cpp.o[0m
[2.257s] [ 54%] [32mBuilding CXX object CMakeFiles/realsense2_camera_msgs__rosidl_typesupport_introspection_cpp.dir/rosidl_typesupport_introspection_cpp/realsense2_camera_msgs/msg/detail/extrinsics__type_support.cpp.o[0m
[2.257s] [ 55%] [32mBuilding CXX object CMakeFiles/realsense2_camera_msgs__rosidl_typesupport_fastrtps_c.dir/rosidl_typesupport_fastrtps_c/realsense2_camera_msgs/msg/detail/rgbd__type_support_c.cpp.o[0m
[2.258s] [ 56%] [32mBuilding CXX object CMakeFiles/realsense2_camera_msgs__rosidl_typesupport_cpp.dir/rosidl_typesupport_cpp/realsense2_camera_msgs/msg/rgbd__type_support.cpp.o[0m
[2.258s] [ 62%] [32mBuilding CXX object CMakeFiles/realsense2_camera_msgs__rosidl_typesupport_fastrtps_c.dir/rosidl_typesupport_fastrtps_c/realsense2_camera_msgs/srv/detail/device_info__type_support_c.cpp.o[0m
[2.258s] [ 59%] [32mBuilding CXX object CMakeFiles/realsense2_camera_msgs__rosidl_typesupport_fastrtps_c.dir/rosidl_typesupport_fastrtps_c/realsense2_camera_msgs/msg/detail/imu_info__type_support_c.cpp.o[0m
[2.258s] [ 62%] [32mBuilding CXX object CMakeFiles/realsense2_camera_msgs__rosidl_typesupport_fastrtps_cpp.dir/rosidl_typesupport_fastrtps_cpp/realsense2_camera_msgs/msg/detail/dds_fastrtps/extrinsics__type_support.cpp.o[0m
[2.258s] [ 60%] [32mBuilding CXX object CMakeFiles/realsense2_camera_msgs__rosidl_typesupport_fastrtps_c.dir/rosidl_typesupport_fastrtps_c/realsense2_camera_msgs/msg/detail/metadata__type_support_c.cpp.o[0m
[2.259s] [ 63%] [32mBuilding CXX object CMakeFiles/realsense2_camera_msgs__rosidl_typesupport_introspection_cpp.dir/rosidl_typesupport_introspection_cpp/realsense2_camera_msgs/msg/detail/metadata__type_support.cpp.o[0m
[2.259s] [ 64%] [32mBuilding CXX object CMakeFiles/realsense2_camera_msgs__rosidl_typesupport_introspection_cpp.dir/rosidl_typesupport_introspection_cpp/realsense2_camera_msgs/msg/detail/rgbd__type_support.cpp.o[0m
[2.259s] [ 66%] [32mBuilding CXX object CMakeFiles/realsense2_camera_msgs__rosidl_typesupport_introspection_cpp.dir/rosidl_typesupport_introspection_cpp/realsense2_camera_msgs/msg/detail/imu_info__type_support.cpp.o[0m
[2.259s] [ 67%] [32mBuilding CXX object CMakeFiles/realsense2_camera_msgs__rosidl_typesupport_fastrtps_cpp.dir/rosidl_typesupport_fastrtps_cpp/realsense2_camera_msgs/msg/detail/dds_fastrtps/metadata__type_support.cpp.o[0m
[2.259s] [ 68%] [32mBuilding CXX object CMakeFiles/realsense2_camera_msgs__rosidl_typesupport_introspection_cpp.dir/rosidl_typesupport_introspection_cpp/realsense2_camera_msgs/srv/detail/device_info__type_support.cpp.o[0m
[2.260s] [ 70%] [32mBuilding CXX object CMakeFiles/realsense2_camera_msgs__rosidl_typesupport_fastrtps_cpp.dir/rosidl_typesupport_fastrtps_cpp/realsense2_camera_msgs/msg/detail/dds_fastrtps/rgbd__type_support.cpp.o[0m
[2.260s] [ 71%] [32mBuilding CXX object CMakeFiles/realsense2_camera_msgs__rosidl_typesupport_fastrtps_cpp.dir/rosidl_typesupport_fastrtps_cpp/realsense2_camera_msgs/srv/detail/dds_fastrtps/device_info__type_support.cpp.o[0m
[2.494s] running egg_info
[2.513s] writing realsense2_camera_msgs.egg-info/PKG-INFO
[2.513s] writing dependency_links to realsense2_camera_msgs.egg-info/dependency_links.txt
[2.522s] writing top-level names to realsense2_camera_msgs.egg-info/top_level.txt
[2.552s] reading manifest file 'realsense2_camera_msgs.egg-info/SOURCES.txt'
[2.564s] writing manifest file 'realsense2_camera_msgs.egg-info/SOURCES.txt'
[2.805s] [ 71%] Built target ament_cmake_python_build_realsense2_camera_msgs_egg
[5.738s] [ 72%] [32m[1mLinking CXX shared library librealsense2_camera_msgs__rosidl_typesupport_fastrtps_c.so[0m
[6.018s] [ 74%] [32m[1mLinking CXX shared library librealsense2_camera_msgs__rosidl_typesupport_introspection_cpp.so[0m
[6.160s] [ 75%] [32m[1mLinking CXX shared library librealsense2_camera_msgs__rosidl_typesupport_cpp.so[0m
[6.564s] [ 77%] Built target realsense2_camera_msgs__rosidl_typesupport_fastrtps_c
[6.736s] [ 78%] Built target realsense2_camera_msgs__rosidl_typesupport_introspection_cpp
[6.796s] [ 79%] Built target realsense2_camera_msgs__rosidl_typesupport_cpp
[7.404s] [ 81%] [32m[1mLinking CXX shared library librealsense2_camera_msgs__rosidl_typesupport_fastrtps_cpp.so[0m
[7.809s] [ 82%] Built target realsense2_camera_msgs__rosidl_typesupport_fastrtps_cpp
[7.868s] [ 82%] Built target realsense2_camera_msgs
[7.956s] [ 83%] Built target realsense2_camera_msgs__py
[8.134s] [ 85%] [32mBuilding C object CMakeFiles/realsense2_camera_msgs__rosidl_generator_py.dir/rosidl_generator_py/realsense2_camera_msgs/msg/_imu_info_s.c.o[0m
[8.142s] [ 86%] [32mBuilding C object CMakeFiles/realsense2_camera_msgs__rosidl_generator_py.dir/rosidl_generator_py/realsense2_camera_msgs/msg/_metadata_s.c.o[0m
[8.163s] [ 87%] [32mBuilding C object CMakeFiles/realsense2_camera_msgs__rosidl_generator_py.dir/rosidl_generator_py/realsense2_camera_msgs/msg/_extrinsics_s.c.o[0m
[8.177s] [ 89%] [32mBuilding C object CMakeFiles/realsense2_camera_msgs__rosidl_generator_py.dir/rosidl_generator_py/realsense2_camera_msgs/msg/_rgbd_s.c.o[0m
[8.186s] [ 90%] [32mBuilding C object CMakeFiles/realsense2_camera_msgs__rosidl_generator_py.dir/rosidl_generator_py/realsense2_camera_msgs/srv/_device_info_s.c.o[0m
[8.986s] [ 91%] [32m[1mLinking C shared library librealsense2_camera_msgs__rosidl_generator_py.so[0m
[9.188s] [ 91%] Built target realsense2_camera_msgs__rosidl_generator_py
[9.285s] [ 93%] [32mBuilding C object CMakeFiles/realsense2_camera_msgs__rosidl_typesupport_c__pyext.dir/rosidl_generator_py/realsense2_camera_msgs/_realsense2_camera_msgs_s.ep.rosidl_typesupport_c.c.o[0m
[9.297s] [ 94%] [32mBuilding C object CMakeFiles/realsense2_camera_msgs__rosidl_typesupport_introspection_c__pyext.dir/rosidl_generator_py/realsense2_camera_msgs/_realsense2_camera_msgs_s.ep.rosidl_typesupport_introspection_c.c.o[0m
[9.312s] [ 95%] [32mBuilding C object CMakeFiles/realsense2_camera_msgs__rosidl_typesupport_fastrtps_c__pyext.dir/rosidl_generator_py/realsense2_camera_msgs/_realsense2_camera_msgs_s.ep.rosidl_typesupport_fastrtps_c.c.o[0m
[9.524s] [ 97%] [32m[1mLinking C shared library realsense2_camera_msgs_s__rosidl_typesupport_c.cpython-310-x86_64-linux-gnu.so[0m
[9.580s] [ 98%] [32m[1mLinking C shared library realsense2_camera_msgs_s__rosidl_typesupport_introspection_c.cpython-310-x86_64-linux-gnu.so[0m
[9.607s] [100%] [32m[1mLinking C shared library realsense2_camera_msgs_s__rosidl_typesupport_fastrtps_c.cpython-310-x86_64-linux-gnu.so[0m
[9.612s] [100%] Built target realsense2_camera_msgs__rosidl_typesupport_c__pyext
[9.687s] [100%] Built target realsense2_camera_msgs__rosidl_typesupport_fastrtps_c__pyext
[9.694s] [100%] Built target realsense2_camera_msgs__rosidl_typesupport_introspection_c__pyext
[9.714s] Invoked command in '/home/ueshiba/ros2_ws/build/realsense2_camera_msgs' returned '0': CMAKE_PREFIX_PATH=${CMAKE_PREFIX_PATH}:/home/ueshiba/ros2_ws/install/rqt_reconfigure:/opt/ros/rolling PS1=\[\e]0;\u@\h: \w\a\]\h% /usr/bin/cmake --build /home/ueshiba/ros2_ws/build/realsense2_camera_msgs -- -j24 -l24
[10.026s] Invoking command in '/home/ueshiba/ros2_ws/build/realsense2_camera_msgs': CMAKE_PREFIX_PATH=${CMAKE_PREFIX_PATH}:/home/ueshiba/ros2_ws/install/rqt_reconfigure:/opt/ros/rolling PS1=\[\e]0;\u@\h: \w\a\]\h% /usr/bin/cmake --install /home/ueshiba/ros2_ws/build/realsense2_camera_msgs
[10.038s] -- Install configuration: ""
[10.039s] -- Execute custom install script
[10.039s] -- Up-to-date symlink: /home/ueshiba/ros2_ws/install/realsense2_camera_msgs/share/ament_index/resource_index/rosidl_interfaces/realsense2_camera_msgs
[10.040s] -- Up-to-date symlink: /home/ueshiba/ros2_ws/install/realsense2_camera_msgs/share/realsense2_camera_msgs/msg/IMUInfo.json
[10.040s] -- Up-to-date symlink: /home/ueshiba/ros2_ws/install/realsense2_camera_msgs/share/realsense2_camera_msgs/msg/Extrinsics.json
[10.040s] -- Up-to-date symlink: /home/ueshiba/ros2_ws/install/realsense2_camera_msgs/share/realsense2_camera_msgs/msg/Metadata.json
[10.041s] -- Up-to-date symlink: /home/ueshiba/ros2_ws/install/realsense2_camera_msgs/share/realsense2_camera_msgs/msg/RGBD.json
[10.043s] -- Up-to-date symlink: /home/ueshiba/ros2_ws/install/realsense2_camera_msgs/share/realsense2_camera_msgs/srv/DeviceInfo.json
[10.044s] -- Up-to-date symlink: /home/ueshiba/ros2_ws/install/realsense2_camera_msgs/include/realsense2_camera_msgs/realsense2_camera_msgs/msg/detail/extrinsics__functions.h
[10.045s] -- Up-to-date symlink: /home/ueshiba/ros2_ws/install/realsense2_camera_msgs/include/realsense2_camera_msgs/realsense2_camera_msgs/msg/detail/extrinsics__struct.h
[10.045s] -- Up-to-date symlink: /home/ueshiba/ros2_ws/install/realsense2_camera_msgs/include/realsense2_camera_msgs/realsense2_camera_msgs/msg/detail/extrinsics__type_support.h
[10.045s] -- Up-to-date symlink: /home/ueshiba/ros2_ws/install/realsense2_camera_msgs/include/realsense2_camera_msgs/realsense2_camera_msgs/msg/detail/imu_info__functions.h
[10.045s] -- Up-to-date symlink: /home/ueshiba/ros2_ws/install/realsense2_camera_msgs/include/realsense2_camera_msgs/realsense2_camera_msgs/msg/detail/imu_info__struct.h
[10.046s] -- Up-to-date symlink: /home/ueshiba/ros2_ws/install/realsense2_camera_msgs/include/realsense2_camera_msgs/realsense2_camera_msgs/msg/detail/imu_info__type_support.h
[10.046s] -- Up-to-date symlink: /home/ueshiba/ros2_ws/install/realsense2_camera_msgs/include/realsense2_camera_msgs/realsense2_camera_msgs/msg/detail/metadata__functions.h
[10.046s] -- Up-to-date symlink: /home/ueshiba/ros2_ws/install/realsense2_camera_msgs/include/realsense2_camera_msgs/realsense2_camera_msgs/msg/detail/metadata__struct.h
[10.046s] -- Up-to-date symlink: /home/ueshiba/ros2_ws/install/realsense2_camera_msgs/include/realsense2_camera_msgs/realsense2_camera_msgs/msg/detail/metadata__type_support.h
[10.046s] -- Up-to-date symlink: /home/ueshiba/ros2_ws/install/realsense2_camera_msgs/include/realsense2_camera_msgs/realsense2_camera_msgs/msg/detail/rgbd__functions.h
[10.046s] -- Up-to-date symlink: /home/ueshiba/ros2_ws/install/realsense2_camera_msgs/include/realsense2_camera_msgs/realsense2_camera_msgs/msg/detail/rgbd__struct.h
[10.047s] -- Up-to-date symlink: /home/ueshiba/ros2_ws/install/realsense2_camera_msgs/include/realsense2_camera_msgs/realsense2_camera_msgs/msg/detail/rgbd__type_support.h
[10.047s] -- Up-to-date symlink: /home/ueshiba/ros2_ws/install/realsense2_camera_msgs/include/realsense2_camera_msgs/realsense2_camera_msgs/msg/extrinsics.h
[10.047s] -- Up-to-date symlink: /home/ueshiba/ros2_ws/install/realsense2_camera_msgs/include/realsense2_camera_msgs/realsense2_camera_msgs/msg/imu_info.h
[10.047s] -- Up-to-date symlink: /home/ueshiba/ros2_ws/install/realsense2_camera_msgs/include/realsense2_camera_msgs/realsense2_camera_msgs/msg/metadata.h
[10.048s] -- Up-to-date symlink: /home/ueshiba/ros2_ws/install/realsense2_camera_msgs/include/realsense2_camera_msgs/realsense2_camera_msgs/msg/rgbd.h
[10.048s] -- Up-to-date symlink: /home/ueshiba/ros2_ws/install/realsense2_camera_msgs/include/realsense2_camera_msgs/realsense2_camera_msgs/msg/rosidl_generator_c__visibility_control.h
[10.049s] -- Up-to-date symlink: /home/ueshiba/ros2_ws/install/realsense2_camera_msgs/include/realsense2_camera_msgs/realsense2_camera_msgs/srv/detail/device_info__functions.h
[10.049s] -- Up-to-date symlink: /home/ueshiba/ros2_ws/install/realsense2_camera_msgs/include/realsense2_camera_msgs/realsense2_camera_msgs/srv/detail/device_info__struct.h
[10.050s] -- Up-to-date symlink: /home/ueshiba/ros2_ws/install/realsense2_camera_msgs/include/realsense2_camera_msgs/realsense2_camera_msgs/srv/detail/device_info__type_support.h
[10.050s] -- Up-to-date symlink: /home/ueshiba/ros2_ws/install/realsense2_camera_msgs/include/realsense2_camera_msgs/realsense2_camera_msgs/srv/device_info.h
[10.050s] -- Up-to-date symlink: /home/ueshiba/ros2_ws/install/realsense2_camera_msgs/share/realsense2_camera_msgs/environment/library_path.sh
[10.051s] -- Up-to-date symlink: /home/ueshiba/ros2_ws/install/realsense2_camera_msgs/share/realsense2_camera_msgs/environment/library_path.dsv
[10.052s] -- Up-to-date symlink: /home/ueshiba/ros2_ws/install/realsense2_camera_msgs/include/realsense2_camera_msgs/realsense2_camera_msgs/msg/detail/extrinsics__rosidl_typesupport_fastrtps_c.h
[10.052s] -- Up-to-date symlink: /home/ueshiba/ros2_ws/install/realsense2_camera_msgs/include/realsense2_camera_msgs/realsense2_camera_msgs/msg/detail/imu_info__rosidl_typesupport_fastrtps_c.h
[10.052s] -- Up-to-date symlink: /home/ueshiba/ros2_ws/install/realsense2_camera_msgs/include/realsense2_camera_msgs/realsense2_camera_msgs/msg/detail/metadata__rosidl_typesupport_fastrtps_c.h
[10.053s] -- Up-to-date symlink: /home/ueshiba/ros2_ws/install/realsense2_camera_msgs/include/realsense2_camera_msgs/realsense2_camera_msgs/msg/detail/rgbd__rosidl_typesupport_fastrtps_c.h
[10.053s] -- Up-to-date symlink: /home/ueshiba/ros2_ws/install/realsense2_camera_msgs/include/realsense2_camera_msgs/realsense2_camera_msgs/msg/rosidl_typesupport_fastrtps_c__visibility_control.h
[10.054s] -- Up-to-date symlink: /home/ueshiba/ros2_ws/install/realsense2_camera_msgs/include/realsense2_camera_msgs/realsense2_camera_msgs/srv/detail/device_info__rosidl_typesupport_fastrtps_c.h
[10.055s] -- Up-to-date symlink: /home/ueshiba/ros2_ws/install/realsense2_camera_msgs/include/realsense2_camera_msgs/realsense2_camera_msgs/msg/detail/extrinsics__rosidl_typesupport_introspection_c.h
[10.056s] -- Up-to-date symlink: /home/ueshiba/ros2_ws/install/realsense2_camera_msgs/include/realsense2_camera_msgs/realsense2_camera_msgs/msg/detail/imu_info__rosidl_typesupport_introspection_c.h
[10.056s] -- Up-to-date symlink: /home/ueshiba/ros2_ws/install/realsense2_camera_msgs/include/realsense2_camera_msgs/realsense2_camera_msgs/msg/detail/metadata__rosidl_typesupport_introspection_c.h
[10.056s] -- Up-to-date symlink: /home/ueshiba/ros2_ws/install/realsense2_camera_msgs/include/realsense2_camera_msgs/realsense2_camera_msgs/msg/detail/rgbd__rosidl_typesupport_introspection_c.h
[10.057s] -- Up-to-date symlink: /home/ueshiba/ros2_ws/install/realsense2_camera_msgs/include/realsense2_camera_msgs/realsense2_camera_msgs/msg/rosidl_typesupport_introspection_c__visibility_control.h
[10.057s] -- Up-to-date symlink: /home/ueshiba/ros2_ws/install/realsense2_camera_msgs/include/realsense2_camera_msgs/realsense2_camera_msgs/srv/detail/device_info__rosidl_typesupport_introspection_c.h
[10.058s] -- Up-to-date symlink: /home/ueshiba/ros2_ws/install/realsense2_camera_msgs/include/realsense2_camera_msgs/realsense2_camera_msgs/msg/detail/extrinsics__builder.hpp
[10.058s] -- Up-to-date symlink: /home/ueshiba/ros2_ws/install/realsense2_camera_msgs/include/realsense2_camera_msgs/realsense2_camera_msgs/msg/detail/extrinsics__struct.hpp
[10.058s] -- Up-to-date symlink: /home/ueshiba/ros2_ws/install/realsense2_camera_msgs/include/realsense2_camera_msgs/realsense2_camera_msgs/msg/detail/extrinsics__traits.hpp
[10.058s] -- Up-to-date symlink: /home/ueshiba/ros2_ws/install/realsense2_camera_msgs/include/realsense2_camera_msgs/realsense2_camera_msgs/msg/detail/extrinsics__type_support.hpp
[10.059s] -- Up-to-date symlink: /home/ueshiba/ros2_ws/install/realsense2_camera_msgs/include/realsense2_camera_msgs/realsense2_camera_msgs/msg/detail/imu_info__builder.hpp
[10.059s] -- Up-to-date symlink: /home/ueshiba/ros2_ws/install/realsense2_camera_msgs/include/realsense2_camera_msgs/realsense2_camera_msgs/msg/detail/imu_info__struct.hpp
[10.059s] -- Up-to-date symlink: /home/ueshiba/ros2_ws/install/realsense2_camera_msgs/include/realsense2_camera_msgs/realsense2_camera_msgs/msg/detail/imu_info__traits.hpp
[10.060s] -- Up-to-date symlink: /home/ueshiba/ros2_ws/install/realsense2_camera_msgs/include/realsense2_camera_msgs/realsense2_camera_msgs/msg/detail/imu_info__type_support.hpp
[10.060s] -- Up-to-date symlink: /home/ueshiba/ros2_ws/install/realsense2_camera_msgs/include/realsense2_camera_msgs/realsense2_camera_msgs/msg/detail/metadata__builder.hpp
[10.060s] -- Up-to-date symlink: /home/ueshiba/ros2_ws/install/realsense2_camera_msgs/include/realsense2_camera_msgs/realsense2_camera_msgs/msg/detail/metadata__struct.hpp
[10.060s] -- Up-to-date symlink: /home/ueshiba/ros2_ws/install/realsense2_camera_msgs/include/realsense2_camera_msgs/realsense2_camera_msgs/msg/detail/metadata__traits.hpp
[10.060s] -- Up-to-date symlink: /home/ueshiba/ros2_ws/install/realsense2_camera_msgs/include/realsense2_camera_msgs/realsense2_camera_msgs/msg/detail/metadata__type_support.hpp
[10.061s] -- Up-to-date symlink: /home/ueshiba/ros2_ws/install/realsense2_camera_msgs/include/realsense2_camera_msgs/realsense2_camera_msgs/msg/detail/rgbd__builder.hpp
[10.061s] -- Up-to-date symlink: /home/ueshiba/ros2_ws/install/realsense2_camera_msgs/include/realsense2_camera_msgs/realsense2_camera_msgs/msg/detail/rgbd__struct.hpp
[10.062s] -- Up-to-date symlink: /home/ueshiba/ros2_ws/install/realsense2_camera_msgs/include/realsense2_camera_msgs/realsense2_camera_msgs/msg/detail/rgbd__traits.hpp
[10.063s] -- Up-to-date symlink: /home/ueshiba/ros2_ws/install/realsense2_camera_msgs/include/realsense2_camera_msgs/realsense2_camera_msgs/msg/detail/rgbd__type_support.hpp
[10.063s] -- Up-to-date symlink: /home/ueshiba/ros2_ws/install/realsense2_camera_msgs/include/realsense2_camera_msgs/realsense2_camera_msgs/msg/extrinsics.hpp
[10.063s] -- Up-to-date symlink: /home/ueshiba/ros2_ws/install/realsense2_camera_msgs/include/realsense2_camera_msgs/realsense2_camera_msgs/msg/imu_info.hpp
[10.063s] -- Up-to-date symlink: /home/ueshiba/ros2_ws/install/realsense2_camera_msgs/include/realsense2_camera_msgs/realsense2_camera_msgs/msg/metadata.hpp
[10.063s] -- Up-to-date symlink: /home/ueshiba/ros2_ws/install/realsense2_camera_msgs/include/realsense2_camera_msgs/realsense2_camera_msgs/msg/rgbd.hpp
[10.063s] -- Up-to-date symlink: /home/ueshiba/ros2_ws/install/realsense2_camera_msgs/include/realsense2_camera_msgs/realsense2_camera_msgs/msg/rosidl_generator_cpp__visibility_control.hpp
[10.064s] -- Up-to-date symlink: /home/ueshiba/ros2_ws/install/realsense2_camera_msgs/include/realsense2_camera_msgs/realsense2_camera_msgs/srv/detail/device_info__builder.hpp
[10.064s] -- Up-to-date symlink: /home/ueshiba/ros2_ws/install/realsense2_camera_msgs/include/realsense2_camera_msgs/realsense2_camera_msgs/srv/detail/device_info__struct.hpp
[10.065s] -- Up-to-date symlink: /home/ueshiba/ros2_ws/install/realsense2_camera_msgs/include/realsense2_camera_msgs/realsense2_camera_msgs/srv/detail/device_info__traits.hpp
[10.065s] -- Up-to-date symlink: /home/ueshiba/ros2_ws/install/realsense2_camera_msgs/include/realsense2_camera_msgs/realsense2_camera_msgs/srv/detail/device_info__type_support.hpp
[10.066s] -- Up-to-date symlink: /home/ueshiba/ros2_ws/install/realsense2_camera_msgs/include/realsense2_camera_msgs/realsense2_camera_msgs/srv/device_info.hpp
[10.066s] -- Up-to-date symlink: /home/ueshiba/ros2_ws/install/realsense2_camera_msgs/include/realsense2_camera_msgs/realsense2_camera_msgs/msg/detail/extrinsics__rosidl_typesupport_fastrtps_cpp.hpp
[10.066s] -- Up-to-date symlink: /home/ueshiba/ros2_ws/install/realsense2_camera_msgs/include/realsense2_camera_msgs/realsense2_camera_msgs/msg/detail/imu_info__rosidl_typesupport_fastrtps_cpp.hpp
[10.066s] -- Up-to-date symlink: /home/ueshiba/ros2_ws/install/realsense2_camera_msgs/include/realsense2_camera_msgs/realsense2_camera_msgs/msg/detail/metadata__rosidl_typesupport_fastrtps_cpp.hpp
[10.066s] -- Up-to-date symlink: /home/ueshiba/ros2_ws/install/realsense2_camera_msgs/include/realsense2_camera_msgs/realsense2_camera_msgs/msg/detail/rgbd__rosidl_typesupport_fastrtps_cpp.hpp
[10.067s] -- Up-to-date symlink: /home/ueshiba/ros2_ws/install/realsense2_camera_msgs/include/realsense2_camera_msgs/realsense2_camera_msgs/msg/rosidl_typesupport_fastrtps_cpp__visibility_control.h
[10.067s] -- Up-to-date symlink: /home/ueshiba/ros2_ws/install/realsense2_camera_msgs/include/realsense2_camera_msgs/realsense2_camera_msgs/srv/detail/device_info__rosidl_typesupport_fastrtps_cpp.hpp
[10.068s] -- Up-to-date symlink: /home/ueshiba/ros2_ws/install/realsense2_camera_msgs/include/realsense2_camera_msgs/realsense2_camera_msgs/msg/detail/extrinsics__rosidl_typesupport_introspection_cpp.hpp
[10.069s] -- Up-to-date symlink: /home/ueshiba/ros2_ws/install/realsense2_camera_msgs/include/realsense2_camera_msgs/realsense2_camera_msgs/msg/detail/imu_info__rosidl_typesupport_introspection_cpp.hpp
[10.069s] -- Up-to-date symlink: /home/ueshiba/ros2_ws/install/realsense2_camera_msgs/include/realsense2_camera_msgs/realsense2_camera_msgs/msg/detail/metadata__rosidl_typesupport_introspection_cpp.hpp
[10.070s] -- Up-to-date symlink: /home/ueshiba/ros2_ws/install/realsense2_camera_msgs/include/realsense2_camera_msgs/realsense2_camera_msgs/msg/detail/rgbd__rosidl_typesupport_introspection_cpp.hpp
[10.070s] -- Up-to-date symlink: /home/ueshiba/ros2_ws/install/realsense2_camera_msgs/include/realsense2_camera_msgs/realsense2_camera_msgs/srv/detail/device_info__rosidl_typesupport_introspection_cpp.hpp
[10.071s] -- Up-to-date symlink: /home/ueshiba/ros2_ws/install/realsense2_camera_msgs/share/realsense2_camera_msgs/environment/pythonpath.sh
[10.071s] -- Up-to-date symlink: /home/ueshiba/ros2_ws/install/realsense2_camera_msgs/share/realsense2_camera_msgs/environment/pythonpath.dsv
[10.071s] -- Up-to-date symlink: /home/ueshiba/ros2_ws/install/realsense2_camera_msgs/lib/python3.10/site-packages/realsense2_camera_msgs-4.55.1-py3.10.egg-info/PKG-INFO
[10.072s] -- Up-to-date symlink: /home/ueshiba/ros2_ws/install/realsense2_camera_msgs/lib/python3.10/site-packages/realsense2_camera_msgs-4.55.1-py3.10.egg-info/SOURCES.txt
[10.072s] -- Up-to-date symlink: /home/ueshiba/ros2_ws/install/realsense2_camera_msgs/lib/python3.10/site-packages/realsense2_camera_msgs-4.55.1-py3.10.egg-info/dependency_links.txt
[10.072s] -- Up-to-date symlink: /home/ueshiba/ros2_ws/install/realsense2_camera_msgs/lib/python3.10/site-packages/realsense2_camera_msgs-4.55.1-py3.10.egg-info/top_level.txt
[10.073s] -- Up-to-date symlink: /home/ueshiba/ros2_ws/install/realsense2_camera_msgs/lib/python3.10/site-packages/realsense2_camera_msgs/__init__.py
[10.074s] -- Up-to-date symlink: /home/ueshiba/ros2_ws/install/realsense2_camera_msgs/lib/python3.10/site-packages/realsense2_camera_msgs/_realsense2_camera_msgs_s.ep.rosidl_typesupport_c.c
[10.075s] -- Up-to-date symlink: /home/ueshiba/ros2_ws/install/realsense2_camera_msgs/lib/python3.10/site-packages/realsense2_camera_msgs/_realsense2_camera_msgs_s.ep.rosidl_typesupport_fastrtps_c.c
[10.075s] -- Up-to-date symlink: /home/ueshiba/ros2_ws/install/realsense2_camera_msgs/lib/python3.10/site-packages/realsense2_camera_msgs/_realsense2_camera_msgs_s.ep.rosidl_typesupport_introspection_c.c
[10.076s] -- Up-to-date symlink: /home/ueshiba/ros2_ws/install/realsense2_camera_msgs/lib/python3.10/site-packages/realsense2_camera_msgs/msg/__init__.py
[10.079s] -- Up-to-date symlink: /home/ueshiba/ros2_ws/install/realsense2_camera_msgs/lib/python3.10/site-packages/realsense2_camera_msgs/msg/_extrinsics.py
[10.081s] -- Up-to-date symlink: /home/ueshiba/ros2_ws/install/realsense2_camera_msgs/lib/python3.10/site-packages/realsense2_camera_msgs/msg/_extrinsics_s.c
[10.081s] -- Up-to-date symlink: /home/ueshiba/ros2_ws/install/realsense2_camera_msgs/lib/python3.10/site-packages/realsense2_camera_msgs/msg/_imu_info.py
[10.081s] -- Up-to-date symlink: /home/ueshiba/ros2_ws/install/realsense2_camera_msgs/lib/python3.10/site-packages/realsense2_camera_msgs/msg/_imu_info_s.c
[10.081s] -- Up-to-date symlink: /home/ueshiba/ros2_ws/install/realsense2_camera_msgs/lib/python3.10/site-packages/realsense2_camera_msgs/msg/_metadata.py
[10.082s] -- Up-to-date symlink: /home/ueshiba/ros2_ws/install/realsense2_camera_msgs/lib/python3.10/site-packages/realsense2_camera_msgs/msg/_metadata_s.c
[10.082s] -- Up-to-date symlink: /home/ueshiba/ros2_ws/install/realsense2_camera_msgs/lib/python3.10/site-packages/realsense2_camera_msgs/msg/_rgbd.py
[10.083s] -- Up-to-date symlink: /home/ueshiba/ros2_ws/install/realsense2_camera_msgs/lib/python3.10/site-packages/realsense2_camera_msgs/msg/_rgbd_s.c
[10.083s] -- Up-to-date symlink: /home/ueshiba/ros2_ws/install/realsense2_camera_msgs/lib/python3.10/site-packages/realsense2_camera_msgs/srv/__init__.py
[10.083s] -- Up-to-date symlink: /home/ueshiba/ros2_ws/install/realsense2_camera_msgs/lib/python3.10/site-packages/realsense2_camera_msgs/srv/_device_info.py
[10.083s] -- Up-to-date symlink: /home/ueshiba/ros2_ws/install/realsense2_camera_msgs/lib/python3.10/site-packages/realsense2_camera_msgs/srv/_device_info_s.c
[10.084s] -- Up-to-date symlink: /home/ueshiba/ros2_ws/install/realsense2_camera_msgs/lib/python3.10/site-packages/realsense2_camera_msgs/realsense2_camera_msgs_s__rosidl_typesupport_fastrtps_c.cpython-310-x86_64-linux-gnu.so
[10.085s] -- Up-to-date symlink: /home/ueshiba/ros2_ws/install/realsense2_camera_msgs/lib/python3.10/site-packages/realsense2_camera_msgs/realsense2_camera_msgs_s__rosidl_typesupport_introspection_c.cpython-310-x86_64-linux-gnu.so
[10.085s] -- Up-to-date symlink: /home/ueshiba/ros2_ws/install/realsense2_camera_msgs/lib/python3.10/site-packages/realsense2_camera_msgs/realsense2_camera_msgs_s__rosidl_typesupport_c.cpython-310-x86_64-linux-gnu.so
[10.085s] -- Up-to-date symlink: /home/ueshiba/ros2_ws/install/realsense2_camera_msgs/share/realsense2_camera_msgs/msg/IMUInfo.idl
[10.085s] -- Up-to-date symlink: /home/ueshiba/ros2_ws/install/realsense2_camera_msgs/share/realsense2_camera_msgs/msg/Extrinsics.idl
[10.085s] -- Up-to-date symlink: /home/ueshiba/ros2_ws/install/realsense2_camera_msgs/share/realsense2_camera_msgs/msg/Metadata.idl
[10.086s] -- Up-to-date symlink: /home/ueshiba/ros2_ws/install/realsense2_camera_msgs/share/realsense2_camera_msgs/msg/RGBD.idl
[10.086s] -- Up-to-date symlink: /home/ueshiba/ros2_ws/install/realsense2_camera_msgs/share/realsense2_camera_msgs/srv/DeviceInfo.idl
[10.086s] -- Up-to-date symlink: /home/ueshiba/ros2_ws/install/realsense2_camera_msgs/share/realsense2_camera_msgs/msg/IMUInfo.msg
[10.087s] -- Up-to-date symlink: /home/ueshiba/ros2_ws/install/realsense2_camera_msgs/share/realsense2_camera_msgs/msg/Extrinsics.msg
[10.087s] -- Up-to-date symlink: /home/ueshiba/ros2_ws/install/realsense2_camera_msgs/share/realsense2_camera_msgs/msg/Metadata.msg
[10.087s] -- Up-to-date symlink: /home/ueshiba/ros2_ws/install/realsense2_camera_msgs/share/realsense2_camera_msgs/msg/RGBD.msg
[10.087s] -- Up-to-date symlink: /home/ueshiba/ros2_ws/install/realsense2_camera_msgs/share/realsense2_camera_msgs/srv/DeviceInfo.srv
[10.088s] -- Up-to-date symlink: /home/ueshiba/ros2_ws/install/realsense2_camera_msgs/share/ament_index/resource_index/package_run_dependencies/realsense2_camera_msgs
[10.089s] -- Up-to-date symlink: /home/ueshiba/ros2_ws/install/realsense2_camera_msgs/share/ament_index/resource_index/parent_prefix_path/realsense2_camera_msgs
[10.089s] -- Up-to-date symlink: /home/ueshiba/ros2_ws/install/realsense2_camera_msgs/share/realsense2_camera_msgs/environment/ament_prefix_path.sh
[10.090s] -- Up-to-date symlink: /home/ueshiba/ros2_ws/install/realsense2_camera_msgs/share/realsense2_camera_msgs/environment/ament_prefix_path.dsv
[10.092s] -- Up-to-date symlink: /home/ueshiba/ros2_ws/install/realsense2_camera_msgs/share/realsense2_camera_msgs/environment/path.sh
[10.092s] -- Up-to-date symlink: /home/ueshiba/ros2_ws/install/realsense2_camera_msgs/share/realsense2_camera_msgs/environment/path.dsv
[10.092s] -- Up-to-date symlink: /home/ueshiba/ros2_ws/install/realsense2_camera_msgs/share/realsense2_camera_msgs/local_setup.bash
[10.092s] -- Up-to-date symlink: /home/ueshiba/ros2_ws/install/realsense2_camera_msgs/share/realsense2_camera_msgs/local_setup.sh
[10.092s] -- Up-to-date symlink: /home/ueshiba/ros2_ws/install/realsense2_camera_msgs/share/realsense2_camera_msgs/local_setup.zsh
[10.092s] -- Up-to-date symlink: /home/ueshiba/ros2_ws/install/realsense2_camera_msgs/share/realsense2_camera_msgs/local_setup.dsv
[10.093s] -- Symlinking: /home/ueshiba/ros2_ws/install/realsense2_camera_msgs/share/realsense2_camera_msgs/package.dsv
[10.112s] -- Up-to-date symlink: /home/ueshiba/ros2_ws/install/realsense2_camera_msgs/share/ament_index/resource_index/packages/realsense2_camera_msgs
[10.113s] -- Up-to-date symlink: /home/ueshiba/ros2_ws/install/realsense2_camera_msgs/share/realsense2_camera_msgs/cmake/rosidl_cmake-extras.cmake
[10.114s] -- Up-to-date symlink: /home/ueshiba/ros2_ws/install/realsense2_camera_msgs/share/realsense2_camera_msgs/cmake/ament_cmake_export_dependencies-extras.cmake
[10.114s] -- Up-to-date symlink: /home/ueshiba/ros2_ws/install/realsense2_camera_msgs/share/realsense2_camera_msgs/cmake/ament_cmake_export_include_directories-extras.cmake
[10.114s] -- Up-to-date symlink: /home/ueshiba/ros2_ws/install/realsense2_camera_msgs/share/realsense2_camera_msgs/cmake/ament_cmake_export_libraries-extras.cmake
[10.115s] -- Up-to-date symlink: /home/ueshiba/ros2_ws/install/realsense2_camera_msgs/share/realsense2_camera_msgs/cmake/ament_cmake_export_targets-extras.cmake
[10.116s] -- Up-to-date symlink: /home/ueshiba/ros2_ws/install/realsense2_camera_msgs/share/realsense2_camera_msgs/cmake/rosidl_cmake_export_typesupport_targets-extras.cmake
[10.116s] -- Up-to-date symlink: /home/ueshiba/ros2_ws/install/realsense2_camera_msgs/share/realsense2_camera_msgs/cmake/rosidl_cmake_export_typesupport_libraries-extras.cmake
[10.116s] -- Up-to-date symlink: /home/ueshiba/ros2_ws/install/realsense2_camera_msgs/share/realsense2_camera_msgs/cmake/realsense2_camera_msgsConfig.cmake
[10.117s] -- Up-to-date symlink: /home/ueshiba/ros2_ws/install/realsense2_camera_msgs/share/realsense2_camera_msgs/cmake/realsense2_camera_msgsConfig-version.cmake
[10.117s] -- Up-to-date symlink: /home/ueshiba/ros2_ws/install/realsense2_camera_msgs/share/realsense2_camera_msgs/package.xml
[10.118s] -- Up-to-date: /home/ueshiba/ros2_ws/install/realsense2_camera_msgs/lib/librealsense2_camera_msgs__rosidl_generator_c.so
[10.119s] -- Installing: /home/ueshiba/ros2_ws/install/realsense2_camera_msgs/lib/librealsense2_camera_msgs__rosidl_typesupport_fastrtps_c.so
[10.120s] -- Set runtime path of "/home/ueshiba/ros2_ws/install/realsense2_camera_msgs/lib/librealsense2_camera_msgs__rosidl_typesupport_fastrtps_c.so" to ""
[10.121s] -- Up-to-date: /home/ueshiba/ros2_ws/install/realsense2_camera_msgs/lib/librealsense2_camera_msgs__rosidl_typesupport_introspection_c.so
[10.122s] -- Up-to-date: /home/ueshiba/ros2_ws/install/realsense2_camera_msgs/lib/librealsense2_camera_msgs__rosidl_typesupport_c.so
[10.123s] -- Installing: /home/ueshiba/ros2_ws/install/realsense2_camera_msgs/lib/librealsense2_camera_msgs__rosidl_typesupport_fastrtps_cpp.so
[10.124s] -- Set runtime path of "/home/ueshiba/ros2_ws/install/realsense2_camera_msgs/lib/librealsense2_camera_msgs__rosidl_typesupport_fastrtps_cpp.so" to ""
[10.125s] -- Installing: /home/ueshiba/ros2_ws/install/realsense2_camera_msgs/lib/librealsense2_camera_msgs__rosidl_typesupport_introspection_cpp.so
[10.126s] -- Set runtime path of "/home/ueshiba/ros2_ws/install/realsense2_camera_msgs/lib/librealsense2_camera_msgs__rosidl_typesupport_introspection_cpp.so" to ""
[10.126s] -- Installing: /home/ueshiba/ros2_ws/install/realsense2_camera_msgs/lib/librealsense2_camera_msgs__rosidl_typesupport_cpp.so
[10.127s] -- Set runtime path of "/home/ueshiba/ros2_ws/install/realsense2_camera_msgs/lib/librealsense2_camera_msgs__rosidl_typesupport_cpp.so" to ""
[10.220s] Listing '/home/ueshiba/ros2_ws/install/realsense2_camera_msgs/lib/python3.10/site-packages/realsense2_camera_msgs'...
[10.220s] Listing '/home/ueshiba/ros2_ws/install/realsense2_camera_msgs/lib/python3.10/site-packages/realsense2_camera_msgs/msg'...
[10.221s] Listing '/home/ueshiba/ros2_ws/install/realsense2_camera_msgs/lib/python3.10/site-packages/realsense2_camera_msgs/srv'...
[10.232s] -- Installing: /home/ueshiba/ros2_ws/install/realsense2_camera_msgs/lib/librealsense2_camera_msgs__rosidl_generator_py.so
[10.234s] -- Set runtime path of "/home/ueshiba/ros2_ws/install/realsense2_camera_msgs/lib/librealsense2_camera_msgs__rosidl_generator_py.so" to ""
[10.234s] -- Up-to-date: /home/ueshiba/ros2_ws/install/realsense2_camera_msgs/share/realsense2_camera_msgs/cmake/export_realsense2_camera_msgs__rosidl_generator_cExport.cmake
[10.234s] -- Up-to-date: /home/ueshiba/ros2_ws/install/realsense2_camera_msgs/share/realsense2_camera_msgs/cmake/export_realsense2_camera_msgs__rosidl_generator_cExport-noconfig.cmake
[10.235s] -- Up-to-date: /home/ueshiba/ros2_ws/install/realsense2_camera_msgs/share/realsense2_camera_msgs/cmake/export_realsense2_camera_msgs__rosidl_typesupport_fastrtps_cExport.cmake
[10.235s] -- Up-to-date: /home/ueshiba/ros2_ws/install/realsense2_camera_msgs/share/realsense2_camera_msgs/cmake/export_realsense2_camera_msgs__rosidl_typesupport_fastrtps_cExport-noconfig.cmake
[10.235s] -- Up-to-date: /home/ueshiba/ros2_ws/install/realsense2_camera_msgs/share/realsense2_camera_msgs/cmake/realsense2_camera_msgs__rosidl_typesupport_introspection_cExport.cmake
[10.236s] -- Up-to-date: /home/ueshiba/ros2_ws/install/realsense2_camera_msgs/share/realsense2_camera_msgs/cmake/realsense2_camera_msgs__rosidl_typesupport_introspection_cExport-noconfig.cmake
[10.236s] -- Up-to-date: /home/ueshiba/ros2_ws/install/realsense2_camera_msgs/share/realsense2_camera_msgs/cmake/realsense2_camera_msgs__rosidl_typesupport_cExport.cmake
[10.236s] -- Up-to-date: /home/ueshiba/ros2_ws/install/realsense2_camera_msgs/share/realsense2_camera_msgs/cmake/realsense2_camera_msgs__rosidl_typesupport_cExport-noconfig.cmake
[10.237s] -- Up-to-date: /home/ueshiba/ros2_ws/install/realsense2_camera_msgs/share/realsense2_camera_msgs/cmake/export_realsense2_camera_msgs__rosidl_generator_cppExport.cmake
[10.237s] -- Up-to-date: /home/ueshiba/ros2_ws/install/realsense2_camera_msgs/share/realsense2_camera_msgs/cmake/export_realsense2_camera_msgs__rosidl_typesupport_fastrtps_cppExport.cmake
[10.238s] -- Up-to-date: /home/ueshiba/ros2_ws/install/realsense2_camera_msgs/share/realsense2_camera_msgs/cmake/export_realsense2_camera_msgs__rosidl_typesupport_fastrtps_cppExport-noconfig.cmake
[10.238s] -- Up-to-date: /home/ueshiba/ros2_ws/install/realsense2_camera_msgs/share/realsense2_camera_msgs/cmake/realsense2_camera_msgs__rosidl_typesupport_introspection_cppExport.cmake
[10.238s] -- Up-to-date: /home/ueshiba/ros2_ws/install/realsense2_camera_msgs/share/realsense2_camera_msgs/cmake/realsense2_camera_msgs__rosidl_typesupport_introspection_cppExport-noconfig.cmake
[10.238s] -- Up-to-date: /home/ueshiba/ros2_ws/install/realsense2_camera_msgs/share/realsense2_camera_msgs/cmake/realsense2_camera_msgs__rosidl_typesupport_cppExport.cmake
[10.239s] -- Up-to-date: /home/ueshiba/ros2_ws/install/realsense2_camera_msgs/share/realsense2_camera_msgs/cmake/realsense2_camera_msgs__rosidl_typesupport_cppExport-noconfig.cmake
[10.239s] -- Up-to-date: /home/ueshiba/ros2_ws/install/realsense2_camera_msgs/share/realsense2_camera_msgs/cmake/export_realsense2_camera_msgs__rosidl_generator_pyExport.cmake
[10.239s] -- Up-to-date: /home/ueshiba/ros2_ws/install/realsense2_camera_msgs/share/realsense2_camera_msgs/cmake/export_realsense2_camera_msgs__rosidl_generator_pyExport-noconfig.cmake
[10.245s] Invoked command in '/home/ueshiba/ros2_ws/build/realsense2_camera_msgs' returned '0': CMAKE_PREFIX_PATH=${CMAKE_PREFIX_PATH}:/home/ueshiba/ros2_ws/install/rqt_reconfigure:/opt/ros/rolling PS1=\[\e]0;\u@\h: \w\a\]\h% /usr/bin/cmake --install /home/ueshiba/ros2_ws/build/realsense2_camera_msgs
