[0.031s] Invoking command in '/home/ueshiba/ros2_ws/build/aist_aruco_msgs': CMAKE_PREFIX_PATH=${CMAKE_PREFIX_PATH}:/home/ueshiba/ros2_ws/install/rqt_reconfigure:/opt/ros/rolling PS1=\[\e]0;\u@\h: \w\a\]\h% /usr/bin/cmake --build /home/ueshiba/ros2_ws/build/aist_aruco_msgs -- -j24 -l24
[2.303s] [  1%] Built target aist_aruco_msgs__rosidl_generator_type_description
[2.304s] [  1%] Built target ament_cmake_python_symlink_aist_aruco_msgs
[2.304s] [  3%] Built target aist_aruco_msgs__cpp
[2.304s] [ 24%] Built target aist_aruco_msgs__rosidl_generator_c
[2.304s] [ 25%] [32mBuilding CXX object CMakeFiles/aist_aruco_msgs__rosidl_typesupport_cpp.dir/rosidl_typesupport_cpp/aist_aruco_msgs/msg/point_correspondence__type_support.cpp.o[0m
[2.305s] [ 35%] Built target aist_aruco_msgs__rosidl_typesupport_c
[2.305s] [ 37%] [32mBuilding CXX object CMakeFiles/aist_aruco_msgs__rosidl_typesupport_fastrtps_c.dir/rosidl_typesupport_fastrtps_c/aist_aruco_msgs/msg/detail/point_correspondence_array__type_support_c.cpp.o[0m
[2.305s] [ 46%] Built target aist_aruco_msgs__rosidl_typesupport_introspection_c
[2.305s] [ 48%] [32mBuilding CXX object CMakeFiles/aist_aruco_msgs__rosidl_typesupport_cpp.dir/rosidl_typesupport_cpp/aist_aruco_msgs/msg/point_correspondence_array__type_support.cpp.o[0m
[2.305s] [ 50%] [32mBuilding CXX object CMakeFiles/aist_aruco_msgs__rosidl_typesupport_fastrtps_c.dir/rosidl_typesupport_fastrtps_c/aist_aruco_msgs/msg/detail/point_correspondence__type_support_c.cpp.o[0m
[2.306s] [ 51%] [32mBuilding CXX object CMakeFiles/aist_aruco_msgs__rosidl_typesupport_fastrtps_c.dir/rosidl_typesupport_fastrtps_c/aist_aruco_msgs/msg/detail/point_correspondence_array_array__type_support_c.cpp.o[0m
[2.306s] [ 53%] [32mBuilding CXX object CMakeFiles/aist_aruco_msgs__rosidl_typesupport_introspection_cpp.dir/rosidl_typesupport_introspection_cpp/aist_aruco_msgs/msg/detail/point_correspondence_array__type_support.cpp.o[0m
[2.306s] [ 55%] [32mBuilding CXX object CMakeFiles/aist_aruco_msgs__rosidl_typesupport_fastrtps_cpp.dir/rosidl_typesupport_fastrtps_cpp/aist_aruco_msgs/msg/detail/dds_fastrtps/point_correspondence__type_support.cpp.o[0m
[2.306s] [ 57%] [32mBuilding CXX object CMakeFiles/aist_aruco_msgs__rosidl_typesupport_introspection_cpp.dir/rosidl_typesupport_introspection_cpp/aist_aruco_msgs/msg/detail/point_correspondence__type_support.cpp.o[0m
[2.307s] [ 59%] [32mBuilding CXX object CMakeFiles/aist_aruco_msgs__rosidl_typesupport_fastrtps_cpp.dir/rosidl_typesupport_fastrtps_cpp/aist_aruco_msgs/msg/detail/dds_fastrtps/point_correspondence_array__type_support.cpp.o[0m
[2.307s] [ 61%] [32mBuilding CXX object CMakeFiles/aist_aruco_msgs__rosidl_typesupport_cpp.dir/rosidl_typesupport_cpp/aist_aruco_msgs/msg/point_correspondence_array_array__type_support.cpp.o[0m
[2.307s] [ 62%] [32mBuilding CXX object CMakeFiles/aist_aruco_msgs__rosidl_typesupport_introspection_cpp.dir/rosidl_typesupport_introspection_cpp/aist_aruco_msgs/msg/detail/point_correspondence_array_array__type_support.cpp.o[0m
[2.307s] [ 64%] [32mBuilding CXX object CMakeFiles/aist_aruco_msgs__rosidl_typesupport_fastrtps_cpp.dir/rosidl_typesupport_fastrtps_cpp/aist_aruco_msgs/msg/detail/dds_fastrtps/point_correspondence_array_array__type_support.cpp.o[0m
[3.681s] running egg_info
[3.692s] writing aist_aruco_msgs.egg-info/PKG-INFO
[3.693s] writing dependency_links to aist_aruco_msgs.egg-info/dependency_links.txt
[3.693s] writing top-level names to aist_aruco_msgs.egg-info/top_level.txt
[3.733s] reading manifest file 'aist_aruco_msgs.egg-info/SOURCES.txt'
[3.746s] writing manifest file 'aist_aruco_msgs.egg-info/SOURCES.txt'
[4.080s] [ 64%] Built target ament_cmake_python_build_aist_aruco_msgs_egg
[5.096s] [ 66%] [32m[1mLinking CXX shared library libaist_aruco_msgs__rosidl_typesupport_cpp.so[0m
[5.241s] [ 68%] [32m[1mLinking CXX shared library libaist_aruco_msgs__rosidl_typesupport_fastrtps_c.so[0m
[5.551s] [ 70%] Built target aist_aruco_msgs__rosidl_typesupport_cpp
[5.770s] [ 72%] [32m[1mLinking CXX shared library libaist_aruco_msgs__rosidl_typesupport_introspection_cpp.so[0m
[5.876s] [ 74%] Built target aist_aruco_msgs__rosidl_typesupport_fastrtps_c
[6.164s] [ 75%] [32m[1mLinking CXX shared library libaist_aruco_msgs__rosidl_typesupport_fastrtps_cpp.so[0m
[6.722s] [ 77%] Built target aist_aruco_msgs__rosidl_typesupport_introspection_cpp
[6.758s] [ 79%] Built target aist_aruco_msgs__rosidl_typesupport_fastrtps_cpp
[6.956s] [ 79%] Built target aist_aruco_msgs
[7.208s] [ 81%] Built target aist_aruco_msgs__py
[7.428s] [ 83%] [32mBuilding C object CMakeFiles/aist_aruco_msgs__rosidl_generator_py.dir/rosidl_generator_py/aist_aruco_msgs/msg/_point_correspondence_s.c.o[0m
[7.441s] [ 85%] [32mBuilding C object CMakeFiles/aist_aruco_msgs__rosidl_generator_py.dir/rosidl_generator_py/aist_aruco_msgs/msg/_point_correspondence_array_s.c.o[0m
[7.473s] [ 87%] [32mBuilding C object CMakeFiles/aist_aruco_msgs__rosidl_generator_py.dir/rosidl_generator_py/aist_aruco_msgs/msg/_point_correspondence_array_array_s.c.o[0m
[8.076s] [ 88%] [32m[1mLinking C shared library libaist_aruco_msgs__rosidl_generator_py.so[0m
[8.359s] [ 88%] Built target aist_aruco_msgs__rosidl_generator_py
[8.556s] [ 90%] [32mBuilding C object CMakeFiles/aist_aruco_msgs__rosidl_typesupport_fastrtps_c__pyext.dir/rosidl_generator_py/aist_aruco_msgs/_aist_aruco_msgs_s.ep.rosidl_typesupport_fastrtps_c.c.o[0m
[8.588s] [ 92%] [32mBuilding C object CMakeFiles/aist_aruco_msgs__rosidl_typesupport_c__pyext.dir/rosidl_generator_py/aist_aruco_msgs/_aist_aruco_msgs_s.ep.rosidl_typesupport_c.c.o[0m
[8.595s] [ 94%] [32mBuilding C object CMakeFiles/aist_aruco_msgs__rosidl_typesupport_introspection_c__pyext.dir/rosidl_generator_py/aist_aruco_msgs/_aist_aruco_msgs_s.ep.rosidl_typesupport_introspection_c.c.o[0m
[8.905s] [ 96%] [32m[1mLinking C shared library aist_aruco_msgs_s__rosidl_typesupport_c.cpython-310-x86_64-linux-gnu.so[0m
[8.994s] [ 98%] [32m[1mLinking C shared library aist_aruco_msgs_s__rosidl_typesupport_introspection_c.cpython-310-x86_64-linux-gnu.so[0m
[9.018s] [100%] [32m[1mLinking C shared library aist_aruco_msgs_s__rosidl_typesupport_fastrtps_c.cpython-310-x86_64-linux-gnu.so[0m
[9.152s] [100%] Built target aist_aruco_msgs__rosidl_typesupport_c__pyext
[9.213s] [100%] Built target aist_aruco_msgs__rosidl_typesupport_introspection_c__pyext
[9.269s] [100%] Built target aist_aruco_msgs__rosidl_typesupport_fastrtps_c__pyext
[9.312s] Invoked command in '/home/ueshiba/ros2_ws/build/aist_aruco_msgs' returned '0': CMAKE_PREFIX_PATH=${CMAKE_PREFIX_PATH}:/home/ueshiba/ros2_ws/install/rqt_reconfigure:/opt/ros/rolling PS1=\[\e]0;\u@\h: \w\a\]\h% /usr/bin/cmake --build /home/ueshiba/ros2_ws/build/aist_aruco_msgs -- -j24 -l24
[9.632s] Invoking command in '/home/ueshiba/ros2_ws/build/aist_aruco_msgs': CMAKE_PREFIX_PATH=${CMAKE_PREFIX_PATH}:/home/ueshiba/ros2_ws/install/rqt_reconfigure:/opt/ros/rolling PS1=\[\e]0;\u@\h: \w\a\]\h% /usr/bin/cmake --install /home/ueshiba/ros2_ws/build/aist_aruco_msgs
[9.654s] -- Install configuration: ""
[9.656s] -- Execute custom install script
[9.657s] -- Up-to-date symlink: /home/ueshiba/ros2_ws/install/aist_aruco_msgs/share/ament_index/resource_index/rosidl_interfaces/aist_aruco_msgs
[9.657s] -- Up-to-date symlink: /home/ueshiba/ros2_ws/install/aist_aruco_msgs/share/aist_aruco_msgs/msg/PointCorrespondence.json
[9.658s] -- Up-to-date symlink: /home/ueshiba/ros2_ws/install/aist_aruco_msgs/share/aist_aruco_msgs/msg/PointCorrespondenceArray.json
[9.659s] -- Up-to-date symlink: /home/ueshiba/ros2_ws/install/aist_aruco_msgs/share/aist_aruco_msgs/msg/PointCorrespondenceArrayArray.json
[9.660s] -- Up-to-date symlink: /home/ueshiba/ros2_ws/install/aist_aruco_msgs/include/aist_aruco_msgs/aist_aruco_msgs/msg/detail/point_correspondence__functions.h
[9.660s] -- Up-to-date symlink: /home/ueshiba/ros2_ws/install/aist_aruco_msgs/include/aist_aruco_msgs/aist_aruco_msgs/msg/detail/point_correspondence__struct.h
[9.661s] -- Up-to-date symlink: /home/ueshiba/ros2_ws/install/aist_aruco_msgs/include/aist_aruco_msgs/aist_aruco_msgs/msg/detail/point_correspondence__type_support.h
[9.661s] -- Up-to-date symlink: /home/ueshiba/ros2_ws/install/aist_aruco_msgs/include/aist_aruco_msgs/aist_aruco_msgs/msg/detail/point_correspondence_array__functions.h
[9.662s] -- Up-to-date symlink: /home/ueshiba/ros2_ws/install/aist_aruco_msgs/include/aist_aruco_msgs/aist_aruco_msgs/msg/detail/point_correspondence_array__struct.h
[9.662s] -- Up-to-date symlink: /home/ueshiba/ros2_ws/install/aist_aruco_msgs/include/aist_aruco_msgs/aist_aruco_msgs/msg/detail/point_correspondence_array__type_support.h
[9.663s] -- Up-to-date symlink: /home/ueshiba/ros2_ws/install/aist_aruco_msgs/include/aist_aruco_msgs/aist_aruco_msgs/msg/detail/point_correspondence_array_array__functions.h
[9.663s] -- Up-to-date symlink: /home/ueshiba/ros2_ws/install/aist_aruco_msgs/include/aist_aruco_msgs/aist_aruco_msgs/msg/detail/point_correspondence_array_array__struct.h
[9.663s] -- Up-to-date symlink: /home/ueshiba/ros2_ws/install/aist_aruco_msgs/include/aist_aruco_msgs/aist_aruco_msgs/msg/detail/point_correspondence_array_array__type_support.h
[9.664s] -- Up-to-date symlink: /home/ueshiba/ros2_ws/install/aist_aruco_msgs/include/aist_aruco_msgs/aist_aruco_msgs/msg/point_correspondence.h
[9.664s] -- Up-to-date symlink: /home/ueshiba/ros2_ws/install/aist_aruco_msgs/include/aist_aruco_msgs/aist_aruco_msgs/msg/point_correspondence_array.h
[9.664s] -- Up-to-date symlink: /home/ueshiba/ros2_ws/install/aist_aruco_msgs/include/aist_aruco_msgs/aist_aruco_msgs/msg/point_correspondence_array_array.h
[9.665s] -- Up-to-date symlink: /home/ueshiba/ros2_ws/install/aist_aruco_msgs/include/aist_aruco_msgs/aist_aruco_msgs/msg/rosidl_generator_c__visibility_control.h
[9.665s] -- Up-to-date symlink: /home/ueshiba/ros2_ws/install/aist_aruco_msgs/share/aist_aruco_msgs/environment/library_path.sh
[9.666s] -- Up-to-date symlink: /home/ueshiba/ros2_ws/install/aist_aruco_msgs/share/aist_aruco_msgs/environment/library_path.dsv
[9.668s] -- Up-to-date symlink: /home/ueshiba/ros2_ws/install/aist_aruco_msgs/include/aist_aruco_msgs/aist_aruco_msgs/msg/detail/point_correspondence__rosidl_typesupport_fastrtps_c.h
[9.668s] -- Up-to-date symlink: /home/ueshiba/ros2_ws/install/aist_aruco_msgs/include/aist_aruco_msgs/aist_aruco_msgs/msg/detail/point_correspondence_array__rosidl_typesupport_fastrtps_c.h
[9.668s] -- Up-to-date symlink: /home/ueshiba/ros2_ws/install/aist_aruco_msgs/include/aist_aruco_msgs/aist_aruco_msgs/msg/detail/point_correspondence_array_array__rosidl_typesupport_fastrtps_c.h
[9.669s] -- Up-to-date symlink: /home/ueshiba/ros2_ws/install/aist_aruco_msgs/include/aist_aruco_msgs/aist_aruco_msgs/msg/rosidl_typesupport_fastrtps_c__visibility_control.h
[9.669s] -- Up-to-date symlink: /home/ueshiba/ros2_ws/install/aist_aruco_msgs/include/aist_aruco_msgs/aist_aruco_msgs/msg/detail/point_correspondence__rosidl_typesupport_introspection_c.h
[9.670s] -- Up-to-date symlink: /home/ueshiba/ros2_ws/install/aist_aruco_msgs/include/aist_aruco_msgs/aist_aruco_msgs/msg/detail/point_correspondence_array__rosidl_typesupport_introspection_c.h
[9.670s] -- Up-to-date symlink: /home/ueshiba/ros2_ws/install/aist_aruco_msgs/include/aist_aruco_msgs/aist_aruco_msgs/msg/detail/point_correspondence_array_array__rosidl_typesupport_introspection_c.h
[9.671s] -- Up-to-date symlink: /home/ueshiba/ros2_ws/install/aist_aruco_msgs/include/aist_aruco_msgs/aist_aruco_msgs/msg/rosidl_typesupport_introspection_c__visibility_control.h
[9.672s] -- Up-to-date symlink: /home/ueshiba/ros2_ws/install/aist_aruco_msgs/include/aist_aruco_msgs/aist_aruco_msgs/msg/detail/point_correspondence__builder.hpp
[9.672s] -- Up-to-date symlink: /home/ueshiba/ros2_ws/install/aist_aruco_msgs/include/aist_aruco_msgs/aist_aruco_msgs/msg/detail/point_correspondence__struct.hpp
[9.673s] -- Up-to-date symlink: /home/ueshiba/ros2_ws/install/aist_aruco_msgs/include/aist_aruco_msgs/aist_aruco_msgs/msg/detail/point_correspondence__traits.hpp
[9.673s] -- Up-to-date symlink: /home/ueshiba/ros2_ws/install/aist_aruco_msgs/include/aist_aruco_msgs/aist_aruco_msgs/msg/detail/point_correspondence__type_support.hpp
[9.673s] -- Up-to-date symlink: /home/ueshiba/ros2_ws/install/aist_aruco_msgs/include/aist_aruco_msgs/aist_aruco_msgs/msg/detail/point_correspondence_array__builder.hpp
[9.674s] -- Up-to-date symlink: /home/ueshiba/ros2_ws/install/aist_aruco_msgs/include/aist_aruco_msgs/aist_aruco_msgs/msg/detail/point_correspondence_array__struct.hpp
[9.674s] -- Up-to-date symlink: /home/ueshiba/ros2_ws/install/aist_aruco_msgs/include/aist_aruco_msgs/aist_aruco_msgs/msg/detail/point_correspondence_array__traits.hpp
[9.674s] -- Up-to-date symlink: /home/ueshiba/ros2_ws/install/aist_aruco_msgs/include/aist_aruco_msgs/aist_aruco_msgs/msg/detail/point_correspondence_array__type_support.hpp
[9.675s] -- Up-to-date symlink: /home/ueshiba/ros2_ws/install/aist_aruco_msgs/include/aist_aruco_msgs/aist_aruco_msgs/msg/detail/point_correspondence_array_array__builder.hpp
[9.675s] -- Up-to-date symlink: /home/ueshiba/ros2_ws/install/aist_aruco_msgs/include/aist_aruco_msgs/aist_aruco_msgs/msg/detail/point_correspondence_array_array__struct.hpp
[9.675s] -- Up-to-date symlink: /home/ueshiba/ros2_ws/install/aist_aruco_msgs/include/aist_aruco_msgs/aist_aruco_msgs/msg/detail/point_correspondence_array_array__traits.hpp
[9.676s] -- Up-to-date symlink: /home/ueshiba/ros2_ws/install/aist_aruco_msgs/include/aist_aruco_msgs/aist_aruco_msgs/msg/detail/point_correspondence_array_array__type_support.hpp
[9.676s] -- Up-to-date symlink: /home/ueshiba/ros2_ws/install/aist_aruco_msgs/include/aist_aruco_msgs/aist_aruco_msgs/msg/point_correspondence.hpp
[9.676s] -- Up-to-date symlink: /home/ueshiba/ros2_ws/install/aist_aruco_msgs/include/aist_aruco_msgs/aist_aruco_msgs/msg/point_correspondence_array.hpp
[9.676s] -- Up-to-date symlink: /home/ueshiba/ros2_ws/install/aist_aruco_msgs/include/aist_aruco_msgs/aist_aruco_msgs/msg/point_correspondence_array_array.hpp
[9.677s] -- Up-to-date symlink: /home/ueshiba/ros2_ws/install/aist_aruco_msgs/include/aist_aruco_msgs/aist_aruco_msgs/msg/rosidl_generator_cpp__visibility_control.hpp
[9.678s] -- Up-to-date symlink: /home/ueshiba/ros2_ws/install/aist_aruco_msgs/include/aist_aruco_msgs/aist_aruco_msgs/msg/detail/point_correspondence__rosidl_typesupport_fastrtps_cpp.hpp
[9.678s] -- Up-to-date symlink: /home/ueshiba/ros2_ws/install/aist_aruco_msgs/include/aist_aruco_msgs/aist_aruco_msgs/msg/detail/point_correspondence_array__rosidl_typesupport_fastrtps_cpp.hpp
[9.678s] -- Up-to-date symlink: /home/ueshiba/ros2_ws/install/aist_aruco_msgs/include/aist_aruco_msgs/aist_aruco_msgs/msg/detail/point_correspondence_array_array__rosidl_typesupport_fastrtps_cpp.hpp
[9.679s] -- Up-to-date symlink: /home/ueshiba/ros2_ws/install/aist_aruco_msgs/include/aist_aruco_msgs/aist_aruco_msgs/msg/rosidl_typesupport_fastrtps_cpp__visibility_control.h
[9.680s] -- Up-to-date symlink: /home/ueshiba/ros2_ws/install/aist_aruco_msgs/include/aist_aruco_msgs/aist_aruco_msgs/msg/detail/point_correspondence__rosidl_typesupport_introspection_cpp.hpp
[9.680s] -- Up-to-date symlink: /home/ueshiba/ros2_ws/install/aist_aruco_msgs/include/aist_aruco_msgs/aist_aruco_msgs/msg/detail/point_correspondence_array__rosidl_typesupport_introspection_cpp.hpp
[9.680s] -- Up-to-date symlink: /home/ueshiba/ros2_ws/install/aist_aruco_msgs/include/aist_aruco_msgs/aist_aruco_msgs/msg/detail/point_correspondence_array_array__rosidl_typesupport_introspection_cpp.hpp
[9.681s] -- Up-to-date symlink: /home/ueshiba/ros2_ws/install/aist_aruco_msgs/share/aist_aruco_msgs/environment/pythonpath.sh
[9.681s] -- Up-to-date symlink: /home/ueshiba/ros2_ws/install/aist_aruco_msgs/share/aist_aruco_msgs/environment/pythonpath.dsv
[9.682s] -- Up-to-date symlink: /home/ueshiba/ros2_ws/install/aist_aruco_msgs/lib/python3.10/site-packages/aist_aruco_msgs-0.6.0-py3.10.egg-info/PKG-INFO
[9.682s] -- Up-to-date symlink: /home/ueshiba/ros2_ws/install/aist_aruco_msgs/lib/python3.10/site-packages/aist_aruco_msgs-0.6.0-py3.10.egg-info/SOURCES.txt
[9.682s] -- Up-to-date symlink: /home/ueshiba/ros2_ws/install/aist_aruco_msgs/lib/python3.10/site-packages/aist_aruco_msgs-0.6.0-py3.10.egg-info/dependency_links.txt
[9.682s] -- Up-to-date symlink: /home/ueshiba/ros2_ws/install/aist_aruco_msgs/lib/python3.10/site-packages/aist_aruco_msgs-0.6.0-py3.10.egg-info/top_level.txt
[9.684s] -- Up-to-date symlink: /home/ueshiba/ros2_ws/install/aist_aruco_msgs/lib/python3.10/site-packages/aist_aruco_msgs/__init__.py
[9.684s] -- Up-to-date symlink: /home/ueshiba/ros2_ws/install/aist_aruco_msgs/lib/python3.10/site-packages/aist_aruco_msgs/_aist_aruco_msgs_s.ep.rosidl_typesupport_c.c
[9.684s] -- Up-to-date symlink: /home/ueshiba/ros2_ws/install/aist_aruco_msgs/lib/python3.10/site-packages/aist_aruco_msgs/_aist_aruco_msgs_s.ep.rosidl_typesupport_fastrtps_c.c
[9.685s] -- Up-to-date symlink: /home/ueshiba/ros2_ws/install/aist_aruco_msgs/lib/python3.10/site-packages/aist_aruco_msgs/_aist_aruco_msgs_s.ep.rosidl_typesupport_introspection_c.c
[9.685s] -- Up-to-date symlink: /home/ueshiba/ros2_ws/install/aist_aruco_msgs/lib/python3.10/site-packages/aist_aruco_msgs/msg/__init__.py
[9.685s] -- Up-to-date symlink: /home/ueshiba/ros2_ws/install/aist_aruco_msgs/lib/python3.10/site-packages/aist_aruco_msgs/msg/_point_correspondence.py
[9.685s] -- Up-to-date symlink: /home/ueshiba/ros2_ws/install/aist_aruco_msgs/lib/python3.10/site-packages/aist_aruco_msgs/msg/_point_correspondence_array.py
[9.686s] -- Up-to-date symlink: /home/ueshiba/ros2_ws/install/aist_aruco_msgs/lib/python3.10/site-packages/aist_aruco_msgs/msg/_point_correspondence_array_array.py
[9.686s] -- Up-to-date symlink: /home/ueshiba/ros2_ws/install/aist_aruco_msgs/lib/python3.10/site-packages/aist_aruco_msgs/msg/_point_correspondence_array_array_s.c
[9.686s] -- Up-to-date symlink: /home/ueshiba/ros2_ws/install/aist_aruco_msgs/lib/python3.10/site-packages/aist_aruco_msgs/msg/_point_correspondence_array_s.c
[9.686s] -- Up-to-date symlink: /home/ueshiba/ros2_ws/install/aist_aruco_msgs/lib/python3.10/site-packages/aist_aruco_msgs/msg/_point_correspondence_s.c
[9.687s] -- Up-to-date symlink: /home/ueshiba/ros2_ws/install/aist_aruco_msgs/lib/python3.10/site-packages/aist_aruco_msgs/aist_aruco_msgs_s__rosidl_typesupport_fastrtps_c.cpython-310-x86_64-linux-gnu.so
[9.688s] -- Up-to-date symlink: /home/ueshiba/ros2_ws/install/aist_aruco_msgs/lib/python3.10/site-packages/aist_aruco_msgs/aist_aruco_msgs_s__rosidl_typesupport_introspection_c.cpython-310-x86_64-linux-gnu.so
[9.689s] -- Up-to-date symlink: /home/ueshiba/ros2_ws/install/aist_aruco_msgs/lib/python3.10/site-packages/aist_aruco_msgs/aist_aruco_msgs_s__rosidl_typesupport_c.cpython-310-x86_64-linux-gnu.so
[9.689s] -- Up-to-date symlink: /home/ueshiba/ros2_ws/install/aist_aruco_msgs/share/aist_aruco_msgs/msg/PointCorrespondence.idl
[9.690s] -- Up-to-date symlink: /home/ueshiba/ros2_ws/install/aist_aruco_msgs/share/aist_aruco_msgs/msg/PointCorrespondenceArray.idl
[9.690s] -- Up-to-date symlink: /home/ueshiba/ros2_ws/install/aist_aruco_msgs/share/aist_aruco_msgs/msg/PointCorrespondenceArrayArray.idl
[9.690s] -- Up-to-date symlink: /home/ueshiba/ros2_ws/install/aist_aruco_msgs/share/aist_aruco_msgs/msg/PointCorrespondence.msg
[9.691s] -- Up-to-date symlink: /home/ueshiba/ros2_ws/install/aist_aruco_msgs/share/aist_aruco_msgs/msg/PointCorrespondenceArray.msg
[9.691s] -- Up-to-date symlink: /home/ueshiba/ros2_ws/install/aist_aruco_msgs/share/aist_aruco_msgs/msg/PointCorrespondenceArrayArray.msg
[9.692s] -- Up-to-date symlink: /home/ueshiba/ros2_ws/install/aist_aruco_msgs/share/ament_index/resource_index/package_run_dependencies/aist_aruco_msgs
[9.692s] -- Up-to-date symlink: /home/ueshiba/ros2_ws/install/aist_aruco_msgs/share/ament_index/resource_index/parent_prefix_path/aist_aruco_msgs
[9.693s] -- Up-to-date symlink: /home/ueshiba/ros2_ws/install/aist_aruco_msgs/share/aist_aruco_msgs/environment/ament_prefix_path.sh
[9.693s] -- Up-to-date symlink: /home/ueshiba/ros2_ws/install/aist_aruco_msgs/share/aist_aruco_msgs/environment/ament_prefix_path.dsv
[9.693s] -- Up-to-date symlink: /home/ueshiba/ros2_ws/install/aist_aruco_msgs/share/aist_aruco_msgs/environment/path.sh
[9.693s] -- Up-to-date symlink: /home/ueshiba/ros2_ws/install/aist_aruco_msgs/share/aist_aruco_msgs/environment/path.dsv
[9.694s] -- Up-to-date symlink: /home/ueshiba/ros2_ws/install/aist_aruco_msgs/share/aist_aruco_msgs/local_setup.bash
[9.694s] -- Up-to-date symlink: /home/ueshiba/ros2_ws/install/aist_aruco_msgs/share/aist_aruco_msgs/local_setup.sh
[9.695s] -- Up-to-date symlink: /home/ueshiba/ros2_ws/install/aist_aruco_msgs/share/aist_aruco_msgs/local_setup.zsh
[9.695s] -- Up-to-date symlink: /home/ueshiba/ros2_ws/install/aist_aruco_msgs/share/aist_aruco_msgs/local_setup.dsv
[9.695s] -- Symlinking: /home/ueshiba/ros2_ws/install/aist_aruco_msgs/share/aist_aruco_msgs/package.dsv
[9.714s] -- Up-to-date symlink: /home/ueshiba/ros2_ws/install/aist_aruco_msgs/share/ament_index/resource_index/packages/aist_aruco_msgs
[9.716s] -- Up-to-date symlink: /home/ueshiba/ros2_ws/install/aist_aruco_msgs/share/aist_aruco_msgs/cmake/rosidl_cmake-extras.cmake
[9.716s] -- Up-to-date symlink: /home/ueshiba/ros2_ws/install/aist_aruco_msgs/share/aist_aruco_msgs/cmake/ament_cmake_export_dependencies-extras.cmake
[9.716s] -- Up-to-date symlink: /home/ueshiba/ros2_ws/install/aist_aruco_msgs/share/aist_aruco_msgs/cmake/ament_cmake_export_include_directories-extras.cmake
[9.717s] -- Up-to-date symlink: /home/ueshiba/ros2_ws/install/aist_aruco_msgs/share/aist_aruco_msgs/cmake/ament_cmake_export_libraries-extras.cmake
[9.717s] -- Up-to-date symlink: /home/ueshiba/ros2_ws/install/aist_aruco_msgs/share/aist_aruco_msgs/cmake/ament_cmake_export_targets-extras.cmake
[9.717s] -- Up-to-date symlink: /home/ueshiba/ros2_ws/install/aist_aruco_msgs/share/aist_aruco_msgs/cmake/rosidl_cmake_export_typesupport_targets-extras.cmake
[9.717s] -- Up-to-date symlink: /home/ueshiba/ros2_ws/install/aist_aruco_msgs/share/aist_aruco_msgs/cmake/rosidl_cmake_export_typesupport_libraries-extras.cmake
[9.717s] -- Up-to-date symlink: /home/ueshiba/ros2_ws/install/aist_aruco_msgs/share/aist_aruco_msgs/cmake/aist_aruco_msgsConfig.cmake
[9.717s] -- Up-to-date symlink: /home/ueshiba/ros2_ws/install/aist_aruco_msgs/share/aist_aruco_msgs/cmake/aist_aruco_msgsConfig-version.cmake
[9.718s] -- Up-to-date symlink: /home/ueshiba/ros2_ws/install/aist_aruco_msgs/share/aist_aruco_msgs/package.xml
[9.718s] -- Up-to-date: /home/ueshiba/ros2_ws/install/aist_aruco_msgs/lib/libaist_aruco_msgs__rosidl_generator_c.so
[9.722s] -- Installing: /home/ueshiba/ros2_ws/install/aist_aruco_msgs/lib/libaist_aruco_msgs__rosidl_typesupport_fastrtps_c.so
[9.722s] -- Set runtime path of "/home/ueshiba/ros2_ws/install/aist_aruco_msgs/lib/libaist_aruco_msgs__rosidl_typesupport_fastrtps_c.so" to ""
[9.722s] -- Up-to-date: /home/ueshiba/ros2_ws/install/aist_aruco_msgs/lib/libaist_aruco_msgs__rosidl_typesupport_introspection_c.so
[9.722s] -- Up-to-date: /home/ueshiba/ros2_ws/install/aist_aruco_msgs/lib/libaist_aruco_msgs__rosidl_typesupport_c.so
[9.722s] -- Installing: /home/ueshiba/ros2_ws/install/aist_aruco_msgs/lib/libaist_aruco_msgs__rosidl_typesupport_fastrtps_cpp.so
[9.722s] -- Set runtime path of "/home/ueshiba/ros2_ws/install/aist_aruco_msgs/lib/libaist_aruco_msgs__rosidl_typesupport_fastrtps_cpp.so" to ""
[9.723s] -- Installing: /home/ueshiba/ros2_ws/install/aist_aruco_msgs/lib/libaist_aruco_msgs__rosidl_typesupport_introspection_cpp.so
[9.723s] -- Set runtime path of "/home/ueshiba/ros2_ws/install/aist_aruco_msgs/lib/libaist_aruco_msgs__rosidl_typesupport_introspection_cpp.so" to ""
[9.724s] -- Installing: /home/ueshiba/ros2_ws/install/aist_aruco_msgs/lib/libaist_aruco_msgs__rosidl_typesupport_cpp.so
[9.724s] -- Set runtime path of "/home/ueshiba/ros2_ws/install/aist_aruco_msgs/lib/libaist_aruco_msgs__rosidl_typesupport_cpp.so" to ""
[9.804s] Listing '/home/ueshiba/ros2_ws/install/aist_aruco_msgs/lib/python3.10/site-packages/aist_aruco_msgs'...
[9.805s] Listing '/home/ueshiba/ros2_ws/install/aist_aruco_msgs/lib/python3.10/site-packages/aist_aruco_msgs/msg'...
[9.813s] -- Installing: /home/ueshiba/ros2_ws/install/aist_aruco_msgs/lib/libaist_aruco_msgs__rosidl_generator_py.so
[9.814s] -- Set runtime path of "/home/ueshiba/ros2_ws/install/aist_aruco_msgs/lib/libaist_aruco_msgs__rosidl_generator_py.so" to ""
[9.814s] -- Up-to-date: /home/ueshiba/ros2_ws/install/aist_aruco_msgs/share/aist_aruco_msgs/cmake/export_aist_aruco_msgs__rosidl_generator_cExport.cmake
[9.815s] -- Up-to-date: /home/ueshiba/ros2_ws/install/aist_aruco_msgs/share/aist_aruco_msgs/cmake/export_aist_aruco_msgs__rosidl_generator_cExport-noconfig.cmake
[9.815s] -- Up-to-date: /home/ueshiba/ros2_ws/install/aist_aruco_msgs/share/aist_aruco_msgs/cmake/export_aist_aruco_msgs__rosidl_typesupport_fastrtps_cExport.cmake
[9.815s] -- Up-to-date: /home/ueshiba/ros2_ws/install/aist_aruco_msgs/share/aist_aruco_msgs/cmake/export_aist_aruco_msgs__rosidl_typesupport_fastrtps_cExport-noconfig.cmake
[9.815s] -- Up-to-date: /home/ueshiba/ros2_ws/install/aist_aruco_msgs/share/aist_aruco_msgs/cmake/aist_aruco_msgs__rosidl_typesupport_introspection_cExport.cmake
[9.816s] -- Up-to-date: /home/ueshiba/ros2_ws/install/aist_aruco_msgs/share/aist_aruco_msgs/cmake/aist_aruco_msgs__rosidl_typesupport_introspection_cExport-noconfig.cmake
[9.816s] -- Up-to-date: /home/ueshiba/ros2_ws/install/aist_aruco_msgs/share/aist_aruco_msgs/cmake/aist_aruco_msgs__rosidl_typesupport_cExport.cmake
[9.816s] -- Up-to-date: /home/ueshiba/ros2_ws/install/aist_aruco_msgs/share/aist_aruco_msgs/cmake/aist_aruco_msgs__rosidl_typesupport_cExport-noconfig.cmake
[9.816s] -- Up-to-date: /home/ueshiba/ros2_ws/install/aist_aruco_msgs/share/aist_aruco_msgs/cmake/export_aist_aruco_msgs__rosidl_generator_cppExport.cmake
[9.817s] -- Up-to-date: /home/ueshiba/ros2_ws/install/aist_aruco_msgs/share/aist_aruco_msgs/cmake/export_aist_aruco_msgs__rosidl_typesupport_fastrtps_cppExport.cmake
[9.817s] -- Up-to-date: /home/ueshiba/ros2_ws/install/aist_aruco_msgs/share/aist_aruco_msgs/cmake/export_aist_aruco_msgs__rosidl_typesupport_fastrtps_cppExport-noconfig.cmake
[9.817s] -- Up-to-date: /home/ueshiba/ros2_ws/install/aist_aruco_msgs/share/aist_aruco_msgs/cmake/aist_aruco_msgs__rosidl_typesupport_introspection_cppExport.cmake
[9.817s] -- Up-to-date: /home/ueshiba/ros2_ws/install/aist_aruco_msgs/share/aist_aruco_msgs/cmake/aist_aruco_msgs__rosidl_typesupport_introspection_cppExport-noconfig.cmake
[9.817s] -- Up-to-date: /home/ueshiba/ros2_ws/install/aist_aruco_msgs/share/aist_aruco_msgs/cmake/aist_aruco_msgs__rosidl_typesupport_cppExport.cmake
[9.818s] -- Up-to-date: /home/ueshiba/ros2_ws/install/aist_aruco_msgs/share/aist_aruco_msgs/cmake/aist_aruco_msgs__rosidl_typesupport_cppExport-noconfig.cmake
[9.818s] -- Up-to-date: /home/ueshiba/ros2_ws/install/aist_aruco_msgs/share/aist_aruco_msgs/cmake/export_aist_aruco_msgs__rosidl_generator_pyExport.cmake
[9.818s] -- Up-to-date: /home/ueshiba/ros2_ws/install/aist_aruco_msgs/share/aist_aruco_msgs/cmake/export_aist_aruco_msgs__rosidl_generator_pyExport-noconfig.cmake
[9.824s] Invoked command in '/home/ueshiba/ros2_ws/build/aist_aruco_msgs' returned '0': CMAKE_PREFIX_PATH=${CMAKE_PREFIX_PATH}:/home/ueshiba/ros2_ws/install/rqt_reconfigure:/opt/ros/rolling PS1=\[\e]0;\u@\h: \w\a\]\h% /usr/bin/cmake --install /home/ueshiba/ros2_ws/build/aist_aruco_msgs
