-- The C compiler identification is GNU 11.4.0
-- The CXX compiler identification is GNU 11.4.0
-- Detecting C compiler ABI info
-- Detecting C compiler ABI info - done
-- Check for working C compiler: /usr/bin/cc - skipped
-- Detecting C compile features
-- Detecting C compile features - done
-- Detecting CXX compiler ABI info
-- Detecting CXX compiler ABI info - done
-- Check for working CXX compiler: /usr/bin/c++ - skipped
-- Detecting CXX compile features
-- Detecting CXX compile features - done
-- Found ament_cmake: 2.3.2 (/opt/ros/rolling/share/ament_cmake/cmake)
-- Found Python3: /usr/bin/python3.10 (found version "3.10.12") found components: Interpreter 
-- Override CMake install command with custom implementation using symlinks instead of copying resources
-- Found rclcpp_components: 27.0.0 (/opt/ros/rolling/share/rclcpp_components/cmake)
-- Found rosidl_generator_c: 4.5.1 (/opt/ros/rolling/share/rosidl_generator_c/cmake)
-- Found rosidl_generator_cpp: 4.5.1 (/opt/ros/rolling/share/rosidl_generator_cpp/cmake)
-- Using all available rosidl_typesupport_c: rosidl_typesupport_fastrtps_c;rosidl_typesupport_introspection_c
-- Using all available rosidl_typesupport_cpp: rosidl_typesupport_fastrtps_cpp;rosidl_typesupport_introspection_cpp
-- Found rmw_implementation_cmake: 7.3.0 (/opt/ros/rolling/share/rmw_implementation_cmake/cmake)
-- Found rmw_fastrtps_cpp: 8.2.0 (/opt/ros/rolling/share/rmw_fastrtps_cpp/cmake)
-- Found OpenSSL: /usr/lib/x86_64-linux-gnu/libcrypto.so (found version "3.0.2")  
-- Found FastRTPS: /opt/ros/rolling/include  
-- Using RMW implementation 'rmw_fastrtps_cpp' as default
-- Found aruco: 5.0.5 (/home/ueshiba/ros2_ws/install/aruco/share/aruco/cmake)
-- Found geometry_msgs: 5.3.0 (/opt/ros/rolling/share/geometry_msgs/cmake)
-- Found sensor_msgs: 5.3.0 (/opt/ros/rolling/share/sensor_msgs/cmake)
-- Found visualization_msgs: 5.3.0 (/opt/ros/rolling/share/visualization_msgs/cmake)
-- Found image_transport: 5.1.0 (/opt/ros/rolling/share/image_transport/cmake)
-- Found cv_bridge: 3.4.0 (/opt/ros/rolling/share/cv_bridge/cmake)
-- Found tf2_ros: 0.36.0 (/opt/ros/rolling/share/tf2_ros/cmake)
-- Found tf2_geometry_msgs: 0.36.0 (/opt/ros/rolling/share/tf2_geometry_msgs/cmake)
-- Found eigen3_cmake_module: 0.3.0 (/opt/ros/rolling/share/eigen3_cmake_module/cmake)
-- Found Eigen3: TRUE (found version "3.4.0") 
-- Ensuring Eigen3 include directory is part of orocos-kdl CMake target
-- Found ddynamic_reconfigure2: 1.0.0 (/home/ueshiba/ros2_ws/install/ddynamic_reconfigure2/share/ddynamic_reconfigure2/cmake)
-- Found aist_utility: 1.0.0 (/home/ueshiba/ros2_ws/install/aist_utility/share/aist_utility/cmake)
-- Checking for module 'eigen3'
--   Found eigen3, version 3.4.0
-- Found Eigen: /usr/include/eigen3 (Required is at least version "3.1") 
-- Eigen found (include: /usr/include/eigen3, version: 3.4.0)
-- Checking for module 'flann'
--   Found flann, version 1.9.1
-- Found FLANN: /usr/lib/x86_64-linux-gnu/libflann_cpp.so  
-- FLANN found (include: /usr/include, lib: /usr/lib/x86_64-linux-gnu/libflann_cpp.so)
-- Checking for module 'libusb-1.0'
--   Found libusb-1.0, version 1.0.25
-- Found libusb: /usr/lib/x86_64-linux-gnu/libusb-1.0.so  
-- OpenNI found (version: 1.5.4.0, include: /usr/include/ni, lib: /usr/lib/libOpenNI.so;libusb::libusb)
-- OpenNI2 found (version: 2.2.0.33, include: /usr/include/openni2, lib: /usr/lib/x86_64-linux-gnu/libOpenNI2.so;libusb::libusb)
-- Eigen found (include: /usr/include/eigen3, version: 3.4.0)
-- OpenNI found (version: 1.5.4.0, include: /usr/include/ni, lib: /usr/lib/libOpenNI.so;libusb::libusb)
-- OpenNI2 found (version: 2.2.0.33, include: /usr/include/openni2, lib: /usr/lib/x86_64-linux-gnu/libOpenNI2.so;libusb::libusb)
-- Found Qhull version 8.0.2
-- OpenNI found (version: 1.5.4.0, include: /usr/include/ni, lib: /usr/lib/libOpenNI.so;libusb::libusb)
-- Found PCL_COMMON: /usr/lib/x86_64-linux-gnu/libpcl_common.so  
-- Found PCL_KDTREE: /usr/lib/x86_64-linux-gnu/libpcl_kdtree.so  
-- Found PCL_OCTREE: /usr/lib/x86_64-linux-gnu/libpcl_octree.so  
-- Found PCL_SEARCH: /usr/lib/x86_64-linux-gnu/libpcl_search.so  
-- Found PCL_SAMPLE_CONSENSUS: /usr/lib/x86_64-linux-gnu/libpcl_sample_consensus.so  
-- Found PCL_FILTERS: /usr/lib/x86_64-linux-gnu/libpcl_filters.so  
-- Found PCL_2D: /usr/include/pcl-1.12  
-- Found PCL_GEOMETRY: /usr/include/pcl-1.12  
-- Found PCL_IO: /usr/lib/x86_64-linux-gnu/libpcl_io.so  
-- Found PCL_FEATURES: /usr/lib/x86_64-linux-gnu/libpcl_features.so  
-- Found PCL_ML: /usr/lib/x86_64-linux-gnu/libpcl_ml.so  
-- Found PCL_SEGMENTATION: /usr/lib/x86_64-linux-gnu/libpcl_segmentation.so  
-- Found PCL_VISUALIZATION: /usr/lib/x86_64-linux-gnu/libpcl_visualization.so  
-- Found PCL_SURFACE: /usr/lib/x86_64-linux-gnu/libpcl_surface.so  
-- Found PCL_REGISTRATION: /usr/lib/x86_64-linux-gnu/libpcl_registration.so  
-- Found PCL_KEYPOINTS: /usr/lib/x86_64-linux-gnu/libpcl_keypoints.so  
-- Found PCL_TRACKING: /usr/lib/x86_64-linux-gnu/libpcl_tracking.so  
-- Found PCL_RECOGNITION: /usr/lib/x86_64-linux-gnu/libpcl_recognition.so  
-- Found PCL_STEREO: /usr/lib/x86_64-linux-gnu/libpcl_stereo.so  
-- Found PCL_APPS: /usr/lib/x86_64-linux-gnu/libpcl_apps.so  
-- Found PCL_IN_HAND_SCANNER: /usr/include/pcl-1.12  
-- Found PCL_MODELER: /usr/include/pcl-1.12  
-- Found PCL_POINT_CLOUD_EDITOR: /usr/include/pcl-1.12  
-- Found PCL_OUTOFCORE: /usr/lib/x86_64-linux-gnu/libpcl_outofcore.so  
-- Found PCL_PEOPLE: /usr/lib/x86_64-linux-gnu/libpcl_people.so  
-- Found aist_aruco_msgs: 0.6.0 (/home/ueshiba/ros2_ws/install/aist_aruco_msgs/share/aist_aruco_msgs/cmake)
-- Found ament_lint_auto: 0.16.3 (/opt/ros/rolling/share/ament_lint_auto/cmake)
-- Configuring done
-- Generating done
-- Build files have been written to: /home/ueshiba/ros2_ws/build/aist_aruco_ros
[35m[1mConsolidate compiler generated dependencies of target aist_aruco_ros[0m
[100%] Built target aist_aruco_ros
-- Install configuration: ""
-- Execute custom install script
-- Up-to-date symlink: /home/ueshiba/ros2_ws/install/aist_aruco_ros/share/aist_aruco_ros//launch/detector_3d.launch.py
-- Up-to-date symlink: /home/ueshiba/ros2_ws/install/aist_aruco_ros/share/aist_aruco_ros//launch/log/COLCON_IGNORE
-- Up-to-date symlink: /home/ueshiba/ros2_ws/install/aist_aruco_ros/share/aist_aruco_ros//launch/log/build_2024-06-15_09-26-29/aist_aruco_msgs/command.log
-- Up-to-date symlink: /home/ueshiba/ros2_ws/install/aist_aruco_ros/share/aist_aruco_ros//launch/log/build_2024-06-15_09-26-29/aist_aruco_msgs/stderr.log
-- Up-to-date symlink: /home/ueshiba/ros2_ws/install/aist_aruco_ros/share/aist_aruco_ros//launch/log/build_2024-06-15_09-26-29/aist_aruco_msgs/stdout.log
-- Up-to-date symlink: /home/ueshiba/ros2_ws/install/aist_aruco_ros/share/aist_aruco_ros//launch/log/build_2024-06-15_09-26-29/aist_aruco_msgs/stdout_stderr.log
-- Up-to-date symlink: /home/ueshiba/ros2_ws/install/aist_aruco_ros/share/aist_aruco_ros//launch/log/build_2024-06-15_09-26-29/aist_aruco_msgs/streams.log
-- Up-to-date symlink: /home/ueshiba/ros2_ws/install/aist_aruco_ros/share/aist_aruco_ros//launch/log/build_2024-06-15_09-26-29/aist_aruco_ros/command.log
-- Up-to-date symlink: /home/ueshiba/ros2_ws/install/aist_aruco_ros/share/aist_aruco_ros//launch/log/build_2024-06-15_09-26-29/aist_aruco_ros/stderr.log
-- Up-to-date symlink: /home/ueshiba/ros2_ws/install/aist_aruco_ros/share/aist_aruco_ros//launch/log/build_2024-06-15_09-26-29/aist_aruco_ros/stdout.log
-- Up-to-date symlink: /home/ueshiba/ros2_ws/install/aist_aruco_ros/share/aist_aruco_ros//launch/log/build_2024-06-15_09-26-29/aist_aruco_ros/stdout_stderr.log
-- Up-to-date symlink: /home/ueshiba/ros2_ws/install/aist_aruco_ros/share/aist_aruco_ros//launch/log/build_2024-06-15_09-26-29/aist_aruco_ros/streams.log
-- Up-to-date symlink: /home/ueshiba/ros2_ws/install/aist_aruco_ros/share/aist_aruco_ros//launch/log/build_2024-06-15_09-26-29/aist_msgs/command.log
-- Up-to-date symlink: /home/ueshiba/ros2_ws/install/aist_aruco_ros/share/aist_aruco_ros//launch/log/build_2024-06-15_09-26-29/aist_msgs/stderr.log
-- Up-to-date symlink: /home/ueshiba/ros2_ws/install/aist_aruco_ros/share/aist_aruco_ros//launch/log/build_2024-06-15_09-26-29/aist_msgs/stdout.log
-- Up-to-date symlink: /home/ueshiba/ros2_ws/install/aist_aruco_ros/share/aist_aruco_ros//launch/log/build_2024-06-15_09-26-29/aist_msgs/stdout_stderr.log
-- Up-to-date symlink: /home/ueshiba/ros2_ws/install/aist_aruco_ros/share/aist_aruco_ros//launch/log/build_2024-06-15_09-26-29/aist_msgs/streams.log
-- Up-to-date symlink: /home/ueshiba/ros2_ws/install/aist_aruco_ros/share/aist_aruco_ros//launch/log/build_2024-06-15_09-26-29/aist_phoxi_camera/command.log
-- Up-to-date symlink: /home/ueshiba/ros2_ws/install/aist_aruco_ros/share/aist_aruco_ros//launch/log/build_2024-06-15_09-26-29/aist_phoxi_camera/stderr.log
-- Up-to-date symlink: /home/ueshiba/ros2_ws/install/aist_aruco_ros/share/aist_aruco_ros//launch/log/build_2024-06-15_09-26-29/aist_phoxi_camera/stdout.log
-- Up-to-date symlink: /home/ueshiba/ros2_ws/install/aist_aruco_ros/share/aist_aruco_ros//launch/log/build_2024-06-15_09-26-29/aist_phoxi_camera/stdout_stderr.log
-- Up-to-date symlink: /home/ueshiba/ros2_ws/install/aist_aruco_ros/share/aist_aruco_ros//launch/log/build_2024-06-15_09-26-29/aist_phoxi_camera/streams.log
-- Up-to-date symlink: /home/ueshiba/ros2_ws/install/aist_aruco_ros/share/aist_aruco_ros//launch/log/build_2024-06-15_09-26-29/aist_utility/command.log
-- Up-to-date symlink: /home/ueshiba/ros2_ws/install/aist_aruco_ros/share/aist_aruco_ros//launch/log/build_2024-06-15_09-26-29/aist_utility/stderr.log
-- Up-to-date symlink: /home/ueshiba/ros2_ws/install/aist_aruco_ros/share/aist_aruco_ros//launch/log/build_2024-06-15_09-26-29/aist_utility/stdout.log
-- Up-to-date symlink: /home/ueshiba/ros2_ws/install/aist_aruco_ros/share/aist_aruco_ros//launch/log/build_2024-06-15_09-26-29/aist_utility/stdout_stderr.log
-- Up-to-date symlink: /home/ueshiba/ros2_ws/install/aist_aruco_ros/share/aist_aruco_ros//launch/log/build_2024-06-15_09-26-29/aist_utility/streams.log
-- Up-to-date symlink: /home/ueshiba/ros2_ws/install/aist_aruco_ros/share/aist_aruco_ros//launch/log/build_2024-06-15_09-26-29/cu_bridge/command.log
-- Up-to-date symlink: /home/ueshiba/ros2_ws/install/aist_aruco_ros/share/aist_aruco_ros//launch/log/build_2024-06-15_09-26-29/cu_bridge/stderr.log
-- Up-to-date symlink: /home/ueshiba/ros2_ws/install/aist_aruco_ros/share/aist_aruco_ros//launch/log/build_2024-06-15_09-26-29/cu_bridge/stdout.log
-- Up-to-date symlink: /home/ueshiba/ros2_ws/install/aist_aruco_ros/share/aist_aruco_ros//launch/log/build_2024-06-15_09-26-29/cu_bridge/stdout_stderr.log
-- Up-to-date symlink: /home/ueshiba/ros2_ws/install/aist_aruco_ros/share/aist_aruco_ros//launch/log/build_2024-06-15_09-26-29/cu_bridge/streams.log
-- Up-to-date symlink: /home/ueshiba/ros2_ws/install/aist_aruco_ros/share/aist_aruco_ros//launch/log/build_2024-06-15_09-26-29/ddynamic_reconfigure2/command.log
-- Up-to-date symlink: /home/ueshiba/ros2_ws/install/aist_aruco_ros/share/aist_aruco_ros//launch/log/build_2024-06-15_09-26-29/ddynamic_reconfigure2/stderr.log
-- Up-to-date symlink: /home/ueshiba/ros2_ws/install/aist_aruco_ros/share/aist_aruco_ros//launch/log/build_2024-06-15_09-26-29/ddynamic_reconfigure2/stdout.log
-- Up-to-date symlink: /home/ueshiba/ros2_ws/install/aist_aruco_ros/share/aist_aruco_ros//launch/log/build_2024-06-15_09-26-29/ddynamic_reconfigure2/stdout_stderr.log
-- Up-to-date symlink: /home/ueshiba/ros2_ws/install/aist_aruco_ros/share/aist_aruco_ros//launch/log/build_2024-06-15_09-26-29/ddynamic_reconfigure2/streams.log
-- Up-to-date symlink: /home/ueshiba/ros2_ws/install/aist_aruco_ros/share/aist_aruco_ros//launch/log/build_2024-06-15_09-26-29/events.log
-- Up-to-date symlink: /home/ueshiba/ros2_ws/install/aist_aruco_ros/share/aist_aruco_ros//launch/log/build_2024-06-15_09-26-29/logger_all.log
-- Up-to-date symlink: /home/ueshiba/ros2_ws/install/aist_aruco_ros/share/aist_aruco_ros//launch/log/build_2024-06-15_09-26-29/realsense2_camera/command.log
-- Up-to-date symlink: /home/ueshiba/ros2_ws/install/aist_aruco_ros/share/aist_aruco_ros//launch/log/build_2024-06-15_09-26-29/realsense2_camera/stderr.log
-- Up-to-date symlink: /home/ueshiba/ros2_ws/install/aist_aruco_ros/share/aist_aruco_ros//launch/log/build_2024-06-15_09-26-29/realsense2_camera/stdout.log
-- Up-to-date symlink: /home/ueshiba/ros2_ws/install/aist_aruco_ros/share/aist_aruco_ros//launch/log/build_2024-06-15_09-26-29/realsense2_camera/stdout_stderr.log
-- Up-to-date symlink: /home/ueshiba/ros2_ws/install/aist_aruco_ros/share/aist_aruco_ros//launch/log/build_2024-06-15_09-26-29/realsense2_camera/streams.log
-- Up-to-date symlink: /home/ueshiba/ros2_ws/install/aist_aruco_ros/share/aist_aruco_ros//launch/log/build_2024-06-15_09-26-29/realsense2_camera_msgs/command.log
-- Up-to-date symlink: /home/ueshiba/ros2_ws/install/aist_aruco_ros/share/aist_aruco_ros//launch/log/build_2024-06-15_09-26-29/realsense2_camera_msgs/stderr.log
-- Up-to-date symlink: /home/ueshiba/ros2_ws/install/aist_aruco_ros/share/aist_aruco_ros//launch/log/build_2024-06-15_09-26-29/realsense2_camera_msgs/stdout.log
-- Up-to-date symlink: /home/ueshiba/ros2_ws/install/aist_aruco_ros/share/aist_aruco_ros//launch/log/build_2024-06-15_09-26-29/realsense2_camera_msgs/stdout_stderr.log
-- Up-to-date symlink: /home/ueshiba/ros2_ws/install/aist_aruco_ros/share/aist_aruco_ros//launch/log/build_2024-06-15_09-26-29/realsense2_camera_msgs/streams.log
-- Up-to-date symlink: /home/ueshiba/ros2_ws/install/aist_aruco_ros/share/aist_aruco_ros//launch/log/build_2024-06-15_09-26-29/realsense2_description/command.log
-- Up-to-date symlink: /home/ueshiba/ros2_ws/install/aist_aruco_ros/share/aist_aruco_ros//launch/log/build_2024-06-15_09-26-29/realsense2_description/stderr.log
-- Up-to-date symlink: /home/ueshiba/ros2_ws/install/aist_aruco_ros/share/aist_aruco_ros//launch/log/build_2024-06-15_09-26-29/realsense2_description/stdout.log
-- Up-to-date symlink: /home/ueshiba/ros2_ws/install/aist_aruco_ros/share/aist_aruco_ros//launch/log/build_2024-06-15_09-26-29/realsense2_description/stdout_stderr.log
-- Up-to-date symlink: /home/ueshiba/ros2_ws/install/aist_aruco_ros/share/aist_aruco_ros//launch/log/build_2024-06-15_09-26-29/realsense2_description/streams.log
-- Up-to-date symlink: /home/ueshiba/ros2_ws/install/aist_aruco_ros/share/aist_aruco_ros//launch/log/build_2024-06-15_09-26-29/rqt_reconfigure/command.log
-- Up-to-date symlink: /home/ueshiba/ros2_ws/install/aist_aruco_ros/share/aist_aruco_ros//launch/log/build_2024-06-15_09-26-29/rqt_reconfigure/stderr.log
-- Up-to-date symlink: /home/ueshiba/ros2_ws/install/aist_aruco_ros/share/aist_aruco_ros//launch/log/build_2024-06-15_09-26-29/rqt_reconfigure/stdout.log
-- Up-to-date symlink: /home/ueshiba/ros2_ws/install/aist_aruco_ros/share/aist_aruco_ros//launch/log/build_2024-06-15_09-26-29/rqt_reconfigure/stdout_stderr.log
-- Up-to-date symlink: /home/ueshiba/ros2_ws/install/aist_aruco_ros/share/aist_aruco_ros//launch/log/build_2024-06-15_09-26-29/rqt_reconfigure/streams.log
-- Up-to-date symlink: /home/ueshiba/ros2_ws/install/aist_aruco_ros/share/aist_aruco_ros//launch/log/build_2024-06-15_09-26-29/rviz2/command.log
-- Up-to-date symlink: /home/ueshiba/ros2_ws/install/aist_aruco_ros/share/aist_aruco_ros//launch/log/build_2024-06-15_09-26-29/rviz2/stderr.log
-- Up-to-date symlink: /home/ueshiba/ros2_ws/install/aist_aruco_ros/share/aist_aruco_ros//launch/log/build_2024-06-15_09-26-29/rviz2/stdout.log
-- Up-to-date symlink: /home/ueshiba/ros2_ws/install/aist_aruco_ros/share/aist_aruco_ros//launch/log/build_2024-06-15_09-26-29/rviz2/stdout_stderr.log
-- Up-to-date symlink: /home/ueshiba/ros2_ws/install/aist_aruco_ros/share/aist_aruco_ros//launch/log/build_2024-06-15_09-26-29/rviz2/streams.log
-- Up-to-date symlink: /home/ueshiba/ros2_ws/install/aist_aruco_ros/share/aist_aruco_ros//launch/log/build_2024-06-15_09-26-29/rviz_assimp_vendor/command.log
-- Up-to-date symlink: /home/ueshiba/ros2_ws/install/aist_aruco_ros/share/aist_aruco_ros//launch/log/build_2024-06-15_09-26-29/rviz_assimp_vendor/stderr.log
-- Up-to-date symlink: /home/ueshiba/ros2_ws/install/aist_aruco_ros/share/aist_aruco_ros//launch/log/build_2024-06-15_09-26-29/rviz_assimp_vendor/stdout.log
-- Up-to-date symlink: /home/ueshiba/ros2_ws/install/aist_aruco_ros/share/aist_aruco_ros//launch/log/build_2024-06-15_09-26-29/rviz_assimp_vendor/stdout_stderr.log
-- Up-to-date symlink: /home/ueshiba/ros2_ws/install/aist_aruco_ros/share/aist_aruco_ros//launch/log/build_2024-06-15_09-26-29/rviz_assimp_vendor/streams.log
-- Up-to-date symlink: /home/ueshiba/ros2_ws/install/aist_aruco_ros/share/aist_aruco_ros//launch/log/build_2024-06-15_09-26-29/rviz_common/command.log
-- Up-to-date symlink: /home/ueshiba/ros2_ws/install/aist_aruco_ros/share/aist_aruco_ros//launch/log/build_2024-06-15_09-26-29/rviz_common/stderr.log
-- Up-to-date symlink: /home/ueshiba/ros2_ws/install/aist_aruco_ros/share/aist_aruco_ros//launch/log/build_2024-06-15_09-26-29/rviz_common/stdout.log
-- Up-to-date symlink: /home/ueshiba/ros2_ws/install/aist_aruco_ros/share/aist_aruco_ros//launch/log/build_2024-06-15_09-26-29/rviz_common/stdout_stderr.log
-- Up-to-date symlink: /home/ueshiba/ros2_ws/install/aist_aruco_ros/share/aist_aruco_ros//launch/log/build_2024-06-15_09-26-29/rviz_common/streams.log
-- Up-to-date symlink: /home/ueshiba/ros2_ws/install/aist_aruco_ros/share/aist_aruco_ros//launch/log/build_2024-06-15_09-26-29/rviz_default_plugins/command.log
-- Up-to-date symlink: /home/ueshiba/ros2_ws/install/aist_aruco_ros/share/aist_aruco_ros//launch/log/build_2024-06-15_09-26-29/rviz_default_plugins/stderr.log
-- Up-to-date symlink: /home/ueshiba/ros2_ws/install/aist_aruco_ros/share/aist_aruco_ros//launch/log/build_2024-06-15_09-26-29/rviz_default_plugins/stdout.log
-- Up-to-date symlink: /home/ueshiba/ros2_ws/install/aist_aruco_ros/share/aist_aruco_ros//launch/log/build_2024-06-15_09-26-29/rviz_default_plugins/stdout_stderr.log
-- Up-to-date symlink: /home/ueshiba/ros2_ws/install/aist_aruco_ros/share/aist_aruco_ros//launch/log/build_2024-06-15_09-26-29/rviz_default_plugins/streams.log
-- Up-to-date symlink: /home/ueshiba/ros2_ws/install/aist_aruco_ros/share/aist_aruco_ros//launch/log/build_2024-06-15_09-26-29/rviz_ogre_vendor/command.log
-- Up-to-date symlink: /home/ueshiba/ros2_ws/install/aist_aruco_ros/share/aist_aruco_ros//launch/log/build_2024-06-15_09-26-29/rviz_ogre_vendor/stderr.log
-- Up-to-date symlink: /home/ueshiba/ros2_ws/install/aist_aruco_ros/share/aist_aruco_ros//launch/log/build_2024-06-15_09-26-29/rviz_ogre_vendor/stdout.log
-- Up-to-date symlink: /home/ueshiba/ros2_ws/install/aist_aruco_ros/share/aist_aruco_ros//launch/log/build_2024-06-15_09-26-29/rviz_ogre_vendor/stdout_stderr.log
-- Up-to-date symlink: /home/ueshiba/ros2_ws/install/aist_aruco_ros/share/aist_aruco_ros//launch/log/build_2024-06-15_09-26-29/rviz_ogre_vendor/streams.log
-- Up-to-date symlink: /home/ueshiba/ros2_ws/install/aist_aruco_ros/share/aist_aruco_ros//launch/log/build_2024-06-15_09-26-29/rviz_rendering/command.log
-- Up-to-date symlink: /home/ueshiba/ros2_ws/install/aist_aruco_ros/share/aist_aruco_ros//launch/log/build_2024-06-15_09-26-29/rviz_rendering/stderr.log
-- Up-to-date symlink: /home/ueshiba/ros2_ws/install/aist_aruco_ros/share/aist_aruco_ros//launch/log/build_2024-06-15_09-26-29/rviz_rendering/stdout.log
-- Up-to-date symlink: /home/ueshiba/ros2_ws/install/aist_aruco_ros/share/aist_aruco_ros//launch/log/build_2024-06-15_09-26-29/rviz_rendering/stdout_stderr.log
-- Up-to-date symlink: /home/ueshiba/ros2_ws/install/aist_aruco_ros/share/aist_aruco_ros//launch/log/build_2024-06-15_09-26-29/rviz_rendering/streams.log
-- Up-to-date symlink: /home/ueshiba/ros2_ws/install/aist_aruco_ros/share/aist_aruco_ros//launch/log/build_2024-06-15_09-26-29/rviz_rendering_tests/command.log
-- Up-to-date symlink: /home/ueshiba/ros2_ws/install/aist_aruco_ros/share/aist_aruco_ros//launch/log/build_2024-06-15_09-26-29/rviz_rendering_tests/stderr.log
-- Up-to-date symlink: /home/ueshiba/ros2_ws/install/aist_aruco_ros/share/aist_aruco_ros//launch/log/build_2024-06-15_09-26-29/rviz_rendering_tests/stdout.log
-- Up-to-date symlink: /home/ueshiba/ros2_ws/install/aist_aruco_ros/share/aist_aruco_ros//launch/log/build_2024-06-15_09-26-29/rviz_rendering_tests/stdout_stderr.log
-- Up-to-date symlink: /home/ueshiba/ros2_ws/install/aist_aruco_ros/share/aist_aruco_ros//launch/log/build_2024-06-15_09-26-29/rviz_rendering_tests/streams.log
-- Up-to-date symlink: /home/ueshiba/ros2_ws/install/aist_aruco_ros/share/aist_aruco_ros//launch/log/build_2024-06-15_09-26-29/rviz_visual_testing_framework/command.log
-- Up-to-date symlink: /home/ueshiba/ros2_ws/install/aist_aruco_ros/share/aist_aruco_ros//launch/log/build_2024-06-15_09-26-29/rviz_visual_testing_framework/stderr.log
-- Up-to-date symlink: /home/ueshiba/ros2_ws/install/aist_aruco_ros/share/aist_aruco_ros//launch/log/build_2024-06-15_09-26-29/rviz_visual_testing_framework/stdout.log
-- Up-to-date symlink: /home/ueshiba/ros2_ws/install/aist_aruco_ros/share/aist_aruco_ros//launch/log/build_2024-06-15_09-26-29/rviz_visual_testing_framework/stdout_stderr.log
-- Up-to-date symlink: /home/ueshiba/ros2_ws/install/aist_aruco_ros/share/aist_aruco_ros//launch/log/build_2024-06-15_09-26-29/rviz_visual_testing_framework/streams.log
-- Up-to-date symlink: /home/ueshiba/ros2_ws/install/aist_aruco_ros/share/aist_aruco_ros//launch/log/build_2024-06-15_09-27-44/aist_aruco_msgs/command.log
-- Up-to-date symlink: /home/ueshiba/ros2_ws/install/aist_aruco_ros/share/aist_aruco_ros//launch/log/build_2024-06-15_09-27-44/aist_aruco_msgs/stderr.log
-- Up-to-date symlink: /home/ueshiba/ros2_ws/install/aist_aruco_ros/share/aist_aruco_ros//launch/log/build_2024-06-15_09-27-44/aist_aruco_msgs/stdout.log
-- Up-to-date symlink: /home/ueshiba/ros2_ws/install/aist_aruco_ros/share/aist_aruco_ros//launch/log/build_2024-06-15_09-27-44/aist_aruco_msgs/stdout_stderr.log
-- Up-to-date symlink: /home/ueshiba/ros2_ws/install/aist_aruco_ros/share/aist_aruco_ros//launch/log/build_2024-06-15_09-27-44/aist_aruco_msgs/streams.log
-- Up-to-date symlink: /home/ueshiba/ros2_ws/install/aist_aruco_ros/share/aist_aruco_ros//launch/log/build_2024-06-15_09-27-44/aist_aruco_ros/command.log
-- Up-to-date symlink: /home/ueshiba/ros2_ws/install/aist_aruco_ros/share/aist_aruco_ros//launch/log/build_2024-06-15_09-27-44/aist_aruco_ros/stderr.log
-- Up-to-date symlink: /home/ueshiba/ros2_ws/install/aist_aruco_ros/share/aist_aruco_ros//launch/log/build_2024-06-15_09-27-44/aist_aruco_ros/stdout.log
-- Up-to-date symlink: /home/ueshiba/ros2_ws/install/aist_aruco_ros/share/aist_aruco_ros//launch/log/build_2024-06-15_09-27-44/aist_aruco_ros/stdout_stderr.log
-- Up-to-date symlink: /home/ueshiba/ros2_ws/install/aist_aruco_ros/share/aist_aruco_ros//launch/log/build_2024-06-15_09-27-44/aist_aruco_ros/streams.log
-- Up-to-date symlink: /home/ueshiba/ros2_ws/install/aist_aruco_ros/share/aist_aruco_ros//launch/log/build_2024-06-15_09-27-44/aist_msgs/command.log
-- Up-to-date symlink: /home/ueshiba/ros2_ws/install/aist_aruco_ros/share/aist_aruco_ros//launch/log/build_2024-06-15_09-27-44/aist_msgs/stderr.log
-- Up-to-date symlink: /home/ueshiba/ros2_ws/install/aist_aruco_ros/share/aist_aruco_ros//launch/log/build_2024-06-15_09-27-44/aist_msgs/stdout.log
-- Up-to-date symlink: /home/ueshiba/ros2_ws/install/aist_aruco_ros/share/aist_aruco_ros//launch/log/build_2024-06-15_09-27-44/aist_msgs/stdout_stderr.log
-- Up-to-date symlink: /home/ueshiba/ros2_ws/install/aist_aruco_ros/share/aist_aruco_ros//launch/log/build_2024-06-15_09-27-44/aist_msgs/streams.log
-- Up-to-date symlink: /home/ueshiba/ros2_ws/install/aist_aruco_ros/share/aist_aruco_ros//launch/log/build_2024-06-15_09-27-44/aist_phoxi_camera/command.log
-- Up-to-date symlink: /home/ueshiba/ros2_ws/install/aist_aruco_ros/share/aist_aruco_ros//launch/log/build_2024-06-15_09-27-44/aist_phoxi_camera/stderr.log
-- Up-to-date symlink: /home/ueshiba/ros2_ws/install/aist_aruco_ros/share/aist_aruco_ros//launch/log/build_2024-06-15_09-27-44/aist_phoxi_camera/stdout.log
-- Up-to-date symlink: /home/ueshiba/ros2_ws/install/aist_aruco_ros/share/aist_aruco_ros//launch/log/build_2024-06-15_09-27-44/aist_phoxi_camera/stdout_stderr.log
-- Up-to-date symlink: /home/ueshiba/ros2_ws/install/aist_aruco_ros/share/aist_aruco_ros//launch/log/build_2024-06-15_09-27-44/aist_phoxi_camera/streams.log
-- Up-to-date symlink: /home/ueshiba/ros2_ws/install/aist_aruco_ros/share/aist_aruco_ros//launch/log/build_2024-06-15_09-27-44/aist_utility/command.log
-- Up-to-date symlink: /home/ueshiba/ros2_ws/install/aist_aruco_ros/share/aist_aruco_ros//launch/log/build_2024-06-15_09-27-44/aist_utility/stderr.log
-- Up-to-date symlink: /home/ueshiba/ros2_ws/install/aist_aruco_ros/share/aist_aruco_ros//launch/log/build_2024-06-15_09-27-44/aist_utility/stdout.log
-- Up-to-date symlink: /home/ueshiba/ros2_ws/install/aist_aruco_ros/share/aist_aruco_ros//launch/log/build_2024-06-15_09-27-44/aist_utility/stdout_stderr.log
-- Up-to-date symlink: /home/ueshiba/ros2_ws/install/aist_aruco_ros/share/aist_aruco_ros//launch/log/build_2024-06-15_09-27-44/aist_utility/streams.log
-- Up-to-date symlink: /home/ueshiba/ros2_ws/install/aist_aruco_ros/share/aist_aruco_ros//launch/log/build_2024-06-15_09-27-44/cu_bridge/command.log
-- Up-to-date symlink: /home/ueshiba/ros2_ws/install/aist_aruco_ros/share/aist_aruco_ros//launch/log/build_2024-06-15_09-27-44/cu_bridge/stderr.log
-- Up-to-date symlink: /home/ueshiba/ros2_ws/install/aist_aruco_ros/share/aist_aruco_ros//launch/log/build_2024-06-15_09-27-44/cu_bridge/stdout.log
-- Up-to-date symlink: /home/ueshiba/ros2_ws/install/aist_aruco_ros/share/aist_aruco_ros//launch/log/build_2024-06-15_09-27-44/cu_bridge/stdout_stderr.log
-- Up-to-date symlink: /home/ueshiba/ros2_ws/install/aist_aruco_ros/share/aist_aruco_ros//launch/log/build_2024-06-15_09-27-44/cu_bridge/streams.log
-- Up-to-date symlink: /home/ueshiba/ros2_ws/install/aist_aruco_ros/share/aist_aruco_ros//launch/log/build_2024-06-15_09-27-44/ddynamic_reconfigure2/command.log
-- Up-to-date symlink: /home/ueshiba/ros2_ws/install/aist_aruco_ros/share/aist_aruco_ros//launch/log/build_2024-06-15_09-27-44/ddynamic_reconfigure2/stderr.log
-- Up-to-date symlink: /home/ueshiba/ros2_ws/install/aist_aruco_ros/share/aist_aruco_ros//launch/log/build_2024-06-15_09-27-44/ddynamic_reconfigure2/stdout.log
-- Up-to-date symlink: /home/ueshiba/ros2_ws/install/aist_aruco_ros/share/aist_aruco_ros//launch/log/build_2024-06-15_09-27-44/ddynamic_reconfigure2/stdout_stderr.log
-- Up-to-date symlink: /home/ueshiba/ros2_ws/install/aist_aruco_ros/share/aist_aruco_ros//launch/log/build_2024-06-15_09-27-44/ddynamic_reconfigure2/streams.log
-- Up-to-date symlink: /home/ueshiba/ros2_ws/install/aist_aruco_ros/share/aist_aruco_ros//launch/log/build_2024-06-15_09-27-44/events.log
-- Up-to-date symlink: /home/ueshiba/ros2_ws/install/aist_aruco_ros/share/aist_aruco_ros//launch/log/build_2024-06-15_09-27-44/logger_all.log
-- Up-to-date symlink: /home/ueshiba/ros2_ws/install/aist_aruco_ros/share/aist_aruco_ros//launch/log/build_2024-06-15_09-27-44/realsense2_camera/command.log
-- Up-to-date symlink: /home/ueshiba/ros2_ws/install/aist_aruco_ros/share/aist_aruco_ros//launch/log/build_2024-06-15_09-27-44/realsense2_camera/stderr.log
-- Up-to-date symlink: /home/ueshiba/ros2_ws/install/aist_aruco_ros/share/aist_aruco_ros//launch/log/build_2024-06-15_09-27-44/realsense2_camera/stdout.log
-- Up-to-date symlink: /home/ueshiba/ros2_ws/install/aist_aruco_ros/share/aist_aruco_ros//launch/log/build_2024-06-15_09-27-44/realsense2_camera/stdout_stderr.log
-- Up-to-date symlink: /home/ueshiba/ros2_ws/install/aist_aruco_ros/share/aist_aruco_ros//launch/log/build_2024-06-15_09-27-44/realsense2_camera/streams.log
-- Up-to-date symlink: /home/ueshiba/ros2_ws/install/aist_aruco_ros/share/aist_aruco_ros//launch/log/build_2024-06-15_09-27-44/realsense2_camera_msgs/command.log
-- Up-to-date symlink: /home/ueshiba/ros2_ws/install/aist_aruco_ros/share/aist_aruco_ros//launch/log/build_2024-06-15_09-27-44/realsense2_camera_msgs/stderr.log
-- Up-to-date symlink: /home/ueshiba/ros2_ws/install/aist_aruco_ros/share/aist_aruco_ros//launch/log/build_2024-06-15_09-27-44/realsense2_camera_msgs/stdout.log
-- Up-to-date symlink: /home/ueshiba/ros2_ws/install/aist_aruco_ros/share/aist_aruco_ros//launch/log/build_2024-06-15_09-27-44/realsense2_camera_msgs/stdout_stderr.log
-- Up-to-date symlink: /home/ueshiba/ros2_ws/install/aist_aruco_ros/share/aist_aruco_ros//launch/log/build_2024-06-15_09-27-44/realsense2_camera_msgs/streams.log
-- Up-to-date symlink: /home/ueshiba/ros2_ws/install/aist_aruco_ros/share/aist_aruco_ros//launch/log/build_2024-06-15_09-27-44/realsense2_description/command.log
-- Up-to-date symlink: /home/ueshiba/ros2_ws/install/aist_aruco_ros/share/aist_aruco_ros//launch/log/build_2024-06-15_09-27-44/realsense2_description/stderr.log
-- Up-to-date symlink: /home/ueshiba/ros2_ws/install/aist_aruco_ros/share/aist_aruco_ros//launch/log/build_2024-06-15_09-27-44/realsense2_description/stdout.log
-- Up-to-date symlink: /home/ueshiba/ros2_ws/install/aist_aruco_ros/share/aist_aruco_ros//launch/log/build_2024-06-15_09-27-44/realsense2_description/stdout_stderr.log
-- Up-to-date symlink: /home/ueshiba/ros2_ws/install/aist_aruco_ros/share/aist_aruco_ros//launch/log/build_2024-06-15_09-27-44/realsense2_description/streams.log
-- Up-to-date symlink: /home/ueshiba/ros2_ws/install/aist_aruco_ros/share/aist_aruco_ros//launch/log/build_2024-06-15_09-27-44/rqt_reconfigure/command.log
-- Up-to-date symlink: /home/ueshiba/ros2_ws/install/aist_aruco_ros/share/aist_aruco_ros//launch/log/build_2024-06-15_09-27-44/rqt_reconfigure/stderr.log
-- Up-to-date symlink: /home/ueshiba/ros2_ws/install/aist_aruco_ros/share/aist_aruco_ros//launch/log/build_2024-06-15_09-27-44/rqt_reconfigure/stdout.log
-- Up-to-date symlink: /home/ueshiba/ros2_ws/install/aist_aruco_ros/share/aist_aruco_ros//launch/log/build_2024-06-15_09-27-44/rqt_reconfigure/stdout_stderr.log
-- Up-to-date symlink: /home/ueshiba/ros2_ws/install/aist_aruco_ros/share/aist_aruco_ros//launch/log/build_2024-06-15_09-27-44/rqt_reconfigure/streams.log
-- Up-to-date symlink: /home/ueshiba/ros2_ws/install/aist_aruco_ros/share/aist_aruco_ros//launch/log/build_2024-06-15_09-27-44/rviz2/command.log
-- Up-to-date symlink: /home/ueshiba/ros2_ws/install/aist_aruco_ros/share/aist_aruco_ros//launch/log/build_2024-06-15_09-27-44/rviz2/stderr.log
-- Up-to-date symlink: /home/ueshiba/ros2_ws/install/aist_aruco_ros/share/aist_aruco_ros//launch/log/build_2024-06-15_09-27-44/rviz2/stdout.log
-- Up-to-date symlink: /home/ueshiba/ros2_ws/install/aist_aruco_ros/share/aist_aruco_ros//launch/log/build_2024-06-15_09-27-44/rviz2/stdout_stderr.log
-- Up-to-date symlink: /home/ueshiba/ros2_ws/install/aist_aruco_ros/share/aist_aruco_ros//launch/log/build_2024-06-15_09-27-44/rviz2/streams.log
-- Up-to-date symlink: /home/ueshiba/ros2_ws/install/aist_aruco_ros/share/aist_aruco_ros//launch/log/build_2024-06-15_09-27-44/rviz_assimp_vendor/command.log
-- Up-to-date symlink: /home/ueshiba/ros2_ws/install/aist_aruco_ros/share/aist_aruco_ros//launch/log/build_2024-06-15_09-27-44/rviz_assimp_vendor/stderr.log
-- Up-to-date symlink: /home/ueshiba/ros2_ws/install/aist_aruco_ros/share/aist_aruco_ros//launch/log/build_2024-06-15_09-27-44/rviz_assimp_vendor/stdout.log
-- Up-to-date symlink: /home/ueshiba/ros2_ws/install/aist_aruco_ros/share/aist_aruco_ros//launch/log/build_2024-06-15_09-27-44/rviz_assimp_vendor/stdout_stderr.log
-- Up-to-date symlink: /home/ueshiba/ros2_ws/install/aist_aruco_ros/share/aist_aruco_ros//launch/log/build_2024-06-15_09-27-44/rviz_assimp_vendor/streams.log
-- Up-to-date symlink: /home/ueshiba/ros2_ws/install/aist_aruco_ros/share/aist_aruco_ros//launch/log/build_2024-06-15_09-27-44/rviz_common/command.log
-- Up-to-date symlink: /home/ueshiba/ros2_ws/install/aist_aruco_ros/share/aist_aruco_ros//launch/log/build_2024-06-15_09-27-44/rviz_common/stderr.log
-- Up-to-date symlink: /home/ueshiba/ros2_ws/install/aist_aruco_ros/share/aist_aruco_ros//launch/log/build_2024-06-15_09-27-44/rviz_common/stdout.log
-- Up-to-date symlink: /home/ueshiba/ros2_ws/install/aist_aruco_ros/share/aist_aruco_ros//launch/log/build_2024-06-15_09-27-44/rviz_common/stdout_stderr.log
-- Up-to-date symlink: /home/ueshiba/ros2_ws/install/aist_aruco_ros/share/aist_aruco_ros//launch/log/build_2024-06-15_09-27-44/rviz_common/streams.log
-- Up-to-date symlink: /home/ueshiba/ros2_ws/install/aist_aruco_ros/share/aist_aruco_ros//launch/log/build_2024-06-15_09-27-44/rviz_default_plugins/command.log
-- Up-to-date symlink: /home/ueshiba/ros2_ws/install/aist_aruco_ros/share/aist_aruco_ros//launch/log/build_2024-06-15_09-27-44/rviz_default_plugins/stderr.log
-- Up-to-date symlink: /home/ueshiba/ros2_ws/install/aist_aruco_ros/share/aist_aruco_ros//launch/log/build_2024-06-15_09-27-44/rviz_default_plugins/stdout.log
-- Up-to-date symlink: /home/ueshiba/ros2_ws/install/aist_aruco_ros/share/aist_aruco_ros//launch/log/build_2024-06-15_09-27-44/rviz_default_plugins/stdout_stderr.log
-- Up-to-date symlink: /home/ueshiba/ros2_ws/install/aist_aruco_ros/share/aist_aruco_ros//launch/log/build_2024-06-15_09-27-44/rviz_default_plugins/streams.log
-- Up-to-date symlink: /home/ueshiba/ros2_ws/install/aist_aruco_ros/share/aist_aruco_ros//launch/log/build_2024-06-15_09-27-44/rviz_ogre_vendor/command.log
-- Up-to-date symlink: /home/ueshiba/ros2_ws/install/aist_aruco_ros/share/aist_aruco_ros//launch/log/build_2024-06-15_09-27-44/rviz_ogre_vendor/stderr.log
-- Up-to-date symlink: /home/ueshiba/ros2_ws/install/aist_aruco_ros/share/aist_aruco_ros//launch/log/build_2024-06-15_09-27-44/rviz_ogre_vendor/stdout.log
-- Up-to-date symlink: /home/ueshiba/ros2_ws/install/aist_aruco_ros/share/aist_aruco_ros//launch/log/build_2024-06-15_09-27-44/rviz_ogre_vendor/stdout_stderr.log
-- Up-to-date symlink: /home/ueshiba/ros2_ws/install/aist_aruco_ros/share/aist_aruco_ros//launch/log/build_2024-06-15_09-27-44/rviz_ogre_vendor/streams.log
-- Up-to-date symlink: /home/ueshiba/ros2_ws/install/aist_aruco_ros/share/aist_aruco_ros//launch/log/build_2024-06-15_09-27-44/rviz_rendering/command.log
-- Up-to-date symlink: /home/ueshiba/ros2_ws/install/aist_aruco_ros/share/aist_aruco_ros//launch/log/build_2024-06-15_09-27-44/rviz_rendering/stderr.log
-- Up-to-date symlink: /home/ueshiba/ros2_ws/install/aist_aruco_ros/share/aist_aruco_ros//launch/log/build_2024-06-15_09-27-44/rviz_rendering/stdout.log
-- Up-to-date symlink: /home/ueshiba/ros2_ws/install/aist_aruco_ros/share/aist_aruco_ros//launch/log/build_2024-06-15_09-27-44/rviz_rendering/stdout_stderr.log
-- Up-to-date symlink: /home/ueshiba/ros2_ws/install/aist_aruco_ros/share/aist_aruco_ros//launch/log/build_2024-06-15_09-27-44/rviz_rendering/streams.log
-- Up-to-date symlink: /home/ueshiba/ros2_ws/install/aist_aruco_ros/share/aist_aruco_ros//launch/log/build_2024-06-15_09-27-44/rviz_rendering_tests/command.log
-- Up-to-date symlink: /home/ueshiba/ros2_ws/install/aist_aruco_ros/share/aist_aruco_ros//launch/log/build_2024-06-15_09-27-44/rviz_rendering_tests/stderr.log
-- Up-to-date symlink: /home/ueshiba/ros2_ws/install/aist_aruco_ros/share/aist_aruco_ros//launch/log/build_2024-06-15_09-27-44/rviz_rendering_tests/stdout.log
-- Up-to-date symlink: /home/ueshiba/ros2_ws/install/aist_aruco_ros/share/aist_aruco_ros//launch/log/build_2024-06-15_09-27-44/rviz_rendering_tests/stdout_stderr.log
-- Up-to-date symlink: /home/ueshiba/ros2_ws/install/aist_aruco_ros/share/aist_aruco_ros//launch/log/build_2024-06-15_09-27-44/rviz_rendering_tests/streams.log
-- Up-to-date symlink: /home/ueshiba/ros2_ws/install/aist_aruco_ros/share/aist_aruco_ros//launch/log/build_2024-06-15_09-27-44/rviz_visual_testing_framework/command.log
-- Up-to-date symlink: /home/ueshiba/ros2_ws/install/aist_aruco_ros/share/aist_aruco_ros//launch/log/build_2024-06-15_09-27-44/rviz_visual_testing_framework/stderr.log
-- Up-to-date symlink: /home/ueshiba/ros2_ws/install/aist_aruco_ros/share/aist_aruco_ros//launch/log/build_2024-06-15_09-27-44/rviz_visual_testing_framework/stdout.log
-- Up-to-date symlink: /home/ueshiba/ros2_ws/install/aist_aruco_ros/share/aist_aruco_ros//launch/log/build_2024-06-15_09-27-44/rviz_visual_testing_framework/stdout_stderr.log
-- Up-to-date symlink: /home/ueshiba/ros2_ws/install/aist_aruco_ros/share/aist_aruco_ros//launch/log/build_2024-06-15_09-27-44/rviz_visual_testing_framework/streams.log
-- Up-to-date symlink: /home/ueshiba/ros2_ws/install/aist_aruco_ros/share/aist_aruco_ros//launch/log/build_2024-06-15_09-28-20/aist_aruco_msgs/command.log
-- Up-to-date symlink: /home/ueshiba/ros2_ws/install/aist_aruco_ros/share/aist_aruco_ros//launch/log/build_2024-06-15_09-28-20/aist_aruco_msgs/stderr.log
-- Up-to-date symlink: /home/ueshiba/ros2_ws/install/aist_aruco_ros/share/aist_aruco_ros//launch/log/build_2024-06-15_09-28-20/aist_aruco_msgs/stdout.log
-- Up-to-date symlink: /home/ueshiba/ros2_ws/install/aist_aruco_ros/share/aist_aruco_ros//launch/log/build_2024-06-15_09-28-20/aist_aruco_msgs/stdout_stderr.log
-- Up-to-date symlink: /home/ueshiba/ros2_ws/install/aist_aruco_ros/share/aist_aruco_ros//launch/log/build_2024-06-15_09-28-20/aist_aruco_msgs/streams.log
-- Up-to-date symlink: /home/ueshiba/ros2_ws/install/aist_aruco_ros/share/aist_aruco_ros//launch/log/build_2024-06-15_09-28-20/aist_aruco_ros/command.log
-- Up-to-date symlink: /home/ueshiba/ros2_ws/install/aist_aruco_ros/share/aist_aruco_ros//launch/log/build_2024-06-15_09-28-20/aist_aruco_ros/stderr.log
-- Up-to-date symlink: /home/ueshiba/ros2_ws/install/aist_aruco_ros/share/aist_aruco_ros//launch/log/build_2024-06-15_09-28-20/aist_aruco_ros/stdout.log
-- Up-to-date symlink: /home/ueshiba/ros2_ws/install/aist_aruco_ros/share/aist_aruco_ros//launch/log/build_2024-06-15_09-28-20/aist_aruco_ros/stdout_stderr.log
-- Up-to-date symlink: /home/ueshiba/ros2_ws/install/aist_aruco_ros/share/aist_aruco_ros//launch/log/build_2024-06-15_09-28-20/aist_aruco_ros/streams.log
-- Up-to-date symlink: /home/ueshiba/ros2_ws/install/aist_aruco_ros/share/aist_aruco_ros//launch/log/build_2024-06-15_09-28-20/aist_msgs/command.log
-- Up-to-date symlink: /home/ueshiba/ros2_ws/install/aist_aruco_ros/share/aist_aruco_ros//launch/log/build_2024-06-15_09-28-20/aist_msgs/stderr.log
-- Up-to-date symlink: /home/ueshiba/ros2_ws/install/aist_aruco_ros/share/aist_aruco_ros//launch/log/build_2024-06-15_09-28-20/aist_msgs/stdout.log
-- Up-to-date symlink: /home/ueshiba/ros2_ws/install/aist_aruco_ros/share/aist_aruco_ros//launch/log/build_2024-06-15_09-28-20/aist_msgs/stdout_stderr.log
-- Up-to-date symlink: /home/ueshiba/ros2_ws/install/aist_aruco_ros/share/aist_aruco_ros//launch/log/build_2024-06-15_09-28-20/aist_msgs/streams.log
-- Up-to-date symlink: /home/ueshiba/ros2_ws/install/aist_aruco_ros/share/aist_aruco_ros//launch/log/build_2024-06-15_09-28-20/aist_phoxi_camera/command.log
-- Up-to-date symlink: /home/ueshiba/ros2_ws/install/aist_aruco_ros/share/aist_aruco_ros//launch/log/build_2024-06-15_09-28-20/aist_phoxi_camera/stderr.log
-- Up-to-date symlink: /home/ueshiba/ros2_ws/install/aist_aruco_ros/share/aist_aruco_ros//launch/log/build_2024-06-15_09-28-20/aist_phoxi_camera/stdout.log
-- Up-to-date symlink: /home/ueshiba/ros2_ws/install/aist_aruco_ros/share/aist_aruco_ros//launch/log/build_2024-06-15_09-28-20/aist_phoxi_camera/stdout_stderr.log
-- Up-to-date symlink: /home/ueshiba/ros2_ws/install/aist_aruco_ros/share/aist_aruco_ros//launch/log/build_2024-06-15_09-28-20/aist_phoxi_camera/streams.log
-- Up-to-date symlink: /home/ueshiba/ros2_ws/install/aist_aruco_ros/share/aist_aruco_ros//launch/log/build_2024-06-15_09-28-20/aist_utility/command.log
-- Up-to-date symlink: /home/ueshiba/ros2_ws/install/aist_aruco_ros/share/aist_aruco_ros//launch/log/build_2024-06-15_09-28-20/aist_utility/stderr.log
-- Up-to-date symlink: /home/ueshiba/ros2_ws/install/aist_aruco_ros/share/aist_aruco_ros//launch/log/build_2024-06-15_09-28-20/aist_utility/stdout.log
-- Up-to-date symlink: /home/ueshiba/ros2_ws/install/aist_aruco_ros/share/aist_aruco_ros//launch/log/build_2024-06-15_09-28-20/aist_utility/stdout_stderr.log
-- Up-to-date symlink: /home/ueshiba/ros2_ws/install/aist_aruco_ros/share/aist_aruco_ros//launch/log/build_2024-06-15_09-28-20/aist_utility/streams.log
-- Up-to-date symlink: /home/ueshiba/ros2_ws/install/aist_aruco_ros/share/aist_aruco_ros//launch/log/build_2024-06-15_09-28-20/cu_bridge/command.log
-- Up-to-date symlink: /home/ueshiba/ros2_ws/install/aist_aruco_ros/share/aist_aruco_ros//launch/log/build_2024-06-15_09-28-20/cu_bridge/stderr.log
-- Up-to-date symlink: /home/ueshiba/ros2_ws/install/aist_aruco_ros/share/aist_aruco_ros//launch/log/build_2024-06-15_09-28-20/cu_bridge/stdout.log
-- Up-to-date symlink: /home/ueshiba/ros2_ws/install/aist_aruco_ros/share/aist_aruco_ros//launch/log/build_2024-06-15_09-28-20/cu_bridge/stdout_stderr.log
-- Up-to-date symlink: /home/ueshiba/ros2_ws/install/aist_aruco_ros/share/aist_aruco_ros//launch/log/build_2024-06-15_09-28-20/cu_bridge/streams.log
-- Up-to-date symlink: /home/ueshiba/ros2_ws/install/aist_aruco_ros/share/aist_aruco_ros//launch/log/build_2024-06-15_09-28-20/ddynamic_reconfigure2/command.log
-- Up-to-date symlink: /home/ueshiba/ros2_ws/install/aist_aruco_ros/share/aist_aruco_ros//launch/log/build_2024-06-15_09-28-20/ddynamic_reconfigure2/stderr.log
-- Up-to-date symlink: /home/ueshiba/ros2_ws/install/aist_aruco_ros/share/aist_aruco_ros//launch/log/build_2024-06-15_09-28-20/ddynamic_reconfigure2/stdout.log
-- Up-to-date symlink: /home/ueshiba/ros2_ws/install/aist_aruco_ros/share/aist_aruco_ros//launch/log/build_2024-06-15_09-28-20/ddynamic_reconfigure2/stdout_stderr.log
-- Up-to-date symlink: /home/ueshiba/ros2_ws/install/aist_aruco_ros/share/aist_aruco_ros//launch/log/build_2024-06-15_09-28-20/ddynamic_reconfigure2/streams.log
-- Up-to-date symlink: /home/ueshiba/ros2_ws/install/aist_aruco_ros/share/aist_aruco_ros//launch/log/build_2024-06-15_09-28-20/events.log
-- Up-to-date symlink: /home/ueshiba/ros2_ws/install/aist_aruco_ros/share/aist_aruco_ros//launch/log/build_2024-06-15_09-28-20/logger_all.log
-- Up-to-date symlink: /home/ueshiba/ros2_ws/install/aist_aruco_ros/share/aist_aruco_ros//launch/log/build_2024-06-15_09-28-20/realsense2_camera/command.log
-- Up-to-date symlink: /home/ueshiba/ros2_ws/install/aist_aruco_ros/share/aist_aruco_ros//launch/log/build_2024-06-15_09-28-20/realsense2_camera/stderr.log
-- Up-to-date symlink: /home/ueshiba/ros2_ws/install/aist_aruco_ros/share/aist_aruco_ros//launch/log/build_2024-06-15_09-28-20/realsense2_camera/stdout.log
-- Up-to-date symlink: /home/ueshiba/ros2_ws/install/aist_aruco_ros/share/aist_aruco_ros//launch/log/build_2024-06-15_09-28-20/realsense2_camera/stdout_stderr.log
-- Up-to-date symlink: /home/ueshiba/ros2_ws/install/aist_aruco_ros/share/aist_aruco_ros//launch/log/build_2024-06-15_09-28-20/realsense2_camera/streams.log
-- Up-to-date symlink: /home/ueshiba/ros2_ws/install/aist_aruco_ros/share/aist_aruco_ros//launch/log/build_2024-06-15_09-28-20/realsense2_camera_msgs/command.log
-- Up-to-date symlink: /home/ueshiba/ros2_ws/install/aist_aruco_ros/share/aist_aruco_ros//launch/log/build_2024-06-15_09-28-20/realsense2_camera_msgs/stderr.log
-- Up-to-date symlink: /home/ueshiba/ros2_ws/install/aist_aruco_ros/share/aist_aruco_ros//launch/log/build_2024-06-15_09-28-20/realsense2_camera_msgs/stdout.log
-- Up-to-date symlink: /home/ueshiba/ros2_ws/install/aist_aruco_ros/share/aist_aruco_ros//launch/log/build_2024-06-15_09-28-20/realsense2_camera_msgs/stdout_stderr.log
-- Up-to-date symlink: /home/ueshiba/ros2_ws/install/aist_aruco_ros/share/aist_aruco_ros//launch/log/build_2024-06-15_09-28-20/realsense2_camera_msgs/streams.log
-- Up-to-date symlink: /home/ueshiba/ros2_ws/install/aist_aruco_ros/share/aist_aruco_ros//launch/log/build_2024-06-15_09-28-20/realsense2_description/command.log
-- Up-to-date symlink: /home/ueshiba/ros2_ws/install/aist_aruco_ros/share/aist_aruco_ros//launch/log/build_2024-06-15_09-28-20/realsense2_description/stderr.log
-- Up-to-date symlink: /home/ueshiba/ros2_ws/install/aist_aruco_ros/share/aist_aruco_ros//launch/log/build_2024-06-15_09-28-20/realsense2_description/stdout.log
-- Up-to-date symlink: /home/ueshiba/ros2_ws/install/aist_aruco_ros/share/aist_aruco_ros//launch/log/build_2024-06-15_09-28-20/realsense2_description/stdout_stderr.log
-- Up-to-date symlink: /home/ueshiba/ros2_ws/install/aist_aruco_ros/share/aist_aruco_ros//launch/log/build_2024-06-15_09-28-20/realsense2_description/streams.log
-- Up-to-date symlink: /home/ueshiba/ros2_ws/install/aist_aruco_ros/share/aist_aruco_ros//launch/log/build_2024-06-15_09-28-20/rqt_reconfigure/command.log
-- Up-to-date symlink: /home/ueshiba/ros2_ws/install/aist_aruco_ros/share/aist_aruco_ros//launch/log/build_2024-06-15_09-28-20/rqt_reconfigure/stderr.log
-- Up-to-date symlink: /home/ueshiba/ros2_ws/install/aist_aruco_ros/share/aist_aruco_ros//launch/log/build_2024-06-15_09-28-20/rqt_reconfigure/stdout.log
-- Up-to-date symlink: /home/ueshiba/ros2_ws/install/aist_aruco_ros/share/aist_aruco_ros//launch/log/build_2024-06-15_09-28-20/rqt_reconfigure/stdout_stderr.log
-- Up-to-date symlink: /home/ueshiba/ros2_ws/install/aist_aruco_ros/share/aist_aruco_ros//launch/log/build_2024-06-15_09-28-20/rqt_reconfigure/streams.log
-- Up-to-date symlink: /home/ueshiba/ros2_ws/install/aist_aruco_ros/share/aist_aruco_ros//launch/log/build_2024-06-15_09-28-20/rviz2/command.log
-- Up-to-date symlink: /home/ueshiba/ros2_ws/install/aist_aruco_ros/share/aist_aruco_ros//launch/log/build_2024-06-15_09-28-20/rviz2/stderr.log
-- Up-to-date symlink: /home/ueshiba/ros2_ws/install/aist_aruco_ros/share/aist_aruco_ros//launch/log/build_2024-06-15_09-28-20/rviz2/stdout.log
-- Up-to-date symlink: /home/ueshiba/ros2_ws/install/aist_aruco_ros/share/aist_aruco_ros//launch/log/build_2024-06-15_09-28-20/rviz2/stdout_stderr.log
-- Up-to-date symlink: /home/ueshiba/ros2_ws/install/aist_aruco_ros/share/aist_aruco_ros//launch/log/build_2024-06-15_09-28-20/rviz2/streams.log
-- Up-to-date symlink: /home/ueshiba/ros2_ws/install/aist_aruco_ros/share/aist_aruco_ros//launch/log/build_2024-06-15_09-28-20/rviz_assimp_vendor/command.log
-- Up-to-date symlink: /home/ueshiba/ros2_ws/install/aist_aruco_ros/share/aist_aruco_ros//launch/log/build_2024-06-15_09-28-20/rviz_assimp_vendor/stderr.log
-- Up-to-date symlink: /home/ueshiba/ros2_ws/install/aist_aruco_ros/share/aist_aruco_ros//launch/log/build_2024-06-15_09-28-20/rviz_assimp_vendor/stdout.log
-- Up-to-date symlink: /home/ueshiba/ros2_ws/install/aist_aruco_ros/share/aist_aruco_ros//launch/log/build_2024-06-15_09-28-20/rviz_assimp_vendor/stdout_stderr.log
-- Up-to-date symlink: /home/ueshiba/ros2_ws/install/aist_aruco_ros/share/aist_aruco_ros//launch/log/build_2024-06-15_09-28-20/rviz_assimp_vendor/streams.log
-- Up-to-date symlink: /home/ueshiba/ros2_ws/install/aist_aruco_ros/share/aist_aruco_ros//launch/log/build_2024-06-15_09-28-20/rviz_common/command.log
-- Up-to-date symlink: /home/ueshiba/ros2_ws/install/aist_aruco_ros/share/aist_aruco_ros//launch/log/build_2024-06-15_09-28-20/rviz_common/stderr.log
-- Up-to-date symlink: /home/ueshiba/ros2_ws/install/aist_aruco_ros/share/aist_aruco_ros//launch/log/build_2024-06-15_09-28-20/rviz_common/stdout.log
-- Up-to-date symlink: /home/ueshiba/ros2_ws/install/aist_aruco_ros/share/aist_aruco_ros//launch/log/build_2024-06-15_09-28-20/rviz_common/stdout_stderr.log
-- Up-to-date symlink: /home/ueshiba/ros2_ws/install/aist_aruco_ros/share/aist_aruco_ros//launch/log/build_2024-06-15_09-28-20/rviz_common/streams.log
-- Up-to-date symlink: /home/ueshiba/ros2_ws/install/aist_aruco_ros/share/aist_aruco_ros//launch/log/build_2024-06-15_09-28-20/rviz_default_plugins/command.log
-- Up-to-date symlink: /home/ueshiba/ros2_ws/install/aist_aruco_ros/share/aist_aruco_ros//launch/log/build_2024-06-15_09-28-20/rviz_default_plugins/stderr.log
-- Up-to-date symlink: /home/ueshiba/ros2_ws/install/aist_aruco_ros/share/aist_aruco_ros//launch/log/build_2024-06-15_09-28-20/rviz_default_plugins/stdout.log
-- Up-to-date symlink: /home/ueshiba/ros2_ws/install/aist_aruco_ros/share/aist_aruco_ros//launch/log/build_2024-06-15_09-28-20/rviz_default_plugins/stdout_stderr.log
-- Up-to-date symlink: /home/ueshiba/ros2_ws/install/aist_aruco_ros/share/aist_aruco_ros//launch/log/build_2024-06-15_09-28-20/rviz_default_plugins/streams.log
-- Up-to-date symlink: /home/ueshiba/ros2_ws/install/aist_aruco_ros/share/aist_aruco_ros//launch/log/build_2024-06-15_09-28-20/rviz_ogre_vendor/command.log
-- Up-to-date symlink: /home/ueshiba/ros2_ws/install/aist_aruco_ros/share/aist_aruco_ros//launch/log/build_2024-06-15_09-28-20/rviz_ogre_vendor/stderr.log
-- Up-to-date symlink: /home/ueshiba/ros2_ws/install/aist_aruco_ros/share/aist_aruco_ros//launch/log/build_2024-06-15_09-28-20/rviz_ogre_vendor/stdout.log
-- Up-to-date symlink: /home/ueshiba/ros2_ws/install/aist_aruco_ros/share/aist_aruco_ros//launch/log/build_2024-06-15_09-28-20/rviz_ogre_vendor/stdout_stderr.log
-- Up-to-date symlink: /home/ueshiba/ros2_ws/install/aist_aruco_ros/share/aist_aruco_ros//launch/log/build_2024-06-15_09-28-20/rviz_ogre_vendor/streams.log
-- Up-to-date symlink: /home/ueshiba/ros2_ws/install/aist_aruco_ros/share/aist_aruco_ros//launch/log/build_2024-06-15_09-28-20/rviz_rendering/command.log
-- Up-to-date symlink: /home/ueshiba/ros2_ws/install/aist_aruco_ros/share/aist_aruco_ros//launch/log/build_2024-06-15_09-28-20/rviz_rendering/stderr.log
-- Up-to-date symlink: /home/ueshiba/ros2_ws/install/aist_aruco_ros/share/aist_aruco_ros//launch/log/build_2024-06-15_09-28-20/rviz_rendering/stdout.log
-- Up-to-date symlink: /home/ueshiba/ros2_ws/install/aist_aruco_ros/share/aist_aruco_ros//launch/log/build_2024-06-15_09-28-20/rviz_rendering/stdout_stderr.log
-- Up-to-date symlink: /home/ueshiba/ros2_ws/install/aist_aruco_ros/share/aist_aruco_ros//launch/log/build_2024-06-15_09-28-20/rviz_rendering/streams.log
-- Up-to-date symlink: /home/ueshiba/ros2_ws/install/aist_aruco_ros/share/aist_aruco_ros//launch/log/build_2024-06-15_09-28-20/rviz_rendering_tests/command.log
-- Up-to-date symlink: /home/ueshiba/ros2_ws/install/aist_aruco_ros/share/aist_aruco_ros//launch/log/build_2024-06-15_09-28-20/rviz_rendering_tests/stderr.log
-- Up-to-date symlink: /home/ueshiba/ros2_ws/install/aist_aruco_ros/share/aist_aruco_ros//launch/log/build_2024-06-15_09-28-20/rviz_rendering_tests/stdout.log
-- Up-to-date symlink: /home/ueshiba/ros2_ws/install/aist_aruco_ros/share/aist_aruco_ros//launch/log/build_2024-06-15_09-28-20/rviz_rendering_tests/stdout_stderr.log
-- Up-to-date symlink: /home/ueshiba/ros2_ws/install/aist_aruco_ros/share/aist_aruco_ros//launch/log/build_2024-06-15_09-28-20/rviz_rendering_tests/streams.log
-- Up-to-date symlink: /home/ueshiba/ros2_ws/install/aist_aruco_ros/share/aist_aruco_ros//launch/log/build_2024-06-15_09-28-20/rviz_visual_testing_framework/command.log
-- Up-to-date symlink: /home/ueshiba/ros2_ws/install/aist_aruco_ros/share/aist_aruco_ros//launch/log/build_2024-06-15_09-28-20/rviz_visual_testing_framework/stderr.log
-- Up-to-date symlink: /home/ueshiba/ros2_ws/install/aist_aruco_ros/share/aist_aruco_ros//launch/log/build_2024-06-15_09-28-20/rviz_visual_testing_framework/stdout.log
-- Up-to-date symlink: /home/ueshiba/ros2_ws/install/aist_aruco_ros/share/aist_aruco_ros//launch/log/build_2024-06-15_09-28-20/rviz_visual_testing_framework/stdout_stderr.log
-- Up-to-date symlink: /home/ueshiba/ros2_ws/install/aist_aruco_ros/share/aist_aruco_ros//launch/log/build_2024-06-15_09-28-20/rviz_visual_testing_framework/streams.log
-- Up-to-date symlink: /home/ueshiba/ros2_ws/install/aist_aruco_ros/share/aist_aruco_ros//launch/log/latest/aist_aruco_msgs/command.log
-- Up-to-date symlink: /home/ueshiba/ros2_ws/install/aist_aruco_ros/share/aist_aruco_ros//launch/log/latest/aist_aruco_msgs/stderr.log
-- Up-to-date symlink: /home/ueshiba/ros2_ws/install/aist_aruco_ros/share/aist_aruco_ros//launch/log/latest/aist_aruco_msgs/stdout.log
-- Up-to-date symlink: /home/ueshiba/ros2_ws/install/aist_aruco_ros/share/aist_aruco_ros//launch/log/latest/aist_aruco_msgs/stdout_stderr.log
-- Up-to-date symlink: /home/ueshiba/ros2_ws/install/aist_aruco_ros/share/aist_aruco_ros//launch/log/latest/aist_aruco_msgs/streams.log
-- Up-to-date symlink: /home/ueshiba/ros2_ws/install/aist_aruco_ros/share/aist_aruco_ros//launch/log/latest/aist_aruco_ros/command.log
-- Up-to-date symlink: /home/ueshiba/ros2_ws/install/aist_aruco_ros/share/aist_aruco_ros//launch/log/latest/aist_aruco_ros/stderr.log
-- Up-to-date symlink: /home/ueshiba/ros2_ws/install/aist_aruco_ros/share/aist_aruco_ros//launch/log/latest/aist_aruco_ros/stdout.log
-- Up-to-date symlink: /home/ueshiba/ros2_ws/install/aist_aruco_ros/share/aist_aruco_ros//launch/log/latest/aist_aruco_ros/stdout_stderr.log
-- Up-to-date symlink: /home/ueshiba/ros2_ws/install/aist_aruco_ros/share/aist_aruco_ros//launch/log/latest/aist_aruco_ros/streams.log
-- Up-to-date symlink: /home/ueshiba/ros2_ws/install/aist_aruco_ros/share/aist_aruco_ros//launch/log/latest/aist_msgs/command.log
-- Up-to-date symlink: /home/ueshiba/ros2_ws/install/aist_aruco_ros/share/aist_aruco_ros//launch/log/latest/aist_msgs/stderr.log
-- Up-to-date symlink: /home/ueshiba/ros2_ws/install/aist_aruco_ros/share/aist_aruco_ros//launch/log/latest/aist_msgs/stdout.log
-- Up-to-date symlink: /home/ueshiba/ros2_ws/install/aist_aruco_ros/share/aist_aruco_ros//launch/log/latest/aist_msgs/stdout_stderr.log
-- Up-to-date symlink: /home/ueshiba/ros2_ws/install/aist_aruco_ros/share/aist_aruco_ros//launch/log/latest/aist_msgs/streams.log
-- Up-to-date symlink: /home/ueshiba/ros2_ws/install/aist_aruco_ros/share/aist_aruco_ros//launch/log/latest/aist_phoxi_camera/command.log
-- Up-to-date symlink: /home/ueshiba/ros2_ws/install/aist_aruco_ros/share/aist_aruco_ros//launch/log/latest/aist_phoxi_camera/stderr.log
-- Up-to-date symlink: /home/ueshiba/ros2_ws/install/aist_aruco_ros/share/aist_aruco_ros//launch/log/latest/aist_phoxi_camera/stdout.log
-- Up-to-date symlink: /home/ueshiba/ros2_ws/install/aist_aruco_ros/share/aist_aruco_ros//launch/log/latest/aist_phoxi_camera/stdout_stderr.log
-- Up-to-date symlink: /home/ueshiba/ros2_ws/install/aist_aruco_ros/share/aist_aruco_ros//launch/log/latest/aist_phoxi_camera/streams.log
-- Up-to-date symlink: /home/ueshiba/ros2_ws/install/aist_aruco_ros/share/aist_aruco_ros//launch/log/latest/aist_utility/command.log
-- Up-to-date symlink: /home/ueshiba/ros2_ws/install/aist_aruco_ros/share/aist_aruco_ros//launch/log/latest/aist_utility/stderr.log
-- Up-to-date symlink: /home/ueshiba/ros2_ws/install/aist_aruco_ros/share/aist_aruco_ros//launch/log/latest/aist_utility/stdout.log
-- Up-to-date symlink: /home/ueshiba/ros2_ws/install/aist_aruco_ros/share/aist_aruco_ros//launch/log/latest/aist_utility/stdout_stderr.log
-- Up-to-date symlink: /home/ueshiba/ros2_ws/install/aist_aruco_ros/share/aist_aruco_ros//launch/log/latest/aist_utility/streams.log
-- Up-to-date symlink: /home/ueshiba/ros2_ws/install/aist_aruco_ros/share/aist_aruco_ros//launch/log/latest/cu_bridge/command.log
-- Up-to-date symlink: /home/ueshiba/ros2_ws/install/aist_aruco_ros/share/aist_aruco_ros//launch/log/latest/cu_bridge/stderr.log
-- Up-to-date symlink: /home/ueshiba/ros2_ws/install/aist_aruco_ros/share/aist_aruco_ros//launch/log/latest/cu_bridge/stdout.log
-- Up-to-date symlink: /home/ueshiba/ros2_ws/install/aist_aruco_ros/share/aist_aruco_ros//launch/log/latest/cu_bridge/stdout_stderr.log
-- Up-to-date symlink: /home/ueshiba/ros2_ws/install/aist_aruco_ros/share/aist_aruco_ros//launch/log/latest/cu_bridge/streams.log
-- Up-to-date symlink: /home/ueshiba/ros2_ws/install/aist_aruco_ros/share/aist_aruco_ros//launch/log/latest/ddynamic_reconfigure2/command.log
-- Up-to-date symlink: /home/ueshiba/ros2_ws/install/aist_aruco_ros/share/aist_aruco_ros//launch/log/latest/ddynamic_reconfigure2/stderr.log
-- Up-to-date symlink: /home/ueshiba/ros2_ws/install/aist_aruco_ros/share/aist_aruco_ros//launch/log/latest/ddynamic_reconfigure2/stdout.log
-- Up-to-date symlink: /home/ueshiba/ros2_ws/install/aist_aruco_ros/share/aist_aruco_ros//launch/log/latest/ddynamic_reconfigure2/stdout_stderr.log
-- Up-to-date symlink: /home/ueshiba/ros2_ws/install/aist_aruco_ros/share/aist_aruco_ros//launch/log/latest/ddynamic_reconfigure2/streams.log
-- Up-to-date symlink: /home/ueshiba/ros2_ws/install/aist_aruco_ros/share/aist_aruco_ros//launch/log/latest/events.log
-- Up-to-date symlink: /home/ueshiba/ros2_ws/install/aist_aruco_ros/share/aist_aruco_ros//launch/log/latest/logger_all.log
-- Up-to-date symlink: /home/ueshiba/ros2_ws/install/aist_aruco_ros/share/aist_aruco_ros//launch/log/latest/realsense2_camera/command.log
-- Up-to-date symlink: /home/ueshiba/ros2_ws/install/aist_aruco_ros/share/aist_aruco_ros//launch/log/latest/realsense2_camera/stderr.log
-- Up-to-date symlink: /home/ueshiba/ros2_ws/install/aist_aruco_ros/share/aist_aruco_ros//launch/log/latest/realsense2_camera/stdout.log
-- Up-to-date symlink: /home/ueshiba/ros2_ws/install/aist_aruco_ros/share/aist_aruco_ros//launch/log/latest/realsense2_camera/stdout_stderr.log
-- Up-to-date symlink: /home/ueshiba/ros2_ws/install/aist_aruco_ros/share/aist_aruco_ros//launch/log/latest/realsense2_camera/streams.log
-- Up-to-date symlink: /home/ueshiba/ros2_ws/install/aist_aruco_ros/share/aist_aruco_ros//launch/log/latest/realsense2_camera_msgs/command.log
-- Up-to-date symlink: /home/ueshiba/ros2_ws/install/aist_aruco_ros/share/aist_aruco_ros//launch/log/latest/realsense2_camera_msgs/stderr.log
-- Up-to-date symlink: /home/ueshiba/ros2_ws/install/aist_aruco_ros/share/aist_aruco_ros//launch/log/latest/realsense2_camera_msgs/stdout.log
-- Up-to-date symlink: /home/ueshiba/ros2_ws/install/aist_aruco_ros/share/aist_aruco_ros//launch/log/latest/realsense2_camera_msgs/stdout_stderr.log
-- Up-to-date symlink: /home/ueshiba/ros2_ws/install/aist_aruco_ros/share/aist_aruco_ros//launch/log/latest/realsense2_camera_msgs/streams.log
-- Up-to-date symlink: /home/ueshiba/ros2_ws/install/aist_aruco_ros/share/aist_aruco_ros//launch/log/latest/realsense2_description/command.log
-- Up-to-date symlink: /home/ueshiba/ros2_ws/install/aist_aruco_ros/share/aist_aruco_ros//launch/log/latest/realsense2_description/stderr.log
-- Up-to-date symlink: /home/ueshiba/ros2_ws/install/aist_aruco_ros/share/aist_aruco_ros//launch/log/latest/realsense2_description/stdout.log
-- Up-to-date symlink: /home/ueshiba/ros2_ws/install/aist_aruco_ros/share/aist_aruco_ros//launch/log/latest/realsense2_description/stdout_stderr.log
-- Up-to-date symlink: /home/ueshiba/ros2_ws/install/aist_aruco_ros/share/aist_aruco_ros//launch/log/latest/realsense2_description/streams.log
-- Up-to-date symlink: /home/ueshiba/ros2_ws/install/aist_aruco_ros/share/aist_aruco_ros//launch/log/latest/rqt_reconfigure/command.log
-- Up-to-date symlink: /home/ueshiba/ros2_ws/install/aist_aruco_ros/share/aist_aruco_ros//launch/log/latest/rqt_reconfigure/stderr.log
-- Up-to-date symlink: /home/ueshiba/ros2_ws/install/aist_aruco_ros/share/aist_aruco_ros//launch/log/latest/rqt_reconfigure/stdout.log
-- Up-to-date symlink: /home/ueshiba/ros2_ws/install/aist_aruco_ros/share/aist_aruco_ros//launch/log/latest/rqt_reconfigure/stdout_stderr.log
-- Up-to-date symlink: /home/ueshiba/ros2_ws/install/aist_aruco_ros/share/aist_aruco_ros//launch/log/latest/rqt_reconfigure/streams.log
-- Up-to-date symlink: /home/ueshiba/ros2_ws/install/aist_aruco_ros/share/aist_aruco_ros//launch/log/latest/rviz2/command.log
-- Up-to-date symlink: /home/ueshiba/ros2_ws/install/aist_aruco_ros/share/aist_aruco_ros//launch/log/latest/rviz2/stderr.log
-- Up-to-date symlink: /home/ueshiba/ros2_ws/install/aist_aruco_ros/share/aist_aruco_ros//launch/log/latest/rviz2/stdout.log
-- Up-to-date symlink: /home/ueshiba/ros2_ws/install/aist_aruco_ros/share/aist_aruco_ros//launch/log/latest/rviz2/stdout_stderr.log
-- Up-to-date symlink: /home/ueshiba/ros2_ws/install/aist_aruco_ros/share/aist_aruco_ros//launch/log/latest/rviz2/streams.log
-- Up-to-date symlink: /home/ueshiba/ros2_ws/install/aist_aruco_ros/share/aist_aruco_ros//launch/log/latest/rviz_assimp_vendor/command.log
-- Up-to-date symlink: /home/ueshiba/ros2_ws/install/aist_aruco_ros/share/aist_aruco_ros//launch/log/latest/rviz_assimp_vendor/stderr.log
-- Up-to-date symlink: /home/ueshiba/ros2_ws/install/aist_aruco_ros/share/aist_aruco_ros//launch/log/latest/rviz_assimp_vendor/stdout.log
-- Up-to-date symlink: /home/ueshiba/ros2_ws/install/aist_aruco_ros/share/aist_aruco_ros//launch/log/latest/rviz_assimp_vendor/stdout_stderr.log
-- Up-to-date symlink: /home/ueshiba/ros2_ws/install/aist_aruco_ros/share/aist_aruco_ros//launch/log/latest/rviz_assimp_vendor/streams.log
-- Up-to-date symlink: /home/ueshiba/ros2_ws/install/aist_aruco_ros/share/aist_aruco_ros//launch/log/latest/rviz_common/command.log
-- Up-to-date symlink: /home/ueshiba/ros2_ws/install/aist_aruco_ros/share/aist_aruco_ros//launch/log/latest/rviz_common/stderr.log
-- Up-to-date symlink: /home/ueshiba/ros2_ws/install/aist_aruco_ros/share/aist_aruco_ros//launch/log/latest/rviz_common/stdout.log
-- Up-to-date symlink: /home/ueshiba/ros2_ws/install/aist_aruco_ros/share/aist_aruco_ros//launch/log/latest/rviz_common/stdout_stderr.log
-- Up-to-date symlink: /home/ueshiba/ros2_ws/install/aist_aruco_ros/share/aist_aruco_ros//launch/log/latest/rviz_common/streams.log
-- Up-to-date symlink: /home/ueshiba/ros2_ws/install/aist_aruco_ros/share/aist_aruco_ros//launch/log/latest/rviz_default_plugins/command.log
-- Up-to-date symlink: /home/ueshiba/ros2_ws/install/aist_aruco_ros/share/aist_aruco_ros//launch/log/latest/rviz_default_plugins/stderr.log
-- Up-to-date symlink: /home/ueshiba/ros2_ws/install/aist_aruco_ros/share/aist_aruco_ros//launch/log/latest/rviz_default_plugins/stdout.log
-- Up-to-date symlink: /home/ueshiba/ros2_ws/install/aist_aruco_ros/share/aist_aruco_ros//launch/log/latest/rviz_default_plugins/stdout_stderr.log
-- Up-to-date symlink: /home/ueshiba/ros2_ws/install/aist_aruco_ros/share/aist_aruco_ros//launch/log/latest/rviz_default_plugins/streams.log
-- Up-to-date symlink: /home/ueshiba/ros2_ws/install/aist_aruco_ros/share/aist_aruco_ros//launch/log/latest/rviz_ogre_vendor/command.log
-- Up-to-date symlink: /home/ueshiba/ros2_ws/install/aist_aruco_ros/share/aist_aruco_ros//launch/log/latest/rviz_ogre_vendor/stderr.log
-- Up-to-date symlink: /home/ueshiba/ros2_ws/install/aist_aruco_ros/share/aist_aruco_ros//launch/log/latest/rviz_ogre_vendor/stdout.log
-- Up-to-date symlink: /home/ueshiba/ros2_ws/install/aist_aruco_ros/share/aist_aruco_ros//launch/log/latest/rviz_ogre_vendor/stdout_stderr.log
-- Up-to-date symlink: /home/ueshiba/ros2_ws/install/aist_aruco_ros/share/aist_aruco_ros//launch/log/latest/rviz_ogre_vendor/streams.log
-- Up-to-date symlink: /home/ueshiba/ros2_ws/install/aist_aruco_ros/share/aist_aruco_ros//launch/log/latest/rviz_rendering/command.log
-- Up-to-date symlink: /home/ueshiba/ros2_ws/install/aist_aruco_ros/share/aist_aruco_ros//launch/log/latest/rviz_rendering/stderr.log
-- Up-to-date symlink: /home/ueshiba/ros2_ws/install/aist_aruco_ros/share/aist_aruco_ros//launch/log/latest/rviz_rendering/stdout.log
-- Up-to-date symlink: /home/ueshiba/ros2_ws/install/aist_aruco_ros/share/aist_aruco_ros//launch/log/latest/rviz_rendering/stdout_stderr.log
-- Up-to-date symlink: /home/ueshiba/ros2_ws/install/aist_aruco_ros/share/aist_aruco_ros//launch/log/latest/rviz_rendering/streams.log
-- Up-to-date symlink: /home/ueshiba/ros2_ws/install/aist_aruco_ros/share/aist_aruco_ros//launch/log/latest/rviz_rendering_tests/command.log
-- Up-to-date symlink: /home/ueshiba/ros2_ws/install/aist_aruco_ros/share/aist_aruco_ros//launch/log/latest/rviz_rendering_tests/stderr.log
-- Up-to-date symlink: /home/ueshiba/ros2_ws/install/aist_aruco_ros/share/aist_aruco_ros//launch/log/latest/rviz_rendering_tests/stdout.log
-- Up-to-date symlink: /home/ueshiba/ros2_ws/install/aist_aruco_ros/share/aist_aruco_ros//launch/log/latest/rviz_rendering_tests/stdout_stderr.log
-- Up-to-date symlink: /home/ueshiba/ros2_ws/install/aist_aruco_ros/share/aist_aruco_ros//launch/log/latest/rviz_rendering_tests/streams.log
-- Up-to-date symlink: /home/ueshiba/ros2_ws/install/aist_aruco_ros/share/aist_aruco_ros//launch/log/latest/rviz_visual_testing_framework/command.log
-- Up-to-date symlink: /home/ueshiba/ros2_ws/install/aist_aruco_ros/share/aist_aruco_ros//launch/log/latest/rviz_visual_testing_framework/stderr.log
-- Up-to-date symlink: /home/ueshiba/ros2_ws/install/aist_aruco_ros/share/aist_aruco_ros//launch/log/latest/rviz_visual_testing_framework/stdout.log
-- Up-to-date symlink: /home/ueshiba/ros2_ws/install/aist_aruco_ros/share/aist_aruco_ros//launch/log/latest/rviz_visual_testing_framework/stdout_stderr.log
-- Up-to-date symlink: /home/ueshiba/ros2_ws/install/aist_aruco_ros/share/aist_aruco_ros//launch/log/latest/rviz_visual_testing_framework/streams.log
-- Up-to-date symlink: /home/ueshiba/ros2_ws/install/aist_aruco_ros/share/aist_aruco_ros//launch/log/latest_build/aist_aruco_msgs/command.log
-- Up-to-date symlink: /home/ueshiba/ros2_ws/install/aist_aruco_ros/share/aist_aruco_ros//launch/log/latest_build/aist_aruco_msgs/stderr.log
-- Up-to-date symlink: /home/ueshiba/ros2_ws/install/aist_aruco_ros/share/aist_aruco_ros//launch/log/latest_build/aist_aruco_msgs/stdout.log
-- Up-to-date symlink: /home/ueshiba/ros2_ws/install/aist_aruco_ros/share/aist_aruco_ros//launch/log/latest_build/aist_aruco_msgs/stdout_stderr.log
-- Up-to-date symlink: /home/ueshiba/ros2_ws/install/aist_aruco_ros/share/aist_aruco_ros//launch/log/latest_build/aist_aruco_msgs/streams.log
-- Up-to-date symlink: /home/ueshiba/ros2_ws/install/aist_aruco_ros/share/aist_aruco_ros//launch/log/latest_build/aist_aruco_ros/command.log
-- Up-to-date symlink: /home/ueshiba/ros2_ws/install/aist_aruco_ros/share/aist_aruco_ros//launch/log/latest_build/aist_aruco_ros/stderr.log
-- Up-to-date symlink: /home/ueshiba/ros2_ws/install/aist_aruco_ros/share/aist_aruco_ros//launch/log/latest_build/aist_aruco_ros/stdout.log
-- Up-to-date symlink: /home/ueshiba/ros2_ws/install/aist_aruco_ros/share/aist_aruco_ros//launch/log/latest_build/aist_aruco_ros/stdout_stderr.log
-- Up-to-date symlink: /home/ueshiba/ros2_ws/install/aist_aruco_ros/share/aist_aruco_ros//launch/log/latest_build/aist_aruco_ros/streams.log
-- Up-to-date symlink: /home/ueshiba/ros2_ws/install/aist_aruco_ros/share/aist_aruco_ros//launch/log/latest_build/aist_msgs/command.log
-- Up-to-date symlink: /home/ueshiba/ros2_ws/install/aist_aruco_ros/share/aist_aruco_ros//launch/log/latest_build/aist_msgs/stderr.log
-- Up-to-date symlink: /home/ueshiba/ros2_ws/install/aist_aruco_ros/share/aist_aruco_ros//launch/log/latest_build/aist_msgs/stdout.log
-- Up-to-date symlink: /home/ueshiba/ros2_ws/install/aist_aruco_ros/share/aist_aruco_ros//launch/log/latest_build/aist_msgs/stdout_stderr.log
-- Up-to-date symlink: /home/ueshiba/ros2_ws/install/aist_aruco_ros/share/aist_aruco_ros//launch/log/latest_build/aist_msgs/streams.log
-- Up-to-date symlink: /home/ueshiba/ros2_ws/install/aist_aruco_ros/share/aist_aruco_ros//launch/log/latest_build/aist_phoxi_camera/command.log
-- Up-to-date symlink: /home/ueshiba/ros2_ws/install/aist_aruco_ros/share/aist_aruco_ros//launch/log/latest_build/aist_phoxi_camera/stderr.log
-- Up-to-date symlink: /home/ueshiba/ros2_ws/install/aist_aruco_ros/share/aist_aruco_ros//launch/log/latest_build/aist_phoxi_camera/stdout.log
-- Up-to-date symlink: /home/ueshiba/ros2_ws/install/aist_aruco_ros/share/aist_aruco_ros//launch/log/latest_build/aist_phoxi_camera/stdout_stderr.log
-- Up-to-date symlink: /home/ueshiba/ros2_ws/install/aist_aruco_ros/share/aist_aruco_ros//launch/log/latest_build/aist_phoxi_camera/streams.log
-- Up-to-date symlink: /home/ueshiba/ros2_ws/install/aist_aruco_ros/share/aist_aruco_ros//launch/log/latest_build/aist_utility/command.log
-- Up-to-date symlink: /home/ueshiba/ros2_ws/install/aist_aruco_ros/share/aist_aruco_ros//launch/log/latest_build/aist_utility/stderr.log
-- Up-to-date symlink: /home/ueshiba/ros2_ws/install/aist_aruco_ros/share/aist_aruco_ros//launch/log/latest_build/aist_utility/stdout.log
-- Up-to-date symlink: /home/ueshiba/ros2_ws/install/aist_aruco_ros/share/aist_aruco_ros//launch/log/latest_build/aist_utility/stdout_stderr.log
-- Up-to-date symlink: /home/ueshiba/ros2_ws/install/aist_aruco_ros/share/aist_aruco_ros//launch/log/latest_build/aist_utility/streams.log
-- Up-to-date symlink: /home/ueshiba/ros2_ws/install/aist_aruco_ros/share/aist_aruco_ros//launch/log/latest_build/cu_bridge/command.log
-- Up-to-date symlink: /home/ueshiba/ros2_ws/install/aist_aruco_ros/share/aist_aruco_ros//launch/log/latest_build/cu_bridge/stderr.log
-- Up-to-date symlink: /home/ueshiba/ros2_ws/install/aist_aruco_ros/share/aist_aruco_ros//launch/log/latest_build/cu_bridge/stdout.log
-- Up-to-date symlink: /home/ueshiba/ros2_ws/install/aist_aruco_ros/share/aist_aruco_ros//launch/log/latest_build/cu_bridge/stdout_stderr.log
-- Up-to-date symlink: /home/ueshiba/ros2_ws/install/aist_aruco_ros/share/aist_aruco_ros//launch/log/latest_build/cu_bridge/streams.log
-- Up-to-date symlink: /home/ueshiba/ros2_ws/install/aist_aruco_ros/share/aist_aruco_ros//launch/log/latest_build/ddynamic_reconfigure2/command.log
-- Up-to-date symlink: /home/ueshiba/ros2_ws/install/aist_aruco_ros/share/aist_aruco_ros//launch/log/latest_build/ddynamic_reconfigure2/stderr.log
-- Up-to-date symlink: /home/ueshiba/ros2_ws/install/aist_aruco_ros/share/aist_aruco_ros//launch/log/latest_build/ddynamic_reconfigure2/stdout.log
-- Up-to-date symlink: /home/ueshiba/ros2_ws/install/aist_aruco_ros/share/aist_aruco_ros//launch/log/latest_build/ddynamic_reconfigure2/stdout_stderr.log
-- Up-to-date symlink: /home/ueshiba/ros2_ws/install/aist_aruco_ros/share/aist_aruco_ros//launch/log/latest_build/ddynamic_reconfigure2/streams.log
-- Up-to-date symlink: /home/ueshiba/ros2_ws/install/aist_aruco_ros/share/aist_aruco_ros//launch/log/latest_build/events.log
-- Up-to-date symlink: /home/ueshiba/ros2_ws/install/aist_aruco_ros/share/aist_aruco_ros//launch/log/latest_build/logger_all.log
-- Up-to-date symlink: /home/ueshiba/ros2_ws/install/aist_aruco_ros/share/aist_aruco_ros//launch/log/latest_build/realsense2_camera/command.log
-- Up-to-date symlink: /home/ueshiba/ros2_ws/install/aist_aruco_ros/share/aist_aruco_ros//launch/log/latest_build/realsense2_camera/stderr.log
-- Up-to-date symlink: /home/ueshiba/ros2_ws/install/aist_aruco_ros/share/aist_aruco_ros//launch/log/latest_build/realsense2_camera/stdout.log
-- Up-to-date symlink: /home/ueshiba/ros2_ws/install/aist_aruco_ros/share/aist_aruco_ros//launch/log/latest_build/realsense2_camera/stdout_stderr.log
-- Up-to-date symlink: /home/ueshiba/ros2_ws/install/aist_aruco_ros/share/aist_aruco_ros//launch/log/latest_build/realsense2_camera/streams.log
-- Up-to-date symlink: /home/ueshiba/ros2_ws/install/aist_aruco_ros/share/aist_aruco_ros//launch/log/latest_build/realsense2_camera_msgs/command.log
-- Up-to-date symlink: /home/ueshiba/ros2_ws/install/aist_aruco_ros/share/aist_aruco_ros//launch/log/latest_build/realsense2_camera_msgs/stderr.log
-- Up-to-date symlink: /home/ueshiba/ros2_ws/install/aist_aruco_ros/share/aist_aruco_ros//launch/log/latest_build/realsense2_camera_msgs/stdout.log
-- Up-to-date symlink: /home/ueshiba/ros2_ws/install/aist_aruco_ros/share/aist_aruco_ros//launch/log/latest_build/realsense2_camera_msgs/stdout_stderr.log
-- Up-to-date symlink: /home/ueshiba/ros2_ws/install/aist_aruco_ros/share/aist_aruco_ros//launch/log/latest_build/realsense2_camera_msgs/streams.log
-- Up-to-date symlink: /home/ueshiba/ros2_ws/install/aist_aruco_ros/share/aist_aruco_ros//launch/log/latest_build/realsense2_description/command.log
-- Up-to-date symlink: /home/ueshiba/ros2_ws/install/aist_aruco_ros/share/aist_aruco_ros//launch/log/latest_build/realsense2_description/stderr.log
-- Up-to-date symlink: /home/ueshiba/ros2_ws/install/aist_aruco_ros/share/aist_aruco_ros//launch/log/latest_build/realsense2_description/stdout.log
-- Up-to-date symlink: /home/ueshiba/ros2_ws/install/aist_aruco_ros/share/aist_aruco_ros//launch/log/latest_build/realsense2_description/stdout_stderr.log
-- Up-to-date symlink: /home/ueshiba/ros2_ws/install/aist_aruco_ros/share/aist_aruco_ros//launch/log/latest_build/realsense2_description/streams.log
-- Up-to-date symlink: /home/ueshiba/ros2_ws/install/aist_aruco_ros/share/aist_aruco_ros//launch/log/latest_build/rqt_reconfigure/command.log
-- Up-to-date symlink: /home/ueshiba/ros2_ws/install/aist_aruco_ros/share/aist_aruco_ros//launch/log/latest_build/rqt_reconfigure/stderr.log
-- Up-to-date symlink: /home/ueshiba/ros2_ws/install/aist_aruco_ros/share/aist_aruco_ros//launch/log/latest_build/rqt_reconfigure/stdout.log
-- Up-to-date symlink: /home/ueshiba/ros2_ws/install/aist_aruco_ros/share/aist_aruco_ros//launch/log/latest_build/rqt_reconfigure/stdout_stderr.log
-- Up-to-date symlink: /home/ueshiba/ros2_ws/install/aist_aruco_ros/share/aist_aruco_ros//launch/log/latest_build/rqt_reconfigure/streams.log
-- Up-to-date symlink: /home/ueshiba/ros2_ws/install/aist_aruco_ros/share/aist_aruco_ros//launch/log/latest_build/rviz2/command.log
-- Up-to-date symlink: /home/ueshiba/ros2_ws/install/aist_aruco_ros/share/aist_aruco_ros//launch/log/latest_build/rviz2/stderr.log
-- Up-to-date symlink: /home/ueshiba/ros2_ws/install/aist_aruco_ros/share/aist_aruco_ros//launch/log/latest_build/rviz2/stdout.log
-- Up-to-date symlink: /home/ueshiba/ros2_ws/install/aist_aruco_ros/share/aist_aruco_ros//launch/log/latest_build/rviz2/stdout_stderr.log
-- Up-to-date symlink: /home/ueshiba/ros2_ws/install/aist_aruco_ros/share/aist_aruco_ros//launch/log/latest_build/rviz2/streams.log
-- Up-to-date symlink: /home/ueshiba/ros2_ws/install/aist_aruco_ros/share/aist_aruco_ros//launch/log/latest_build/rviz_assimp_vendor/command.log
-- Up-to-date symlink: /home/ueshiba/ros2_ws/install/aist_aruco_ros/share/aist_aruco_ros//launch/log/latest_build/rviz_assimp_vendor/stderr.log
-- Up-to-date symlink: /home/ueshiba/ros2_ws/install/aist_aruco_ros/share/aist_aruco_ros//launch/log/latest_build/rviz_assimp_vendor/stdout.log
-- Up-to-date symlink: /home/ueshiba/ros2_ws/install/aist_aruco_ros/share/aist_aruco_ros//launch/log/latest_build/rviz_assimp_vendor/stdout_stderr.log
-- Up-to-date symlink: /home/ueshiba/ros2_ws/install/aist_aruco_ros/share/aist_aruco_ros//launch/log/latest_build/rviz_assimp_vendor/streams.log
-- Up-to-date symlink: /home/ueshiba/ros2_ws/install/aist_aruco_ros/share/aist_aruco_ros//launch/log/latest_build/rviz_common/command.log
-- Up-to-date symlink: /home/ueshiba/ros2_ws/install/aist_aruco_ros/share/aist_aruco_ros//launch/log/latest_build/rviz_common/stderr.log
-- Up-to-date symlink: /home/ueshiba/ros2_ws/install/aist_aruco_ros/share/aist_aruco_ros//launch/log/latest_build/rviz_common/stdout.log
-- Up-to-date symlink: /home/ueshiba/ros2_ws/install/aist_aruco_ros/share/aist_aruco_ros//launch/log/latest_build/rviz_common/stdout_stderr.log
-- Up-to-date symlink: /home/ueshiba/ros2_ws/install/aist_aruco_ros/share/aist_aruco_ros//launch/log/latest_build/rviz_common/streams.log
-- Up-to-date symlink: /home/ueshiba/ros2_ws/install/aist_aruco_ros/share/aist_aruco_ros//launch/log/latest_build/rviz_default_plugins/command.log
-- Up-to-date symlink: /home/ueshiba/ros2_ws/install/aist_aruco_ros/share/aist_aruco_ros//launch/log/latest_build/rviz_default_plugins/stderr.log
-- Up-to-date symlink: /home/ueshiba/ros2_ws/install/aist_aruco_ros/share/aist_aruco_ros//launch/log/latest_build/rviz_default_plugins/stdout.log
-- Up-to-date symlink: /home/ueshiba/ros2_ws/install/aist_aruco_ros/share/aist_aruco_ros//launch/log/latest_build/rviz_default_plugins/stdout_stderr.log
-- Up-to-date symlink: /home/ueshiba/ros2_ws/install/aist_aruco_ros/share/aist_aruco_ros//launch/log/latest_build/rviz_default_plugins/streams.log
-- Up-to-date symlink: /home/ueshiba/ros2_ws/install/aist_aruco_ros/share/aist_aruco_ros//launch/log/latest_build/rviz_ogre_vendor/command.log
-- Up-to-date symlink: /home/ueshiba/ros2_ws/install/aist_aruco_ros/share/aist_aruco_ros//launch/log/latest_build/rviz_ogre_vendor/stderr.log
-- Up-to-date symlink: /home/ueshiba/ros2_ws/install/aist_aruco_ros/share/aist_aruco_ros//launch/log/latest_build/rviz_ogre_vendor/stdout.log
-- Up-to-date symlink: /home/ueshiba/ros2_ws/install/aist_aruco_ros/share/aist_aruco_ros//launch/log/latest_build/rviz_ogre_vendor/stdout_stderr.log
-- Up-to-date symlink: /home/ueshiba/ros2_ws/install/aist_aruco_ros/share/aist_aruco_ros//launch/log/latest_build/rviz_ogre_vendor/streams.log
-- Up-to-date symlink: /home/ueshiba/ros2_ws/install/aist_aruco_ros/share/aist_aruco_ros//launch/log/latest_build/rviz_rendering/command.log
-- Up-to-date symlink: /home/ueshiba/ros2_ws/install/aist_aruco_ros/share/aist_aruco_ros//launch/log/latest_build/rviz_rendering/stderr.log
-- Up-to-date symlink: /home/ueshiba/ros2_ws/install/aist_aruco_ros/share/aist_aruco_ros//launch/log/latest_build/rviz_rendering/stdout.log
-- Up-to-date symlink: /home/ueshiba/ros2_ws/install/aist_aruco_ros/share/aist_aruco_ros//launch/log/latest_build/rviz_rendering/stdout_stderr.log
-- Up-to-date symlink: /home/ueshiba/ros2_ws/install/aist_aruco_ros/share/aist_aruco_ros//launch/log/latest_build/rviz_rendering/streams.log
-- Up-to-date symlink: /home/ueshiba/ros2_ws/install/aist_aruco_ros/share/aist_aruco_ros//launch/log/latest_build/rviz_rendering_tests/command.log
-- Up-to-date symlink: /home/ueshiba/ros2_ws/install/aist_aruco_ros/share/aist_aruco_ros//launch/log/latest_build/rviz_rendering_tests/stderr.log
-- Up-to-date symlink: /home/ueshiba/ros2_ws/install/aist_aruco_ros/share/aist_aruco_ros//launch/log/latest_build/rviz_rendering_tests/stdout.log
-- Up-to-date symlink: /home/ueshiba/ros2_ws/install/aist_aruco_ros/share/aist_aruco_ros//launch/log/latest_build/rviz_rendering_tests/stdout_stderr.log
-- Up-to-date symlink: /home/ueshiba/ros2_ws/install/aist_aruco_ros/share/aist_aruco_ros//launch/log/latest_build/rviz_rendering_tests/streams.log
-- Up-to-date symlink: /home/ueshiba/ros2_ws/install/aist_aruco_ros/share/aist_aruco_ros//launch/log/latest_build/rviz_visual_testing_framework/command.log
-- Up-to-date symlink: /home/ueshiba/ros2_ws/install/aist_aruco_ros/share/aist_aruco_ros//launch/log/latest_build/rviz_visual_testing_framework/stderr.log
-- Up-to-date symlink: /home/ueshiba/ros2_ws/install/aist_aruco_ros/share/aist_aruco_ros//launch/log/latest_build/rviz_visual_testing_framework/stdout.log
-- Up-to-date symlink: /home/ueshiba/ros2_ws/install/aist_aruco_ros/share/aist_aruco_ros//launch/log/latest_build/rviz_visual_testing_framework/stdout_stderr.log
-- Up-to-date symlink: /home/ueshiba/ros2_ws/install/aist_aruco_ros/share/aist_aruco_ros//launch/log/latest_build/rviz_visual_testing_framework/streams.log
-- Up-to-date symlink: /home/ueshiba/ros2_ws/install/aist_aruco_ros/share/aist_aruco_ros//launch/multi_detector.launch.py
-- Up-to-date symlink: /home/ueshiba/ros2_ws/install/aist_aruco_ros/share/aist_aruco_ros//launch/multi_detector.launch.py~
-- Up-to-date symlink: /home/ueshiba/ros2_ws/install/aist_aruco_ros/share/aist_aruco_ros//launch/multicam.launch
-- Up-to-date symlink: /home/ueshiba/ros2_ws/install/aist_aruco_ros/share/aist_aruco_ros//launch/phoxi.launch
-- Up-to-date symlink: /home/ueshiba/ros2_ws/install/aist_aruco_ros/share/aist_aruco_ros//launch/realsense.launch
-- Up-to-date symlink: /home/ueshiba/ros2_ws/install/aist_aruco_ros/share/aist_aruco_ros//launch/realsense.rviz
-- Up-to-date symlink: /home/ueshiba/ros2_ws/install/aist_aruco_ros/share/aist_aruco_ros//launch/run.launch
-- Up-to-date symlink: /home/ueshiba/ros2_ws/install/aist_aruco_ros/share/aist_aruco_ros//launch/run_multi.launch
-- Up-to-date symlink: /home/ueshiba/ros2_ws/install/aist_aruco_ros/share/aist_aruco_ros//launch/run_multi_with_config.launch
-- Up-to-date symlink: /home/ueshiba/ros2_ws/install/aist_aruco_ros/share/aist_aruco_ros//launch/test_detector_3d.launch.py
-- Up-to-date symlink: /home/ueshiba/ros2_ws/install/aist_aruco_ros/share/aist_aruco_ros//launch/usb_cam.launch
-- Up-to-date symlink: /home/ueshiba/ros2_ws/install/aist_aruco_ros/share/aist_aruco_ros//config/aruco-100_101_102_103-150x150-5.yaml
-- Up-to-date symlink: /home/ueshiba/ros2_ws/install/aist_aruco_ros/share/aist_aruco_ros//config/aruco-100_101_102_103-72x72-4.yaml
-- Up-to-date symlink: /home/ueshiba/ros2_ws/install/aist_aruco_ros/share/aist_aruco_ros//config/aruco-17_26_32_256-150x150-5.yaml
-- Up-to-date symlink: /home/ueshiba/ros2_ws/install/aist_aruco_ros/share/aist_aruco_ros//config/aruco-26-70x70-5.yaml
-- Up-to-date symlink: /home/ueshiba/ros2_ws/install/aist_aruco_ros/share/aist_aruco_ros//config/aruco-6x4-246x162-6.yaml
-- Up-to-date symlink: /home/ueshiba/ros2_ws/install/aist_aruco_ros/share/aist_aruco_ros//urdf/ar_marker.urdf.xacro
-- Up-to-date symlink: /home/ueshiba/ros2_ws/install/aist_aruco_ros/share/aist_aruco_ros//media/materials/scripts/aruco.material
-- Up-to-date symlink: /home/ueshiba/ros2_ws/install/aist_aruco_ros/share/aist_aruco_ros//media/materials/textures/aruco-100_101_102_103-150x150-5.png
-- Up-to-date symlink: /home/ueshiba/ros2_ws/install/aist_aruco_ros/share/aist_aruco_ros//media/materials/textures/aruco-100_101_102_103-72x72-4.png
-- Up-to-date symlink: /home/ueshiba/ros2_ws/install/aist_aruco_ros/share/aist_aruco_ros//media/materials/textures/aruco-17-70x70-5.png
-- Up-to-date symlink: /home/ueshiba/ros2_ws/install/aist_aruco_ros/share/aist_aruco_ros//media/materials/textures/aruco-17-80x80-10.png
-- Up-to-date symlink: /home/ueshiba/ros2_ws/install/aist_aruco_ros/share/aist_aruco_ros//media/materials/textures/aruco-17_26_32_256-150x150-5.png
-- Up-to-date symlink: /home/ueshiba/ros2_ws/install/aist_aruco_ros/share/aist_aruco_ros//media/materials/textures/aruco-17_26_32_256-72x72-4.png
-- Up-to-date symlink: /home/ueshiba/ros2_ws/install/aist_aruco_ros/share/aist_aruco_ros//media/materials/textures/aruco-1_18-28x62-3.png
-- Up-to-date symlink: /home/ueshiba/ros2_ws/install/aist_aruco_ros/share/aist_aruco_ros//media/materials/textures/aruco-256-70x70-5.png
-- Up-to-date symlink: /home/ueshiba/ros2_ws/install/aist_aruco_ros/share/aist_aruco_ros//media/materials/textures/aruco-256-80x80-10.png
-- Up-to-date symlink: /home/ueshiba/ros2_ws/install/aist_aruco_ros/share/aist_aruco_ros//media/materials/textures/aruco-26-70x70-5.png
-- Up-to-date symlink: /home/ueshiba/ros2_ws/install/aist_aruco_ros/share/aist_aruco_ros//media/materials/textures/aruco-26-80x80-10.png
-- Up-to-date symlink: /home/ueshiba/ros2_ws/install/aist_aruco_ros/share/aist_aruco_ros//media/materials/textures/aruco-32-160x160-10.png
-- Up-to-date symlink: /home/ueshiba/ros2_ws/install/aist_aruco_ros/share/aist_aruco_ros//media/materials/textures/aruco-32-70x70-5.png
-- Up-to-date symlink: /home/ueshiba/ros2_ws/install/aist_aruco_ros/share/aist_aruco_ros//media/materials/textures/aruco-32-80x80-10.png
-- Up-to-date symlink: /home/ueshiba/ros2_ws/install/aist_aruco_ros/share/aist_aruco_ros//media/materials/textures/aruco-6x4-246x162-6.png
-- Up-to-date symlink: /home/ueshiba/ros2_ws/install/aist_aruco_ros/share/ament_index/resource_index/package_run_dependencies/aist_aruco_ros
-- Up-to-date symlink: /home/ueshiba/ros2_ws/install/aist_aruco_ros/share/ament_index/resource_index/parent_prefix_path/aist_aruco_ros
-- Up-to-date symlink: /home/ueshiba/ros2_ws/install/aist_aruco_ros/share/aist_aruco_ros/environment/ament_prefix_path.sh
-- Up-to-date symlink: /home/ueshiba/ros2_ws/install/aist_aruco_ros/share/aist_aruco_ros/environment/ament_prefix_path.dsv
-- Up-to-date symlink: /home/ueshiba/ros2_ws/install/aist_aruco_ros/share/aist_aruco_ros/environment/path.sh
-- Up-to-date symlink: /home/ueshiba/ros2_ws/install/aist_aruco_ros/share/aist_aruco_ros/environment/path.dsv
-- Up-to-date symlink: /home/ueshiba/ros2_ws/install/aist_aruco_ros/share/aist_aruco_ros/local_setup.bash
-- Up-to-date symlink: /home/ueshiba/ros2_ws/install/aist_aruco_ros/share/aist_aruco_ros/local_setup.sh
-- Up-to-date symlink: /home/ueshiba/ros2_ws/install/aist_aruco_ros/share/aist_aruco_ros/local_setup.zsh
-- Up-to-date symlink: /home/ueshiba/ros2_ws/install/aist_aruco_ros/share/aist_aruco_ros/local_setup.dsv
-- Symlinking: /home/ueshiba/ros2_ws/install/aist_aruco_ros/share/aist_aruco_ros/package.dsv
-- Up-to-date symlink: /home/ueshiba/ros2_ws/install/aist_aruco_ros/share/ament_index/resource_index/packages/aist_aruco_ros
-- Up-to-date symlink: /home/ueshiba/ros2_ws/install/aist_aruco_ros/share/ament_index/resource_index/rclcpp_components/aist_aruco_ros
-- Up-to-date symlink: /home/ueshiba/ros2_ws/install/aist_aruco_ros/share/aist_aruco_ros/cmake/aist_aruco_rosConfig.cmake
-- Up-to-date symlink: /home/ueshiba/ros2_ws/install/aist_aruco_ros/share/aist_aruco_ros/cmake/aist_aruco_rosConfig-version.cmake
-- Up-to-date symlink: /home/ueshiba/ros2_ws/install/aist_aruco_ros/share/aist_aruco_ros/package.xml
-- Up-to-date: /home/ueshiba/ros2_ws/install/aist_aruco_ros/lib/libaist_aruco_ros.so
