-- The C compiler identification is GNU 11.4.0
-- The CXX compiler identification is GNU 11.4.0
-- Detecting C compiler ABI info
-- Detecting C compiler ABI info - done
-- Check for working C compiler: /usr/bin/cc - skipped
-- Detecting C compile features
-- Detecting C compile features - done
-- Detecting CXX compiler ABI info
-- Detecting CXX compiler ABI info - done
-- Check for working CXX compiler: /usr/bin/c++ - skipped
-- Detecting CXX compile features
-- Detecting CXX compile features - done
-- Found ament_cmake: 2.3.2 (/opt/ros/rolling/share/ament_cmake/cmake)
-- Found Python3: /usr/bin/python3.10 (found version "3.10.12") found components: Interpreter 
-- Override CMake install command with custom implementation using symlinks instead of copying resources
-- Configuring done
-- Generating done
-- Build files have been written to: /home/ueshiba/ros2_ws/build/realsense2_description
-- Install configuration: ""
-- Execute custom install script
-- Up-to-date symlink: /home/ueshiba/ros2_ws/install/realsense2_description/share/realsense2_description/launch/launch_utils.py
-- Up-to-date symlink: /home/ueshiba/ros2_ws/install/realsense2_description/share/realsense2_description/launch/view_model.launch.py
-- Up-to-date symlink: /home/ueshiba/ros2_ws/install/realsense2_description/share/realsense2_description/meshes/d405.stl
-- Up-to-date symlink: /home/ueshiba/ros2_ws/install/realsense2_description/share/realsense2_description/meshes/d415.stl
-- Up-to-date symlink: /home/ueshiba/ros2_ws/install/realsense2_description/share/realsense2_description/meshes/d435.dae
-- Up-to-date symlink: /home/ueshiba/ros2_ws/install/realsense2_description/share/realsense2_description/meshes/d455.stl
-- Up-to-date symlink: /home/ueshiba/ros2_ws/install/realsense2_description/share/realsense2_description/meshes/l515.dae
-- Up-to-date symlink: /home/ueshiba/ros2_ws/install/realsense2_description/share/realsense2_description/meshes/plug.stl
-- Up-to-date symlink: /home/ueshiba/ros2_ws/install/realsense2_description/share/realsense2_description/meshes/plug_collision.stl
-- Up-to-date symlink: /home/ueshiba/ros2_ws/install/realsense2_description/share/realsense2_description/rviz/urdf.rviz
-- Up-to-date symlink: /home/ueshiba/ros2_ws/install/realsense2_description/share/realsense2_description/urdf/_d405.urdf.xacro
-- Up-to-date symlink: /home/ueshiba/ros2_ws/install/realsense2_description/share/realsense2_description/urdf/_d415.urdf.xacro
-- Up-to-date symlink: /home/ueshiba/ros2_ws/install/realsense2_description/share/realsense2_description/urdf/_d435.urdf.xacro
-- Up-to-date symlink: /home/ueshiba/ros2_ws/install/realsense2_description/share/realsense2_description/urdf/_d435i.urdf.xacro
-- Up-to-date symlink: /home/ueshiba/ros2_ws/install/realsense2_description/share/realsense2_description/urdf/_d435i_imu_modules.urdf.xacro
-- Up-to-date symlink: /home/ueshiba/ros2_ws/install/realsense2_description/share/realsense2_description/urdf/_d455.urdf.xacro
-- Up-to-date symlink: /home/ueshiba/ros2_ws/install/realsense2_description/share/realsense2_description/urdf/_materials.urdf.xacro
-- Up-to-date symlink: /home/ueshiba/ros2_ws/install/realsense2_description/share/realsense2_description/urdf/_r410.urdf.xacro
-- Up-to-date symlink: /home/ueshiba/ros2_ws/install/realsense2_description/share/realsense2_description/urdf/_r430.urdf.xacro
-- Up-to-date symlink: /home/ueshiba/ros2_ws/install/realsense2_description/share/realsense2_description/urdf/_usb_plug.urdf.xacro
-- Up-to-date symlink: /home/ueshiba/ros2_ws/install/realsense2_description/share/realsense2_description/urdf/test_d405_camera.urdf.xacro
-- Up-to-date symlink: /home/ueshiba/ros2_ws/install/realsense2_description/share/realsense2_description/urdf/test_d415_camera.urdf.xacro
-- Up-to-date symlink: /home/ueshiba/ros2_ws/install/realsense2_description/share/realsense2_description/urdf/test_d435_camera.urdf.xacro
-- Up-to-date symlink: /home/ueshiba/ros2_ws/install/realsense2_description/share/realsense2_description/urdf/test_d435_multiple_cameras.urdf.xacro
-- Up-to-date symlink: /home/ueshiba/ros2_ws/install/realsense2_description/share/realsense2_description/urdf/test_d435i_camera.urdf.xacro
-- Up-to-date symlink: /home/ueshiba/ros2_ws/install/realsense2_description/share/realsense2_description/urdf/test_d455_camera.urdf.xacro
-- Up-to-date symlink: /home/ueshiba/ros2_ws/install/realsense2_description/share/realsense2_description/urdf/test_r410_camera.urdf.xacro
-- Up-to-date symlink: /home/ueshiba/ros2_ws/install/realsense2_description/share/realsense2_description/urdf/test_r430_camera.urdf.xacro
-- Up-to-date symlink: /home/ueshiba/ros2_ws/install/realsense2_description/share/ament_index/resource_index/package_run_dependencies/realsense2_description
-- Up-to-date symlink: /home/ueshiba/ros2_ws/install/realsense2_description/share/ament_index/resource_index/parent_prefix_path/realsense2_description
-- Up-to-date symlink: /home/ueshiba/ros2_ws/install/realsense2_description/share/realsense2_description/environment/ament_prefix_path.sh
-- Up-to-date symlink: /home/ueshiba/ros2_ws/install/realsense2_description/share/realsense2_description/environment/ament_prefix_path.dsv
-- Up-to-date symlink: /home/ueshiba/ros2_ws/install/realsense2_description/share/realsense2_description/environment/path.sh
-- Up-to-date symlink: /home/ueshiba/ros2_ws/install/realsense2_description/share/realsense2_description/environment/path.dsv
-- Up-to-date symlink: /home/ueshiba/ros2_ws/install/realsense2_description/share/realsense2_description/local_setup.bash
-- Up-to-date symlink: /home/ueshiba/ros2_ws/install/realsense2_description/share/realsense2_description/local_setup.sh
-- Up-to-date symlink: /home/ueshiba/ros2_ws/install/realsense2_description/share/realsense2_description/local_setup.zsh
-- Up-to-date symlink: /home/ueshiba/ros2_ws/install/realsense2_description/share/realsense2_description/local_setup.dsv
-- Symlinking: /home/ueshiba/ros2_ws/install/realsense2_description/share/realsense2_description/package.dsv
-- Up-to-date symlink: /home/ueshiba/ros2_ws/install/realsense2_description/share/ament_index/resource_index/packages/realsense2_description
-- Up-to-date symlink: /home/ueshiba/ros2_ws/install/realsense2_description/share/realsense2_description/cmake/realsense2_descriptionConfig.cmake
-- Up-to-date symlink: /home/ueshiba/ros2_ws/install/realsense2_description/share/realsense2_description/cmake/realsense2_descriptionConfig-version.cmake
-- Up-to-date symlink: /home/ueshiba/ros2_ws/install/realsense2_description/share/realsense2_description/package.xml
