[0.030s] Invoking command in '/home/ueshiba/ros2_ws/build/aruco_msgs': CMAKE_PREFIX_PATH=${CMAKE_PREFIX_PATH}:/home/ueshiba/ros2_ws/install/rqt_reconfigure:/opt/ros/rolling PS1=\[\e]0;\u@\h: \w\a\]\h% /usr/bin/cmake --build /home/ueshiba/ros2_ws/build/aruco_msgs -- -j24 -l24
[2.357s] [  2%] Built target aruco_msgs__rosidl_generator_type_description
[2.357s] [  2%] Built target ament_cmake_python_symlink_aruco_msgs
[2.357s] [  4%] Built target aruco_msgs__cpp
[2.358s] [ 22%] Built target aruco_msgs__rosidl_generator_c
[2.358s] [ 25%] [32mBuilding CXX object CMakeFiles/aruco_msgs__rosidl_typesupport_fastrtps_c.dir/rosidl_typesupport_fastrtps_c/aruco_msgs/msg/detail/marker__type_support_c.cpp.o[0m
[2.358s] [ 27%] [32mBuilding CXX object CMakeFiles/aruco_msgs__rosidl_typesupport_cpp.dir/rosidl_typesupport_cpp/aruco_msgs/msg/marker__type_support.cpp.o[0m
[2.358s] [ 29%] [32mBuilding CXX object CMakeFiles/aruco_msgs__rosidl_typesupport_fastrtps_c.dir/rosidl_typesupport_fastrtps_c/aruco_msgs/msg/detail/marker_array__type_support_c.cpp.o[0m
[2.358s] [ 31%] [32mBuilding CXX object CMakeFiles/aruco_msgs__rosidl_typesupport_fastrtps_cpp.dir/rosidl_typesupport_fastrtps_cpp/aruco_msgs/msg/detail/dds_fastrtps/marker__type_support.cpp.o[0m
[2.358s] [ 34%] [32mBuilding CXX object CMakeFiles/aruco_msgs__rosidl_typesupport_fastrtps_cpp.dir/rosidl_typesupport_fastrtps_cpp/aruco_msgs/msg/detail/dds_fastrtps/marker_array__type_support.cpp.o[0m
[2.359s] [ 36%] [32mBuilding CXX object CMakeFiles/aruco_msgs__rosidl_typesupport_cpp.dir/rosidl_typesupport_cpp/aruco_msgs/msg/marker_array__type_support.cpp.o[0m
[2.359s] [ 38%] [32mBuilding CXX object CMakeFiles/aruco_msgs__rosidl_typesupport_introspection_cpp.dir/rosidl_typesupport_introspection_cpp/aruco_msgs/msg/detail/marker__type_support.cpp.o[0m
[2.359s] [ 47%] Built target aruco_msgs__rosidl_typesupport_c
[2.359s] [ 50%] [32mBuilding CXX object CMakeFiles/aruco_msgs__rosidl_typesupport_introspection_cpp.dir/rosidl_typesupport_introspection_cpp/aruco_msgs/msg/detail/marker_array__type_support.cpp.o[0m
[2.359s] [ 59%] Built target aruco_msgs__rosidl_typesupport_introspection_c
[3.748s] running egg_info
[3.751s] writing aruco_msgs.egg-info/PKG-INFO
[3.751s] writing dependency_links to aruco_msgs.egg-info/dependency_links.txt
[3.752s] writing top-level names to aruco_msgs.egg-info/top_level.txt
[3.783s] reading manifest file 'aruco_msgs.egg-info/SOURCES.txt'
[3.794s] writing manifest file 'aruco_msgs.egg-info/SOURCES.txt'
[4.109s] [ 59%] Built target ament_cmake_python_build_aruco_msgs_egg
[4.700s] [ 61%] [32m[1mLinking CXX shared library libaruco_msgs__rosidl_typesupport_fastrtps_c.so[0m
[5.331s] [ 63%] [32m[1mLinking CXX shared library libaruco_msgs__rosidl_typesupport_cpp.so[0m
[5.448s] [ 65%] Built target aruco_msgs__rosidl_typesupport_fastrtps_c
[5.630s] [ 68%] Built target aruco_msgs__rosidl_typesupport_cpp
[5.795s] [ 70%] [32m[1mLinking CXX shared library libaruco_msgs__rosidl_typesupport_introspection_cpp.so[0m
[6.001s] [ 72%] [32m[1mLinking CXX shared library libaruco_msgs__rosidl_typesupport_fastrtps_cpp.so[0m
[6.655s] [ 75%] Built target aruco_msgs__rosidl_typesupport_introspection_cpp
[6.687s] [ 77%] Built target aruco_msgs__rosidl_typesupport_fastrtps_cpp
[6.875s] [ 77%] Built target aruco_msgs
[7.086s] [ 79%] Built target aruco_msgs__py
[7.309s] [ 81%] [32mBuilding C object CMakeFiles/aruco_msgs__rosidl_generator_py.dir/rosidl_generator_py/aruco_msgs/msg/_marker_s.c.o[0m
[7.309s] [ 84%] [32mBuilding C object CMakeFiles/aruco_msgs__rosidl_generator_py.dir/rosidl_generator_py/aruco_msgs/msg/_marker_array_s.c.o[0m
[7.994s] [ 86%] [32m[1mLinking C shared library libaruco_msgs__rosidl_generator_py.so[0m
[8.285s] [ 86%] Built target aruco_msgs__rosidl_generator_py
[8.473s] [ 88%] [32mBuilding C object CMakeFiles/aruco_msgs__rosidl_typesupport_fastrtps_c__pyext.dir/rosidl_generator_py/aruco_msgs/_aruco_msgs_s.ep.rosidl_typesupport_fastrtps_c.c.o[0m
[8.560s] [ 90%] [32mBuilding C object CMakeFiles/aruco_msgs__rosidl_typesupport_c__pyext.dir/rosidl_generator_py/aruco_msgs/_aruco_msgs_s.ep.rosidl_typesupport_c.c.o[0m
[8.592s] [ 93%] [32mBuilding C object CMakeFiles/aruco_msgs__rosidl_typesupport_introspection_c__pyext.dir/rosidl_generator_py/aruco_msgs/_aruco_msgs_s.ep.rosidl_typesupport_introspection_c.c.o[0m
[8.949s] [ 95%] [32m[1mLinking C shared library aruco_msgs_s__rosidl_typesupport_fastrtps_c.cpython-310-x86_64-linux-gnu.so[0m
[8.980s] [ 97%] [32m[1mLinking C shared library aruco_msgs_s__rosidl_typesupport_c.cpython-310-x86_64-linux-gnu.so[0m
[9.052s] [100%] [32m[1mLinking C shared library aruco_msgs_s__rosidl_typesupport_introspection_c.cpython-310-x86_64-linux-gnu.so[0m
[9.157s] [100%] Built target aruco_msgs__rosidl_typesupport_fastrtps_c__pyext
[9.178s] [100%] Built target aruco_msgs__rosidl_typesupport_c__pyext
[9.232s] [100%] Built target aruco_msgs__rosidl_typesupport_introspection_c__pyext
[9.268s] Invoked command in '/home/ueshiba/ros2_ws/build/aruco_msgs' returned '0': CMAKE_PREFIX_PATH=${CMAKE_PREFIX_PATH}:/home/ueshiba/ros2_ws/install/rqt_reconfigure:/opt/ros/rolling PS1=\[\e]0;\u@\h: \w\a\]\h% /usr/bin/cmake --build /home/ueshiba/ros2_ws/build/aruco_msgs -- -j24 -l24
[9.524s] Invoking command in '/home/ueshiba/ros2_ws/build/aruco_msgs': CMAKE_PREFIX_PATH=${CMAKE_PREFIX_PATH}:/home/ueshiba/ros2_ws/install/rqt_reconfigure:/opt/ros/rolling PS1=\[\e]0;\u@\h: \w\a\]\h% /usr/bin/cmake --install /home/ueshiba/ros2_ws/build/aruco_msgs
[9.538s] -- Install configuration: ""
[9.540s] -- Execute custom install script
[9.540s] -- Up-to-date symlink: /home/ueshiba/ros2_ws/install/aruco_msgs/share/ament_index/resource_index/rosidl_interfaces/aruco_msgs
[9.541s] -- Up-to-date symlink: /home/ueshiba/ros2_ws/install/aruco_msgs/share/aruco_msgs/msg/Marker.json
[9.541s] -- Up-to-date symlink: /home/ueshiba/ros2_ws/install/aruco_msgs/share/aruco_msgs/msg/MarkerArray.json
[9.543s] -- Up-to-date symlink: /home/ueshiba/ros2_ws/install/aruco_msgs/include/aruco_msgs/aruco_msgs/msg/detail/marker__functions.h
[9.543s] -- Up-to-date symlink: /home/ueshiba/ros2_ws/install/aruco_msgs/include/aruco_msgs/aruco_msgs/msg/detail/marker__struct.h
[9.543s] -- Up-to-date symlink: /home/ueshiba/ros2_ws/install/aruco_msgs/include/aruco_msgs/aruco_msgs/msg/detail/marker__type_support.h
[9.544s] -- Up-to-date symlink: /home/ueshiba/ros2_ws/install/aruco_msgs/include/aruco_msgs/aruco_msgs/msg/detail/marker_array__functions.h
[9.544s] -- Up-to-date symlink: /home/ueshiba/ros2_ws/install/aruco_msgs/include/aruco_msgs/aruco_msgs/msg/detail/marker_array__struct.h
[9.544s] -- Up-to-date symlink: /home/ueshiba/ros2_ws/install/aruco_msgs/include/aruco_msgs/aruco_msgs/msg/detail/marker_array__type_support.h
[9.545s] -- Up-to-date symlink: /home/ueshiba/ros2_ws/install/aruco_msgs/include/aruco_msgs/aruco_msgs/msg/marker.h
[9.545s] -- Up-to-date symlink: /home/ueshiba/ros2_ws/install/aruco_msgs/include/aruco_msgs/aruco_msgs/msg/marker_array.h
[9.545s] -- Up-to-date symlink: /home/ueshiba/ros2_ws/install/aruco_msgs/include/aruco_msgs/aruco_msgs/msg/rosidl_generator_c__visibility_control.h
[9.546s] -- Up-to-date symlink: /home/ueshiba/ros2_ws/install/aruco_msgs/share/aruco_msgs/environment/library_path.sh
[9.546s] -- Up-to-date symlink: /home/ueshiba/ros2_ws/install/aruco_msgs/share/aruco_msgs/environment/library_path.dsv
[9.547s] -- Up-to-date symlink: /home/ueshiba/ros2_ws/install/aruco_msgs/include/aruco_msgs/aruco_msgs/msg/detail/marker__rosidl_typesupport_fastrtps_c.h
[9.547s] -- Up-to-date symlink: /home/ueshiba/ros2_ws/install/aruco_msgs/include/aruco_msgs/aruco_msgs/msg/detail/marker_array__rosidl_typesupport_fastrtps_c.h
[9.548s] -- Up-to-date symlink: /home/ueshiba/ros2_ws/install/aruco_msgs/include/aruco_msgs/aruco_msgs/msg/rosidl_typesupport_fastrtps_c__visibility_control.h
[9.549s] -- Up-to-date symlink: /home/ueshiba/ros2_ws/install/aruco_msgs/include/aruco_msgs/aruco_msgs/msg/detail/marker__builder.hpp
[9.549s] -- Up-to-date symlink: /home/ueshiba/ros2_ws/install/aruco_msgs/include/aruco_msgs/aruco_msgs/msg/detail/marker__struct.hpp
[9.549s] -- Up-to-date symlink: /home/ueshiba/ros2_ws/install/aruco_msgs/include/aruco_msgs/aruco_msgs/msg/detail/marker__traits.hpp
[9.550s] -- Up-to-date symlink: /home/ueshiba/ros2_ws/install/aruco_msgs/include/aruco_msgs/aruco_msgs/msg/detail/marker__type_support.hpp
[9.550s] -- Up-to-date symlink: /home/ueshiba/ros2_ws/install/aruco_msgs/include/aruco_msgs/aruco_msgs/msg/detail/marker_array__builder.hpp
[9.550s] -- Up-to-date symlink: /home/ueshiba/ros2_ws/install/aruco_msgs/include/aruco_msgs/aruco_msgs/msg/detail/marker_array__struct.hpp
[9.550s] -- Up-to-date symlink: /home/ueshiba/ros2_ws/install/aruco_msgs/include/aruco_msgs/aruco_msgs/msg/detail/marker_array__traits.hpp
[9.551s] -- Up-to-date symlink: /home/ueshiba/ros2_ws/install/aruco_msgs/include/aruco_msgs/aruco_msgs/msg/detail/marker_array__type_support.hpp
[9.551s] -- Up-to-date symlink: /home/ueshiba/ros2_ws/install/aruco_msgs/include/aruco_msgs/aruco_msgs/msg/marker.hpp
[9.551s] -- Up-to-date symlink: /home/ueshiba/ros2_ws/install/aruco_msgs/include/aruco_msgs/aruco_msgs/msg/marker_array.hpp
[9.552s] -- Up-to-date symlink: /home/ueshiba/ros2_ws/install/aruco_msgs/include/aruco_msgs/aruco_msgs/msg/rosidl_generator_cpp__visibility_control.hpp
[9.553s] -- Up-to-date symlink: /home/ueshiba/ros2_ws/install/aruco_msgs/include/aruco_msgs/aruco_msgs/msg/detail/marker__rosidl_typesupport_fastrtps_cpp.hpp
[9.553s] -- Up-to-date symlink: /home/ueshiba/ros2_ws/install/aruco_msgs/include/aruco_msgs/aruco_msgs/msg/detail/marker_array__rosidl_typesupport_fastrtps_cpp.hpp
[9.554s] -- Up-to-date symlink: /home/ueshiba/ros2_ws/install/aruco_msgs/include/aruco_msgs/aruco_msgs/msg/rosidl_typesupport_fastrtps_cpp__visibility_control.h
[9.555s] -- Up-to-date symlink: /home/ueshiba/ros2_ws/install/aruco_msgs/include/aruco_msgs/aruco_msgs/msg/detail/marker__rosidl_typesupport_introspection_c.h
[9.555s] -- Up-to-date symlink: /home/ueshiba/ros2_ws/install/aruco_msgs/include/aruco_msgs/aruco_msgs/msg/detail/marker_array__rosidl_typesupport_introspection_c.h
[9.556s] -- Up-to-date symlink: /home/ueshiba/ros2_ws/install/aruco_msgs/include/aruco_msgs/aruco_msgs/msg/rosidl_typesupport_introspection_c__visibility_control.h
[9.556s] -- Up-to-date symlink: /home/ueshiba/ros2_ws/install/aruco_msgs/include/aruco_msgs/aruco_msgs/msg/detail/marker__rosidl_typesupport_introspection_cpp.hpp
[9.557s] -- Up-to-date symlink: /home/ueshiba/ros2_ws/install/aruco_msgs/include/aruco_msgs/aruco_msgs/msg/detail/marker_array__rosidl_typesupport_introspection_cpp.hpp
[9.557s] -- Up-to-date symlink: /home/ueshiba/ros2_ws/install/aruco_msgs/share/aruco_msgs/environment/pythonpath.sh
[9.558s] -- Up-to-date symlink: /home/ueshiba/ros2_ws/install/aruco_msgs/share/aruco_msgs/environment/pythonpath.dsv
[9.558s] -- Up-to-date symlink: /home/ueshiba/ros2_ws/install/aruco_msgs/lib/python3.10/site-packages/aruco_msgs-5.0.5-py3.10.egg-info/PKG-INFO
[9.559s] -- Up-to-date symlink: /home/ueshiba/ros2_ws/install/aruco_msgs/lib/python3.10/site-packages/aruco_msgs-5.0.5-py3.10.egg-info/SOURCES.txt
[9.559s] -- Up-to-date symlink: /home/ueshiba/ros2_ws/install/aruco_msgs/lib/python3.10/site-packages/aruco_msgs-5.0.5-py3.10.egg-info/dependency_links.txt
[9.559s] -- Up-to-date symlink: /home/ueshiba/ros2_ws/install/aruco_msgs/lib/python3.10/site-packages/aruco_msgs-5.0.5-py3.10.egg-info/top_level.txt
[9.561s] -- Up-to-date symlink: /home/ueshiba/ros2_ws/install/aruco_msgs/lib/python3.10/site-packages/aruco_msgs/__init__.py
[9.561s] -- Up-to-date symlink: /home/ueshiba/ros2_ws/install/aruco_msgs/lib/python3.10/site-packages/aruco_msgs/_aruco_msgs_s.ep.rosidl_typesupport_c.c
[9.561s] -- Up-to-date symlink: /home/ueshiba/ros2_ws/install/aruco_msgs/lib/python3.10/site-packages/aruco_msgs/_aruco_msgs_s.ep.rosidl_typesupport_fastrtps_c.c
[9.562s] -- Up-to-date symlink: /home/ueshiba/ros2_ws/install/aruco_msgs/lib/python3.10/site-packages/aruco_msgs/_aruco_msgs_s.ep.rosidl_typesupport_introspection_c.c
[9.562s] -- Up-to-date symlink: /home/ueshiba/ros2_ws/install/aruco_msgs/lib/python3.10/site-packages/aruco_msgs/msg/__init__.py
[9.563s] -- Up-to-date symlink: /home/ueshiba/ros2_ws/install/aruco_msgs/lib/python3.10/site-packages/aruco_msgs/msg/_marker.py
[9.563s] -- Up-to-date symlink: /home/ueshiba/ros2_ws/install/aruco_msgs/lib/python3.10/site-packages/aruco_msgs/msg/_marker_array.py
[9.563s] -- Up-to-date symlink: /home/ueshiba/ros2_ws/install/aruco_msgs/lib/python3.10/site-packages/aruco_msgs/msg/_marker_array_s.c
[9.564s] -- Up-to-date symlink: /home/ueshiba/ros2_ws/install/aruco_msgs/lib/python3.10/site-packages/aruco_msgs/msg/_marker_s.c
[9.564s] -- Up-to-date symlink: /home/ueshiba/ros2_ws/install/aruco_msgs/lib/python3.10/site-packages/aruco_msgs/aruco_msgs_s__rosidl_typesupport_fastrtps_c.cpython-310-x86_64-linux-gnu.so
[9.565s] -- Up-to-date symlink: /home/ueshiba/ros2_ws/install/aruco_msgs/lib/python3.10/site-packages/aruco_msgs/aruco_msgs_s__rosidl_typesupport_introspection_c.cpython-310-x86_64-linux-gnu.so
[9.566s] -- Up-to-date symlink: /home/ueshiba/ros2_ws/install/aruco_msgs/lib/python3.10/site-packages/aruco_msgs/aruco_msgs_s__rosidl_typesupport_c.cpython-310-x86_64-linux-gnu.so
[9.567s] -- Up-to-date symlink: /home/ueshiba/ros2_ws/install/aruco_msgs/share/aruco_msgs/msg/Marker.idl
[9.567s] -- Up-to-date symlink: /home/ueshiba/ros2_ws/install/aruco_msgs/share/aruco_msgs/msg/MarkerArray.idl
[9.567s] -- Up-to-date symlink: /home/ueshiba/ros2_ws/install/aruco_msgs/share/aruco_msgs/msg/Marker.msg
[9.568s] -- Up-to-date symlink: /home/ueshiba/ros2_ws/install/aruco_msgs/share/aruco_msgs/msg/MarkerArray.msg
[9.568s] -- Up-to-date symlink: /home/ueshiba/ros2_ws/install/aruco_msgs/share/ament_index/resource_index/package_run_dependencies/aruco_msgs
[9.569s] -- Up-to-date symlink: /home/ueshiba/ros2_ws/install/aruco_msgs/share/ament_index/resource_index/parent_prefix_path/aruco_msgs
[9.570s] -- Up-to-date symlink: /home/ueshiba/ros2_ws/install/aruco_msgs/share/aruco_msgs/environment/ament_prefix_path.sh
[9.570s] -- Up-to-date symlink: /home/ueshiba/ros2_ws/install/aruco_msgs/share/aruco_msgs/environment/ament_prefix_path.dsv
[9.570s] -- Up-to-date symlink: /home/ueshiba/ros2_ws/install/aruco_msgs/share/aruco_msgs/environment/path.sh
[9.571s] -- Up-to-date symlink: /home/ueshiba/ros2_ws/install/aruco_msgs/share/aruco_msgs/environment/path.dsv
[9.571s] -- Up-to-date symlink: /home/ueshiba/ros2_ws/install/aruco_msgs/share/aruco_msgs/local_setup.bash
[9.571s] -- Up-to-date symlink: /home/ueshiba/ros2_ws/install/aruco_msgs/share/aruco_msgs/local_setup.sh
[9.572s] -- Up-to-date symlink: /home/ueshiba/ros2_ws/install/aruco_msgs/share/aruco_msgs/local_setup.zsh
[9.572s] -- Up-to-date symlink: /home/ueshiba/ros2_ws/install/aruco_msgs/share/aruco_msgs/local_setup.dsv
[9.573s] -- Symlinking: /home/ueshiba/ros2_ws/install/aruco_msgs/share/aruco_msgs/package.dsv
[9.594s] -- Up-to-date symlink: /home/ueshiba/ros2_ws/install/aruco_msgs/share/ament_index/resource_index/packages/aruco_msgs
[9.594s] -- Up-to-date symlink: /home/ueshiba/ros2_ws/install/aruco_msgs/share/aruco_msgs/cmake/rosidl_cmake-extras.cmake
[9.595s] -- Up-to-date symlink: /home/ueshiba/ros2_ws/install/aruco_msgs/share/aruco_msgs/cmake/ament_cmake_export_dependencies-extras.cmake
[9.595s] -- Up-to-date symlink: /home/ueshiba/ros2_ws/install/aruco_msgs/share/aruco_msgs/cmake/ament_cmake_export_include_directories-extras.cmake
[9.596s] -- Up-to-date symlink: /home/ueshiba/ros2_ws/install/aruco_msgs/share/aruco_msgs/cmake/ament_cmake_export_libraries-extras.cmake
[9.596s] -- Up-to-date symlink: /home/ueshiba/ros2_ws/install/aruco_msgs/share/aruco_msgs/cmake/ament_cmake_export_targets-extras.cmake
[9.597s] -- Up-to-date symlink: /home/ueshiba/ros2_ws/install/aruco_msgs/share/aruco_msgs/cmake/rosidl_cmake_export_typesupport_targets-extras.cmake
[9.597s] -- Up-to-date symlink: /home/ueshiba/ros2_ws/install/aruco_msgs/share/aruco_msgs/cmake/rosidl_cmake_export_typesupport_libraries-extras.cmake
[9.598s] -- Up-to-date symlink: /home/ueshiba/ros2_ws/install/aruco_msgs/share/aruco_msgs/cmake/aruco_msgsConfig.cmake
[9.598s] -- Up-to-date symlink: /home/ueshiba/ros2_ws/install/aruco_msgs/share/aruco_msgs/cmake/aruco_msgsConfig-version.cmake
[9.599s] -- Up-to-date symlink: /home/ueshiba/ros2_ws/install/aruco_msgs/share/aruco_msgs/package.xml
[9.599s] -- Up-to-date: /home/ueshiba/ros2_ws/install/aruco_msgs/lib/libaruco_msgs__rosidl_generator_c.so
[9.600s] -- Installing: /home/ueshiba/ros2_ws/install/aruco_msgs/lib/libaruco_msgs__rosidl_typesupport_fastrtps_c.so
[9.601s] -- Set runtime path of "/home/ueshiba/ros2_ws/install/aruco_msgs/lib/libaruco_msgs__rosidl_typesupport_fastrtps_c.so" to ""
[9.602s] -- Installing: /home/ueshiba/ros2_ws/install/aruco_msgs/lib/libaruco_msgs__rosidl_typesupport_fastrtps_cpp.so
[9.602s] -- Set runtime path of "/home/ueshiba/ros2_ws/install/aruco_msgs/lib/libaruco_msgs__rosidl_typesupport_fastrtps_cpp.so" to ""
[9.603s] -- Up-to-date: /home/ueshiba/ros2_ws/install/aruco_msgs/lib/libaruco_msgs__rosidl_typesupport_introspection_c.so
[9.604s] -- Up-to-date: /home/ueshiba/ros2_ws/install/aruco_msgs/lib/libaruco_msgs__rosidl_typesupport_c.so
[9.605s] -- Installing: /home/ueshiba/ros2_ws/install/aruco_msgs/lib/libaruco_msgs__rosidl_typesupport_introspection_cpp.so
[9.606s] -- Set runtime path of "/home/ueshiba/ros2_ws/install/aruco_msgs/lib/libaruco_msgs__rosidl_typesupport_introspection_cpp.so" to ""
[9.606s] -- Installing: /home/ueshiba/ros2_ws/install/aruco_msgs/lib/libaruco_msgs__rosidl_typesupport_cpp.so
[9.607s] -- Set runtime path of "/home/ueshiba/ros2_ws/install/aruco_msgs/lib/libaruco_msgs__rosidl_typesupport_cpp.so" to ""
[9.694s] Listing '/home/ueshiba/ros2_ws/install/aruco_msgs/lib/python3.10/site-packages/aruco_msgs'...
[9.694s] Listing '/home/ueshiba/ros2_ws/install/aruco_msgs/lib/python3.10/site-packages/aruco_msgs/msg'...
[9.704s] -- Installing: /home/ueshiba/ros2_ws/install/aruco_msgs/lib/libaruco_msgs__rosidl_generator_py.so
[9.706s] -- Set runtime path of "/home/ueshiba/ros2_ws/install/aruco_msgs/lib/libaruco_msgs__rosidl_generator_py.so" to ""
[9.706s] -- Up-to-date: /home/ueshiba/ros2_ws/install/aruco_msgs/share/aruco_msgs/cmake/export_aruco_msgs__rosidl_generator_cExport.cmake
[9.707s] -- Up-to-date: /home/ueshiba/ros2_ws/install/aruco_msgs/share/aruco_msgs/cmake/export_aruco_msgs__rosidl_generator_cExport-noconfig.cmake
[9.707s] -- Up-to-date: /home/ueshiba/ros2_ws/install/aruco_msgs/share/aruco_msgs/cmake/export_aruco_msgs__rosidl_typesupport_fastrtps_cExport.cmake
[9.707s] -- Up-to-date: /home/ueshiba/ros2_ws/install/aruco_msgs/share/aruco_msgs/cmake/export_aruco_msgs__rosidl_typesupport_fastrtps_cExport-noconfig.cmake
[9.707s] -- Up-to-date: /home/ueshiba/ros2_ws/install/aruco_msgs/share/aruco_msgs/cmake/export_aruco_msgs__rosidl_generator_cppExport.cmake
[9.707s] -- Up-to-date: /home/ueshiba/ros2_ws/install/aruco_msgs/share/aruco_msgs/cmake/export_aruco_msgs__rosidl_typesupport_fastrtps_cppExport.cmake
[9.708s] -- Up-to-date: /home/ueshiba/ros2_ws/install/aruco_msgs/share/aruco_msgs/cmake/export_aruco_msgs__rosidl_typesupport_fastrtps_cppExport-noconfig.cmake
[9.708s] -- Up-to-date: /home/ueshiba/ros2_ws/install/aruco_msgs/share/aruco_msgs/cmake/aruco_msgs__rosidl_typesupport_introspection_cExport.cmake
[9.708s] -- Up-to-date: /home/ueshiba/ros2_ws/install/aruco_msgs/share/aruco_msgs/cmake/aruco_msgs__rosidl_typesupport_introspection_cExport-noconfig.cmake
[9.709s] -- Up-to-date: /home/ueshiba/ros2_ws/install/aruco_msgs/share/aruco_msgs/cmake/aruco_msgs__rosidl_typesupport_cExport.cmake
[9.709s] -- Up-to-date: /home/ueshiba/ros2_ws/install/aruco_msgs/share/aruco_msgs/cmake/aruco_msgs__rosidl_typesupport_cExport-noconfig.cmake
[9.709s] -- Up-to-date: /home/ueshiba/ros2_ws/install/aruco_msgs/share/aruco_msgs/cmake/aruco_msgs__rosidl_typesupport_introspection_cppExport.cmake
[9.709s] -- Up-to-date: /home/ueshiba/ros2_ws/install/aruco_msgs/share/aruco_msgs/cmake/aruco_msgs__rosidl_typesupport_introspection_cppExport-noconfig.cmake
[9.709s] -- Up-to-date: /home/ueshiba/ros2_ws/install/aruco_msgs/share/aruco_msgs/cmake/aruco_msgs__rosidl_typesupport_cppExport.cmake
[9.710s] -- Up-to-date: /home/ueshiba/ros2_ws/install/aruco_msgs/share/aruco_msgs/cmake/aruco_msgs__rosidl_typesupport_cppExport-noconfig.cmake
[9.710s] -- Up-to-date: /home/ueshiba/ros2_ws/install/aruco_msgs/share/aruco_msgs/cmake/export_aruco_msgs__rosidl_generator_pyExport.cmake
[9.710s] -- Up-to-date: /home/ueshiba/ros2_ws/install/aruco_msgs/share/aruco_msgs/cmake/export_aruco_msgs__rosidl_generator_pyExport-noconfig.cmake
[9.714s] Invoked command in '/home/ueshiba/ros2_ws/build/aruco_msgs' returned '0': CMAKE_PREFIX_PATH=${CMAKE_PREFIX_PATH}:/home/ueshiba/ros2_ws/install/rqt_reconfigure:/opt/ros/rolling PS1=\[\e]0;\u@\h: \w\a\]\h% /usr/bin/cmake --install /home/ueshiba/ros2_ws/build/aruco_msgs
