-- The C compiler identification is GNU 11.4.0
-- The CXX compiler identification is GNU 11.4.0
-- Detecting C compiler ABI info
-- Detecting C compiler ABI info - done
-- Check for working C compiler: /usr/bin/cc - skipped
-- Detecting C compile features
-- Detecting C compile features - done
-- Detecting CXX compiler ABI info
-- Detecting CXX compiler ABI info - done
-- Check for working CXX compiler: /usr/bin/c++ - skipped
-- Detecting CXX compile features
-- Detecting CXX compile features - done
-- Setting build type to 'Release' as none was specified.
-- Found ament_cmake: 2.3.2 (/opt/ros/rolling/share/ament_cmake/cmake)
-- Found Python3: /usr/bin/python3.10 (found version "3.10.12") found components: Interpreter 
-- Override CMake install command with custom implementation using symlinks instead of copying resources
-- Found rclcpp_components: 27.0.0 (/opt/ros/rolling/share/rclcpp_components/cmake)
-- Found rosidl_generator_c: 4.5.1 (/opt/ros/rolling/share/rosidl_generator_c/cmake)
-- Found rosidl_generator_cpp: 4.5.1 (/opt/ros/rolling/share/rosidl_generator_cpp/cmake)
-- Using all available rosidl_typesupport_c: rosidl_typesupport_fastrtps_c;rosidl_typesupport_introspection_c
-- Using all available rosidl_typesupport_cpp: rosidl_typesupport_fastrtps_cpp;rosidl_typesupport_introspection_cpp
-- Found rmw_implementation_cmake: 7.3.0 (/opt/ros/rolling/share/rmw_implementation_cmake/cmake)
-- Found rmw_fastrtps_cpp: 8.2.0 (/opt/ros/rolling/share/rmw_fastrtps_cpp/cmake)
-- Found OpenSSL: /usr/lib/x86_64-linux-gnu/libcrypto.so (found version "3.0.2")  
-- Found FastRTPS: /opt/ros/rolling/include  
-- Using RMW implementation 'rmw_fastrtps_cpp' as default
-- Found image_transport: 5.1.0 (/opt/ros/rolling/share/image_transport/cmake)
-- Found ddynamic_reconfigure2: 1.0.0 (/home/ueshiba/ros2_ws/install/ddynamic_reconfigure2/share/ddynamic_reconfigure2/cmake)
-- Found aist_utility: 1.0.0 (/home/ueshiba/ros2_ws/install/aist_utility/share/aist_utility/cmake)
-- Found eigen3_cmake_module: 0.3.0 (/opt/ros/rolling/share/eigen3_cmake_module/cmake)
-- Found Eigen3: TRUE (found version "3.4.0") 
-- Ensuring Eigen3 include directory is part of orocos-kdl CMake target
-- Checking for module 'eigen3'
--   Found eigen3, version 3.4.0
-- Found Eigen: /usr/include/eigen3 (Required is at least version "3.1") 
-- Eigen found (include: /usr/include/eigen3, version: 3.4.0)
-- Checking for module 'flann'
--   Found flann, version 1.9.1
-- Found FLANN: /usr/lib/x86_64-linux-gnu/libflann_cpp.so  
-- FLANN found (include: /usr/include, lib: /usr/lib/x86_64-linux-gnu/libflann_cpp.so)
-- Checking for module 'libusb-1.0'
--   Found libusb-1.0, version 1.0.25
-- Found libusb: /usr/lib/x86_64-linux-gnu/libusb-1.0.so  
-- OpenNI found (version: 1.5.4.0, include: /usr/include/ni, lib: /usr/lib/libOpenNI.so;libusb::libusb)
-- OpenNI2 found (version: 2.2.0.33, include: /usr/include/openni2, lib: /usr/lib/x86_64-linux-gnu/libOpenNI2.so;libusb::libusb)
-- Eigen found (include: /usr/include/eigen3, version: 3.4.0)
-- OpenNI found (version: 1.5.4.0, include: /usr/include/ni, lib: /usr/lib/libOpenNI.so;libusb::libusb)
-- OpenNI2 found (version: 2.2.0.33, include: /usr/include/openni2, lib: /usr/lib/x86_64-linux-gnu/libOpenNI2.so;libusb::libusb)
-- Found Qhull version 8.0.2
-- OpenNI found (version: 1.5.4.0, include: /usr/include/ni, lib: /usr/lib/libOpenNI.so;libusb::libusb)
-- Found PCL_COMMON: /usr/lib/x86_64-linux-gnu/libpcl_common.so  
-- Found PCL_KDTREE: /usr/lib/x86_64-linux-gnu/libpcl_kdtree.so  
-- Found PCL_OCTREE: /usr/lib/x86_64-linux-gnu/libpcl_octree.so  
-- Found PCL_SEARCH: /usr/lib/x86_64-linux-gnu/libpcl_search.so  
-- Found PCL_SAMPLE_CONSENSUS: /usr/lib/x86_64-linux-gnu/libpcl_sample_consensus.so  
-- Found PCL_FILTERS: /usr/lib/x86_64-linux-gnu/libpcl_filters.so  
-- Found PCL_2D: /usr/include/pcl-1.12  
-- Found PCL_GEOMETRY: /usr/include/pcl-1.12  
-- Found PCL_IO: /usr/lib/x86_64-linux-gnu/libpcl_io.so  
-- Found PCL_FEATURES: /usr/lib/x86_64-linux-gnu/libpcl_features.so  
-- Found PCL_ML: /usr/lib/x86_64-linux-gnu/libpcl_ml.so  
-- Found PCL_SEGMENTATION: /usr/lib/x86_64-linux-gnu/libpcl_segmentation.so  
-- Found PCL_VISUALIZATION: /usr/lib/x86_64-linux-gnu/libpcl_visualization.so  
-- Found PCL_SURFACE: /usr/lib/x86_64-linux-gnu/libpcl_surface.so  
-- Found PCL_REGISTRATION: /usr/lib/x86_64-linux-gnu/libpcl_registration.so  
-- Found PCL_KEYPOINTS: /usr/lib/x86_64-linux-gnu/libpcl_keypoints.so  
-- Found PCL_TRACKING: /usr/lib/x86_64-linux-gnu/libpcl_tracking.so  
-- Found PCL_RECOGNITION: /usr/lib/x86_64-linux-gnu/libpcl_recognition.so  
-- Found PCL_STEREO: /usr/lib/x86_64-linux-gnu/libpcl_stereo.so  
-- Found PCL_APPS: /usr/lib/x86_64-linux-gnu/libpcl_apps.so  
-- Found PCL_IN_HAND_SCANNER: /usr/include/pcl-1.12  
-- Found PCL_MODELER: /usr/include/pcl-1.12  
-- Found PCL_POINT_CLOUD_EDITOR: /usr/include/pcl-1.12  
-- Found PCL_OUTOFCORE: /usr/lib/x86_64-linux-gnu/libpcl_outofcore.so  
-- Found PCL_PEOPLE: /usr/lib/x86_64-linux-gnu/libpcl_people.so  
-- Found Threads: TRUE  
-- Found CUDA: /usr/local/cuda-12.5 (found version "12.5") 
-- Found ament_lint_auto: 0.16.3 (/opt/ros/rolling/share/ament_lint_auto/cmake)
-- Added test 'cppcheck' to perform static code analysis on C / C++ code
-- Configured cppcheck include dirs: $<BUILD_INTERFACE:/home/ueshiba/ros2_ws/src/cu_bridge/include>
-- Configured cppcheck exclude dirs and/or files: 
-- Added test 'flake8' to check Python code syntax and style conventions
-- Configured 'flake8' exclude dirs and/or files: 
-- Added test 'lint_cmake' to check CMake code style
-- Added test 'pep257' to check Python code against some of the docstring style conventions in PEP 257
-- Added test 'uncrustify' to check C / C++ code style
-- Configured uncrustify additional arguments: 
-- Added test 'xmllint' to check XML markup files
-- Configuring done
-- Generating done
-- Build files have been written to: /home/ueshiba/ros2_ws/build/cu_bridge
[ 80%] [34m[1mBuilding NVCC (Device) object CMakeFiles/cu_bridge.dir/src/cu_bridge_generated_recover_test.cu.o[0m
[ 80%] [34m[1mBuilding NVCC (Device) object CMakeFiles/cu_bridge.dir/src/cu_bridge_generated_normal_test.cu.o[0m
[ 80%] [34m[1mBuilding NVCC (Device) object CMakeFiles/cu_bridge.dir/src/cu_bridge_generated_gauss_test.cu.o[0m
[ 80%] [34m[1mBuilding NVCC (Device) object CMakeFiles/cu_bridge.dir/src/cu_bridge_generated_undistort_test.cu.o[0m
/opt/ros/rolling/include/rclcpp/rclcpp/logger.hpp(107): warning #970-D: the qualifier on this friend declaration is ignored
    friend Logger rclcpp::get_logger(const std::string & name);
                  ^

Remark: The warnings can be suppressed with "-diag-suppress <warning-number>"

/opt/ros/rolling/include/rclcpp/rclcpp/network_flow_endpoint.hpp(92): warning #970-D: the qualifier on this friend declaration is ignored
    friend bool rclcpp::operator==(
                ^

/opt/ros/rolling/include/rclcpp/rclcpp/network_flow_endpoint.hpp(95): warning #970-D: the qualifier on this friend declaration is ignored
    friend bool rclcpp::operator!=(
                ^

/opt/ros/rolling/include/rclcpp/rclcpp/network_flow_endpoint.hpp(100): warning #970-D: the qualifier on this friend declaration is ignored
    friend std::ostream & rclcpp::operator<<(
                          ^

/opt/ros/rolling/include/rclcpp/rclcpp/logger.hpp(107): warning #970-D: the qualifier on this friend declaration is ignored
    friend Logger rclcpp::get_logger(const std::string & name);
                  ^

Remark: The warnings can be suppressed with "-diag-suppress <warning-number>"

/opt/ros/rolling/include/rclcpp/rclcpp/network_flow_endpoint.hpp(92): warning #970-D: the qualifier on this friend declaration is ignored
    friend bool rclcpp::operator==(
                ^

/opt/ros/rolling/include/rclcpp/rclcpp/network_flow_endpoint.hpp(95): warning #970-D: the qualifier on this friend declaration is ignored
    friend bool rclcpp::operator!=(
                ^

/opt/ros/rolling/include/rclcpp/rclcpp/network_flow_endpoint.hpp(100): warning #970-D: the qualifier on this friend declaration is ignored
    friend std::ostream & rclcpp::operator<<(
                          ^

/opt/ros/rolling/include/rclcpp/rclcpp/logger.hpp(107): warning #970-D: the qualifier on this friend declaration is ignored
    friend Logger rclcpp::get_logger(const std::string & name);
                  ^

Remark: The warnings can be suppressed with "-diag-suppress <warning-number>"

/opt/ros/rolling/include/rclcpp/rclcpp/network_flow_endpoint.hpp(92): warning #970-D: the qualifier on this friend declaration is ignored
    friend bool rclcpp::operator==(
                ^

/opt/ros/rolling/include/rclcpp/rclcpp/network_flow_endpoint.hpp(95): warning #970-D: the qualifier on this friend declaration is ignored
    friend bool rclcpp::operator!=(
                ^

/opt/ros/rolling/include/rclcpp/rclcpp/network_flow_endpoint.hpp(100): warning #970-D: the qualifier on this friend declaration is ignored
    friend std::ostream & rclcpp::operator<<(
                          ^

/opt/ros/rolling/include/rclcpp/rclcpp/logger.hpp(107): warning #970-D: the qualifier on this friend declaration is ignored
    friend Logger rclcpp::get_logger(const std::string & name);
                  ^

Remark: The warnings can be suppressed with "-diag-suppress <warning-number>"

/opt/ros/rolling/include/rclcpp/rclcpp/network_flow_endpoint.hpp(92): warning #970-D: the qualifier on this friend declaration is ignored
    friend bool rclcpp::operator==(
                ^

/opt/ros/rolling/include/rclcpp/rclcpp/network_flow_endpoint.hpp(95): warning #970-D: the qualifier on this friend declaration is ignored
    friend bool rclcpp::operator!=(
                ^

/opt/ros/rolling/include/rclcpp/rclcpp/network_flow_endpoint.hpp(100): warning #970-D: the qualifier on this friend declaration is ignored
    friend std::ostream & rclcpp::operator<<(
                          ^

/opt/ros/rolling/include/rclcpp/rclcpp/executors.hpp(67): warning #737-D: using-declaration ignored -- it refers to the current namespace
  using rclcpp::executors::MultiThreadedExecutor;
        ^

/opt/ros/rolling/include/rclcpp/rclcpp/executors.hpp(68): warning #737-D: using-declaration ignored -- it refers to the current namespace
  using rclcpp::executors::SingleThreadedExecutor;
        ^

/opt/ros/rolling/include/rclcpp/rclcpp/executors.hpp(67): warning #737-D: using-declaration ignored -- it refers to the current namespace
  using rclcpp::executors::MultiThreadedExecutor;
        ^

/opt/ros/rolling/include/rclcpp/rclcpp/executors.hpp(68): warning #737-D: using-declaration ignored -- it refers to the current namespace
  using rclcpp::executors::SingleThreadedExecutor;
        ^

/opt/ros/rolling/include/rclcpp/rclcpp/executors.hpp(67): warning #737-D: using-declaration ignored -- it refers to the current namespace
  using rclcpp::executors::MultiThreadedExecutor;
        ^

/opt/ros/rolling/include/rclcpp/rclcpp/executors.hpp(68): warning #737-D: using-declaration ignored -- it refers to the current namespace
  using rclcpp::executors::SingleThreadedExecutor;
        ^

/opt/ros/rolling/include/rclcpp/rclcpp/logger.hpp(107): warning #970-D: the qualifier on this friend declaration is ignored
    friend Logger rclcpp::get_logger(const std::string & name);
                  ^

Remark: The warnings can be suppressed with "-diag-suppress <warning-number>"

/opt/ros/rolling/include/rclcpp/rclcpp/network_flow_endpoint.hpp(92): warning #970-D: the qualifier on this friend declaration is ignored
    friend bool rclcpp::operator==(
                ^

/opt/ros/rolling/include/rclcpp/rclcpp/network_flow_endpoint.hpp(95): warning #970-D: the qualifier on this friend declaration is ignored
    friend bool rclcpp::operator!=(
                ^

/opt/ros/rolling/include/rclcpp/rclcpp/network_flow_endpoint.hpp(100): warning #970-D: the qualifier on this friend declaration is ignored
    friend std::ostream & rclcpp::operator<<(
                          ^

/opt/ros/rolling/include/rclcpp/rclcpp/logger.hpp(107): warning #970-D: the qualifier on this friend declaration is ignored
    friend Logger rclcpp::get_logger(const std::string & name);
                  ^

Remark: The warnings can be suppressed with "-diag-suppress <warning-number>"

/opt/ros/rolling/include/rclcpp/rclcpp/network_flow_endpoint.hpp(92): warning #970-D: the qualifier on this friend declaration is ignored
    friend bool rclcpp::operator==(
                ^

/opt/ros/rolling/include/rclcpp/rclcpp/network_flow_endpoint.hpp(95): warning #970-D: the qualifier on this friend declaration is ignored
    friend bool rclcpp::operator!=(
                ^

/opt/ros/rolling/include/rclcpp/rclcpp/network_flow_endpoint.hpp(100): warning #970-D: the qualifier on this friend declaration is ignored
    friend std::ostream & rclcpp::operator<<(
                          ^

/opt/ros/rolling/include/rclcpp/rclcpp/logger.hpp(107): warning #970-D: the qualifier on this friend declaration is ignored
    friend Logger rclcpp::get_logger(const std::string & name);
                  ^

Remark: The warnings can be suppressed with "-diag-suppress <warning-number>"

/opt/ros/rolling/include/rclcpp/rclcpp/network_flow_endpoint.hpp(92): warning #970-D: the qualifier on this friend declaration is ignored
    friend bool rclcpp::operator==(
                ^

/opt/ros/rolling/include/rclcpp/rclcpp/network_flow_endpoint.hpp(95): warning #970-D: the qualifier on this friend declaration is ignored
    friend bool rclcpp::operator!=(
                ^

/opt/ros/rolling/include/rclcpp/rclcpp/network_flow_endpoint.hpp(100): warning #970-D: the qualifier on this friend declaration is ignored
    friend std::ostream & rclcpp::operator<<(
                          ^

/opt/ros/rolling/include/rclcpp/rclcpp/executors.hpp(67): warning #737-D: using-declaration ignored -- it refers to the current namespace
  using rclcpp::executors::MultiThreadedExecutor;
        ^

/opt/ros/rolling/include/rclcpp/rclcpp/executors.hpp(68): warning #737-D: using-declaration ignored -- it refers to the current namespace
  using rclcpp::executors::SingleThreadedExecutor;
        ^

/opt/ros/rolling/include/rclcpp/rclcpp/logger.hpp(107): warning #970-D: the qualifier on this friend declaration is ignored
    friend Logger rclcpp::get_logger(const std::string & name);
                  ^

Remark: The warnings can be suppressed with "-diag-suppress <warning-number>"

/opt/ros/rolling/include/rclcpp/rclcpp/network_flow_endpoint.hpp(92): warning #970-D: the qualifier on this friend declaration is ignored
    friend bool rclcpp::operator==(
                ^

/opt/ros/rolling/include/rclcpp/rclcpp/network_flow_endpoint.hpp(95): warning #970-D: the qualifier on this friend declaration is ignored
    friend bool rclcpp::operator!=(
                ^

/opt/ros/rolling/include/rclcpp/rclcpp/network_flow_endpoint.hpp(100): warning #970-D: the qualifier on this friend declaration is ignored
    friend std::ostream & rclcpp::operator<<(
                          ^

/opt/ros/rolling/include/rclcpp/rclcpp/executors.hpp(67): warning #737-D: using-declaration ignored -- it refers to the current namespace
  using rclcpp::executors::MultiThreadedExecutor;
        ^

/opt/ros/rolling/include/rclcpp/rclcpp/executors.hpp(68): warning #737-D: using-declaration ignored -- it refers to the current namespace
  using rclcpp::executors::SingleThreadedExecutor;
        ^

/opt/ros/rolling/include/rclcpp/rclcpp/executors.hpp(67): warning #737-D: using-declaration ignored -- it refers to the current namespace
  using rclcpp::executors::MultiThreadedExecutor;
        ^

/opt/ros/rolling/include/rclcpp/rclcpp/executors.hpp(68): warning #737-D: using-declaration ignored -- it refers to the current namespace
  using rclcpp::executors::SingleThreadedExecutor;
        ^

[100%] [32m[1mLinking CXX shared library libcu_bridge.so[0m
[100%] Built target cu_bridge
-- Install configuration: "Release"
-- Execute custom install script
-- Up-to-date symlink: /home/ueshiba/ros2_ws/install/cu_bridge/include/cu_bridge/cu_bridge.hpp
-- Up-to-date symlink: /home/ueshiba/ros2_ws/install/cu_bridge/share/cu_bridge//launch/phoxi.rviz
-- Up-to-date symlink: /home/ueshiba/ros2_ws/install/cu_bridge/share/cu_bridge//launch/realsense.rviz
-- Up-to-date symlink: /home/ueshiba/ros2_ws/install/cu_bridge/share/cu_bridge//launch/test.launch.py
-- Up-to-date symlink: /home/ueshiba/ros2_ws/install/cu_bridge/share/cu_bridge/environment/library_path.sh
-- Up-to-date symlink: /home/ueshiba/ros2_ws/install/cu_bridge/share/cu_bridge/environment/library_path.dsv
-- Up-to-date symlink: /home/ueshiba/ros2_ws/install/cu_bridge/share/ament_index/resource_index/package_run_dependencies/cu_bridge
-- Up-to-date symlink: /home/ueshiba/ros2_ws/install/cu_bridge/share/ament_index/resource_index/parent_prefix_path/cu_bridge
-- Up-to-date symlink: /home/ueshiba/ros2_ws/install/cu_bridge/share/cu_bridge/environment/ament_prefix_path.sh
-- Up-to-date symlink: /home/ueshiba/ros2_ws/install/cu_bridge/share/cu_bridge/environment/ament_prefix_path.dsv
-- Up-to-date symlink: /home/ueshiba/ros2_ws/install/cu_bridge/share/cu_bridge/environment/path.sh
-- Up-to-date symlink: /home/ueshiba/ros2_ws/install/cu_bridge/share/cu_bridge/environment/path.dsv
-- Up-to-date symlink: /home/ueshiba/ros2_ws/install/cu_bridge/share/cu_bridge/local_setup.bash
-- Up-to-date symlink: /home/ueshiba/ros2_ws/install/cu_bridge/share/cu_bridge/local_setup.sh
-- Up-to-date symlink: /home/ueshiba/ros2_ws/install/cu_bridge/share/cu_bridge/local_setup.zsh
-- Up-to-date symlink: /home/ueshiba/ros2_ws/install/cu_bridge/share/cu_bridge/local_setup.dsv
-- Symlinking: /home/ueshiba/ros2_ws/install/cu_bridge/share/cu_bridge/package.dsv
-- Up-to-date symlink: /home/ueshiba/ros2_ws/install/cu_bridge/share/ament_index/resource_index/packages/cu_bridge
-- Up-to-date symlink: /home/ueshiba/ros2_ws/install/cu_bridge/share/ament_index/resource_index/rclcpp_components/cu_bridge
-- Up-to-date symlink: /home/ueshiba/ros2_ws/install/cu_bridge/share/cu_bridge/cmake/ament_cmake_export_libraries-extras.cmake
-- Up-to-date symlink: /home/ueshiba/ros2_ws/install/cu_bridge/share/cu_bridge/cmake/cu_bridgeConfig.cmake
-- Up-to-date symlink: /home/ueshiba/ros2_ws/install/cu_bridge/share/cu_bridge/cmake/cu_bridgeConfig-version.cmake
-- Up-to-date symlink: /home/ueshiba/ros2_ws/install/cu_bridge/share/cu_bridge/package.xml
-- Installing: /home/ueshiba/ros2_ws/install/cu_bridge/lib/libcu_bridge.so
