[0.010s] Invoking command in '/home/ueshiba/ros2_ws/build/cu_bridge': CMAKE_PREFIX_PATH=/home/ueshiba/ros2_ws/install/aist_utility:/home/ueshiba/ros2_ws/install/ddynamic_reconfigure2:/home/ueshiba/ros2_ws/install/aist_msgs:/home/ueshiba/ros2_ws/install/ur_simulation_gz:/home/ueshiba/ros2_ws/install/realsense2_description:/home/ueshiba/ros2_ws/install/realsense2_camera:/home/ueshiba/ros2_ws/install/realsense2_camera_msgs:/home/ueshiba/ros2_ws/install/cu_bridge:/home/ueshiba/ros2_ws/install/aist_handeye_calibration:/home/ueshiba/ros2_ws/install/aist_aruco_ros:/home/ueshiba/ros2_ws/install/aist_phoxi_camera:/home/ueshiba/ros2_ws/install/aist_camera_multiplexer:/home/ueshiba/ros2_ws/install/aruco_ros:/home/ueshiba/ros2_ws/install/aruco_msgs:/home/ueshiba/ros2_ws/install/aruco:/home/ueshiba/ros2_ws/install/aist_handeye_calibration_msgs:/home/ueshiba/ros2_ws/install/aist_description:/home/ueshiba/ros2_ws/install/aist_aruco_msgs:/home/ueshiba/ros2_ws/install/rqt_reconfigure:/opt/ros/rolling LD_LIBRARY_PATH=/home/ueshiba/ros2_ws/install/aist_utility/lib:/home/ueshiba/ros2_ws/install/aist_msgs/lib:/home/ueshiba/ros2_ws/install/realsense2_camera/lib:/home/ueshiba/ros2_ws/install/realsense2_camera_msgs/lib:/home/ueshiba/ros2_ws/install/cu_bridge/lib:/home/ueshiba/ros2_ws/install/aist_handeye_calibration/lib:/home/ueshiba/ros2_ws/install/aist_aruco_ros/lib:/home/ueshiba/ros2_ws/install/aist_phoxi_camera/lib:/home/ueshiba/ros2_ws/install/aist_camera_multiplexer/lib:/home/ueshiba/ros2_ws/install/ddynamic_reconfigure2/lib:/home/ueshiba/ros2_ws/install/aruco_ros/lib:/home/ueshiba/ros2_ws/install/aruco_msgs/lib:/home/ueshiba/ros2_ws/install/aruco/lib:/home/ueshiba/ros2_ws/install/aist_handeye_calibration_msgs/lib:/home/ueshiba/ros2_ws/install/aist_aruco_msgs/lib:/opt/ros/rolling/opt/rviz_ogre_vendor/lib:/opt/ros/rolling/lib/x86_64-linux-gnu:/opt/ros/rolling/lib:/usr/local/lib:/usr/lib64:/usr/local/cuda-12.5/lib64:/opt/Photoneo/PhoXiControl-1.13.1/API/lib PS1=\[\e]0;\u@\h: \w\a\]\h% PYTHONPATH=/home/ueshiba/ros2_ws/install/ddynamic_reconfigure2/lib/python3.10/site-packages:/home/ueshiba/ros2_ws/install/aist_msgs/lib/python3.10/site-packages:/home/ueshiba/ros2_ws/build/rqt_reconfigure/src:/home/ueshiba/ros2_ws/install/rqt_reconfigure/lib/python3.10/site-packages:/home/ueshiba/ros2_ws/install/realsense2_camera_msgs/lib/python3.10/site-packages:/home/ueshiba/ros2_ws/install/aist_handeye_calibration/lib/python3.10/site-packages:/home/ueshiba/ros2_ws/install/aist_camera_multiplexer/lib/python3.10/site-packages:/home/ueshiba/ros2_ws/install/aruco_msgs/lib/python3.10/site-packages:/home/ueshiba/ros2_ws/install/aist_handeye_calibration_msgs/lib/python3.10/site-packages:/home/ueshiba/ros2_ws/install/aist_aruco_msgs/lib/python3.10/site-packages:/opt/ros/rolling/lib/python3.10/site-packages /usr/bin/cmake /home/ueshiba/ros2_ws/src/cu_bridge -DAMENT_CMAKE_SYMLINK_INSTALL=1 -DCMAKE_INSTALL_PREFIX=/home/ueshiba/ros2_ws/install/cu_bridge
[0.045s] -- The C compiler identification is GNU 11.4.0
[0.077s] -- The CXX compiler identification is GNU 11.4.0
[0.081s] -- Detecting C compiler ABI info
[0.122s] -- Detecting C compiler ABI info - done
[0.128s] -- Check for working C compiler: /usr/bin/cc - skipped
[0.128s] -- Detecting C compile features
[0.128s] -- Detecting C compile features - done
[0.130s] -- Detecting CXX compiler ABI info
[0.177s] -- Detecting CXX compiler ABI info - done
[0.185s] -- Check for working CXX compiler: /usr/bin/c++ - skipped
[0.185s] -- Detecting CXX compile features
[0.186s] -- Detecting CXX compile features - done
[0.186s] -- Setting build type to 'Release' as none was specified.
[0.187s] -- Found ament_cmake: 2.3.2 (/opt/ros/rolling/share/ament_cmake/cmake)
[0.289s] -- Found Python3: /usr/bin/python3.10 (found version "3.10.12") found components: Interpreter 
[0.324s] -- Override CMake install command with custom implementation using symlinks instead of copying resources
[0.347s] -- Found rclcpp_components: 27.0.0 (/opt/ros/rolling/share/rclcpp_components/cmake)
[0.389s] -- Found rosidl_generator_c: 4.5.1 (/opt/ros/rolling/share/rosidl_generator_c/cmake)
[0.397s] -- Found rosidl_generator_cpp: 4.5.1 (/opt/ros/rolling/share/rosidl_generator_cpp/cmake)
[0.408s] -- Using all available rosidl_typesupport_c: rosidl_typesupport_fastrtps_c;rosidl_typesupport_introspection_c
[0.419s] -- Using all available rosidl_typesupport_cpp: rosidl_typesupport_fastrtps_cpp;rosidl_typesupport_introspection_cpp
[0.575s] -- Found rmw_implementation_cmake: 7.3.0 (/opt/ros/rolling/share/rmw_implementation_cmake/cmake)
[0.577s] -- Found rmw_fastrtps_cpp: 8.2.0 (/opt/ros/rolling/share/rmw_fastrtps_cpp/cmake)
[0.633s] -- Found OpenSSL: /usr/lib/x86_64-linux-gnu/libcrypto.so (found version "3.0.2")  
[0.650s] -- Found FastRTPS: /opt/ros/rolling/include  
[0.677s] -- Using RMW implementation 'rmw_fastrtps_cpp' as default
[0.790s] -- Found image_transport: 5.1.0 (/opt/ros/rolling/share/image_transport/cmake)
[0.918s] -- Found ddynamic_reconfigure2: 1.0.0 (/home/ueshiba/ros2_ws/install/ddynamic_reconfigure2/share/ddynamic_reconfigure2/cmake)
[0.918s] -- Found aist_utility: 1.0.0 (/home/ueshiba/ros2_ws/install/aist_utility/share/aist_utility/cmake)
[2.070s] -- Found eigen3_cmake_module: 0.3.0 (/opt/ros/rolling/share/eigen3_cmake_module/cmake)
[2.071s] -- Found Eigen3: TRUE (found version "3.4.0") 
[2.071s] -- Ensuring Eigen3 include directory is part of orocos-kdl CMake target
[2.231s] -- Checking for module 'eigen3'
[2.240s] --   Found eigen3, version 3.4.0
[2.260s] -- Found Eigen: /usr/include/eigen3 (Required is at least version "3.1") 
[2.260s] -- Eigen found (include: /usr/include/eigen3, version: 3.4.0)
[2.286s] -- Checking for module 'flann'
[2.295s] --   Found flann, version 1.9.1
[2.319s] -- Found FLANN: /usr/lib/x86_64-linux-gnu/libflann_cpp.so  
[2.319s] -- FLANN found (include: /usr/include, lib: /usr/lib/x86_64-linux-gnu/libflann_cpp.so)
[2.956s] -- Checking for module 'libusb-1.0'
[2.965s] --   Found libusb-1.0, version 1.0.25
[2.987s] -- Found libusb: /usr/lib/x86_64-linux-gnu/libusb-1.0.so  
[2.988s] -- OpenNI found (version: 1.5.4.0, include: /usr/include/ni, lib: /usr/lib/libOpenNI.so;libusb::libusb)
[3.023s] -- OpenNI2 found (version: 2.2.0.33, include: /usr/include/openni2, lib: /usr/lib/x86_64-linux-gnu/libOpenNI2.so;libusb::libusb)
[3.112s] -- Eigen found (include: /usr/include/eigen3, version: 3.4.0)
[3.115s] -- OpenNI found (version: 1.5.4.0, include: /usr/include/ni, lib: /usr/lib/libOpenNI.so;libusb::libusb)
[3.119s] -- OpenNI2 found (version: 2.2.0.33, include: /usr/include/openni2, lib: /usr/lib/x86_64-linux-gnu/libOpenNI2.so;libusb::libusb)
[3.202s] -- Found Qhull version 8.0.2
[3.288s] -- OpenNI found (version: 1.5.4.0, include: /usr/include/ni, lib: /usr/lib/libOpenNI.so;libusb::libusb)
[3.369s] -- Found PCL_COMMON: /usr/lib/x86_64-linux-gnu/libpcl_common.so  
[3.370s] -- Found PCL_KDTREE: /usr/lib/x86_64-linux-gnu/libpcl_kdtree.so  
[3.370s] -- Found PCL_OCTREE: /usr/lib/x86_64-linux-gnu/libpcl_octree.so  
[3.371s] -- Found PCL_SEARCH: /usr/lib/x86_64-linux-gnu/libpcl_search.so  
[3.371s] -- Found PCL_SAMPLE_CONSENSUS: /usr/lib/x86_64-linux-gnu/libpcl_sample_consensus.so  
[3.372s] -- Found PCL_FILTERS: /usr/lib/x86_64-linux-gnu/libpcl_filters.so  
[3.372s] -- Found PCL_2D: /usr/include/pcl-1.12  
[3.372s] -- Found PCL_GEOMETRY: /usr/include/pcl-1.12  
[3.372s] -- Found PCL_IO: /usr/lib/x86_64-linux-gnu/libpcl_io.so  
[3.373s] -- Found PCL_FEATURES: /usr/lib/x86_64-linux-gnu/libpcl_features.so  
[3.373s] -- Found PCL_ML: /usr/lib/x86_64-linux-gnu/libpcl_ml.so  
[3.374s] -- Found PCL_SEGMENTATION: /usr/lib/x86_64-linux-gnu/libpcl_segmentation.so  
[3.374s] -- Found PCL_VISUALIZATION: /usr/lib/x86_64-linux-gnu/libpcl_visualization.so  
[3.375s] -- Found PCL_SURFACE: /usr/lib/x86_64-linux-gnu/libpcl_surface.so  
[3.376s] -- Found PCL_REGISTRATION: /usr/lib/x86_64-linux-gnu/libpcl_registration.so  
[3.376s] -- Found PCL_KEYPOINTS: /usr/lib/x86_64-linux-gnu/libpcl_keypoints.so  
[3.377s] -- Found PCL_TRACKING: /usr/lib/x86_64-linux-gnu/libpcl_tracking.so  
[3.377s] -- Found PCL_RECOGNITION: /usr/lib/x86_64-linux-gnu/libpcl_recognition.so  
[3.378s] -- Found PCL_STEREO: /usr/lib/x86_64-linux-gnu/libpcl_stereo.so  
[3.378s] -- Found PCL_APPS: /usr/lib/x86_64-linux-gnu/libpcl_apps.so  
[3.379s] -- Found PCL_IN_HAND_SCANNER: /usr/include/pcl-1.12  
[3.379s] -- Found PCL_MODELER: /usr/include/pcl-1.12  
[3.379s] -- Found PCL_POINT_CLOUD_EDITOR: /usr/include/pcl-1.12  
[3.379s] -- Found PCL_OUTOFCORE: /usr/lib/x86_64-linux-gnu/libpcl_outofcore.so  
[3.380s] -- Found PCL_PEOPLE: /usr/lib/x86_64-linux-gnu/libpcl_people.so  
[3.537s] -- Found Threads: TRUE  
[3.541s] -- Found CUDA: /usr/local/cuda-12.5 (found version "12.5") 
[3.581s] -- Found ament_lint_auto: 0.16.3 (/opt/ros/rolling/share/ament_lint_auto/cmake)
[3.663s] -- Added test 'cppcheck' to perform static code analysis on C / C++ code
[3.663s] -- Configured cppcheck include dirs: $<BUILD_INTERFACE:/home/ueshiba/ros2_ws/src/cu_bridge/include>
[3.663s] -- Configured cppcheck exclude dirs and/or files: 
[3.665s] -- Added test 'flake8' to check Python code syntax and style conventions
[3.666s] -- Configured 'flake8' exclude dirs and/or files: 
[3.669s] -- Added test 'lint_cmake' to check CMake code style
[3.672s] -- Added test 'pep257' to check Python code against some of the docstring style conventions in PEP 257
[3.687s] -- Added test 'uncrustify' to check C / C++ code style
[3.687s] -- Configured uncrustify additional arguments: 
[3.689s] -- Added test 'xmllint' to check XML markup files
[3.691s] -- Configuring done
[3.721s] -- Generating done
[3.722s] -- Build files have been written to: /home/ueshiba/ros2_ws/build/cu_bridge
[3.736s] Invoked command in '/home/ueshiba/ros2_ws/build/cu_bridge' returned '0': CMAKE_PREFIX_PATH=/home/ueshiba/ros2_ws/install/aist_utility:/home/ueshiba/ros2_ws/install/ddynamic_reconfigure2:/home/ueshiba/ros2_ws/install/aist_msgs:/home/ueshiba/ros2_ws/install/ur_simulation_gz:/home/ueshiba/ros2_ws/install/realsense2_description:/home/ueshiba/ros2_ws/install/realsense2_camera:/home/ueshiba/ros2_ws/install/realsense2_camera_msgs:/home/ueshiba/ros2_ws/install/cu_bridge:/home/ueshiba/ros2_ws/install/aist_handeye_calibration:/home/ueshiba/ros2_ws/install/aist_aruco_ros:/home/ueshiba/ros2_ws/install/aist_phoxi_camera:/home/ueshiba/ros2_ws/install/aist_camera_multiplexer:/home/ueshiba/ros2_ws/install/aruco_ros:/home/ueshiba/ros2_ws/install/aruco_msgs:/home/ueshiba/ros2_ws/install/aruco:/home/ueshiba/ros2_ws/install/aist_handeye_calibration_msgs:/home/ueshiba/ros2_ws/install/aist_description:/home/ueshiba/ros2_ws/install/aist_aruco_msgs:/home/ueshiba/ros2_ws/install/rqt_reconfigure:/opt/ros/rolling LD_LIBRARY_PATH=/home/ueshiba/ros2_ws/install/aist_utility/lib:/home/ueshiba/ros2_ws/install/aist_msgs/lib:/home/ueshiba/ros2_ws/install/realsense2_camera/lib:/home/ueshiba/ros2_ws/install/realsense2_camera_msgs/lib:/home/ueshiba/ros2_ws/install/cu_bridge/lib:/home/ueshiba/ros2_ws/install/aist_handeye_calibration/lib:/home/ueshiba/ros2_ws/install/aist_aruco_ros/lib:/home/ueshiba/ros2_ws/install/aist_phoxi_camera/lib:/home/ueshiba/ros2_ws/install/aist_camera_multiplexer/lib:/home/ueshiba/ros2_ws/install/ddynamic_reconfigure2/lib:/home/ueshiba/ros2_ws/install/aruco_ros/lib:/home/ueshiba/ros2_ws/install/aruco_msgs/lib:/home/ueshiba/ros2_ws/install/aruco/lib:/home/ueshiba/ros2_ws/install/aist_handeye_calibration_msgs/lib:/home/ueshiba/ros2_ws/install/aist_aruco_msgs/lib:/opt/ros/rolling/opt/rviz_ogre_vendor/lib:/opt/ros/rolling/lib/x86_64-linux-gnu:/opt/ros/rolling/lib:/usr/local/lib:/usr/lib64:/usr/local/cuda-12.5/lib64:/opt/Photoneo/PhoXiControl-1.13.1/API/lib PS1=\[\e]0;\u@\h: \w\a\]\h% PYTHONPATH=/home/ueshiba/ros2_ws/install/ddynamic_reconfigure2/lib/python3.10/site-packages:/home/ueshiba/ros2_ws/install/aist_msgs/lib/python3.10/site-packages:/home/ueshiba/ros2_ws/build/rqt_reconfigure/src:/home/ueshiba/ros2_ws/install/rqt_reconfigure/lib/python3.10/site-packages:/home/ueshiba/ros2_ws/install/realsense2_camera_msgs/lib/python3.10/site-packages:/home/ueshiba/ros2_ws/install/aist_handeye_calibration/lib/python3.10/site-packages:/home/ueshiba/ros2_ws/install/aist_camera_multiplexer/lib/python3.10/site-packages:/home/ueshiba/ros2_ws/install/aruco_msgs/lib/python3.10/site-packages:/home/ueshiba/ros2_ws/install/aist_handeye_calibration_msgs/lib/python3.10/site-packages:/home/ueshiba/ros2_ws/install/aist_aruco_msgs/lib/python3.10/site-packages:/opt/ros/rolling/lib/python3.10/site-packages /usr/bin/cmake /home/ueshiba/ros2_ws/src/cu_bridge -DAMENT_CMAKE_SYMLINK_INSTALL=1 -DCMAKE_INSTALL_PREFIX=/home/ueshiba/ros2_ws/install/cu_bridge
[3.736s] Invoking command in '/home/ueshiba/ros2_ws/build/cu_bridge': CMAKE_PREFIX_PATH=/home/ueshiba/ros2_ws/install/aist_utility:/home/ueshiba/ros2_ws/install/ddynamic_reconfigure2:/home/ueshiba/ros2_ws/install/aist_msgs:/home/ueshiba/ros2_ws/install/ur_simulation_gz:/home/ueshiba/ros2_ws/install/realsense2_description:/home/ueshiba/ros2_ws/install/realsense2_camera:/home/ueshiba/ros2_ws/install/realsense2_camera_msgs:/home/ueshiba/ros2_ws/install/cu_bridge:/home/ueshiba/ros2_ws/install/aist_handeye_calibration:/home/ueshiba/ros2_ws/install/aist_aruco_ros:/home/ueshiba/ros2_ws/install/aist_phoxi_camera:/home/ueshiba/ros2_ws/install/aist_camera_multiplexer:/home/ueshiba/ros2_ws/install/aruco_ros:/home/ueshiba/ros2_ws/install/aruco_msgs:/home/ueshiba/ros2_ws/install/aruco:/home/ueshiba/ros2_ws/install/aist_handeye_calibration_msgs:/home/ueshiba/ros2_ws/install/aist_description:/home/ueshiba/ros2_ws/install/aist_aruco_msgs:/home/ueshiba/ros2_ws/install/rqt_reconfigure:/opt/ros/rolling LD_LIBRARY_PATH=/home/ueshiba/ros2_ws/install/aist_utility/lib:/home/ueshiba/ros2_ws/install/aist_msgs/lib:/home/ueshiba/ros2_ws/install/realsense2_camera/lib:/home/ueshiba/ros2_ws/install/realsense2_camera_msgs/lib:/home/ueshiba/ros2_ws/install/cu_bridge/lib:/home/ueshiba/ros2_ws/install/aist_handeye_calibration/lib:/home/ueshiba/ros2_ws/install/aist_aruco_ros/lib:/home/ueshiba/ros2_ws/install/aist_phoxi_camera/lib:/home/ueshiba/ros2_ws/install/aist_camera_multiplexer/lib:/home/ueshiba/ros2_ws/install/ddynamic_reconfigure2/lib:/home/ueshiba/ros2_ws/install/aruco_ros/lib:/home/ueshiba/ros2_ws/install/aruco_msgs/lib:/home/ueshiba/ros2_ws/install/aruco/lib:/home/ueshiba/ros2_ws/install/aist_handeye_calibration_msgs/lib:/home/ueshiba/ros2_ws/install/aist_aruco_msgs/lib:/opt/ros/rolling/opt/rviz_ogre_vendor/lib:/opt/ros/rolling/lib/x86_64-linux-gnu:/opt/ros/rolling/lib:/usr/local/lib:/usr/lib64:/usr/local/cuda-12.5/lib64:/opt/Photoneo/PhoXiControl-1.13.1/API/lib PS1=\[\e]0;\u@\h: \w\a\]\h% PYTHONPATH=/home/ueshiba/ros2_ws/install/ddynamic_reconfigure2/lib/python3.10/site-packages:/home/ueshiba/ros2_ws/install/aist_msgs/lib/python3.10/site-packages:/home/ueshiba/ros2_ws/build/rqt_reconfigure/src:/home/ueshiba/ros2_ws/install/rqt_reconfigure/lib/python3.10/site-packages:/home/ueshiba/ros2_ws/install/realsense2_camera_msgs/lib/python3.10/site-packages:/home/ueshiba/ros2_ws/install/aist_handeye_calibration/lib/python3.10/site-packages:/home/ueshiba/ros2_ws/install/aist_camera_multiplexer/lib/python3.10/site-packages:/home/ueshiba/ros2_ws/install/aruco_msgs/lib/python3.10/site-packages:/home/ueshiba/ros2_ws/install/aist_handeye_calibration_msgs/lib/python3.10/site-packages:/home/ueshiba/ros2_ws/install/aist_aruco_msgs/lib/python3.10/site-packages:/opt/ros/rolling/lib/python3.10/site-packages /usr/bin/cmake --build /home/ueshiba/ros2_ws/build/cu_bridge -- -j24 -l24
[3.763s] [ 80%] [34m[1mBuilding NVCC (Device) object CMakeFiles/cu_bridge.dir/src/cu_bridge_generated_recover_test.cu.o[0m
[3.763s] [ 80%] [34m[1mBuilding NVCC (Device) object CMakeFiles/cu_bridge.dir/src/cu_bridge_generated_normal_test.cu.o[0m
[3.763s] [ 80%] [34m[1mBuilding NVCC (Device) object CMakeFiles/cu_bridge.dir/src/cu_bridge_generated_gauss_test.cu.o[0m
[3.763s] [ 80%] [34m[1mBuilding NVCC (Device) object CMakeFiles/cu_bridge.dir/src/cu_bridge_generated_undistort_test.cu.o[0m
[5.813s] /opt/ros/rolling/include/rclcpp/rclcpp/logger.hpp(107): warning #970-D: the qualifier on this friend declaration is ignored
[5.813s]     friend Logger rclcpp::get_logger(const std::string & name);
[5.813s]                   ^
[5.813s] 
[5.813s] Remark: The warnings can be suppressed with "-diag-suppress <warning-number>"
[5.813s] 
[5.839s] /opt/ros/rolling/include/rclcpp/rclcpp/network_flow_endpoint.hpp(92): warning #970-D: the qualifier on this friend declaration is ignored
[5.839s]     friend bool rclcpp::operator==(
[5.839s]                 ^
[5.839s] 
[5.840s] /opt/ros/rolling/include/rclcpp/rclcpp/network_flow_endpoint.hpp(95): warning #970-D: the qualifier on this friend declaration is ignored
[5.840s]     friend bool rclcpp::operator!=(
[5.840s]                 ^
[5.840s] 
[5.840s] /opt/ros/rolling/include/rclcpp/rclcpp/network_flow_endpoint.hpp(100): warning #970-D: the qualifier on this friend declaration is ignored
[5.840s]     friend std::ostream & rclcpp::operator<<(
[5.840s]                           ^
[5.840s] 
[6.045s] /opt/ros/rolling/include/rclcpp/rclcpp/logger.hpp(107): warning #970-D: the qualifier on this friend declaration is ignored
[6.046s]     friend Logger rclcpp::get_logger(const std::string & name);
[6.046s]                   ^
[6.046s] 
[6.046s] Remark: The warnings can be suppressed with "-diag-suppress <warning-number>"
[6.046s] 
[6.073s] /opt/ros/rolling/include/rclcpp/rclcpp/network_flow_endpoint.hpp(92): warning #970-D: the qualifier on this friend declaration is ignored
[6.073s]     friend bool rclcpp::operator==(
[6.073s]                 ^
[6.073s] 
[6.073s] /opt/ros/rolling/include/rclcpp/rclcpp/network_flow_endpoint.hpp(95): warning #970-D: the qualifier on this friend declaration is ignored
[6.073s]     friend bool rclcpp::operator!=(
[6.073s]                 ^
[6.073s] 
[6.073s] /opt/ros/rolling/include/rclcpp/rclcpp/network_flow_endpoint.hpp(100): warning #970-D: the qualifier on this friend declaration is ignored
[6.073s]     friend std::ostream & rclcpp::operator<<(
[6.073s]                           ^
[6.073s] 
[6.078s] /opt/ros/rolling/include/rclcpp/rclcpp/logger.hpp(107): warning #970-D: the qualifier on this friend declaration is ignored
[6.078s]     friend Logger rclcpp::get_logger(const std::string & name);
[6.078s]                   ^
[6.078s] 
[6.078s] Remark: The warnings can be suppressed with "-diag-suppress <warning-number>"
[6.078s] 
[6.104s] /opt/ros/rolling/include/rclcpp/rclcpp/network_flow_endpoint.hpp(92): warning #970-D: the qualifier on this friend declaration is ignored
[6.104s]     friend bool rclcpp::operator==(
[6.104s]                 ^
[6.104s] 
[6.104s] /opt/ros/rolling/include/rclcpp/rclcpp/network_flow_endpoint.hpp(95): warning #970-D: the qualifier on this friend declaration is ignored
[6.104s]     friend bool rclcpp::operator!=(
[6.104s]                 ^
[6.104s] 
[6.104s] /opt/ros/rolling/include/rclcpp/rclcpp/network_flow_endpoint.hpp(100): warning #970-D: the qualifier on this friend declaration is ignored
[6.105s]     friend std::ostream & rclcpp::operator<<(
[6.105s]                           ^
[6.105s] 
[6.201s] /opt/ros/rolling/include/rclcpp/rclcpp/logger.hpp(107): warning #970-D: the qualifier on this friend declaration is ignored
[6.201s]     friend Logger rclcpp::get_logger(const std::string & name);
[6.201s]                   ^
[6.201s] 
[6.201s] Remark: The warnings can be suppressed with "-diag-suppress <warning-number>"
[6.201s] 
[6.228s] /opt/ros/rolling/include/rclcpp/rclcpp/network_flow_endpoint.hpp(92): warning #970-D: the qualifier on this friend declaration is ignored
[6.228s]     friend bool rclcpp::operator==(
[6.228s]                 ^
[6.228s] 
[6.228s] /opt/ros/rolling/include/rclcpp/rclcpp/network_flow_endpoint.hpp(95): warning #970-D: the qualifier on this friend declaration is ignored
[6.228s]     friend bool rclcpp::operator!=(
[6.228s]                 ^
[6.228s] 
[6.228s] /opt/ros/rolling/include/rclcpp/rclcpp/network_flow_endpoint.hpp(100): warning #970-D: the qualifier on this friend declaration is ignored
[6.228s]     friend std::ostream & rclcpp::operator<<(
[6.228s]                           ^
[6.228s] 
[6.742s] /opt/ros/rolling/include/rclcpp/rclcpp/executors.hpp(67): warning #737-D: using-declaration ignored -- it refers to the current namespace
[6.742s]   using rclcpp::executors::MultiThreadedExecutor;
[6.742s]         ^
[6.742s] 
[6.742s] /opt/ros/rolling/include/rclcpp/rclcpp/executors.hpp(68): warning #737-D: using-declaration ignored -- it refers to the current namespace
[6.742s]   using rclcpp::executors::SingleThreadedExecutor;
[6.742s]         ^
[6.742s] 
[6.829s] /opt/ros/rolling/include/rclcpp/rclcpp/executors.hpp(67): warning #737-D: using-declaration ignored -- it refers to the current namespace
[6.829s]   using rclcpp::executors::MultiThreadedExecutor;
[6.829s]         ^
[6.829s] 
[6.829s] /opt/ros/rolling/include/rclcpp/rclcpp/executors.hpp(68): warning #737-D: using-declaration ignored -- it refers to the current namespace
[6.829s]   using rclcpp::executors::SingleThreadedExecutor;
[6.829s]         ^
[6.829s] 
[7.342s] /opt/ros/rolling/include/rclcpp/rclcpp/executors.hpp(67): warning #737-D: using-declaration ignored -- it refers to the current namespace
[7.342s]   using rclcpp::executors::MultiThreadedExecutor;
[7.342s]         ^
[7.342s] 
[7.342s] /opt/ros/rolling/include/rclcpp/rclcpp/executors.hpp(68): warning #737-D: using-declaration ignored -- it refers to the current namespace
[7.342s]   using rclcpp::executors::SingleThreadedExecutor;
[7.342s]         ^
[7.342s] 
[8.459s] /opt/ros/rolling/include/rclcpp/rclcpp/logger.hpp(107): warning #970-D: the qualifier on this friend declaration is ignored
[8.459s]     friend Logger rclcpp::get_logger(const std::string & name);
[8.459s]                   ^
[8.459s] 
[8.459s] Remark: The warnings can be suppressed with "-diag-suppress <warning-number>"
[8.459s] 
[8.473s] /opt/ros/rolling/include/rclcpp/rclcpp/network_flow_endpoint.hpp(92): warning #970-D: the qualifier on this friend declaration is ignored
[8.473s]     friend bool rclcpp::operator==(
[8.473s]                 ^
[8.473s] 
[8.473s] /opt/ros/rolling/include/rclcpp/rclcpp/network_flow_endpoint.hpp(95): warning #970-D: the qualifier on this friend declaration is ignored
[8.473s]     friend bool rclcpp::operator!=(
[8.473s]                 ^
[8.473s] 
[8.473s] /opt/ros/rolling/include/rclcpp/rclcpp/network_flow_endpoint.hpp(100): warning #970-D: the qualifier on this friend declaration is ignored
[8.473s]     friend std::ostream & rclcpp::operator<<(
[8.473s]                           ^
[8.473s] 
[11.868s] /opt/ros/rolling/include/rclcpp/rclcpp/logger.hpp(107): warning #970-D: the qualifier on this friend declaration is ignored
[11.868s]     friend Logger rclcpp::get_logger(const std::string & name);
[11.868s]                   ^
[11.868s] 
[11.868s] Remark: The warnings can be suppressed with "-diag-suppress <warning-number>"
[11.869s] 
[11.882s] /opt/ros/rolling/include/rclcpp/rclcpp/network_flow_endpoint.hpp(92): warning #970-D: the qualifier on this friend declaration is ignored
[11.883s]     friend bool rclcpp::operator==(
[11.883s]                 ^
[11.883s] 
[11.883s] /opt/ros/rolling/include/rclcpp/rclcpp/network_flow_endpoint.hpp(95): warning #970-D: the qualifier on this friend declaration is ignored
[11.883s]     friend bool rclcpp::operator!=(
[11.883s]                 ^
[11.883s] 
[11.883s] /opt/ros/rolling/include/rclcpp/rclcpp/network_flow_endpoint.hpp(100): warning #970-D: the qualifier on this friend declaration is ignored
[11.883s]     friend std::ostream & rclcpp::operator<<(
[11.883s]                           ^
[11.883s] 
[12.052s] /opt/ros/rolling/include/rclcpp/rclcpp/logger.hpp(107): warning #970-D: the qualifier on this friend declaration is ignored
[12.052s]     friend Logger rclcpp::get_logger(const std::string & name);
[12.052s]                   ^
[12.052s] 
[12.052s] Remark: The warnings can be suppressed with "-diag-suppress <warning-number>"
[12.052s] 
[12.066s] /opt/ros/rolling/include/rclcpp/rclcpp/network_flow_endpoint.hpp(92): warning #970-D: the qualifier on this friend declaration is ignored
[12.066s]     friend bool rclcpp::operator==(
[12.066s]                 ^
[12.066s] 
[12.066s] /opt/ros/rolling/include/rclcpp/rclcpp/network_flow_endpoint.hpp(95): warning #970-D: the qualifier on this friend declaration is ignored
[12.066s]     friend bool rclcpp::operator!=(
[12.066s]                 ^
[12.066s] 
[12.066s] /opt/ros/rolling/include/rclcpp/rclcpp/network_flow_endpoint.hpp(100): warning #970-D: the qualifier on this friend declaration is ignored
[12.066s]     friend std::ostream & rclcpp::operator<<(
[12.066s]                           ^
[12.067s] 
[12.335s] /opt/ros/rolling/include/rclcpp/rclcpp/executors.hpp(67): warning #737-D: using-declaration ignored -- it refers to the current namespace
[12.336s]   using rclcpp::executors::MultiThreadedExecutor;
[12.336s]         ^
[12.336s] 
[12.336s] /opt/ros/rolling/include/rclcpp/rclcpp/executors.hpp(68): warning #737-D: using-declaration ignored -- it refers to the current namespace
[12.336s]   using rclcpp::executors::SingleThreadedExecutor;
[12.336s]         ^
[12.336s] 
[12.671s] /opt/ros/rolling/include/rclcpp/rclcpp/logger.hpp(107): warning #970-D: the qualifier on this friend declaration is ignored
[12.671s]     friend Logger rclcpp::get_logger(const std::string & name);
[12.671s]                   ^
[12.671s] 
[12.671s] Remark: The warnings can be suppressed with "-diag-suppress <warning-number>"
[12.671s] 
[12.685s] /opt/ros/rolling/include/rclcpp/rclcpp/network_flow_endpoint.hpp(92): warning #970-D: the qualifier on this friend declaration is ignored
[12.686s]     friend bool rclcpp::operator==(
[12.686s]                 ^
[12.686s] 
[12.686s] /opt/ros/rolling/include/rclcpp/rclcpp/network_flow_endpoint.hpp(95): warning #970-D: the qualifier on this friend declaration is ignored
[12.686s]     friend bool rclcpp::operator!=(
[12.686s]                 ^
[12.686s] 
[12.686s] /opt/ros/rolling/include/rclcpp/rclcpp/network_flow_endpoint.hpp(100): warning #970-D: the qualifier on this friend declaration is ignored
[12.686s]     friend std::ostream & rclcpp::operator<<(
[12.686s]                           ^
[12.686s] 
[12.910s] /opt/ros/rolling/include/rclcpp/rclcpp/executors.hpp(67): warning #737-D: using-declaration ignored -- it refers to the current namespace
[12.910s]   using rclcpp::executors::MultiThreadedExecutor;
[12.910s]         ^
[12.910s] 
[12.910s] /opt/ros/rolling/include/rclcpp/rclcpp/executors.hpp(68): warning #737-D: using-declaration ignored -- it refers to the current namespace
[12.910s]   using rclcpp::executors::SingleThreadedExecutor;
[12.910s]         ^
[12.910s] 
[13.100s] /opt/ros/rolling/include/rclcpp/rclcpp/executors.hpp(67): warning #737-D: using-declaration ignored -- it refers to the current namespace
[13.100s]   using rclcpp::executors::MultiThreadedExecutor;
[13.100s]         ^
[13.100s] 
[13.100s] /opt/ros/rolling/include/rclcpp/rclcpp/executors.hpp(68): warning #737-D: using-declaration ignored -- it refers to the current namespace
[13.100s]   using rclcpp::executors::SingleThreadedExecutor;
[13.100s]         ^
[13.100s] 
[29.109s] [100%] [32m[1mLinking CXX shared library libcu_bridge.so[0m
[29.962s] [100%] Built target cu_bridge
[29.974s] Invoked command in '/home/ueshiba/ros2_ws/build/cu_bridge' returned '0': CMAKE_PREFIX_PATH=/home/ueshiba/ros2_ws/install/aist_utility:/home/ueshiba/ros2_ws/install/ddynamic_reconfigure2:/home/ueshiba/ros2_ws/install/aist_msgs:/home/ueshiba/ros2_ws/install/ur_simulation_gz:/home/ueshiba/ros2_ws/install/realsense2_description:/home/ueshiba/ros2_ws/install/realsense2_camera:/home/ueshiba/ros2_ws/install/realsense2_camera_msgs:/home/ueshiba/ros2_ws/install/cu_bridge:/home/ueshiba/ros2_ws/install/aist_handeye_calibration:/home/ueshiba/ros2_ws/install/aist_aruco_ros:/home/ueshiba/ros2_ws/install/aist_phoxi_camera:/home/ueshiba/ros2_ws/install/aist_camera_multiplexer:/home/ueshiba/ros2_ws/install/aruco_ros:/home/ueshiba/ros2_ws/install/aruco_msgs:/home/ueshiba/ros2_ws/install/aruco:/home/ueshiba/ros2_ws/install/aist_handeye_calibration_msgs:/home/ueshiba/ros2_ws/install/aist_description:/home/ueshiba/ros2_ws/install/aist_aruco_msgs:/home/ueshiba/ros2_ws/install/rqt_reconfigure:/opt/ros/rolling LD_LIBRARY_PATH=/home/ueshiba/ros2_ws/install/aist_utility/lib:/home/ueshiba/ros2_ws/install/aist_msgs/lib:/home/ueshiba/ros2_ws/install/realsense2_camera/lib:/home/ueshiba/ros2_ws/install/realsense2_camera_msgs/lib:/home/ueshiba/ros2_ws/install/cu_bridge/lib:/home/ueshiba/ros2_ws/install/aist_handeye_calibration/lib:/home/ueshiba/ros2_ws/install/aist_aruco_ros/lib:/home/ueshiba/ros2_ws/install/aist_phoxi_camera/lib:/home/ueshiba/ros2_ws/install/aist_camera_multiplexer/lib:/home/ueshiba/ros2_ws/install/ddynamic_reconfigure2/lib:/home/ueshiba/ros2_ws/install/aruco_ros/lib:/home/ueshiba/ros2_ws/install/aruco_msgs/lib:/home/ueshiba/ros2_ws/install/aruco/lib:/home/ueshiba/ros2_ws/install/aist_handeye_calibration_msgs/lib:/home/ueshiba/ros2_ws/install/aist_aruco_msgs/lib:/opt/ros/rolling/opt/rviz_ogre_vendor/lib:/opt/ros/rolling/lib/x86_64-linux-gnu:/opt/ros/rolling/lib:/usr/local/lib:/usr/lib64:/usr/local/cuda-12.5/lib64:/opt/Photoneo/PhoXiControl-1.13.1/API/lib PS1=\[\e]0;\u@\h: \w\a\]\h% PYTHONPATH=/home/ueshiba/ros2_ws/install/ddynamic_reconfigure2/lib/python3.10/site-packages:/home/ueshiba/ros2_ws/install/aist_msgs/lib/python3.10/site-packages:/home/ueshiba/ros2_ws/build/rqt_reconfigure/src:/home/ueshiba/ros2_ws/install/rqt_reconfigure/lib/python3.10/site-packages:/home/ueshiba/ros2_ws/install/realsense2_camera_msgs/lib/python3.10/site-packages:/home/ueshiba/ros2_ws/install/aist_handeye_calibration/lib/python3.10/site-packages:/home/ueshiba/ros2_ws/install/aist_camera_multiplexer/lib/python3.10/site-packages:/home/ueshiba/ros2_ws/install/aruco_msgs/lib/python3.10/site-packages:/home/ueshiba/ros2_ws/install/aist_handeye_calibration_msgs/lib/python3.10/site-packages:/home/ueshiba/ros2_ws/install/aist_aruco_msgs/lib/python3.10/site-packages:/opt/ros/rolling/lib/python3.10/site-packages /usr/bin/cmake --build /home/ueshiba/ros2_ws/build/cu_bridge -- -j24 -l24
[30.007s] Invoking command in '/home/ueshiba/ros2_ws/build/cu_bridge': CMAKE_PREFIX_PATH=/home/ueshiba/ros2_ws/install/aist_utility:/home/ueshiba/ros2_ws/install/ddynamic_reconfigure2:/home/ueshiba/ros2_ws/install/aist_msgs:/home/ueshiba/ros2_ws/install/ur_simulation_gz:/home/ueshiba/ros2_ws/install/realsense2_description:/home/ueshiba/ros2_ws/install/realsense2_camera:/home/ueshiba/ros2_ws/install/realsense2_camera_msgs:/home/ueshiba/ros2_ws/install/cu_bridge:/home/ueshiba/ros2_ws/install/aist_handeye_calibration:/home/ueshiba/ros2_ws/install/aist_aruco_ros:/home/ueshiba/ros2_ws/install/aist_phoxi_camera:/home/ueshiba/ros2_ws/install/aist_camera_multiplexer:/home/ueshiba/ros2_ws/install/aruco_ros:/home/ueshiba/ros2_ws/install/aruco_msgs:/home/ueshiba/ros2_ws/install/aruco:/home/ueshiba/ros2_ws/install/aist_handeye_calibration_msgs:/home/ueshiba/ros2_ws/install/aist_description:/home/ueshiba/ros2_ws/install/aist_aruco_msgs:/home/ueshiba/ros2_ws/install/rqt_reconfigure:/opt/ros/rolling LD_LIBRARY_PATH=/home/ueshiba/ros2_ws/install/aist_utility/lib:/home/ueshiba/ros2_ws/install/aist_msgs/lib:/home/ueshiba/ros2_ws/install/realsense2_camera/lib:/home/ueshiba/ros2_ws/install/realsense2_camera_msgs/lib:/home/ueshiba/ros2_ws/install/cu_bridge/lib:/home/ueshiba/ros2_ws/install/aist_handeye_calibration/lib:/home/ueshiba/ros2_ws/install/aist_aruco_ros/lib:/home/ueshiba/ros2_ws/install/aist_phoxi_camera/lib:/home/ueshiba/ros2_ws/install/aist_camera_multiplexer/lib:/home/ueshiba/ros2_ws/install/ddynamic_reconfigure2/lib:/home/ueshiba/ros2_ws/install/aruco_ros/lib:/home/ueshiba/ros2_ws/install/aruco_msgs/lib:/home/ueshiba/ros2_ws/install/aruco/lib:/home/ueshiba/ros2_ws/install/aist_handeye_calibration_msgs/lib:/home/ueshiba/ros2_ws/install/aist_aruco_msgs/lib:/opt/ros/rolling/opt/rviz_ogre_vendor/lib:/opt/ros/rolling/lib/x86_64-linux-gnu:/opt/ros/rolling/lib:/usr/local/lib:/usr/lib64:/usr/local/cuda-12.5/lib64:/opt/Photoneo/PhoXiControl-1.13.1/API/lib PS1=\[\e]0;\u@\h: \w\a\]\h% PYTHONPATH=/home/ueshiba/ros2_ws/install/ddynamic_reconfigure2/lib/python3.10/site-packages:/home/ueshiba/ros2_ws/install/aist_msgs/lib/python3.10/site-packages:/home/ueshiba/ros2_ws/build/rqt_reconfigure/src:/home/ueshiba/ros2_ws/install/rqt_reconfigure/lib/python3.10/site-packages:/home/ueshiba/ros2_ws/install/realsense2_camera_msgs/lib/python3.10/site-packages:/home/ueshiba/ros2_ws/install/aist_handeye_calibration/lib/python3.10/site-packages:/home/ueshiba/ros2_ws/install/aist_camera_multiplexer/lib/python3.10/site-packages:/home/ueshiba/ros2_ws/install/aruco_msgs/lib/python3.10/site-packages:/home/ueshiba/ros2_ws/install/aist_handeye_calibration_msgs/lib/python3.10/site-packages:/home/ueshiba/ros2_ws/install/aist_aruco_msgs/lib/python3.10/site-packages:/opt/ros/rolling/lib/python3.10/site-packages /usr/bin/cmake --install /home/ueshiba/ros2_ws/build/cu_bridge
[30.016s] -- Install configuration: "Release"
[30.017s] -- Execute custom install script
[30.018s] -- Up-to-date symlink: /home/ueshiba/ros2_ws/install/cu_bridge/include/cu_bridge/cu_bridge.hpp
[30.018s] -- Up-to-date symlink: /home/ueshiba/ros2_ws/install/cu_bridge/share/cu_bridge//launch/phoxi.rviz
[30.018s] -- Up-to-date symlink: /home/ueshiba/ros2_ws/install/cu_bridge/share/cu_bridge//launch/realsense.rviz
[30.018s] -- Up-to-date symlink: /home/ueshiba/ros2_ws/install/cu_bridge/share/cu_bridge//launch/test.launch.py
[30.018s] -- Up-to-date symlink: /home/ueshiba/ros2_ws/install/cu_bridge/share/cu_bridge/environment/library_path.sh
[30.018s] -- Up-to-date symlink: /home/ueshiba/ros2_ws/install/cu_bridge/share/cu_bridge/environment/library_path.dsv
[30.018s] -- Up-to-date symlink: /home/ueshiba/ros2_ws/install/cu_bridge/share/ament_index/resource_index/package_run_dependencies/cu_bridge
[30.018s] -- Up-to-date symlink: /home/ueshiba/ros2_ws/install/cu_bridge/share/ament_index/resource_index/parent_prefix_path/cu_bridge
[30.019s] -- Up-to-date symlink: /home/ueshiba/ros2_ws/install/cu_bridge/share/cu_bridge/environment/ament_prefix_path.sh
[30.019s] -- Up-to-date symlink: /home/ueshiba/ros2_ws/install/cu_bridge/share/cu_bridge/environment/ament_prefix_path.dsv
[30.019s] -- Up-to-date symlink: /home/ueshiba/ros2_ws/install/cu_bridge/share/cu_bridge/environment/path.sh
[30.019s] -- Up-to-date symlink: /home/ueshiba/ros2_ws/install/cu_bridge/share/cu_bridge/environment/path.dsv
[30.019s] -- Up-to-date symlink: /home/ueshiba/ros2_ws/install/cu_bridge/share/cu_bridge/local_setup.bash
[30.020s] -- Up-to-date symlink: /home/ueshiba/ros2_ws/install/cu_bridge/share/cu_bridge/local_setup.sh
[30.020s] -- Up-to-date symlink: /home/ueshiba/ros2_ws/install/cu_bridge/share/cu_bridge/local_setup.zsh
[30.020s] -- Up-to-date symlink: /home/ueshiba/ros2_ws/install/cu_bridge/share/cu_bridge/local_setup.dsv
[30.020s] -- Symlinking: /home/ueshiba/ros2_ws/install/cu_bridge/share/cu_bridge/package.dsv
[30.030s] -- Up-to-date symlink: /home/ueshiba/ros2_ws/install/cu_bridge/share/ament_index/resource_index/packages/cu_bridge
[30.030s] -- Up-to-date symlink: /home/ueshiba/ros2_ws/install/cu_bridge/share/ament_index/resource_index/rclcpp_components/cu_bridge
[30.031s] -- Up-to-date symlink: /home/ueshiba/ros2_ws/install/cu_bridge/share/cu_bridge/cmake/ament_cmake_export_libraries-extras.cmake
[30.031s] -- Up-to-date symlink: /home/ueshiba/ros2_ws/install/cu_bridge/share/cu_bridge/cmake/cu_bridgeConfig.cmake
[30.031s] -- Up-to-date symlink: /home/ueshiba/ros2_ws/install/cu_bridge/share/cu_bridge/cmake/cu_bridgeConfig-version.cmake
[30.031s] -- Up-to-date symlink: /home/ueshiba/ros2_ws/install/cu_bridge/share/cu_bridge/package.xml
[30.032s] -- Installing: /home/ueshiba/ros2_ws/install/cu_bridge/lib/libcu_bridge.so
[30.040s] Invoked command in '/home/ueshiba/ros2_ws/build/cu_bridge' returned '0': CMAKE_PREFIX_PATH=/home/ueshiba/ros2_ws/install/aist_utility:/home/ueshiba/ros2_ws/install/ddynamic_reconfigure2:/home/ueshiba/ros2_ws/install/aist_msgs:/home/ueshiba/ros2_ws/install/ur_simulation_gz:/home/ueshiba/ros2_ws/install/realsense2_description:/home/ueshiba/ros2_ws/install/realsense2_camera:/home/ueshiba/ros2_ws/install/realsense2_camera_msgs:/home/ueshiba/ros2_ws/install/cu_bridge:/home/ueshiba/ros2_ws/install/aist_handeye_calibration:/home/ueshiba/ros2_ws/install/aist_aruco_ros:/home/ueshiba/ros2_ws/install/aist_phoxi_camera:/home/ueshiba/ros2_ws/install/aist_camera_multiplexer:/home/ueshiba/ros2_ws/install/aruco_ros:/home/ueshiba/ros2_ws/install/aruco_msgs:/home/ueshiba/ros2_ws/install/aruco:/home/ueshiba/ros2_ws/install/aist_handeye_calibration_msgs:/home/ueshiba/ros2_ws/install/aist_description:/home/ueshiba/ros2_ws/install/aist_aruco_msgs:/home/ueshiba/ros2_ws/install/rqt_reconfigure:/opt/ros/rolling LD_LIBRARY_PATH=/home/ueshiba/ros2_ws/install/aist_utility/lib:/home/ueshiba/ros2_ws/install/aist_msgs/lib:/home/ueshiba/ros2_ws/install/realsense2_camera/lib:/home/ueshiba/ros2_ws/install/realsense2_camera_msgs/lib:/home/ueshiba/ros2_ws/install/cu_bridge/lib:/home/ueshiba/ros2_ws/install/aist_handeye_calibration/lib:/home/ueshiba/ros2_ws/install/aist_aruco_ros/lib:/home/ueshiba/ros2_ws/install/aist_phoxi_camera/lib:/home/ueshiba/ros2_ws/install/aist_camera_multiplexer/lib:/home/ueshiba/ros2_ws/install/ddynamic_reconfigure2/lib:/home/ueshiba/ros2_ws/install/aruco_ros/lib:/home/ueshiba/ros2_ws/install/aruco_msgs/lib:/home/ueshiba/ros2_ws/install/aruco/lib:/home/ueshiba/ros2_ws/install/aist_handeye_calibration_msgs/lib:/home/ueshiba/ros2_ws/install/aist_aruco_msgs/lib:/opt/ros/rolling/opt/rviz_ogre_vendor/lib:/opt/ros/rolling/lib/x86_64-linux-gnu:/opt/ros/rolling/lib:/usr/local/lib:/usr/lib64:/usr/local/cuda-12.5/lib64:/opt/Photoneo/PhoXiControl-1.13.1/API/lib PS1=\[\e]0;\u@\h: \w\a\]\h% PYTHONPATH=/home/ueshiba/ros2_ws/install/ddynamic_reconfigure2/lib/python3.10/site-packages:/home/ueshiba/ros2_ws/install/aist_msgs/lib/python3.10/site-packages:/home/ueshiba/ros2_ws/build/rqt_reconfigure/src:/home/ueshiba/ros2_ws/install/rqt_reconfigure/lib/python3.10/site-packages:/home/ueshiba/ros2_ws/install/realsense2_camera_msgs/lib/python3.10/site-packages:/home/ueshiba/ros2_ws/install/aist_handeye_calibration/lib/python3.10/site-packages:/home/ueshiba/ros2_ws/install/aist_camera_multiplexer/lib/python3.10/site-packages:/home/ueshiba/ros2_ws/install/aruco_msgs/lib/python3.10/site-packages:/home/ueshiba/ros2_ws/install/aist_handeye_calibration_msgs/lib/python3.10/site-packages:/home/ueshiba/ros2_ws/install/aist_aruco_msgs/lib/python3.10/site-packages:/opt/ros/rolling/lib/python3.10/site-packages /usr/bin/cmake --install /home/ueshiba/ros2_ws/build/cu_bridge
