[0.007s] Invoking command in '/home/ueshiba/ros2_ws/build/aist_camera_multiplexer': CMAKE_PREFIX_PATH=/home/ueshiba/ros2_ws/install/ddynamic_reconfigure2:/home/ueshiba/ros2_ws/install/ur_simulation_gz:/home/ueshiba/ros2_ws/install/realsense2_description:/home/ueshiba/ros2_ws/install/realsense2_camera:/home/ueshiba/ros2_ws/install/realsense2_camera_msgs:/home/ueshiba/ros2_ws/install/cu_bridge:/home/ueshiba/ros2_ws/install/aist_handeye_calibration:/home/ueshiba/ros2_ws/install/aist_aruco_ros:/home/ueshiba/ros2_ws/install/aist_utility:/home/ueshiba/ros2_ws/install/aist_phoxi_camera:/home/ueshiba/ros2_ws/install/aist_camera_multiplexer:/home/ueshiba/ros2_ws/install/aruco_ros:/home/ueshiba/ros2_ws/install/aruco_msgs:/home/ueshiba/ros2_ws/install/aruco:/home/ueshiba/ros2_ws/install/aist_msgs:/home/ueshiba/ros2_ws/install/aist_handeye_calibration_msgs:/home/ueshiba/ros2_ws/install/aist_description:/home/ueshiba/ros2_ws/install/aist_aruco_msgs:/home/ueshiba/ros2_ws/install/rqt_reconfigure:/opt/ros/rolling PS1=\[\e]0;\u@\h: \w\a\]\h% PYTHONPATH=/home/ueshiba/ros2_ws/install/ddynamic_reconfigure2/lib/python3.10/site-packages:/home/ueshiba/ros2_ws/build/rqt_reconfigure/src:/home/ueshiba/ros2_ws/install/rqt_reconfigure/lib/python3.10/site-packages:/home/ueshiba/ros2_ws/install/realsense2_camera_msgs/lib/python3.10/site-packages:/home/ueshiba/ros2_ws/install/aist_handeye_calibration/lib/python3.10/site-packages:/home/ueshiba/ros2_ws/install/aist_camera_multiplexer/lib/python3.10/site-packages:/home/ueshiba/ros2_ws/install/aruco_msgs/lib/python3.10/site-packages:/home/ueshiba/ros2_ws/install/aist_msgs/lib/python3.10/site-packages:/home/ueshiba/ros2_ws/install/aist_handeye_calibration_msgs/lib/python3.10/site-packages:/home/ueshiba/ros2_ws/install/aist_aruco_msgs/lib/python3.10/site-packages:/opt/ros/rolling/lib/python3.10/site-packages /usr/bin/cmake --build /home/ueshiba/ros2_ws/build/aist_camera_multiplexer -- -j24 -l24
[0.036s] [35m[1mConsolidate compiler generated dependencies of target aist_camera_multiplexer[0m
[0.036s] [35m[1mConsolidate compiler generated dependencies of target aist_camera_multiplexer_node[0m
[0.051s] [  0%] Built target ament_cmake_python_symlink_aist_camera_multiplexer
[0.055s] [ 50%] Built target aist_camera_multiplexer
[0.056s] [100%] Built target aist_camera_multiplexer_node
[0.187s] running egg_info
[0.187s] writing aist_camera_multiplexer.egg-info/PKG-INFO
[0.187s] writing dependency_links to aist_camera_multiplexer.egg-info/dependency_links.txt
[0.187s] writing top-level names to aist_camera_multiplexer.egg-info/top_level.txt
[0.188s] reading manifest file 'aist_camera_multiplexer.egg-info/SOURCES.txt'
[0.189s] writing manifest file 'aist_camera_multiplexer.egg-info/SOURCES.txt'
[0.203s] [100%] Built target ament_cmake_python_build_aist_camera_multiplexer_egg
[0.210s] Invoked command in '/home/ueshiba/ros2_ws/build/aist_camera_multiplexer' returned '0': CMAKE_PREFIX_PATH=/home/ueshiba/ros2_ws/install/ddynamic_reconfigure2:/home/ueshiba/ros2_ws/install/ur_simulation_gz:/home/ueshiba/ros2_ws/install/realsense2_description:/home/ueshiba/ros2_ws/install/realsense2_camera:/home/ueshiba/ros2_ws/install/realsense2_camera_msgs:/home/ueshiba/ros2_ws/install/cu_bridge:/home/ueshiba/ros2_ws/install/aist_handeye_calibration:/home/ueshiba/ros2_ws/install/aist_aruco_ros:/home/ueshiba/ros2_ws/install/aist_utility:/home/ueshiba/ros2_ws/install/aist_phoxi_camera:/home/ueshiba/ros2_ws/install/aist_camera_multiplexer:/home/ueshiba/ros2_ws/install/aruco_ros:/home/ueshiba/ros2_ws/install/aruco_msgs:/home/ueshiba/ros2_ws/install/aruco:/home/ueshiba/ros2_ws/install/aist_msgs:/home/ueshiba/ros2_ws/install/aist_handeye_calibration_msgs:/home/ueshiba/ros2_ws/install/aist_description:/home/ueshiba/ros2_ws/install/aist_aruco_msgs:/home/ueshiba/ros2_ws/install/rqt_reconfigure:/opt/ros/rolling PS1=\[\e]0;\u@\h: \w\a\]\h% PYTHONPATH=/home/ueshiba/ros2_ws/install/ddynamic_reconfigure2/lib/python3.10/site-packages:/home/ueshiba/ros2_ws/build/rqt_reconfigure/src:/home/ueshiba/ros2_ws/install/rqt_reconfigure/lib/python3.10/site-packages:/home/ueshiba/ros2_ws/install/realsense2_camera_msgs/lib/python3.10/site-packages:/home/ueshiba/ros2_ws/install/aist_handeye_calibration/lib/python3.10/site-packages:/home/ueshiba/ros2_ws/install/aist_camera_multiplexer/lib/python3.10/site-packages:/home/ueshiba/ros2_ws/install/aruco_msgs/lib/python3.10/site-packages:/home/ueshiba/ros2_ws/install/aist_msgs/lib/python3.10/site-packages:/home/ueshiba/ros2_ws/install/aist_handeye_calibration_msgs/lib/python3.10/site-packages:/home/ueshiba/ros2_ws/install/aist_aruco_msgs/lib/python3.10/site-packages:/opt/ros/rolling/lib/python3.10/site-packages /usr/bin/cmake --build /home/ueshiba/ros2_ws/build/aist_camera_multiplexer -- -j24 -l24
[0.230s] Invoking command in '/home/ueshiba/ros2_ws/build/aist_camera_multiplexer': CMAKE_PREFIX_PATH=/home/ueshiba/ros2_ws/install/ddynamic_reconfigure2:/home/ueshiba/ros2_ws/install/ur_simulation_gz:/home/ueshiba/ros2_ws/install/realsense2_description:/home/ueshiba/ros2_ws/install/realsense2_camera:/home/ueshiba/ros2_ws/install/realsense2_camera_msgs:/home/ueshiba/ros2_ws/install/cu_bridge:/home/ueshiba/ros2_ws/install/aist_handeye_calibration:/home/ueshiba/ros2_ws/install/aist_aruco_ros:/home/ueshiba/ros2_ws/install/aist_utility:/home/ueshiba/ros2_ws/install/aist_phoxi_camera:/home/ueshiba/ros2_ws/install/aist_camera_multiplexer:/home/ueshiba/ros2_ws/install/aruco_ros:/home/ueshiba/ros2_ws/install/aruco_msgs:/home/ueshiba/ros2_ws/install/aruco:/home/ueshiba/ros2_ws/install/aist_msgs:/home/ueshiba/ros2_ws/install/aist_handeye_calibration_msgs:/home/ueshiba/ros2_ws/install/aist_description:/home/ueshiba/ros2_ws/install/aist_aruco_msgs:/home/ueshiba/ros2_ws/install/rqt_reconfigure:/opt/ros/rolling PS1=\[\e]0;\u@\h: \w\a\]\h% PYTHONPATH=/home/ueshiba/ros2_ws/install/ddynamic_reconfigure2/lib/python3.10/site-packages:/home/ueshiba/ros2_ws/build/rqt_reconfigure/src:/home/ueshiba/ros2_ws/install/rqt_reconfigure/lib/python3.10/site-packages:/home/ueshiba/ros2_ws/install/realsense2_camera_msgs/lib/python3.10/site-packages:/home/ueshiba/ros2_ws/install/aist_handeye_calibration/lib/python3.10/site-packages:/home/ueshiba/ros2_ws/install/aist_camera_multiplexer/lib/python3.10/site-packages:/home/ueshiba/ros2_ws/install/aruco_msgs/lib/python3.10/site-packages:/home/ueshiba/ros2_ws/install/aist_msgs/lib/python3.10/site-packages:/home/ueshiba/ros2_ws/install/aist_handeye_calibration_msgs/lib/python3.10/site-packages:/home/ueshiba/ros2_ws/install/aist_aruco_msgs/lib/python3.10/site-packages:/opt/ros/rolling/lib/python3.10/site-packages /usr/bin/cmake --install /home/ueshiba/ros2_ws/build/aist_camera_multiplexer
[0.235s] -- Install configuration: ""
[0.236s] -- Execute custom install script
[0.236s] -- Up-to-date symlink: /home/ueshiba/ros2_ws/install/aist_camera_multiplexer/lib/aist_camera_multiplexer/aist_camera_multiplexer_node
[0.236s] -- Up-to-date symlink: /home/ueshiba/ros2_ws/install/aist_camera_multiplexer/lib/libaist_camera_multiplexer.so
[0.236s] -- Up-to-date symlink: /home/ueshiba/ros2_ws/install/aist_camera_multiplexer/share/aist_camera_multiplexer//launch/realsense.launch
[0.236s] -- Up-to-date symlink: /home/ueshiba/ros2_ws/install/aist_camera_multiplexer/share/aist_camera_multiplexer//launch/test.rviz
[0.236s] -- Up-to-date symlink: /home/ueshiba/ros2_ws/install/aist_camera_multiplexer/share/aist_camera_multiplexer/environment/pythonpath.sh
[0.237s] -- Up-to-date symlink: /home/ueshiba/ros2_ws/install/aist_camera_multiplexer/share/aist_camera_multiplexer/environment/pythonpath.dsv
[0.237s] -- Up-to-date symlink: /home/ueshiba/ros2_ws/install/aist_camera_multiplexer/lib/python3.10/site-packages/aist_camera_multiplexer-1.0.0-py3.10.egg-info/PKG-INFO
[0.237s] -- Up-to-date symlink: /home/ueshiba/ros2_ws/install/aist_camera_multiplexer/lib/python3.10/site-packages/aist_camera_multiplexer-1.0.0-py3.10.egg-info/SOURCES.txt
[0.237s] -- Up-to-date symlink: /home/ueshiba/ros2_ws/install/aist_camera_multiplexer/lib/python3.10/site-packages/aist_camera_multiplexer-1.0.0-py3.10.egg-info/dependency_links.txt
[0.237s] -- Up-to-date symlink: /home/ueshiba/ros2_ws/install/aist_camera_multiplexer/lib/python3.10/site-packages/aist_camera_multiplexer-1.0.0-py3.10.egg-info/top_level.txt
[0.237s] -- Up-to-date symlink: /home/ueshiba/ros2_ws/install/aist_camera_multiplexer/lib/python3.10/site-packages/aist_camera_multiplexer/__init__.py
[0.238s] -- Up-to-date symlink: /home/ueshiba/ros2_ws/install/aist_camera_multiplexer/lib/aist_camera_multiplexer/drealsense.py
[0.238s] -- Up-to-date symlink: /home/ueshiba/ros2_ws/install/aist_camera_multiplexer/lib/aist_camera_multiplexer/select_camera.py
[0.238s] -- Up-to-date symlink: /home/ueshiba/ros2_ws/install/aist_camera_multiplexer/lib/aist_camera_multiplexer/select_realsense_camera.py
[0.238s] -- Up-to-date symlink: /home/ueshiba/ros2_ws/install/aist_camera_multiplexer/share/aist_camera_multiplexer/environment/library_path.sh
[0.238s] -- Up-to-date symlink: /home/ueshiba/ros2_ws/install/aist_camera_multiplexer/share/aist_camera_multiplexer/environment/library_path.dsv
[0.238s] -- Up-to-date symlink: /home/ueshiba/ros2_ws/install/aist_camera_multiplexer/share/ament_index/resource_index/package_run_dependencies/aist_camera_multiplexer
[0.239s] -- Up-to-date symlink: /home/ueshiba/ros2_ws/install/aist_camera_multiplexer/share/ament_index/resource_index/parent_prefix_path/aist_camera_multiplexer
[0.239s] -- Up-to-date symlink: /home/ueshiba/ros2_ws/install/aist_camera_multiplexer/share/aist_camera_multiplexer/environment/ament_prefix_path.sh
[0.239s] -- Up-to-date symlink: /home/ueshiba/ros2_ws/install/aist_camera_multiplexer/share/aist_camera_multiplexer/environment/ament_prefix_path.dsv
[0.239s] -- Up-to-date symlink: /home/ueshiba/ros2_ws/install/aist_camera_multiplexer/share/aist_camera_multiplexer/environment/path.sh
[0.239s] -- Up-to-date symlink: /home/ueshiba/ros2_ws/install/aist_camera_multiplexer/share/aist_camera_multiplexer/environment/path.dsv
[0.239s] -- Up-to-date symlink: /home/ueshiba/ros2_ws/install/aist_camera_multiplexer/share/aist_camera_multiplexer/local_setup.bash
[0.239s] -- Up-to-date symlink: /home/ueshiba/ros2_ws/install/aist_camera_multiplexer/share/aist_camera_multiplexer/local_setup.sh
[0.239s] -- Up-to-date symlink: /home/ueshiba/ros2_ws/install/aist_camera_multiplexer/share/aist_camera_multiplexer/local_setup.zsh
[0.239s] -- Up-to-date symlink: /home/ueshiba/ros2_ws/install/aist_camera_multiplexer/share/aist_camera_multiplexer/local_setup.dsv
[0.240s] -- Symlinking: /home/ueshiba/ros2_ws/install/aist_camera_multiplexer/share/aist_camera_multiplexer/package.dsv
[0.246s] -- Up-to-date symlink: /home/ueshiba/ros2_ws/install/aist_camera_multiplexer/share/ament_index/resource_index/packages/aist_camera_multiplexer
[0.246s] -- Up-to-date symlink: /home/ueshiba/ros2_ws/install/aist_camera_multiplexer/share/ament_index/resource_index/rclcpp_components/aist_camera_multiplexer
[0.246s] -- Up-to-date symlink: /home/ueshiba/ros2_ws/install/aist_camera_multiplexer/share/aist_camera_multiplexer/cmake/ament_cmake_export_libraries-extras.cmake
[0.246s] -- Up-to-date symlink: /home/ueshiba/ros2_ws/install/aist_camera_multiplexer/share/aist_camera_multiplexer/cmake/aist_camera_multiplexerConfig.cmake
[0.246s] -- Up-to-date symlink: /home/ueshiba/ros2_ws/install/aist_camera_multiplexer/share/aist_camera_multiplexer/cmake/aist_camera_multiplexerConfig-version.cmake
[0.247s] -- Up-to-date symlink: /home/ueshiba/ros2_ws/install/aist_camera_multiplexer/share/aist_camera_multiplexer/package.xml
[0.267s] Listing '/home/ueshiba/ros2_ws/install/aist_camera_multiplexer/lib/python3.10/site-packages/aist_camera_multiplexer'...
[0.271s] Invoked command in '/home/ueshiba/ros2_ws/build/aist_camera_multiplexer' returned '0': CMAKE_PREFIX_PATH=/home/ueshiba/ros2_ws/install/ddynamic_reconfigure2:/home/ueshiba/ros2_ws/install/ur_simulation_gz:/home/ueshiba/ros2_ws/install/realsense2_description:/home/ueshiba/ros2_ws/install/realsense2_camera:/home/ueshiba/ros2_ws/install/realsense2_camera_msgs:/home/ueshiba/ros2_ws/install/cu_bridge:/home/ueshiba/ros2_ws/install/aist_handeye_calibration:/home/ueshiba/ros2_ws/install/aist_aruco_ros:/home/ueshiba/ros2_ws/install/aist_utility:/home/ueshiba/ros2_ws/install/aist_phoxi_camera:/home/ueshiba/ros2_ws/install/aist_camera_multiplexer:/home/ueshiba/ros2_ws/install/aruco_ros:/home/ueshiba/ros2_ws/install/aruco_msgs:/home/ueshiba/ros2_ws/install/aruco:/home/ueshiba/ros2_ws/install/aist_msgs:/home/ueshiba/ros2_ws/install/aist_handeye_calibration_msgs:/home/ueshiba/ros2_ws/install/aist_description:/home/ueshiba/ros2_ws/install/aist_aruco_msgs:/home/ueshiba/ros2_ws/install/rqt_reconfigure:/opt/ros/rolling PS1=\[\e]0;\u@\h: \w\a\]\h% PYTHONPATH=/home/ueshiba/ros2_ws/install/ddynamic_reconfigure2/lib/python3.10/site-packages:/home/ueshiba/ros2_ws/build/rqt_reconfigure/src:/home/ueshiba/ros2_ws/install/rqt_reconfigure/lib/python3.10/site-packages:/home/ueshiba/ros2_ws/install/realsense2_camera_msgs/lib/python3.10/site-packages:/home/ueshiba/ros2_ws/install/aist_handeye_calibration/lib/python3.10/site-packages:/home/ueshiba/ros2_ws/install/aist_camera_multiplexer/lib/python3.10/site-packages:/home/ueshiba/ros2_ws/install/aruco_msgs/lib/python3.10/site-packages:/home/ueshiba/ros2_ws/install/aist_msgs/lib/python3.10/site-packages:/home/ueshiba/ros2_ws/install/aist_handeye_calibration_msgs/lib/python3.10/site-packages:/home/ueshiba/ros2_ws/install/aist_aruco_msgs/lib/python3.10/site-packages:/opt/ros/rolling/lib/python3.10/site-packages /usr/bin/cmake --install /home/ueshiba/ros2_ws/build/aist_camera_multiplexer
